2019-07-17 08:27:47,914 - BDM-WAM 1563348467.8985984 - INFO - <Event(17-VideoExpose {})>
2019-07-17 08:27:48,995 - BDM-WAM 1563348467.8985984 - INFO - <Event(16-VideoResize {'size': (800, 600), 'w': 800, 'h': 600})>
2019-07-17 08:27:48,996 - BDM-WAM 1563348467.8985984 - INFO - <Event(1-ActiveEvent {'gain': 0, 'state': 1})>
2019-07-17 08:27:48,997 - BDM-WAM 1563348467.8985984 - INFO - <Event(4-MouseMotion {'pos': (416, 252), 'rel': (417, 253), 'buttons': (0, 0, 0), 'window': None})>
2019-07-17 08:27:49,111 - BDM-WAM 1563348467.8985984 - INFO - <Event(3-KeyUp {'key': 99, 'mod': 0, 'scancode': 46, 'window': None})>
2019-07-17 08:27:50,688 - BDM-WAM 1563348467.8985984 - INFO - <Event(1-ActiveEvent {'gain': 1, 'state': 1})>
2019-07-17 08:27:50,688 - BDM-WAM 1563348467.8985984 - INFO - <Event(4-MouseMotion {'pos': (443, 249), 'rel': (27, -3), 'buttons': (0, 0, 0), 'window': None})>
2019-07-17 08:27:50,704 - BDM-WAM 1563348467.8985984 - INFO - <Event(4-MouseMotion {'pos': (522, 245), 'rel': (79, -4), 'buttons': (0, 0, 0), 'window': None})>
2019-07-17 08:27:50,721 - BDM-WAM 1563348467.8985984 - INFO - <Event(4-MouseMotion {'pos': (583, 248), 'rel': (61, 3), 'buttons': (0, 0, 0), 'window': None})>
2019-07-17 08:27:50,737 - BDM-WAM 1563348467.8985984 - INFO - <Event(4-MouseMotion {'pos': (620, 249), 'rel': (37, 1), 'buttons': (0, 0, 0), 'window': None})>
2019-07-17 08:27:50,757 - BDM-WAM 1563348467.8985984 - INFO - <Event(4-MouseMotion {'pos': (656, 253), 'rel': (36, 4), 'buttons': (0, 0, 0), 'window': None})>
2019-07-17 08:27:50,771 - BDM-WAM 1563348467.8985984 - INFO - <Event(4-MouseMotion {'pos': (666, 256), 'rel': (10, 3), 'buttons': (0, 0, 0), 'window': None})>
2019-07-17 08:27:50,788 - BDM-WAM 1563348467.8985984 - INFO - <Event(4-MouseMotion {'pos': (671, 257), 'rel': (5, 1), 'buttons': (0, 0, 0), 'window': None})>
2019-07-17 08:27:50,805 - BDM-WAM 1563348467.8985984 - INFO - <Event(4-MouseMotion {'pos': (672, 257), 'rel': (1, 0), 'buttons': (0, 0, 0), 'window': None})>
2019-07-17 08:27:50,824 - BDM-WAM 1563348467.8985984 - INFO - <Event(4-MouseMotion {'pos': (674, 257), 'rel': (2, 0), 'buttons': (0, 0, 0), 'window': None})>
2019-07-17 08:27:50,840 - BDM-WAM 1563348467.8985984 - INFO - <Event(4-MouseMotion {'pos': (676, 257), 'rel': (2, 0), 'buttons': (0, 0, 0), 'window': None})>
2019-07-17 08:27:50,894 - BDM-WAM 1563348467.8985984 - INFO - <Event(4-MouseMotion {'pos': (676, 266), 'rel': (0, 9), 'buttons': (0, 0, 0), 'window': None})>
2019-07-17 08:27:50,912 - BDM-WAM 1563348467.8985984 - INFO - <Event(4-MouseMotion {'pos': (676, 274), 'rel': (0, 8), 'buttons': (0, 0, 0), 'window': None})>
2019-07-17 08:27:50,931 - BDM-WAM 1563348467.8985984 - INFO - <Event(4-MouseMotion {'pos': (676, 283), 'rel': (0, 9), 'buttons': (0, 0, 0), 'window': None})>
2019-07-17 08:27:50,950 - BDM-WAM 1563348467.8985984 - INFO - <Event(4-MouseMotion {'pos': (672, 291), 'rel': (-4, 8), 'buttons': (0, 0, 0), 'window': None})>
2019-07-17 08:27:51,008 - BDM-WAM 1563348467.8985984 - INFO - <Event(4-MouseMotion {'pos': (657, 308), 'rel': (-15, 17), 'buttons': (0, 0, 0), 'window': None})>
2019-07-17 08:27:51,027 - BDM-WAM 1563348467.8985984 - INFO - <Event(4-MouseMotion {'pos': (649, 313), 'rel': (-8, 5), 'buttons': (0, 0, 0), 'window': None})>
2019-07-17 08:27:51,045 - BDM-WAM 1563348467.8985984 - INFO - <Event(4-MouseMotion {'pos': (642, 316), 'rel': (-7, 3), 'buttons': (0, 0, 0), 'window': None})>
2019-07-17 08:27:51,135 - BDM-WAM 1563348467.8985984 - INFO - <Event(5-MouseButtonDown {'pos': (642, 316), 'button': 1, 'window': None})>
2019-07-17 08:27:51,250 - BDM-WAM 1563348467.8985984 - INFO - <Event(6-MouseButtonUp {'pos': (642, 316), 'button': 1, 'window': None})>
2019-07-17 08:27:51,994 - BDM-WAM 1563348467.8985984 - INFO - <Event(2-KeyDown {'unicode': 'p', 'key': 112, 'mod': 0, 'scancode': 25, 'window': None})>
