2019-07-17 08:30:42,466 - BDM-WAM 1563348642.4478228 - INFO - <Event(17-VideoExpose {})>
2019-07-17 08:30:42,923 - BDM-WAM 1563348642.4478228 - INFO - <Event(16-VideoResize {'size': (800, 600), 'w': 800, 'h': 600})>
2019-07-17 08:30:42,923 - BDM-WAM 1563348642.4478228 - INFO - <Event(1-ActiveEvent {'gain': 0, 'state': 1})>
2019-07-17 08:30:42,924 - BDM-WAM 1563348642.4478228 - INFO - <Event(4-MouseMotion {'pos': (482, 232), 'rel': (483, 233), 'buttons': (0, 0, 0), 'window': None})>
2019-07-17 08:30:42,924 - BDM-WAM 1563348642.4478228 - INFO - <Event(1-ActiveEvent {'gain': 1, 'state': 1})>
2019-07-17 08:30:42,934 - BDM-WAM 1563348642.4478228 - INFO - <Event(4-MouseMotion {'pos': (486, 239), 'rel': (4, 7), 'buttons': (0, 0, 0), 'window': None})>
2019-07-17 08:30:42,935 - BDM-WAM 1563348642.4478228 - INFO - <Event(4-MouseMotion {'pos': (458, 248), 'rel': (-28, 9), 'buttons': (0, 0, 0), 'window': None})>
2019-07-17 08:30:43,046 - BDM-WAM 1563348642.4478228 - INFO - <Event(3-KeyUp {'key': 99, 'mod': 0, 'scancode': 46, 'window': None})>
2019-07-17 08:30:44,374 - BDM-WAM 1563348642.4478228 - INFO - <Event(4-MouseMotion {'pos': (799, 271), 'rel': (361, 10), 'buttons': (0, 0, 0), 'window': None})>
2019-07-17 08:30:44,391 - BDM-WAM 1563348642.4478228 - INFO - <Event(1-ActiveEvent {'gain': 0, 'state': 1})>
2019-07-17 08:30:44,477 - BDM-WAM 1563348642.4478228 - INFO - <Event(1-ActiveEvent {'gain': 1, 'state': 1})>
2019-07-17 08:30:44,477 - BDM-WAM 1563348642.4478228 - INFO - <Event(4-MouseMotion {'pos': (689, 479), 'rel': (-110, 208), 'buttons': (0, 0, 0), 'window': None})>
2019-07-17 08:30:44,496 - BDM-WAM 1563348642.4478228 - INFO - <Event(4-MouseMotion {'pos': (497, 545), 'rel': (-192, 66), 'buttons': (0, 0, 0), 'window': None})>
2019-07-17 08:30:44,510 - BDM-WAM 1563348642.4478228 - INFO - <Event(4-MouseMotion {'pos': (334, 596), 'rel': (-163, 51), 'buttons': (0, 0, 0), 'window': None})>
2019-07-17 08:30:44,526 - BDM-WAM 1563348642.4478228 - INFO - <Event(4-MouseMotion {'pos': (242, 599), 'rel': (-92, 3), 'buttons': (0, 0, 0), 'window': None})>
2019-07-17 08:30:44,543 - BDM-WAM 1563348642.4478228 - INFO - <Event(1-ActiveEvent {'gain': 0, 'state': 1})>
2019-07-17 08:30:44,596 - BDM-WAM 1563348642.4478228 - INFO - <Event(1-ActiveEvent {'gain': 1, 'state': 1})>
2019-07-17 08:30:44,597 - BDM-WAM 1563348642.4478228 - INFO - <Event(4-MouseMotion {'pos': (194, 586), 'rel': (-48, -13), 'buttons': (0, 0, 0), 'window': None})>
2019-07-17 08:30:44,612 - BDM-WAM 1563348642.4478228 - INFO - <Event(4-MouseMotion {'pos': (218, 561), 'rel': (24, -25), 'buttons': (0, 0, 0), 'window': None})>
2019-07-17 08:30:44,628 - BDM-WAM 1563348642.4478228 - INFO - <Event(4-MouseMotion {'pos': (274, 535), 'rel': (56, -26), 'buttons': (0, 0, 0), 'window': None})>
2019-07-17 08:30:44,644 - BDM-WAM 1563348642.4478228 - INFO - <Event(4-MouseMotion {'pos': (315, 530), 'rel': (41, -5), 'buttons': (0, 0, 0), 'window': None})>
2019-07-17 08:30:44,659 - BDM-WAM 1563348642.4478228 - INFO - <Event(4-MouseMotion {'pos': (340, 537), 'rel': (25, 7), 'buttons': (0, 0, 0), 'window': None})>
2019-07-17 08:30:44,677 - BDM-WAM 1563348642.4478228 - INFO - <Event(4-MouseMotion {'pos': (353, 546), 'rel': (13, 9), 'buttons': (0, 0, 0), 'window': None})>
2019-07-17 08:30:44,692 - BDM-WAM 1563348642.4478228 - INFO - <Event(4-MouseMotion {'pos': (362, 555), 'rel': (9, 9), 'buttons': (0, 0, 0), 'window': None})>
2019-07-17 08:30:44,708 - BDM-WAM 1563348642.4478228 - INFO - <Event(4-MouseMotion {'pos': (366, 566), 'rel': (4, 11), 'buttons': (0, 0, 0), 'window': None})>
2019-07-17 08:30:44,725 - BDM-WAM 1563348642.4478228 - INFO - <Event(4-MouseMotion {'pos': (368, 576), 'rel': (2, 10), 'buttons': (0, 0, 0), 'window': None})>
2019-07-17 08:30:44,742 - BDM-WAM 1563348642.4478228 - INFO - <Event(4-MouseMotion {'pos': (368, 590), 'rel': (0, 14), 'buttons': (0, 0, 0), 'window': None})>
2019-07-17 08:30:44,758 - BDM-WAM 1563348642.4478228 - INFO - <Event(4-MouseMotion {'pos': (367, 592), 'rel': (-1, 2), 'buttons': (0, 0, 0), 'window': None})>
2019-07-17 08:30:44,803 - BDM-WAM 1563348642.4478228 - INFO - <Event(4-MouseMotion {'pos': (350, 587), 'rel': (-17, -5), 'buttons': (0, 0, 0), 'window': None})>
2019-07-17 08:30:44,821 - BDM-WAM 1563348642.4478228 - INFO - <Event(4-MouseMotion {'pos': (332, 549), 'rel': (-18, -38), 'buttons': (0, 0, 0), 'window': None})>
2019-07-17 08:30:44,836 - BDM-WAM 1563348642.4478228 - INFO - <Event(4-MouseMotion {'pos': (322, 501), 'rel': (-10, -48), 'buttons': (0, 0, 0), 'window': None})>
2019-07-17 08:30:44,853 - BDM-WAM 1563348642.4478228 - INFO - <Event(4-MouseMotion {'pos': (319, 443), 'rel': (-3, -58), 'buttons': (0, 0, 0), 'window': None})>
2019-07-17 08:30:44,869 - BDM-WAM 1563348642.4478228 - INFO - <Event(4-MouseMotion {'pos': (324, 398), 'rel': (5, -45), 'buttons': (0, 0, 0), 'window': None})>
2019-07-17 08:30:44,912 - BDM-WAM 1563348642.4478228 - INFO - <Event(4-MouseMotion {'pos': (361, 340), 'rel': (37, -58), 'buttons': (0, 0, 0), 'window': None})>
2019-07-17 08:30:44,929 - BDM-WAM 1563348642.4478228 - INFO - <Event(4-MouseMotion {'pos': (389, 328), 'rel': (28, -12), 'buttons': (0, 0, 0), 'window': None})>
2019-07-17 08:30:44,946 - BDM-WAM 1563348642.4478228 - INFO - <Event(4-MouseMotion {'pos': (414, 327), 'rel': (25, -1), 'buttons': (0, 0, 0), 'window': None})>
2019-07-17 08:30:44,963 - BDM-WAM 1563348642.4478228 - INFO - <Event(4-MouseMotion {'pos': (432, 332), 'rel': (18, 5), 'buttons': (0, 0, 0), 'window': None})>
2019-07-17 08:30:44,979 - BDM-WAM 1563348642.4478228 - INFO - <Event(4-MouseMotion {'pos': (438, 335), 'rel': (6, 3), 'buttons': (0, 0, 0), 'window': None})>
2019-07-17 08:30:45,019 - BDM-WAM 1563348642.4478228 - INFO - <Event(4-MouseMotion {'pos': (442, 337), 'rel': (4, 2), 'buttons': (0, 0, 0), 'window': None})>
2019-07-17 08:30:45,053 - BDM-WAM 1563348642.4478228 - INFO - <Event(4-MouseMotion {'pos': (440, 339), 'rel': (-2, 2), 'buttons': (0, 0, 0), 'window': None})>
2019-07-17 08:30:45,069 - BDM-WAM 1563348642.4478228 - INFO - <Event(4-MouseMotion {'pos': (426, 342), 'rel': (-14, 3), 'buttons': (0, 0, 0), 'window': None})>
2019-07-17 08:30:45,086 - BDM-WAM 1563348642.4478228 - INFO - <Event(4-MouseMotion {'pos': (380, 346), 'rel': (-46, 4), 'buttons': (0, 0, 0), 'window': None})>
2019-07-17 08:30:45,103 - BDM-WAM 1563348642.4478228 - INFO - <Event(4-MouseMotion {'pos': (358, 342), 'rel': (-22, -4), 'buttons': (0, 0, 0), 'window': None})>
2019-07-17 08:30:45,120 - BDM-WAM 1563348642.4478228 - INFO - <Event(4-MouseMotion {'pos': (347, 334), 'rel': (-11, -8), 'buttons': (0, 0, 0), 'window': None})>
2019-07-17 08:30:45,137 - BDM-WAM 1563348642.4478228 - INFO - <Event(4-MouseMotion {'pos': (338, 318), 'rel': (-9, -16), 'buttons': (0, 0, 0), 'window': None})>
2019-07-17 08:30:45,153 - BDM-WAM 1563348642.4478228 - INFO - <Event(4-MouseMotion {'pos': (333, 301), 'rel': (-5, -17), 'buttons': (0, 0, 0), 'window': None})>
2019-07-17 08:30:45,170 - BDM-WAM 1563348642.4478228 - INFO - <Event(4-MouseMotion {'pos': (333, 287), 'rel': (0, -14), 'buttons': (0, 0, 0), 'window': None})>
2019-07-17 08:30:45,187 - BDM-WAM 1563348642.4478228 - INFO - <Event(4-MouseMotion {'pos': (339, 261), 'rel': (6, -26), 'buttons': (0, 0, 0), 'window': None})>
2019-07-17 08:30:45,203 - BDM-WAM 1563348642.4478228 - INFO - <Event(4-MouseMotion {'pos': (346, 247), 'rel': (7, -14), 'buttons': (0, 0, 0), 'window': None})>
2019-07-17 08:30:45,218 - BDM-WAM 1563348642.4478228 - INFO - <Event(4-MouseMotion {'pos': (351, 239), 'rel': (5, -8), 'buttons': (0, 0, 0), 'window': None})>
2019-07-17 08:30:45,233 - BDM-WAM 1563348642.4478228 - INFO - <Event(4-MouseMotion {'pos': (355, 235), 'rel': (4, -4), 'buttons': (0, 0, 0), 'window': None})>
2019-07-17 08:30:45,250 - BDM-WAM 1563348642.4478228 - INFO - <Event(4-MouseMotion {'pos': (361, 232), 'rel': (6, -3), 'buttons': (0, 0, 0), 'window': None})>
2019-07-17 08:30:45,266 - BDM-WAM 1563348642.4478228 - INFO - <Event(4-MouseMotion {'pos': (365, 233), 'rel': (4, 1), 'buttons': (0, 0, 0), 'window': None})>
2019-07-17 08:30:45,283 - BDM-WAM 1563348642.4478228 - INFO - <Event(4-MouseMotion {'pos': (372, 241), 'rel': (7, 8), 'buttons': (0, 0, 0), 'window': None})>
2019-07-17 08:30:45,302 - BDM-WAM 1563348642.4478228 - INFO - <Event(4-MouseMotion {'pos': (381, 263), 'rel': (9, 22), 'buttons': (0, 0, 0), 'window': None})>
2019-07-17 08:30:45,317 - BDM-WAM 1563348642.4478228 - INFO - <Event(4-MouseMotion {'pos': (387, 331), 'rel': (6, 68), 'buttons': (0, 0, 0), 'window': None})>
2019-07-17 08:30:45,333 - BDM-WAM 1563348642.4478228 - INFO - <Event(4-MouseMotion {'pos': (381, 389), 'rel': (-6, 58), 'buttons': (0, 0, 0), 'window': None})>
2019-07-17 08:30:45,350 - BDM-WAM 1563348642.4478228 - INFO - <Event(4-MouseMotion {'pos': (363, 457), 'rel': (-18, 68), 'buttons': (0, 0, 0), 'window': None})>
2019-07-17 08:30:45,367 - BDM-WAM 1563348642.4478228 - INFO - <Event(4-MouseMotion {'pos': (349, 500), 'rel': (-14, 43), 'buttons': (0, 0, 0), 'window': None})>
2019-07-17 08:30:45,383 - BDM-WAM 1563348642.4478228 - INFO - <Event(4-MouseMotion {'pos': (336, 530), 'rel': (-13, 30), 'buttons': (0, 0, 0), 'window': None})>
2019-07-17 08:30:45,402 - BDM-WAM 1563348642.4478228 - INFO - <Event(4-MouseMotion {'pos': (330, 545), 'rel': (-6, 15), 'buttons': (0, 0, 0), 'window': None})>
2019-07-17 08:30:45,418 - BDM-WAM 1563348642.4478228 - INFO - <Event(4-MouseMotion {'pos': (328, 547), 'rel': (-2, 2), 'buttons': (0, 0, 0), 'window': None})>
2019-07-17 08:30:45,434 - BDM-WAM 1563348642.4478228 - INFO - <Event(4-MouseMotion {'pos': (328, 548), 'rel': (0, 1), 'buttons': (0, 0, 0), 'window': None})>
2019-07-17 08:30:45,451 - BDM-WAM 1563348642.4478228 - INFO - <Event(4-MouseMotion {'pos': (327, 547), 'rel': (-1, -1), 'buttons': (0, 0, 0), 'window': None})>
2019-07-17 08:30:45,467 - BDM-WAM 1563348642.4478228 - INFO - <Event(4-MouseMotion {'pos': (328, 539), 'rel': (1, -8), 'buttons': (0, 0, 0), 'window': None})>
2019-07-17 08:30:45,484 - BDM-WAM 1563348642.4478228 - INFO - <Event(4-MouseMotion {'pos': (332, 513), 'rel': (4, -26), 'buttons': (0, 0, 0), 'window': None})>
2019-07-17 08:30:45,501 - BDM-WAM 1563348642.4478228 - INFO - <Event(4-MouseMotion {'pos': (347, 459), 'rel': (15, -54), 'buttons': (0, 0, 0), 'window': None})>
2019-07-17 08:30:45,518 - BDM-WAM 1563348642.4478228 - INFO - <Event(4-MouseMotion {'pos': (359, 440), 'rel': (12, -19), 'buttons': (0, 0, 0), 'window': None})>
2019-07-17 08:30:45,535 - BDM-WAM 1563348642.4478228 - INFO - <Event(4-MouseMotion {'pos': (370, 426), 'rel': (11, -14), 'buttons': (0, 0, 0), 'window': None})>
2019-07-17 08:30:45,551 - BDM-WAM 1563348642.4478228 - INFO - <Event(4-MouseMotion {'pos': (384, 415), 'rel': (14, -11), 'buttons': (0, 0, 0), 'window': None})>
2019-07-17 08:30:45,568 - BDM-WAM 1563348642.4478228 - INFO - <Event(4-MouseMotion {'pos': (406, 406), 'rel': (22, -9), 'buttons': (0, 0, 0), 'window': None})>
2019-07-17 08:30:45,584 - BDM-WAM 1563348642.4478228 - INFO - <Event(4-MouseMotion {'pos': (434, 402), 'rel': (28, -4), 'buttons': (0, 0, 0), 'window': None})>
2019-07-17 08:30:45,601 - BDM-WAM 1563348642.4478228 - INFO - <Event(4-MouseMotion {'pos': (455, 405), 'rel': (21, 3), 'buttons': (0, 0, 0), 'window': None})>
2019-07-17 08:30:45,617 - BDM-WAM 1563348642.4478228 - INFO - <Event(4-MouseMotion {'pos': (473, 411), 'rel': (18, 6), 'buttons': (0, 0, 0), 'window': None})>
2019-07-17 08:30:45,634 - BDM-WAM 1563348642.4478228 - INFO - <Event(4-MouseMotion {'pos': (482, 420), 'rel': (9, 9), 'buttons': (0, 0, 0), 'window': None})>
2019-07-17 08:30:45,650 - BDM-WAM 1563348642.4478228 - INFO - <Event(4-MouseMotion {'pos': (490, 436), 'rel': (8, 16), 'buttons': (0, 0, 0), 'window': None})>
2019-07-17 08:30:45,666 - BDM-WAM 1563348642.4478228 - INFO - <Event(4-MouseMotion {'pos': (494, 453), 'rel': (4, 17), 'buttons': (0, 0, 0), 'window': None})>
2019-07-17 08:30:45,682 - BDM-WAM 1563348642.4478228 - INFO - <Event(4-MouseMotion {'pos': (492, 469), 'rel': (-2, 16), 'buttons': (0, 0, 0), 'window': None})>
2019-07-17 08:30:45,699 - BDM-WAM 1563348642.4478228 - INFO - <Event(4-MouseMotion {'pos': (487, 483), 'rel': (-5, 14), 'buttons': (0, 0, 0), 'window': None})>
2019-07-17 08:30:45,715 - BDM-WAM 1563348642.4478228 - INFO - <Event(4-MouseMotion {'pos': (482, 495), 'rel': (-5, 12), 'buttons': (0, 0, 0), 'window': None})>
2019-07-17 08:30:45,732 - BDM-WAM 1563348642.4478228 - INFO - <Event(4-MouseMotion {'pos': (474, 507), 'rel': (-8, 12), 'buttons': (0, 0, 0), 'window': None})>
2019-07-17 08:30:45,748 - BDM-WAM 1563348642.4478228 - INFO - <Event(4-MouseMotion {'pos': (471, 512), 'rel': (-3, 5), 'buttons': (0, 0, 0), 'window': None})>
2019-07-17 08:30:45,764 - BDM-WAM 1563348642.4478228 - INFO - <Event(4-MouseMotion {'pos': (468, 515), 'rel': (-3, 3), 'buttons': (0, 0, 0), 'window': None})>
2019-07-17 08:30:45,781 - BDM-WAM 1563348642.4478228 - INFO - <Event(4-MouseMotion {'pos': (466, 517), 'rel': (-2, 2), 'buttons': (0, 0, 0), 'window': None})>
2019-07-17 08:30:45,797 - BDM-WAM 1563348642.4478228 - INFO - <Event(4-MouseMotion {'pos': (461, 520), 'rel': (-5, 3), 'buttons': (0, 0, 0), 'window': None})>
2019-07-17 08:30:45,814 - BDM-WAM 1563348642.4478228 - INFO - <Event(4-MouseMotion {'pos': (458, 523), 'rel': (-3, 3), 'buttons': (0, 0, 0), 'window': None})>
2019-07-17 08:30:45,831 - BDM-WAM 1563348642.4478228 - INFO - <Event(4-MouseMotion {'pos': (454, 527), 'rel': (-4, 4), 'buttons': (0, 0, 0), 'window': None})>
2019-07-17 08:30:45,875 - BDM-WAM 1563348642.4478228 - INFO - <Event(4-MouseMotion {'pos': (451, 530), 'rel': (-3, 3), 'buttons': (0, 0, 0), 'window': None})>
2019-07-17 08:30:45,894 - BDM-WAM 1563348642.4478228 - INFO - <Event(4-MouseMotion {'pos': (448, 531), 'rel': (-3, 1), 'buttons': (0, 0, 0), 'window': None})>
2019-07-17 08:30:45,993 - BDM-WAM 1563348642.4478228 - INFO - <Event(5-MouseButtonDown {'pos': (448, 531), 'button': 1, 'window': None})>
2019-07-17 08:30:46,102 - BDM-WAM 1563348642.4478228 - INFO - <Event(6-MouseButtonUp {'pos': (448, 531), 'button': 1, 'window': None})>
2019-07-17 08:30:46,367 - BDM-WAM 1563348642.4478228 - INFO - <Event(4-MouseMotion {'pos': (448, 520), 'rel': (0, -11), 'buttons': (0, 0, 0), 'window': None})>
2019-07-17 08:30:46,383 - BDM-WAM 1563348642.4478228 - INFO - <Event(4-MouseMotion {'pos': (444, 491), 'rel': (-4, -29), 'buttons': (0, 0, 0), 'window': None})>
2019-07-17 08:30:46,401 - BDM-WAM 1563348642.4478228 - INFO - <Event(4-MouseMotion {'pos': (439, 456), 'rel': (-5, -35), 'buttons': (0, 0, 0), 'window': None})>
2019-07-17 08:30:46,416 - BDM-WAM 1563348642.4478228 - INFO - <Event(4-MouseMotion {'pos': (437, 436), 'rel': (-2, -20), 'buttons': (0, 0, 0), 'window': None})>
2019-07-17 08:30:46,433 - BDM-WAM 1563348642.4478228 - INFO - <Event(4-MouseMotion {'pos': (436, 429), 'rel': (-1, -7), 'buttons': (0, 0, 0), 'window': None})>
2019-07-17 08:30:46,451 - BDM-WAM 1563348642.4478228 - INFO - <Event(4-MouseMotion {'pos': (436, 426), 'rel': (0, -3), 'buttons': (0, 0, 0), 'window': None})>
2019-07-17 08:30:46,467 - BDM-WAM 1563348642.4478228 - INFO - <Event(4-MouseMotion {'pos': (436, 424), 'rel': (0, -2), 'buttons': (0, 0, 0), 'window': None})>
2019-07-17 08:30:46,485 - BDM-WAM 1563348642.4478228 - INFO - <Event(4-MouseMotion {'pos': (436, 423), 'rel': (0, -1), 'buttons': (0, 0, 0), 'window': None})>
2019-07-17 08:30:46,500 - BDM-WAM 1563348642.4478228 - INFO - <Event(4-MouseMotion {'pos': (435, 423), 'rel': (-1, 0), 'buttons': (0, 0, 0), 'window': None})>
2019-07-17 08:30:46,517 - BDM-WAM 1563348642.4478228 - INFO - <Event(4-MouseMotion {'pos': (434, 427), 'rel': (-1, 4), 'buttons': (0, 0, 0), 'window': None})>
2019-07-17 08:30:46,533 - BDM-WAM 1563348642.4478228 - INFO - <Event(4-MouseMotion {'pos': (433, 429), 'rel': (-1, 2), 'buttons': (0, 0, 0), 'window': None})>
2019-07-17 08:30:46,549 - BDM-WAM 1563348642.4478228 - INFO - <Event(4-MouseMotion {'pos': (432, 431), 'rel': (-1, 2), 'buttons': (0, 0, 0), 'window': None})>
2019-07-17 08:30:46,601 - BDM-WAM 1563348642.4478228 - INFO - <Event(4-MouseMotion {'pos': (430, 433), 'rel': (-2, 2), 'buttons': (0, 0, 0), 'window': None})>
2019-07-17 08:30:46,654 - BDM-WAM 1563348642.4478228 - INFO - <Event(4-MouseMotion {'pos': (430, 431), 'rel': (0, -2), 'buttons': (0, 0, 0), 'window': None})>
2019-07-17 08:30:46,709 - BDM-WAM 1563348642.4478228 - INFO - <Event(4-MouseMotion {'pos': (430, 383), 'rel': (0, -48), 'buttons': (0, 0, 0), 'window': None})>
2019-07-17 08:30:46,730 - BDM-WAM 1563348642.4478228 - INFO - <Event(4-MouseMotion {'pos': (430, 367), 'rel': (0, -16), 'buttons': (0, 0, 0), 'window': None})>
2019-07-17 08:30:46,746 - BDM-WAM 1563348642.4478228 - INFO - <Event(4-MouseMotion {'pos': (433, 344), 'rel': (3, -23), 'buttons': (0, 0, 0), 'window': None})>
2019-07-17 08:30:46,762 - BDM-WAM 1563348642.4478228 - INFO - <Event(4-MouseMotion {'pos': (434, 338), 'rel': (1, -6), 'buttons': (0, 0, 0), 'window': None})>
2019-07-17 08:30:46,823 - BDM-WAM 1563348642.4478228 - INFO - <Event(4-MouseMotion {'pos': (435, 331), 'rel': (1, -7), 'buttons': (0, 0, 0), 'window': None})>
2019-07-17 08:30:46,842 - BDM-WAM 1563348642.4478228 - INFO - <Event(4-MouseMotion {'pos': (426, 333), 'rel': (-9, 2), 'buttons': (0, 0, 0), 'window': None})>
2019-07-17 08:30:46,859 - BDM-WAM 1563348642.4478228 - INFO - <Event(4-MouseMotion {'pos': (390, 346), 'rel': (-36, 13), 'buttons': (0, 0, 0), 'window': None})>
2019-07-17 08:30:46,877 - BDM-WAM 1563348642.4478228 - INFO - <Event(4-MouseMotion {'pos': (316, 364), 'rel': (-74, 18), 'buttons': (0, 0, 0), 'window': None})>
2019-07-17 08:30:46,892 - BDM-WAM 1563348642.4478228 - INFO - <Event(4-MouseMotion {'pos': (274, 367), 'rel': (-42, 3), 'buttons': (0, 0, 0), 'window': None})>
2019-07-17 08:30:46,910 - BDM-WAM 1563348642.4478228 - INFO - <Event(4-MouseMotion {'pos': (241, 357), 'rel': (-33, -10), 'buttons': (0, 0, 0), 'window': None})>
2019-07-17 08:30:46,925 - BDM-WAM 1563348642.4478228 - INFO - <Event(4-MouseMotion {'pos': (207, 339), 'rel': (-34, -18), 'buttons': (0, 0, 0), 'window': None})>
2019-07-17 08:30:46,941 - BDM-WAM 1563348642.4478228 - INFO - <Event(4-MouseMotion {'pos': (182, 321), 'rel': (-25, -18), 'buttons': (0, 0, 0), 'window': None})>
2019-07-17 08:30:46,959 - BDM-WAM 1563348642.4478228 - INFO - <Event(4-MouseMotion {'pos': (165, 306), 'rel': (-17, -15), 'buttons': (0, 0, 0), 'window': None})>
2019-07-17 08:30:46,977 - BDM-WAM 1563348642.4478228 - INFO - <Event(4-MouseMotion {'pos': (142, 269), 'rel': (-23, -37), 'buttons': (0, 0, 0), 'window': None})>
2019-07-17 08:30:46,991 - BDM-WAM 1563348642.4478228 - INFO - <Event(4-MouseMotion {'pos': (138, 251), 'rel': (-4, -18), 'buttons': (0, 0, 0), 'window': None})>
2019-07-17 08:30:47,009 - BDM-WAM 1563348642.4478228 - INFO - <Event(4-MouseMotion {'pos': (135, 239), 'rel': (-3, -12), 'buttons': (0, 0, 0), 'window': None})>
2019-07-17 08:30:47,025 - BDM-WAM 1563348642.4478228 - INFO - <Event(4-MouseMotion {'pos': (135, 235), 'rel': (0, -4), 'buttons': (0, 0, 0), 'window': None})>
2019-07-17 08:30:47,242 - BDM-WAM 1563348642.4478228 - INFO - <Event(4-MouseMotion {'pos': (138, 179), 'rel': (3, -56), 'buttons': (0, 0, 0), 'window': None})>
2019-07-17 08:30:47,258 - BDM-WAM 1563348642.4478228 - INFO - <Event(4-MouseMotion {'pos': (142, 146), 'rel': (4, -33), 'buttons': (0, 0, 0), 'window': None})>
2019-07-17 08:30:47,276 - BDM-WAM 1563348642.4478228 - INFO - <Event(4-MouseMotion {'pos': (144, 130), 'rel': (2, -16), 'buttons': (0, 0, 0), 'window': None})>
2019-07-17 08:30:47,292 - BDM-WAM 1563348642.4478228 - INFO - <Event(4-MouseMotion {'pos': (144, 127), 'rel': (0, -3), 'buttons': (0, 0, 0), 'window': None})>
2019-07-17 08:30:47,308 - BDM-WAM 1563348642.4478228 - INFO - <Event(4-MouseMotion {'pos': (144, 126), 'rel': (0, -1), 'buttons': (0, 0, 0), 'window': None})>
2019-07-17 08:30:47,325 - BDM-WAM 1563348642.4478228 - INFO - <Event(4-MouseMotion {'pos': (144, 124), 'rel': (0, -2), 'buttons': (0, 0, 0), 'window': None})>
2019-07-17 08:30:47,340 - BDM-WAM 1563348642.4478228 - INFO - <Event(4-MouseMotion {'pos': (144, 123), 'rel': (0, -1), 'buttons': (0, 0, 0), 'window': None})>
2019-07-17 08:30:47,373 - BDM-WAM 1563348642.4478228 - INFO - <Event(4-MouseMotion {'pos': (144, 122), 'rel': (0, -1), 'buttons': (0, 0, 0), 'window': None})>
2019-07-17 08:30:47,392 - BDM-WAM 1563348642.4478228 - INFO - <Event(4-MouseMotion {'pos': (144, 121), 'rel': (0, -1), 'buttons': (0, 0, 0), 'window': None})>
2019-07-17 08:30:47,555 - BDM-WAM 1563348642.4478228 - INFO - <Event(5-MouseButtonDown {'pos': (144, 121), 'button': 1, 'window': None})>
2019-07-17 08:30:47,673 - BDM-WAM 1563348642.4478228 - INFO - <Event(6-MouseButtonUp {'pos': (144, 121), 'button': 1, 'window': None})>
2019-07-17 08:30:48,001 - BDM-WAM 1563348642.4478228 - INFO - <Event(4-MouseMotion {'pos': (156, 120), 'rel': (12, -1), 'buttons': (0, 0, 0), 'window': None})>
2019-07-17 08:30:48,017 - BDM-WAM 1563348642.4478228 - INFO - <Event(4-MouseMotion {'pos': (197, 119), 'rel': (41, -1), 'buttons': (0, 0, 0), 'window': None})>
2019-07-17 08:30:48,034 - BDM-WAM 1563348642.4478228 - INFO - <Event(4-MouseMotion {'pos': (260, 123), 'rel': (63, 4), 'buttons': (0, 0, 0), 'window': None})>
2019-07-17 08:30:48,051 - BDM-WAM 1563348642.4478228 - INFO - <Event(4-MouseMotion {'pos': (341, 135), 'rel': (81, 12), 'buttons': (0, 0, 0), 'window': None})>
2019-07-17 08:30:48,068 - BDM-WAM 1563348642.4478228 - INFO - <Event(4-MouseMotion {'pos': (378, 139), 'rel': (37, 4), 'buttons': (0, 0, 0), 'window': None})>
2019-07-17 08:30:48,085 - BDM-WAM 1563348642.4478228 - INFO - <Event(4-MouseMotion {'pos': (406, 142), 'rel': (28, 3), 'buttons': (0, 0, 0), 'window': None})>
2019-07-17 08:30:48,102 - BDM-WAM 1563348642.4478228 - INFO - <Event(4-MouseMotion {'pos': (428, 142), 'rel': (22, 0), 'buttons': (0, 0, 0), 'window': None})>
2019-07-17 08:30:48,121 - BDM-WAM 1563348642.4478228 - INFO - <Event(4-MouseMotion {'pos': (459, 141), 'rel': (31, -1), 'buttons': (0, 0, 0), 'window': None})>
2019-07-17 08:30:48,136 - BDM-WAM 1563348642.4478228 - INFO - <Event(4-MouseMotion {'pos': (474, 139), 'rel': (15, -2), 'buttons': (0, 0, 0), 'window': None})>
2019-07-17 08:30:48,152 - BDM-WAM 1563348642.4478228 - INFO - <Event(4-MouseMotion {'pos': (487, 137), 'rel': (13, -2), 'buttons': (0, 0, 0), 'window': None})>
2019-07-17 08:30:48,169 - BDM-WAM 1563348642.4478228 - INFO - <Event(4-MouseMotion {'pos': (498, 135), 'rel': (11, -2), 'buttons': (0, 0, 0), 'window': None})>
2019-07-17 08:30:48,184 - BDM-WAM 1563348642.4478228 - INFO - <Event(4-MouseMotion {'pos': (508, 135), 'rel': (10, 0), 'buttons': (0, 0, 0), 'window': None})>
2019-07-17 08:30:48,201 - BDM-WAM 1563348642.4478228 - INFO - <Event(4-MouseMotion {'pos': (515, 135), 'rel': (7, 0), 'buttons': (0, 0, 0), 'window': None})>
2019-07-17 08:30:48,218 - BDM-WAM 1563348642.4478228 - INFO - <Event(4-MouseMotion {'pos': (518, 135), 'rel': (3, 0), 'buttons': (0, 0, 0), 'window': None})>
2019-07-17 08:30:48,236 - BDM-WAM 1563348642.4478228 - INFO - <Event(4-MouseMotion {'pos': (521, 135), 'rel': (3, 0), 'buttons': (0, 0, 0), 'window': None})>
2019-07-17 08:30:48,251 - BDM-WAM 1563348642.4478228 - INFO - <Event(4-MouseMotion {'pos': (522, 135), 'rel': (1, 0), 'buttons': (0, 0, 0), 'window': None})>
2019-07-17 08:30:48,285 - BDM-WAM 1563348642.4478228 - INFO - <Event(4-MouseMotion {'pos': (524, 135), 'rel': (2, 0), 'buttons': (0, 0, 0), 'window': None})>
2019-07-17 08:30:48,301 - BDM-WAM 1563348642.4478228 - INFO - <Event(4-MouseMotion {'pos': (525, 135), 'rel': (1, 0), 'buttons': (0, 0, 0), 'window': None})>
2019-07-17 08:30:48,317 - BDM-WAM 1563348642.4478228 - INFO - <Event(4-MouseMotion {'pos': (525, 133), 'rel': (0, -2), 'buttons': (0, 0, 0), 'window': None})>
2019-07-17 08:30:48,335 - BDM-WAM 1563348642.4478228 - INFO - <Event(4-MouseMotion {'pos': (526, 131), 'rel': (1, -2), 'buttons': (0, 0, 0), 'window': None})>
2019-07-17 08:30:48,352 - BDM-WAM 1563348642.4478228 - INFO - <Event(4-MouseMotion {'pos': (528, 130), 'rel': (2, -1), 'buttons': (0, 0, 0), 'window': None})>
2019-07-17 08:30:48,401 - BDM-WAM 1563348642.4478228 - INFO - <Event(4-MouseMotion {'pos': (536, 127), 'rel': (8, -3), 'buttons': (0, 0, 0), 'window': None})>
2019-07-17 08:30:48,422 - BDM-WAM 1563348642.4478228 - INFO - <Event(4-MouseMotion {'pos': (544, 140), 'rel': (8, 13), 'buttons': (0, 0, 0), 'window': None})>
2019-07-17 08:30:48,438 - BDM-WAM 1563348642.4478228 - INFO - <Event(4-MouseMotion {'pos': (548, 166), 'rel': (4, 26), 'buttons': (0, 0, 0), 'window': None})>
2019-07-17 08:30:48,453 - BDM-WAM 1563348642.4478228 - INFO - <Event(4-MouseMotion {'pos': (545, 193), 'rel': (-3, 27), 'buttons': (0, 0, 0), 'window': None})>
2019-07-17 08:30:48,507 - BDM-WAM 1563348642.4478228 - INFO - <Event(4-MouseMotion {'pos': (492, 260), 'rel': (-53, 67), 'buttons': (0, 0, 0), 'window': None})>
2019-07-17 08:30:48,525 - BDM-WAM 1563348642.4478228 - INFO - <Event(4-MouseMotion {'pos': (476, 273), 'rel': (-16, 13), 'buttons': (0, 0, 0), 'window': None})>
2019-07-17 08:30:48,543 - BDM-WAM 1563348642.4478228 - INFO - <Event(4-MouseMotion {'pos': (462, 282), 'rel': (-14, 9), 'buttons': (0, 0, 0), 'window': None})>
2019-07-17 08:30:48,559 - BDM-WAM 1563348642.4478228 - INFO - <Event(4-MouseMotion {'pos': (458, 285), 'rel': (-4, 3), 'buttons': (0, 0, 0), 'window': None})>
2019-07-17 08:30:48,610 - BDM-WAM 1563348642.4478228 - INFO - <Event(4-MouseMotion {'pos': (441, 294), 'rel': (-17, 9), 'buttons': (0, 0, 0), 'window': None})>
2019-07-17 08:30:48,613 - BDM-WAM 1563348642.4478228 - INFO - <Event(4-MouseMotion {'pos': (438, 295), 'rel': (-3, 1), 'buttons': (0, 0, 0), 'window': None})>
2019-07-17 08:30:48,629 - BDM-WAM 1563348642.4478228 - INFO - <Event(4-MouseMotion {'pos': (434, 299), 'rel': (-4, 4), 'buttons': (0, 0, 0), 'window': None})>
2019-07-17 08:30:48,644 - BDM-WAM 1563348642.4478228 - INFO - <Event(4-MouseMotion {'pos': (434, 300), 'rel': (0, 1), 'buttons': (0, 0, 0), 'window': None})>
2019-07-17 08:30:48,661 - BDM-WAM 1563348642.4478228 - INFO - <Event(4-MouseMotion {'pos': (430, 304), 'rel': (-4, 4), 'buttons': (0, 0, 0), 'window': None})>
2019-07-17 08:30:48,677 - BDM-WAM 1563348642.4478228 - INFO - <Event(4-MouseMotion {'pos': (426, 307), 'rel': (-4, 3), 'buttons': (0, 0, 0), 'window': None})>
2019-07-17 08:30:48,694 - BDM-WAM 1563348642.4478228 - INFO - <Event(4-MouseMotion {'pos': (414, 314), 'rel': (-12, 7), 'buttons': (0, 0, 0), 'window': None})>
2019-07-17 08:30:48,709 - BDM-WAM 1563348642.4478228 - INFO - <Event(4-MouseMotion {'pos': (394, 319), 'rel': (-20, 5), 'buttons': (0, 0, 0), 'window': None})>
2019-07-17 08:30:48,727 - BDM-WAM 1563348642.4478228 - INFO - <Event(4-MouseMotion {'pos': (358, 319), 'rel': (-36, 0), 'buttons': (0, 0, 0), 'window': None})>
2019-07-17 08:30:48,744 - BDM-WAM 1563348642.4478228 - INFO - <Event(4-MouseMotion {'pos': (328, 311), 'rel': (-30, -8), 'buttons': (0, 0, 0), 'window': None})>
2019-07-17 08:30:48,761 - BDM-WAM 1563348642.4478228 - INFO - <Event(4-MouseMotion {'pos': (300, 297), 'rel': (-28, -14), 'buttons': (0, 0, 0), 'window': None})>
2019-07-17 08:30:48,777 - BDM-WAM 1563348642.4478228 - INFO - <Event(4-MouseMotion {'pos': (278, 281), 'rel': (-22, -16), 'buttons': (0, 0, 0), 'window': None})>
2019-07-17 08:30:48,794 - BDM-WAM 1563348642.4478228 - INFO - <Event(4-MouseMotion {'pos': (262, 269), 'rel': (-16, -12), 'buttons': (0, 0, 0), 'window': None})>
2019-07-17 08:30:48,809 - BDM-WAM 1563348642.4478228 - INFO - <Event(4-MouseMotion {'pos': (253, 261), 'rel': (-9, -8), 'buttons': (0, 0, 0), 'window': None})>
2019-07-17 08:30:48,826 - BDM-WAM 1563348642.4478228 - INFO - <Event(4-MouseMotion {'pos': (247, 255), 'rel': (-6, -6), 'buttons': (0, 0, 0), 'window': None})>
2019-07-17 08:30:48,843 - BDM-WAM 1563348642.4478228 - INFO - <Event(4-MouseMotion {'pos': (239, 250), 'rel': (-8, -5), 'buttons': (0, 0, 0), 'window': None})>
2019-07-17 08:30:48,859 - BDM-WAM 1563348642.4478228 - INFO - <Event(4-MouseMotion {'pos': (235, 247), 'rel': (-4, -3), 'buttons': (0, 0, 0), 'window': None})>
2019-07-17 08:30:48,876 - BDM-WAM 1563348642.4478228 - INFO - <Event(4-MouseMotion {'pos': (231, 241), 'rel': (-4, -6), 'buttons': (0, 0, 0), 'window': None})>
2019-07-17 08:30:48,892 - BDM-WAM 1563348642.4478228 - INFO - <Event(4-MouseMotion {'pos': (226, 235), 'rel': (-5, -6), 'buttons': (0, 0, 0), 'window': None})>
2019-07-17 08:30:48,908 - BDM-WAM 1563348642.4478228 - INFO - <Event(4-MouseMotion {'pos': (223, 229), 'rel': (-3, -6), 'buttons': (0, 0, 0), 'window': None})>
2019-07-17 08:30:48,924 - BDM-WAM 1563348642.4478228 - INFO - <Event(4-MouseMotion {'pos': (222, 224), 'rel': (-1, -5), 'buttons': (0, 0, 0), 'window': None})>
2019-07-17 08:30:48,941 - BDM-WAM 1563348642.4478228 - INFO - <Event(4-MouseMotion {'pos': (222, 219), 'rel': (0, -5), 'buttons': (0, 0, 0), 'window': None})>
2019-07-17 08:30:48,958 - BDM-WAM 1563348642.4478228 - INFO - <Event(4-MouseMotion {'pos': (221, 214), 'rel': (-1, -5), 'buttons': (0, 0, 0), 'window': None})>
2019-07-17 08:30:48,973 - BDM-WAM 1563348642.4478228 - INFO - <Event(4-MouseMotion {'pos': (221, 213), 'rel': (0, -1), 'buttons': (0, 0, 0), 'window': None})>
2019-07-17 08:30:48,990 - BDM-WAM 1563348642.4478228 - INFO - <Event(4-MouseMotion {'pos': (221, 211), 'rel': (0, -2), 'buttons': (0, 0, 0), 'window': None})>
2019-07-17 08:30:49,006 - BDM-WAM 1563348642.4478228 - INFO - <Event(4-MouseMotion {'pos': (220, 210), 'rel': (-1, -1), 'buttons': (0, 0, 0), 'window': None})>
2019-07-17 08:30:49,023 - BDM-WAM 1563348642.4478228 - INFO - <Event(4-MouseMotion {'pos': (219, 207), 'rel': (-1, -3), 'buttons': (0, 0, 0), 'window': None})>
2019-07-17 08:30:49,039 - BDM-WAM 1563348642.4478228 - INFO - <Event(4-MouseMotion {'pos': (217, 206), 'rel': (-2, -1), 'buttons': (0, 0, 0), 'window': None})>
2019-07-17 08:30:49,056 - BDM-WAM 1563348642.4478228 - INFO - <Event(4-MouseMotion {'pos': (213, 204), 'rel': (-4, -2), 'buttons': (0, 0, 0), 'window': None})>
2019-07-17 08:30:49,090 - BDM-WAM 1563348642.4478228 - INFO - <Event(5-MouseButtonDown {'pos': (213, 204), 'button': 1, 'window': None})>
2019-07-17 08:30:49,206 - BDM-WAM 1563348642.4478228 - INFO - <Event(6-MouseButtonUp {'pos': (213, 204), 'button': 1, 'window': None})>
2019-07-17 08:30:49,573 - BDM-WAM 1563348642.4478228 - INFO - <Event(4-MouseMotion {'pos': (222, 235), 'rel': (9, 31), 'buttons': (0, 0, 0), 'window': None})>
2019-07-17 08:30:49,592 - BDM-WAM 1563348642.4478228 - INFO - <Event(4-MouseMotion {'pos': (229, 251), 'rel': (7, 16), 'buttons': (0, 0, 0), 'window': None})>
2019-07-17 08:30:49,608 - BDM-WAM 1563348642.4478228 - INFO - <Event(4-MouseMotion {'pos': (233, 260), 'rel': (4, 9), 'buttons': (0, 0, 0), 'window': None})>
2019-07-17 08:30:49,626 - BDM-WAM 1563348642.4478228 - INFO - <Event(4-MouseMotion {'pos': (235, 266), 'rel': (2, 6), 'buttons': (0, 0, 0), 'window': None})>
2019-07-17 08:30:49,675 - BDM-WAM 1563348642.4478228 - INFO - <Event(4-MouseMotion {'pos': (255, 275), 'rel': (20, 9), 'buttons': (0, 0, 0), 'window': None})>
2019-07-17 08:30:49,720 - BDM-WAM 1563348642.4478228 - INFO - <Event(4-MouseMotion {'pos': (302, 268), 'rel': (47, -7), 'buttons': (0, 0, 0), 'window': None})>
2019-07-17 08:30:49,737 - BDM-WAM 1563348642.4478228 - INFO - <Event(4-MouseMotion {'pos': (312, 267), 'rel': (10, -1), 'buttons': (0, 0, 0), 'window': None})>
2019-07-17 08:30:49,755 - BDM-WAM 1563348642.4478228 - INFO - <Event(4-MouseMotion {'pos': (323, 266), 'rel': (11, -1), 'buttons': (0, 0, 0), 'window': None})>
2019-07-17 08:30:49,773 - BDM-WAM 1563348642.4478228 - INFO - <Event(4-MouseMotion {'pos': (343, 267), 'rel': (20, 1), 'buttons': (0, 0, 0), 'window': None})>
2019-07-17 08:30:49,789 - BDM-WAM 1563348642.4478228 - INFO - <Event(4-MouseMotion {'pos': (361, 274), 'rel': (18, 7), 'buttons': (0, 0, 0), 'window': None})>
2019-07-17 08:30:49,806 - BDM-WAM 1563348642.4478228 - INFO - <Event(4-MouseMotion {'pos': (375, 282), 'rel': (14, 8), 'buttons': (0, 0, 0), 'window': None})>
2019-07-17 08:30:49,822 - BDM-WAM 1563348642.4478228 - INFO - <Event(4-MouseMotion {'pos': (389, 290), 'rel': (14, 8), 'buttons': (0, 0, 0), 'window': None})>
2019-07-17 08:30:49,838 - BDM-WAM 1563348642.4478228 - INFO - <Event(4-MouseMotion {'pos': (403, 300), 'rel': (14, 10), 'buttons': (0, 0, 0), 'window': None})>
2019-07-17 08:30:49,857 - BDM-WAM 1563348642.4478228 - INFO - <Event(4-MouseMotion {'pos': (418, 310), 'rel': (15, 10), 'buttons': (0, 0, 0), 'window': None})>
2019-07-17 08:30:49,874 - BDM-WAM 1563348642.4478228 - INFO - <Event(4-MouseMotion {'pos': (438, 323), 'rel': (20, 13), 'buttons': (0, 0, 0), 'window': None})>
2019-07-17 08:30:49,889 - BDM-WAM 1563348642.4478228 - INFO - <Event(4-MouseMotion {'pos': (448, 327), 'rel': (10, 4), 'buttons': (0, 0, 0), 'window': None})>
2019-07-17 08:30:49,905 - BDM-WAM 1563348642.4478228 - INFO - <Event(4-MouseMotion {'pos': (452, 331), 'rel': (4, 4), 'buttons': (0, 0, 0), 'window': None})>
2019-07-17 08:30:49,921 - BDM-WAM 1563348642.4478228 - INFO - <Event(4-MouseMotion {'pos': (454, 332), 'rel': (2, 1), 'buttons': (0, 0, 0), 'window': None})>
2019-07-17 08:30:49,938 - BDM-WAM 1563348642.4478228 - INFO - <Event(4-MouseMotion {'pos': (457, 333), 'rel': (3, 1), 'buttons': (0, 0, 0), 'window': None})>
2019-07-17 08:30:49,953 - BDM-WAM 1563348642.4478228 - INFO - <Event(4-MouseMotion {'pos': (458, 334), 'rel': (1, 1), 'buttons': (0, 0, 0), 'window': None})>
2019-07-17 08:30:49,970 - BDM-WAM 1563348642.4478228 - INFO - <Event(4-MouseMotion {'pos': (458, 335), 'rel': (0, 1), 'buttons': (0, 0, 0), 'window': None})>
2019-07-17 08:30:49,987 - BDM-WAM 1563348642.4478228 - INFO - <Event(4-MouseMotion {'pos': (459, 335), 'rel': (1, 0), 'buttons': (0, 0, 0), 'window': None})>
2019-07-17 08:30:50,020 - BDM-WAM 1563348642.4478228 - INFO - <Event(4-MouseMotion {'pos': (460, 335), 'rel': (1, 0), 'buttons': (0, 0, 0), 'window': None})>
2019-07-17 08:30:50,036 - BDM-WAM 1563348642.4478228 - INFO - <Event(4-MouseMotion {'pos': (461, 333), 'rel': (1, -2), 'buttons': (0, 0, 0), 'window': None})>
2019-07-17 08:30:50,052 - BDM-WAM 1563348642.4478228 - INFO - <Event(4-MouseMotion {'pos': (461, 327), 'rel': (0, -6), 'buttons': (0, 0, 0), 'window': None})>
2019-07-17 08:30:50,069 - BDM-WAM 1563348642.4478228 - INFO - <Event(4-MouseMotion {'pos': (461, 322), 'rel': (0, -5), 'buttons': (0, 0, 0), 'window': None})>
2019-07-17 08:30:50,087 - BDM-WAM 1563348642.4478228 - INFO - <Event(4-MouseMotion {'pos': (461, 318), 'rel': (0, -4), 'buttons': (0, 0, 0), 'window': None})>
2019-07-17 08:30:50,101 - BDM-WAM 1563348642.4478228 - INFO - <Event(4-MouseMotion {'pos': (461, 316), 'rel': (0, -2), 'buttons': (0, 0, 0), 'window': None})>
2019-07-17 08:30:50,120 - BDM-WAM 1563348642.4478228 - INFO - <Event(4-MouseMotion {'pos': (461, 315), 'rel': (0, -1), 'buttons': (0, 0, 0), 'window': None})>
2019-07-17 08:30:50,195 - BDM-WAM 1563348642.4478228 - INFO - <Event(4-MouseMotion {'pos': (458, 329), 'rel': (-3, 14), 'buttons': (0, 0, 0), 'window': None})>
2019-07-17 08:30:50,218 - BDM-WAM 1563348642.4478228 - INFO - <Event(4-MouseMotion {'pos': (458, 335), 'rel': (0, 6), 'buttons': (0, 0, 0), 'window': None})>
2019-07-17 08:30:50,233 - BDM-WAM 1563348642.4478228 - INFO - <Event(4-MouseMotion {'pos': (458, 336), 'rel': (0, 1), 'buttons': (0, 0, 0), 'window': None})>
2019-07-17 08:30:50,248 - BDM-WAM 1563348642.4478228 - INFO - <Event(4-MouseMotion {'pos': (458, 338), 'rel': (0, 2), 'buttons': (0, 0, 0), 'window': None})>
2019-07-17 08:30:50,302 - BDM-WAM 1563348642.4478228 - INFO - <Event(4-MouseMotion {'pos': (453, 344), 'rel': (-5, 6), 'buttons': (0, 0, 0), 'window': None})>
2019-07-17 08:30:50,322 - BDM-WAM 1563348642.4478228 - INFO - <Event(4-MouseMotion {'pos': (450, 347), 'rel': (-3, 3), 'buttons': (0, 0, 0), 'window': None})>
2019-07-17 08:30:50,338 - BDM-WAM 1563348642.4478228 - INFO - <Event(4-MouseMotion {'pos': (445, 349), 'rel': (-5, 2), 'buttons': (0, 0, 0), 'window': None})>
2019-07-17 08:30:50,356 - BDM-WAM 1563348642.4478228 - INFO - <Event(4-MouseMotion {'pos': (442, 349), 'rel': (-3, 0), 'buttons': (0, 0, 0), 'window': None})>
2019-07-17 08:30:50,409 - BDM-WAM 1563348642.4478228 - INFO - <Event(4-MouseMotion {'pos': (438, 340), 'rel': (-4, -9), 'buttons': (0, 0, 0), 'window': None})>
2019-07-17 08:30:50,428 - BDM-WAM 1563348642.4478228 - INFO - <Event(4-MouseMotion {'pos': (438, 334), 'rel': (0, -6), 'buttons': (0, 0, 0), 'window': None})>
2019-07-17 08:30:50,447 - BDM-WAM 1563348642.4478228 - INFO - <Event(4-MouseMotion {'pos': (446, 323), 'rel': (8, -11), 'buttons': (0, 0, 0), 'window': None})>
2019-07-17 08:30:50,463 - BDM-WAM 1563348642.4478228 - INFO - <Event(4-MouseMotion {'pos': (461, 305), 'rel': (15, -18), 'buttons': (0, 0, 0), 'window': None})>
2019-07-17 08:30:50,480 - BDM-WAM 1563348642.4478228 - INFO - <Event(4-MouseMotion {'pos': (491, 270), 'rel': (30, -35), 'buttons': (0, 0, 0), 'window': None})>
2019-07-17 08:30:50,495 - BDM-WAM 1563348642.4478228 - INFO - <Event(4-MouseMotion {'pos': (529, 229), 'rel': (38, -41), 'buttons': (0, 0, 0), 'window': None})>
2019-07-17 08:30:50,511 - BDM-WAM 1563348642.4478228 - INFO - <Event(4-MouseMotion {'pos': (579, 171), 'rel': (50, -58), 'buttons': (0, 0, 0), 'window': None})>
2019-07-17 08:30:50,528 - BDM-WAM 1563348642.4478228 - INFO - <Event(4-MouseMotion {'pos': (610, 136), 'rel': (31, -35), 'buttons': (0, 0, 0), 'window': None})>
2019-07-17 08:30:50,545 - BDM-WAM 1563348642.4478228 - INFO - <Event(4-MouseMotion {'pos': (627, 117), 'rel': (17, -19), 'buttons': (0, 0, 0), 'window': None})>
2019-07-17 08:30:50,563 - BDM-WAM 1563348642.4478228 - INFO - <Event(4-MouseMotion {'pos': (641, 105), 'rel': (14, -12), 'buttons': (0, 0, 0), 'window': None})>
2019-07-17 08:30:50,578 - BDM-WAM 1563348642.4478228 - INFO - <Event(4-MouseMotion {'pos': (650, 99), 'rel': (9, -6), 'buttons': (0, 0, 0), 'window': None})>
2019-07-17 08:30:50,594 - BDM-WAM 1563348642.4478228 - INFO - <Event(4-MouseMotion {'pos': (653, 97), 'rel': (3, -2), 'buttons': (0, 0, 0), 'window': None})>
2019-07-17 08:30:50,612 - BDM-WAM 1563348642.4478228 - INFO - <Event(4-MouseMotion {'pos': (654, 96), 'rel': (1, -1), 'buttons': (0, 0, 0), 'window': None})>
2019-07-17 08:30:50,628 - BDM-WAM 1563348642.4478228 - INFO - <Event(4-MouseMotion {'pos': (655, 95), 'rel': (1, -1), 'buttons': (0, 0, 0), 'window': None})>
2019-07-17 08:30:50,644 - BDM-WAM 1563348642.4478228 - INFO - <Event(4-MouseMotion {'pos': (657, 95), 'rel': (2, 0), 'buttons': (0, 0, 0), 'window': None})>
2019-07-17 08:30:50,763 - BDM-WAM 1563348642.4478228 - INFO - <Event(4-MouseMotion {'pos': (654, 93), 'rel': (-3, -2), 'buttons': (0, 0, 0), 'window': None})>
2019-07-17 08:30:50,779 - BDM-WAM 1563348642.4478228 - INFO - <Event(4-MouseMotion {'pos': (651, 87), 'rel': (-3, -6), 'buttons': (0, 0, 0), 'window': None})>
2019-07-17 08:30:50,794 - BDM-WAM 1563348642.4478228 - INFO - <Event(4-MouseMotion {'pos': (645, 78), 'rel': (-6, -9), 'buttons': (0, 0, 0), 'window': None})>
2019-07-17 08:30:50,811 - BDM-WAM 1563348642.4478228 - INFO - <Event(4-MouseMotion {'pos': (640, 67), 'rel': (-5, -11), 'buttons': (0, 0, 0), 'window': None})>
2019-07-17 08:30:50,828 - BDM-WAM 1563348642.4478228 - INFO - <Event(4-MouseMotion {'pos': (638, 58), 'rel': (-2, -9), 'buttons': (0, 0, 0), 'window': None})>
2019-07-17 08:30:50,848 - BDM-WAM 1563348642.4478228 - INFO - <Event(4-MouseMotion {'pos': (637, 47), 'rel': (-1, -11), 'buttons': (0, 0, 0), 'window': None})>
2019-07-17 08:30:50,863 - BDM-WAM 1563348642.4478228 - INFO - <Event(4-MouseMotion {'pos': (637, 44), 'rel': (0, -3), 'buttons': (0, 0, 0), 'window': None})>
2019-07-17 08:30:50,879 - BDM-WAM 1563348642.4478228 - INFO - <Event(4-MouseMotion {'pos': (637, 43), 'rel': (0, -1), 'buttons': (0, 0, 0), 'window': None})>
2019-07-17 08:30:50,981 - BDM-WAM 1563348642.4478228 - INFO - <Event(5-MouseButtonDown {'pos': (637, 43), 'button': 1, 'window': None})>
2019-07-17 08:30:51,097 - BDM-WAM 1563348642.4478228 - INFO - <Event(6-MouseButtonUp {'pos': (637, 43), 'button': 1, 'window': None})>
2019-07-17 08:30:51,503 - BDM-WAM 1563348642.4478228 - INFO - <Event(4-MouseMotion {'pos': (636, 44), 'rel': (-1, 1), 'buttons': (0, 0, 0), 'window': None})>
2019-07-17 08:30:51,518 - BDM-WAM 1563348642.4478228 - INFO - <Event(4-MouseMotion {'pos': (634, 48), 'rel': (-2, 4), 'buttons': (0, 0, 0), 'window': None})>
2019-07-17 08:30:51,537 - BDM-WAM 1563348642.4478228 - INFO - <Event(4-MouseMotion {'pos': (633, 51), 'rel': (-1, 3), 'buttons': (0, 0, 0), 'window': None})>
2019-07-17 08:30:51,555 - BDM-WAM 1563348642.4478228 - INFO - <Event(4-MouseMotion {'pos': (633, 54), 'rel': (0, 3), 'buttons': (0, 0, 0), 'window': None})>
2019-07-17 08:30:51,571 - BDM-WAM 1563348642.4478228 - INFO - <Event(4-MouseMotion {'pos': (631, 56), 'rel': (-2, 2), 'buttons': (0, 0, 0), 'window': None})>
2019-07-17 08:30:51,587 - BDM-WAM 1563348642.4478228 - INFO - <Event(4-MouseMotion {'pos': (630, 59), 'rel': (-1, 3), 'buttons': (0, 0, 0), 'window': None})>
2019-07-17 08:30:51,603 - BDM-WAM 1563348642.4478228 - INFO - <Event(4-MouseMotion {'pos': (627, 64), 'rel': (-3, 5), 'buttons': (0, 0, 0), 'window': None})>
2019-07-17 08:30:51,618 - BDM-WAM 1563348642.4478228 - INFO - <Event(4-MouseMotion {'pos': (623, 68), 'rel': (-4, 4), 'buttons': (0, 0, 0), 'window': None})>
2019-07-17 08:30:51,638 - BDM-WAM 1563348642.4478228 - INFO - <Event(4-MouseMotion {'pos': (617, 78), 'rel': (-6, 10), 'buttons': (0, 0, 0), 'window': None})>
2019-07-17 08:30:51,657 - BDM-WAM 1563348642.4478228 - INFO - <Event(4-MouseMotion {'pos': (606, 91), 'rel': (-11, 13), 'buttons': (0, 0, 0), 'window': None})>
2019-07-17 08:30:51,672 - BDM-WAM 1563348642.4478228 - INFO - <Event(4-MouseMotion {'pos': (596, 99), 'rel': (-10, 8), 'buttons': (0, 0, 0), 'window': None})>
2019-07-17 08:30:51,688 - BDM-WAM 1563348642.4478228 - INFO - <Event(4-MouseMotion {'pos': (585, 107), 'rel': (-11, 8), 'buttons': (0, 0, 0), 'window': None})>
2019-07-17 08:30:51,703 - BDM-WAM 1563348642.4478228 - INFO - <Event(4-MouseMotion {'pos': (574, 113), 'rel': (-11, 6), 'buttons': (0, 0, 0), 'window': None})>
2019-07-17 08:30:51,719 - BDM-WAM 1563348642.4478228 - INFO - <Event(4-MouseMotion {'pos': (563, 118), 'rel': (-11, 5), 'buttons': (0, 0, 0), 'window': None})>
2019-07-17 08:30:51,735 - BDM-WAM 1563348642.4478228 - INFO - <Event(4-MouseMotion {'pos': (550, 122), 'rel': (-13, 4), 'buttons': (0, 0, 0), 'window': None})>
2019-07-17 08:30:51,754 - BDM-WAM 1563348642.4478228 - INFO - <Event(4-MouseMotion {'pos': (537, 126), 'rel': (-13, 4), 'buttons': (0, 0, 0), 'window': None})>
2019-07-17 08:30:51,771 - BDM-WAM 1563348642.4478228 - INFO - <Event(4-MouseMotion {'pos': (510, 131), 'rel': (-27, 5), 'buttons': (0, 0, 0), 'window': None})>
2019-07-17 08:30:51,788 - BDM-WAM 1563348642.4478228 - INFO - <Event(4-MouseMotion {'pos': (494, 135), 'rel': (-16, 4), 'buttons': (0, 0, 0), 'window': None})>
2019-07-17 08:30:51,804 - BDM-WAM 1563348642.4478228 - INFO - <Event(4-MouseMotion {'pos': (482, 137), 'rel': (-12, 2), 'buttons': (0, 0, 0), 'window': None})>
2019-07-17 08:30:51,821 - BDM-WAM 1563348642.4478228 - INFO - <Event(4-MouseMotion {'pos': (473, 139), 'rel': (-9, 2), 'buttons': (0, 0, 0), 'window': None})>
2019-07-17 08:30:51,839 - BDM-WAM 1563348642.4478228 - INFO - <Event(4-MouseMotion {'pos': (469, 140), 'rel': (-4, 1), 'buttons': (0, 0, 0), 'window': None})>
2019-07-17 08:30:51,856 - BDM-WAM 1563348642.4478228 - INFO - <Event(4-MouseMotion {'pos': (465, 142), 'rel': (-4, 2), 'buttons': (0, 0, 0), 'window': None})>
2019-07-17 08:30:51,871 - BDM-WAM 1563348642.4478228 - INFO - <Event(4-MouseMotion {'pos': (464, 143), 'rel': (-1, 1), 'buttons': (0, 0, 0), 'window': None})>
2019-07-17 08:30:51,887 - BDM-WAM 1563348642.4478228 - INFO - <Event(4-MouseMotion {'pos': (463, 143), 'rel': (-1, 0), 'buttons': (0, 0, 0), 'window': None})>
2019-07-17 08:30:51,903 - BDM-WAM 1563348642.4478228 - INFO - <Event(4-MouseMotion {'pos': (462, 143), 'rel': (-1, 0), 'buttons': (0, 0, 0), 'window': None})>
2019-07-17 08:30:51,981 - BDM-WAM 1563348642.4478228 - INFO - <Event(4-MouseMotion {'pos': (457, 175), 'rel': (-5, 32), 'buttons': (0, 0, 0), 'window': None})>
2019-07-17 08:30:51,985 - BDM-WAM 1563348642.4478228 - INFO - <Event(4-MouseMotion {'pos': (457, 179), 'rel': (0, 4), 'buttons': (0, 0, 0), 'window': None})>
2019-07-17 08:30:52,001 - BDM-WAM 1563348642.4478228 - INFO - <Event(4-MouseMotion {'pos': (457, 186), 'rel': (0, 7), 'buttons': (0, 0, 0), 'window': None})>
2019-07-17 08:30:52,017 - BDM-WAM 1563348642.4478228 - INFO - <Event(4-MouseMotion {'pos': (457, 192), 'rel': (0, 6), 'buttons': (0, 0, 0), 'window': None})>
2019-07-17 08:30:52,087 - BDM-WAM 1563348642.4478228 - INFO - <Event(4-MouseMotion {'pos': (457, 199), 'rel': (0, 7), 'buttons': (0, 0, 0), 'window': None})>
2019-07-17 08:30:52,107 - BDM-WAM 1563348642.4478228 - INFO - <Event(4-MouseMotion {'pos': (455, 199), 'rel': (-2, 0), 'buttons': (0, 0, 0), 'window': None})>
2019-07-17 08:30:52,123 - BDM-WAM 1563348642.4478228 - INFO - <Event(4-MouseMotion {'pos': (454, 199), 'rel': (-1, 0), 'buttons': (0, 0, 0), 'window': None})>
2019-07-17 08:30:52,203 - BDM-WAM 1563348642.4478228 - INFO - <Event(4-MouseMotion {'pos': (467, 194), 'rel': (13, -5), 'buttons': (0, 0, 0), 'window': None})>
2019-07-17 08:30:52,224 - BDM-WAM 1563348642.4478228 - INFO - <Event(4-MouseMotion {'pos': (529, 192), 'rel': (62, -2), 'buttons': (0, 0, 0), 'window': None})>
2019-07-17 08:30:52,239 - BDM-WAM 1563348642.4478228 - INFO - <Event(4-MouseMotion {'pos': (594, 211), 'rel': (65, 19), 'buttons': (0, 0, 0), 'window': None})>
2019-07-17 08:30:52,255 - BDM-WAM 1563348642.4478228 - INFO - <Event(4-MouseMotion {'pos': (642, 238), 'rel': (48, 27), 'buttons': (0, 0, 0), 'window': None})>
2019-07-17 08:30:52,273 - BDM-WAM 1563348642.4478228 - INFO - <Event(4-MouseMotion {'pos': (666, 256), 'rel': (24, 18), 'buttons': (0, 0, 0), 'window': None})>
2019-07-17 08:30:52,289 - BDM-WAM 1563348642.4478228 - INFO - <Event(4-MouseMotion {'pos': (682, 271), 'rel': (16, 15), 'buttons': (0, 0, 0), 'window': None})>
2019-07-17 08:30:52,304 - BDM-WAM 1563348642.4478228 - INFO - <Event(4-MouseMotion {'pos': (691, 283), 'rel': (9, 12), 'buttons': (0, 0, 0), 'window': None})>
2019-07-17 08:30:52,324 - BDM-WAM 1563348642.4478228 - INFO - <Event(4-MouseMotion {'pos': (702, 299), 'rel': (11, 16), 'buttons': (0, 0, 0), 'window': None})>
2019-07-17 08:30:52,339 - BDM-WAM 1563348642.4478228 - INFO - <Event(4-MouseMotion {'pos': (706, 307), 'rel': (4, 8), 'buttons': (0, 0, 0), 'window': None})>
2019-07-17 08:30:52,354 - BDM-WAM 1563348642.4478228 - INFO - <Event(4-MouseMotion {'pos': (710, 315), 'rel': (4, 8), 'buttons': (0, 0, 0), 'window': None})>
2019-07-17 08:30:52,371 - BDM-WAM 1563348642.4478228 - INFO - <Event(4-MouseMotion {'pos': (712, 332), 'rel': (2, 17), 'buttons': (0, 0, 0), 'window': None})>
2019-07-17 08:30:52,387 - BDM-WAM 1563348642.4478228 - INFO - <Event(4-MouseMotion {'pos': (713, 344), 'rel': (1, 12), 'buttons': (0, 0, 0), 'window': None})>
2019-07-17 08:30:52,406 - BDM-WAM 1563348642.4478228 - INFO - <Event(4-MouseMotion {'pos': (713, 348), 'rel': (0, 4), 'buttons': (0, 0, 0), 'window': None})>
2019-07-17 08:30:52,422 - BDM-WAM 1563348642.4478228 - INFO - <Event(4-MouseMotion {'pos': (713, 351), 'rel': (0, 3), 'buttons': (0, 0, 0), 'window': None})>
2019-07-17 08:30:52,753 - BDM-WAM 1563348642.4478228 - INFO - <Event(4-MouseMotion {'pos': (712, 363), 'rel': (-1, 12), 'buttons': (0, 0, 0), 'window': None})>
2019-07-17 08:30:52,769 - BDM-WAM 1563348642.4478228 - INFO - <Event(4-MouseMotion {'pos': (706, 388), 'rel': (-6, 25), 'buttons': (0, 0, 0), 'window': None})>
2019-07-17 08:30:52,786 - BDM-WAM 1563348642.4478228 - INFO - <Event(4-MouseMotion {'pos': (698, 410), 'rel': (-8, 22), 'buttons': (0, 0, 0), 'window': None})>
2019-07-17 08:30:52,803 - BDM-WAM 1563348642.4478228 - INFO - <Event(4-MouseMotion {'pos': (694, 424), 'rel': (-4, 14), 'buttons': (0, 0, 0), 'window': None})>
2019-07-17 08:30:52,820 - BDM-WAM 1563348642.4478228 - INFO - <Event(4-MouseMotion {'pos': (693, 431), 'rel': (-1, 7), 'buttons': (0, 0, 0), 'window': None})>
2019-07-17 08:30:52,836 - BDM-WAM 1563348642.4478228 - INFO - <Event(4-MouseMotion {'pos': (691, 433), 'rel': (-2, 2), 'buttons': (0, 0, 0), 'window': None})>
2019-07-17 08:30:52,853 - BDM-WAM 1563348642.4478228 - INFO - <Event(4-MouseMotion {'pos': (691, 434), 'rel': (0, 1), 'buttons': (0, 0, 0), 'window': None})>
2019-07-17 08:30:52,869 - BDM-WAM 1563348642.4478228 - INFO - <Event(4-MouseMotion {'pos': (691, 435), 'rel': (0, 1), 'buttons': (0, 0, 0), 'window': None})>
2019-07-17 08:30:52,886 - BDM-WAM 1563348642.4478228 - INFO - <Event(4-MouseMotion {'pos': (691, 436), 'rel': (0, 1), 'buttons': (0, 0, 0), 'window': None})>
2019-07-17 08:30:52,953 - BDM-WAM 1563348642.4478228 - INFO - <Event(5-MouseButtonDown {'pos': (691, 436), 'button': 1, 'window': None})>
2019-07-17 08:30:53,139 - BDM-WAM 1563348642.4478228 - INFO - <Event(6-MouseButtonUp {'pos': (691, 436), 'button': 1, 'window': None})>
2019-07-17 08:30:53,174 - BDM-WAM 1563348642.4478228 - INFO - <Event(4-MouseMotion {'pos': (690, 436), 'rel': (-1, 0), 'buttons': (0, 0, 0), 'window': None})>
2019-07-17 08:30:53,207 - BDM-WAM 1563348642.4478228 - INFO - <Event(4-MouseMotion {'pos': (688, 435), 'rel': (-2, -1), 'buttons': (0, 0, 0), 'window': None})>
2019-07-17 08:30:53,247 - BDM-WAM 1563348642.4478228 - INFO - <Event(4-MouseMotion {'pos': (687, 433), 'rel': (-1, -2), 'buttons': (0, 0, 0), 'window': None})>
2019-07-17 08:30:53,269 - BDM-WAM 1563348642.4478228 - INFO - <Event(4-MouseMotion {'pos': (687, 431), 'rel': (0, -2), 'buttons': (0, 0, 0), 'window': None})>
2019-07-17 08:30:53,286 - BDM-WAM 1563348642.4478228 - INFO - <Event(4-MouseMotion {'pos': (687, 430), 'rel': (0, -1), 'buttons': (0, 0, 0), 'window': None})>
2019-07-17 08:30:53,303 - BDM-WAM 1563348642.4478228 - INFO - <Event(4-MouseMotion {'pos': (687, 429), 'rel': (0, -1), 'buttons': (0, 0, 0), 'window': None})>
2019-07-17 08:30:53,319 - BDM-WAM 1563348642.4478228 - INFO - <Event(4-MouseMotion {'pos': (687, 428), 'rel': (0, -1), 'buttons': (0, 0, 0), 'window': None})>
2019-07-17 08:30:53,336 - BDM-WAM 1563348642.4478228 - INFO - <Event(4-MouseMotion {'pos': (687, 427), 'rel': (0, -1), 'buttons': (0, 0, 0), 'window': None})>
2019-07-17 08:30:53,437 - BDM-WAM 1563348642.4478228 - INFO - <Event(4-MouseMotion {'pos': (687, 425), 'rel': (0, -2), 'buttons': (0, 0, 0), 'window': None})>
2019-07-17 08:30:53,453 - BDM-WAM 1563348642.4478228 - INFO - <Event(4-MouseMotion {'pos': (687, 423), 'rel': (0, -2), 'buttons': (0, 0, 0), 'window': None})>
2019-07-17 08:30:53,470 - BDM-WAM 1563348642.4478228 - INFO - <Event(4-MouseMotion {'pos': (690, 419), 'rel': (3, -4), 'buttons': (0, 0, 0), 'window': None})>
2019-07-17 08:30:54,088 - BDM-WAM 1563348642.4478228 - INFO - <Event(2-KeyDown {'unicode': 'p', 'key': 112, 'mod': 0, 'scancode': 25, 'window': None})>
