2019-07-17 08:32:48,976 - BDM-WAM 1563348768.9604034 - INFO - <Event(17-VideoExpose {})>
2019-07-17 08:32:49,524 - BDM-WAM 1563348768.9604034 - INFO - <Event(16-VideoResize {'size': (800, 600), 'w': 800, 'h': 600})>
2019-07-17 08:32:49,524 - BDM-WAM 1563348768.9604034 - INFO - <Event(1-ActiveEvent {'gain': 0, 'state': 1})>
2019-07-17 08:32:49,524 - BDM-WAM 1563348768.9604034 - INFO - <Event(4-MouseMotion {'pos': (498, 338), 'rel': (499, 339), 'buttons': (0, 0, 0), 'window': None})>
2019-07-17 08:32:49,613 - BDM-WAM 1563348768.9604034 - INFO - <Event(3-KeyUp {'key': 99, 'mod': 0, 'scancode': 46, 'window': None})>
2019-07-17 08:32:50,664 - BDM-WAM 1563348768.9604034 - INFO - <Event(1-ActiveEvent {'gain': 1, 'state': 1})>
2019-07-17 08:32:50,665 - BDM-WAM 1563348768.9604034 - INFO - <Event(4-MouseMotion {'pos': (585, 350), 'rel': (87, 12), 'buttons': (0, 0, 0), 'window': None})>
2019-07-17 08:32:50,682 - BDM-WAM 1563348768.9604034 - INFO - <Event(4-MouseMotion {'pos': (602, 358), 'rel': (17, 8), 'buttons': (0, 0, 0), 'window': None})>
2019-07-17 08:32:50,699 - BDM-WAM 1563348768.9604034 - INFO - <Event(4-MouseMotion {'pos': (613, 366), 'rel': (11, 8), 'buttons': (0, 0, 0), 'window': None})>
2019-07-17 08:32:50,714 - BDM-WAM 1563348768.9604034 - INFO - <Event(4-MouseMotion {'pos': (623, 373), 'rel': (10, 7), 'buttons': (0, 0, 0), 'window': None})>
2019-07-17 08:32:50,781 - BDM-WAM 1563348768.9604034 - INFO - <Event(4-MouseMotion {'pos': (635, 391), 'rel': (12, 18), 'buttons': (0, 0, 0), 'window': None})>
2019-07-17 08:32:50,802 - BDM-WAM 1563348768.9604034 - INFO - <Event(4-MouseMotion {'pos': (637, 391), 'rel': (2, 0), 'buttons': (0, 0, 0), 'window': None})>
2019-07-17 08:32:50,819 - BDM-WAM 1563348768.9604034 - INFO - <Event(4-MouseMotion {'pos': (637, 393), 'rel': (0, 2), 'buttons': (0, 0, 0), 'window': None})>
2019-07-17 08:32:50,853 - BDM-WAM 1563348768.9604034 - INFO - <Event(4-MouseMotion {'pos': (637, 395), 'rel': (0, 2), 'buttons': (0, 0, 0), 'window': None})>
2019-07-17 08:32:50,877 - BDM-WAM 1563348768.9604034 - INFO - <Event(4-MouseMotion {'pos': (638, 395), 'rel': (1, 0), 'buttons': (0, 0, 0), 'window': None})>
2019-07-17 08:32:50,893 - BDM-WAM 1563348768.9604034 - INFO - <Event(4-MouseMotion {'pos': (639, 395), 'rel': (1, 0), 'buttons': (0, 0, 0), 'window': None})>
2019-07-17 08:32:50,913 - BDM-WAM 1563348768.9604034 - INFO - <Event(4-MouseMotion {'pos': (652, 394), 'rel': (13, -1), 'buttons': (0, 0, 0), 'window': None})>
2019-07-17 08:32:50,928 - BDM-WAM 1563348768.9604034 - INFO - <Event(4-MouseMotion {'pos': (661, 393), 'rel': (9, -1), 'buttons': (0, 0, 0), 'window': None})>
2019-07-17 08:32:50,944 - BDM-WAM 1563348768.9604034 - INFO - <Event(4-MouseMotion {'pos': (667, 391), 'rel': (6, -2), 'buttons': (0, 0, 0), 'window': None})>
2019-07-17 08:32:50,964 - BDM-WAM 1563348768.9604034 - INFO - <Event(4-MouseMotion {'pos': (670, 391), 'rel': (3, 0), 'buttons': (0, 0, 0), 'window': None})>
2019-07-17 08:32:50,980 - BDM-WAM 1563348768.9604034 - INFO - <Event(4-MouseMotion {'pos': (671, 391), 'rel': (1, 0), 'buttons': (0, 0, 0), 'window': None})>
2019-07-17 08:32:51,001 - BDM-WAM 1563348768.9604034 - INFO - <Event(5-MouseButtonDown {'pos': (673, 392), 'button': 1, 'window': None})>
2019-07-17 08:32:51,013 - BDM-WAM 1563348768.9604034 - INFO - <Event(4-MouseMotion {'pos': (673, 395), 'rel': (0, 3), 'buttons': (1, 0, 0), 'window': None})>
2019-07-17 08:32:51,126 - BDM-WAM 1563348768.9604034 - INFO - <Event(6-MouseButtonUp {'pos': (673, 395), 'button': 1, 'window': None})>
2019-07-17 08:32:51,383 - BDM-WAM 1563348768.9604034 - INFO - <Event(4-MouseMotion {'pos': (654, 375), 'rel': (-19, -20), 'buttons': (0, 0, 0), 'window': None})>
2019-07-17 08:32:51,386 - BDM-WAM 1563348768.9604034 - INFO - <Event(4-MouseMotion {'pos': (651, 372), 'rel': (-3, -3), 'buttons': (0, 0, 0), 'window': None})>
2019-07-17 08:32:51,402 - BDM-WAM 1563348768.9604034 - INFO - <Event(4-MouseMotion {'pos': (644, 367), 'rel': (-7, -5), 'buttons': (0, 0, 0), 'window': None})>
2019-07-17 08:32:51,419 - BDM-WAM 1563348768.9604034 - INFO - <Event(4-MouseMotion {'pos': (636, 363), 'rel': (-8, -4), 'buttons': (0, 0, 0), 'window': None})>
2019-07-17 08:32:51,436 - BDM-WAM 1563348768.9604034 - INFO - <Event(4-MouseMotion {'pos': (626, 359), 'rel': (-10, -4), 'buttons': (0, 0, 0), 'window': None})>
2019-07-17 08:32:51,491 - BDM-WAM 1563348768.9604034 - INFO - <Event(4-MouseMotion {'pos': (575, 325), 'rel': (-51, -34), 'buttons': (0, 0, 0), 'window': None})>
2019-07-17 08:32:51,511 - BDM-WAM 1563348768.9604034 - INFO - <Event(4-MouseMotion {'pos': (567, 271), 'rel': (-8, -54), 'buttons': (0, 0, 0), 'window': None})>
2019-07-17 08:32:51,964 - BDM-WAM 1563348768.9604034 - INFO - <Event(4-MouseMotion {'pos': (550, 263), 'rel': (-17, -8), 'buttons': (0, 0, 0), 'window': None})>
2019-07-17 08:32:51,980 - BDM-WAM 1563348768.9604034 - INFO - <Event(4-MouseMotion {'pos': (544, 256), 'rel': (-6, -7), 'buttons': (0, 0, 0), 'window': None})>
2019-07-17 08:32:51,997 - BDM-WAM 1563348768.9604034 - INFO - <Event(4-MouseMotion {'pos': (539, 238), 'rel': (-5, -18), 'buttons': (0, 0, 0), 'window': None})>
2019-07-17 08:32:52,012 - BDM-WAM 1563348768.9604034 - INFO - <Event(4-MouseMotion {'pos': (539, 217), 'rel': (0, -21), 'buttons': (0, 0, 0), 'window': None})>
2019-07-17 08:32:52,029 - BDM-WAM 1563348768.9604034 - INFO - <Event(4-MouseMotion {'pos': (542, 200), 'rel': (3, -17), 'buttons': (0, 0, 0), 'window': None})>
2019-07-17 08:32:52,045 - BDM-WAM 1563348768.9604034 - INFO - <Event(4-MouseMotion {'pos': (544, 191), 'rel': (2, -9), 'buttons': (0, 0, 0), 'window': None})>
2019-07-17 08:32:52,066 - BDM-WAM 1563348768.9604034 - INFO - <Event(5-MouseButtonDown {'pos': (545, 190), 'button': 1, 'window': None})>
2019-07-17 08:32:52,068 - BDM-WAM 1563348768.9604034 - INFO - <Event(4-MouseMotion {'pos': (545, 188), 'rel': (0, -2), 'buttons': (1, 0, 0), 'window': None})>
2019-07-17 08:32:52,079 - BDM-WAM 1563348768.9604034 - INFO - <Event(4-MouseMotion {'pos': (545, 187), 'rel': (0, -1), 'buttons': (1, 0, 0), 'window': None})>
2019-07-17 08:32:52,094 - BDM-WAM 1563348768.9604034 - INFO - <Event(4-MouseMotion {'pos': (545, 185), 'rel': (0, -2), 'buttons': (1, 0, 0), 'window': None})>
2019-07-17 08:32:52,110 - BDM-WAM 1563348768.9604034 - INFO - <Event(4-MouseMotion {'pos': (546, 183), 'rel': (1, -2), 'buttons': (1, 0, 0), 'window': None})>
2019-07-17 08:32:52,126 - BDM-WAM 1563348768.9604034 - INFO - <Event(4-MouseMotion {'pos': (547, 180), 'rel': (1, -3), 'buttons': (1, 0, 0), 'window': None})>
2019-07-17 08:32:52,141 - BDM-WAM 1563348768.9604034 - INFO - <Event(4-MouseMotion {'pos': (549, 177), 'rel': (2, -3), 'buttons': (1, 0, 0), 'window': None})>
2019-07-17 08:32:52,158 - BDM-WAM 1563348768.9604034 - INFO - <Event(4-MouseMotion {'pos': (550, 174), 'rel': (1, -3), 'buttons': (1, 0, 0), 'window': None})>
2019-07-17 08:32:52,175 - BDM-WAM 1563348768.9604034 - INFO - <Event(4-MouseMotion {'pos': (551, 173), 'rel': (1, -1), 'buttons': (1, 0, 0), 'window': None})>
2019-07-17 08:32:52,197 - BDM-WAM 1563348768.9604034 - INFO - <Event(6-MouseButtonUp {'pos': (551, 171), 'button': 1, 'window': None})>
2019-07-17 08:32:52,198 - BDM-WAM 1563348768.9604034 - INFO - <Event(4-MouseMotion {'pos': (552, 170), 'rel': (1, -1), 'buttons': (0, 0, 0), 'window': None})>
2019-07-17 08:32:52,211 - BDM-WAM 1563348768.9604034 - INFO - <Event(4-MouseMotion {'pos': (554, 166), 'rel': (2, -4), 'buttons': (0, 0, 0), 'window': None})>
2019-07-17 08:32:52,226 - BDM-WAM 1563348768.9604034 - INFO - <Event(4-MouseMotion {'pos': (557, 159), 'rel': (3, -7), 'buttons': (0, 0, 0), 'window': None})>
2019-07-17 08:32:52,241 - BDM-WAM 1563348768.9604034 - INFO - <Event(4-MouseMotion {'pos': (558, 154), 'rel': (1, -5), 'buttons': (0, 0, 0), 'window': None})>
2019-07-17 08:32:52,258 - BDM-WAM 1563348768.9604034 - INFO - <Event(4-MouseMotion {'pos': (562, 145), 'rel': (4, -9), 'buttons': (0, 0, 0), 'window': None})>
2019-07-17 08:32:52,274 - BDM-WAM 1563348768.9604034 - INFO - <Event(4-MouseMotion {'pos': (570, 132), 'rel': (8, -13), 'buttons': (0, 0, 0), 'window': None})>
2019-07-17 08:32:52,291 - BDM-WAM 1563348768.9604034 - INFO - <Event(4-MouseMotion {'pos': (579, 115), 'rel': (9, -17), 'buttons': (0, 0, 0), 'window': None})>
2019-07-17 08:32:52,311 - BDM-WAM 1563348768.9604034 - INFO - <Event(4-MouseMotion {'pos': (601, 79), 'rel': (22, -36), 'buttons': (0, 0, 0), 'window': None})>
2019-07-17 08:32:52,326 - BDM-WAM 1563348768.9604034 - INFO - <Event(4-MouseMotion {'pos': (614, 60), 'rel': (13, -19), 'buttons': (0, 0, 0), 'window': None})>
2019-07-17 08:32:52,341 - BDM-WAM 1563348768.9604034 - INFO - <Event(4-MouseMotion {'pos': (625, 48), 'rel': (11, -12), 'buttons': (0, 0, 0), 'window': None})>
2019-07-17 08:32:52,357 - BDM-WAM 1563348768.9604034 - INFO - <Event(4-MouseMotion {'pos': (635, 40), 'rel': (10, -8), 'buttons': (0, 0, 0), 'window': None})>
2019-07-17 08:32:52,374 - BDM-WAM 1563348768.9604034 - INFO - <Event(4-MouseMotion {'pos': (643, 35), 'rel': (8, -5), 'buttons': (0, 0, 0), 'window': None})>
2019-07-17 08:32:52,390 - BDM-WAM 1563348768.9604034 - INFO - <Event(4-MouseMotion {'pos': (647, 33), 'rel': (4, -2), 'buttons': (0, 0, 0), 'window': None})>
2019-07-17 08:32:52,406 - BDM-WAM 1563348768.9604034 - INFO - <Event(4-MouseMotion {'pos': (650, 32), 'rel': (3, -1), 'buttons': (0, 0, 0), 'window': None})>
2019-07-17 08:32:52,463 - BDM-WAM 1563348768.9604034 - INFO - <Event(4-MouseMotion {'pos': (654, 31), 'rel': (4, -1), 'buttons': (0, 0, 0), 'window': None})>
2019-07-17 08:32:52,578 - BDM-WAM 1563348768.9604034 - INFO - <Event(5-MouseButtonDown {'pos': (654, 32), 'button': 1, 'window': None})>
2019-07-17 08:32:52,580 - BDM-WAM 1563348768.9604034 - INFO - <Event(4-MouseMotion {'pos': (651, 38), 'rel': (-3, 6), 'buttons': (1, 0, 0), 'window': None})>
2019-07-17 08:32:52,598 - BDM-WAM 1563348768.9604034 - INFO - <Event(4-MouseMotion {'pos': (650, 41), 'rel': (-1, 3), 'buttons': (1, 0, 0), 'window': None})>
2019-07-17 08:32:52,614 - BDM-WAM 1563348768.9604034 - INFO - <Event(4-MouseMotion {'pos': (650, 43), 'rel': (0, 2), 'buttons': (1, 0, 0), 'window': None})>
2019-07-17 08:32:52,681 - BDM-WAM 1563348768.9604034 - INFO - <Event(4-MouseMotion {'pos': (650, 47), 'rel': (0, 4), 'buttons': (1, 0, 0), 'window': None})>
2019-07-17 08:32:52,720 - BDM-WAM 1563348768.9604034 - INFO - <Event(6-MouseButtonUp {'pos': (650, 48), 'button': 1, 'window': None})>
2019-07-17 08:32:52,803 - BDM-WAM 1563348768.9604034 - INFO - <Event(4-MouseMotion {'pos': (650, 49), 'rel': (0, 1), 'buttons': (0, 0, 0), 'window': None})>
2019-07-17 08:32:52,818 - BDM-WAM 1563348768.9604034 - INFO - <Event(4-MouseMotion {'pos': (650, 50), 'rel': (0, 1), 'buttons': (0, 0, 0), 'window': None})>
2019-07-17 08:32:52,835 - BDM-WAM 1563348768.9604034 - INFO - <Event(4-MouseMotion {'pos': (650, 51), 'rel': (0, 1), 'buttons': (0, 0, 0), 'window': None})>
2019-07-17 08:32:52,868 - BDM-WAM 1563348768.9604034 - INFO - <Event(4-MouseMotion {'pos': (650, 52), 'rel': (0, 1), 'buttons': (0, 0, 0), 'window': None})>
2019-07-17 08:32:52,885 - BDM-WAM 1563348768.9604034 - INFO - <Event(4-MouseMotion {'pos': (650, 53), 'rel': (0, 1), 'buttons': (0, 0, 0), 'window': None})>
2019-07-17 08:32:52,902 - BDM-WAM 1563348768.9604034 - INFO - <Event(4-MouseMotion {'pos': (650, 56), 'rel': (0, 3), 'buttons': (0, 0, 0), 'window': None})>
2019-07-17 08:32:52,918 - BDM-WAM 1563348768.9604034 - INFO - <Event(4-MouseMotion {'pos': (649, 59), 'rel': (-1, 3), 'buttons': (0, 0, 0), 'window': None})>
2019-07-17 08:32:52,935 - BDM-WAM 1563348768.9604034 - INFO - <Event(4-MouseMotion {'pos': (648, 65), 'rel': (-1, 6), 'buttons': (0, 0, 0), 'window': None})>
2019-07-17 08:32:52,952 - BDM-WAM 1563348768.9604034 - INFO - <Event(4-MouseMotion {'pos': (647, 70), 'rel': (-1, 5), 'buttons': (0, 0, 0), 'window': None})>
2019-07-17 08:32:52,971 - BDM-WAM 1563348768.9604034 - INFO - <Event(4-MouseMotion {'pos': (646, 75), 'rel': (-1, 5), 'buttons': (0, 0, 0), 'window': None})>
2019-07-17 08:32:52,986 - BDM-WAM 1563348768.9604034 - INFO - <Event(4-MouseMotion {'pos': (646, 78), 'rel': (0, 3), 'buttons': (0, 0, 0), 'window': None})>
2019-07-17 08:32:53,002 - BDM-WAM 1563348768.9604034 - INFO - <Event(4-MouseMotion {'pos': (646, 79), 'rel': (0, 1), 'buttons': (0, 0, 0), 'window': None})>
2019-07-17 08:32:53,018 - BDM-WAM 1563348768.9604034 - INFO - <Event(4-MouseMotion {'pos': (646, 81), 'rel': (0, 2), 'buttons': (0, 0, 0), 'window': None})>
2019-07-17 08:32:53,034 - BDM-WAM 1563348768.9604034 - INFO - <Event(4-MouseMotion {'pos': (646, 82), 'rel': (0, 1), 'buttons': (0, 0, 0), 'window': None})>
2019-07-17 08:32:53,051 - BDM-WAM 1563348768.9604034 - INFO - <Event(4-MouseMotion {'pos': (646, 83), 'rel': (0, 1), 'buttons': (0, 0, 0), 'window': None})>
2019-07-17 08:32:53,102 - BDM-WAM 1563348768.9604034 - INFO - <Event(4-MouseMotion {'pos': (646, 84), 'rel': (0, 1), 'buttons': (0, 0, 0), 'window': None})>
2019-07-17 08:32:53,207 - BDM-WAM 1563348768.9604034 - INFO - <Event(5-MouseButtonDown {'pos': (646, 84), 'button': 1, 'window': None})>
2019-07-17 08:32:53,279 - BDM-WAM 1563348768.9604034 - INFO - <Event(6-MouseButtonUp {'pos': (646, 84), 'button': 1, 'window': None})>
2019-07-17 08:32:53,541 - BDM-WAM 1563348768.9604034 - INFO - <Event(4-MouseMotion {'pos': (646, 85), 'rel': (0, 1), 'buttons': (0, 0, 0), 'window': None})>
2019-07-17 08:32:53,557 - BDM-WAM 1563348768.9604034 - INFO - <Event(4-MouseMotion {'pos': (648, 91), 'rel': (2, 6), 'buttons': (0, 0, 0), 'window': None})>
2019-07-17 08:32:53,574 - BDM-WAM 1563348768.9604034 - INFO - <Event(4-MouseMotion {'pos': (650, 124), 'rel': (2, 33), 'buttons': (0, 0, 0), 'window': None})>
2019-07-17 08:32:53,592 - BDM-WAM 1563348768.9604034 - INFO - <Event(4-MouseMotion {'pos': (654, 171), 'rel': (4, 47), 'buttons': (0, 0, 0), 'window': None})>
2019-07-17 08:32:53,608 - BDM-WAM 1563348768.9604034 - INFO - <Event(4-MouseMotion {'pos': (652, 231), 'rel': (-2, 60), 'buttons': (0, 0, 0), 'window': None})>
2019-07-17 08:32:53,625 - BDM-WAM 1563348768.9604034 - INFO - <Event(4-MouseMotion {'pos': (649, 253), 'rel': (-3, 22), 'buttons': (0, 0, 0), 'window': None})>
2019-07-17 08:32:53,641 - BDM-WAM 1563348768.9604034 - INFO - <Event(4-MouseMotion {'pos': (648, 266), 'rel': (-1, 13), 'buttons': (0, 0, 0), 'window': None})>
2019-07-17 08:32:53,657 - BDM-WAM 1563348768.9604034 - INFO - <Event(4-MouseMotion {'pos': (647, 275), 'rel': (-1, 9), 'buttons': (0, 0, 0), 'window': None})>
2019-07-17 08:32:53,674 - BDM-WAM 1563348768.9604034 - INFO - <Event(4-MouseMotion {'pos': (646, 282), 'rel': (-1, 7), 'buttons': (0, 0, 0), 'window': None})>
2019-07-17 08:32:53,689 - BDM-WAM 1563348768.9604034 - INFO - <Event(4-MouseMotion {'pos': (646, 287), 'rel': (0, 5), 'buttons': (0, 0, 0), 'window': None})>
2019-07-17 08:32:53,708 - BDM-WAM 1563348768.9604034 - INFO - <Event(4-MouseMotion {'pos': (646, 293), 'rel': (0, 6), 'buttons': (0, 0, 0), 'window': None})>
2019-07-17 08:32:53,724 - BDM-WAM 1563348768.9604034 - INFO - <Event(4-MouseMotion {'pos': (646, 295), 'rel': (0, 2), 'buttons': (0, 0, 0), 'window': None})>
2019-07-17 08:32:53,741 - BDM-WAM 1563348768.9604034 - INFO - <Event(4-MouseMotion {'pos': (646, 299), 'rel': (0, 4), 'buttons': (0, 0, 0), 'window': None})>
2019-07-17 08:32:53,757 - BDM-WAM 1563348768.9604034 - INFO - <Event(4-MouseMotion {'pos': (646, 301), 'rel': (0, 2), 'buttons': (0, 0, 0), 'window': None})>
2019-07-17 08:32:53,774 - BDM-WAM 1563348768.9604034 - INFO - <Event(4-MouseMotion {'pos': (646, 302), 'rel': (0, 1), 'buttons': (0, 0, 0), 'window': None})>
2019-07-17 08:32:53,793 - BDM-WAM 1563348768.9604034 - INFO - <Event(4-MouseMotion {'pos': (646, 303), 'rel': (0, 1), 'buttons': (0, 0, 0), 'window': None})>
2019-07-17 08:32:53,859 - BDM-WAM 1563348768.9604034 - INFO - <Event(4-MouseMotion {'pos': (646, 299), 'rel': (0, -4), 'buttons': (0, 0, 0), 'window': None})>
2019-07-17 08:32:53,878 - BDM-WAM 1563348768.9604034 - INFO - <Event(4-MouseMotion {'pos': (651, 288), 'rel': (5, -11), 'buttons': (0, 0, 0), 'window': None})>
2019-07-17 08:32:53,894 - BDM-WAM 1563348768.9604034 - INFO - <Event(4-MouseMotion {'pos': (662, 268), 'rel': (11, -20), 'buttons': (0, 0, 0), 'window': None})>
2019-07-17 08:32:53,908 - BDM-WAM 1563348768.9604034 - INFO - <Event(4-MouseMotion {'pos': (669, 257), 'rel': (7, -11), 'buttons': (0, 0, 0), 'window': None})>
2019-07-17 08:32:53,925 - BDM-WAM 1563348768.9604034 - INFO - <Event(4-MouseMotion {'pos': (674, 251), 'rel': (5, -6), 'buttons': (0, 0, 0), 'window': None})>
2019-07-17 08:32:53,940 - BDM-WAM 1563348768.9604034 - INFO - <Event(4-MouseMotion {'pos': (676, 248), 'rel': (2, -3), 'buttons': (0, 0, 0), 'window': None})>
2019-07-17 08:32:53,957 - BDM-WAM 1563348768.9604034 - INFO - <Event(4-MouseMotion {'pos': (678, 247), 'rel': (2, -1), 'buttons': (0, 0, 0), 'window': None})>
2019-07-17 08:32:53,975 - BDM-WAM 1563348768.9604034 - INFO - <Event(4-MouseMotion {'pos': (678, 245), 'rel': (0, -2), 'buttons': (0, 0, 0), 'window': None})>
2019-07-17 08:32:53,993 - BDM-WAM 1563348768.9604034 - INFO - <Event(4-MouseMotion {'pos': (680, 245), 'rel': (2, 0), 'buttons': (0, 0, 0), 'window': None})>
2019-07-17 08:32:54,009 - BDM-WAM 1563348768.9604034 - INFO - <Event(4-MouseMotion {'pos': (682, 246), 'rel': (2, 1), 'buttons': (0, 0, 0), 'window': None})>
2019-07-17 08:32:54,025 - BDM-WAM 1563348768.9604034 - INFO - <Event(4-MouseMotion {'pos': (683, 247), 'rel': (1, 1), 'buttons': (0, 0, 0), 'window': None})>
2019-07-17 08:32:54,041 - BDM-WAM 1563348768.9604034 - INFO - <Event(4-MouseMotion {'pos': (684, 249), 'rel': (1, 2), 'buttons': (0, 0, 0), 'window': None})>
2019-07-17 08:32:54,064 - BDM-WAM 1563348768.9604034 - INFO - <Event(5-MouseButtonDown {'pos': (684, 249), 'button': 1, 'window': None})>
2019-07-17 08:32:54,066 - BDM-WAM 1563348768.9604034 - INFO - <Event(4-MouseMotion {'pos': (684, 251), 'rel': (0, 2), 'buttons': (1, 0, 0), 'window': None})>
2019-07-17 08:32:54,118 - BDM-WAM 1563348768.9604034 - INFO - <Event(4-MouseMotion {'pos': (685, 255), 'rel': (1, 4), 'buttons': (1, 0, 0), 'window': None})>
2019-07-17 08:32:54,121 - BDM-WAM 1563348768.9604034 - INFO - <Event(4-MouseMotion {'pos': (685, 256), 'rel': (0, 1), 'buttons': (1, 0, 0), 'window': None})>
2019-07-17 08:32:54,137 - BDM-WAM 1563348768.9604034 - INFO - <Event(4-MouseMotion {'pos': (685, 257), 'rel': (0, 1), 'buttons': (1, 0, 0), 'window': None})>
2019-07-17 08:32:54,169 - BDM-WAM 1563348768.9604034 - INFO - <Event(4-MouseMotion {'pos': (685, 258), 'rel': (0, 1), 'buttons': (1, 0, 0), 'window': None})>
2019-07-17 08:32:54,202 - BDM-WAM 1563348768.9604034 - INFO - <Event(6-MouseButtonUp {'pos': (685, 258), 'button': 1, 'window': None})>
2019-07-17 08:32:54,448 - BDM-WAM 1563348768.9604034 - INFO - <Event(4-MouseMotion {'pos': (688, 257), 'rel': (3, -1), 'buttons': (0, 0, 0), 'window': None})>
2019-07-17 08:32:54,468 - BDM-WAM 1563348768.9604034 - INFO - <Event(4-MouseMotion {'pos': (691, 252), 'rel': (3, -5), 'buttons': (0, 0, 0), 'window': None})>
2019-07-17 08:32:55,067 - BDM-WAM 1563348768.9604034 - INFO - <Event(2-KeyDown {'unicode': 'p', 'key': 112, 'mod': 0, 'scancode': 25, 'window': None})>
2019-07-17 08:32:55,756 - BDM-WAM 1563348768.9604034 - INFO - ************* HAPPY ANALYSING... SCRIPT COMPLETE!!! ************* 
