2019-11-22 08:51:59,773 - BDM-WAM 1574412719.676558 - INFO - <Event(17-VideoExpose {})>
2019-11-22 08:52:00,904 - BDM-WAM 1574412719.676558 - INFO - <Event(1-ActiveEvent {'gain': 0, 'state': 1})>
2019-11-22 08:52:00,905 - BDM-WAM 1574412719.676558 - INFO - <Event(4-MouseMotion {'rel': (526, 276), 'buttons': (0, 0, 0), 'pos': (525, 275), 'window': None})>
2019-11-22 08:52:01,063 - BDM-WAM 1574412719.676558 - INFO - <Event(3-KeyUp {'scancode': 46, 'key': 99, 'window': None, 'mod': 0})>
2019-11-22 08:52:01,355 - BDM-WAM 1574412719.676558 - INFO - <Event(4-MouseMotion {'rel': (2, 0), 'buttons': (0, 0, 0), 'pos': (522, 274), 'window': None})>
2019-11-22 08:52:01,372 - BDM-WAM 1574412719.676558 - INFO - <Event(4-MouseMotion {'rel': (25, 7), 'buttons': (0, 0, 0), 'pos': (547, 281), 'window': None})>
2019-11-22 08:52:01,389 - BDM-WAM 1574412719.676558 - INFO - <Event(4-MouseMotion {'rel': (67, 23), 'buttons': (0, 0, 0), 'pos': (614, 304), 'window': None})>
2019-11-22 08:52:01,407 - BDM-WAM 1574412719.676558 - INFO - <Event(4-MouseMotion {'rel': (124, 46), 'buttons': (0, 0, 0), 'pos': (738, 350), 'window': None})>
2019-11-22 08:52:01,424 - BDM-WAM 1574412719.676558 - INFO - <Event(4-MouseMotion {'rel': (55, 46), 'buttons': (0, 0, 0), 'pos': (793, 396), 'window': None})>
2019-11-22 08:52:01,442 - BDM-WAM 1574412719.676558 - INFO - <Event(4-MouseMotion {'rel': (6, 31), 'buttons': (0, 0, 0), 'pos': (799, 427), 'window': None})>
2019-11-22 08:52:01,476 - BDM-WAM 1574412719.676558 - INFO - <Event(1-ActiveEvent {'gain': 0, 'state': 1})>
2019-11-22 08:52:01,476 - BDM-WAM 1574412719.676558 - INFO - <Event(1-ActiveEvent {'gain': 1, 'state': 1})>
2019-11-22 08:52:01,476 - BDM-WAM 1574412719.676558 - INFO - <Event(4-MouseMotion {'rel': (-4, 37), 'buttons': (0, 0, 0), 'pos': (795, 464), 'window': None})>
2019-11-22 08:52:01,516 - BDM-WAM 1574412719.676558 - INFO - <Event(4-MouseMotion {'rel': (0, -2), 'buttons': (0, 0, 0), 'pos': (795, 462), 'window': None})>
2019-11-22 08:52:01,534 - BDM-WAM 1574412719.676558 - INFO - <Event(1-ActiveEvent {'gain': 0, 'state': 1})>
2019-11-22 08:52:01,535 - BDM-WAM 1574412719.676558 - INFO - <Event(1-ActiveEvent {'gain': 1, 'state': 1})>
2019-11-22 08:52:01,535 - BDM-WAM 1574412719.676558 - INFO - <Event(4-MouseMotion {'rel': (4, -40), 'buttons': (0, 0, 0), 'pos': (799, 422), 'window': None})>
2019-11-22 08:52:01,550 - BDM-WAM 1574412719.676558 - INFO - <Event(4-MouseMotion {'rel': (0, -57), 'buttons': (0, 0, 0), 'pos': (799, 365), 'window': None})>
2019-11-22 08:52:01,566 - BDM-WAM 1574412719.676558 - INFO - <Event(1-ActiveEvent {'gain': 0, 'state': 1})>
2019-11-22 08:52:01,685 - BDM-WAM 1574412719.676558 - INFO - <Event(1-ActiveEvent {'gain': 1, 'state': 1})>
2019-11-22 08:52:01,685 - BDM-WAM 1574412719.676558 - INFO - <Event(4-MouseMotion {'rel': (-10, -322), 'buttons': (0, 0, 0), 'pos': (789, 43), 'window': None})>
2019-11-22 08:52:01,702 - BDM-WAM 1574412719.676558 - INFO - <Event(4-MouseMotion {'rel': (-18, -19), 'buttons': (0, 0, 0), 'pos': (771, 24), 'window': None})>
2019-11-22 08:52:01,719 - BDM-WAM 1574412719.676558 - INFO - <Event(4-MouseMotion {'rel': (-13, -11), 'buttons': (0, 0, 0), 'pos': (758, 13), 'window': None})>
2019-11-22 08:52:01,737 - BDM-WAM 1574412719.676558 - INFO - <Event(4-MouseMotion {'rel': (-18, -10), 'buttons': (0, 0, 0), 'pos': (740, 3), 'window': None})>
2019-11-22 08:52:01,754 - BDM-WAM 1574412719.676558 - INFO - <Event(1-ActiveEvent {'gain': 0, 'state': 1})>
2019-11-22 08:52:01,807 - BDM-WAM 1574412719.676558 - INFO - <Event(1-ActiveEvent {'gain': 1, 'state': 1})>
2019-11-22 08:52:01,807 - BDM-WAM 1574412719.676558 - INFO - <Event(4-MouseMotion {'rel': (-26, 2), 'buttons': (0, 0, 0), 'pos': (714, 5), 'window': None})>
2019-11-22 08:52:01,821 - BDM-WAM 1574412719.676558 - INFO - <Event(4-MouseMotion {'rel': (-6, 5), 'buttons': (0, 0, 0), 'pos': (708, 10), 'window': None})>
2019-11-22 08:52:01,838 - BDM-WAM 1574412719.676558 - INFO - <Event(4-MouseMotion {'rel': (-6, 6), 'buttons': (0, 0, 0), 'pos': (702, 16), 'window': None})>
2019-11-22 08:52:01,856 - BDM-WAM 1574412719.676558 - INFO - <Event(4-MouseMotion {'rel': (-6, 5), 'buttons': (0, 0, 0), 'pos': (696, 21), 'window': None})>
2019-11-22 08:52:01,874 - BDM-WAM 1574412719.676558 - INFO - <Event(4-MouseMotion {'rel': (-4, 4), 'buttons': (0, 0, 0), 'pos': (692, 25), 'window': None})>
2019-11-22 08:52:01,892 - BDM-WAM 1574412719.676558 - INFO - <Event(4-MouseMotion {'rel': (-3, 1), 'buttons': (0, 0, 0), 'pos': (689, 26), 'window': None})>
2019-11-22 08:52:01,908 - BDM-WAM 1574412719.676558 - INFO - <Event(4-MouseMotion {'rel': (0, 1), 'buttons': (0, 0, 0), 'pos': (689, 27), 'window': None})>
2019-11-22 08:52:01,942 - BDM-WAM 1574412719.676558 - INFO - <Event(4-MouseMotion {'rel': (-1, 1), 'buttons': (0, 0, 0), 'pos': (688, 28), 'window': None})>
2019-11-22 08:52:01,958 - BDM-WAM 1574412719.676558 - INFO - <Event(4-MouseMotion {'rel': (-6, 3), 'buttons': (0, 0, 0), 'pos': (682, 31), 'window': None})>
2019-11-22 08:52:01,975 - BDM-WAM 1574412719.676558 - INFO - <Event(4-MouseMotion {'rel': (-8, 5), 'buttons': (0, 0, 0), 'pos': (674, 36), 'window': None})>
2019-11-22 08:52:01,991 - BDM-WAM 1574412719.676558 - INFO - <Event(4-MouseMotion {'rel': (-6, 4), 'buttons': (0, 0, 0), 'pos': (668, 40), 'window': None})>
2019-11-22 08:52:02,009 - BDM-WAM 1574412719.676558 - INFO - <Event(4-MouseMotion {'rel': (-4, 2), 'buttons': (0, 0, 0), 'pos': (664, 42), 'window': None})>
2019-11-22 08:52:02,025 - BDM-WAM 1574412719.676558 - INFO - <Event(4-MouseMotion {'rel': (-1, 1), 'buttons': (0, 0, 0), 'pos': (663, 43), 'window': None})>
2019-11-22 08:52:02,042 - BDM-WAM 1574412719.676558 - INFO - <Event(4-MouseMotion {'rel': (0, 1), 'buttons': (0, 0, 0), 'pos': (663, 44), 'window': None})>
2019-11-22 08:52:02,077 - BDM-WAM 1574412719.676558 - INFO - <Event(5-MouseButtonDown {'button': 1, 'pos': (662, 45), 'window': None})>
2019-11-22 08:52:02,078 - BDM-WAM 1574412719.676558 - INFO - <Event(9.2-Fake Miss {'pos': (661,47),'distance: 68.26419266350405'window': None})>
2019-11-22 08:52:02,078 - BDM-WAM 1574412719.676558 - INFO - <Event(4-MouseMotion {'rel': (-1, 2), 'buttons': (1, 0, 0), 'pos': (661, 47), 'window': None})>
2019-11-22 08:52:02,094 - BDM-WAM 1574412719.676558 - INFO - <Event(4-MouseMotion {'rel': (-2, 5), 'buttons': (1, 0, 0), 'pos': (659, 52), 'window': None})>
2019-11-22 08:52:02,111 - BDM-WAM 1574412719.676558 - INFO - <Event(4-MouseMotion {'rel': (-5, 8), 'buttons': (1, 0, 0), 'pos': (654, 60), 'window': None})>
2019-11-22 08:52:02,128 - BDM-WAM 1574412719.676558 - INFO - <Event(4-MouseMotion {'rel': (-4, 8), 'buttons': (1, 0, 0), 'pos': (650, 68), 'window': None})>
2019-11-22 08:52:02,145 - BDM-WAM 1574412719.676558 - INFO - <Event(4-MouseMotion {'rel': (-3, 3), 'buttons': (1, 0, 0), 'pos': (647, 71), 'window': None})>
2019-11-22 08:52:02,181 - BDM-WAM 1574412719.676558 - INFO - <Event(4-MouseMotion {'rel': (0, 1), 'buttons': (1, 0, 0), 'pos': (647, 72), 'window': None})>
2019-11-22 08:52:02,287 - BDM-WAM 1574412719.676558 - INFO - <Event(6-MouseButtonUp {'button': 1, 'pos': (647, 72), 'window': None})>
2019-11-22 08:52:02,542 - BDM-WAM 1574412719.676558 - INFO - <Event(4-MouseMotion {'rel': (0, 7), 'buttons': (0, 0, 0), 'pos': (647, 79), 'window': None})>
2019-11-22 08:52:02,559 - BDM-WAM 1574412719.676558 - INFO - <Event(4-MouseMotion {'rel': (1, 12), 'buttons': (0, 0, 0), 'pos': (648, 91), 'window': None})>
2019-11-22 08:52:02,576 - BDM-WAM 1574412719.676558 - INFO - <Event(4-MouseMotion {'rel': (1, 12), 'buttons': (0, 0, 0), 'pos': (649, 103), 'window': None})>
2019-11-22 08:52:02,593 - BDM-WAM 1574412719.676558 - INFO - <Event(4-MouseMotion {'rel': (-2, 14), 'buttons': (0, 0, 0), 'pos': (647, 117), 'window': None})>
2019-11-22 08:52:02,610 - BDM-WAM 1574412719.676558 - INFO - <Event(4-MouseMotion {'rel': (-2, 17), 'buttons': (0, 0, 0), 'pos': (645, 134), 'window': None})>
2019-11-22 08:52:02,626 - BDM-WAM 1574412719.676558 - INFO - <Event(4-MouseMotion {'rel': (-3, 16), 'buttons': (0, 0, 0), 'pos': (642, 150), 'window': None})>
2019-11-22 08:52:02,644 - BDM-WAM 1574412719.676558 - INFO - <Event(4-MouseMotion {'rel': (-2, 14), 'buttons': (0, 0, 0), 'pos': (640, 164), 'window': None})>
2019-11-22 08:52:02,660 - BDM-WAM 1574412719.676558 - INFO - <Event(4-MouseMotion {'rel': (0, 6), 'buttons': (0, 0, 0), 'pos': (640, 170), 'window': None})>
2019-11-22 08:52:02,677 - BDM-WAM 1574412719.676558 - INFO - <Event(4-MouseMotion {'rel': (0, 1), 'buttons': (0, 0, 0), 'pos': (640, 171), 'window': None})>
2019-11-22 08:52:02,694 - BDM-WAM 1574412719.676558 - INFO - <Event(4-MouseMotion {'rel': (-3, 9), 'buttons': (0, 0, 0), 'pos': (637, 180), 'window': None})>
2019-11-22 08:52:02,712 - BDM-WAM 1574412719.676558 - INFO - <Event(4-MouseMotion {'rel': (-3, 14), 'buttons': (0, 0, 0), 'pos': (634, 194), 'window': None})>
2019-11-22 08:52:02,729 - BDM-WAM 1574412719.676558 - INFO - <Event(4-MouseMotion {'rel': (-5, 15), 'buttons': (0, 0, 0), 'pos': (629, 209), 'window': None})>
2019-11-22 08:52:02,746 - BDM-WAM 1574412719.676558 - INFO - <Event(4-MouseMotion {'rel': (-11, 19), 'buttons': (0, 0, 0), 'pos': (618, 228), 'window': None})>
2019-11-22 08:52:02,762 - BDM-WAM 1574412719.676558 - INFO - <Event(4-MouseMotion {'rel': (-19, 21), 'buttons': (0, 0, 0), 'pos': (599, 249), 'window': None})>
2019-11-22 08:52:02,780 - BDM-WAM 1574412719.676558 - INFO - <Event(4-MouseMotion {'rel': (-28, 25), 'buttons': (0, 0, 0), 'pos': (571, 274), 'window': None})>
2019-11-22 08:52:02,796 - BDM-WAM 1574412719.676558 - INFO - <Event(4-MouseMotion {'rel': (-42, 25), 'buttons': (0, 0, 0), 'pos': (529, 299), 'window': None})>
2019-11-22 08:52:02,814 - BDM-WAM 1574412719.676558 - INFO - <Event(4-MouseMotion {'rel': (-57, 30), 'buttons': (0, 0, 0), 'pos': (472, 329), 'window': None})>
2019-11-22 08:52:02,830 - BDM-WAM 1574412719.676558 - INFO - <Event(4-MouseMotion {'rel': (-50, 29), 'buttons': (0, 0, 0), 'pos': (422, 358), 'window': None})>
2019-11-22 08:52:02,848 - BDM-WAM 1574412719.676558 - INFO - <Event(4-MouseMotion {'rel': (-43, 26), 'buttons': (0, 0, 0), 'pos': (379, 384), 'window': None})>
2019-11-22 08:52:02,866 - BDM-WAM 1574412719.676558 - INFO - <Event(4-MouseMotion {'rel': (-19, 14), 'buttons': (0, 0, 0), 'pos': (360, 398), 'window': None})>
2019-11-22 08:52:02,906 - BDM-WAM 1574412719.676558 - INFO - <Event(4-MouseMotion {'rel': (-17, 22), 'buttons': (0, 0, 0), 'pos': (343, 420), 'window': None})>
2019-11-22 08:52:02,908 - BDM-WAM 1574412719.676558 - INFO - <Event(4-MouseMotion {'rel': (-1, 3), 'buttons': (0, 0, 0), 'pos': (342, 423), 'window': None})>
2019-11-22 08:52:02,926 - BDM-WAM 1574412719.676558 - INFO - <Event(4-MouseMotion {'rel': (-3, 15), 'buttons': (0, 0, 0), 'pos': (339, 438), 'window': None})>
2019-11-22 08:52:02,942 - BDM-WAM 1574412719.676558 - INFO - <Event(4-MouseMotion {'rel': (0, 16), 'buttons': (0, 0, 0), 'pos': (339, 454), 'window': None})>
2019-11-22 08:52:02,959 - BDM-WAM 1574412719.676558 - INFO - <Event(4-MouseMotion {'rel': (3, 36), 'buttons': (0, 0, 0), 'pos': (342, 490), 'window': None})>
2019-11-22 08:52:02,976 - BDM-WAM 1574412719.676558 - INFO - <Event(4-MouseMotion {'rel': (10, 43), 'buttons': (0, 0, 0), 'pos': (352, 533), 'window': None})>
2019-11-22 08:52:03,014 - BDM-WAM 1574412719.676558 - INFO - <Event(4-MouseMotion {'rel': (12, 46), 'buttons': (0, 0, 0), 'pos': (364, 579), 'window': None})>
2019-11-22 08:52:03,030 - BDM-WAM 1574412719.676558 - INFO - <Event(4-MouseMotion {'rel': (0, 6), 'buttons': (0, 0, 0), 'pos': (364, 585), 'window': None})>
2019-11-22 08:52:03,047 - BDM-WAM 1574412719.676558 - INFO - <Event(4-MouseMotion {'rel': (0, 4), 'buttons': (0, 0, 0), 'pos': (364, 589), 'window': None})>
2019-11-22 08:52:03,064 - BDM-WAM 1574412719.676558 - INFO - <Event(4-MouseMotion {'rel': (0, 4), 'buttons': (0, 0, 0), 'pos': (364, 593), 'window': None})>
2019-11-22 08:52:03,150 - BDM-WAM 1574412719.676558 - INFO - <Event(4-MouseMotion {'rel': (6, -7), 'buttons': (0, 0, 0), 'pos': (370, 586), 'window': None})>
2019-11-22 08:52:03,168 - BDM-WAM 1574412719.676558 - INFO - <Event(4-MouseMotion {'rel': (28, -38), 'buttons': (0, 0, 0), 'pos': (398, 548), 'window': None})>
2019-11-22 08:52:03,184 - BDM-WAM 1574412719.676558 - INFO - <Event(4-MouseMotion {'rel': (27, -37), 'buttons': (0, 0, 0), 'pos': (425, 511), 'window': None})>
2019-11-22 08:52:03,201 - BDM-WAM 1574412719.676558 - INFO - <Event(4-MouseMotion {'rel': (11, -35), 'buttons': (0, 0, 0), 'pos': (436, 476), 'window': None})>
2019-11-22 08:52:03,220 - BDM-WAM 1574412719.676558 - INFO - <Event(4-MouseMotion {'rel': (0, -32), 'buttons': (0, 0, 0), 'pos': (436, 444), 'window': None})>
2019-11-22 08:52:03,236 - BDM-WAM 1574412719.676558 - INFO - <Event(4-MouseMotion {'rel': (-7, -43), 'buttons': (0, 0, 0), 'pos': (429, 401), 'window': None})>
2019-11-22 08:52:03,254 - BDM-WAM 1574412719.676558 - INFO - <Event(4-MouseMotion {'rel': (-7, -33), 'buttons': (0, 0, 0), 'pos': (422, 368), 'window': None})>
2019-11-22 08:52:03,271 - BDM-WAM 1574412719.676558 - INFO - <Event(4-MouseMotion {'rel': (-10, -27), 'buttons': (0, 0, 0), 'pos': (412, 341), 'window': None})>
2019-11-22 08:52:03,287 - BDM-WAM 1574412719.676558 - INFO - <Event(4-MouseMotion {'rel': (-5, -14), 'buttons': (0, 0, 0), 'pos': (407, 327), 'window': None})>
2019-11-22 08:52:03,305 - BDM-WAM 1574412719.676558 - INFO - <Event(4-MouseMotion {'rel': (-2, -7), 'buttons': (0, 0, 0), 'pos': (405, 320), 'window': None})>
2019-11-22 08:52:03,321 - BDM-WAM 1574412719.676558 - INFO - <Event(4-MouseMotion {'rel': (0, -3), 'buttons': (0, 0, 0), 'pos': (405, 317), 'window': None})>
2019-11-22 08:52:03,339 - BDM-WAM 1574412719.676558 - INFO - <Event(4-MouseMotion {'rel': (0, -3), 'buttons': (0, 0, 0), 'pos': (405, 314), 'window': None})>
2019-11-22 08:52:03,356 - BDM-WAM 1574412719.676558 - INFO - <Event(4-MouseMotion {'rel': (1, -7), 'buttons': (0, 0, 0), 'pos': (406, 307), 'window': None})>
2019-11-22 08:52:03,372 - BDM-WAM 1574412719.676558 - INFO - <Event(4-MouseMotion {'rel': (8, -17), 'buttons': (0, 0, 0), 'pos': (414, 290), 'window': None})>
2019-11-22 08:52:03,389 - BDM-WAM 1574412719.676558 - INFO - <Event(4-MouseMotion {'rel': (12, -22), 'buttons': (0, 0, 0), 'pos': (426, 268), 'window': None})>
2019-11-22 08:52:03,406 - BDM-WAM 1574412719.676558 - INFO - <Event(4-MouseMotion {'rel': (13, -18), 'buttons': (0, 0, 0), 'pos': (439, 250), 'window': None})>
2019-11-22 08:52:03,424 - BDM-WAM 1574412719.676558 - INFO - <Event(4-MouseMotion {'rel': (12, -11), 'buttons': (0, 0, 0), 'pos': (451, 239), 'window': None})>
2019-11-22 08:52:03,442 - BDM-WAM 1574412719.676558 - INFO - <Event(4-MouseMotion {'rel': (14, -11), 'buttons': (0, 0, 0), 'pos': (465, 228), 'window': None})>
2019-11-22 08:52:03,459 - BDM-WAM 1574412719.676558 - INFO - <Event(4-MouseMotion {'rel': (14, -8), 'buttons': (0, 0, 0), 'pos': (479, 220), 'window': None})>
2019-11-22 08:52:03,476 - BDM-WAM 1574412719.676558 - INFO - <Event(4-MouseMotion {'rel': (19, -12), 'buttons': (0, 0, 0), 'pos': (498, 208), 'window': None})>
2019-11-22 08:52:03,492 - BDM-WAM 1574412719.676558 - INFO - <Event(4-MouseMotion {'rel': (17, -13), 'buttons': (0, 0, 0), 'pos': (515, 195), 'window': None})>
2019-11-22 08:52:03,509 - BDM-WAM 1574412719.676558 - INFO - <Event(4-MouseMotion {'rel': (16, -14), 'buttons': (0, 0, 0), 'pos': (531, 181), 'window': None})>
2019-11-22 08:52:03,526 - BDM-WAM 1574412719.676558 - INFO - <Event(4-MouseMotion {'rel': (14, -15), 'buttons': (0, 0, 0), 'pos': (545, 166), 'window': None})>
2019-11-22 08:52:03,542 - BDM-WAM 1574412719.676558 - INFO - <Event(4-MouseMotion {'rel': (5, -7), 'buttons': (0, 0, 0), 'pos': (550, 159), 'window': None})>
2019-11-22 08:52:03,559 - BDM-WAM 1574412719.676558 - INFO - <Event(4-MouseMotion {'rel': (2, -4), 'buttons': (0, 0, 0), 'pos': (552, 155), 'window': None})>
2019-11-22 08:52:03,576 - BDM-WAM 1574412719.676558 - INFO - <Event(4-MouseMotion {'rel': (0, -1), 'buttons': (0, 0, 0), 'pos': (552, 154), 'window': None})>
2019-11-22 08:52:03,645 - BDM-WAM 1574412719.676558 - INFO - <Event(5-MouseButtonDown {'button': 1, 'pos': (552, 154), 'window': None})>
2019-11-22 08:52:03,646 - BDM-WAM 1574412719.676558 - INFO - <Event(8-Pause {'reason': <bound method GameManager.pause of <game.GameManager object at 0x000001C858273DA0>> })>
2019-11-22 08:52:06,963 - BDM-WAM 1574412719.676558 - INFO - <Event(7-Rate {'': hit_conf50 })>
2019-11-22 08:52:07,291 - BDM-WAM 1574412719.676558 - INFO - <Event(7-Rate {'': reward_conf50 })>
2019-11-22 08:52:08,299 - BDM-WAM 1574412719.676558 - INFO - ************* HAPPY ANALYSING... LOG COMPLETE!!! ************* 
