2020-01-19 19:51:49,350 - BDM-WAM 1579463508.4046648 - INFO - <Event(17-VideoExpose {})>
2020-01-19 19:51:49,352 - BDM-WAM 1579463508.4046648 - INFO - <Event(1-ActiveEvent {'gain': 0, 'state': 1})>
2020-01-19 19:51:49,352 - BDM-WAM 1579463508.4046648 - INFO - <Event(4-MouseMotion {'pos': (453, 356), 'rel': (454, 357), 'buttons': (0, 0, 0), 'window': None})>
2020-01-19 19:51:49,352 - BDM-WAM 1579463508.4046648 - INFO - <Event(1-ActiveEvent {'gain': 1, 'state': 1})>
2020-01-19 19:51:49,396 - BDM-WAM 1579463508.4046648 - INFO - <Event(10-MoleUp) {'loc': (404,479)})>
2020-01-19 19:51:49,575 - BDM-WAM 1579463508.4046648 - INFO - <Event(3-KeyUp {'key': 99, 'mod': 0, 'scancode': 46, 'window': None})>
2020-01-19 19:51:49,696 - BDM-WAM 1579463508.4046648 - INFO - <Event(4-MouseMotion {'pos': (457, 378), 'rel': (3, 0), 'buttons': (0, 0, 0), 'window': None})>
2020-01-19 19:51:49,713 - BDM-WAM 1579463508.4046648 - INFO - <Event(4-MouseMotion {'pos': (464, 382), 'rel': (7, 4), 'buttons': (0, 0, 0), 'window': None})>
2020-01-19 19:51:49,730 - BDM-WAM 1579463508.4046648 - INFO - <Event(4-MouseMotion {'pos': (475, 387), 'rel': (11, 5), 'buttons': (0, 0, 0), 'window': None})>
2020-01-19 19:51:49,747 - BDM-WAM 1579463508.4046648 - INFO - <Event(4-MouseMotion {'pos': (479, 389), 'rel': (4, 2), 'buttons': (0, 0, 0), 'window': None})>
2020-01-19 19:51:49,764 - BDM-WAM 1579463508.4046648 - INFO - <Event(4-MouseMotion {'pos': (481, 389), 'rel': (2, 0), 'buttons': (0, 0, 0), 'window': None})>
2020-01-19 19:51:49,781 - BDM-WAM 1579463508.4046648 - INFO - <Event(4-MouseMotion {'pos': (483, 389), 'rel': (2, 0), 'buttons': (0, 0, 0), 'window': None})>
2020-01-19 19:51:49,798 - BDM-WAM 1579463508.4046648 - INFO - <Event(4-MouseMotion {'pos': (486, 389), 'rel': (3, 0), 'buttons': (0, 0, 0), 'window': None})>
2020-01-19 19:51:49,815 - BDM-WAM 1579463508.4046648 - INFO - <Event(4-MouseMotion {'pos': (487, 389), 'rel': (1, 0), 'buttons': (0, 0, 0), 'window': None})>
2020-01-19 19:51:49,916 - BDM-WAM 1579463508.4046648 - INFO - <Event(4-MouseMotion {'pos': (488, 389), 'rel': (1, 0), 'buttons': (0, 0, 0), 'window': None})>
2020-01-19 19:51:49,933 - BDM-WAM 1579463508.4046648 - INFO - <Event(4-MouseMotion {'pos': (489, 389), 'rel': (1, 0), 'buttons': (0, 0, 0), 'window': None})>
2020-01-19 19:51:49,968 - BDM-WAM 1579463508.4046648 - INFO - <Event(4-MouseMotion {'pos': (490, 389), 'rel': (1, 0), 'buttons': (0, 0, 0), 'window': None})>
2020-01-19 19:51:49,987 - BDM-WAM 1579463508.4046648 - INFO - <Event(4-MouseMotion {'pos': (492, 412), 'rel': (2, 23), 'buttons': (0, 0, 0), 'window': None})>
2020-01-19 19:51:50,003 - BDM-WAM 1579463508.4046648 - INFO - <Event(4-MouseMotion {'pos': (487, 447), 'rel': (-5, 35), 'buttons': (0, 0, 0), 'window': None})>
2020-01-19 19:51:50,020 - BDM-WAM 1579463508.4046648 - INFO - <Event(4-MouseMotion {'pos': (481, 479), 'rel': (-6, 32), 'buttons': (0, 0, 0), 'window': None})>
2020-01-19 19:51:50,037 - BDM-WAM 1579463508.4046648 - INFO - <Event(4-MouseMotion {'pos': (479, 499), 'rel': (-2, 20), 'buttons': (0, 0, 0), 'window': None})>
2020-01-19 19:51:50,054 - BDM-WAM 1579463508.4046648 - INFO - <Event(4-MouseMotion {'pos': (477, 510), 'rel': (-2, 11), 'buttons': (0, 0, 0), 'window': None})>
2020-01-19 19:51:50,071 - BDM-WAM 1579463508.4046648 - INFO - <Event(4-MouseMotion {'pos': (476, 514), 'rel': (-1, 4), 'buttons': (0, 0, 0), 'window': None})>
2020-01-19 19:51:50,088 - BDM-WAM 1579463508.4046648 - INFO - <Event(4-MouseMotion {'pos': (475, 515), 'rel': (-1, 1), 'buttons': (0, 0, 0), 'window': None})>
2020-01-19 19:51:50,104 - BDM-WAM 1579463508.4046648 - INFO - <Event(4-MouseMotion {'pos': (475, 517), 'rel': (0, 2), 'buttons': (0, 0, 0), 'window': None})>
2020-01-19 19:51:50,121 - BDM-WAM 1579463508.4046648 - INFO - <Event(4-MouseMotion {'pos': (474, 520), 'rel': (-1, 3), 'buttons': (0, 0, 0), 'window': None})>
2020-01-19 19:51:50,138 - BDM-WAM 1579463508.4046648 - INFO - <Event(4-MouseMotion {'pos': (473, 525), 'rel': (-1, 5), 'buttons': (0, 0, 0), 'window': None})>
2020-01-19 19:51:50,155 - BDM-WAM 1579463508.4046648 - INFO - <Event(4-MouseMotion {'pos': (471, 533), 'rel': (-2, 8), 'buttons': (0, 0, 0), 'window': None})>
2020-01-19 19:51:50,172 - BDM-WAM 1579463508.4046648 - INFO - <Event(4-MouseMotion {'pos': (471, 538), 'rel': (0, 5), 'buttons': (0, 0, 0), 'window': None})>
2020-01-19 19:51:50,189 - BDM-WAM 1579463508.4046648 - INFO - <Event(4-MouseMotion {'pos': (471, 541), 'rel': (0, 3), 'buttons': (0, 0, 0), 'window': None})>
2020-01-19 19:51:50,307 - BDM-WAM 1579463508.4046648 - INFO - <Event(5-MouseButtonDown {'pos': (471, 541), 'button': 1, 'window': None})>
2020-01-19 19:51:50,307 - BDM-WAM 1579463508.4046648 - INFO - <Event(8-Pause {'reason': hit_conf })>
2020-01-19 19:51:55,005 - BDM-WAM 1579463508.4046648 - INFO - <Event(7-Rate {'hit_conf': 2 })>
2020-01-19 19:51:55,225 - BDM-WAM 1579463508.4046648 - INFO - <Event(7-Rate {'reward_conf': 2 })>
2020-01-19 19:51:55,387 - BDM-WAM 1579463508.4046648 - INFO - <Event(7-Rate {'player_skill': 2 })>
2020-01-19 19:51:55,387 - BDM-WAM 1579463508.4046648 - INFO - <Event(9.1-TrueHit {'pos': (471,541),'distance: 91.28526715741155,'relative_loc: (67, 62),'window': None})>
2020-01-19 19:51:55,387 - BDM-WAM 1579463508.4046648 - INFO - <Event(11-Score {score_inc: 2,score: 2})>
2020-01-19 19:51:55,508 - BDM-WAM 1579463508.4046648 - INFO - <Event(3-KeyUp {'key': 50, 'mod': 0, 'scancode': 3, 'window': None})>
2020-01-19 19:51:55,606 - BDM-WAM 1579463508.4046648 - INFO - <Event(10-MoleUp) {'loc': (658,232)})>
2020-01-19 19:51:56,792 - BDM-WAM 1579463508.4046648 - INFO - <Event(2-KeyDown {'unicode': 'p', 'key': 112, 'mod': 0, 'scancode': 25, 'window': None})>
2020-01-19 19:51:56,935 - BDM-WAM 1579463508.4046648 - INFO - <Event(3-KeyUp {'key': 112, 'mod': 0, 'scancode': 25, 'window': None})>
2020-01-19 19:51:56,981 - BDM-WAM 1579463508.4046648 - INFO - <Event(10-MoleUp) {'loc': (404,479)})>
2020-01-19 19:51:57,426 - BDM-WAM 1579463508.4046648 - INFO - <Event(2-KeyDown {'unicode': 'p', 'key': 112, 'mod': 0, 'scancode': 25, 'window': None})>
2020-01-19 19:51:57,544 - BDM-WAM 1579463508.4046648 - INFO - <Event(3-KeyUp {'key': 112, 'mod': 0, 'scancode': 25, 'window': None})>
2020-01-19 19:51:57,595 - BDM-WAM 1579463508.4046648 - INFO - <Event(2-KeyDown {'unicode': 'p', 'key': 112, 'mod': 0, 'scancode': 25, 'window': None})>
2020-01-19 19:51:57,680 - BDM-WAM 1579463508.4046648 - INFO - <Event(3-KeyUp {'key': 112, 'mod': 0, 'scancode': 25, 'window': None})>
2020-01-19 19:51:57,731 - BDM-WAM 1579463508.4046648 - INFO - <Event(2-KeyDown {'unicode': 'p', 'key': 112, 'mod': 0, 'scancode': 25, 'window': None})>
2020-01-19 19:51:57,817 - BDM-WAM 1579463508.4046648 - INFO - <Event(3-KeyUp {'key': 112, 'mod': 0, 'scancode': 25, 'window': None})>
2020-01-19 19:51:57,868 - BDM-WAM 1579463508.4046648 - INFO - <Event(2-KeyDown {'unicode': 'p', 'key': 112, 'mod': 0, 'scancode': 25, 'window': None})>
2020-01-19 19:51:57,970 - BDM-WAM 1579463508.4046648 - INFO - <Event(3-KeyUp {'key': 112, 'mod': 0, 'scancode': 25, 'window': None})>
2020-01-19 19:51:58,335 - BDM-WAM 1579463508.4046648 - INFO - <Event(10-MoleUp) {'loc': (381,295)})>
2020-01-19 19:51:58,798 - BDM-WAM 1579463508.4046648 - INFO - <Event(4-MouseMotion {'pos': (568, 509), 'rel': (120, -43), 'buttons': (0, 0, 0), 'window': None})>
2020-01-19 19:51:58,815 - BDM-WAM 1579463508.4046648 - INFO - <Event(4-MouseMotion {'pos': (635, 489), 'rel': (67, -20), 'buttons': (0, 0, 0), 'window': None})>
2020-01-19 19:51:58,832 - BDM-WAM 1579463508.4046648 - INFO - <Event(4-MouseMotion {'pos': (647, 491), 'rel': (12, 2), 'buttons': (0, 0, 0), 'window': None})>
2020-01-19 19:51:58,866 - BDM-WAM 1579463508.4046648 - INFO - <Event(4-MouseMotion {'pos': (648, 493), 'rel': (1, 2), 'buttons': (0, 0, 0), 'window': None})>
2020-01-19 19:51:58,900 - BDM-WAM 1579463508.4046648 - INFO - <Event(4-MouseMotion {'pos': (649, 493), 'rel': (1, 0), 'buttons': (0, 0, 0), 'window': None})>
2020-01-19 19:51:58,918 - BDM-WAM 1579463508.4046648 - INFO - <Event(4-MouseMotion {'pos': (650, 493), 'rel': (1, 0), 'buttons': (0, 0, 0), 'window': None})>
2020-01-19 19:51:58,935 - BDM-WAM 1579463508.4046648 - INFO - <Event(4-MouseMotion {'pos': (724, 454), 'rel': (74, -39), 'buttons': (0, 0, 0), 'window': None})>
2020-01-19 19:51:58,952 - BDM-WAM 1579463508.4046648 - INFO - <Event(4-MouseMotion {'pos': (931, 318), 'rel': (207, -136), 'buttons': (0, 0, 0), 'window': None})>
2020-01-19 19:51:58,969 - BDM-WAM 1579463508.4046648 - INFO - <Event(4-MouseMotion {'pos': (1185, 139), 'rel': (254, -179), 'buttons': (0, 0, 0), 'window': None})>
2020-01-19 19:51:58,986 - BDM-WAM 1579463508.4046648 - INFO - <Event(4-MouseMotion {'pos': (1287, 59), 'rel': (102, -80), 'buttons': (0, 0, 0), 'window': None})>
2020-01-19 19:51:59,003 - BDM-WAM 1579463508.4046648 - INFO - <Event(4-MouseMotion {'pos': (1336, 15), 'rel': (49, -44), 'buttons': (0, 0, 0), 'window': None})>
2020-01-19 19:51:59,020 - BDM-WAM 1579463508.4046648 - INFO - <Event(4-MouseMotion {'pos': (1346, 5), 'rel': (10, -10), 'buttons': (0, 0, 0), 'window': None})>
2020-01-19 19:51:59,037 - BDM-WAM 1579463508.4046648 - INFO - <Event(1-ActiveEvent {'gain': 0, 'state': 1})>
2020-01-19 19:51:59,663 - BDM-WAM 1579463508.4046648 - INFO - <Event(10-MoleUp) {'loc': (636,366)})>
2020-01-19 19:52:00,537 - BDM-WAM 1579463508.4046648 - INFO - <Event(12-Quit {})>
