2020-01-21 20:31:23,900 - BDM-WAM 1579638682.8736048 - INFO - <Event(17-VideoExpose {})>
2020-01-21 20:31:25,564 - BDM-WAM 1579638682.8736048 - INFO - <Event(16-VideoResize {'size': (1424, 700), 'w': 1424, 'h': 700})>
2020-01-21 20:31:25,565 - BDM-WAM 1579638682.8736048 - INFO - <Event(1-ActiveEvent {'gain': 0, 'state': 1})>
2020-01-21 20:31:25,565 - BDM-WAM 1579638682.8736048 - INFO - <Event(4-MouseMotion {'pos': (450, 497), 'rel': (451, 498), 'buttons': (0, 0, 0), 'window': None})>
2020-01-21 20:31:25,620 - BDM-WAM 1579638682.8736048 - INFO - <Event(10-MoleUp) {'loc': (658,232)})>
2020-01-21 20:31:25,688 - BDM-WAM 1579638682.8736048 - INFO - <Event(3-KeyUp {'key': 99, 'mod': 0, 'scancode': 46, 'window': None})>
2020-01-21 20:31:27,178 - BDM-WAM 1579638682.8736048 - INFO - <Event(10-MoleUp) {'loc': (658,232)})>
2020-01-21 20:31:27,509 - BDM-WAM 1579638682.8736048 - INFO - <Event(2-KeyDown {'unicode': 'p', 'key': 112, 'mod': 0, 'scancode': 25, 'window': None})>
2020-01-21 20:31:27,510 - BDM-WAM 1579638682.8736048 - INFO - <Event(8-Pause {'reason': pause })>
2020-01-21 20:31:28,561 - BDM-WAM 1579638682.8736048 - INFO - <Event(3-KeyUp {'key': 99, 'mod': 0, 'scancode': 46, 'window': None})>
2020-01-21 20:31:29,113 - BDM-WAM 1579638682.8736048 - INFO - <Event(2-KeyDown {'unicode': 'p', 'key': 112, 'mod': 0, 'scancode': 25, 'window': None})>
2020-01-21 20:31:29,114 - BDM-WAM 1579638682.8736048 - INFO - <Event(8-Pause {'reason': pause })>
2020-01-21 20:31:29,963 - BDM-WAM 1579638682.8736048 - INFO - <Event(3-KeyUp {'key': 99, 'mod': 0, 'scancode': 46, 'window': None})>
2020-01-21 20:31:30,090 - BDM-WAM 1579638682.8736048 - INFO - <Event(10-MoleUp) {'loc': (179,169)})>
2020-01-21 20:31:31,544 - BDM-WAM 1579638682.8736048 - INFO - <Event(1-ActiveEvent {'gain': 1, 'state': 1})>
2020-01-21 20:31:31,544 - BDM-WAM 1579638682.8736048 - INFO - <Event(4-MouseMotion {'pos': (3, 334), 'rel': (-525, 84), 'buttons': (0, 0, 0), 'window': None})>
2020-01-21 20:31:31,557 - BDM-WAM 1579638682.8736048 - INFO - <Event(4-MouseMotion {'pos': (21, 323), 'rel': (18, -11), 'buttons': (0, 0, 0), 'window': None})>
2020-01-21 20:31:31,574 - BDM-WAM 1579638682.8736048 - INFO - <Event(4-MouseMotion {'pos': (34, 316), 'rel': (13, -7), 'buttons': (0, 0, 0), 'window': None})>
2020-01-21 20:31:31,594 - BDM-WAM 1579638682.8736048 - INFO - <Event(4-MouseMotion {'pos': (58, 301), 'rel': (24, -15), 'buttons': (0, 0, 0), 'window': None})>
2020-01-21 20:31:31,609 - BDM-WAM 1579638682.8736048 - INFO - <Event(4-MouseMotion {'pos': (76, 271), 'rel': (18, -30), 'buttons': (0, 0, 0), 'window': None})>
2020-01-21 20:31:31,628 - BDM-WAM 1579638682.8736048 - INFO - <Event(4-MouseMotion {'pos': (97, 232), 'rel': (21, -39), 'buttons': (0, 0, 0), 'window': None})>
2020-01-21 20:31:31,643 - BDM-WAM 1579638682.8736048 - INFO - <Event(4-MouseMotion {'pos': (105, 224), 'rel': (8, -8), 'buttons': (0, 0, 0), 'window': None})>
2020-01-21 20:31:31,658 - BDM-WAM 1579638682.8736048 - INFO - <Event(4-MouseMotion {'pos': (106, 223), 'rel': (1, -1), 'buttons': (0, 0, 0), 'window': None})>
2020-01-21 20:31:31,731 - BDM-WAM 1579638682.8736048 - INFO - <Event(4-MouseMotion {'pos': (109, 223), 'rel': (3, 0), 'buttons': (0, 0, 0), 'window': None})>
2020-01-21 20:31:31,743 - BDM-WAM 1579638682.8736048 - INFO - <Event(4-MouseMotion {'pos': (115, 221), 'rel': (6, -2), 'buttons': (0, 0, 0), 'window': None})>
2020-01-21 20:31:31,758 - BDM-WAM 1579638682.8736048 - INFO - <Event(4-MouseMotion {'pos': (119, 219), 'rel': (4, -2), 'buttons': (0, 0, 0), 'window': None})>
2020-01-21 20:31:31,808 - BDM-WAM 1579638682.8736048 - INFO - <Event(4-MouseMotion {'pos': (127, 216), 'rel': (8, -3), 'buttons': (0, 0, 0), 'window': None})>
2020-01-21 20:31:31,828 - BDM-WAM 1579638682.8736048 - INFO - <Event(4-MouseMotion {'pos': (134, 214), 'rel': (7, -2), 'buttons': (0, 0, 0), 'window': None})>
2020-01-21 20:31:31,846 - BDM-WAM 1579638682.8736048 - INFO - <Event(4-MouseMotion {'pos': (140, 214), 'rel': (6, 0), 'buttons': (0, 0, 0), 'window': None})>
2020-01-21 20:31:31,862 - BDM-WAM 1579638682.8736048 - INFO - <Event(4-MouseMotion {'pos': (149, 215), 'rel': (9, 1), 'buttons': (0, 0, 0), 'window': None})>
2020-01-21 20:31:31,909 - BDM-WAM 1579638682.8736048 - INFO - <Event(4-MouseMotion {'pos': (157, 217), 'rel': (8, 2), 'buttons': (0, 0, 0), 'window': None})>
2020-01-21 20:31:31,928 - BDM-WAM 1579638682.8736048 - INFO - <Event(4-MouseMotion {'pos': (159, 218), 'rel': (2, 1), 'buttons': (0, 0, 0), 'window': None})>
2020-01-21 20:31:31,944 - BDM-WAM 1579638682.8736048 - INFO - <Event(4-MouseMotion {'pos': (159, 219), 'rel': (0, 1), 'buttons': (0, 0, 0), 'window': None})>
2020-01-21 20:31:31,965 - BDM-WAM 1579638682.8736048 - INFO - <Event(4-MouseMotion {'pos': (161, 221), 'rel': (2, 2), 'buttons': (0, 0, 0), 'window': None})>
2020-01-21 20:31:31,982 - BDM-WAM 1579638682.8736048 - INFO - <Event(4-MouseMotion {'pos': (166, 226), 'rel': (5, 5), 'buttons': (0, 0, 0), 'window': None})>
2020-01-21 20:31:32,026 - BDM-WAM 1579638682.8736048 - INFO - <Event(4-MouseMotion {'pos': (176, 232), 'rel': (10, 6), 'buttons': (0, 0, 0), 'window': None})>
2020-01-21 20:31:32,058 - BDM-WAM 1579638682.8736048 - INFO - <Event(10-MoleUp) {'loc': (95,43)})>
2020-01-21 20:31:32,061 - BDM-WAM 1579638682.8736048 - INFO - <Event(4-MouseMotion {'pos': (182, 233), 'rel': (6, 1), 'buttons': (0, 0, 0), 'window': None})>
2020-01-21 20:31:32,077 - BDM-WAM 1579638682.8736048 - INFO - <Event(4-MouseMotion {'pos': (184, 233), 'rel': (2, 0), 'buttons': (0, 0, 0), 'window': None})>
2020-01-21 20:31:32,111 - BDM-WAM 1579638682.8736048 - INFO - <Event(4-MouseMotion {'pos': (185, 233), 'rel': (1, 0), 'buttons': (0, 0, 0), 'window': None})>
2020-01-21 20:31:32,341 - BDM-WAM 1579638682.8736048 - INFO - <Event(4-MouseMotion {'pos': (189, 232), 'rel': (4, -1), 'buttons': (0, 0, 0), 'window': None})>
2020-01-21 20:31:32,357 - BDM-WAM 1579638682.8736048 - INFO - <Event(4-MouseMotion {'pos': (195, 231), 'rel': (6, -1), 'buttons': (0, 0, 0), 'window': None})>
2020-01-21 20:31:32,373 - BDM-WAM 1579638682.8736048 - INFO - <Event(4-MouseMotion {'pos': (201, 231), 'rel': (6, 0), 'buttons': (0, 0, 0), 'window': None})>
2020-01-21 20:31:32,390 - BDM-WAM 1579638682.8736048 - INFO - <Event(4-MouseMotion {'pos': (205, 231), 'rel': (4, 0), 'buttons': (0, 0, 0), 'window': None})>
2020-01-21 20:31:32,407 - BDM-WAM 1579638682.8736048 - INFO - <Event(4-MouseMotion {'pos': (206, 231), 'rel': (1, 0), 'buttons': (0, 0, 0), 'window': None})>
2020-01-21 20:31:32,424 - BDM-WAM 1579638682.8736048 - INFO - <Event(4-MouseMotion {'pos': (209, 233), 'rel': (3, 2), 'buttons': (0, 0, 0), 'window': None})>
2020-01-21 20:31:32,441 - BDM-WAM 1579638682.8736048 - INFO - <Event(4-MouseMotion {'pos': (219, 240), 'rel': (10, 7), 'buttons': (0, 0, 0), 'window': None})>
2020-01-21 20:31:32,457 - BDM-WAM 1579638682.8736048 - INFO - <Event(4-MouseMotion {'pos': (249, 256), 'rel': (30, 16), 'buttons': (0, 0, 0), 'window': None})>
2020-01-21 20:31:32,474 - BDM-WAM 1579638682.8736048 - INFO - <Event(4-MouseMotion {'pos': (267, 266), 'rel': (18, 10), 'buttons': (0, 0, 0), 'window': None})>
2020-01-21 20:31:32,492 - BDM-WAM 1579638682.8736048 - INFO - <Event(4-MouseMotion {'pos': (278, 272), 'rel': (11, 6), 'buttons': (0, 0, 0), 'window': None})>
2020-01-21 20:31:32,545 - BDM-WAM 1579638682.8736048 - INFO - <Event(4-MouseMotion {'pos': (306, 286), 'rel': (28, 14), 'buttons': (0, 0, 0), 'window': None})>
2020-01-21 20:31:32,562 - BDM-WAM 1579638682.8736048 - INFO - <Event(4-MouseMotion {'pos': (312, 290), 'rel': (6, 4), 'buttons': (0, 0, 0), 'window': None})>
2020-01-21 20:31:32,580 - BDM-WAM 1579638682.8736048 - INFO - <Event(4-MouseMotion {'pos': (330, 297), 'rel': (18, 7), 'buttons': (0, 0, 0), 'window': None})>
2020-01-21 20:31:32,597 - BDM-WAM 1579638682.8736048 - INFO - <Event(4-MouseMotion {'pos': (343, 304), 'rel': (13, 7), 'buttons': (0, 0, 0), 'window': None})>
2020-01-21 20:31:32,651 - BDM-WAM 1579638682.8736048 - INFO - <Event(4-MouseMotion {'pos': (361, 318), 'rel': (18, 14), 'buttons': (0, 0, 0), 'window': None})>
2020-01-21 20:31:32,686 - BDM-WAM 1579638682.8736048 - INFO - <Event(4-MouseMotion {'pos': (373, 330), 'rel': (12, 12), 'buttons': (0, 0, 0), 'window': None})>
2020-01-21 20:31:32,705 - BDM-WAM 1579638682.8736048 - INFO - <Event(4-MouseMotion {'pos': (382, 340), 'rel': (9, 10), 'buttons': (0, 0, 0), 'window': None})>
2020-01-21 20:31:32,774 - BDM-WAM 1579638682.8736048 - INFO - <Event(4-MouseMotion {'pos': (389, 349), 'rel': (7, 9), 'buttons': (0, 0, 0), 'window': None})>
2020-01-21 20:31:32,809 - BDM-WAM 1579638682.8736048 - INFO - <Event(4-MouseMotion {'pos': (389, 321), 'rel': (0, -28), 'buttons': (0, 0, 0), 'window': None})>
2020-01-21 20:31:32,824 - BDM-WAM 1579638682.8736048 - INFO - <Event(4-MouseMotion {'pos': (388, 233), 'rel': (-1, -88), 'buttons': (0, 0, 0), 'window': None})>
2020-01-21 20:31:32,841 - BDM-WAM 1579638682.8736048 - INFO - <Event(4-MouseMotion {'pos': (379, 161), 'rel': (-9, -72), 'buttons': (0, 0, 0), 'window': None})>
2020-01-21 20:31:32,858 - BDM-WAM 1579638682.8736048 - INFO - <Event(4-MouseMotion {'pos': (363, 112), 'rel': (-16, -49), 'buttons': (0, 0, 0), 'window': None})>
2020-01-21 20:31:32,883 - BDM-WAM 1579638682.8736048 - INFO - <Event(4-MouseMotion {'pos': (346, 90), 'rel': (-17, -22), 'buttons': (0, 0, 0), 'window': None})>
2020-01-21 20:31:32,918 - BDM-WAM 1579638682.8736048 - INFO - <Event(4-MouseMotion {'pos': (324, 78), 'rel': (-22, -12), 'buttons': (0, 0, 0), 'window': None})>
2020-01-21 20:31:32,921 - BDM-WAM 1579638682.8736048 - INFO - <Event(4-MouseMotion {'pos': (321, 76), 'rel': (-3, -2), 'buttons': (0, 0, 0), 'window': None})>
2020-01-21 20:31:32,937 - BDM-WAM 1579638682.8736048 - INFO - <Event(4-MouseMotion {'pos': (309, 74), 'rel': (-12, -2), 'buttons': (0, 0, 0), 'window': None})>
2020-01-21 20:31:32,953 - BDM-WAM 1579638682.8736048 - INFO - <Event(4-MouseMotion {'pos': (299, 73), 'rel': (-10, -1), 'buttons': (0, 0, 0), 'window': None})>
2020-01-21 20:31:32,970 - BDM-WAM 1579638682.8736048 - INFO - <Event(4-MouseMotion {'pos': (290, 74), 'rel': (-9, 1), 'buttons': (0, 0, 0), 'window': None})>
2020-01-21 20:31:32,988 - BDM-WAM 1579638682.8736048 - INFO - <Event(4-MouseMotion {'pos': (287, 74), 'rel': (-3, 0), 'buttons': (0, 0, 0), 'window': None})>
2020-01-21 20:31:33,007 - BDM-WAM 1579638682.8736048 - INFO - <Event(4-MouseMotion {'pos': (285, 75), 'rel': (-2, 1), 'buttons': (0, 0, 0), 'window': None})>
2020-01-21 20:31:33,020 - BDM-WAM 1579638682.8736048 - INFO - <Event(4-MouseMotion {'pos': (284, 75), 'rel': (-1, 0), 'buttons': (0, 0, 0), 'window': None})>
2020-01-21 20:31:33,038 - BDM-WAM 1579638682.8736048 - INFO - <Event(4-MouseMotion {'pos': (283, 76), 'rel': (-1, 1), 'buttons': (0, 0, 0), 'window': None})>
2020-01-21 20:31:33,054 - BDM-WAM 1579638682.8736048 - INFO - <Event(4-MouseMotion {'pos': (281, 79), 'rel': (-2, 3), 'buttons': (0, 0, 0), 'window': None})>
2020-01-21 20:31:33,069 - BDM-WAM 1579638682.8736048 - INFO - <Event(4-MouseMotion {'pos': (275, 84), 'rel': (-6, 5), 'buttons': (0, 0, 0), 'window': None})>
2020-01-21 20:31:33,086 - BDM-WAM 1579638682.8736048 - INFO - <Event(4-MouseMotion {'pos': (269, 90), 'rel': (-6, 6), 'buttons': (0, 0, 0), 'window': None})>
2020-01-21 20:31:33,102 - BDM-WAM 1579638682.8736048 - INFO - <Event(4-MouseMotion {'pos': (264, 93), 'rel': (-5, 3), 'buttons': (0, 0, 0), 'window': None})>
2020-01-21 20:31:33,127 - BDM-WAM 1579638682.8736048 - INFO - <Event(4-MouseMotion {'pos': (257, 97), 'rel': (-7, 4), 'buttons': (0, 0, 0), 'window': None})>
2020-01-21 20:31:33,147 - BDM-WAM 1579638682.8736048 - INFO - <Event(4-MouseMotion {'pos': (246, 98), 'rel': (-11, 1), 'buttons': (0, 0, 0), 'window': None})>
2020-01-21 20:31:33,153 - BDM-WAM 1579638682.8736048 - INFO - <Event(4-MouseMotion {'pos': (242, 98), 'rel': (-4, 0), 'buttons': (0, 0, 0), 'window': None})>
2020-01-21 20:31:33,169 - BDM-WAM 1579638682.8736048 - INFO - <Event(4-MouseMotion {'pos': (231, 95), 'rel': (-11, -3), 'buttons': (0, 0, 0), 'window': None})>
2020-01-21 20:31:33,185 - BDM-WAM 1579638682.8736048 - INFO - <Event(4-MouseMotion {'pos': (221, 90), 'rel': (-10, -5), 'buttons': (0, 0, 0), 'window': None})>
2020-01-21 20:31:33,208 - BDM-WAM 1579638682.8736048 - INFO - <Event(4-MouseMotion {'pos': (213, 87), 'rel': (-8, -3), 'buttons': (0, 0, 0), 'window': None})>
2020-01-21 20:31:33,222 - BDM-WAM 1579638682.8736048 - INFO - <Event(4-MouseMotion {'pos': (209, 85), 'rel': (-4, -2), 'buttons': (0, 0, 0), 'window': None})>
2020-01-21 20:31:33,238 - BDM-WAM 1579638682.8736048 - INFO - <Event(4-MouseMotion {'pos': (206, 84), 'rel': (-3, -1), 'buttons': (0, 0, 0), 'window': None})>
2020-01-21 20:31:33,253 - BDM-WAM 1579638682.8736048 - INFO - <Event(4-MouseMotion {'pos': (204, 83), 'rel': (-2, -1), 'buttons': (0, 0, 0), 'window': None})>
2020-01-21 20:31:33,271 - BDM-WAM 1579638682.8736048 - INFO - <Event(4-MouseMotion {'pos': (201, 80), 'rel': (-3, -3), 'buttons': (0, 0, 0), 'window': None})>
2020-01-21 20:31:33,286 - BDM-WAM 1579638682.8736048 - INFO - <Event(4-MouseMotion {'pos': (198, 79), 'rel': (-3, -1), 'buttons': (0, 0, 0), 'window': None})>
2020-01-21 20:31:33,323 - BDM-WAM 1579638682.8736048 - INFO - <Event(4-MouseMotion {'pos': (190, 79), 'rel': (-8, 0), 'buttons': (0, 0, 0), 'window': None})>
2020-01-21 20:31:33,331 - BDM-WAM 1579638682.8736048 - INFO - <Event(4-MouseMotion {'pos': (186, 79), 'rel': (-4, 0), 'buttons': (0, 0, 0), 'window': None})>
2020-01-21 20:31:33,346 - BDM-WAM 1579638682.8736048 - INFO - <Event(4-MouseMotion {'pos': (182, 80), 'rel': (-4, 1), 'buttons': (0, 0, 0), 'window': None})>
2020-01-21 20:31:33,361 - BDM-WAM 1579638682.8736048 - INFO - <Event(4-MouseMotion {'pos': (177, 83), 'rel': (-5, 3), 'buttons': (0, 0, 0), 'window': None})>
2020-01-21 20:31:33,378 - BDM-WAM 1579638682.8736048 - INFO - <Event(4-MouseMotion {'pos': (167, 88), 'rel': (-10, 5), 'buttons': (0, 0, 0), 'window': None})>
2020-01-21 20:31:33,401 - BDM-WAM 1579638682.8736048 - INFO - <Event(4-MouseMotion {'pos': (158, 92), 'rel': (-9, 4), 'buttons': (0, 0, 0), 'window': None})>
2020-01-21 20:31:33,412 - BDM-WAM 1579638682.8736048 - INFO - <Event(4-MouseMotion {'pos': (152, 93), 'rel': (-6, 1), 'buttons': (0, 0, 0), 'window': None})>
2020-01-21 20:31:33,429 - BDM-WAM 1579638682.8736048 - INFO - <Event(4-MouseMotion {'pos': (148, 95), 'rel': (-4, 2), 'buttons': (0, 0, 0), 'window': None})>
2020-01-21 20:31:33,447 - BDM-WAM 1579638682.8736048 - INFO - <Event(4-MouseMotion {'pos': (144, 95), 'rel': (-4, 0), 'buttons': (0, 0, 0), 'window': None})>
2020-01-21 20:31:33,462 - BDM-WAM 1579638682.8736048 - INFO - <Event(4-MouseMotion {'pos': (143, 95), 'rel': (-1, 0), 'buttons': (0, 0, 0), 'window': None})>
2020-01-21 20:31:33,479 - BDM-WAM 1579638682.8736048 - INFO - <Event(4-MouseMotion {'pos': (141, 96), 'rel': (-2, 1), 'buttons': (0, 0, 0), 'window': None})>
2020-01-21 20:31:33,563 - BDM-WAM 1579638682.8736048 - INFO - <Event(5-MouseButtonDown {'pos': (141, 96), 'button': 1, 'window': None})>
2020-01-21 20:31:33,563 - BDM-WAM 1579638682.8736048 - INFO - <Event(8-Pause {'reason': hit_conf })>
2020-01-21 20:31:35,171 - BDM-WAM 1579638682.8736048 - INFO - <Event(7-Rate {'hit_conf': 2 })>
2020-01-21 20:31:35,385 - BDM-WAM 1579638682.8736048 - INFO - <Event(7-Rate {'reward_conf': 2 })>
2020-01-21 20:31:35,581 - BDM-WAM 1579638682.8736048 - INFO - <Event(7-Rate {'player_skill': 2 })>
2020-01-21 20:31:35,581 - BDM-WAM 1579638682.8736048 - INFO - <Event(9.1-TrueHit {'pos': (141,96),'distance: 70.178344238091,'relative_loc: (46, 53),'window': None})>
2020-01-21 20:31:35,582 - BDM-WAM 1579638682.8736048 - INFO - <Event(11-Score {score_inc: 2,score: 2})>
2020-01-21 20:31:35,685 - BDM-WAM 1579638682.8736048 - INFO - <Event(3-KeyUp {'key': 50, 'mod': 0, 'scancode': 3, 'window': None})>
2020-01-21 20:31:36,093 - BDM-WAM 1579638682.8736048 - INFO - <Event(10-MoleUp) {'loc': (381,295)})>
2020-01-21 20:31:36,702 - BDM-WAM 1579638682.8736048 - INFO - <Event(2-KeyDown {'unicode': '', 'key': 306, 'mod': 0, 'scancode': 29, 'window': None})>
2020-01-21 20:31:36,869 - BDM-WAM 1579638682.8736048 - INFO - <Event(2-KeyDown {'unicode': '\x11', 'key': 113, 'mod': 64, 'scancode': 16, 'window': None})>
