2019-12-18 13:48:33,239 - BDM-WAM 1576676913.0384655 - INFO - <Event(17-VideoExpose {})>
2019-12-18 13:48:34,128 - BDM-WAM 1576676913.0384655 - INFO - <Event(1-ActiveEvent {'state': 1, 'gain': 0})>
2019-12-18 13:48:34,128 - BDM-WAM 1576676913.0384655 - INFO - <Event(4-MouseMotion {'window': None, 'rel': (573, 484), 'buttons': (0, 0, 0), 'pos': (572, 483)})>
2019-12-18 13:48:34,129 - BDM-WAM 1576676913.0384655 - INFO - <Event(1-ActiveEvent {'state': 1, 'gain': 1})>
2019-12-18 13:48:34,129 - BDM-WAM 1576676913.0384655 - INFO - <Event(4-MouseMotion {'window': None, 'rel': (-6, 27), 'buttons': (0, 0, 0), 'pos': (566, 510)})>
2019-12-18 13:48:34,199 - BDM-WAM 1576676913.0384655 - INFO - <Event(10-MoleUp) {'loc': (636,366)})>
2019-12-18 13:48:34,280 - BDM-WAM 1576676913.0384655 - INFO - <Event(3-KeyUp {'scancode': 46, 'window': None, 'mod': 0, 'key': 99})>
2019-12-18 13:48:35,606 - BDM-WAM 1576676913.0384655 - INFO - <Event(10-MoleUp) {'loc': (179,169)})>
2019-12-18 13:48:36,946 - BDM-WAM 1576676913.0384655 - INFO - <Event(10-MoleUp) {'loc': (381,295)})>
2019-12-18 13:48:38,316 - BDM-WAM 1576676913.0384655 - INFO - <Event(10-MoleUp) {'loc': (179,169)})>
2019-12-18 13:48:39,167 - BDM-WAM 1576676913.0384655 - INFO - <Event(5-MouseButtonDown {'window': None, 'button': 1, 'pos': (223, 200)})>
2019-12-18 13:48:39,167 - BDM-WAM 1576676913.0384655 - INFO - <Event(8-Pause {'reason': hit_conf })>
2019-12-18 13:48:40,428 - BDM-WAM 1576676913.0384655 - INFO - <Event(7-Rate {'hit_conf': 6 })>
2019-12-18 13:48:40,638 - BDM-WAM 1576676913.0384655 - INFO - <Event(7-Rate {'reward_conf': 6 })>
2019-12-18 13:48:40,783 - BDM-WAM 1576676913.0384655 - INFO - <Event(7-Rate {'player_skill': 6 })>
2019-12-18 13:48:40,783 - BDM-WAM 1576676913.0384655 - INFO - <Event(9.1-TrueHit {'pos': (223,200),'distance: 53.823786563191554,'relative_loc: (44, 31),'window': None})>
2019-12-18 13:48:40,783 - BDM-WAM 1576676913.0384655 - INFO - <Event(11-Score {score_inc: 5,score: 5})>
2019-12-18 13:48:40,784 - BDM-WAM 1576676913.0384655 - INFO - <Event(6-MouseButtonUp {'window': None, 'button': 1, 'pos': (223, 200)})>
2019-12-18 13:48:40,885 - BDM-WAM 1576676913.0384655 - INFO - <Event(3-KeyUp {'scancode': 7, 'window': None, 'mod': 0, 'key': 54})>
2019-12-18 13:48:41,019 - BDM-WAM 1576676913.0384655 - INFO - <Event(10-MoleUp) {'loc': (119,366)})>
2019-12-18 13:48:41,769 - BDM-WAM 1576676913.0384655 - INFO - <Event(5-MouseButtonDown {'window': None, 'button': 1, 'pos': (164, 427)})>
2019-12-18 13:48:41,770 - BDM-WAM 1576676913.0384655 - INFO - <Event(8-Pause {'reason': hit_conf })>
2019-12-18 13:48:44,522 - BDM-WAM 1576676913.0384655 - INFO - <Event(7-Rate {'hit_conf': 7 })>
2019-12-18 13:48:44,722 - BDM-WAM 1576676913.0384655 - INFO - <Event(7-Rate {'reward_conf': 7 })>
2019-12-18 13:48:44,866 - BDM-WAM 1576676913.0384655 - INFO - <Event(7-Rate {'player_skill': 7 })>
2019-12-18 13:48:44,866 - BDM-WAM 1576676913.0384655 - INFO - <Event(9.1-TrueHit {'pos': (164,427),'distance: 75.8023746329889,'relative_loc: (45, 61),'window': None})>
2019-12-18 13:48:44,866 - BDM-WAM 1576676913.0384655 - INFO - <Event(11-Score {score_inc: 3,score: 8})>
2019-12-18 13:48:44,867 - BDM-WAM 1576676913.0384655 - INFO - <Event(6-MouseButtonUp {'window': None, 'button': 1, 'pos': (164, 427)})>
2019-12-18 13:48:44,977 - BDM-WAM 1576676913.0384655 - INFO - <Event(3-KeyUp {'scancode': 8, 'window': None, 'mod': 0, 'key': 55})>
2019-12-18 13:48:45,136 - BDM-WAM 1576676913.0384655 - INFO - <Event(10-MoleUp) {'loc': (464,119)})>
2019-12-18 13:48:45,850 - BDM-WAM 1576676913.0384655 - INFO - <Event(5-MouseButtonDown {'window': None, 'button': 1, 'pos': (518, 194)})>
2019-12-18 13:48:45,851 - BDM-WAM 1576676913.0384655 - INFO - <Event(8-Pause {'reason': hit_conf })>
2019-12-18 13:48:47,026 - BDM-WAM 1576676913.0384655 - INFO - <Event(7-Rate {'hit_conf': 6 })>
2019-12-18 13:48:47,197 - BDM-WAM 1576676913.0384655 - INFO - <Event(7-Rate {'reward_conf': 6 })>
2019-12-18 13:48:47,355 - BDM-WAM 1576676913.0384655 - INFO - <Event(7-Rate {'player_skill': 6 })>
2019-12-18 13:48:47,355 - BDM-WAM 1576676913.0384655 - INFO - <Event(9.1-TrueHit {'pos': (518,194),'distance: 92.41753080449618,'relative_loc: (54, 75),'window': None})>
2019-12-18 13:48:47,356 - BDM-WAM 1576676913.0384655 - INFO - <Event(11-Score {score_inc: 4,score: 12})>
2019-12-18 13:48:47,358 - BDM-WAM 1576676913.0384655 - INFO - <Event(6-MouseButtonUp {'window': None, 'button': 1, 'pos': (518, 194)})>
2019-12-18 13:48:47,442 - BDM-WAM 1576676913.0384655 - INFO - <Event(3-KeyUp {'scancode': 7, 'window': None, 'mod': 0, 'key': 54})>
2019-12-18 13:48:47,638 - BDM-WAM 1576676913.0384655 - INFO - <Event(10-MoleUp) {'loc': (658,232)})>
2019-12-18 13:48:48,326 - BDM-WAM 1576676913.0384655 - INFO - <Event(5-MouseButtonDown {'window': None, 'button': 1, 'pos': (674, 303)})>
2019-12-18 13:48:48,326 - BDM-WAM 1576676913.0384655 - INFO - <Event(8-Pause {'reason': hit_conf })>
2019-12-18 13:48:49,731 - BDM-WAM 1576676913.0384655 - INFO - <Event(7-Rate {'hit_conf': 5 })>
2019-12-18 13:48:50,042 - BDM-WAM 1576676913.0384655 - INFO - <Event(7-Rate {'reward_conf': 5 })>
2019-12-18 13:48:50,557 - BDM-WAM 1576676913.0384655 - INFO - <Event(7-Rate {'player_skill': 5 })>
2019-12-18 13:48:50,557 - BDM-WAM 1576676913.0384655 - INFO - <Event(9.1-TrueHit {'pos': (674,303),'distance: 72.78049189171504,'relative_loc: (16, 71),'window': None})>
2019-12-18 13:48:50,558 - BDM-WAM 1576676913.0384655 - INFO - <Event(11-Score {score_inc: 4,score: 16})>
2019-12-18 13:48:50,558 - BDM-WAM 1576676913.0384655 - INFO - <Event(6-MouseButtonUp {'window': None, 'button': 1, 'pos': (674, 303)})>
2019-12-18 13:48:50,624 - BDM-WAM 1576676913.0384655 - INFO - <Event(3-KeyUp {'scancode': 6, 'window': None, 'mod': 0, 'key': 53})>
2019-12-18 13:48:50,853 - BDM-WAM 1576676913.0384655 - INFO - <Event(10-MoleUp) {'loc': (464,119)})>
2019-12-18 13:48:51,474 - BDM-WAM 1576676913.0384655 - INFO - <Event(5-MouseButtonDown {'window': None, 'button': 1, 'pos': (502, 179)})>
2019-12-18 13:48:51,474 - BDM-WAM 1576676913.0384655 - INFO - <Event(8-Pause {'reason': hit_conf })>
2019-12-18 13:48:52,600 - BDM-WAM 1576676913.0384655 - INFO - <Event(7-Rate {'hit_conf': 6 })>
2019-12-18 13:48:52,853 - BDM-WAM 1576676913.0384655 - INFO - <Event(7-Rate {'reward_conf': 6 })>
2019-12-18 13:48:52,979 - BDM-WAM 1576676913.0384655 - INFO - <Event(7-Rate {'player_skill': 6 })>
2019-12-18 13:48:52,980 - BDM-WAM 1576676913.0384655 - INFO - <Event(9.1-TrueHit {'pos': (502,179),'distance: 71.02112361825881,'relative_loc: (38, 60),'window': None})>
2019-12-18 13:48:52,980 - BDM-WAM 1576676913.0384655 - INFO - <Event(11-Score {score_inc: 5,score: 21})>
2019-12-18 13:48:52,980 - BDM-WAM 1576676913.0384655 - INFO - <Event(8-Pause {'reason': demo })>
2019-12-18 13:48:54,525 - BDM-WAM 1576676913.0384655 - INFO - <Event(6-MouseButtonUp {'window': None, 'button': 1, 'pos': (502, 179)})>
2019-12-18 13:48:54,595 - BDM-WAM 1576676913.0384655 - INFO - <Event(3-KeyUp {'scancode': 46, 'window': None, 'mod': 0, 'key': 99})>
2019-12-18 13:48:54,877 - BDM-WAM 1576676913.0384655 - INFO - <Event(10-MoleUp) {'loc': (95,43)})>
2019-12-18 13:48:55,606 - BDM-WAM 1576676913.0384655 - INFO - <Event(5-MouseButtonDown {'window': None, 'button': 1, 'pos': (157, 80)})>
2019-12-18 13:48:55,607 - BDM-WAM 1576676913.0384655 - INFO - <Event(8-Pause {'reason': hit_conf })>
2019-12-18 13:48:57,504 - BDM-WAM 1576676913.0384655 - INFO - <Event(7-Rate {'hit_conf': 6 })>
2019-12-18 13:48:59,733 - BDM-WAM 1576676913.0384655 - INFO - <Event(7-Rate {'reward_conf': 6 })>
2019-12-18 13:49:00,391 - BDM-WAM 1576676913.0384655 - INFO - <Event(7-Rate {'player_skill': 6 })>
2019-12-18 13:49:00,391 - BDM-WAM 1576676913.0384655 - INFO - <Event(9.1-TrueHit {'pos': (157,80),'distance: 72.20110802473879,'relative_loc: (62, 37),'window': None})>
2019-12-18 13:49:00,391 - BDM-WAM 1576676913.0384655 - INFO - <Event(11-Score {score_inc: 3,score: 3})>
2019-12-18 13:49:00,392 - BDM-WAM 1576676913.0384655 - INFO - <Event(6-MouseButtonUp {'window': None, 'button': 1, 'pos': (157, 80)})>
2019-12-18 13:49:00,498 - BDM-WAM 1576676913.0384655 - INFO - <Event(3-KeyUp {'scancode': 7, 'window': None, 'mod': 0, 'key': 54})>
2019-12-18 13:49:00,625 - BDM-WAM 1576676913.0384655 - INFO - <Event(10-MoleUp) {'loc': (404,479)})>
2019-12-18 13:49:01,257 - BDM-WAM 1576676913.0384655 - INFO - <Event(5-MouseButtonDown {'window': None, 'button': 1, 'pos': (448, 503)})>
2019-12-18 13:49:01,258 - BDM-WAM 1576676913.0384655 - INFO - <Event(8-Pause {'reason': hit_conf })>
2019-12-18 13:49:03,308 - BDM-WAM 1576676913.0384655 - INFO - <Event(7-Rate {'hit_conf': 7 })>
2019-12-18 13:49:03,536 - BDM-WAM 1576676913.0384655 - INFO - <Event(7-Rate {'reward_conf': 7 })>
2019-12-18 13:49:03,707 - BDM-WAM 1576676913.0384655 - INFO - <Event(7-Rate {'player_skill': 7 })>
2019-12-18 13:49:03,708 - BDM-WAM 1576676913.0384655 - INFO - <Event(9.1-TrueHit {'pos': (448,503),'distance: 50.11985634456667,'relative_loc: (44, 24),'window': None})>
2019-12-18 13:49:03,708 - BDM-WAM 1576676913.0384655 - INFO - <Event(11-Score {score_inc: 4,score: 7})>
2019-12-18 13:49:03,708 - BDM-WAM 1576676913.0384655 - INFO - <Event(6-MouseButtonUp {'window': None, 'button': 1, 'pos': (448, 503)})>
2019-12-18 13:49:03,824 - BDM-WAM 1576676913.0384655 - INFO - <Event(3-KeyUp {'scancode': 8, 'window': None, 'mod': 0, 'key': 55})>
2019-12-18 13:49:03,959 - BDM-WAM 1576676913.0384655 - INFO - <Event(10-MoleUp) {'loc': (658,232)})>
2019-12-18 13:49:04,636 - BDM-WAM 1576676913.0384655 - INFO - <Event(5-MouseButtonDown {'window': None, 'button': 1, 'pos': (653, 307)})>
2019-12-18 13:49:04,637 - BDM-WAM 1576676913.0384655 - INFO - <Event(8-Pause {'reason': hit_conf })>
2019-12-18 13:49:06,648 - BDM-WAM 1576676913.0384655 - INFO - <Event(7-Rate {'hit_conf': 3 })>
2019-12-18 13:49:09,747 - BDM-WAM 1576676913.0384655 - INFO - <Event(7-Rate {'reward_conf': 4 })>
2019-12-18 13:49:12,582 - BDM-WAM 1576676913.0384655 - INFO - <Event(7-Rate {'player_skill': 4 })>
2019-12-18 13:49:12,582 - BDM-WAM 1576676913.0384655 - INFO - <Event(9.4-TrueMiss {'pos': (653,307),'distance: 75.16648189186454,'relative_loc: (-5, 75),'window': None})>
2019-12-18 13:49:12,583 - BDM-WAM 1576676913.0384655 - INFO - <Event(6-MouseButtonUp {'window': None, 'button': 1, 'pos': (653, 307)})>
2019-12-18 13:49:12,712 - BDM-WAM 1576676913.0384655 - INFO - <Event(3-KeyUp {'scancode': 5, 'window': None, 'mod': 0, 'key': 52})>
2019-12-18 13:49:12,813 - BDM-WAM 1576676913.0384655 - INFO - <Event(10-MoleUp) {'loc': (464,119)})>
2019-12-18 13:49:13,478 - BDM-WAM 1576676913.0384655 - INFO - <Event(5-MouseButtonDown {'window': None, 'button': 1, 'pos': (563, 123)})>
2019-12-18 13:49:13,478 - BDM-WAM 1576676913.0384655 - INFO - <Event(8-Pause {'reason': hit_conf })>
2019-12-18 13:49:15,184 - BDM-WAM 1576676913.0384655 - INFO - <Event(7-Rate {'hit_conf': 5 })>
2019-12-18 13:49:15,499 - BDM-WAM 1576676913.0384655 - INFO - <Event(7-Rate {'reward_conf': 5 })>
2019-12-18 13:49:15,866 - BDM-WAM 1576676913.0384655 - INFO - <Event(7-Rate {'player_skill': 5 })>
2019-12-18 13:49:15,867 - BDM-WAM 1576676913.0384655 - INFO - <Event(9.4-TrueMiss {'pos': (563,123),'distance: 99.08077512817509,'relative_loc: (99, 4),'window': None})>
2019-12-18 13:49:15,867 - BDM-WAM 1576676913.0384655 - INFO - <Event(6-MouseButtonUp {'window': None, 'button': 1, 'pos': (563, 123)})>
2019-12-18 13:49:16,014 - BDM-WAM 1576676913.0384655 - INFO - <Event(3-KeyUp {'scancode': 6, 'window': None, 'mod': 0, 'key': 53})>
2019-12-18 13:49:16,093 - BDM-WAM 1576676913.0384655 - INFO - <Event(10-MoleUp) {'loc': (95,43)})>
2019-12-18 13:49:16,835 - BDM-WAM 1576676913.0384655 - INFO - <Event(5-MouseButtonDown {'window': None, 'button': 1, 'pos': (209, 163)})>
2019-12-18 13:49:16,835 - BDM-WAM 1576676913.0384655 - INFO - <Event(8-Pause {'reason': hit_conf })>
2019-12-18 13:49:23,729 - BDM-WAM 1576676913.0384655 - INFO - ************* HAPPY ANALYSING... LOG COMPLETE!!! ************* 
