2020-01-21 20:15:51,267 - BDM-WAM 1579637750.2386537 - INFO - <Event(17-VideoExpose {})>
2020-01-21 20:15:51,629 - BDM-WAM 1579637750.2386537 - INFO - <Event(16-VideoResize {'size': (1424, 700), 'w': 1424, 'h': 700})>
2020-01-21 20:15:51,629 - BDM-WAM 1579637750.2386537 - INFO - <Event(1-ActiveEvent {'gain': 0, 'state': 1})>
2020-01-21 20:15:51,629 - BDM-WAM 1579637750.2386537 - INFO - <Event(4-MouseMotion {'pos': (523, 699), 'rel': (524, 700), 'buttons': (0, 0, 0), 'window': None})>
2020-01-21 20:15:51,660 - BDM-WAM 1579637750.2386537 - INFO - <Event(10-MoleUp) {'loc': (603,11)})>
2020-01-21 20:15:51,669 - BDM-WAM 1579637750.2386537 - INFO - <Event(4-MouseMotion {'pos': (630, 488), 'rel': (0, -1), 'buttons': (0, 0, 0), 'window': None})>
2020-01-21 20:15:51,784 - BDM-WAM 1579637750.2386537 - INFO - <Event(4-MouseMotion {'pos': (635, 480), 'rel': (5, -8), 'buttons': (0, 0, 0), 'window': None})>
2020-01-21 20:15:51,836 - BDM-WAM 1579637750.2386537 - INFO - <Event(3-KeyUp {'key': 99, 'mod': 0, 'scancode': 46, 'window': None})>
2020-01-21 20:15:51,836 - BDM-WAM 1579637750.2386537 - INFO - <Event(4-MouseMotion {'pos': (649, 449), 'rel': (14, -31), 'buttons': (0, 0, 0), 'window': None})>
2020-01-21 20:15:51,839 - BDM-WAM 1579637750.2386537 - INFO - <Event(4-MouseMotion {'pos': (649, 446), 'rel': (0, -3), 'buttons': (0, 0, 0), 'window': None})>
2020-01-21 20:15:51,857 - BDM-WAM 1579637750.2386537 - INFO - <Event(4-MouseMotion {'pos': (651, 421), 'rel': (2, -25), 'buttons': (0, 0, 0), 'window': None})>
2020-01-21 20:15:51,873 - BDM-WAM 1579637750.2386537 - INFO - <Event(4-MouseMotion {'pos': (638, 375), 'rel': (-13, -46), 'buttons': (0, 0, 0), 'window': None})>
2020-01-21 20:15:51,889 - BDM-WAM 1579637750.2386537 - INFO - <Event(4-MouseMotion {'pos': (630, 346), 'rel': (-8, -29), 'buttons': (0, 0, 0), 'window': None})>
2020-01-21 20:15:51,923 - BDM-WAM 1579637750.2386537 - INFO - <Event(4-MouseMotion {'pos': (621, 307), 'rel': (-9, -39), 'buttons': (0, 0, 0), 'window': None})>
2020-01-21 20:15:51,964 - BDM-WAM 1579637750.2386537 - INFO - <Event(4-MouseMotion {'pos': (616, 280), 'rel': (-5, -27), 'buttons': (0, 0, 0), 'window': None})>
2020-01-21 20:15:51,967 - BDM-WAM 1579637750.2386537 - INFO - <Event(4-MouseMotion {'pos': (615, 279), 'rel': (-1, -1), 'buttons': (0, 0, 0), 'window': None})>
2020-01-21 20:15:51,982 - BDM-WAM 1579637750.2386537 - INFO - <Event(4-MouseMotion {'pos': (614, 274), 'rel': (-1, -5), 'buttons': (0, 0, 0), 'window': None})>
2020-01-21 20:15:51,999 - BDM-WAM 1579637750.2386537 - INFO - <Event(4-MouseMotion {'pos': (610, 268), 'rel': (-4, -6), 'buttons': (0, 0, 0), 'window': None})>
2020-01-21 20:15:52,016 - BDM-WAM 1579637750.2386537 - INFO - <Event(4-MouseMotion {'pos': (605, 262), 'rel': (-5, -6), 'buttons': (0, 0, 0), 'window': None})>
2020-01-21 20:15:52,031 - BDM-WAM 1579637750.2386537 - INFO - <Event(4-MouseMotion {'pos': (599, 258), 'rel': (-6, -4), 'buttons': (0, 0, 0), 'window': None})>
2020-01-21 20:15:52,048 - BDM-WAM 1579637750.2386537 - INFO - <Event(4-MouseMotion {'pos': (593, 252), 'rel': (-6, -6), 'buttons': (0, 0, 0), 'window': None})>
2020-01-21 20:15:52,064 - BDM-WAM 1579637750.2386537 - INFO - <Event(4-MouseMotion {'pos': (586, 239), 'rel': (-7, -13), 'buttons': (0, 0, 0), 'window': None})>
2020-01-21 20:15:52,082 - BDM-WAM 1579637750.2386537 - INFO - <Event(4-MouseMotion {'pos': (586, 235), 'rel': (0, -4), 'buttons': (0, 0, 0), 'window': None})>
2020-01-21 20:15:52,096 - BDM-WAM 1579637750.2386537 - INFO - <Event(4-MouseMotion {'pos': (590, 229), 'rel': (4, -6), 'buttons': (0, 0, 0), 'window': None})>
2020-01-21 20:15:52,113 - BDM-WAM 1579637750.2386537 - INFO - <Event(4-MouseMotion {'pos': (603, 210), 'rel': (13, -19), 'buttons': (0, 0, 0), 'window': None})>
2020-01-21 20:15:52,129 - BDM-WAM 1579637750.2386537 - INFO - <Event(4-MouseMotion {'pos': (625, 178), 'rel': (22, -32), 'buttons': (0, 0, 0), 'window': None})>
2020-01-21 20:15:52,147 - BDM-WAM 1579637750.2386537 - INFO - <Event(4-MouseMotion {'pos': (643, 147), 'rel': (18, -31), 'buttons': (0, 0, 0), 'window': None})>
2020-01-21 20:15:52,162 - BDM-WAM 1579637750.2386537 - INFO - <Event(4-MouseMotion {'pos': (648, 134), 'rel': (5, -13), 'buttons': (0, 0, 0), 'window': None})>
2020-01-21 20:15:52,180 - BDM-WAM 1579637750.2386537 - INFO - <Event(4-MouseMotion {'pos': (650, 129), 'rel': (2, -5), 'buttons': (0, 0, 0), 'window': None})>
2020-01-21 20:15:52,199 - BDM-WAM 1579637750.2386537 - INFO - <Event(4-MouseMotion {'pos': (650, 124), 'rel': (0, -5), 'buttons': (0, 0, 0), 'window': None})>
2020-01-21 20:15:52,213 - BDM-WAM 1579637750.2386537 - INFO - <Event(4-MouseMotion {'pos': (651, 123), 'rel': (1, -1), 'buttons': (0, 0, 0), 'window': None})>
2020-01-21 20:15:52,263 - BDM-WAM 1579637750.2386537 - INFO - <Event(4-MouseMotion {'pos': (651, 122), 'rel': (0, -1), 'buttons': (0, 0, 0), 'window': None})>
2020-01-21 20:15:52,279 - BDM-WAM 1579637750.2386537 - INFO - <Event(4-MouseMotion {'pos': (652, 116), 'rel': (1, -6), 'buttons': (0, 0, 0), 'window': None})>
2020-01-21 20:15:52,297 - BDM-WAM 1579637750.2386537 - INFO - <Event(4-MouseMotion {'pos': (654, 110), 'rel': (2, -6), 'buttons': (0, 0, 0), 'window': None})>
2020-01-21 20:15:52,315 - BDM-WAM 1579637750.2386537 - INFO - <Event(4-MouseMotion {'pos': (654, 103), 'rel': (0, -7), 'buttons': (0, 0, 0), 'window': None})>
2020-01-21 20:15:52,329 - BDM-WAM 1579637750.2386537 - INFO - <Event(4-MouseMotion {'pos': (650, 87), 'rel': (-4, -16), 'buttons': (0, 0, 0), 'window': None})>
2020-01-21 20:15:52,347 - BDM-WAM 1579637750.2386537 - INFO - <Event(4-MouseMotion {'pos': (626, 51), 'rel': (-24, -36), 'buttons': (0, 0, 0), 'window': None})>
2020-01-21 20:15:52,363 - BDM-WAM 1579637750.2386537 - INFO - <Event(4-MouseMotion {'pos': (621, 40), 'rel': (-5, -11), 'buttons': (0, 0, 0), 'window': None})>
2020-01-21 20:15:52,379 - BDM-WAM 1579637750.2386537 - INFO - <Event(4-MouseMotion {'pos': (616, 34), 'rel': (-5, -6), 'buttons': (0, 0, 0), 'window': None})>
2020-01-21 20:15:52,397 - BDM-WAM 1579637750.2386537 - INFO - <Event(4-MouseMotion {'pos': (610, 26), 'rel': (-6, -8), 'buttons': (0, 0, 0), 'window': None})>
2020-01-21 20:15:52,412 - BDM-WAM 1579637750.2386537 - INFO - <Event(4-MouseMotion {'pos': (608, 24), 'rel': (-2, -2), 'buttons': (0, 0, 0), 'window': None})>
2020-01-21 20:15:52,430 - BDM-WAM 1579637750.2386537 - INFO - <Event(4-MouseMotion {'pos': (608, 23), 'rel': (0, -1), 'buttons': (0, 0, 0), 'window': None})>
2020-01-21 20:15:52,496 - BDM-WAM 1579637750.2386537 - INFO - <Event(5-MouseButtonDown {'pos': (608, 23), 'button': 1, 'window': None})>
2020-01-21 20:15:52,496 - BDM-WAM 1579637750.2386537 - INFO - <Event(8-Pause {'reason': hit_conf })>
2020-01-21 20:15:52,915 - BDM-WAM 1579637750.2386537 - INFO - <Event(7-Rate {'hit_conf': 2 })>
2020-01-21 20:15:53,109 - BDM-WAM 1579637750.2386537 - INFO - <Event(7-Rate {'reward_conf': 2 })>
2020-01-21 20:15:53,323 - BDM-WAM 1579637750.2386537 - INFO - <Event(7-Rate {'player_skill': 2 })>
2020-01-21 20:15:53,323 - BDM-WAM 1579637750.2386537 - INFO - <Event(9.1-TrueHit {'pos': (608,23),'distance: 13.0,'relative_loc: (5, 12),'window': None})>
2020-01-21 20:15:53,323 - BDM-WAM 1579637750.2386537 - INFO - <Event(11-Score {score_inc: 4,score: 4})>
2020-01-21 20:15:53,436 - BDM-WAM 1579637750.2386537 - INFO - <Event(3-KeyUp {'key': 50, 'mod': 0, 'scancode': 3, 'window': None})>
2020-01-21 20:15:53,570 - BDM-WAM 1579637750.2386537 - INFO - <Event(4-MouseMotion {'pos': (645, 67), 'rel': (-7, 6), 'buttons': (0, 0, 0), 'window': None})>
2020-01-21 20:15:53,586 - BDM-WAM 1579637750.2386537 - INFO - <Event(4-MouseMotion {'pos': (638, 75), 'rel': (-7, 8), 'buttons': (0, 0, 0), 'window': None})>
2020-01-21 20:15:53,603 - BDM-WAM 1579637750.2386537 - INFO - <Event(4-MouseMotion {'pos': (632, 84), 'rel': (-6, 9), 'buttons': (0, 0, 0), 'window': None})>
2020-01-21 20:15:53,617 - BDM-WAM 1579637750.2386537 - INFO - <Event(4-MouseMotion {'pos': (627, 92), 'rel': (-5, 8), 'buttons': (0, 0, 0), 'window': None})>
2020-01-21 20:15:53,667 - BDM-WAM 1579637750.2386537 - INFO - <Event(4-MouseMotion {'pos': (621, 106), 'rel': (-6, 14), 'buttons': (0, 0, 0), 'window': None})>
2020-01-21 20:15:53,685 - BDM-WAM 1579637750.2386537 - INFO - <Event(4-MouseMotion {'pos': (621, 113), 'rel': (0, 7), 'buttons': (0, 0, 0), 'window': None})>
2020-01-21 20:15:53,701 - BDM-WAM 1579637750.2386537 - INFO - <Event(4-MouseMotion {'pos': (620, 121), 'rel': (-1, 8), 'buttons': (0, 0, 0), 'window': None})>
2020-01-21 20:15:53,719 - BDM-WAM 1579637750.2386537 - INFO - <Event(4-MouseMotion {'pos': (618, 132), 'rel': (-2, 11), 'buttons': (0, 0, 0), 'window': None})>
2020-01-21 20:15:53,734 - BDM-WAM 1579637750.2386537 - INFO - <Event(4-MouseMotion {'pos': (615, 146), 'rel': (-3, 14), 'buttons': (0, 0, 0), 'window': None})>
2020-01-21 20:15:53,783 - BDM-WAM 1579637750.2386537 - INFO - <Event(4-MouseMotion {'pos': (584, 220), 'rel': (-31, 74), 'buttons': (0, 0, 0), 'window': None})>
2020-01-21 20:15:53,846 - BDM-WAM 1579637750.2386537 - INFO - <Event(10-MoleUp) {'loc': (179,169)})>
2020-01-21 20:15:53,849 - BDM-WAM 1579637750.2386537 - INFO - <Event(4-MouseMotion {'pos': (570, 244), 'rel': (-14, 24), 'buttons': (0, 0, 0), 'window': None})>
2020-01-21 20:15:53,865 - BDM-WAM 1579637750.2386537 - INFO - <Event(4-MouseMotion {'pos': (570, 246), 'rel': (0, 2), 'buttons': (0, 0, 0), 'window': None})>
2020-01-21 20:15:53,882 - BDM-WAM 1579637750.2386537 - INFO - <Event(4-MouseMotion {'pos': (569, 247), 'rel': (-1, 1), 'buttons': (0, 0, 0), 'window': None})>
2020-01-21 20:15:53,900 - BDM-WAM 1579637750.2386537 - INFO - <Event(4-MouseMotion {'pos': (569, 248), 'rel': (0, 1), 'buttons': (0, 0, 0), 'window': None})>
2020-01-21 20:15:53,915 - BDM-WAM 1579637750.2386537 - INFO - <Event(4-MouseMotion {'pos': (568, 249), 'rel': (-1, 1), 'buttons': (0, 0, 0), 'window': None})>
2020-01-21 20:15:53,967 - BDM-WAM 1579637750.2386537 - INFO - <Event(4-MouseMotion {'pos': (567, 249), 'rel': (-1, 0), 'buttons': (0, 0, 0), 'window': None})>
2020-01-21 20:15:53,987 - BDM-WAM 1579637750.2386537 - INFO - <Event(4-MouseMotion {'pos': (547, 249), 'rel': (-20, 0), 'buttons': (0, 0, 0), 'window': None})>
2020-01-21 20:15:54,001 - BDM-WAM 1579637750.2386537 - INFO - <Event(4-MouseMotion {'pos': (531, 248), 'rel': (-16, -1), 'buttons': (0, 0, 0), 'window': None})>
2020-01-21 20:15:54,018 - BDM-WAM 1579637750.2386537 - INFO - <Event(4-MouseMotion {'pos': (514, 246), 'rel': (-17, -2), 'buttons': (0, 0, 0), 'window': None})>
2020-01-21 20:15:54,035 - BDM-WAM 1579637750.2386537 - INFO - <Event(4-MouseMotion {'pos': (510, 246), 'rel': (-4, 0), 'buttons': (0, 0, 0), 'window': None})>
2020-01-21 20:15:54,050 - BDM-WAM 1579637750.2386537 - INFO - <Event(4-MouseMotion {'pos': (507, 246), 'rel': (-3, 0), 'buttons': (0, 0, 0), 'window': None})>
2020-01-21 20:15:54,067 - BDM-WAM 1579637750.2386537 - INFO - <Event(4-MouseMotion {'pos': (499, 249), 'rel': (-8, 3), 'buttons': (0, 0, 0), 'window': None})>
2020-01-21 20:15:54,085 - BDM-WAM 1579637750.2386537 - INFO - <Event(4-MouseMotion {'pos': (487, 256), 'rel': (-12, 7), 'buttons': (0, 0, 0), 'window': None})>
2020-01-21 20:15:54,101 - BDM-WAM 1579637750.2386537 - INFO - <Event(4-MouseMotion {'pos': (477, 263), 'rel': (-10, 7), 'buttons': (0, 0, 0), 'window': None})>
2020-01-21 20:15:54,117 - BDM-WAM 1579637750.2386537 - INFO - <Event(4-MouseMotion {'pos': (471, 269), 'rel': (-6, 6), 'buttons': (0, 0, 0), 'window': None})>
2020-01-21 20:15:54,133 - BDM-WAM 1579637750.2386537 - INFO - <Event(4-MouseMotion {'pos': (456, 282), 'rel': (-15, 13), 'buttons': (0, 0, 0), 'window': None})>
2020-01-21 20:15:54,149 - BDM-WAM 1579637750.2386537 - INFO - <Event(4-MouseMotion {'pos': (446, 291), 'rel': (-10, 9), 'buttons': (0, 0, 0), 'window': None})>
2020-01-21 20:15:54,168 - BDM-WAM 1579637750.2386537 - INFO - <Event(4-MouseMotion {'pos': (434, 305), 'rel': (-12, 14), 'buttons': (0, 0, 0), 'window': None})>
2020-01-21 20:15:54,185 - BDM-WAM 1579637750.2386537 - INFO - <Event(4-MouseMotion {'pos': (427, 317), 'rel': (-7, 12), 'buttons': (0, 0, 0), 'window': None})>
2020-01-21 20:15:54,199 - BDM-WAM 1579637750.2386537 - INFO - <Event(4-MouseMotion {'pos': (427, 318), 'rel': (0, 1), 'buttons': (0, 0, 0), 'window': None})>
2020-01-21 20:15:54,298 - BDM-WAM 1579637750.2386537 - INFO - <Event(4-MouseMotion {'pos': (427, 320), 'rel': (0, 2), 'buttons': (0, 0, 0), 'window': None})>
2020-01-21 20:15:54,316 - BDM-WAM 1579637750.2386537 - INFO - <Event(4-MouseMotion {'pos': (429, 321), 'rel': (2, 1), 'buttons': (0, 0, 0), 'window': None})>
2020-01-21 20:15:54,332 - BDM-WAM 1579637750.2386537 - INFO - <Event(4-MouseMotion {'pos': (430, 321), 'rel': (1, 0), 'buttons': (0, 0, 0), 'window': None})>
2020-01-21 20:15:54,365 - BDM-WAM 1579637750.2386537 - INFO - <Event(4-MouseMotion {'pos': (439, 314), 'rel': (9, -7), 'buttons': (0, 0, 0), 'window': None})>
2020-01-21 20:15:54,413 - BDM-WAM 1579637750.2386537 - INFO - <Event(4-MouseMotion {'pos': (472, 283), 'rel': (33, -31), 'buttons': (0, 0, 0), 'window': None})>
2020-01-21 20:15:54,531 - BDM-WAM 1579637750.2386537 - INFO - <Event(4-MouseMotion {'pos': (445, 289), 'rel': (-27, 6), 'buttons': (0, 0, 0), 'window': None})>
2020-01-21 20:15:54,548 - BDM-WAM 1579637750.2386537 - INFO - <Event(4-MouseMotion {'pos': (359, 288), 'rel': (-86, -1), 'buttons': (0, 0, 0), 'window': None})>
2020-01-21 20:15:54,567 - BDM-WAM 1579637750.2386537 - INFO - <Event(4-MouseMotion {'pos': (276, 277), 'rel': (-83, -11), 'buttons': (0, 0, 0), 'window': None})>
2020-01-21 20:15:54,582 - BDM-WAM 1579637750.2386537 - INFO - <Event(4-MouseMotion {'pos': (212, 262), 'rel': (-64, -15), 'buttons': (0, 0, 0), 'window': None})>
2020-01-21 20:15:54,597 - BDM-WAM 1579637750.2386537 - INFO - <Event(4-MouseMotion {'pos': (0, 215), 'rel': (-212, -47), 'buttons': (0, 0, 0), 'window': None})>
2020-01-21 20:15:54,616 - BDM-WAM 1579637750.2386537 - INFO - <Event(1-ActiveEvent {'gain': 0, 'state': 1})>
2020-01-21 20:15:54,764 - BDM-WAM 1579637750.2386537 - INFO - <Event(1-ActiveEvent {'gain': 1, 'state': 1})>
2020-01-21 20:15:54,764 - BDM-WAM 1579637750.2386537 - INFO - <Event(4-MouseMotion {'pos': (30, 164), 'rel': (30, -51), 'buttons': (0, 0, 0), 'window': None})>
2020-01-21 20:15:54,781 - BDM-WAM 1579637750.2386537 - INFO - <Event(4-MouseMotion {'pos': (82, 157), 'rel': (52, -7), 'buttons': (0, 0, 0), 'window': None})>
2020-01-21 20:15:54,801 - BDM-WAM 1579637750.2386537 - INFO - <Event(4-MouseMotion {'pos': (142, 155), 'rel': (60, -2), 'buttons': (0, 0, 0), 'window': None})>
2020-01-21 20:15:54,815 - BDM-WAM 1579637750.2386537 - INFO - <Event(4-MouseMotion {'pos': (171, 156), 'rel': (29, 1), 'buttons': (0, 0, 0), 'window': None})>
2020-01-21 20:15:54,831 - BDM-WAM 1579637750.2386537 - INFO - <Event(4-MouseMotion {'pos': (188, 159), 'rel': (17, 3), 'buttons': (0, 0, 0), 'window': None})>
2020-01-21 20:15:54,849 - BDM-WAM 1579637750.2386537 - INFO - <Event(4-MouseMotion {'pos': (204, 164), 'rel': (16, 5), 'buttons': (0, 0, 0), 'window': None})>
2020-01-21 20:15:54,864 - BDM-WAM 1579637750.2386537 - INFO - <Event(4-MouseMotion {'pos': (213, 167), 'rel': (9, 3), 'buttons': (0, 0, 0), 'window': None})>
2020-01-21 20:15:54,881 - BDM-WAM 1579637750.2386537 - INFO - <Event(4-MouseMotion {'pos': (217, 169), 'rel': (4, 2), 'buttons': (0, 0, 0), 'window': None})>
2020-01-21 20:15:54,898 - BDM-WAM 1579637750.2386537 - INFO - <Event(4-MouseMotion {'pos': (219, 170), 'rel': (2, 1), 'buttons': (0, 0, 0), 'window': None})>
2020-01-21 20:15:54,914 - BDM-WAM 1579637750.2386537 - INFO - <Event(4-MouseMotion {'pos': (220, 170), 'rel': (1, 0), 'buttons': (0, 0, 0), 'window': None})>
2020-01-21 20:15:54,931 - BDM-WAM 1579637750.2386537 - INFO - <Event(4-MouseMotion {'pos': (220, 171), 'rel': (0, 1), 'buttons': (0, 0, 0), 'window': None})>
2020-01-21 20:15:54,948 - BDM-WAM 1579637750.2386537 - INFO - <Event(4-MouseMotion {'pos': (221, 171), 'rel': (1, 0), 'buttons': (0, 0, 0), 'window': None})>
2020-01-21 20:15:54,965 - BDM-WAM 1579637750.2386537 - INFO - <Event(4-MouseMotion {'pos': (222, 172), 'rel': (1, 1), 'buttons': (0, 0, 0), 'window': None})>
2020-01-21 20:15:54,982 - BDM-WAM 1579637750.2386537 - INFO - <Event(4-MouseMotion {'pos': (232, 184), 'rel': (10, 12), 'buttons': (0, 0, 0), 'window': None})>
2020-01-21 20:15:54,997 - BDM-WAM 1579637750.2386537 - INFO - <Event(4-MouseMotion {'pos': (238, 193), 'rel': (6, 9), 'buttons': (0, 0, 0), 'window': None})>
2020-01-21 20:15:55,014 - BDM-WAM 1579637750.2386537 - INFO - <Event(4-MouseMotion {'pos': (240, 196), 'rel': (2, 3), 'buttons': (0, 0, 0), 'window': None})>
2020-01-21 20:15:55,030 - BDM-WAM 1579637750.2386537 - INFO - <Event(4-MouseMotion {'pos': (240, 197), 'rel': (0, 1), 'buttons': (0, 0, 0), 'window': None})>
2020-01-21 20:15:55,049 - BDM-WAM 1579637750.2386537 - INFO - <Event(4-MouseMotion {'pos': (240, 202), 'rel': (0, 5), 'buttons': (0, 0, 0), 'window': None})>
2020-01-21 20:15:55,065 - BDM-WAM 1579637750.2386537 - INFO - <Event(4-MouseMotion {'pos': (239, 208), 'rel': (-1, 6), 'buttons': (0, 0, 0), 'window': None})>
2020-01-21 20:15:55,080 - BDM-WAM 1579637750.2386537 - INFO - <Event(4-MouseMotion {'pos': (238, 210), 'rel': (-1, 2), 'buttons': (0, 0, 0), 'window': None})>
2020-01-21 20:15:55,198 - BDM-WAM 1579637750.2386537 - INFO - <Event(5-MouseButtonDown {'pos': (238, 210), 'button': 1, 'window': None})>
2020-01-21 20:15:55,198 - BDM-WAM 1579637750.2386537 - INFO - <Event(8-Pause {'reason': hit_conf })>
2020-01-21 20:15:55,439 - BDM-WAM 1579637750.2386537 - INFO - <Event(7-Rate {'hit_conf': 2 })>
2020-01-21 20:15:55,618 - BDM-WAM 1579637750.2386537 - INFO - <Event(7-Rate {'reward_conf': 2 })>
2020-01-21 20:15:55,781 - BDM-WAM 1579637750.2386537 - INFO - <Event(7-Rate {'player_skill': 2 })>
2020-01-21 20:15:55,781 - BDM-WAM 1579637750.2386537 - INFO - <Event(9.1-TrueHit {'pos': (238,210),'distance: 71.84705978674423,'relative_loc: (59, 41),'window': None})>
2020-01-21 20:15:55,782 - BDM-WAM 1579637750.2386537 - INFO - <Event(11-Score {score_inc: 3,score: 7})>
2020-01-21 20:15:55,900 - BDM-WAM 1579637750.2386537 - INFO - <Event(3-KeyUp {'key': 50, 'mod': 0, 'scancode': 3, 'window': None})>
2020-01-21 20:15:56,048 - BDM-WAM 1579637750.2386537 - INFO - <Event(4-MouseMotion {'pos': (322, 181), 'rel': (84, -29), 'buttons': (0, 0, 0), 'window': None})>
2020-01-21 20:15:56,049 - BDM-WAM 1579637750.2386537 - INFO - <Event(4-MouseMotion {'pos': (325, 180), 'rel': (3, -1), 'buttons': (0, 0, 0), 'window': None})>
2020-01-21 20:15:56,065 - BDM-WAM 1579637750.2386537 - INFO - <Event(4-MouseMotion {'pos': (348, 174), 'rel': (23, -6), 'buttons': (0, 0, 0), 'window': None})>
2020-01-21 20:15:56,082 - BDM-WAM 1579637750.2386537 - INFO - <Event(4-MouseMotion {'pos': (474, 142), 'rel': (126, -32), 'buttons': (0, 0, 0), 'window': None})>
2020-01-21 20:15:56,129 - BDM-WAM 1579637750.2386537 - INFO - <Event(4-MouseMotion {'pos': (650, 104), 'rel': (176, -38), 'buttons': (0, 0, 0), 'window': None})>
2020-01-21 20:15:56,130 - BDM-WAM 1579637750.2386537 - INFO - <Event(4-MouseMotion {'pos': (656, 103), 'rel': (6, -1), 'buttons': (0, 0, 0), 'window': None})>
2020-01-21 20:15:56,149 - BDM-WAM 1579637750.2386537 - INFO - <Event(4-MouseMotion {'pos': (700, 99), 'rel': (44, -4), 'buttons': (0, 0, 0), 'window': None})>
2020-01-21 20:15:56,165 - BDM-WAM 1579637750.2386537 - INFO - <Event(4-MouseMotion {'pos': (777, 102), 'rel': (77, 3), 'buttons': (0, 0, 0), 'window': None})>
2020-01-21 20:15:56,197 - BDM-WAM 1579637750.2386537 - INFO - <Event(4-MouseMotion {'pos': (839, 106), 'rel': (62, 4), 'buttons': (0, 0, 0), 'window': None})>
2020-01-21 20:15:56,199 - BDM-WAM 1579637750.2386537 - INFO - <Event(4-MouseMotion {'pos': (840, 106), 'rel': (1, 0), 'buttons': (0, 0, 0), 'window': None})>
2020-01-21 20:15:56,245 - BDM-WAM 1579637750.2386537 - INFO - <Event(4-MouseMotion {'pos': (888, 104), 'rel': (48, -2), 'buttons': (0, 0, 0), 'window': None})>
2020-01-21 20:15:56,310 - BDM-WAM 1579637750.2386537 - INFO - <Event(10-MoleUp) {'loc': (95,43)})>
2020-01-21 20:15:56,312 - BDM-WAM 1579637750.2386537 - INFO - <Event(4-MouseMotion {'pos': (1030, 102), 'rel': (142, -2), 'buttons': (0, 0, 0), 'window': None})>
2020-01-21 20:15:56,329 - BDM-WAM 1579637750.2386537 - INFO - <Event(4-MouseMotion {'pos': (1036, 103), 'rel': (6, 1), 'buttons': (0, 0, 0), 'window': None})>
2020-01-21 20:15:56,349 - BDM-WAM 1579637750.2386537 - INFO - <Event(4-MouseMotion {'pos': (1042, 103), 'rel': (6, 0), 'buttons': (0, 0, 0), 'window': None})>
2020-01-21 20:15:56,363 - BDM-WAM 1579637750.2386537 - INFO - <Event(4-MouseMotion {'pos': (1045, 102), 'rel': (3, -1), 'buttons': (0, 0, 0), 'window': None})>
2020-01-21 20:15:56,379 - BDM-WAM 1579637750.2386537 - INFO - <Event(4-MouseMotion {'pos': (1047, 101), 'rel': (2, -1), 'buttons': (0, 0, 0), 'window': None})>
2020-01-21 20:15:56,394 - BDM-WAM 1579637750.2386537 - INFO - <Event(4-MouseMotion {'pos': (1048, 100), 'rel': (1, -1), 'buttons': (0, 0, 0), 'window': None})>
2020-01-21 20:15:56,411 - BDM-WAM 1579637750.2386537 - INFO - <Event(4-MouseMotion {'pos': (1051, 99), 'rel': (3, -1), 'buttons': (0, 0, 0), 'window': None})>
2020-01-21 20:15:56,447 - BDM-WAM 1579637750.2386537 - INFO - <Event(4-MouseMotion {'pos': (1078, 79), 'rel': (27, -20), 'buttons': (0, 0, 0), 'window': None})>
2020-01-21 20:15:56,489 - BDM-WAM 1579637750.2386537 - INFO - <Event(4-MouseMotion {'pos': (1146, 20), 'rel': (68, -59), 'buttons': (0, 0, 0), 'window': None})>
2020-01-21 20:15:56,490 - BDM-WAM 1579637750.2386537 - INFO - <Event(4-MouseMotion {'pos': (1148, 17), 'rel': (2, -3), 'buttons': (0, 0, 0), 'window': None})>
2020-01-21 20:15:56,506 - BDM-WAM 1579637750.2386537 - INFO - <Event(1-ActiveEvent {'gain': 0, 'state': 1})>
2020-01-21 20:15:57,479 - BDM-WAM 1579637750.2386537 - INFO - <Event(12-Quit {})>
