2020-01-21 18:29:20,360 - BDM-WAM 1579631358.0225275 - INFO - <Event(17-VideoExpose {})>
2020-01-21 18:29:20,361 - BDM-WAM 1579631358.0225275 - INFO - <Event(16-VideoResize {'size': (1424, 700), 'w': 1424, 'h': 700})>
2020-01-21 18:29:20,361 - BDM-WAM 1579631358.0225275 - INFO - <Event(1-ActiveEvent {'gain': 0, 'state': 1})>
2020-01-21 18:29:20,362 - BDM-WAM 1579631358.0225275 - INFO - <Event(4-MouseMotion {'pos': (400, 699), 'rel': (401, 700), 'buttons': (0, 0, 0), 'window': None})>
2020-01-21 18:29:20,401 - BDM-WAM 1579631358.0225275 - INFO - <Event(10-MoleUp) {'loc': (119,366)})>
2020-01-21 18:29:20,449 - BDM-WAM 1579631358.0225275 - INFO - <Event(4-MouseMotion {'pos': (564, 486), 'rel': (-5, 1), 'buttons': (0, 0, 0), 'window': None})>
2020-01-21 18:29:20,511 - BDM-WAM 1579631358.0225275 - INFO - <Event(3-KeyUp {'key': 99, 'mod': 0, 'scancode': 46, 'window': None})>
2020-01-21 18:29:20,613 - BDM-WAM 1579631358.0225275 - INFO - <Event(4-MouseMotion {'pos': (565, 486), 'rel': (1, 0), 'buttons': (0, 0, 0), 'window': None})>
2020-01-21 18:29:20,630 - BDM-WAM 1579631358.0225275 - INFO - <Event(4-MouseMotion {'pos': (576, 488), 'rel': (11, 2), 'buttons': (0, 0, 0), 'window': None})>
2020-01-21 18:29:20,646 - BDM-WAM 1579631358.0225275 - INFO - <Event(4-MouseMotion {'pos': (590, 489), 'rel': (14, 1), 'buttons': (0, 0, 0), 'window': None})>
2020-01-21 18:29:20,665 - BDM-WAM 1579631358.0225275 - INFO - <Event(4-MouseMotion {'pos': (644, 493), 'rel': (54, 4), 'buttons': (0, 0, 0), 'window': None})>
2020-01-21 18:29:20,680 - BDM-WAM 1579631358.0225275 - INFO - <Event(4-MouseMotion {'pos': (698, 494), 'rel': (54, 1), 'buttons': (0, 0, 0), 'window': None})>
2020-01-21 18:29:20,701 - BDM-WAM 1579631358.0225275 - INFO - <Event(4-MouseMotion {'pos': (725, 495), 'rel': (27, 1), 'buttons': (0, 0, 0), 'window': None})>
2020-01-21 18:29:20,714 - BDM-WAM 1579631358.0225275 - INFO - <Event(4-MouseMotion {'pos': (726, 495), 'rel': (1, 0), 'buttons': (0, 0, 0), 'window': None})>
2020-01-21 18:29:20,883 - BDM-WAM 1579631358.0225275 - INFO - <Event(4-MouseMotion {'pos': (506, 418), 'rel': (-220, -77), 'buttons': (0, 0, 0), 'window': None})>
2020-01-21 18:29:20,903 - BDM-WAM 1579631358.0225275 - INFO - <Event(4-MouseMotion {'pos': (440, 404), 'rel': (-57, -12), 'buttons': (0, 0, 0), 'window': None})>
2020-01-21 18:29:20,920 - BDM-WAM 1579631358.0225275 - INFO - <Event(4-MouseMotion {'pos': (401, 395), 'rel': (-39, -9), 'buttons': (0, 0, 0), 'window': None})>
2020-01-21 18:29:20,938 - BDM-WAM 1579631358.0225275 - INFO - <Event(4-MouseMotion {'pos': (345, 380), 'rel': (-56, -15), 'buttons': (0, 0, 0), 'window': None})>
2020-01-21 18:29:20,955 - BDM-WAM 1579631358.0225275 - INFO - <Event(4-MouseMotion {'pos': (280, 366), 'rel': (-65, -14), 'buttons': (0, 0, 0), 'window': None})>
2020-01-21 18:29:20,971 - BDM-WAM 1579631358.0225275 - INFO - <Event(4-MouseMotion {'pos': (249, 363), 'rel': (-31, -3), 'buttons': (0, 0, 0), 'window': None})>
2020-01-21 18:29:20,988 - BDM-WAM 1579631358.0225275 - INFO - <Event(4-MouseMotion {'pos': (227, 365), 'rel': (-22, 2), 'buttons': (0, 0, 0), 'window': None})>
2020-01-21 18:29:21,004 - BDM-WAM 1579631358.0225275 - INFO - <Event(4-MouseMotion {'pos': (185, 377), 'rel': (-42, 12), 'buttons': (0, 0, 0), 'window': None})>
2020-01-21 18:29:21,021 - BDM-WAM 1579631358.0225275 - INFO - <Event(4-MouseMotion {'pos': (118, 396), 'rel': (-67, 19), 'buttons': (0, 0, 0), 'window': None})>
2020-01-21 18:29:21,038 - BDM-WAM 1579631358.0225275 - INFO - <Event(4-MouseMotion {'pos': (48, 415), 'rel': (-70, 19), 'buttons': (0, 0, 0), 'window': None})>
2020-01-21 18:29:21,055 - BDM-WAM 1579631358.0225275 - INFO - <Event(4-MouseMotion {'pos': (0, 428), 'rel': (-48, 13), 'buttons': (0, 0, 0), 'window': None})>
2020-01-21 18:29:21,086 - BDM-WAM 1579631358.0225275 - INFO - <Event(4-MouseMotion {'pos': (0, 433), 'rel': (0, 5), 'buttons': (0, 0, 0), 'window': None})>
2020-01-21 18:29:21,256 - BDM-WAM 1579631358.0225275 - INFO - <Event(1-ActiveEvent {'gain': 1, 'state': 1})>
2020-01-21 18:29:21,256 - BDM-WAM 1579631358.0225275 - INFO - <Event(4-MouseMotion {'pos': (53, 458), 'rel': (53, 25), 'buttons': (0, 0, 0), 'window': None})>
2020-01-21 18:29:21,271 - BDM-WAM 1579631358.0225275 - INFO - <Event(4-MouseMotion {'pos': (98, 461), 'rel': (45, 3), 'buttons': (0, 0, 0), 'window': None})>
2020-01-21 18:29:21,288 - BDM-WAM 1579631358.0225275 - INFO - <Event(4-MouseMotion {'pos': (102, 461), 'rel': (4, 0), 'buttons': (0, 0, 0), 'window': None})>
2020-01-21 18:29:21,487 - BDM-WAM 1579631358.0225275 - INFO - <Event(4-MouseMotion {'pos': (103, 461), 'rel': (1, 0), 'buttons': (0, 0, 0), 'window': None})>
2020-01-21 18:29:21,519 - BDM-WAM 1579631358.0225275 - INFO - <Event(4-MouseMotion {'pos': (107, 456), 'rel': (4, -5), 'buttons': (0, 0, 0), 'window': None})>
2020-01-21 18:29:21,568 - BDM-WAM 1579631358.0225275 - INFO - <Event(4-MouseMotion {'pos': (123, 426), 'rel': (16, -30), 'buttons': (0, 0, 0), 'window': None})>
2020-01-21 18:29:21,571 - BDM-WAM 1579631358.0225275 - INFO - <Event(4-MouseMotion {'pos': (123, 424), 'rel': (0, -2), 'buttons': (0, 0, 0), 'window': None})>
2020-01-21 18:29:21,623 - BDM-WAM 1579631358.0225275 - INFO - <Event(4-MouseMotion {'pos': (125, 419), 'rel': (2, -5), 'buttons': (0, 0, 0), 'window': None})>
2020-01-21 18:29:21,672 - BDM-WAM 1579631358.0225275 - INFO - <Event(4-MouseMotion {'pos': (126, 419), 'rel': (1, 0), 'buttons': (0, 0, 0), 'window': None})>
2020-01-21 18:29:21,700 - BDM-WAM 1579631358.0225275 - INFO - <Event(10-MoleUp) {'loc': (179,169)})>
2020-01-21 18:29:21,702 - BDM-WAM 1579631358.0225275 - INFO - <Event(5-MouseButtonDown {'pos': (126, 419), 'button': 1, 'window': None})>
2020-01-21 18:29:21,702 - BDM-WAM 1579631358.0225275 - INFO - <Event(8-Pause {'reason': hit_conf })>
2020-01-21 18:29:22,977 - BDM-WAM 1579631358.0225275 - INFO - <Event(7-Rate {'hit_conf': 2 })>
2020-01-21 18:29:22,990 - BDM-WAM 1579631358.0225275 - INFO - <Event(7-Rate {'reward_conf': 1 })>
2020-01-21 18:29:23,272 - BDM-WAM 1579631358.0225275 - INFO - <Event(7-Rate {'player_skill': 2 })>
2020-01-21 18:29:23,272 - BDM-WAM 1579631358.0225275 - INFO - <Event(9.4-TrueMiss {'pos': (126,419),'distance: 255.55625603768732,'relative_loc: (-53, 250),'window': None})>
2020-01-21 18:29:23,304 - BDM-WAM 1579631358.0225275 - INFO - <Event(4-MouseMotion {'pos': (324, 307), 'rel': (0, 1), 'buttons': (0, 0, 0), 'window': None})>
2020-01-21 18:29:23,443 - BDM-WAM 1579631358.0225275 - INFO - <Event(3-KeyUp {'key': 50, 'mod': 0, 'scancode': 3, 'window': None})>
2020-01-21 18:29:23,796 - BDM-WAM 1579631358.0225275 - INFO - <Event(4-MouseMotion {'pos': (325, 300), 'rel': (1, -7), 'buttons': (0, 0, 0), 'window': None})>
2020-01-21 18:29:23,812 - BDM-WAM 1579631358.0225275 - INFO - <Event(4-MouseMotion {'pos': (323, 284), 'rel': (-2, -16), 'buttons': (0, 0, 0), 'window': None})>
2020-01-21 18:29:23,830 - BDM-WAM 1579631358.0225275 - INFO - <Event(4-MouseMotion {'pos': (308, 260), 'rel': (-15, -24), 'buttons': (0, 0, 0), 'window': None})>
2020-01-21 18:29:23,846 - BDM-WAM 1579631358.0225275 - INFO - <Event(4-MouseMotion {'pos': (294, 245), 'rel': (-14, -15), 'buttons': (0, 0, 0), 'window': None})>
2020-01-21 18:29:23,862 - BDM-WAM 1579631358.0225275 - INFO - <Event(4-MouseMotion {'pos': (286, 240), 'rel': (-8, -5), 'buttons': (0, 0, 0), 'window': None})>
2020-01-21 18:29:23,879 - BDM-WAM 1579631358.0225275 - INFO - <Event(4-MouseMotion {'pos': (284, 240), 'rel': (-2, 0), 'buttons': (0, 0, 0), 'window': None})>
2020-01-21 18:29:23,896 - BDM-WAM 1579631358.0225275 - INFO - <Event(4-MouseMotion {'pos': (280, 240), 'rel': (-4, 0), 'buttons': (0, 0, 0), 'window': None})>
2020-01-21 18:29:23,913 - BDM-WAM 1579631358.0225275 - INFO - <Event(4-MouseMotion {'pos': (267, 240), 'rel': (-13, 0), 'buttons': (0, 0, 0), 'window': None})>
2020-01-21 18:29:23,929 - BDM-WAM 1579631358.0225275 - INFO - <Event(4-MouseMotion {'pos': (251, 240), 'rel': (-16, 0), 'buttons': (0, 0, 0), 'window': None})>
2020-01-21 18:29:23,946 - BDM-WAM 1579631358.0225275 - INFO - <Event(4-MouseMotion {'pos': (246, 240), 'rel': (-5, 0), 'buttons': (0, 0, 0), 'window': None})>
2020-01-21 18:29:23,963 - BDM-WAM 1579631358.0225275 - INFO - <Event(4-MouseMotion {'pos': (244, 240), 'rel': (-2, 0), 'buttons': (0, 0, 0), 'window': None})>
2020-01-21 18:29:23,979 - BDM-WAM 1579631358.0225275 - INFO - <Event(4-MouseMotion {'pos': (243, 240), 'rel': (-1, 0), 'buttons': (0, 0, 0), 'window': None})>
2020-01-21 18:29:24,013 - BDM-WAM 1579631358.0225275 - INFO - <Event(4-MouseMotion {'pos': (242, 240), 'rel': (-1, 0), 'buttons': (0, 0, 0), 'window': None})>
2020-01-21 18:29:24,029 - BDM-WAM 1579631358.0225275 - INFO - <Event(4-MouseMotion {'pos': (241, 240), 'rel': (-1, 0), 'buttons': (0, 0, 0), 'window': None})>
2020-01-21 18:29:24,046 - BDM-WAM 1579631358.0225275 - INFO - <Event(4-MouseMotion {'pos': (240, 240), 'rel': (-1, 0), 'buttons': (0, 0, 0), 'window': None})>
2020-01-21 18:29:24,097 - BDM-WAM 1579631358.0225275 - INFO - <Event(4-MouseMotion {'pos': (239, 239), 'rel': (-1, -1), 'buttons': (0, 0, 0), 'window': None})>
2020-01-21 18:29:24,114 - BDM-WAM 1579631358.0225275 - INFO - <Event(4-MouseMotion {'pos': (235, 238), 'rel': (-4, -1), 'buttons': (0, 0, 0), 'window': None})>
2020-01-21 18:29:24,130 - BDM-WAM 1579631358.0225275 - INFO - <Event(5-MouseButtonDown {'pos': (234, 238), 'button': 1, 'window': None})>
2020-01-21 18:29:24,131 - BDM-WAM 1579631358.0225275 - INFO - <Event(8-Pause {'reason': hit_conf })>
2020-01-21 18:29:26,217 - BDM-WAM 1579631358.0225275 - INFO - <Event(7-Rate {'hit_conf': 2 })>
2020-01-21 18:29:26,454 - BDM-WAM 1579631358.0225275 - INFO - <Event(7-Rate {'reward_conf': 2 })>
2020-01-21 18:29:27,362 - BDM-WAM 1579631358.0225275 - INFO - <Event(7-Rate {'player_skill': 2 })>
2020-01-21 18:29:27,362 - BDM-WAM 1579631358.0225275 - INFO - <Event(9.1-TrueHit {'pos': (234,238),'distance: 88.23831367382311,'relative_loc: (55, 69),'window': None})>
2020-01-21 18:29:27,363 - BDM-WAM 1579631358.0225275 - INFO - <Event(11-Score {score_inc: 0,score: 0})>
2020-01-21 18:29:27,526 - BDM-WAM 1579631358.0225275 - INFO - <Event(3-KeyUp {'key': 50, 'mod': 0, 'scancode': 3, 'window': None})>
2020-01-21 18:29:27,582 - BDM-WAM 1579631358.0225275 - INFO - <Event(10-MoleUp) {'loc': (603,11)})>
2020-01-21 18:29:27,994 - BDM-WAM 1579631358.0225275 - INFO - <Event(4-MouseMotion {'pos': (443, 312), 'rel': (0, 2), 'buttons': (0, 0, 0), 'window': None})>
2020-01-21 18:29:28,011 - BDM-WAM 1579631358.0225275 - INFO - <Event(4-MouseMotion {'pos': (446, 316), 'rel': (3, 4), 'buttons': (0, 0, 0), 'window': None})>
2020-01-21 18:29:28,028 - BDM-WAM 1579631358.0225275 - INFO - <Event(4-MouseMotion {'pos': (455, 276), 'rel': (9, -40), 'buttons': (0, 0, 0), 'window': None})>
2020-01-21 18:29:28,045 - BDM-WAM 1579631358.0225275 - INFO - <Event(4-MouseMotion {'pos': (462, 250), 'rel': (7, -26), 'buttons': (0, 0, 0), 'window': None})>
2020-01-21 18:29:28,687 - BDM-WAM 1579631358.0225275 - INFO - <Event(2-KeyDown {'unicode': 'p', 'key': 112, 'mod': 0, 'scancode': 25, 'window': None})>
2020-01-21 18:29:28,783 - BDM-WAM 1579631358.0225275 - INFO - <Event(3-KeyUp {'key': 112, 'mod': 0, 'scancode': 25, 'window': None})>
2020-01-21 18:29:28,921 - BDM-WAM 1579631358.0225275 - INFO - <Event(10-MoleUp) {'loc': (179,169)})>
2020-01-21 18:29:29,395 - BDM-WAM 1579631358.0225275 - INFO - <Event(2-KeyDown {'unicode': 'p', 'key': 112, 'mod': 0, 'scancode': 25, 'window': None})>
2020-01-21 18:29:29,512 - BDM-WAM 1579631358.0225275 - INFO - <Event(3-KeyUp {'key': 112, 'mod': 0, 'scancode': 25, 'window': None})>
2020-01-21 18:29:29,562 - BDM-WAM 1579631358.0225275 - INFO - <Event(2-KeyDown {'unicode': 'p', 'key': 112, 'mod': 0, 'scancode': 25, 'window': None})>
2020-01-21 18:29:29,660 - BDM-WAM 1579631358.0225275 - INFO - <Event(3-KeyUp {'key': 112, 'mod': 0, 'scancode': 25, 'window': None})>
2020-01-21 18:29:29,709 - BDM-WAM 1579631358.0225275 - INFO - <Event(2-KeyDown {'unicode': 'p', 'key': 112, 'mod': 0, 'scancode': 25, 'window': None})>
2020-01-21 18:29:29,789 - BDM-WAM 1579631358.0225275 - INFO - <Event(3-KeyUp {'key': 112, 'mod': 0, 'scancode': 25, 'window': None})>
2020-01-21 18:29:29,840 - BDM-WAM 1579631358.0225275 - INFO - <Event(2-KeyDown {'unicode': 'p', 'key': 112, 'mod': 0, 'scancode': 25, 'window': None})>
2020-01-21 18:29:29,940 - BDM-WAM 1579631358.0225275 - INFO - <Event(3-KeyUp {'key': 112, 'mod': 0, 'scancode': 25, 'window': None})>
2020-01-21 18:29:30,294 - BDM-WAM 1579631358.0225275 - INFO - <Event(10-MoleUp) {'loc': (636,366)})>
2020-01-21 18:29:30,842 - BDM-WAM 1579631358.0225275 - INFO - <Event(2-KeyDown {'unicode': 'q', 'key': 113, 'mod': 0, 'scancode': 16, 'window': None})>
2020-01-21 18:29:30,992 - BDM-WAM 1579631358.0225275 - INFO - <Event(3-KeyUp {'key': 113, 'mod': 0, 'scancode': 16, 'window': None})>
2020-01-21 18:29:31,671 - BDM-WAM 1579631358.0225275 - INFO - <Event(10-MoleUp) {'loc': (636,366)})>
2020-01-21 18:29:32,394 - BDM-WAM 1579631358.0225275 - INFO - <Event(4-MouseMotion {'pos': (280, 140), 'rel': (-182, -110), 'buttons': (0, 0, 0), 'window': None})>
2020-01-21 18:29:32,414 - BDM-WAM 1579631358.0225275 - INFO - <Event(4-MouseMotion {'pos': (0, 0), 'rel': (-280, -140), 'buttons': (0, 0, 0), 'window': None})>
2020-01-21 18:29:33,043 - BDM-WAM 1579631358.0225275 - INFO - <Event(10-MoleUp) {'loc': (179,169)})>
2020-01-21 18:29:34,070 - BDM-WAM 1579631358.0225275 - INFO - <Event(12-Quit {})>
2020-01-21 18:29:34,252 - BDM-WAM 1579631358.0225275 - INFO - <Event(1-ActiveEvent {'gain': 1, 'state': 1})>
2020-01-21 18:29:34,252 - BDM-WAM 1579631358.0225275 - INFO - <Event(4-MouseMotion {'pos': (1349, 5), 'rel': (1349, 5), 'buttons': (0, 0, 0), 'window': None})>
2020-01-21 18:29:34,254 - BDM-WAM 1579631358.0225275 - INFO - <Event(4-MouseMotion {'pos': (1341, 9), 'rel': (-8, 4), 'buttons': (0, 0, 0), 'window': None})>
2020-01-21 18:29:34,309 - BDM-WAM 1579631358.0225275 - INFO - <Event(4-MouseMotion {'pos': (1135, 128), 'rel': (-206, 119), 'buttons': (0, 0, 0), 'window': None})>
2020-01-21 18:29:34,367 - BDM-WAM 1579631358.0225275 - INFO - <Event(4-MouseMotion {'pos': (879, 215), 'rel': (-256, 87), 'buttons': (0, 0, 0), 'window': None})>
2020-01-21 18:29:34,399 - BDM-WAM 1579631358.0225275 - INFO - <Event(10-MoleUp) {'loc': (636,366)})>
2020-01-21 18:29:34,401 - BDM-WAM 1579631358.0225275 - INFO - <Event(4-MouseMotion {'pos': (874, 216), 'rel': (-5, 1), 'buttons': (0, 0, 0), 'window': None})>
2020-01-21 18:29:34,516 - BDM-WAM 1579631358.0225275 - INFO - <Event(4-MouseMotion {'pos': (857, 227), 'rel': (-17, 11), 'buttons': (0, 0, 0), 'window': None})>
2020-01-21 18:29:34,519 - BDM-WAM 1579631358.0225275 - INFO - <Event(4-MouseMotion {'pos': (854, 228), 'rel': (-3, 1), 'buttons': (0, 0, 0), 'window': None})>
2020-01-21 18:29:34,534 - BDM-WAM 1579631358.0225275 - INFO - <Event(4-MouseMotion {'pos': (827, 240), 'rel': (-27, 12), 'buttons': (0, 0, 0), 'window': None})>
2020-01-21 18:29:34,585 - BDM-WAM 1579631358.0225275 - INFO - <Event(4-MouseMotion {'pos': (731, 289), 'rel': (-96, 49), 'buttons': (0, 0, 0), 'window': None})>
2020-01-21 18:29:34,603 - BDM-WAM 1579631358.0225275 - INFO - <Event(4-MouseMotion {'pos': (725, 294), 'rel': (-6, 5), 'buttons': (0, 0, 0), 'window': None})>
2020-01-21 18:29:34,618 - BDM-WAM 1579631358.0225275 - INFO - <Event(4-MouseMotion {'pos': (723, 295), 'rel': (-2, 1), 'buttons': (0, 0, 0), 'window': None})>
2020-01-21 18:29:34,635 - BDM-WAM 1579631358.0225275 - INFO - <Event(4-MouseMotion {'pos': (716, 300), 'rel': (-7, 5), 'buttons': (0, 0, 0), 'window': None})>
2020-01-21 18:29:34,652 - BDM-WAM 1579631358.0225275 - INFO - <Event(4-MouseMotion {'pos': (697, 313), 'rel': (-19, 13), 'buttons': (0, 0, 0), 'window': None})>
2020-01-21 18:29:34,667 - BDM-WAM 1579631358.0225275 - INFO - <Event(4-MouseMotion {'pos': (692, 317), 'rel': (-5, 4), 'buttons': (0, 0, 0), 'window': None})>
2020-01-21 18:29:34,684 - BDM-WAM 1579631358.0225275 - INFO - <Event(4-MouseMotion {'pos': (691, 318), 'rel': (-1, 1), 'buttons': (0, 0, 0), 'window': None})>
2020-01-21 18:29:34,701 - BDM-WAM 1579631358.0225275 - INFO - <Event(4-MouseMotion {'pos': (690, 319), 'rel': (-1, 1), 'buttons': (0, 0, 0), 'window': None})>
2020-01-21 18:29:34,718 - BDM-WAM 1579631358.0225275 - INFO - <Event(4-MouseMotion {'pos': (689, 320), 'rel': (-1, 1), 'buttons': (0, 0, 0), 'window': None})>
2020-01-21 18:29:34,736 - BDM-WAM 1579631358.0225275 - INFO - <Event(4-MouseMotion {'pos': (689, 321), 'rel': (0, 1), 'buttons': (0, 0, 0), 'window': None})>
2020-01-21 18:29:34,836 - BDM-WAM 1579631358.0225275 - INFO - <Event(4-MouseMotion {'pos': (702, 324), 'rel': (13, 3), 'buttons': (0, 0, 0), 'window': None})>
2020-01-21 18:29:34,852 - BDM-WAM 1579631358.0225275 - INFO - <Event(4-MouseMotion {'pos': (747, 331), 'rel': (45, 7), 'buttons': (0, 0, 0), 'window': None})>
2020-01-21 18:29:34,869 - BDM-WAM 1579631358.0225275 - INFO - <Event(4-MouseMotion {'pos': (770, 334), 'rel': (23, 3), 'buttons': (0, 0, 0), 'window': None})>
2020-01-21 18:29:34,886 - BDM-WAM 1579631358.0225275 - INFO - <Event(4-MouseMotion {'pos': (788, 333), 'rel': (17, -1), 'buttons': (0, 0, 0), 'window': None})>
2020-01-21 18:29:34,903 - BDM-WAM 1579631358.0225275 - INFO - <Event(4-MouseMotion {'pos': (826, 325), 'rel': (38, -8), 'buttons': (0, 0, 0), 'window': None})>
2020-01-21 18:29:34,920 - BDM-WAM 1579631358.0225275 - INFO - <Event(4-MouseMotion {'pos': (900, 295), 'rel': (74, -30), 'buttons': (0, 0, 0), 'window': None})>
2020-01-21 18:29:34,936 - BDM-WAM 1579631358.0225275 - INFO - <Event(4-MouseMotion {'pos': (947, 272), 'rel': (47, -23), 'buttons': (0, 0, 0), 'window': None})>
2020-01-21 18:29:34,953 - BDM-WAM 1579631358.0225275 - INFO - <Event(4-MouseMotion {'pos': (975, 258), 'rel': (28, -14), 'buttons': (0, 0, 0), 'window': None})>
2020-01-21 18:29:34,969 - BDM-WAM 1579631358.0225275 - INFO - <Event(4-MouseMotion {'pos': (1005, 240), 'rel': (30, -18), 'buttons': (0, 0, 0), 'window': None})>
2020-01-21 18:29:34,986 - BDM-WAM 1579631358.0225275 - INFO - <Event(4-MouseMotion {'pos': (1043, 219), 'rel': (33, -18), 'buttons': (0, 0, 0), 'window': None})>
2020-01-21 18:29:35,002 - BDM-WAM 1579631358.0225275 - INFO - <Event(4-MouseMotion {'pos': (1086, 200), 'rel': (43, -19), 'buttons': (0, 0, 0), 'window': None})>
2020-01-21 18:29:35,020 - BDM-WAM 1579631358.0225275 - INFO - <Event(4-MouseMotion {'pos': (1134, 180), 'rel': (48, -20), 'buttons': (0, 0, 0), 'window': None})>
2020-01-21 18:29:35,036 - BDM-WAM 1579631358.0225275 - INFO - <Event(4-MouseMotion {'pos': (1175, 167), 'rel': (41, -13), 'buttons': (0, 0, 0), 'window': None})>
2020-01-21 18:29:35,053 - BDM-WAM 1579631358.0225275 - INFO - <Event(4-MouseMotion {'pos': (1226, 153), 'rel': (51, -14), 'buttons': (0, 0, 0), 'window': None})>
2020-01-21 18:29:35,070 - BDM-WAM 1579631358.0225275 - INFO - <Event(4-MouseMotion {'pos': (1295, 139), 'rel': (69, -14), 'buttons': (0, 0, 0), 'window': None})>
2020-01-21 18:29:35,087 - BDM-WAM 1579631358.0225275 - INFO - <Event(4-MouseMotion {'pos': (1335, 129), 'rel': (40, -10), 'buttons': (0, 0, 0), 'window': None})>
2020-01-21 18:29:35,104 - BDM-WAM 1579631358.0225275 - INFO - <Event(4-MouseMotion {'pos': (1368, 119), 'rel': (33, -10), 'buttons': (0, 0, 0), 'window': None})>
2020-01-21 18:29:35,123 - BDM-WAM 1579631358.0225275 - INFO - <Event(4-MouseMotion {'pos': (1402, 108), 'rel': (34, -11), 'buttons': (0, 0, 0), 'window': None})>
2020-01-21 18:29:35,138 - BDM-WAM 1579631358.0225275 - INFO - <Event(4-MouseMotion {'pos': (1405, 107), 'rel': (3, -1), 'buttons': (0, 0, 0), 'window': None})>
2020-01-21 18:29:35,193 - BDM-WAM 1579631358.0225275 - INFO - <Event(4-MouseMotion {'pos': (1412, 104), 'rel': (7, -3), 'buttons': (0, 0, 0), 'window': None})>
2020-01-21 18:29:35,210 - BDM-WAM 1579631358.0225275 - INFO - <Event(4-MouseMotion {'pos': (1422, 98), 'rel': (10, -6), 'buttons': (0, 0, 0), 'window': None})>
2020-01-21 18:29:35,219 - BDM-WAM 1579631358.0225275 - INFO - <Event(1-ActiveEvent {'gain': 0, 'state': 1})>
2020-01-21 18:29:35,319 - BDM-WAM 1579631358.0225275 - INFO - <Event(1-ActiveEvent {'gain': 1, 'state': 1})>
2020-01-21 18:29:35,319 - BDM-WAM 1579631358.0225275 - INFO - <Event(4-MouseMotion {'pos': (1423, 33), 'rel': (1, -65), 'buttons': (0, 0, 0), 'window': None})>
2020-01-21 18:29:35,336 - BDM-WAM 1579631358.0225275 - INFO - <Event(1-ActiveEvent {'gain': 0, 'state': 1})>
2020-01-21 18:29:35,740 - BDM-WAM 1579631358.0225275 - INFO - <Event(10-MoleUp) {'loc': (636,366)})>
2020-01-21 18:29:36,075 - BDM-WAM 1579631358.0225275 - INFO - <Event(12-Quit {})>
2020-01-21 18:29:36,455 - BDM-WAM 1579631358.0225275 - INFO - <Event(12-Quit {})>
2020-01-21 18:29:36,809 - BDM-WAM 1579631358.0225275 - INFO - <Event(12-Quit {})>
2020-01-21 18:29:36,826 - BDM-WAM 1579631358.0225275 - INFO - <Event(1-ActiveEvent {'gain': 1, 'state': 1})>
2020-01-21 18:29:36,827 - BDM-WAM 1579631358.0225275 - INFO - <Event(4-MouseMotion {'pos': (1405, 2), 'rel': (-18, -31), 'buttons': (0, 0, 0), 'window': None})>
2020-01-21 18:29:36,842 - BDM-WAM 1579631358.0225275 - INFO - <Event(4-MouseMotion {'pos': (1404, 4), 'rel': (-1, 2), 'buttons': (0, 0, 0), 'window': None})>
2020-01-21 18:29:36,859 - BDM-WAM 1579631358.0225275 - INFO - <Event(4-MouseMotion {'pos': (1397, 13), 'rel': (-7, 9), 'buttons': (0, 0, 0), 'window': None})>
2020-01-21 18:29:36,875 - BDM-WAM 1579631358.0225275 - INFO - <Event(4-MouseMotion {'pos': (1382, 28), 'rel': (-15, 15), 'buttons': (0, 0, 0), 'window': None})>
2020-01-21 18:29:36,892 - BDM-WAM 1579631358.0225275 - INFO - <Event(4-MouseMotion {'pos': (1366, 49), 'rel': (-16, 21), 'buttons': (0, 0, 0), 'window': None})>
2020-01-21 18:29:36,940 - BDM-WAM 1579631358.0225275 - INFO - <Event(4-MouseMotion {'pos': (1323, 134), 'rel': (-43, 85), 'buttons': (0, 0, 0), 'window': None})>
2020-01-21 18:29:36,942 - BDM-WAM 1579631358.0225275 - INFO - <Event(4-MouseMotion {'pos': (1323, 137), 'rel': (0, 3), 'buttons': (0, 0, 0), 'window': None})>
2020-01-21 18:29:36,957 - BDM-WAM 1579631358.0225275 - INFO - <Event(4-MouseMotion {'pos': (1317, 151), 'rel': (-6, 14), 'buttons': (0, 0, 0), 'window': None})>
2020-01-21 18:29:37,006 - BDM-WAM 1579631358.0225275 - INFO - <Event(4-MouseMotion {'pos': (1304, 233), 'rel': (-13, 82), 'buttons': (0, 0, 0), 'window': None})>
2020-01-21 18:29:37,008 - BDM-WAM 1579631358.0225275 - INFO - <Event(4-MouseMotion {'pos': (1303, 239), 'rel': (-1, 6), 'buttons': (0, 0, 0), 'window': None})>
2020-01-21 18:29:37,024 - BDM-WAM 1579631358.0225275 - INFO - <Event(4-MouseMotion {'pos': (1291, 295), 'rel': (-12, 56), 'buttons': (0, 0, 0), 'window': None})>
2020-01-21 18:29:37,073 - BDM-WAM 1579631358.0225275 - INFO - <Event(4-MouseMotion {'pos': (1279, 377), 'rel': (-12, 82), 'buttons': (0, 0, 0), 'window': None})>
2020-01-21 18:29:37,111 - BDM-WAM 1579631358.0225275 - INFO - <Event(10-MoleUp) {'loc': (119,366)})>
2020-01-21 18:29:37,112 - BDM-WAM 1579631358.0225275 - INFO - <Event(4-MouseMotion {'pos': (1286, 418), 'rel': (7, 41), 'buttons': (0, 0, 0), 'window': None})>
2020-01-21 18:29:37,130 - BDM-WAM 1579631358.0225275 - INFO - <Event(4-MouseMotion {'pos': (1293, 433), 'rel': (7, 15), 'buttons': (0, 0, 0), 'window': None})>
2020-01-21 18:29:37,187 - BDM-WAM 1579631358.0225275 - INFO - <Event(4-MouseMotion {'pos': (1320, 491), 'rel': (27, 58), 'buttons': (0, 0, 0), 'window': None})>
2020-01-21 18:29:37,189 - BDM-WAM 1579631358.0225275 - INFO - <Event(4-MouseMotion {'pos': (1321, 493), 'rel': (1, 2), 'buttons': (0, 0, 0), 'window': None})>
2020-01-21 18:29:37,236 - BDM-WAM 1579631358.0225275 - INFO - <Event(4-MouseMotion {'pos': (1329, 508), 'rel': (8, 15), 'buttons': (0, 0, 0), 'window': None})>
2020-01-21 18:29:37,255 - BDM-WAM 1579631358.0225275 - INFO - <Event(4-MouseMotion {'pos': (1330, 510), 'rel': (1, 2), 'buttons': (0, 0, 0), 'window': None})>
2020-01-21 18:29:37,307 - BDM-WAM 1579631358.0225275 - INFO - <Event(4-MouseMotion {'pos': (1346, 521), 'rel': (16, 11), 'buttons': (0, 0, 0), 'window': None})>
2020-01-21 18:29:37,325 - BDM-WAM 1579631358.0225275 - INFO - <Event(4-MouseMotion {'pos': (1347, 522), 'rel': (1, 1), 'buttons': (0, 0, 0), 'window': None})>
2020-01-21 18:29:37,341 - BDM-WAM 1579631358.0225275 - INFO - <Event(4-MouseMotion {'pos': (1353, 528), 'rel': (6, 6), 'buttons': (0, 0, 0), 'window': None})>
2020-01-21 18:29:37,358 - BDM-WAM 1579631358.0225275 - INFO - <Event(4-MouseMotion {'pos': (1380, 567), 'rel': (27, 39), 'buttons': (0, 0, 0), 'window': None})>
2020-01-21 18:29:37,375 - BDM-WAM 1579631358.0225275 - INFO - <Event(4-MouseMotion {'pos': (1408, 613), 'rel': (28, 46), 'buttons': (0, 0, 0), 'window': None})>
2020-01-21 18:29:37,392 - BDM-WAM 1579631358.0225275 - INFO - <Event(1-ActiveEvent {'gain': 0, 'state': 1})>
2020-01-21 18:29:37,859 - BDM-WAM 1579631358.0225275 - INFO - <Event(1-ActiveEvent {'gain': 0, 'state': 2})>
2020-01-21 18:29:38,441 - BDM-WAM 1579631358.0225275 - INFO - <Event(10-MoleUp) {'loc': (119,366)})>
