2020-01-21 20:07:31,163 - BDM-WAM 1579637251.0571826 - INFO - <Event(3-KeyUp {'key': 50, 'mod': 0, 'scancode': 0, 'window': None})>
2020-01-21 20:07:34,635 - BDM-WAM 1579637251.0571826 - INFO - <Event(1-ActiveEvent {'gain': 0, 'state': 2})>
2020-01-21 20:07:34,635 - BDM-WAM 1579637251.0571826 - INFO - <Event(17-VideoExpose {})>
2020-01-21 20:07:34,636 - BDM-WAM 1579637251.0571826 - INFO - <Event(1-ActiveEvent {'gain': 0, 'state': 1})>
2020-01-21 20:07:34,636 - BDM-WAM 1579637251.0571826 - INFO - <Event(4-MouseMotion {'pos': (901, 678), 'rel': (390, 427), 'buttons': (0, 0, 0), 'window': None})>
2020-01-21 20:07:34,691 - BDM-WAM 1579637251.0571826 - INFO - <Event(10-MoleUp) {'loc': (636,366)})>
2020-01-21 20:07:34,742 - BDM-WAM 1579637251.0571826 - INFO - <Event(4-MouseMotion {'pos': (716, 384), 'rel': (35, -65), 'buttons': (0, 0, 0), 'window': None})>
2020-01-21 20:07:34,762 - BDM-WAM 1579637251.0571826 - INFO - <Event(3-KeyUp {'key': 99, 'mod': 0, 'scancode': 46, 'window': None})>
2020-01-21 20:07:34,983 - BDM-WAM 1579637251.0571826 - INFO - <Event(4-MouseMotion {'pos': (585, 399), 'rel': (-131, 15), 'buttons': (0, 0, 0), 'window': None})>
2020-01-21 20:07:35,000 - BDM-WAM 1579637251.0571826 - INFO - <Event(4-MouseMotion {'pos': (574, 402), 'rel': (-11, 3), 'buttons': (0, 0, 0), 'window': None})>
2020-01-21 20:07:35,019 - BDM-WAM 1579637251.0571826 - INFO - <Event(4-MouseMotion {'pos': (572, 402), 'rel': (-2, 0), 'buttons': (0, 0, 0), 'window': None})>
2020-01-21 20:07:35,035 - BDM-WAM 1579637251.0571826 - INFO - <Event(4-MouseMotion {'pos': (571, 402), 'rel': (-1, 0), 'buttons': (0, 0, 0), 'window': None})>
2020-01-21 20:07:35,148 - BDM-WAM 1579637251.0571826 - INFO - <Event(4-MouseMotion {'pos': (585, 410), 'rel': (14, 8), 'buttons': (0, 0, 0), 'window': None})>
2020-01-21 20:07:35,149 - BDM-WAM 1579637251.0571826 - INFO - <Event(4-MouseMotion {'pos': (586, 411), 'rel': (1, 1), 'buttons': (0, 0, 0), 'window': None})>
2020-01-21 20:07:35,167 - BDM-WAM 1579637251.0571826 - INFO - <Event(4-MouseMotion {'pos': (593, 414), 'rel': (7, 3), 'buttons': (0, 0, 0), 'window': None})>
2020-01-21 20:07:35,184 - BDM-WAM 1579637251.0571826 - INFO - <Event(4-MouseMotion {'pos': (601, 418), 'rel': (8, 4), 'buttons': (0, 0, 0), 'window': None})>
2020-01-21 20:07:35,201 - BDM-WAM 1579637251.0571826 - INFO - <Event(4-MouseMotion {'pos': (605, 420), 'rel': (4, 2), 'buttons': (0, 0, 0), 'window': None})>
2020-01-21 20:07:35,217 - BDM-WAM 1579637251.0571826 - INFO - <Event(4-MouseMotion {'pos': (607, 421), 'rel': (2, 1), 'buttons': (0, 0, 0), 'window': None})>
2020-01-21 20:07:35,234 - BDM-WAM 1579637251.0571826 - INFO - <Event(4-MouseMotion {'pos': (609, 421), 'rel': (2, 0), 'buttons': (0, 0, 0), 'window': None})>
2020-01-21 20:07:35,249 - BDM-WAM 1579637251.0571826 - INFO - <Event(4-MouseMotion {'pos': (619, 419), 'rel': (10, -2), 'buttons': (0, 0, 0), 'window': None})>
2020-01-21 20:07:35,266 - BDM-WAM 1579637251.0571826 - INFO - <Event(4-MouseMotion {'pos': (631, 415), 'rel': (12, -4), 'buttons': (0, 0, 0), 'window': None})>
2020-01-21 20:07:35,283 - BDM-WAM 1579637251.0571826 - INFO - <Event(4-MouseMotion {'pos': (635, 413), 'rel': (4, -2), 'buttons': (0, 0, 0), 'window': None})>
2020-01-21 20:07:35,300 - BDM-WAM 1579637251.0571826 - INFO - <Event(4-MouseMotion {'pos': (638, 410), 'rel': (3, -3), 'buttons': (0, 0, 0), 'window': None})>
2020-01-21 20:07:35,317 - BDM-WAM 1579637251.0571826 - INFO - <Event(4-MouseMotion {'pos': (639, 409), 'rel': (1, -1), 'buttons': (0, 0, 0), 'window': None})>
2020-01-21 20:07:35,333 - BDM-WAM 1579637251.0571826 - INFO - <Event(4-MouseMotion {'pos': (640, 408), 'rel': (1, -1), 'buttons': (0, 0, 0), 'window': None})>
2020-01-21 20:07:35,350 - BDM-WAM 1579637251.0571826 - INFO - <Event(4-MouseMotion {'pos': (641, 408), 'rel': (1, 0), 'buttons': (0, 0, 0), 'window': None})>
2020-01-21 20:07:35,370 - BDM-WAM 1579637251.0571826 - INFO - <Event(4-MouseMotion {'pos': (642, 406), 'rel': (1, -2), 'buttons': (0, 0, 0), 'window': None})>
2020-01-21 20:07:35,383 - BDM-WAM 1579637251.0571826 - INFO - <Event(4-MouseMotion {'pos': (643, 406), 'rel': (1, 0), 'buttons': (0, 0, 0), 'window': None})>
2020-01-21 20:07:35,399 - BDM-WAM 1579637251.0571826 - INFO - <Event(4-MouseMotion {'pos': (644, 406), 'rel': (1, 0), 'buttons': (0, 0, 0), 'window': None})>
2020-01-21 20:07:35,416 - BDM-WAM 1579637251.0571826 - INFO - <Event(4-MouseMotion {'pos': (646, 405), 'rel': (2, -1), 'buttons': (0, 0, 0), 'window': None})>
2020-01-21 20:07:35,434 - BDM-WAM 1579637251.0571826 - INFO - <Event(4-MouseMotion {'pos': (648, 405), 'rel': (2, 0), 'buttons': (0, 0, 0), 'window': None})>
2020-01-21 20:07:35,449 - BDM-WAM 1579637251.0571826 - INFO - <Event(4-MouseMotion {'pos': (651, 405), 'rel': (3, 0), 'buttons': (0, 0, 0), 'window': None})>
2020-01-21 20:07:35,467 - BDM-WAM 1579637251.0571826 - INFO - <Event(4-MouseMotion {'pos': (659, 408), 'rel': (8, 3), 'buttons': (0, 0, 0), 'window': None})>
2020-01-21 20:07:35,484 - BDM-WAM 1579637251.0571826 - INFO - <Event(4-MouseMotion {'pos': (669, 415), 'rel': (10, 7), 'buttons': (0, 0, 0), 'window': None})>
2020-01-21 20:07:35,499 - BDM-WAM 1579637251.0571826 - INFO - <Event(4-MouseMotion {'pos': (674, 420), 'rel': (5, 5), 'buttons': (0, 0, 0), 'window': None})>
2020-01-21 20:07:35,515 - BDM-WAM 1579637251.0571826 - INFO - <Event(4-MouseMotion {'pos': (676, 421), 'rel': (2, 1), 'buttons': (0, 0, 0), 'window': None})>
2020-01-21 20:07:35,531 - BDM-WAM 1579637251.0571826 - INFO - <Event(4-MouseMotion {'pos': (676, 423), 'rel': (0, 2), 'buttons': (0, 0, 0), 'window': None})>
2020-01-21 20:07:35,580 - BDM-WAM 1579637251.0571826 - INFO - <Event(5-MouseButtonDown {'pos': (676, 423), 'button': 1, 'window': None})>
2020-01-21 20:07:35,580 - BDM-WAM 1579637251.0571826 - INFO - <Event(8-Pause {'reason': hit_conf })>
2020-01-21 20:07:35,930 - BDM-WAM 1579637251.0571826 - INFO - <Event(7-Rate {'hit_conf': 2 })>
2020-01-21 20:07:36,100 - BDM-WAM 1579637251.0571826 - INFO - <Event(7-Rate {'reward_conf': 2 })>
2020-01-21 20:07:36,259 - BDM-WAM 1579637251.0571826 - INFO - <Event(7-Rate {'player_skill': 2 })>
2020-01-21 20:07:36,260 - BDM-WAM 1579637251.0571826 - INFO - <Event(9.1-TrueHit {'pos': (676,423),'distance: 69.63476143421474,'relative_loc: (40, 57),'window': None})>
