2020-01-21 18:34:23,429 - BDM-WAM 1579631660.528267 - INFO - <Event(17-VideoExpose {})>
2020-01-21 18:34:23,430 - BDM-WAM 1579631660.528267 - INFO - <Event(16-VideoResize {'size': (1424, 700), 'w': 1424, 'h': 700})>
2020-01-21 18:34:23,431 - BDM-WAM 1579631660.528267 - INFO - <Event(1-ActiveEvent {'gain': 0, 'state': 1})>
2020-01-21 18:34:23,431 - BDM-WAM 1579631660.528267 - INFO - <Event(4-MouseMotion {'pos': (154, 411), 'rel': (155, 412), 'buttons': (0, 0, 0), 'window': None})>
2020-01-21 18:34:23,482 - BDM-WAM 1579631660.528267 - INFO - <Event(10-MoleUp) {'loc': (119,366)})>
2020-01-21 18:34:23,585 - BDM-WAM 1579631660.528267 - INFO - <Event(3-KeyUp {'key': 99, 'mod': 0, 'scancode': 46, 'window': None})>
2020-01-21 18:34:23,773 - BDM-WAM 1579631660.528267 - INFO - <Event(4-MouseMotion {'pos': (624, 347), 'rel': (-14, 2), 'buttons': (0, 0, 0), 'window': None})>
2020-01-21 18:34:23,789 - BDM-WAM 1579631660.528267 - INFO - <Event(4-MouseMotion {'pos': (521, 310), 'rel': (-103, -37), 'buttons': (0, 0, 0), 'window': None})>
2020-01-21 18:34:23,806 - BDM-WAM 1579631660.528267 - INFO - <Event(4-MouseMotion {'pos': (336, 259), 'rel': (-185, -51), 'buttons': (0, 0, 0), 'window': None})>
2020-01-21 18:34:23,824 - BDM-WAM 1579631660.528267 - INFO - <Event(4-MouseMotion {'pos': (189, 218), 'rel': (-147, -41), 'buttons': (0, 0, 0), 'window': None})>
2020-01-21 18:34:23,839 - BDM-WAM 1579631660.528267 - INFO - <Event(4-MouseMotion {'pos': (168, 213), 'rel': (-21, -5), 'buttons': (0, 0, 0), 'window': None})>
2020-01-21 18:34:23,940 - BDM-WAM 1579631660.528267 - INFO - <Event(4-MouseMotion {'pos': (169, 214), 'rel': (1, 1), 'buttons': (0, 0, 0), 'window': None})>
2020-01-21 18:34:23,956 - BDM-WAM 1579631660.528267 - INFO - <Event(4-MouseMotion {'pos': (211, 208), 'rel': (42, -6), 'buttons': (0, 0, 0), 'window': None})>
2020-01-21 18:34:23,972 - BDM-WAM 1579631660.528267 - INFO - <Event(4-MouseMotion {'pos': (233, 150), 'rel': (22, -58), 'buttons': (0, 0, 0), 'window': None})>
2020-01-21 18:34:23,990 - BDM-WAM 1579631660.528267 - INFO - <Event(4-MouseMotion {'pos': (253, 117), 'rel': (20, -33), 'buttons': (0, 0, 0), 'window': None})>
2020-01-21 18:34:24,006 - BDM-WAM 1579631660.528267 - INFO - <Event(4-MouseMotion {'pos': (254, 109), 'rel': (1, -8), 'buttons': (0, 0, 0), 'window': None})>
2020-01-21 18:34:24,537 - BDM-WAM 1579631660.528267 - INFO - <Event(2-KeyDown {'unicode': 'p', 'key': 112, 'mod': 0, 'scancode': 25, 'window': None})>
2020-01-21 18:34:24,650 - BDM-WAM 1579631660.528267 - INFO - <Event(3-KeyUp {'key': 112, 'mod': 0, 'scancode': 25, 'window': None})>
2020-01-21 18:34:24,803 - BDM-WAM 1579631660.528267 - INFO - <Event(10-MoleUp) {'loc': (95,43)})>
2020-01-21 18:34:25,809 - BDM-WAM 1579631660.528267 - INFO - <Event(4-MouseMotion {'pos': (256, 108), 'rel': (2, -1), 'buttons': (0, 0, 0), 'window': None})>
2020-01-21 18:34:25,826 - BDM-WAM 1579631660.528267 - INFO - <Event(1-ActiveEvent {'gain': 0, 'state': 1})>
2020-01-21 18:34:26,154 - BDM-WAM 1579631660.528267 - INFO - <Event(10-MoleUp) {'loc': (119,366)})>
2020-01-21 18:34:26,580 - BDM-WAM 1579631660.528267 - INFO - <Event(1-ActiveEvent {'gain': 1, 'state': 1})>
2020-01-21 18:34:26,581 - BDM-WAM 1579631660.528267 - INFO - <Event(4-MouseMotion {'pos': (1407, 2), 'rel': (1151, -106), 'buttons': (0, 0, 0), 'window': None})>
