2019-11-25 18:03:09,351 - BDM-WAM 1574704989.149245 - INFO - <Event(17-VideoExpose {})>
2019-11-25 18:03:10,105 - BDM-WAM 1574704989.149245 - INFO - <Event(1-ActiveEvent {'state': 1, 'gain': 0})>
2019-11-25 18:03:10,106 - BDM-WAM 1574704989.149245 - INFO - <Event(4-MouseMotion {'pos': (0, 22), 'window': None, 'buttons': (0, 0, 0), 'rel': (1, 22)})>
2019-11-25 18:03:10,165 - BDM-WAM 1574704989.149245 - INFO - <Event(10-MoleUp) {'loc': (658,232)})>
2019-11-25 18:03:10,329 - BDM-WAM 1574704989.149245 - INFO - <Event(3-KeyUp {'mod': 0, 'scancode': 46, 'key': 99, 'window': None})>
2019-11-25 18:03:10,780 - BDM-WAM 1574704989.149245 - INFO - <Event(4-MouseMotion {'pos': (382, 254), 'window': None, 'buttons': (0, 0, 0), 'rel': (32, 2)})>
2019-11-25 18:03:10,797 - BDM-WAM 1574704989.149245 - INFO - <Event(4-MouseMotion {'pos': (392, 256), 'window': None, 'buttons': (0, 0, 0), 'rel': (10, 2)})>
2019-11-25 18:03:10,814 - BDM-WAM 1574704989.149245 - INFO - <Event(4-MouseMotion {'pos': (399, 256), 'window': None, 'buttons': (0, 0, 0), 'rel': (7, 0)})>
2019-11-25 18:03:10,831 - BDM-WAM 1574704989.149245 - INFO - <Event(4-MouseMotion {'pos': (401, 257), 'window': None, 'buttons': (0, 0, 0), 'rel': (2, 1)})>
2019-11-25 18:03:10,851 - BDM-WAM 1574704989.149245 - INFO - <Event(4-MouseMotion {'pos': (403, 258), 'window': None, 'buttons': (0, 0, 0), 'rel': (2, 1)})>
2019-11-25 18:03:10,865 - BDM-WAM 1574704989.149245 - INFO - <Event(4-MouseMotion {'pos': (403, 259), 'window': None, 'buttons': (0, 0, 0), 'rel': (0, 1)})>
2019-11-25 18:03:10,899 - BDM-WAM 1574704989.149245 - INFO - <Event(4-MouseMotion {'pos': (403, 260), 'window': None, 'buttons': (0, 0, 0), 'rel': (0, 1)})>
2019-11-25 18:03:10,916 - BDM-WAM 1574704989.149245 - INFO - <Event(4-MouseMotion {'pos': (403, 261), 'window': None, 'buttons': (0, 0, 0), 'rel': (0, 1)})>
2019-11-25 18:03:10,935 - BDM-WAM 1574704989.149245 - INFO - <Event(4-MouseMotion {'pos': (403, 263), 'window': None, 'buttons': (0, 0, 0), 'rel': (0, 2)})>
2019-11-25 18:03:10,967 - BDM-WAM 1574704989.149245 - INFO - <Event(4-MouseMotion {'pos': (405, 264), 'window': None, 'buttons': (0, 0, 0), 'rel': (2, 1)})>
2019-11-25 18:03:10,985 - BDM-WAM 1574704989.149245 - INFO - <Event(4-MouseMotion {'pos': (407, 266), 'window': None, 'buttons': (0, 0, 0), 'rel': (2, 2)})>
2019-11-25 18:03:11,006 - BDM-WAM 1574704989.149245 - INFO - <Event(4-MouseMotion {'pos': (421, 272), 'window': None, 'buttons': (0, 0, 0), 'rel': (14, 6)})>
2019-11-25 18:03:11,019 - BDM-WAM 1574704989.149245 - INFO - <Event(4-MouseMotion {'pos': (447, 280), 'window': None, 'buttons': (0, 0, 0), 'rel': (26, 8)})>
2019-11-25 18:03:11,035 - BDM-WAM 1574704989.149245 - INFO - <Event(4-MouseMotion {'pos': (498, 293), 'window': None, 'buttons': (0, 0, 0), 'rel': (51, 13)})>
2019-11-25 18:03:11,052 - BDM-WAM 1574704989.149245 - INFO - <Event(4-MouseMotion {'pos': (548, 303), 'window': None, 'buttons': (0, 0, 0), 'rel': (50, 10)})>
2019-11-25 18:03:11,069 - BDM-WAM 1574704989.149245 - INFO - <Event(4-MouseMotion {'pos': (608, 315), 'window': None, 'buttons': (0, 0, 0), 'rel': (60, 12)})>
2019-11-25 18:03:11,091 - BDM-WAM 1574704989.149245 - INFO - <Event(4-MouseMotion {'pos': (668, 315), 'window': None, 'buttons': (0, 0, 0), 'rel': (60, 0)})>
2019-11-25 18:03:11,103 - BDM-WAM 1574704989.149245 - INFO - <Event(4-MouseMotion {'pos': (691, 308), 'window': None, 'buttons': (0, 0, 0), 'rel': (23, -7)})>
2019-11-25 18:03:11,122 - BDM-WAM 1574704989.149245 - INFO - <Event(4-MouseMotion {'pos': (699, 302), 'window': None, 'buttons': (0, 0, 0), 'rel': (8, -6)})>
2019-11-25 18:03:11,470 - BDM-WAM 1574704989.149245 - INFO - <Event(5-MouseButtonDown {'pos': (695, 299), 'button': 1, 'window': None})>
2019-11-25 18:03:11,470 - BDM-WAM 1574704989.149245 - INFO - <Event(8-Pause {'reason': <bound method GameManager.pause of <game.GameManager object at 0x00000234FFF206A0>> })>
2019-11-25 18:03:12,280 - BDM-WAM 1574704989.149245 - INFO - <Event(7-Rate {'hit_conf': 1 })>
2019-11-25 18:03:12,517 - BDM-WAM 1574704989.149245 - INFO - <Event(7-Rate {'reward_conf': 1 })>
2019-11-25 18:03:12,686 - BDM-WAM 1574704989.149245 - INFO - <Event(7-Rate {'player_skill': 1 })>
2019-11-25 18:03:12,686 - BDM-WAM 1574704989.149245 - INFO - <Event(9.1-True Hit {'pos': (695,298),'distance: 75.66372975210778,'relative_loc: (37, 66),'window': None})>
