2019-11-25 18:09:29,583 - BDM-WAM 1574705369.452432 - INFO - <Event(3-KeyUp {'key': 51, 'mod': 0, 'window': None, 'scancode': 0})>
2019-11-25 18:09:33,190 - BDM-WAM 1574705369.452432 - INFO - <Event(1-ActiveEvent {'gain': 0, 'state': 2})>
2019-11-25 18:09:33,190 - BDM-WAM 1574705369.452432 - INFO - <Event(17-VideoExpose {})>
2019-11-25 18:09:33,191 - BDM-WAM 1574705369.452432 - INFO - <Event(1-ActiveEvent {'gain': 0, 'state': 1})>
2019-11-25 18:09:33,191 - BDM-WAM 1574705369.452432 - INFO - <Event(4-MouseMotion {'rel': (-484, -360), 'buttons': (0, 0, 0), 'pos': (0, 29), 'window': None})>
2019-11-25 18:09:33,282 - BDM-WAM 1574705369.452432 - INFO - <Event(10-MoleUp) {'loc': (119,366)})>
2019-11-25 18:09:33,394 - BDM-WAM 1574705369.452432 - INFO - <Event(3-KeyUp {'key': 99, 'mod': 0, 'window': None, 'scancode': 46})>
2019-11-25 18:09:33,827 - BDM-WAM 1574705369.452432 - INFO - <Event(4-MouseMotion {'rel': (6, -9), 'buttons': (0, 0, 0), 'pos': (367, 594), 'window': None})>
2019-11-25 18:09:33,843 - BDM-WAM 1574705369.452432 - INFO - <Event(4-MouseMotion {'rel': (10, -23), 'buttons': (0, 0, 0), 'pos': (377, 571), 'window': None})>
2019-11-25 18:09:33,860 - BDM-WAM 1574705369.452432 - INFO - <Event(4-MouseMotion {'rel': (0, -13), 'buttons': (0, 0, 0), 'pos': (377, 558), 'window': None})>
2019-11-25 18:09:33,876 - BDM-WAM 1574705369.452432 - INFO - <Event(4-MouseMotion {'rel': (-4, -11), 'buttons': (0, 0, 0), 'pos': (373, 547), 'window': None})>
2019-11-25 18:09:33,893 - BDM-WAM 1574705369.452432 - INFO - <Event(4-MouseMotion {'rel': (-16, -12), 'buttons': (0, 0, 0), 'pos': (357, 535), 'window': None})>
2019-11-25 18:09:33,909 - BDM-WAM 1574705369.452432 - INFO - <Event(4-MouseMotion {'rel': (-35, -15), 'buttons': (0, 0, 0), 'pos': (322, 520), 'window': None})>
2019-11-25 18:09:33,928 - BDM-WAM 1574705369.452432 - INFO - <Event(4-MouseMotion {'rel': (-47, -13), 'buttons': (0, 0, 0), 'pos': (275, 507), 'window': None})>
2019-11-25 18:09:33,942 - BDM-WAM 1574705369.452432 - INFO - <Event(4-MouseMotion {'rel': (-25, -4), 'buttons': (0, 0, 0), 'pos': (250, 503), 'window': None})>
2019-11-25 18:09:33,959 - BDM-WAM 1574705369.452432 - INFO - <Event(4-MouseMotion {'rel': (-17, -4), 'buttons': (0, 0, 0), 'pos': (233, 499), 'window': None})>
2019-11-25 18:09:33,976 - BDM-WAM 1574705369.452432 - INFO - <Event(4-MouseMotion {'rel': (-7, -3), 'buttons': (0, 0, 0), 'pos': (226, 496), 'window': None})>
2019-11-25 18:09:33,993 - BDM-WAM 1574705369.452432 - INFO - <Event(4-MouseMotion {'rel': (-1, 0), 'buttons': (0, 0, 0), 'pos': (225, 496), 'window': None})>
2019-11-25 18:09:34,216 - BDM-WAM 1574705369.452432 - INFO - <Event(4-MouseMotion {'rel': (-8, -17), 'buttons': (0, 0, 0), 'pos': (217, 479), 'window': None})>
2019-11-25 18:09:34,231 - BDM-WAM 1574705369.452432 - INFO - <Event(4-MouseMotion {'rel': (-7, -14), 'buttons': (0, 0, 0), 'pos': (210, 465), 'window': None})>
2019-11-25 18:09:34,250 - BDM-WAM 1574705369.452432 - INFO - <Event(4-MouseMotion {'rel': (-5, -10), 'buttons': (0, 0, 0), 'pos': (205, 455), 'window': None})>
2019-11-25 18:09:34,266 - BDM-WAM 1574705369.452432 - INFO - <Event(4-MouseMotion {'rel': (-4, -11), 'buttons': (0, 0, 0), 'pos': (201, 444), 'window': None})>
2019-11-25 18:09:34,283 - BDM-WAM 1574705369.452432 - INFO - <Event(4-MouseMotion {'rel': (-1, -5), 'buttons': (0, 0, 0), 'pos': (200, 439), 'window': None})>
2019-11-25 18:09:34,300 - BDM-WAM 1574705369.452432 - INFO - <Event(4-MouseMotion {'rel': (-1, -3), 'buttons': (0, 0, 0), 'pos': (199, 436), 'window': None})>
2019-11-25 18:09:34,317 - BDM-WAM 1574705369.452432 - INFO - <Event(4-MouseMotion {'rel': (-2, -3), 'buttons': (0, 0, 0), 'pos': (197, 433), 'window': None})>
2019-11-25 18:09:34,335 - BDM-WAM 1574705369.452432 - INFO - <Event(4-MouseMotion {'rel': (-1, -2), 'buttons': (0, 0, 0), 'pos': (196, 431), 'window': None})>
2019-11-25 18:09:34,351 - BDM-WAM 1574705369.452432 - INFO - <Event(4-MouseMotion {'rel': (-2, 0), 'buttons': (0, 0, 0), 'pos': (194, 431), 'window': None})>
2019-11-25 18:09:34,368 - BDM-WAM 1574705369.452432 - INFO - <Event(4-MouseMotion {'rel': (-1, 0), 'buttons': (0, 0, 0), 'pos': (193, 431), 'window': None})>
2019-11-25 18:09:34,489 - BDM-WAM 1574705369.452432 - INFO - <Event(5-MouseButtonDown {'window': None, 'button': 1, 'pos': (193, 431)})>
2019-11-25 18:09:34,489 - BDM-WAM 1574705369.452432 - INFO - <Event(8-Pause {'reason': <bound method GameManager.pause of <game.GameManager object at 0x000001EC6C249080>> })>
2019-11-25 18:09:35,209 - BDM-WAM 1574705369.452432 - INFO - <Event(7-Rate {'hit_conf': 1 })>
2019-11-25 18:09:35,363 - BDM-WAM 1574705369.452432 - INFO - <Event(7-Rate {'reward_conf': 2 })>
2019-11-25 18:09:35,766 - BDM-WAM 1574705369.452432 - INFO - <Event(7-Rate {'player_skill': 2 })>
2019-11-25 18:09:35,767 - BDM-WAM 1574705369.452432 - INFO - <Event(9.1-True Hit {'pos': (193,431),'distance: 98.49365461794989,'relative_loc: (74, 65),'window': None})>
