2019-11-20 22:05:25,821 - BDM-WAM 1574287525.6441305 - INFO - <Event(17-VideoExpose {})>
2019-11-20 22:05:27,001 - BDM-WAM 1574287525.6441305 - INFO - <Event(1-ActiveEvent {'state': 1, 'gain': 0})>
2019-11-20 22:05:27,002 - BDM-WAM 1574287525.6441305 - INFO - <Event(4-MouseMotion {'pos': (624, 539), 'buttons': (0, 0, 0), 'window': None, 'rel': (625, 540)})>
2019-11-20 22:05:27,003 - BDM-WAM 1574287525.6441305 - INFO - <Event(1-ActiveEvent {'state': 1, 'gain': 1})>
2019-11-20 22:05:27,003 - BDM-WAM 1574287525.6441305 - INFO - <Event(4-MouseMotion {'pos': (579, 546), 'buttons': (0, 0, 0), 'window': None, 'rel': (-45, 7)})>
2019-11-20 22:05:27,132 - BDM-WAM 1574287525.6441305 - INFO - <Event(3-KeyUp {'mod': 0, 'window': None, 'scancode': 46, 'key': 99})>
2019-11-20 22:05:27,556 - BDM-WAM 1574287525.6441305 - INFO - <Event(4-MouseMotion {'pos': (524, 524), 'buttons': (0, 0, 0), 'window': None, 'rel': (2, -11)})>
2019-11-20 22:05:27,573 - BDM-WAM 1574287525.6441305 - INFO - <Event(4-MouseMotion {'pos': (533, 503), 'buttons': (0, 0, 0), 'window': None, 'rel': (9, -21)})>
2019-11-20 22:05:27,590 - BDM-WAM 1574287525.6441305 - INFO - <Event(4-MouseMotion {'pos': (549, 467), 'buttons': (0, 0, 0), 'window': None, 'rel': (16, -36)})>
2019-11-20 22:05:27,607 - BDM-WAM 1574287525.6441305 - INFO - <Event(4-MouseMotion {'pos': (563, 443), 'buttons': (0, 0, 0), 'window': None, 'rel': (14, -24)})>
2019-11-20 22:05:27,623 - BDM-WAM 1574287525.6441305 - INFO - <Event(4-MouseMotion {'pos': (578, 424), 'buttons': (0, 0, 0), 'window': None, 'rel': (15, -19)})>
2019-11-20 22:05:27,641 - BDM-WAM 1574287525.6441305 - INFO - <Event(4-MouseMotion {'pos': (593, 411), 'buttons': (0, 0, 0), 'window': None, 'rel': (15, -13)})>
2019-11-20 22:05:27,659 - BDM-WAM 1574287525.6441305 - INFO - <Event(4-MouseMotion {'pos': (612, 401), 'buttons': (0, 0, 0), 'window': None, 'rel': (19, -10)})>
2019-11-20 22:05:27,675 - BDM-WAM 1574287525.6441305 - INFO - <Event(4-MouseMotion {'pos': (640, 399), 'buttons': (0, 0, 0), 'window': None, 'rel': (28, -2)})>
2019-11-20 22:05:27,692 - BDM-WAM 1574287525.6441305 - INFO - <Event(4-MouseMotion {'pos': (653, 400), 'buttons': (0, 0, 0), 'window': None, 'rel': (13, 1)})>
2019-11-20 22:05:27,710 - BDM-WAM 1574287525.6441305 - INFO - <Event(4-MouseMotion {'pos': (664, 404), 'buttons': (0, 0, 0), 'window': None, 'rel': (11, 4)})>
2019-11-20 22:05:27,728 - BDM-WAM 1574287525.6441305 - INFO - <Event(4-MouseMotion {'pos': (672, 411), 'buttons': (0, 0, 0), 'window': None, 'rel': (8, 7)})>
2019-11-20 22:05:27,743 - BDM-WAM 1574287525.6441305 - INFO - <Event(4-MouseMotion {'pos': (676, 414), 'buttons': (0, 0, 0), 'window': None, 'rel': (4, 3)})>
2019-11-20 22:05:27,760 - BDM-WAM 1574287525.6441305 - INFO - <Event(4-MouseMotion {'pos': (678, 416), 'buttons': (0, 0, 0), 'window': None, 'rel': (2, 2)})>
2019-11-20 22:05:27,778 - BDM-WAM 1574287525.6441305 - INFO - <Event(4-MouseMotion {'pos': (679, 417), 'buttons': (0, 0, 0), 'window': None, 'rel': (1, 1)})>
2019-11-20 22:05:27,795 - BDM-WAM 1574287525.6441305 - INFO - <Event(4-MouseMotion {'pos': (680, 418), 'buttons': (0, 0, 0), 'window': None, 'rel': (1, 1)})>
2019-11-20 22:05:27,811 - BDM-WAM 1574287525.6441305 - INFO - <Event(4-MouseMotion {'pos': (682, 419), 'buttons': (0, 0, 0), 'window': None, 'rel': (2, 1)})>
2019-11-20 22:05:27,845 - BDM-WAM 1574287525.6441305 - INFO - <Event(4-MouseMotion {'pos': (683, 419), 'buttons': (0, 0, 0), 'window': None, 'rel': (1, 0)})>
2019-11-20 22:05:27,862 - BDM-WAM 1574287525.6441305 - INFO - <Event(4-MouseMotion {'pos': (684, 419), 'buttons': (0, 0, 0), 'window': None, 'rel': (1, 0)})>
2019-11-20 22:05:27,897 - BDM-WAM 1574287525.6441305 - INFO - <Event(4-MouseMotion {'pos': (686, 418), 'buttons': (0, 0, 0), 'window': None, 'rel': (2, -1)})>
2019-11-20 22:05:27,913 - BDM-WAM 1574287525.6441305 - INFO - <Event(4-MouseMotion {'pos': (686, 417), 'buttons': (0, 0, 0), 'window': None, 'rel': (0, -1)})>
2019-11-20 22:05:28,506 - BDM-WAM 1574287525.6441305 - INFO - <Event(5-MouseButtonDown {'pos': (698, 408), 'window': None, 'button': 1})>
2019-11-20 22:05:28,506 - BDM-WAM 1574287525.6441305 - INFO - <Event(6-MouseButtonUp {'pos': (698, 408), 'window': None, 'button': 1})>
2019-11-20 22:05:29,670 - BDM-WAM 1574287525.6441305 - INFO - <Event(5-MouseButtonDown {'pos': (473, 545), 'window': None, 'button': 1})>
2019-11-20 22:05:29,670 - BDM-WAM 1574287525.6441305 - INFO - <Event(8-Pause {'reason': <bound method GameManager.pause of <game.GameManager object at 0x000001B5BBBD44E0>> })>
2019-11-20 22:05:30,493 - BDM-WAM 1574287525.6441305 - INFO - <Event(7-Rate {'': hit_conf51 })>
2019-11-20 22:05:30,687 - BDM-WAM 1574287525.6441305 - INFO - <Event(7-Rate {'': reward_conf51 })>
2019-11-20 22:05:30,856 - BDM-WAM 1574287525.6441305 - INFO - <Event(7-Rate {'': player_skill51 })>
2019-11-20 22:05:30,857 - BDM-WAM 1574287525.6441305 - INFO - <Event(9.2-Fake Miss {'pos': (473,545), 'window': None})>
2019-11-20 22:05:30,858 - BDM-WAM 1574287525.6441305 - INFO - <Event(6-MouseButtonUp {'pos': (473, 545), 'window': None, 'button': 1})>
2019-11-20 22:05:31,004 - BDM-WAM 1574287525.6441305 - INFO - <Event(3-KeyUp {'mod': 0, 'window': None, 'scancode': 4, 'key': 51})>
2019-11-20 22:05:32,202 - BDM-WAM 1574287525.6441305 - INFO - <Event(5-MouseButtonDown {'pos': (716, 285), 'window': None, 'button': 1})>
2019-11-20 22:05:32,203 - BDM-WAM 1574287525.6441305 - INFO - <Event(6-MouseButtonUp {'pos': (716, 285), 'window': None, 'button': 1})>
2019-11-20 22:05:32,268 - BDM-WAM 1574287525.6441305 - INFO - <Event(5-MouseButtonDown {'pos': (716, 285), 'window': None, 'button': 1})>
2019-11-20 22:05:32,268 - BDM-WAM 1574287525.6441305 - INFO - <Event(8-Pause {'reason': <bound method GameManager.pause of <game.GameManager object at 0x000001B5BBBD44E0>> })>
2019-11-20 22:05:32,872 - BDM-WAM 1574287525.6441305 - INFO - <Event(7-Rate {'': hit_conf51 })>
2019-11-20 22:05:33,062 - BDM-WAM 1574287525.6441305 - INFO - <Event(7-Rate {'': reward_conf51 })>
2019-11-20 22:05:33,236 - BDM-WAM 1574287525.6441305 - INFO - <Event(7-Rate {'': player_skill51 })>
2019-11-20 22:05:33,237 - BDM-WAM 1574287525.6441305 - INFO - <Event(9.1-True Hit {'pos': (717,297), 'window': None})>
2019-11-20 22:05:33,238 - BDM-WAM 1574287525.6441305 - INFO - <Event(4-MouseMotion {'pos': (717, 297), 'buttons': (1, 0, 0), 'window': None, 'rel': (1, 12)})>
2019-11-20 22:05:33,338 - BDM-WAM 1574287525.6441305 - INFO - <Event(3-KeyUp {'mod': 0, 'window': None, 'scancode': 4, 'key': 51})>
2019-11-20 22:05:34,869 - BDM-WAM 1574287525.6441305 - INFO - <Event(5-MouseButtonDown {'pos': (167, 423), 'window': None, 'button': 1})>
2019-11-20 22:05:34,870 - BDM-WAM 1574287525.6441305 - INFO - <Event(6-MouseButtonUp {'pos': (167, 423), 'window': None, 'button': 1})>
2019-11-20 22:05:34,952 - BDM-WAM 1574287525.6441305 - INFO - <Event(5-MouseButtonDown {'pos': (167, 423), 'window': None, 'button': 1})>
2019-11-20 22:05:34,952 - BDM-WAM 1574287525.6441305 - INFO - <Event(8-Pause {'reason': <bound method GameManager.pause of <game.GameManager object at 0x000001B5BBBD44E0>> })>
2019-11-20 22:05:35,414 - BDM-WAM 1574287525.6441305 - INFO - <Event(7-Rate {'': hit_conf51 })>
2019-11-20 22:05:35,605 - BDM-WAM 1574287525.6441305 - INFO - <Event(7-Rate {'': reward_conf51 })>
2019-11-20 22:05:35,769 - BDM-WAM 1574287525.6441305 - INFO - <Event(7-Rate {'': player_skill51 })>
2019-11-20 22:05:35,770 - BDM-WAM 1574287525.6441305 - INFO - <Event(9.2-Fake Miss {'pos': (165,428), 'window': None})>
2019-11-20 22:05:35,771 - BDM-WAM 1574287525.6441305 - INFO - <Event(4-MouseMotion {'pos': (165, 428), 'buttons': (1, 0, 0), 'window': None, 'rel': (-2, 5)})>
2019-11-20 22:05:35,858 - BDM-WAM 1574287525.6441305 - INFO - <Event(3-KeyUp {'mod': 0, 'window': None, 'scancode': 4, 'key': 51})>
2019-11-20 22:05:37,205 - BDM-WAM 1574287525.6441305 - INFO - <Event(5-MouseButtonDown {'pos': (640, 58), 'window': None, 'button': 1})>
2019-11-20 22:05:37,206 - BDM-WAM 1574287525.6441305 - INFO - <Event(6-MouseButtonUp {'pos': (640, 58), 'window': None, 'button': 1})>
2019-11-20 22:05:37,271 - BDM-WAM 1574287525.6441305 - INFO - <Event(5-MouseButtonDown {'pos': (640, 58), 'window': None, 'button': 1})>
2019-11-20 22:05:37,272 - BDM-WAM 1574287525.6441305 - INFO - <Event(8-Pause {'reason': <bound method GameManager.pause of <game.GameManager object at 0x000001B5BBBD44E0>> })>
2019-11-20 22:05:37,849 - BDM-WAM 1574287525.6441305 - INFO - <Event(7-Rate {'': hit_conf51 })>
2019-11-20 22:05:38,020 - BDM-WAM 1574287525.6441305 - INFO - <Event(7-Rate {'': reward_conf51 })>
2019-11-20 22:05:38,201 - BDM-WAM 1574287525.6441305 - INFO - <Event(7-Rate {'': player_skill51 })>
2019-11-20 22:05:38,202 - BDM-WAM 1574287525.6441305 - INFO - <Event(9.2-Fake Miss {'pos': (642,52), 'window': None})>
2019-11-20 22:05:38,202 - BDM-WAM 1574287525.6441305 - INFO - <Event(4-MouseMotion {'pos': (642, 52), 'buttons': (1, 0, 0), 'window': None, 'rel': (2, -6)})>
2019-11-20 22:05:38,293 - BDM-WAM 1574287525.6441305 - INFO - <Event(3-KeyUp {'mod': 0, 'window': None, 'scancode': 4, 'key': 51})>
2019-11-20 22:05:39,484 - BDM-WAM 1574287525.6441305 - INFO - <Event(5-MouseButtonDown {'pos': (485, 155), 'window': None, 'button': 1})>
2019-11-20 22:05:39,486 - BDM-WAM 1574287525.6441305 - INFO - <Event(6-MouseButtonUp {'pos': (485, 155), 'window': None, 'button': 1})>
2019-11-20 22:05:39,654 - BDM-WAM 1574287525.6441305 - INFO - <Event(5-MouseButtonDown {'pos': (513, 175), 'window': None, 'button': 1})>
2019-11-20 22:05:39,654 - BDM-WAM 1574287525.6441305 - INFO - <Event(8-Pause {'reason': <bound method GameManager.pause of <game.GameManager object at 0x000001B5BBBD44E0>> })>
2019-11-20 22:05:40,047 - BDM-WAM 1574287525.6441305 - INFO - <Event(7-Rate {'': hit_conf51 })>
2019-11-20 22:05:40,240 - BDM-WAM 1574287525.6441305 - INFO - <Event(7-Rate {'': reward_conf51 })>
2019-11-20 22:05:40,401 - BDM-WAM 1574287525.6441305 - INFO - <Event(7-Rate {'': player_skill51 })>
2019-11-20 22:05:40,402 - BDM-WAM 1574287525.6441305 - INFO - <Event(9.2-Fake Miss {'pos': (513,175), 'window': None})>
2019-11-20 22:05:40,403 - BDM-WAM 1574287525.6441305 - INFO - <Event(6-MouseButtonUp {'pos': (513, 175), 'window': None, 'button': 1})>
2019-11-20 22:05:40,471 - BDM-WAM 1574287525.6441305 - INFO - <Event(3-KeyUp {'mod': 0, 'window': None, 'scancode': 4, 'key': 51})>
2019-11-20 22:05:41,845 - BDM-WAM 1574287525.6441305 - INFO - <Event(5-MouseButtonDown {'pos': (124, 103), 'window': None, 'button': 1})>
2019-11-20 22:05:41,846 - BDM-WAM 1574287525.6441305 - INFO - <Event(6-MouseButtonUp {'pos': (124, 103), 'window': None, 'button': 1})>
2019-11-20 22:05:42,018 - BDM-WAM 1574287525.6441305 - INFO - <Event(5-MouseButtonDown {'pos': (148, 103), 'window': None, 'button': 1})>
2019-11-20 22:05:42,018 - BDM-WAM 1574287525.6441305 - INFO - <Event(8-Pause {'reason': <bound method GameManager.pause of <game.GameManager object at 0x000001B5BBBD44E0>> })>
2019-11-20 22:05:42,329 - BDM-WAM 1574287525.6441305 - INFO - <Event(7-Rate {'': hit_conf51 })>
2019-11-20 22:05:42,500 - BDM-WAM 1574287525.6441305 - INFO - <Event(7-Rate {'': reward_conf51 })>
2019-11-20 22:05:42,681 - BDM-WAM 1574287525.6441305 - INFO - <Event(7-Rate {'': player_skill51 })>
2019-11-20 22:05:42,682 - BDM-WAM 1574287525.6441305 - INFO - <Event(9.2-Fake Miss {'pos': (148,103), 'window': None})>
2019-11-20 22:05:42,682 - BDM-WAM 1574287525.6441305 - INFO - <Event(6-MouseButtonUp {'pos': (148, 103), 'window': None, 'button': 1})>
2019-11-20 22:05:42,740 - BDM-WAM 1574287525.6441305 - INFO - <Event(3-KeyUp {'mod': 0, 'window': None, 'scancode': 4, 'key': 51})>
2019-11-20 22:05:44,104 - BDM-WAM 1574287525.6441305 - INFO - <Event(5-MouseButtonDown {'pos': (154, 415), 'window': None, 'button': 1})>
2019-11-20 22:05:44,105 - BDM-WAM 1574287525.6441305 - INFO - <Event(6-MouseButtonUp {'pos': (154, 415), 'window': None, 'button': 1})>
2019-11-20 22:05:44,169 - BDM-WAM 1574287525.6441305 - INFO - <Event(5-MouseButtonDown {'pos': (154, 415), 'window': None, 'button': 1})>
2019-11-20 22:05:44,170 - BDM-WAM 1574287525.6441305 - INFO - <Event(8-Pause {'reason': <bound method GameManager.pause of <game.GameManager object at 0x000001B5BBBD44E0>> })>
2019-11-20 22:05:44,572 - BDM-WAM 1574287525.6441305 - INFO - <Event(7-Rate {'': hit_conf51 })>
2019-11-20 22:05:44,764 - BDM-WAM 1574287525.6441305 - INFO - <Event(7-Rate {'': reward_conf51 })>
2019-11-20 22:05:45,014 - BDM-WAM 1574287525.6441305 - INFO - <Event(7-Rate {'': player_skill51 })>
2019-11-20 22:05:45,014 - BDM-WAM 1574287525.6441305 - INFO - <Event(9.2-Fake Miss {'pos': (154,415), 'window': None})>
2019-11-20 22:05:45,086 - BDM-WAM 1574287525.6441305 - INFO - <Event(3-KeyUp {'mod': 0, 'window': None, 'scancode': 4, 'key': 51})>
2019-11-20 22:05:46,317 - BDM-WAM 1574287525.6441305 - INFO - <Event(5-MouseButtonDown {'pos': (442, 346), 'window': None, 'button': 1})>
2019-11-20 22:05:46,317 - BDM-WAM 1574287525.6441305 - INFO - <Event(6-MouseButtonUp {'pos': (442, 346), 'window': None, 'button': 1})>
2019-11-20 22:05:46,386 - BDM-WAM 1574287525.6441305 - INFO - <Event(5-MouseButtonDown {'pos': (442, 346), 'window': None, 'button': 1})>
2019-11-20 22:05:46,387 - BDM-WAM 1574287525.6441305 - INFO - <Event(8-Pause {'reason': <bound method GameManager.pause of <game.GameManager object at 0x000001B5BBBD44E0>> })>
2019-11-20 22:05:46,764 - BDM-WAM 1574287525.6441305 - INFO - <Event(7-Rate {'': hit_conf51 })>
2019-11-20 22:05:46,946 - BDM-WAM 1574287525.6441305 - INFO - <Event(7-Rate {'': reward_conf51 })>
2019-11-20 22:05:47,105 - BDM-WAM 1574287525.6441305 - INFO - <Event(7-Rate {'': player_skill51 })>
2019-11-20 22:05:47,105 - BDM-WAM 1574287525.6441305 - INFO - <Event(9.1-True Hit {'pos': (428,359), 'window': None})>
2019-11-20 22:05:47,106 - BDM-WAM 1574287525.6441305 - INFO - <Event(4-MouseMotion {'pos': (428, 359), 'buttons': (1, 0, 0), 'window': None, 'rel': (-14, 13)})>
2019-11-20 22:05:47,196 - BDM-WAM 1574287525.6441305 - INFO - <Event(3-KeyUp {'mod': 0, 'window': None, 'scancode': 4, 'key': 51})>
2019-11-20 22:05:48,797 - BDM-WAM 1574287525.6441305 - INFO - <Event(5-MouseButtonDown {'pos': (703, 423), 'window': None, 'button': 1})>
2019-11-20 22:05:48,798 - BDM-WAM 1574287525.6441305 - INFO - <Event(6-MouseButtonUp {'pos': (703, 423), 'window': None, 'button': 1})>
2019-11-20 22:05:48,881 - BDM-WAM 1574287525.6441305 - INFO - <Event(5-MouseButtonDown {'pos': (703, 423), 'window': None, 'button': 1})>
2019-11-20 22:05:48,881 - BDM-WAM 1574287525.6441305 - INFO - <Event(8-Pause {'reason': <bound method GameManager.pause of <game.GameManager object at 0x000001B5BBBD44E0>> })>
2019-11-20 22:05:49,362 - BDM-WAM 1574287525.6441305 - INFO - <Event(7-Rate {'': hit_conf51 })>
2019-11-20 22:05:49,582 - BDM-WAM 1574287525.6441305 - INFO - <Event(7-Rate {'': reward_conf51 })>
2019-11-20 22:05:49,756 - BDM-WAM 1574287525.6441305 - INFO - <Event(7-Rate {'': player_skill51 })>
2019-11-20 22:05:49,757 - BDM-WAM 1574287525.6441305 - INFO - <Event(9.1-True Hit {'pos': (692,414), 'window': None})>
2019-11-20 22:05:49,758 - BDM-WAM 1574287525.6441305 - INFO - <Event(4-MouseMotion {'pos': (692, 414), 'buttons': (1, 0, 0), 'window': None, 'rel': (-11, -9)})>
2019-11-20 22:05:49,849 - BDM-WAM 1574287525.6441305 - INFO - <Event(3-KeyUp {'mod': 0, 'window': None, 'scancode': 4, 'key': 51})>
2019-11-20 22:05:51,566 - BDM-WAM 1574287525.6441305 - INFO - <Event(5-MouseButtonDown {'pos': (137, 94), 'window': None, 'button': 1})>
2019-11-20 22:05:51,567 - BDM-WAM 1574287525.6441305 - INFO - <Event(6-MouseButtonUp {'pos': (137, 94), 'window': None, 'button': 1})>
2019-11-20 22:05:51,635 - BDM-WAM 1574287525.6441305 - INFO - <Event(5-MouseButtonDown {'pos': (137, 94), 'window': None, 'button': 1})>
2019-11-20 22:05:51,635 - BDM-WAM 1574287525.6441305 - INFO - <Event(8-Pause {'reason': <bound method GameManager.pause of <game.GameManager object at 0x000001B5BBBD44E0>> })>
2019-11-20 22:05:52,023 - BDM-WAM 1574287525.6441305 - INFO - <Event(7-Rate {'': hit_conf51 })>
2019-11-20 22:05:52,232 - BDM-WAM 1574287525.6441305 - INFO - <Event(7-Rate {'': reward_conf51 })>
2019-11-20 22:05:52,415 - BDM-WAM 1574287525.6441305 - INFO - <Event(7-Rate {'': player_skill51 })>
2019-11-20 22:05:52,416 - BDM-WAM 1574287525.6441305 - INFO - <Event(9.2-Fake Miss {'pos': (142,82), 'window': None})>
2019-11-20 22:05:52,416 - BDM-WAM 1574287525.6441305 - INFO - <Event(4-MouseMotion {'pos': (142, 82), 'buttons': (1, 0, 0), 'window': None, 'rel': (5, -12)})>
2019-11-20 22:05:52,479 - BDM-WAM 1574287525.6441305 - INFO - <Event(3-KeyUp {'mod': 0, 'window': None, 'scancode': 4, 'key': 51})>
2019-11-20 22:05:53,833 - BDM-WAM 1574287525.6441305 - INFO - <Event(5-MouseButtonDown {'pos': (512, 146), 'window': None, 'button': 1})>
2019-11-20 22:05:53,834 - BDM-WAM 1574287525.6441305 - INFO - <Event(6-MouseButtonUp {'pos': (512, 146), 'window': None, 'button': 1})>
2019-11-20 22:05:53,882 - BDM-WAM 1574287525.6441305 - INFO - <Event(5-MouseButtonDown {'pos': (512, 146), 'window': None, 'button': 1})>
2019-11-20 22:05:53,882 - BDM-WAM 1574287525.6441305 - INFO - <Event(8-Pause {'reason': <bound method GameManager.pause of <game.GameManager object at 0x000001B5BBBD44E0>> })>
2019-11-20 22:05:54,262 - BDM-WAM 1574287525.6441305 - INFO - <Event(7-Rate {'': hit_conf51 })>
2019-11-20 22:05:54,483 - BDM-WAM 1574287525.6441305 - INFO - <Event(7-Rate {'': reward_conf51 })>
2019-11-20 22:05:54,640 - BDM-WAM 1574287525.6441305 - INFO - <Event(7-Rate {'': player_skill51 })>
2019-11-20 22:05:54,640 - BDM-WAM 1574287525.6441305 - INFO - <Event(9.2-Fake Miss {'pos': (509,159), 'window': None})>
2019-11-20 22:05:54,641 - BDM-WAM 1574287525.6441305 - INFO - <Event(4-MouseMotion {'pos': (509, 159), 'buttons': (1, 0, 0), 'window': None, 'rel': (-3, 13)})>
2019-11-20 22:05:54,797 - BDM-WAM 1574287525.6441305 - INFO - <Event(3-KeyUp {'mod': 0, 'window': None, 'scancode': 4, 'key': 51})>
2019-11-20 22:05:56,086 - BDM-WAM 1574287525.6441305 - INFO - <Event(5-MouseButtonDown {'pos': (522, 163), 'window': None, 'button': 1})>
2019-11-20 22:05:56,087 - BDM-WAM 1574287525.6441305 - INFO - <Event(6-MouseButtonUp {'pos': (522, 163), 'window': None, 'button': 1})>
2019-11-20 22:05:56,133 - BDM-WAM 1574287525.6441305 - INFO - <Event(5-MouseButtonDown {'pos': (522, 163), 'window': None, 'button': 1})>
2019-11-20 22:05:56,134 - BDM-WAM 1574287525.6441305 - INFO - <Event(8-Pause {'reason': <bound method GameManager.pause of <game.GameManager object at 0x000001B5BBBD44E0>> })>
2019-11-20 22:05:56,602 - BDM-WAM 1574287525.6441305 - INFO - <Event(7-Rate {'': hit_conf51 })>
2019-11-20 22:05:56,796 - BDM-WAM 1574287525.6441305 - INFO - <Event(7-Rate {'': reward_conf51 })>
2019-11-20 22:05:56,992 - BDM-WAM 1574287525.6441305 - INFO - <Event(7-Rate {'': player_skill51 })>
2019-11-20 22:05:56,992 - BDM-WAM 1574287525.6441305 - INFO - <Event(9.2-Fake Miss {'pos': (511,176), 'window': None})>
2019-11-20 22:05:56,993 - BDM-WAM 1574287525.6441305 - INFO - <Event(4-MouseMotion {'pos': (511, 176), 'buttons': (1, 0, 0), 'window': None, 'rel': (-11, 13)})>
2019-11-20 22:05:57,062 - BDM-WAM 1574287525.6441305 - INFO - <Event(3-KeyUp {'mod': 0, 'window': None, 'scancode': 4, 'key': 51})>
2019-11-20 22:05:58,435 - BDM-WAM 1574287525.6441305 - INFO - <Event(5-MouseButtonDown {'pos': (444, 331), 'window': None, 'button': 1})>
2019-11-20 22:05:58,436 - BDM-WAM 1574287525.6441305 - INFO - <Event(6-MouseButtonUp {'pos': (444, 331), 'window': None, 'button': 1})>
2019-11-20 22:05:58,654 - BDM-WAM 1574287525.6441305 - INFO - <Event(5-MouseButtonDown {'pos': (438, 361), 'window': None, 'button': 1})>
2019-11-20 22:05:58,654 - BDM-WAM 1574287525.6441305 - INFO - <Event(8-Pause {'reason': <bound method GameManager.pause of <game.GameManager object at 0x000001B5BBBD44E0>> })>
2019-11-20 22:05:59,207 - BDM-WAM 1574287525.6441305 - INFO - <Event(7-Rate {'': hit_conf51 })>
2019-11-20 22:05:59,419 - BDM-WAM 1574287525.6441305 - INFO - <Event(7-Rate {'': reward_conf51 })>
2019-11-20 22:05:59,967 - BDM-WAM 1574287525.6441305 - INFO - <Event(7-Rate {'': player_skill51 })>
2019-11-20 22:05:59,968 - BDM-WAM 1574287525.6441305 - INFO - <Event(9.2-Fake Miss {'pos': (438,361), 'window': None})>
2019-11-20 22:05:59,968 - BDM-WAM 1574287525.6441305 - INFO - <Event(6-MouseButtonUp {'pos': (438, 361), 'window': None, 'button': 1})>
2019-11-20 22:06:00,070 - BDM-WAM 1574287525.6441305 - INFO - <Event(3-KeyUp {'mod': 0, 'window': None, 'scancode': 4, 'key': 51})>
2019-11-20 22:06:01,666 - BDM-WAM 1574287525.6441305 - INFO - <Event(5-MouseButtonDown {'pos': (509, 157), 'window': None, 'button': 1})>
2019-11-20 22:06:01,667 - BDM-WAM 1574287525.6441305 - INFO - <Event(6-MouseButtonUp {'pos': (509, 157), 'window': None, 'button': 1})>
2019-11-20 22:06:01,733 - BDM-WAM 1574287525.6441305 - INFO - <Event(5-MouseButtonDown {'pos': (509, 157), 'window': None, 'button': 1})>
2019-11-20 22:06:01,734 - BDM-WAM 1574287525.6441305 - INFO - <Event(8-Pause {'reason': <bound method GameManager.pause of <game.GameManager object at 0x000001B5BBBD44E0>> })>
2019-11-20 22:06:02,101 - BDM-WAM 1574287525.6441305 - INFO - <Event(7-Rate {'': hit_conf51 })>
2019-11-20 22:06:02,317 - BDM-WAM 1574287525.6441305 - INFO - <Event(7-Rate {'': reward_conf51 })>
2019-11-20 22:06:02,508 - BDM-WAM 1574287525.6441305 - INFO - <Event(7-Rate {'': player_skill51 })>
2019-11-20 22:06:02,508 - BDM-WAM 1574287525.6441305 - INFO - <Event(9.1-True Hit {'pos': (503,164), 'window': None})>
2019-11-20 22:06:02,509 - BDM-WAM 1574287525.6441305 - INFO - <Event(4-MouseMotion {'pos': (503, 164), 'buttons': (1, 0, 0), 'window': None, 'rel': (-6, 7)})>
2019-11-20 22:06:02,602 - BDM-WAM 1574287525.6441305 - INFO - <Event(3-KeyUp {'mod': 0, 'window': None, 'scancode': 4, 'key': 51})>
2019-11-20 22:06:04,092 - BDM-WAM 1574287525.6441305 - INFO - <Event(5-MouseButtonDown {'pos': (441, 342), 'window': None, 'button': 1})>
2019-11-20 22:06:04,093 - BDM-WAM 1574287525.6441305 - INFO - <Event(6-MouseButtonUp {'pos': (441, 342), 'window': None, 'button': 1})>
2019-11-20 22:06:04,158 - BDM-WAM 1574287525.6441305 - INFO - <Event(5-MouseButtonDown {'pos': (441, 342), 'window': None, 'button': 1})>
2019-11-20 22:06:04,158 - BDM-WAM 1574287525.6441305 - INFO - <Event(8-Pause {'reason': <bound method GameManager.pause of <game.GameManager object at 0x000001B5BBBD44E0>> })>
2019-11-20 22:06:04,649 - BDM-WAM 1574287525.6441305 - INFO - <Event(7-Rate {'': hit_conf51 })>
2019-11-20 22:06:04,852 - BDM-WAM 1574287525.6441305 - INFO - <Event(7-Rate {'': reward_conf51 })>
2019-11-20 22:06:05,359 - BDM-WAM 1574287525.6441305 - INFO - <Event(7-Rate {'': player_skill51 })>
2019-11-20 22:06:05,359 - BDM-WAM 1574287525.6441305 - INFO - <Event(9.1-True Hit {'pos': (434,332), 'window': None})>
2019-11-20 22:06:05,359 - BDM-WAM 1574287525.6441305 - INFO - <Event(8-Pause {'reason': <bound method GameManager.pause of <game.GameManager object at 0x000001B5BBBD44E0>> })>
2019-11-20 22:06:09,520 - BDM-WAM 1574287525.6441305 - INFO - <Event(4-MouseMotion {'pos': (434, 332), 'buttons': (1, 0, 0), 'window': None, 'rel': (-7, -10)})>
2019-11-20 22:06:09,642 - BDM-WAM 1574287525.6441305 - INFO - <Event(3-KeyUp {'mod': 0, 'window': None, 'scancode': 46, 'key': 99})>
2019-11-20 22:06:10,941 - BDM-WAM 1574287525.6441305 - INFO - <Event(4-MouseMotion {'pos': (444, 323), 'buttons': (0, 0, 0), 'window': None, 'rel': (6, -13)})>
2019-11-20 22:06:10,975 - BDM-WAM 1574287525.6441305 - INFO - <Event(4-MouseMotion {'pos': (475, 251), 'buttons': (0, 0, 0), 'window': None, 'rel': (31, -72)})>
2019-11-20 22:06:10,993 - BDM-WAM 1574287525.6441305 - INFO - <Event(4-MouseMotion {'pos': (492, 217), 'buttons': (0, 0, 0), 'window': None, 'rel': (17, -34)})>
2019-11-20 22:06:11,009 - BDM-WAM 1574287525.6441305 - INFO - <Event(4-MouseMotion {'pos': (503, 197), 'buttons': (0, 0, 0), 'window': None, 'rel': (11, -20)})>
2019-11-20 22:06:11,026 - BDM-WAM 1574287525.6441305 - INFO - <Event(4-MouseMotion {'pos': (514, 182), 'buttons': (0, 0, 0), 'window': None, 'rel': (11, -15)})>
2019-11-20 22:06:11,042 - BDM-WAM 1574287525.6441305 - INFO - <Event(4-MouseMotion {'pos': (522, 169), 'buttons': (0, 0, 0), 'window': None, 'rel': (8, -13)})>
2019-11-20 22:06:11,059 - BDM-WAM 1574287525.6441305 - INFO - <Event(4-MouseMotion {'pos': (528, 159), 'buttons': (0, 0, 0), 'window': None, 'rel': (6, -10)})>
2019-11-20 22:06:11,077 - BDM-WAM 1574287525.6441305 - INFO - <Event(4-MouseMotion {'pos': (534, 153), 'buttons': (0, 0, 0), 'window': None, 'rel': (6, -6)})>
2019-11-20 22:06:11,094 - BDM-WAM 1574287525.6441305 - INFO - <Event(4-MouseMotion {'pos': (537, 148), 'buttons': (0, 0, 0), 'window': None, 'rel': (3, -5)})>
2019-11-20 22:06:11,111 - BDM-WAM 1574287525.6441305 - INFO - <Event(4-MouseMotion {'pos': (539, 145), 'buttons': (0, 0, 0), 'window': None, 'rel': (2, -3)})>
2019-11-20 22:06:11,129 - BDM-WAM 1574287525.6441305 - INFO - <Event(4-MouseMotion {'pos': (541, 143), 'buttons': (0, 0, 0), 'window': None, 'rel': (2, -2)})>
2019-11-20 22:06:11,146 - BDM-WAM 1574287525.6441305 - INFO - <Event(4-MouseMotion {'pos': (546, 139), 'buttons': (0, 0, 0), 'window': None, 'rel': (5, -4)})>
2019-11-20 22:06:11,163 - BDM-WAM 1574287525.6441305 - INFO - <Event(4-MouseMotion {'pos': (549, 138), 'buttons': (0, 0, 0), 'window': None, 'rel': (3, -1)})>
2019-11-20 22:06:11,179 - BDM-WAM 1574287525.6441305 - INFO - <Event(4-MouseMotion {'pos': (557, 135), 'buttons': (0, 0, 0), 'window': None, 'rel': (8, -3)})>
2019-11-20 22:06:11,196 - BDM-WAM 1574287525.6441305 - INFO - <Event(4-MouseMotion {'pos': (567, 133), 'buttons': (0, 0, 0), 'window': None, 'rel': (10, -2)})>
2019-11-20 22:06:11,213 - BDM-WAM 1574287525.6441305 - INFO - <Event(4-MouseMotion {'pos': (574, 132), 'buttons': (0, 0, 0), 'window': None, 'rel': (7, -1)})>
2019-11-20 22:06:11,231 - BDM-WAM 1574287525.6441305 - INFO - <Event(4-MouseMotion {'pos': (581, 132), 'buttons': (0, 0, 0), 'window': None, 'rel': (7, 0)})>
2019-11-20 22:06:11,247 - BDM-WAM 1574287525.6441305 - INFO - <Event(4-MouseMotion {'pos': (587, 132), 'buttons': (0, 0, 0), 'window': None, 'rel': (6, 0)})>
2019-11-20 22:06:11,264 - BDM-WAM 1574287525.6441305 - INFO - <Event(4-MouseMotion {'pos': (590, 133), 'buttons': (0, 0, 0), 'window': None, 'rel': (3, 1)})>
2019-11-20 22:06:11,281 - BDM-WAM 1574287525.6441305 - INFO - <Event(4-MouseMotion {'pos': (591, 133), 'buttons': (0, 0, 0), 'window': None, 'rel': (1, 0)})>
2019-11-20 22:06:11,297 - BDM-WAM 1574287525.6441305 - INFO - <Event(4-MouseMotion {'pos': (592, 134), 'buttons': (0, 0, 0), 'window': None, 'rel': (1, 1)})>
2019-11-20 22:06:11,314 - BDM-WAM 1574287525.6441305 - INFO - <Event(4-MouseMotion {'pos': (592, 135), 'buttons': (0, 0, 0), 'window': None, 'rel': (0, 1)})>
2019-11-20 22:06:11,331 - BDM-WAM 1574287525.6441305 - INFO - <Event(4-MouseMotion {'pos': (590, 139), 'buttons': (0, 0, 0), 'window': None, 'rel': (-2, 4)})>
2019-11-20 22:06:11,348 - BDM-WAM 1574287525.6441305 - INFO - <Event(4-MouseMotion {'pos': (577, 145), 'buttons': (0, 0, 0), 'window': None, 'rel': (-13, 6)})>
2019-11-20 22:06:11,365 - BDM-WAM 1574287525.6441305 - INFO - <Event(4-MouseMotion {'pos': (552, 155), 'buttons': (0, 0, 0), 'window': None, 'rel': (-25, 10)})>
2019-11-20 22:06:11,382 - BDM-WAM 1574287525.6441305 - INFO - <Event(4-MouseMotion {'pos': (525, 163), 'buttons': (0, 0, 0), 'window': None, 'rel': (-27, 8)})>
2019-11-20 22:06:11,399 - BDM-WAM 1574287525.6441305 - INFO - <Event(4-MouseMotion {'pos': (482, 177), 'buttons': (0, 0, 0), 'window': None, 'rel': (-43, 14)})>
2019-11-20 22:06:11,416 - BDM-WAM 1574287525.6441305 - INFO - <Event(4-MouseMotion {'pos': (458, 186), 'buttons': (0, 0, 0), 'window': None, 'rel': (-24, 9)})>
2019-11-20 22:06:11,431 - BDM-WAM 1574287525.6441305 - INFO - <Event(4-MouseMotion {'pos': (440, 196), 'buttons': (0, 0, 0), 'window': None, 'rel': (-18, 10)})>
2019-11-20 22:06:11,449 - BDM-WAM 1574287525.6441305 - INFO - <Event(4-MouseMotion {'pos': (424, 207), 'buttons': (0, 0, 0), 'window': None, 'rel': (-16, 11)})>
2019-11-20 22:06:11,465 - BDM-WAM 1574287525.6441305 - INFO - <Event(4-MouseMotion {'pos': (409, 222), 'buttons': (0, 0, 0), 'window': None, 'rel': (-15, 15)})>
2019-11-20 22:06:11,482 - BDM-WAM 1574287525.6441305 - INFO - <Event(4-MouseMotion {'pos': (393, 246), 'buttons': (0, 0, 0), 'window': None, 'rel': (-16, 24)})>
2019-11-20 22:06:11,499 - BDM-WAM 1574287525.6441305 - INFO - <Event(4-MouseMotion {'pos': (378, 279), 'buttons': (0, 0, 0), 'window': None, 'rel': (-15, 33)})>
2019-11-20 22:06:11,517 - BDM-WAM 1574287525.6441305 - INFO - <Event(4-MouseMotion {'pos': (375, 302), 'buttons': (0, 0, 0), 'window': None, 'rel': (-3, 23)})>
2019-11-20 22:06:11,534 - BDM-WAM 1574287525.6441305 - INFO - <Event(4-MouseMotion {'pos': (374, 328), 'buttons': (0, 0, 0), 'window': None, 'rel': (-1, 26)})>
2019-11-20 22:06:11,551 - BDM-WAM 1574287525.6441305 - INFO - <Event(4-MouseMotion {'pos': (377, 346), 'buttons': (0, 0, 0), 'window': None, 'rel': (3, 18)})>
2019-11-20 22:06:11,568 - BDM-WAM 1574287525.6441305 - INFO - <Event(4-MouseMotion {'pos': (380, 359), 'buttons': (0, 0, 0), 'window': None, 'rel': (3, 13)})>
2019-11-20 22:06:11,584 - BDM-WAM 1574287525.6441305 - INFO - <Event(4-MouseMotion {'pos': (384, 371), 'buttons': (0, 0, 0), 'window': None, 'rel': (4, 12)})>
2019-11-20 22:06:11,601 - BDM-WAM 1574287525.6441305 - INFO - <Event(4-MouseMotion {'pos': (389, 379), 'buttons': (0, 0, 0), 'window': None, 'rel': (5, 8)})>
2019-11-20 22:06:11,619 - BDM-WAM 1574287525.6441305 - INFO - <Event(4-MouseMotion {'pos': (393, 384), 'buttons': (0, 0, 0), 'window': None, 'rel': (4, 5)})>
2019-11-20 22:06:11,636 - BDM-WAM 1574287525.6441305 - INFO - <Event(4-MouseMotion {'pos': (395, 388), 'buttons': (0, 0, 0), 'window': None, 'rel': (2, 4)})>
2019-11-20 22:06:11,654 - BDM-WAM 1574287525.6441305 - INFO - <Event(4-MouseMotion {'pos': (399, 394), 'buttons': (0, 0, 0), 'window': None, 'rel': (4, 6)})>
2019-11-20 22:06:11,669 - BDM-WAM 1574287525.6441305 - INFO - <Event(4-MouseMotion {'pos': (401, 397), 'buttons': (0, 0, 0), 'window': None, 'rel': (2, 3)})>
2019-11-20 22:06:11,685 - BDM-WAM 1574287525.6441305 - INFO - <Event(4-MouseMotion {'pos': (402, 399), 'buttons': (0, 0, 0), 'window': None, 'rel': (1, 2)})>
2019-11-20 22:06:11,747 - BDM-WAM 1574287525.6441305 - INFO - <Event(4-MouseMotion {'pos': (406, 403), 'buttons': (0, 0, 0), 'window': None, 'rel': (4, 4)})>
2019-11-20 22:06:11,858 - BDM-WAM 1574287525.6441305 - INFO - <Event(4-MouseMotion {'pos': (407, 403), 'buttons': (0, 0, 0), 'window': None, 'rel': (1, 0)})>
2019-11-20 22:06:12,006 - BDM-WAM 1574287525.6441305 - INFO - <Event(4-MouseMotion {'pos': (356, 337), 'buttons': (0, 0, 0), 'window': None, 'rel': (-51, -66)})>
2019-11-20 22:06:12,022 - BDM-WAM 1574287525.6441305 - INFO - <Event(4-MouseMotion {'pos': (295, 240), 'buttons': (0, 0, 0), 'window': None, 'rel': (-61, -97)})>
2019-11-20 22:06:12,039 - BDM-WAM 1574287525.6441305 - INFO - <Event(4-MouseMotion {'pos': (264, 178), 'buttons': (0, 0, 0), 'window': None, 'rel': (-31, -62)})>
2019-11-20 22:06:12,056 - BDM-WAM 1574287525.6441305 - INFO - <Event(4-MouseMotion {'pos': (238, 122), 'buttons': (0, 0, 0), 'window': None, 'rel': (-26, -56)})>
2019-11-20 22:06:12,073 - BDM-WAM 1574287525.6441305 - INFO - <Event(4-MouseMotion {'pos': (224, 91), 'buttons': (0, 0, 0), 'window': None, 'rel': (-14, -31)})>
2019-11-20 22:06:12,090 - BDM-WAM 1574287525.6441305 - INFO - <Event(4-MouseMotion {'pos': (215, 72), 'buttons': (0, 0, 0), 'window': None, 'rel': (-9, -19)})>
2019-11-20 22:06:12,107 - BDM-WAM 1574287525.6441305 - INFO - <Event(4-MouseMotion {'pos': (210, 63), 'buttons': (0, 0, 0), 'window': None, 'rel': (-5, -9)})>
2019-11-20 22:06:12,124 - BDM-WAM 1574287525.6441305 - INFO - <Event(4-MouseMotion {'pos': (207, 63), 'buttons': (0, 0, 0), 'window': None, 'rel': (-3, 0)})>
2019-11-20 22:06:12,141 - BDM-WAM 1574287525.6441305 - INFO - <Event(4-MouseMotion {'pos': (206, 63), 'buttons': (0, 0, 0), 'window': None, 'rel': (-1, 0)})>
2019-11-20 22:06:12,414 - BDM-WAM 1574287525.6441305 - INFO - <Event(4-MouseMotion {'pos': (195, 59), 'buttons': (0, 0, 0), 'window': None, 'rel': (-11, -4)})>
2019-11-20 22:06:12,465 - BDM-WAM 1574287525.6441305 - INFO - <Event(4-MouseMotion {'pos': (182, 42), 'buttons': (0, 0, 0), 'window': None, 'rel': (-13, -17)})>
2019-11-20 22:06:12,483 - BDM-WAM 1574287525.6441305 - INFO - <Event(4-MouseMotion {'pos': (182, 35), 'buttons': (0, 0, 0), 'window': None, 'rel': (0, -7)})>
2019-11-20 22:06:12,499 - BDM-WAM 1574287525.6441305 - INFO - <Event(4-MouseMotion {'pos': (186, 25), 'buttons': (0, 0, 0), 'window': None, 'rel': (4, -10)})>
2019-11-20 22:06:12,516 - BDM-WAM 1574287525.6441305 - INFO - <Event(4-MouseMotion {'pos': (195, 20), 'buttons': (0, 0, 0), 'window': None, 'rel': (9, -5)})>
2019-11-20 22:06:12,579 - BDM-WAM 1574287525.6441305 - INFO - <Event(4-MouseMotion {'pos': (310, 41), 'buttons': (0, 0, 0), 'window': None, 'rel': (115, 21)})>
2019-11-20 22:06:12,598 - BDM-WAM 1574287525.6441305 - INFO - <Event(4-MouseMotion {'pos': (355, 62), 'buttons': (0, 0, 0), 'window': None, 'rel': (45, 21)})>
2019-11-20 22:06:12,614 - BDM-WAM 1574287525.6441305 - INFO - <Event(4-MouseMotion {'pos': (383, 74), 'buttons': (0, 0, 0), 'window': None, 'rel': (28, 12)})>
2019-11-20 22:06:12,632 - BDM-WAM 1574287525.6441305 - INFO - <Event(4-MouseMotion {'pos': (410, 84), 'buttons': (0, 0, 0), 'window': None, 'rel': (27, 10)})>
2019-11-20 22:06:12,703 - BDM-WAM 1574287525.6441305 - INFO - <Event(4-MouseMotion {'pos': (483, 123), 'buttons': (0, 0, 0), 'window': None, 'rel': (73, 39)})>
2019-11-20 22:06:12,721 - BDM-WAM 1574287525.6441305 - INFO - <Event(4-MouseMotion {'pos': (490, 128), 'buttons': (0, 0, 0), 'window': None, 'rel': (7, 5)})>
2019-11-20 22:06:12,738 - BDM-WAM 1574287525.6441305 - INFO - <Event(4-MouseMotion {'pos': (494, 130), 'buttons': (0, 0, 0), 'window': None, 'rel': (4, 2)})>
2019-11-20 22:06:12,755 - BDM-WAM 1574287525.6441305 - INFO - <Event(4-MouseMotion {'pos': (494, 131), 'buttons': (0, 0, 0), 'window': None, 'rel': (0, 1)})>
2019-11-20 22:06:12,772 - BDM-WAM 1574287525.6441305 - INFO - <Event(4-MouseMotion {'pos': (495, 131), 'buttons': (0, 0, 0), 'window': None, 'rel': (1, 0)})>
2019-11-20 22:06:12,789 - BDM-WAM 1574287525.6441305 - INFO - <Event(4-MouseMotion {'pos': (496, 133), 'buttons': (0, 0, 0), 'window': None, 'rel': (1, 2)})>
2019-11-20 22:06:12,806 - BDM-WAM 1574287525.6441305 - INFO - <Event(4-MouseMotion {'pos': (498, 133), 'buttons': (0, 0, 0), 'window': None, 'rel': (2, 0)})>
2019-11-20 22:06:13,164 - BDM-WAM 1574287525.6441305 - INFO - <Event(4-MouseMotion {'pos': (492, 119), 'buttons': (0, 0, 0), 'window': None, 'rel': (-6, -14)})>
2019-11-20 22:06:13,181 - BDM-WAM 1574287525.6441305 - INFO - <Event(4-MouseMotion {'pos': (482, 83), 'buttons': (0, 0, 0), 'window': None, 'rel': (-10, -36)})>
2019-11-20 22:06:13,198 - BDM-WAM 1574287525.6441305 - INFO - <Event(4-MouseMotion {'pos': (478, 61), 'buttons': (0, 0, 0), 'window': None, 'rel': (-4, -22)})>
2019-11-20 22:06:13,215 - BDM-WAM 1574287525.6441305 - INFO - <Event(4-MouseMotion {'pos': (478, 42), 'buttons': (0, 0, 0), 'window': None, 'rel': (0, -19)})>
2019-11-20 22:06:13,232 - BDM-WAM 1574287525.6441305 - INFO - <Event(4-MouseMotion {'pos': (479, 22), 'buttons': (0, 0, 0), 'window': None, 'rel': (1, -20)})>
2019-11-20 22:06:13,248 - BDM-WAM 1574287525.6441305 - INFO - <Event(4-MouseMotion {'pos': (485, 2), 'buttons': (0, 0, 0), 'window': None, 'rel': (6, -20)})>
2019-11-20 22:06:13,264 - BDM-WAM 1574287525.6441305 - INFO - <Event(1-ActiveEvent {'state': 1, 'gain': 0})>
2019-11-20 22:06:14,173 - BDM-WAM 1574287525.6441305 - INFO - <Event(12-Quit {})>
