2019-11-20 21:04:16,945 - BDM-WAM 1574283856.6695962 - INFO - <Event(17-VideoExpose {})>
2019-11-20 21:04:20,280 - BDM-WAM 1574283856.6695962 - INFO - <Event(16-VideoResize {'w': 800, 'size': (800, 700), 'h': 700})>
2019-11-20 21:04:20,281 - BDM-WAM 1574283856.6695962 - INFO - <Event(1-ActiveEvent {'gain': 0, 'state': 1})>
2019-11-20 21:04:20,281 - BDM-WAM 1574283856.6695962 - INFO - <Event(4-MouseMotion {'buttons': (0, 0, 0), 'rel': (587, 700), 'window': None, 'pos': (586, 699)})>
2019-11-20 21:04:20,388 - BDM-WAM 1574283856.6695962 - INFO - <Event(3-KeyUp {'mod': 0, 'key': 99, 'window': None, 'scancode': 46})>
2019-11-20 21:04:20,906 - BDM-WAM 1574283856.6695962 - INFO - <Event(4-MouseMotion {'buttons': (0, 0, 0), 'rel': (0, -38), 'window': None, 'pos': (584, 485)})>
2019-11-20 21:04:20,921 - BDM-WAM 1574283856.6695962 - INFO - <Event(4-MouseMotion {'buttons': (0, 0, 0), 'rel': (0, -24), 'window': None, 'pos': (584, 461)})>
2019-11-20 21:04:20,939 - BDM-WAM 1574283856.6695962 - INFO - <Event(4-MouseMotion {'buttons': (0, 0, 0), 'rel': (0, -19), 'window': None, 'pos': (584, 442)})>
2019-11-20 21:04:20,954 - BDM-WAM 1574283856.6695962 - INFO - <Event(4-MouseMotion {'buttons': (0, 0, 0), 'rel': (1, -10), 'window': None, 'pos': (585, 432)})>
2019-11-20 21:04:20,972 - BDM-WAM 1574283856.6695962 - INFO - <Event(4-MouseMotion {'buttons': (0, 0, 0), 'rel': (0, -3), 'window': None, 'pos': (585, 429)})>
2019-11-20 21:04:21,192 - BDM-WAM 1574283856.6695962 - INFO - <Event(4-MouseMotion {'buttons': (0, 0, 0), 'rel': (1, -35), 'window': None, 'pos': (586, 394)})>
2019-11-20 21:04:21,207 - BDM-WAM 1574283856.6695962 - INFO - <Event(4-MouseMotion {'buttons': (0, 0, 0), 'rel': (-2, -30), 'window': None, 'pos': (584, 364)})>
2019-11-20 21:04:21,223 - BDM-WAM 1574283856.6695962 - INFO - <Event(4-MouseMotion {'buttons': (0, 0, 0), 'rel': (-8, -30), 'window': None, 'pos': (576, 334)})>
2019-11-20 21:04:21,239 - BDM-WAM 1574283856.6695962 - INFO - <Event(4-MouseMotion {'buttons': (0, 0, 0), 'rel': (-7, -23), 'window': None, 'pos': (569, 311)})>
2019-11-20 21:04:21,256 - BDM-WAM 1574283856.6695962 - INFO - <Event(4-MouseMotion {'buttons': (0, 0, 0), 'rel': (-6, -26), 'window': None, 'pos': (563, 285)})>
2019-11-20 21:04:21,274 - BDM-WAM 1574283856.6695962 - INFO - <Event(4-MouseMotion {'buttons': (0, 0, 0), 'rel': (-6, -18), 'window': None, 'pos': (557, 267)})>
2019-11-20 21:04:21,291 - BDM-WAM 1574283856.6695962 - INFO - <Event(4-MouseMotion {'buttons': (0, 0, 0), 'rel': (-6, -17), 'window': None, 'pos': (551, 250)})>
2019-11-20 21:04:21,310 - BDM-WAM 1574283856.6695962 - INFO - <Event(4-MouseMotion {'buttons': (0, 0, 0), 'rel': (-2, -5), 'window': None, 'pos': (549, 245)})>
2019-11-20 21:04:21,325 - BDM-WAM 1574283856.6695962 - INFO - <Event(4-MouseMotion {'buttons': (0, 0, 0), 'rel': (-1, -4), 'window': None, 'pos': (548, 241)})>
2019-11-20 21:04:21,341 - BDM-WAM 1574283856.6695962 - INFO - <Event(4-MouseMotion {'buttons': (0, 0, 0), 'rel': (-2, -3), 'window': None, 'pos': (546, 238)})>
2019-11-20 21:04:21,357 - BDM-WAM 1574283856.6695962 - INFO - <Event(4-MouseMotion {'buttons': (0, 0, 0), 'rel': (-1, -1), 'window': None, 'pos': (545, 237)})>
2019-11-20 21:04:21,376 - BDM-WAM 1574283856.6695962 - INFO - <Event(4-MouseMotion {'buttons': (0, 0, 0), 'rel': (-1, -3), 'window': None, 'pos': (544, 234)})>
2019-11-20 21:04:21,392 - BDM-WAM 1574283856.6695962 - INFO - <Event(4-MouseMotion {'buttons': (0, 0, 0), 'rel': (0, -1), 'window': None, 'pos': (544, 233)})>
2019-11-20 21:04:21,407 - BDM-WAM 1574283856.6695962 - INFO - <Event(4-MouseMotion {'buttons': (0, 0, 0), 'rel': (-2, -1), 'window': None, 'pos': (542, 232)})>
2019-11-20 21:04:21,424 - BDM-WAM 1574283856.6695962 - INFO - <Event(4-MouseMotion {'buttons': (0, 0, 0), 'rel': (-1, -1), 'window': None, 'pos': (541, 231)})>
2019-11-20 21:04:21,441 - BDM-WAM 1574283856.6695962 - INFO - <Event(4-MouseMotion {'buttons': (0, 0, 0), 'rel': (-1, -1), 'window': None, 'pos': (540, 230)})>
2019-11-20 21:04:21,458 - BDM-WAM 1574283856.6695962 - INFO - <Event(4-MouseMotion {'buttons': (0, 0, 0), 'rel': (-1, -1), 'window': None, 'pos': (539, 229)})>
2019-11-20 21:04:21,476 - BDM-WAM 1574283856.6695962 - INFO - <Event(4-MouseMotion {'buttons': (0, 0, 0), 'rel': (0, -1), 'window': None, 'pos': (539, 228)})>
2019-11-20 21:04:21,492 - BDM-WAM 1574283856.6695962 - INFO - <Event(4-MouseMotion {'buttons': (0, 0, 0), 'rel': (-2, 0), 'window': None, 'pos': (537, 228)})>
2019-11-20 21:04:21,509 - BDM-WAM 1574283856.6695962 - INFO - <Event(4-MouseMotion {'buttons': (0, 0, 0), 'rel': (-4, 0), 'window': None, 'pos': (533, 228)})>
2019-11-20 21:04:21,525 - BDM-WAM 1574283856.6695962 - INFO - <Event(4-MouseMotion {'buttons': (0, 0, 0), 'rel': (-5, 1), 'window': None, 'pos': (528, 229)})>
2019-11-20 21:04:21,607 - BDM-WAM 1574283856.6695962 - INFO - <Event(4-MouseMotion {'buttons': (0, 0, 0), 'rel': (-13, -10), 'window': None, 'pos': (515, 219)})>
2019-11-20 21:04:21,626 - BDM-WAM 1574283856.6695962 - INFO - <Event(4-MouseMotion {'buttons': (0, 0, 0), 'rel': (-1, -10), 'window': None, 'pos': (514, 209)})>
2019-11-20 21:04:21,643 - BDM-WAM 1574283856.6695962 - INFO - <Event(4-MouseMotion {'buttons': (0, 0, 0), 'rel': (0, -15), 'window': None, 'pos': (514, 194)})>
2019-11-20 21:04:21,731 - BDM-WAM 1574283856.6695962 - INFO - <Event(4-MouseMotion {'buttons': (0, 0, 0), 'rel': (2, -16), 'window': None, 'pos': (516, 178)})>
2019-11-20 21:04:21,845 - BDM-WAM 1574283856.6695962 - INFO - <Event(5-MouseButtonDown {'button': 1, 'window': None, 'pos': (516, 178)})>
2019-11-20 21:04:21,961 - BDM-WAM 1574283856.6695962 - INFO - <Event(6-MouseButtonUp {'button': 1, 'window': None, 'pos': (516, 178)})>
2019-11-20 21:04:23,025 - BDM-WAM 1574283856.6695962 - INFO - <Event(5-MouseButtonDown {'button': 1, 'window': None, 'pos': (441, 540)})>
2019-11-20 21:04:23,026 - BDM-WAM 1574283856.6695962 - INFO - <Event(8-Pause {'reason': <bound method GameManager.pause of <game.GameManager object at 0x00000182FF665DA0>> })>
2019-11-20 21:04:24,433 - BDM-WAM 1574283856.6695962 - INFO - <Event(7-Rate {'': hit_conf49 })>
2019-11-20 21:04:24,745 - BDM-WAM 1574283856.6695962 - INFO - <Event(7-Rate {'': reward_conf49 })>
2019-11-20 21:04:24,957 - BDM-WAM 1574283856.6695962 - INFO - <Event(7-Rate {'': player_skill49 })>
2019-11-20 21:04:24,957 - BDM-WAM 1574283856.6695962 - INFO - <Event(9.2-Fake Miss {'pos': (441,540), 'window': None})>
2019-11-20 21:04:24,958 - BDM-WAM 1574283856.6695962 - INFO - <Event(6-MouseButtonUp {'button': 1, 'window': None, 'pos': (441, 540)})>
2019-11-20 21:04:25,116 - BDM-WAM 1574283856.6695962 - INFO - <Event(3-KeyUp {'mod': 0, 'key': 49, 'window': None, 'scancode': 2})>
2019-11-20 21:04:26,394 - BDM-WAM 1574283856.6695962 - INFO - <Event(5-MouseButtonDown {'button': 1, 'window': None, 'pos': (661, 60)})>
2019-11-20 21:04:26,396 - BDM-WAM 1574283856.6695962 - INFO - <Event(6-MouseButtonUp {'button': 1, 'window': None, 'pos': (661, 60)})>
2019-11-20 21:04:27,169 - BDM-WAM 1574283856.6695962 - INFO - <Event(5-MouseButtonDown {'button': 1, 'window': None, 'pos': (676, 68)})>
2019-11-20 21:04:27,169 - BDM-WAM 1574283856.6695962 - INFO - <Event(8-Pause {'reason': <bound method GameManager.pause of <game.GameManager object at 0x00000182FF665DA0>> })>
2019-11-20 21:04:27,882 - BDM-WAM 1574283856.6695962 - INFO - <Event(7-Rate {'': hit_conf49 })>
2019-11-20 21:04:28,091 - BDM-WAM 1574283856.6695962 - INFO - <Event(7-Rate {'': reward_conf49 })>
2019-11-20 21:04:28,246 - BDM-WAM 1574283856.6695962 - INFO - <Event(7-Rate {'': player_skill49 })>
2019-11-20 21:04:28,246 - BDM-WAM 1574283856.6695962 - INFO - <Event(9.3-Fake Hit {'pos': (676,68), 'window': None})>
2019-11-20 21:04:28,247 - BDM-WAM 1574283856.6695962 - INFO - <Event(6-MouseButtonUp {'button': 1, 'window': None, 'pos': (676, 68)})>
2019-11-20 21:04:28,349 - BDM-WAM 1574283856.6695962 - INFO - <Event(3-KeyUp {'mod': 0, 'key': 49, 'window': None, 'scancode': 2})>
2019-11-20 21:04:29,180 - BDM-WAM 1574283856.6695962 - INFO - <Event(5-MouseButtonDown {'button': 1, 'window': None, 'pos': (244, 225)})>
2019-11-20 21:04:29,183 - BDM-WAM 1574283856.6695962 - INFO - <Event(6-MouseButtonUp {'button': 1, 'window': None, 'pos': (244, 225)})>
2019-11-20 21:04:29,289 - BDM-WAM 1574283856.6695962 - INFO - <Event(5-MouseButtonDown {'button': 1, 'window': None, 'pos': (244, 225)})>
2019-11-20 21:04:29,289 - BDM-WAM 1574283856.6695962 - INFO - <Event(8-Pause {'reason': <bound method GameManager.pause of <game.GameManager object at 0x00000182FF665DA0>> })>
2019-11-20 21:04:30,022 - BDM-WAM 1574283856.6695962 - INFO - <Event(7-Rate {'': hit_conf49 })>
2019-11-20 21:04:30,235 - BDM-WAM 1574283856.6695962 - INFO - <Event(7-Rate {'': reward_conf49 })>
2019-11-20 21:04:30,416 - BDM-WAM 1574283856.6695962 - INFO - <Event(7-Rate {'': player_skill49 })>
2019-11-20 21:04:30,416 - BDM-WAM 1574283856.6695962 - INFO - <Event(9.2-Fake Miss {'pos': (250,245), 'window': None})>
2019-11-20 21:04:30,417 - BDM-WAM 1574283856.6695962 - INFO - <Event(4-MouseMotion {'buttons': (1, 0, 0), 'rel': (6, 20), 'window': None, 'pos': (250, 245)})>
2019-11-20 21:04:30,500 - BDM-WAM 1574283856.6695962 - INFO - <Event(3-KeyUp {'mod': 0, 'key': 49, 'window': None, 'scancode': 2})>
2019-11-20 21:04:31,878 - BDM-WAM 1574283856.6695962 - INFO - <Event(5-MouseButtonDown {'button': 1, 'window': None, 'pos': (663, 52)})>
2019-11-20 21:04:31,880 - BDM-WAM 1574283856.6695962 - INFO - <Event(6-MouseButtonUp {'button': 1, 'window': None, 'pos': (663, 52)})>
2019-11-20 21:04:32,016 - BDM-WAM 1574283856.6695962 - INFO - <Event(5-MouseButtonDown {'button': 1, 'window': None, 'pos': (663, 52)})>
2019-11-20 21:04:32,017 - BDM-WAM 1574283856.6695962 - INFO - <Event(8-Pause {'reason': <bound method GameManager.pause of <game.GameManager object at 0x00000182FF665DA0>> })>
2019-11-20 21:04:33,277 - BDM-WAM 1574283856.6695962 - INFO - <Event(7-Rate {'': hit_conf49 })>
2019-11-20 21:04:33,534 - BDM-WAM 1574283856.6695962 - INFO - <Event(7-Rate {'': reward_conf49 })>
2019-11-20 21:04:33,738 - BDM-WAM 1574283856.6695962 - INFO - <Event(7-Rate {'': player_skill49 })>
2019-11-20 21:04:33,738 - BDM-WAM 1574283856.6695962 - INFO - <Event(9.2-Fake Miss {'pos': (672,70), 'window': None})>
2019-11-20 21:04:33,740 - BDM-WAM 1574283856.6695962 - INFO - <Event(4-MouseMotion {'buttons': (1, 0, 0), 'rel': (9, 18), 'window': None, 'pos': (672, 70)})>
2019-11-20 21:04:33,883 - BDM-WAM 1574283856.6695962 - INFO - <Event(3-KeyUp {'mod': 0, 'key': 49, 'window': None, 'scancode': 2})>
2019-11-20 21:04:35,198 - BDM-WAM 1574283856.6695962 - INFO - <Event(5-MouseButtonDown {'button': 1, 'window': None, 'pos': (519, 169)})>
2019-11-20 21:04:35,202 - BDM-WAM 1574283856.6695962 - INFO - <Event(6-MouseButtonUp {'button': 1, 'window': None, 'pos': (519, 169)})>
2019-11-20 21:04:35,315 - BDM-WAM 1574283856.6695962 - INFO - <Event(5-MouseButtonDown {'button': 1, 'window': None, 'pos': (519, 169)})>
2019-11-20 21:04:35,315 - BDM-WAM 1574283856.6695962 - INFO - <Event(8-Pause {'reason': <bound method GameManager.pause of <game.GameManager object at 0x00000182FF665DA0>> })>
2019-11-20 21:04:35,943 - BDM-WAM 1574283856.6695962 - INFO - <Event(7-Rate {'': hit_conf49 })>
2019-11-20 21:04:36,177 - BDM-WAM 1574283856.6695962 - INFO - <Event(7-Rate {'': reward_conf49 })>
2019-11-20 21:04:36,385 - BDM-WAM 1574283856.6695962 - INFO - <Event(7-Rate {'': player_skill49 })>
2019-11-20 21:04:36,386 - BDM-WAM 1574283856.6695962 - INFO - <Event(9.1-True Hit {'pos': (526,175), 'window': None})>
2019-11-20 21:04:36,387 - BDM-WAM 1574283856.6695962 - INFO - <Event(4-MouseMotion {'buttons': (1, 0, 0), 'rel': (7, 6), 'window': None, 'pos': (526, 175)})>
2019-11-20 21:04:36,489 - BDM-WAM 1574283856.6695962 - INFO - <Event(3-KeyUp {'mod': 0, 'key': 49, 'window': None, 'scancode': 2})>
2019-11-20 21:04:38,068 - BDM-WAM 1574283856.6695962 - INFO - <Event(5-MouseButtonDown {'button': 1, 'window': None, 'pos': (512, 150)})>
2019-11-20 21:04:38,070 - BDM-WAM 1574283856.6695962 - INFO - <Event(6-MouseButtonUp {'button': 1, 'window': None, 'pos': (512, 150)})>
2019-11-20 21:04:38,517 - BDM-WAM 1574283856.6695962 - INFO - <Event(2-KeyDown {'unicode': '1', 'mod': 0, 'key': 49, 'window': None, 'scancode': 2})>
2019-11-20 21:04:38,683 - BDM-WAM 1574283856.6695962 - INFO - <Event(3-KeyUp {'mod': 0, 'key': 49, 'window': None, 'scancode': 2})>
2019-11-20 21:04:40,157 - BDM-WAM 1574283856.6695962 - INFO - <Event(5-MouseButtonDown {'button': 1, 'window': None, 'pos': (196, 401)})>
2019-11-20 21:04:40,158 - BDM-WAM 1574283856.6695962 - INFO - <Event(8-Pause {'reason': <bound method GameManager.pause of <game.GameManager object at 0x00000182FF665DA0>> })>
2019-11-20 21:04:40,741 - BDM-WAM 1574283856.6695962 - INFO - <Event(7-Rate {'': hit_conf49 })>
2019-11-20 21:04:40,946 - BDM-WAM 1574283856.6695962 - INFO - <Event(7-Rate {'': reward_conf49 })>
2019-11-20 21:04:41,137 - BDM-WAM 1574283856.6695962 - INFO - <Event(7-Rate {'': player_skill49 })>
2019-11-20 21:04:41,138 - BDM-WAM 1574283856.6695962 - INFO - <Event(9.2-Fake Miss {'pos': (196,401), 'window': None})>
2019-11-20 21:04:41,138 - BDM-WAM 1574283856.6695962 - INFO - <Event(6-MouseButtonUp {'button': 1, 'window': None, 'pos': (196, 401)})>
2019-11-20 21:04:41,298 - BDM-WAM 1574283856.6695962 - INFO - <Event(3-KeyUp {'mod': 0, 'key': 49, 'window': None, 'scancode': 2})>
2019-11-20 21:04:42,551 - BDM-WAM 1574283856.6695962 - INFO - <Event(5-MouseButtonDown {'button': 1, 'window': None, 'pos': (683, 422)})>
2019-11-20 21:04:42,552 - BDM-WAM 1574283856.6695962 - INFO - <Event(6-MouseButtonUp {'button': 1, 'window': None, 'pos': (683, 422)})>
2019-11-20 21:04:42,680 - BDM-WAM 1574283856.6695962 - INFO - <Event(5-MouseButtonDown {'button': 1, 'window': None, 'pos': (683, 422)})>
2019-11-20 21:04:42,681 - BDM-WAM 1574283856.6695962 - INFO - <Event(8-Pause {'reason': <bound method GameManager.pause of <game.GameManager object at 0x00000182FF665DA0>> })>
2019-11-20 21:04:43,547 - BDM-WAM 1574283856.6695962 - INFO - <Event(7-Rate {'': hit_conf49 })>
2019-11-20 21:04:43,789 - BDM-WAM 1574283856.6695962 - INFO - <Event(7-Rate {'': reward_conf49 })>
2019-11-20 21:04:43,971 - BDM-WAM 1574283856.6695962 - INFO - <Event(7-Rate {'': player_skill49 })>
2019-11-20 21:04:43,972 - BDM-WAM 1574283856.6695962 - INFO - <Event(9.2-Fake Miss {'pos': (684,411), 'window': None})>
2019-11-20 21:04:43,972 - BDM-WAM 1574283856.6695962 - INFO - <Event(4-MouseMotion {'buttons': (1, 0, 0), 'rel': (1, -11), 'window': None, 'pos': (684, 411)})>
2019-11-20 21:04:44,149 - BDM-WAM 1574283856.6695962 - INFO - <Event(3-KeyUp {'mod': 0, 'key': 49, 'window': None, 'scancode': 2})>
2019-11-20 21:04:45,574 - BDM-WAM 1574283856.6695962 - INFO - <Event(5-MouseButtonDown {'button': 1, 'window': None, 'pos': (220, 227)})>
2019-11-20 21:04:45,576 - BDM-WAM 1574283856.6695962 - INFO - <Event(6-MouseButtonUp {'button': 1, 'window': None, 'pos': (220, 227)})>
2019-11-20 21:04:45,652 - BDM-WAM 1574283856.6695962 - INFO - <Event(5-MouseButtonDown {'button': 1, 'window': None, 'pos': (220, 227)})>
2019-11-20 21:04:45,652 - BDM-WAM 1574283856.6695962 - INFO - <Event(8-Pause {'reason': <bound method GameManager.pause of <game.GameManager object at 0x00000182FF665DA0>> })>
2019-11-20 21:04:46,196 - BDM-WAM 1574283856.6695962 - INFO - <Event(7-Rate {'': hit_conf49 })>
2019-11-20 21:04:46,408 - BDM-WAM 1574283856.6695962 - INFO - <Event(7-Rate {'': reward_conf49 })>
2019-11-20 21:04:46,689 - BDM-WAM 1574283856.6695962 - INFO - <Event(7-Rate {'': player_skill49 })>
2019-11-20 21:04:46,689 - BDM-WAM 1574283856.6695962 - INFO - <Event(9.1-True Hit {'pos': (228,231), 'window': None})>
2019-11-20 21:04:46,689 - BDM-WAM 1574283856.6695962 - INFO - <Event(4-MouseMotion {'buttons': (1, 0, 0), 'rel': (8, 4), 'window': None, 'pos': (228, 231)})>
2019-11-20 21:04:46,856 - BDM-WAM 1574283856.6695962 - INFO - <Event(3-KeyUp {'mod': 0, 'key': 49, 'window': None, 'scancode': 2})>
2019-11-20 21:04:48,417 - BDM-WAM 1574283856.6695962 - INFO - <Event(5-MouseButtonDown {'button': 1, 'window': None, 'pos': (149, 410)})>
2019-11-20 21:04:48,419 - BDM-WAM 1574283856.6695962 - INFO - <Event(6-MouseButtonUp {'button': 1, 'window': None, 'pos': (149, 410)})>
2019-11-20 21:04:48,506 - BDM-WAM 1574283856.6695962 - INFO - <Event(5-MouseButtonDown {'button': 1, 'window': None, 'pos': (149, 410)})>
2019-11-20 21:04:48,507 - BDM-WAM 1574283856.6695962 - INFO - <Event(8-Pause {'reason': <bound method GameManager.pause of <game.GameManager object at 0x00000182FF665DA0>> })>
2019-11-20 21:04:49,206 - BDM-WAM 1574283856.6695962 - INFO - <Event(7-Rate {'': hit_conf49 })>
2019-11-20 21:04:49,429 - BDM-WAM 1574283856.6695962 - INFO - <Event(7-Rate {'': reward_conf49 })>
2019-11-20 21:04:49,649 - BDM-WAM 1574283856.6695962 - INFO - <Event(7-Rate {'': player_skill49 })>
2019-11-20 21:04:49,649 - BDM-WAM 1574283856.6695962 - INFO - <Event(9.2-Fake Miss {'pos': (149,410), 'window': None})>
2019-11-20 21:04:49,840 - BDM-WAM 1574283856.6695962 - INFO - <Event(3-KeyUp {'mod': 0, 'key': 49, 'window': None, 'scancode': 2})>
2019-11-20 21:04:51,250 - BDM-WAM 1574283856.6695962 - INFO - <Event(5-MouseButtonDown {'button': 1, 'window': None, 'pos': (644, 58)})>
2019-11-20 21:04:51,251 - BDM-WAM 1574283856.6695962 - INFO - <Event(6-MouseButtonUp {'button': 1, 'window': None, 'pos': (644, 58)})>
2019-11-20 21:04:51,338 - BDM-WAM 1574283856.6695962 - INFO - <Event(5-MouseButtonDown {'button': 1, 'window': None, 'pos': (644, 58)})>
2019-11-20 21:04:51,338 - BDM-WAM 1574283856.6695962 - INFO - <Event(8-Pause {'reason': <bound method GameManager.pause of <game.GameManager object at 0x00000182FF665DA0>> })>
2019-11-20 21:04:51,842 - BDM-WAM 1574283856.6695962 - INFO - <Event(7-Rate {'': hit_conf49 })>
2019-11-20 21:04:52,061 - BDM-WAM 1574283856.6695962 - INFO - <Event(7-Rate {'': reward_conf49 })>
2019-11-20 21:04:52,243 - BDM-WAM 1574283856.6695962 - INFO - <Event(7-Rate {'': player_skill49 })>
2019-11-20 21:04:52,243 - BDM-WAM 1574283856.6695962 - INFO - <Event(9.2-Fake Miss {'pos': (632,63), 'window': None})>
2019-11-20 21:04:52,244 - BDM-WAM 1574283856.6695962 - INFO - <Event(4-MouseMotion {'buttons': (1, 0, 0), 'rel': (-12, 5), 'window': None, 'pos': (632, 63)})>
2019-11-20 21:04:52,343 - BDM-WAM 1574283856.6695962 - INFO - <Event(3-KeyUp {'mod': 0, 'key': 49, 'window': None, 'scancode': 2})>
2019-11-20 21:04:53,759 - BDM-WAM 1574283856.6695962 - INFO - <Event(5-MouseButtonDown {'button': 1, 'window': None, 'pos': (126, 86)})>
2019-11-20 21:04:53,761 - BDM-WAM 1574283856.6695962 - INFO - <Event(6-MouseButtonUp {'button': 1, 'window': None, 'pos': (126, 86)})>
2019-11-20 21:04:53,833 - BDM-WAM 1574283856.6695962 - INFO - <Event(5-MouseButtonDown {'button': 1, 'window': None, 'pos': (126, 86)})>
2019-11-20 21:04:53,834 - BDM-WAM 1574283856.6695962 - INFO - <Event(8-Pause {'reason': <bound method GameManager.pause of <game.GameManager object at 0x00000182FF665DA0>> })>
2019-11-20 21:04:54,759 - BDM-WAM 1574283856.6695962 - INFO - <Event(7-Rate {'': hit_conf49 })>
2019-11-20 21:04:55,110 - BDM-WAM 1574283856.6695962 - INFO - <Event(7-Rate {'': reward_conf49 })>
2019-11-20 21:04:55,316 - BDM-WAM 1574283856.6695962 - INFO - <Event(7-Rate {'': player_skill49 })>
2019-11-20 21:04:55,317 - BDM-WAM 1574283856.6695962 - INFO - <Event(9.1-True Hit {'pos': (114,85), 'window': None})>
2019-11-20 21:04:55,319 - BDM-WAM 1574283856.6695962 - INFO - <Event(4-MouseMotion {'buttons': (1, 0, 0), 'rel': (-12, -1), 'window': None, 'pos': (114, 85)})>
2019-11-20 21:04:55,416 - BDM-WAM 1574283856.6695962 - INFO - <Event(3-KeyUp {'mod': 0, 'key': 49, 'window': None, 'scancode': 2})>
2019-11-20 21:04:56,956 - BDM-WAM 1574283856.6695962 - INFO - <Event(5-MouseButtonDown {'button': 1, 'window': None, 'pos': (427, 340)})>
2019-11-20 21:04:56,958 - BDM-WAM 1574283856.6695962 - INFO - <Event(6-MouseButtonUp {'button': 1, 'window': None, 'pos': (427, 340)})>
2019-11-20 21:04:57,029 - BDM-WAM 1574283856.6695962 - INFO - <Event(5-MouseButtonDown {'button': 1, 'window': None, 'pos': (427, 340)})>
2019-11-20 21:04:57,029 - BDM-WAM 1574283856.6695962 - INFO - <Event(8-Pause {'reason': <bound method GameManager.pause of <game.GameManager object at 0x00000182FF665DA0>> })>
2019-11-20 21:04:57,681 - BDM-WAM 1574283856.6695962 - INFO - <Event(7-Rate {'': hit_conf49 })>
2019-11-20 21:04:57,905 - BDM-WAM 1574283856.6695962 - INFO - <Event(7-Rate {'': reward_conf49 })>
2019-11-20 21:04:58,095 - BDM-WAM 1574283856.6695962 - INFO - <Event(7-Rate {'': player_skill49 })>
2019-11-20 21:04:58,096 - BDM-WAM 1574283856.6695962 - INFO - <Event(9.2-Fake Miss {'pos': (427,340), 'window': None})>
2019-11-20 21:04:58,199 - BDM-WAM 1574283856.6695962 - INFO - <Event(3-KeyUp {'mod': 0, 'key': 49, 'window': None, 'scancode': 2})>
2019-11-20 21:04:59,649 - BDM-WAM 1574283856.6695962 - INFO - <Event(5-MouseButtonDown {'button': 1, 'window': None, 'pos': (164, 402)})>
2019-11-20 21:04:59,651 - BDM-WAM 1574283856.6695962 - INFO - <Event(6-MouseButtonUp {'button': 1, 'window': None, 'pos': (164, 402)})>
2019-11-20 21:04:59,724 - BDM-WAM 1574283856.6695962 - INFO - <Event(5-MouseButtonDown {'button': 1, 'window': None, 'pos': (164, 402)})>
2019-11-20 21:04:59,724 - BDM-WAM 1574283856.6695962 - INFO - <Event(8-Pause {'reason': <bound method GameManager.pause of <game.GameManager object at 0x00000182FF665DA0>> })>
2019-11-20 21:05:00,472 - BDM-WAM 1574283856.6695962 - INFO - <Event(7-Rate {'': hit_conf49 })>
2019-11-20 21:05:00,706 - BDM-WAM 1574283856.6695962 - INFO - <Event(7-Rate {'': reward_conf49 })>
2019-11-20 21:05:01,111 - BDM-WAM 1574283856.6695962 - INFO - <Event(7-Rate {'': player_skill49 })>
2019-11-20 21:05:01,111 - BDM-WAM 1574283856.6695962 - INFO - <Event(9.1-True Hit {'pos': (164,413), 'window': None})>
2019-11-20 21:05:01,112 - BDM-WAM 1574283856.6695962 - INFO - <Event(8-Pause {'reason': <bound method GameManager.pause of <game.GameManager object at 0x00000182FF665DA0>> })>
2019-11-20 21:05:10,624 - BDM-WAM 1574283856.6695962 - INFO - ************* HAPPY ANALYSING... LOG COMPLETE!!! ************* 
