2019-11-20 21:53:33,933 - BDM-WAM 1574286813.723662 - INFO - <Event(17-VideoExpose {})>
2019-11-20 21:53:34,534 - BDM-WAM 1574286813.723662 - INFO - <Event(1-ActiveEvent {'state': 1, 'gain': 0})>
2019-11-20 21:53:34,535 - BDM-WAM 1574286813.723662 - INFO - <Event(4-MouseMotion {'buttons': (0, 0, 0), 'pos': (142, 312), 'rel': (143, 313), 'window': None})>
2019-11-20 21:53:34,688 - BDM-WAM 1574286813.723662 - INFO - <Event(3-KeyUp {'scancode': 46, 'key': 99, 'window': None, 'mod': 0})>
2019-11-20 21:53:35,170 - BDM-WAM 1574286813.723662 - INFO - <Event(4-MouseMotion {'buttons': (0, 0, 0), 'pos': (222, 409), 'rel': (1, 0), 'window': None})>
2019-11-20 21:53:35,223 - BDM-WAM 1574286813.723662 - INFO - <Event(4-MouseMotion {'buttons': (0, 0, 0), 'pos': (222, 410), 'rel': (0, 1), 'window': None})>
2019-11-20 21:53:35,238 - BDM-WAM 1574286813.723662 - INFO - <Event(4-MouseMotion {'buttons': (0, 0, 0), 'pos': (219, 413), 'rel': (-3, 3), 'window': None})>
2019-11-20 21:53:35,255 - BDM-WAM 1574286813.723662 - INFO - <Event(4-MouseMotion {'buttons': (0, 0, 0), 'pos': (204, 423), 'rel': (-15, 10), 'window': None})>
2019-11-20 21:53:35,273 - BDM-WAM 1574286813.723662 - INFO - <Event(4-MouseMotion {'buttons': (0, 0, 0), 'pos': (180, 435), 'rel': (-24, 12), 'window': None})>
2019-11-20 21:53:35,290 - BDM-WAM 1574286813.723662 - INFO - <Event(4-MouseMotion {'buttons': (0, 0, 0), 'pos': (144, 445), 'rel': (-36, 10), 'window': None})>
2019-11-20 21:53:35,306 - BDM-WAM 1574286813.723662 - INFO - <Event(4-MouseMotion {'buttons': (0, 0, 0), 'pos': (131, 449), 'rel': (-13, 4), 'window': None})>
2019-11-20 21:53:35,323 - BDM-WAM 1574286813.723662 - INFO - <Event(4-MouseMotion {'buttons': (0, 0, 0), 'pos': (126, 449), 'rel': (-5, 0), 'window': None})>
2019-11-20 21:53:35,340 - BDM-WAM 1574286813.723662 - INFO - <Event(4-MouseMotion {'buttons': (0, 0, 0), 'pos': (123, 449), 'rel': (-3, 0), 'window': None})>
2019-11-20 21:53:35,356 - BDM-WAM 1574286813.723662 - INFO - <Event(4-MouseMotion {'buttons': (0, 0, 0), 'pos': (121, 449), 'rel': (-2, 0), 'window': None})>
2019-11-20 21:53:35,373 - BDM-WAM 1574286813.723662 - INFO - <Event(4-MouseMotion {'buttons': (0, 0, 0), 'pos': (119, 449), 'rel': (-2, 0), 'window': None})>
2019-11-20 21:53:35,424 - BDM-WAM 1574286813.723662 - INFO - <Event(4-MouseMotion {'buttons': (0, 0, 0), 'pos': (119, 447), 'rel': (0, -2), 'window': None})>
2019-11-20 21:53:35,441 - BDM-WAM 1574286813.723662 - INFO - <Event(4-MouseMotion {'buttons': (0, 0, 0), 'pos': (120, 445), 'rel': (1, -2), 'window': None})>
2019-11-20 21:53:35,457 - BDM-WAM 1574286813.723662 - INFO - <Event(4-MouseMotion {'buttons': (0, 0, 0), 'pos': (123, 444), 'rel': (3, -1), 'window': None})>
2019-11-20 21:53:35,474 - BDM-WAM 1574286813.723662 - INFO - <Event(4-MouseMotion {'buttons': (0, 0, 0), 'pos': (126, 441), 'rel': (3, -3), 'window': None})>
2019-11-20 21:53:35,491 - BDM-WAM 1574286813.723662 - INFO - <Event(4-MouseMotion {'buttons': (0, 0, 0), 'pos': (131, 437), 'rel': (5, -4), 'window': None})>
2019-11-20 21:53:35,508 - BDM-WAM 1574286813.723662 - INFO - <Event(4-MouseMotion {'buttons': (0, 0, 0), 'pos': (134, 435), 'rel': (3, -2), 'window': None})>
2019-11-20 21:53:35,525 - BDM-WAM 1574286813.723662 - INFO - <Event(4-MouseMotion {'buttons': (0, 0, 0), 'pos': (136, 433), 'rel': (2, -2), 'window': None})>
2019-11-20 21:53:35,542 - BDM-WAM 1574286813.723662 - INFO - <Event(4-MouseMotion {'buttons': (0, 0, 0), 'pos': (139, 430), 'rel': (3, -3), 'window': None})>
2019-11-20 21:53:35,559 - BDM-WAM 1574286813.723662 - INFO - <Event(4-MouseMotion {'buttons': (0, 0, 0), 'pos': (143, 429), 'rel': (4, -1), 'window': None})>
2019-11-20 21:53:35,575 - BDM-WAM 1574286813.723662 - INFO - <Event(4-MouseMotion {'buttons': (0, 0, 0), 'pos': (149, 425), 'rel': (6, -4), 'window': None})>
2019-11-20 21:53:35,592 - BDM-WAM 1574286813.723662 - INFO - <Event(4-MouseMotion {'buttons': (0, 0, 0), 'pos': (153, 423), 'rel': (4, -2), 'window': None})>
2019-11-20 21:53:35,609 - BDM-WAM 1574286813.723662 - INFO - <Event(4-MouseMotion {'buttons': (0, 0, 0), 'pos': (159, 422), 'rel': (6, -1), 'window': None})>
2019-11-20 21:53:35,626 - BDM-WAM 1574286813.723662 - INFO - <Event(4-MouseMotion {'buttons': (0, 0, 0), 'pos': (162, 421), 'rel': (3, -1), 'window': None})>
2019-11-20 21:53:35,644 - BDM-WAM 1574286813.723662 - INFO - <Event(4-MouseMotion {'buttons': (0, 0, 0), 'pos': (166, 421), 'rel': (4, 0), 'window': None})>
2019-11-20 21:53:35,660 - BDM-WAM 1574286813.723662 - INFO - <Event(4-MouseMotion {'buttons': (0, 0, 0), 'pos': (167, 421), 'rel': (1, 0), 'window': None})>
2019-11-20 21:53:35,762 - BDM-WAM 1574286813.723662 - INFO - <Event(5-MouseButtonDown {'pos': (167, 421), 'button': 1, 'window': None})>
2019-11-20 21:53:35,916 - BDM-WAM 1574286813.723662 - INFO - <Event(6-MouseButtonUp {'pos': (167, 421), 'button': 1, 'window': None})>
2019-11-20 21:53:36,215 - BDM-WAM 1574286813.723662 - INFO - <Event(4-MouseMotion {'buttons': (0, 0, 0), 'pos': (178, 417), 'rel': (11, -4), 'window': None})>
2019-11-20 21:53:36,233 - BDM-WAM 1574286813.723662 - INFO - <Event(4-MouseMotion {'buttons': (0, 0, 0), 'pos': (190, 414), 'rel': (12, -3), 'window': None})>
2019-11-20 21:53:36,251 - BDM-WAM 1574286813.723662 - INFO - <Event(4-MouseMotion {'buttons': (0, 0, 0), 'pos': (208, 412), 'rel': (18, -2), 'window': None})>
2019-11-20 21:53:36,266 - BDM-WAM 1574286813.723662 - INFO - <Event(4-MouseMotion {'buttons': (0, 0, 0), 'pos': (223, 413), 'rel': (15, 1), 'window': None})>
2019-11-20 21:53:36,283 - BDM-WAM 1574286813.723662 - INFO - <Event(4-MouseMotion {'buttons': (0, 0, 0), 'pos': (239, 413), 'rel': (16, 0), 'window': None})>
2019-11-20 21:53:36,300 - BDM-WAM 1574286813.723662 - INFO - <Event(4-MouseMotion {'buttons': (0, 0, 0), 'pos': (253, 416), 'rel': (14, 3), 'window': None})>
2019-11-20 21:53:36,317 - BDM-WAM 1574286813.723662 - INFO - <Event(4-MouseMotion {'buttons': (0, 0, 0), 'pos': (267, 418), 'rel': (14, 2), 'window': None})>
2019-11-20 21:53:36,334 - BDM-WAM 1574286813.723662 - INFO - <Event(4-MouseMotion {'buttons': (0, 0, 0), 'pos': (283, 421), 'rel': (16, 3), 'window': None})>
2019-11-20 21:53:36,350 - BDM-WAM 1574286813.723662 - INFO - <Event(4-MouseMotion {'buttons': (0, 0, 0), 'pos': (310, 429), 'rel': (27, 8), 'window': None})>
2019-11-20 21:53:36,367 - BDM-WAM 1574286813.723662 - INFO - <Event(4-MouseMotion {'buttons': (0, 0, 0), 'pos': (327, 434), 'rel': (17, 5), 'window': None})>
2019-11-20 21:53:36,384 - BDM-WAM 1574286813.723662 - INFO - <Event(4-MouseMotion {'buttons': (0, 0, 0), 'pos': (340, 438), 'rel': (13, 4), 'window': None})>
2019-11-20 21:53:36,401 - BDM-WAM 1574286813.723662 - INFO - <Event(4-MouseMotion {'buttons': (0, 0, 0), 'pos': (351, 441), 'rel': (11, 3), 'window': None})>
2019-11-20 21:53:36,418 - BDM-WAM 1574286813.723662 - INFO - <Event(4-MouseMotion {'buttons': (0, 0, 0), 'pos': (362, 444), 'rel': (11, 3), 'window': None})>
2019-11-20 21:53:36,435 - BDM-WAM 1574286813.723662 - INFO - <Event(4-MouseMotion {'buttons': (0, 0, 0), 'pos': (373, 448), 'rel': (11, 4), 'window': None})>
2019-11-20 21:53:36,452 - BDM-WAM 1574286813.723662 - INFO - <Event(4-MouseMotion {'buttons': (0, 0, 0), 'pos': (379, 450), 'rel': (6, 2), 'window': None})>
2019-11-20 21:53:36,470 - BDM-WAM 1574286813.723662 - INFO - <Event(4-MouseMotion {'buttons': (0, 0, 0), 'pos': (385, 453), 'rel': (6, 3), 'window': None})>
2019-11-20 21:53:36,486 - BDM-WAM 1574286813.723662 - INFO - <Event(4-MouseMotion {'buttons': (0, 0, 0), 'pos': (387, 454), 'rel': (2, 1), 'window': None})>
2019-11-20 21:53:37,267 - BDM-WAM 1574286813.723662 - INFO - <Event(5-MouseButtonDown {'pos': (662, 407), 'button': 1, 'window': None})>
2019-11-20 21:53:37,268 - BDM-WAM 1574286813.723662 - INFO - <Event(8-Pause {'reason': <bound method GameManager.pause of <game.GameManager object at 0x000002036571AEF0>> })>
2019-11-20 21:53:38,056 - BDM-WAM 1574286813.723662 - INFO - ************* HAPPY ANALYSING... LOG COMPLETE!!! ************* 
