2020-01-21 20:38:07,254 - BDM-WAM 1579639087.1336148 - INFO - <Event(1-ActiveEvent {'gain': 0, 'state': 2})>
2020-01-21 20:38:26,513 - BDM-WAM 1579639087.1336148 - INFO - <Event(17-VideoExpose {})>
2020-01-21 20:38:26,513 - BDM-WAM 1579639087.1336148 - INFO - <Event(4-MouseMotion {'pos': (502, 584), 'rel': (45, -115), 'buttons': (0, 0, 0), 'window': None})>
2020-01-21 20:38:26,544 - BDM-WAM 1579639087.1336148 - INFO - <Event(10-MoleUp) {'loc': (95,43)})>
2020-01-21 20:38:26,702 - BDM-WAM 1579639087.1336148 - INFO - <Event(3-KeyUp {'key': 99, 'mod': 0, 'scancode': 46, 'window': None})>
2020-01-21 20:38:26,709 - BDM-WAM 1579639087.1336148 - INFO - <Event(4-MouseMotion {'pos': (705, 318), 'rel': (73, -81), 'buttons': (0, 0, 0), 'window': None})>
2020-01-21 20:38:26,714 - BDM-WAM 1579639087.1336148 - INFO - <Event(4-MouseMotion {'pos': (764, 203), 'rel': (59, -115), 'buttons': (0, 0, 0), 'window': None})>
2020-01-21 20:38:26,726 - BDM-WAM 1579639087.1336148 - INFO - <Event(4-MouseMotion {'pos': (795, 90), 'rel': (31, -113), 'buttons': (0, 0, 0), 'window': None})>
2020-01-21 20:38:26,742 - BDM-WAM 1579639087.1336148 - INFO - <Event(4-MouseMotion {'pos': (818, 26), 'rel': (23, -64), 'buttons': (0, 0, 0), 'window': None})>
2020-01-21 20:38:26,798 - BDM-WAM 1579639087.1336148 - INFO - <Event(4-MouseMotion {'pos': (879, 0), 'rel': (61, -26), 'buttons': (0, 0, 0), 'window': None})>
2020-01-21 20:38:26,802 - BDM-WAM 1579639087.1336148 - INFO - <Event(1-ActiveEvent {'gain': 0, 'state': 1})>
2020-01-21 20:38:26,996 - BDM-WAM 1579639087.1336148 - INFO - <Event(1-ActiveEvent {'gain': 1, 'state': 1})>
2020-01-21 20:38:26,996 - BDM-WAM 1579639087.1336148 - INFO - <Event(4-MouseMotion {'pos': (675, 89), 'rel': (-204, 89), 'buttons': (0, 0, 0), 'window': None})>
2020-01-21 20:38:27,013 - BDM-WAM 1579639087.1336148 - INFO - <Event(4-MouseMotion {'pos': (519, 264), 'rel': (-156, 175), 'buttons': (0, 0, 0), 'window': None})>
2020-01-21 20:38:27,026 - BDM-WAM 1579639087.1336148 - INFO - <Event(4-MouseMotion {'pos': (401, 382), 'rel': (-118, 118), 'buttons': (0, 0, 0), 'window': None})>
2020-01-21 20:38:27,042 - BDM-WAM 1579639087.1336148 - INFO - <Event(4-MouseMotion {'pos': (267, 517), 'rel': (-134, 135), 'buttons': (0, 0, 0), 'window': None})>
2020-01-21 20:38:27,059 - BDM-WAM 1579639087.1336148 - INFO - <Event(4-MouseMotion {'pos': (160, 642), 'rel': (-107, 125), 'buttons': (0, 0, 0), 'window': None})>
2020-01-21 20:38:27,076 - BDM-WAM 1579639087.1336148 - INFO - <Event(4-MouseMotion {'pos': (109, 699), 'rel': (-51, 57), 'buttons': (0, 0, 0), 'window': None})>
2020-01-21 20:38:27,091 - BDM-WAM 1579639087.1336148 - INFO - <Event(4-MouseMotion {'pos': (99, 699), 'rel': (-10, 0), 'buttons': (0, 0, 0), 'window': None})>
2020-01-21 20:38:27,108 - BDM-WAM 1579639087.1336148 - INFO - <Event(1-ActiveEvent {'gain': 0, 'state': 1})>
2020-01-21 20:38:27,241 - BDM-WAM 1579639087.1336148 - INFO - <Event(1-ActiveEvent {'gain': 1, 'state': 1})>
2020-01-21 20:38:27,241 - BDM-WAM 1579639087.1336148 - INFO - <Event(4-MouseMotion {'pos': (92, 636), 'rel': (-7, -63), 'buttons': (0, 0, 0), 'window': None})>
2020-01-21 20:38:27,262 - BDM-WAM 1579639087.1336148 - INFO - <Event(4-MouseMotion {'pos': (91, 609), 'rel': (-1, -27), 'buttons': (0, 0, 0), 'window': None})>
2020-01-21 20:38:27,274 - BDM-WAM 1579639087.1336148 - INFO - <Event(4-MouseMotion {'pos': (91, 605), 'rel': (0, -4), 'buttons': (0, 0, 0), 'window': None})>
2020-01-21 20:38:27,294 - BDM-WAM 1579639087.1336148 - INFO - <Event(4-MouseMotion {'pos': (91, 599), 'rel': (0, -6), 'buttons': (0, 0, 0), 'window': None})>
2020-01-21 20:38:27,309 - BDM-WAM 1579639087.1336148 - INFO - <Event(4-MouseMotion {'pos': (91, 590), 'rel': (0, -9), 'buttons': (0, 0, 0), 'window': None})>
2020-01-21 20:38:27,324 - BDM-WAM 1579639087.1336148 - INFO - <Event(4-MouseMotion {'pos': (92, 578), 'rel': (1, -12), 'buttons': (0, 0, 0), 'window': None})>
2020-01-21 20:38:27,341 - BDM-WAM 1579639087.1336148 - INFO - <Event(4-MouseMotion {'pos': (99, 560), 'rel': (7, -18), 'buttons': (0, 0, 0), 'window': None})>
2020-01-21 20:38:27,358 - BDM-WAM 1579639087.1336148 - INFO - <Event(4-MouseMotion {'pos': (104, 548), 'rel': (5, -12), 'buttons': (0, 0, 0), 'window': None})>
2020-01-21 20:38:27,374 - BDM-WAM 1579639087.1336148 - INFO - <Event(4-MouseMotion {'pos': (121, 513), 'rel': (17, -35), 'buttons': (0, 0, 0), 'window': None})>
2020-01-21 20:38:27,390 - BDM-WAM 1579639087.1336148 - INFO - <Event(4-MouseMotion {'pos': (148, 470), 'rel': (27, -43), 'buttons': (0, 0, 0), 'window': None})>
2020-01-21 20:38:27,412 - BDM-WAM 1579639087.1336148 - INFO - <Event(4-MouseMotion {'pos': (183, 415), 'rel': (35, -55), 'buttons': (0, 0, 0), 'window': None})>
2020-01-21 20:38:27,424 - BDM-WAM 1579639087.1336148 - INFO - <Event(4-MouseMotion {'pos': (199, 385), 'rel': (16, -30), 'buttons': (0, 0, 0), 'window': None})>
2020-01-21 20:38:27,441 - BDM-WAM 1579639087.1336148 - INFO - <Event(4-MouseMotion {'pos': (215, 350), 'rel': (16, -35), 'buttons': (0, 0, 0), 'window': None})>
2020-01-21 20:38:27,457 - BDM-WAM 1579639087.1336148 - INFO - <Event(4-MouseMotion {'pos': (221, 324), 'rel': (6, -26), 'buttons': (0, 0, 0), 'window': None})>
2020-01-21 20:38:27,474 - BDM-WAM 1579639087.1336148 - INFO - <Event(4-MouseMotion {'pos': (221, 299), 'rel': (0, -25), 'buttons': (0, 0, 0), 'window': None})>
2020-01-21 20:38:27,492 - BDM-WAM 1579639087.1336148 - INFO - <Event(4-MouseMotion {'pos': (218, 273), 'rel': (-3, -26), 'buttons': (0, 0, 0), 'window': None})>
2020-01-21 20:38:27,507 - BDM-WAM 1579639087.1336148 - INFO - <Event(4-MouseMotion {'pos': (213, 251), 'rel': (-5, -22), 'buttons': (0, 0, 0), 'window': None})>
2020-01-21 20:38:27,523 - BDM-WAM 1579639087.1336148 - INFO - <Event(4-MouseMotion {'pos': (211, 241), 'rel': (-2, -10), 'buttons': (0, 0, 0), 'window': None})>
2020-01-21 20:38:27,542 - BDM-WAM 1579639087.1336148 - INFO - <Event(4-MouseMotion {'pos': (207, 232), 'rel': (-4, -9), 'buttons': (0, 0, 0), 'window': None})>
2020-01-21 20:38:27,555 - BDM-WAM 1579639087.1336148 - INFO - <Event(4-MouseMotion {'pos': (206, 227), 'rel': (-1, -5), 'buttons': (0, 0, 0), 'window': None})>
2020-01-21 20:38:27,572 - BDM-WAM 1579639087.1336148 - INFO - <Event(4-MouseMotion {'pos': (205, 224), 'rel': (-1, -3), 'buttons': (0, 0, 0), 'window': None})>
2020-01-21 20:38:27,591 - BDM-WAM 1579639087.1336148 - INFO - <Event(4-MouseMotion {'pos': (204, 219), 'rel': (-1, -5), 'buttons': (0, 0, 0), 'window': None})>
2020-01-21 20:38:27,605 - BDM-WAM 1579639087.1336148 - INFO - <Event(4-MouseMotion {'pos': (201, 211), 'rel': (-3, -8), 'buttons': (0, 0, 0), 'window': None})>
2020-01-21 20:38:27,622 - BDM-WAM 1579639087.1336148 - INFO - <Event(4-MouseMotion {'pos': (200, 203), 'rel': (-1, -8), 'buttons': (0, 0, 0), 'window': None})>
2020-01-21 20:38:27,639 - BDM-WAM 1579639087.1336148 - INFO - <Event(4-MouseMotion {'pos': (200, 198), 'rel': (0, -5), 'buttons': (0, 0, 0), 'window': None})>
2020-01-21 20:38:27,655 - BDM-WAM 1579639087.1336148 - INFO - <Event(4-MouseMotion {'pos': (200, 195), 'rel': (0, -3), 'buttons': (0, 0, 0), 'window': None})>
2020-01-21 20:38:27,671 - BDM-WAM 1579639087.1336148 - INFO - <Event(4-MouseMotion {'pos': (200, 191), 'rel': (0, -4), 'buttons': (0, 0, 0), 'window': None})>
2020-01-21 20:38:27,689 - BDM-WAM 1579639087.1336148 - INFO - <Event(4-MouseMotion {'pos': (198, 183), 'rel': (-2, -8), 'buttons': (0, 0, 0), 'window': None})>
2020-01-21 20:38:27,705 - BDM-WAM 1579639087.1336148 - INFO - <Event(4-MouseMotion {'pos': (192, 169), 'rel': (-6, -14), 'buttons': (0, 0, 0), 'window': None})>
2020-01-21 20:38:27,722 - BDM-WAM 1579639087.1336148 - INFO - <Event(4-MouseMotion {'pos': (183, 153), 'rel': (-9, -16), 'buttons': (0, 0, 0), 'window': None})>
2020-01-21 20:38:27,739 - BDM-WAM 1579639087.1336148 - INFO - <Event(4-MouseMotion {'pos': (176, 144), 'rel': (-7, -9), 'buttons': (0, 0, 0), 'window': None})>
2020-01-21 20:38:27,756 - BDM-WAM 1579639087.1336148 - INFO - <Event(4-MouseMotion {'pos': (173, 140), 'rel': (-3, -4), 'buttons': (0, 0, 0), 'window': None})>
2020-01-21 20:38:27,804 - BDM-WAM 1579639087.1336148 - INFO - <Event(4-MouseMotion {'pos': (159, 123), 'rel': (-14, -17), 'buttons': (0, 0, 0), 'window': None})>
2020-01-21 20:38:27,824 - BDM-WAM 1579639087.1336148 - INFO - <Event(4-MouseMotion {'pos': (152, 108), 'rel': (-7, -15), 'buttons': (0, 0, 0), 'window': None})>
2020-01-21 20:38:27,839 - BDM-WAM 1579639087.1336148 - INFO - <Event(4-MouseMotion {'pos': (148, 97), 'rel': (-4, -11), 'buttons': (0, 0, 0), 'window': None})>
2020-01-21 20:38:27,855 - BDM-WAM 1579639087.1336148 - INFO - <Event(4-MouseMotion {'pos': (146, 91), 'rel': (-2, -6), 'buttons': (0, 0, 0), 'window': None})>
2020-01-21 20:38:27,872 - BDM-WAM 1579639087.1336148 - INFO - <Event(4-MouseMotion {'pos': (145, 87), 'rel': (-1, -4), 'buttons': (0, 0, 0), 'window': None})>
2020-01-21 20:38:27,952 - BDM-WAM 1579639087.1336148 - INFO - <Event(5-MouseButtonDown {'pos': (145, 87), 'button': 1, 'window': None})>
2020-01-21 20:38:27,952 - BDM-WAM 1579639087.1336148 - INFO - <Event(8-Pause {'reason': hit_conf })>
2020-01-21 20:38:28,608 - BDM-WAM 1579639087.1336148 - INFO - <Event(7-Rate {'hit_conf': 2 })>
2020-01-21 20:38:28,783 - BDM-WAM 1579639087.1336148 - INFO - <Event(7-Rate {'reward_conf': 2 })>
2020-01-21 20:38:28,934 - BDM-WAM 1579639087.1336148 - INFO - <Event(7-Rate {'player_skill': 2 })>
2020-01-21 20:38:28,934 - BDM-WAM 1579639087.1336148 - INFO - <Event(9.1-TrueHit {'pos': (145,87),'distance: 66.60330322138685,'relative_loc: (50, 44),'window': None})>
2020-01-21 20:38:28,969 - BDM-WAM 1579639087.1336148 - INFO - <Event(4-MouseMotion {'pos': (258, 217), 'rel': (8, 11), 'buttons': (0, 0, 0), 'window': None})>
2020-01-21 20:38:28,998 - BDM-WAM 1579639087.1336148 - INFO - <Event(10-MoleUp) {'loc': (658,232)})>
2020-01-21 20:38:29,000 - BDM-WAM 1579639087.1336148 - INFO - <Event(4-MouseMotion {'pos': (260, 219), 'rel': (2, 2), 'buttons': (0, 0, 0), 'window': None})>
2020-01-21 20:38:29,015 - BDM-WAM 1579639087.1336148 - INFO - <Event(4-MouseMotion {'pos': (265, 222), 'rel': (5, 3), 'buttons': (0, 0, 0), 'window': None})>
2020-01-21 20:38:29,032 - BDM-WAM 1579639087.1336148 - INFO - <Event(4-MouseMotion {'pos': (269, 224), 'rel': (4, 2), 'buttons': (0, 0, 0), 'window': None})>
2020-01-21 20:38:29,056 - BDM-WAM 1579639087.1336148 - INFO - <Event(3-KeyUp {'key': 50, 'mod': 0, 'scancode': 3, 'window': None})>
2020-01-21 20:38:29,056 - BDM-WAM 1579639087.1336148 - INFO - <Event(4-MouseMotion {'pos': (293, 233), 'rel': (24, 9), 'buttons': (0, 0, 0), 'window': None})>
2020-01-21 20:38:29,068 - BDM-WAM 1579639087.1336148 - INFO - <Event(4-MouseMotion {'pos': (297, 235), 'rel': (4, 2), 'buttons': (0, 0, 0), 'window': None})>
2020-01-21 20:38:29,090 - BDM-WAM 1579639087.1336148 - INFO - <Event(4-MouseMotion {'pos': (306, 237), 'rel': (9, 2), 'buttons': (0, 0, 0), 'window': None})>
2020-01-21 20:38:29,106 - BDM-WAM 1579639087.1336148 - INFO - <Event(4-MouseMotion {'pos': (317, 240), 'rel': (11, 3), 'buttons': (0, 0, 0), 'window': None})>
2020-01-21 20:38:29,118 - BDM-WAM 1579639087.1336148 - INFO - <Event(4-MouseMotion {'pos': (323, 242), 'rel': (6, 2), 'buttons': (0, 0, 0), 'window': None})>
2020-01-21 20:38:29,138 - BDM-WAM 1579639087.1336148 - INFO - <Event(4-MouseMotion {'pos': (329, 243), 'rel': (6, 1), 'buttons': (0, 0, 0), 'window': None})>
2020-01-21 20:38:29,160 - BDM-WAM 1579639087.1336148 - INFO - <Event(4-MouseMotion {'pos': (336, 244), 'rel': (7, 1), 'buttons': (0, 0, 0), 'window': None})>
2020-01-21 20:38:29,170 - BDM-WAM 1579639087.1336148 - INFO - <Event(4-MouseMotion {'pos': (337, 244), 'rel': (1, 0), 'buttons': (0, 0, 0), 'window': None})>
2020-01-21 20:38:29,187 - BDM-WAM 1579639087.1336148 - INFO - <Event(4-MouseMotion {'pos': (338, 244), 'rel': (1, 0), 'buttons': (0, 0, 0), 'window': None})>
2020-01-21 20:38:29,219 - BDM-WAM 1579639087.1336148 - INFO - <Event(4-MouseMotion {'pos': (341, 244), 'rel': (3, 0), 'buttons': (0, 0, 0), 'window': None})>
2020-01-21 20:38:29,237 - BDM-WAM 1579639087.1336148 - INFO - <Event(4-MouseMotion {'pos': (346, 244), 'rel': (5, 0), 'buttons': (0, 0, 0), 'window': None})>
2020-01-21 20:38:29,251 - BDM-WAM 1579639087.1336148 - INFO - <Event(4-MouseMotion {'pos': (394, 244), 'rel': (48, 0), 'buttons': (0, 0, 0), 'window': None})>
2020-01-21 20:38:29,271 - BDM-WAM 1579639087.1336148 - INFO - <Event(4-MouseMotion {'pos': (430, 243), 'rel': (36, -1), 'buttons': (0, 0, 0), 'window': None})>
2020-01-21 20:38:29,287 - BDM-WAM 1579639087.1336148 - INFO - <Event(4-MouseMotion {'pos': (432, 243), 'rel': (2, 0), 'buttons': (0, 0, 0), 'window': None})>
2020-01-21 20:38:29,301 - BDM-WAM 1579639087.1336148 - INFO - <Event(4-MouseMotion {'pos': (433, 243), 'rel': (1, 0), 'buttons': (0, 0, 0), 'window': None})>
2020-01-21 20:38:29,333 - BDM-WAM 1579639087.1336148 - INFO - <Event(4-MouseMotion {'pos': (455, 236), 'rel': (22, -7), 'buttons': (0, 0, 0), 'window': None})>
2020-01-21 20:38:29,349 - BDM-WAM 1579639087.1336148 - INFO - <Event(4-MouseMotion {'pos': (716, 193), 'rel': (261, -43), 'buttons': (0, 0, 0), 'window': None})>
2020-01-21 20:38:29,367 - BDM-WAM 1579639087.1336148 - INFO - <Event(4-MouseMotion {'pos': (946, 149), 'rel': (230, -44), 'buttons': (0, 0, 0), 'window': None})>
2020-01-21 20:38:29,383 - BDM-WAM 1579639087.1336148 - INFO - <Event(4-MouseMotion {'pos': (1179, 103), 'rel': (233, -46), 'buttons': (0, 0, 0), 'window': None})>
2020-01-21 20:38:29,405 - BDM-WAM 1579639087.1336148 - INFO - <Event(4-MouseMotion {'pos': (1351, 70), 'rel': (172, -33), 'buttons': (0, 0, 0), 'window': None})>
2020-01-21 20:38:29,420 - BDM-WAM 1579639087.1336148 - INFO - <Event(4-MouseMotion {'pos': (1384, 60), 'rel': (33, -10), 'buttons': (0, 0, 0), 'window': None})>
2020-01-21 20:38:29,433 - BDM-WAM 1579639087.1336148 - INFO - <Event(4-MouseMotion {'pos': (1386, 60), 'rel': (2, 0), 'buttons': (0, 0, 0), 'window': None})>
2020-01-21 20:38:29,613 - BDM-WAM 1579639087.1336148 - INFO - <Event(4-MouseMotion {'pos': (1364, 70), 'rel': (-22, 10), 'buttons': (0, 0, 0), 'window': None})>
2020-01-21 20:38:29,615 - BDM-WAM 1579639087.1336148 - INFO - <Event(4-MouseMotion {'pos': (1357, 72), 'rel': (-7, 2), 'buttons': (0, 0, 0), 'window': None})>
2020-01-21 20:38:29,631 - BDM-WAM 1579639087.1336148 - INFO - <Event(4-MouseMotion {'pos': (1285, 94), 'rel': (-72, 22), 'buttons': (0, 0, 0), 'window': None})>
2020-01-21 20:38:29,647 - BDM-WAM 1579639087.1336148 - INFO - <Event(4-MouseMotion {'pos': (1207, 112), 'rel': (-78, 18), 'buttons': (0, 0, 0), 'window': None})>
2020-01-21 20:38:29,701 - BDM-WAM 1579639087.1336148 - INFO - <Event(4-MouseMotion {'pos': (966, 174), 'rel': (-241, 62), 'buttons': (0, 0, 0), 'window': None})>
2020-01-21 20:38:29,704 - BDM-WAM 1579639087.1336148 - INFO - <Event(4-MouseMotion {'pos': (959, 176), 'rel': (-7, 2), 'buttons': (0, 0, 0), 'window': None})>
2020-01-21 20:38:29,721 - BDM-WAM 1579639087.1336148 - INFO - <Event(4-MouseMotion {'pos': (890, 197), 'rel': (-69, 21), 'buttons': (0, 0, 0), 'window': None})>
2020-01-21 20:38:29,738 - BDM-WAM 1579639087.1336148 - INFO - <Event(4-MouseMotion {'pos': (845, 214), 'rel': (-45, 17), 'buttons': (0, 0, 0), 'window': None})>
2020-01-21 20:38:29,754 - BDM-WAM 1579639087.1336148 - INFO - <Event(4-MouseMotion {'pos': (817, 224), 'rel': (-28, 10), 'buttons': (0, 0, 0), 'window': None})>
2020-01-21 20:38:29,771 - BDM-WAM 1579639087.1336148 - INFO - <Event(4-MouseMotion {'pos': (803, 229), 'rel': (-14, 5), 'buttons': (0, 0, 0), 'window': None})>
2020-01-21 20:38:29,788 - BDM-WAM 1579639087.1336148 - INFO - <Event(4-MouseMotion {'pos': (792, 233), 'rel': (-11, 4), 'buttons': (0, 0, 0), 'window': None})>
2020-01-21 20:38:29,805 - BDM-WAM 1579639087.1336148 - INFO - <Event(4-MouseMotion {'pos': (786, 236), 'rel': (-6, 3), 'buttons': (0, 0, 0), 'window': None})>
2020-01-21 20:38:29,821 - BDM-WAM 1579639087.1336148 - INFO - <Event(4-MouseMotion {'pos': (786, 237), 'rel': (0, 1), 'buttons': (0, 0, 0), 'window': None})>
2020-01-21 20:38:29,957 - BDM-WAM 1579639087.1336148 - INFO - <Event(4-MouseMotion {'pos': (799, 234), 'rel': (13, -3), 'buttons': (0, 0, 0), 'window': None})>
2020-01-21 20:38:29,973 - BDM-WAM 1579639087.1336148 - INFO - <Event(4-MouseMotion {'pos': (829, 225), 'rel': (30, -9), 'buttons': (0, 0, 0), 'window': None})>
2020-01-21 20:38:29,990 - BDM-WAM 1579639087.1336148 - INFO - <Event(4-MouseMotion {'pos': (832, 224), 'rel': (3, -1), 'buttons': (0, 0, 0), 'window': None})>
2020-01-21 20:38:30,027 - BDM-WAM 1579639087.1336148 - INFO - <Event(4-MouseMotion {'pos': (836, 223), 'rel': (4, -1), 'buttons': (0, 0, 0), 'window': None})>
2020-01-21 20:38:30,041 - BDM-WAM 1579639087.1336148 - INFO - <Event(4-MouseMotion {'pos': (850, 219), 'rel': (14, -4), 'buttons': (0, 0, 0), 'window': None})>
2020-01-21 20:38:30,057 - BDM-WAM 1579639087.1336148 - INFO - <Event(4-MouseMotion {'pos': (859, 217), 'rel': (9, -2), 'buttons': (0, 0, 0), 'window': None})>
2020-01-21 20:38:30,241 - BDM-WAM 1579639087.1336148 - INFO - <Event(4-MouseMotion {'pos': (850, 225), 'rel': (-9, 8), 'buttons': (0, 0, 0), 'window': None})>
2020-01-21 20:38:30,260 - BDM-WAM 1579639087.1336148 - INFO - <Event(4-MouseMotion {'pos': (832, 237), 'rel': (-18, 12), 'buttons': (0, 0, 0), 'window': None})>
2020-01-21 20:38:30,276 - BDM-WAM 1579639087.1336148 - INFO - <Event(4-MouseMotion {'pos': (829, 240), 'rel': (-3, 3), 'buttons': (0, 0, 0), 'window': None})>
2020-01-21 20:38:30,292 - BDM-WAM 1579639087.1336148 - INFO - <Event(4-MouseMotion {'pos': (828, 242), 'rel': (-1, 2), 'buttons': (0, 0, 0), 'window': None})>
2020-01-21 20:38:30,308 - BDM-WAM 1579639087.1336148 - INFO - <Event(4-MouseMotion {'pos': (827, 244), 'rel': (-1, 2), 'buttons': (0, 0, 0), 'window': None})>
2020-01-21 20:38:30,427 - BDM-WAM 1579639087.1336148 - INFO - <Event(4-MouseMotion {'pos': (827, 245), 'rel': (0, 1), 'buttons': (0, 0, 0), 'window': None})>
2020-01-21 20:38:30,444 - BDM-WAM 1579639087.1336148 - INFO - <Event(4-MouseMotion {'pos': (827, 248), 'rel': (0, 3), 'buttons': (0, 0, 0), 'window': None})>
2020-01-21 20:38:30,462 - BDM-WAM 1579639087.1336148 - INFO - <Event(4-MouseMotion {'pos': (816, 252), 'rel': (-11, 4), 'buttons': (0, 0, 0), 'window': None})>
2020-01-21 20:38:30,478 - BDM-WAM 1579639087.1336148 - INFO - <Event(4-MouseMotion {'pos': (796, 256), 'rel': (-20, 4), 'buttons': (0, 0, 0), 'window': None})>
2020-01-21 20:38:30,495 - BDM-WAM 1579639087.1336148 - INFO - <Event(4-MouseMotion {'pos': (750, 268), 'rel': (-46, 12), 'buttons': (0, 0, 0), 'window': None})>
2020-01-21 20:38:30,513 - BDM-WAM 1579639087.1336148 - INFO - <Event(4-MouseMotion {'pos': (699, 290), 'rel': (-51, 22), 'buttons': (0, 0, 0), 'window': None})>
2020-01-21 20:38:30,528 - BDM-WAM 1579639087.1336148 - INFO - <Event(4-MouseMotion {'pos': (684, 300), 'rel': (-15, 10), 'buttons': (0, 0, 0), 'window': None})>
2020-01-21 20:38:30,545 - BDM-WAM 1579639087.1336148 - INFO - <Event(4-MouseMotion {'pos': (682, 302), 'rel': (-2, 2), 'buttons': (0, 0, 0), 'window': None})>
2020-01-21 20:38:30,561 - BDM-WAM 1579639087.1336148 - INFO - <Event(4-MouseMotion {'pos': (682, 303), 'rel': (0, 1), 'buttons': (0, 0, 0), 'window': None})>
2020-01-21 20:38:30,578 - BDM-WAM 1579639087.1336148 - INFO - <Event(4-MouseMotion {'pos': (682, 304), 'rel': (0, 1), 'buttons': (0, 0, 0), 'window': None})>
2020-01-21 20:38:30,960 - BDM-WAM 1579639087.1336148 - INFO - <Event(10-MoleUp) {'loc': (95,43)})>
2020-01-21 20:38:31,143 - BDM-WAM 1579639087.1336148 - INFO - <Event(4-MouseMotion {'pos': (635, 315), 'rel': (-47, 11), 'buttons': (0, 0, 0), 'window': None})>
2020-01-21 20:38:31,177 - BDM-WAM 1579639087.1336148 - INFO - <Event(4-MouseMotion {'pos': (575, 335), 'rel': (-60, 20), 'buttons': (0, 0, 0), 'window': None})>
2020-01-21 20:38:31,178 - BDM-WAM 1579639087.1336148 - INFO - <Event(4-MouseMotion {'pos': (573, 336), 'rel': (-2, 1), 'buttons': (0, 0, 0), 'window': None})>
2020-01-21 20:38:31,200 - BDM-WAM 1579639087.1336148 - INFO - <Event(4-MouseMotion {'pos': (558, 342), 'rel': (-15, 6), 'buttons': (0, 0, 0), 'window': None})>
2020-01-21 20:38:31,211 - BDM-WAM 1579639087.1336148 - INFO - <Event(4-MouseMotion {'pos': (557, 343), 'rel': (-1, 1), 'buttons': (0, 0, 0), 'window': None})>
2020-01-21 20:38:31,279 - BDM-WAM 1579639087.1336148 - INFO - <Event(4-MouseMotion {'pos': (555, 344), 'rel': (-2, 1), 'buttons': (0, 0, 0), 'window': None})>
2020-01-21 20:38:31,295 - BDM-WAM 1579639087.1336148 - INFO - <Event(4-MouseMotion {'pos': (543, 349), 'rel': (-12, 5), 'buttons': (0, 0, 0), 'window': None})>
2020-01-21 20:38:31,312 - BDM-WAM 1579639087.1336148 - INFO - <Event(4-MouseMotion {'pos': (527, 355), 'rel': (-16, 6), 'buttons': (0, 0, 0), 'window': None})>
2020-01-21 20:38:31,329 - BDM-WAM 1579639087.1336148 - INFO - <Event(4-MouseMotion {'pos': (522, 358), 'rel': (-5, 3), 'buttons': (0, 0, 0), 'window': None})>
2020-01-21 20:38:31,346 - BDM-WAM 1579639087.1336148 - INFO - <Event(4-MouseMotion {'pos': (522, 359), 'rel': (0, 1), 'buttons': (0, 0, 0), 'window': None})>
2020-01-21 20:38:31,362 - BDM-WAM 1579639087.1336148 - INFO - <Event(4-MouseMotion {'pos': (518, 359), 'rel': (-4, 0), 'buttons': (0, 0, 0), 'window': None})>
2020-01-21 20:38:31,381 - BDM-WAM 1579639087.1336148 - INFO - <Event(4-MouseMotion {'pos': (511, 361), 'rel': (-7, 2), 'buttons': (0, 0, 0), 'window': None})>
2020-01-21 20:38:31,395 - BDM-WAM 1579639087.1336148 - INFO - <Event(4-MouseMotion {'pos': (508, 362), 'rel': (-3, 1), 'buttons': (0, 0, 0), 'window': None})>
2020-01-21 20:38:31,440 - BDM-WAM 1579639087.1336148 - INFO - <Event(4-MouseMotion {'pos': (501, 363), 'rel': (-7, 1), 'buttons': (0, 0, 0), 'window': None})>
2020-01-21 20:38:31,509 - BDM-WAM 1579639087.1336148 - INFO - <Event(4-MouseMotion {'pos': (494, 363), 'rel': (-7, 0), 'buttons': (0, 0, 0), 'window': None})>
2020-01-21 20:38:31,558 - BDM-WAM 1579639087.1336148 - INFO - <Event(4-MouseMotion {'pos': (471, 364), 'rel': (-23, 1), 'buttons': (0, 0, 0), 'window': None})>
2020-01-21 20:38:31,562 - BDM-WAM 1579639087.1336148 - INFO - <Event(4-MouseMotion {'pos': (469, 365), 'rel': (-2, 1), 'buttons': (0, 0, 0), 'window': None})>
2020-01-21 20:38:31,577 - BDM-WAM 1579639087.1336148 - INFO - <Event(4-MouseMotion {'pos': (466, 365), 'rel': (-3, 0), 'buttons': (0, 0, 0), 'window': None})>
2020-01-21 20:38:31,610 - BDM-WAM 1579639087.1336148 - INFO - <Event(4-MouseMotion {'pos': (466, 366), 'rel': (0, 1), 'buttons': (0, 0, 0), 'window': None})>
2020-01-21 20:38:31,626 - BDM-WAM 1579639087.1336148 - INFO - <Event(4-MouseMotion {'pos': (465, 366), 'rel': (-1, 0), 'buttons': (0, 0, 0), 'window': None})>
2020-01-21 20:38:31,673 - BDM-WAM 1579639087.1336148 - INFO - <Event(4-MouseMotion {'pos': (450, 367), 'rel': (-15, 1), 'buttons': (0, 0, 0), 'window': None})>
2020-01-21 20:38:31,694 - BDM-WAM 1579639087.1336148 - INFO - <Event(4-MouseMotion {'pos': (441, 366), 'rel': (-9, -1), 'buttons': (0, 0, 0), 'window': None})>
2020-01-21 20:38:31,707 - BDM-WAM 1579639087.1336148 - INFO - <Event(4-MouseMotion {'pos': (436, 364), 'rel': (-5, -2), 'buttons': (0, 0, 0), 'window': None})>
2020-01-21 20:38:31,724 - BDM-WAM 1579639087.1336148 - INFO - <Event(4-MouseMotion {'pos': (432, 362), 'rel': (-4, -2), 'buttons': (0, 0, 0), 'window': None})>
2020-01-21 20:38:31,752 - BDM-WAM 1579639087.1336148 - INFO - <Event(4-MouseMotion {'pos': (412, 348), 'rel': (-20, -14), 'buttons': (0, 0, 0), 'window': None})>
2020-01-21 20:38:31,758 - BDM-WAM 1579639087.1336148 - INFO - <Event(4-MouseMotion {'pos': (409, 345), 'rel': (-3, -3), 'buttons': (0, 0, 0), 'window': None})>
2020-01-21 20:38:31,773 - BDM-WAM 1579639087.1336148 - INFO - <Event(4-MouseMotion {'pos': (400, 334), 'rel': (-9, -11), 'buttons': (0, 0, 0), 'window': None})>
2020-01-21 20:38:31,794 - BDM-WAM 1579639087.1336148 - INFO - <Event(4-MouseMotion {'pos': (369, 290), 'rel': (-31, -44), 'buttons': (0, 0, 0), 'window': None})>
2020-01-21 20:38:31,806 - BDM-WAM 1579639087.1336148 - INFO - <Event(4-MouseMotion {'pos': (363, 281), 'rel': (-6, -9), 'buttons': (0, 0, 0), 'window': None})>
2020-01-21 20:38:31,823 - BDM-WAM 1579639087.1336148 - INFO - <Event(4-MouseMotion {'pos': (361, 276), 'rel': (-2, -5), 'buttons': (0, 0, 0), 'window': None})>
2020-01-21 20:38:31,842 - BDM-WAM 1579639087.1336148 - INFO - <Event(4-MouseMotion {'pos': (361, 275), 'rel': (0, -1), 'buttons': (0, 0, 0), 'window': None})>
2020-01-21 20:38:31,856 - BDM-WAM 1579639087.1336148 - INFO - <Event(4-MouseMotion {'pos': (361, 274), 'rel': (0, -1), 'buttons': (0, 0, 0), 'window': None})>
2020-01-21 20:38:31,875 - BDM-WAM 1579639087.1336148 - INFO - <Event(4-MouseMotion {'pos': (359, 271), 'rel': (-2, -3), 'buttons': (0, 0, 0), 'window': None})>
2020-01-21 20:38:31,892 - BDM-WAM 1579639087.1336148 - INFO - <Event(4-MouseMotion {'pos': (355, 264), 'rel': (-4, -7), 'buttons': (0, 0, 0), 'window': None})>
2020-01-21 20:38:31,906 - BDM-WAM 1579639087.1336148 - INFO - <Event(4-MouseMotion {'pos': (348, 256), 'rel': (-7, -8), 'buttons': (0, 0, 0), 'window': None})>
2020-01-21 20:38:31,923 - BDM-WAM 1579639087.1336148 - INFO - <Event(4-MouseMotion {'pos': (337, 241), 'rel': (-11, -15), 'buttons': (0, 0, 0), 'window': None})>
2020-01-21 20:38:31,943 - BDM-WAM 1579639087.1336148 - INFO - <Event(4-MouseMotion {'pos': (326, 227), 'rel': (-11, -14), 'buttons': (0, 0, 0), 'window': None})>
2020-01-21 20:38:31,957 - BDM-WAM 1579639087.1336148 - INFO - <Event(4-MouseMotion {'pos': (315, 214), 'rel': (-11, -13), 'buttons': (0, 0, 0), 'window': None})>
2020-01-21 20:38:31,973 - BDM-WAM 1579639087.1336148 - INFO - <Event(4-MouseMotion {'pos': (307, 207), 'rel': (-8, -7), 'buttons': (0, 0, 0), 'window': None})>
2020-01-21 20:38:31,991 - BDM-WAM 1579639087.1336148 - INFO - <Event(4-MouseMotion {'pos': (306, 205), 'rel': (-1, -2), 'buttons': (0, 0, 0), 'window': None})>
2020-01-21 20:38:32,057 - BDM-WAM 1579639087.1336148 - INFO - <Event(4-MouseMotion {'pos': (303, 203), 'rel': (-3, -2), 'buttons': (0, 0, 0), 'window': None})>
2020-01-21 20:38:32,077 - BDM-WAM 1579639087.1336148 - INFO - <Event(4-MouseMotion {'pos': (290, 193), 'rel': (-13, -10), 'buttons': (0, 0, 0), 'window': None})>
2020-01-21 20:38:32,090 - BDM-WAM 1579639087.1336148 - INFO - <Event(4-MouseMotion {'pos': (284, 189), 'rel': (-6, -4), 'buttons': (0, 0, 0), 'window': None})>
2020-01-21 20:38:32,106 - BDM-WAM 1579639087.1336148 - INFO - <Event(4-MouseMotion {'pos': (275, 182), 'rel': (-9, -7), 'buttons': (0, 0, 0), 'window': None})>
2020-01-21 20:38:32,132 - BDM-WAM 1579639087.1336148 - INFO - <Event(4-MouseMotion {'pos': (269, 177), 'rel': (-6, -5), 'buttons': (0, 0, 0), 'window': None})>
2020-01-21 20:38:32,191 - BDM-WAM 1579639087.1336148 - INFO - <Event(4-MouseMotion {'pos': (267, 176), 'rel': (-2, -1), 'buttons': (0, 0, 0), 'window': None})>
2020-01-21 20:38:32,206 - BDM-WAM 1579639087.1336148 - INFO - <Event(4-MouseMotion {'pos': (253, 166), 'rel': (-14, -10), 'buttons': (0, 0, 0), 'window': None})>
2020-01-21 20:38:32,225 - BDM-WAM 1579639087.1336148 - INFO - <Event(4-MouseMotion {'pos': (248, 162), 'rel': (-5, -4), 'buttons': (0, 0, 0), 'window': None})>
2020-01-21 20:38:32,241 - BDM-WAM 1579639087.1336148 - INFO - <Event(4-MouseMotion {'pos': (238, 153), 'rel': (-10, -9), 'buttons': (0, 0, 0), 'window': None})>
2020-01-21 20:38:32,256 - BDM-WAM 1579639087.1336148 - INFO - <Event(4-MouseMotion {'pos': (230, 148), 'rel': (-8, -5), 'buttons': (0, 0, 0), 'window': None})>
2020-01-21 20:38:32,274 - BDM-WAM 1579639087.1336148 - INFO - <Event(4-MouseMotion {'pos': (228, 146), 'rel': (-2, -2), 'buttons': (0, 0, 0), 'window': None})>
2020-01-21 20:38:32,292 - BDM-WAM 1579639087.1336148 - INFO - <Event(4-MouseMotion {'pos': (222, 141), 'rel': (-6, -5), 'buttons': (0, 0, 0), 'window': None})>
2020-01-21 20:38:32,310 - BDM-WAM 1579639087.1336148 - INFO - <Event(4-MouseMotion {'pos': (204, 129), 'rel': (-18, -12), 'buttons': (0, 0, 0), 'window': None})>
2020-01-21 20:38:32,325 - BDM-WAM 1579639087.1336148 - INFO - <Event(4-MouseMotion {'pos': (195, 122), 'rel': (-9, -7), 'buttons': (0, 0, 0), 'window': None})>
2020-01-21 20:38:32,342 - BDM-WAM 1579639087.1336148 - INFO - <Event(4-MouseMotion {'pos': (188, 117), 'rel': (-7, -5), 'buttons': (0, 0, 0), 'window': None})>
2020-01-21 20:38:32,355 - BDM-WAM 1579639087.1336148 - INFO - <Event(4-MouseMotion {'pos': (169, 104), 'rel': (-19, -13), 'buttons': (0, 0, 0), 'window': None})>
2020-01-21 20:38:32,372 - BDM-WAM 1579639087.1336148 - INFO - <Event(4-MouseMotion {'pos': (144, 88), 'rel': (-25, -16), 'buttons': (0, 0, 0), 'window': None})>
2020-01-21 20:38:32,388 - BDM-WAM 1579639087.1336148 - INFO - <Event(4-MouseMotion {'pos': (139, 85), 'rel': (-5, -3), 'buttons': (0, 0, 0), 'window': None})>
2020-01-21 20:38:32,405 - BDM-WAM 1579639087.1336148 - INFO - <Event(4-MouseMotion {'pos': (138, 83), 'rel': (-1, -2), 'buttons': (0, 0, 0), 'window': None})>
2020-01-21 20:38:32,569 - BDM-WAM 1579639087.1336148 - INFO - <Event(5-MouseButtonDown {'pos': (138, 83), 'button': 1, 'window': None})>
2020-01-21 20:38:32,569 - BDM-WAM 1579639087.1336148 - INFO - <Event(8-Pause {'reason': hit_conf })>
2020-01-21 20:38:32,925 - BDM-WAM 1579639087.1336148 - INFO - <Event(7-Rate {'hit_conf': 2 })>
2020-01-21 20:38:33,095 - BDM-WAM 1579639087.1336148 - INFO - <Event(7-Rate {'reward_conf': 2 })>
2020-01-21 20:38:33,255 - BDM-WAM 1579639087.1336148 - INFO - <Event(7-Rate {'player_skill': 2 })>
2020-01-21 20:38:33,256 - BDM-WAM 1579639087.1336148 - INFO - <Event(9.1-TrueHit {'pos': (138,83),'distance: 58.728187440104094,'relative_loc: (43, 40),'window': None})>
2020-01-21 20:38:33,256 - BDM-WAM 1579639087.1336148 - INFO - <Event(11-Score {score_inc: 4,score: 4})>
2020-01-21 20:38:33,434 - BDM-WAM 1579639087.1336148 - INFO - <Event(3-KeyUp {'key': 50, 'mod': 0, 'scancode': 3, 'window': None})>
2020-01-21 20:38:33,434 - BDM-WAM 1579639087.1336148 - INFO - <Event(4-MouseMotion {'pos': (177, 115), 'rel': (39, 32), 'buttons': (0, 0, 0), 'window': None})>
2020-01-21 20:38:33,452 - BDM-WAM 1579639087.1336148 - INFO - <Event(4-MouseMotion {'pos': (191, 125), 'rel': (14, 10), 'buttons': (0, 0, 0), 'window': None})>
2020-01-21 20:38:33,467 - BDM-WAM 1579639087.1336148 - INFO - <Event(4-MouseMotion {'pos': (198, 130), 'rel': (7, 5), 'buttons': (0, 0, 0), 'window': None})>
2020-01-21 20:38:33,485 - BDM-WAM 1579639087.1336148 - INFO - <Event(4-MouseMotion {'pos': (205, 136), 'rel': (7, 6), 'buttons': (0, 0, 0), 'window': None})>
2020-01-21 20:38:33,500 - BDM-WAM 1579639087.1336148 - INFO - <Event(4-MouseMotion {'pos': (207, 137), 'rel': (2, 1), 'buttons': (0, 0, 0), 'window': None})>
2020-01-21 20:38:33,614 - BDM-WAM 1579639087.1336148 - INFO - <Event(4-MouseMotion {'pos': (231, 145), 'rel': (24, 8), 'buttons': (0, 0, 0), 'window': None})>
2020-01-21 20:38:33,631 - BDM-WAM 1579639087.1336148 - INFO - <Event(4-MouseMotion {'pos': (277, 157), 'rel': (46, 12), 'buttons': (0, 0, 0), 'window': None})>
2020-01-21 20:38:33,648 - BDM-WAM 1579639087.1336148 - INFO - <Event(4-MouseMotion {'pos': (331, 170), 'rel': (54, 13), 'buttons': (0, 0, 0), 'window': None})>
2020-01-21 20:38:33,664 - BDM-WAM 1579639087.1336148 - INFO - <Event(4-MouseMotion {'pos': (379, 183), 'rel': (48, 13), 'buttons': (0, 0, 0), 'window': None})>
2020-01-21 20:38:33,713 - BDM-WAM 1579639087.1336148 - INFO - <Event(4-MouseMotion {'pos': (577, 214), 'rel': (198, 31), 'buttons': (0, 0, 0), 'window': None})>
2020-01-21 20:38:33,774 - BDM-WAM 1579639087.1336148 - INFO - <Event(10-MoleUp) {'loc': (404,479)})>
2020-01-21 20:38:33,776 - BDM-WAM 1579639087.1336148 - INFO - <Event(4-MouseMotion {'pos': (893, 207), 'rel': (316, -7), 'buttons': (0, 0, 0), 'window': None})>
2020-01-21 20:38:33,791 - BDM-WAM 1579639087.1336148 - INFO - <Event(4-MouseMotion {'pos': (978, 189), 'rel': (85, -18), 'buttons': (0, 0, 0), 'window': None})>
2020-01-21 20:38:33,811 - BDM-WAM 1579639087.1336148 - INFO - <Event(4-MouseMotion {'pos': (1044, 167), 'rel': (66, -22), 'buttons': (0, 0, 0), 'window': None})>
2020-01-21 20:38:33,825 - BDM-WAM 1579639087.1336148 - INFO - <Event(4-MouseMotion {'pos': (1091, 149), 'rel': (47, -18), 'buttons': (0, 0, 0), 'window': None})>
2020-01-21 20:38:33,842 - BDM-WAM 1579639087.1336148 - INFO - <Event(4-MouseMotion {'pos': (1147, 127), 'rel': (56, -22), 'buttons': (0, 0, 0), 'window': None})>
2020-01-21 20:38:33,863 - BDM-WAM 1579639087.1336148 - INFO - <Event(4-MouseMotion {'pos': (1198, 112), 'rel': (51, -15), 'buttons': (0, 0, 0), 'window': None})>
2020-01-21 20:38:33,875 - BDM-WAM 1579639087.1336148 - INFO - <Event(4-MouseMotion {'pos': (1221, 106), 'rel': (23, -6), 'buttons': (0, 0, 0), 'window': None})>
2020-01-21 20:38:33,892 - BDM-WAM 1579639087.1336148 - INFO - <Event(4-MouseMotion {'pos': (1245, 101), 'rel': (24, -5), 'buttons': (0, 0, 0), 'window': None})>
2020-01-21 20:38:33,911 - BDM-WAM 1579639087.1336148 - INFO - <Event(4-MouseMotion {'pos': (1277, 98), 'rel': (32, -3), 'buttons': (0, 0, 0), 'window': None})>
2020-01-21 20:38:33,927 - BDM-WAM 1579639087.1336148 - INFO - <Event(4-MouseMotion {'pos': (1299, 98), 'rel': (22, 0), 'buttons': (0, 0, 0), 'window': None})>
2020-01-21 20:38:33,942 - BDM-WAM 1579639087.1336148 - INFO - <Event(4-MouseMotion {'pos': (1323, 98), 'rel': (24, 0), 'buttons': (0, 0, 0), 'window': None})>
2020-01-21 20:38:33,958 - BDM-WAM 1579639087.1336148 - INFO - <Event(4-MouseMotion {'pos': (1341, 98), 'rel': (18, 0), 'buttons': (0, 0, 0), 'window': None})>
2020-01-21 20:38:33,974 - BDM-WAM 1579639087.1336148 - INFO - <Event(4-MouseMotion {'pos': (1375, 99), 'rel': (34, 1), 'buttons': (0, 0, 0), 'window': None})>
2020-01-21 20:38:33,991 - BDM-WAM 1579639087.1336148 - INFO - <Event(4-MouseMotion {'pos': (1390, 99), 'rel': (15, 0), 'buttons': (0, 0, 0), 'window': None})>
2020-01-21 20:38:34,009 - BDM-WAM 1579639087.1336148 - INFO - <Event(4-MouseMotion {'pos': (1396, 98), 'rel': (6, -1), 'buttons': (0, 0, 0), 'window': None})>
2020-01-21 20:38:34,027 - BDM-WAM 1579639087.1336148 - INFO - <Event(4-MouseMotion {'pos': (1400, 97), 'rel': (4, -1), 'buttons': (0, 0, 0), 'window': None})>
2020-01-21 20:38:34,042 - BDM-WAM 1579639087.1336148 - INFO - <Event(4-MouseMotion {'pos': (1412, 95), 'rel': (12, -2), 'buttons': (0, 0, 0), 'window': None})>
2020-01-21 20:38:34,059 - BDM-WAM 1579639087.1336148 - INFO - <Event(4-MouseMotion {'pos': (1423, 92), 'rel': (11, -3), 'buttons': (0, 0, 0), 'window': None})>
2020-01-21 20:38:34,091 - BDM-WAM 1579639087.1336148 - INFO - <Event(1-ActiveEvent {'gain': 0, 'state': 1})>
2020-01-21 20:38:34,919 - BDM-WAM 1579639087.1336148 - INFO - <Event(12-Quit {})>
