2019-11-25 12:16:11,827 - BDM-WAM 1574684171.7347224 - INFO - <Event(17-VideoExpose {})>
2019-11-25 12:16:13,030 - BDM-WAM 1574684171.7347224 - INFO - <Event(16-VideoResize {'w': 800, 'size': (800, 700), 'h': 700})>
2019-11-25 12:16:13,030 - BDM-WAM 1574684171.7347224 - INFO - <Event(1-ActiveEvent {'state': 1, 'gain': 0})>
2019-11-25 12:16:13,030 - BDM-WAM 1574684171.7347224 - INFO - <Event(4-MouseMotion {'rel': (427, 368), 'window': None, 'pos': (426, 367), 'buttons': (0, 0, 0)})>
2019-11-25 12:16:13,067 - BDM-WAM 1574684171.7347224 - INFO - <Event(10-MoleUp) {'loc': (658,232)})>
2019-11-25 12:16:13,120 - BDM-WAM 1574684171.7347224 - INFO - <Event(3-KeyUp {'mod': 0, 'scancode': 46, 'window': None, 'key': 99})>
2019-11-25 12:16:13,176 - BDM-WAM 1574684171.7347224 - INFO - <Event(10-MoleUp) {'loc': (658,232)})>
2019-11-25 12:16:13,287 - BDM-WAM 1574684171.7347224 - INFO - <Event(10-MoleUp) {'loc': (658,232)})>
2019-11-25 12:16:13,511 - BDM-WAM 1574684171.7347224 - INFO - <Event(4-MouseMotion {'rel': (34, 13), 'window': None, 'pos': (530, 464), 'buttons': (0, 0, 0)})>
2019-11-25 12:16:13,528 - BDM-WAM 1574684171.7347224 - INFO - <Event(4-MouseMotion {'rel': (64, 15), 'window': None, 'pos': (594, 479), 'buttons': (0, 0, 0)})>
2019-11-25 12:16:13,545 - BDM-WAM 1574684171.7347224 - INFO - <Event(4-MouseMotion {'rel': (51, 4), 'window': None, 'pos': (645, 483), 'buttons': (0, 0, 0)})>
2019-11-25 12:16:13,561 - BDM-WAM 1574684171.7347224 - INFO - <Event(4-MouseMotion {'rel': (48, -4), 'window': None, 'pos': (693, 479), 'buttons': (0, 0, 0)})>
2019-11-25 12:16:13,579 - BDM-WAM 1574684171.7347224 - INFO - <Event(4-MouseMotion {'rel': (47, -16), 'window': None, 'pos': (740, 463), 'buttons': (0, 0, 0)})>
2019-11-25 12:16:13,595 - BDM-WAM 1574684171.7347224 - INFO - <Event(4-MouseMotion {'rel': (20, -17), 'window': None, 'pos': (760, 446), 'buttons': (0, 0, 0)})>
2019-11-25 12:16:13,612 - BDM-WAM 1574684171.7347224 - INFO - <Event(4-MouseMotion {'rel': (16, -19), 'window': None, 'pos': (776, 427), 'buttons': (0, 0, 0)})>
2019-11-25 12:16:13,629 - BDM-WAM 1574684171.7347224 - INFO - <Event(4-MouseMotion {'rel': (9, -16), 'window': None, 'pos': (785, 411), 'buttons': (0, 0, 0)})>
2019-11-25 12:16:13,647 - BDM-WAM 1574684171.7347224 - INFO - <Event(4-MouseMotion {'rel': (6, -10), 'window': None, 'pos': (791, 401), 'buttons': (0, 0, 0)})>
2019-11-25 12:16:13,664 - BDM-WAM 1574684171.7347224 - INFO - <Event(4-MouseMotion {'rel': (1, -9), 'window': None, 'pos': (792, 392), 'buttons': (0, 0, 0)})>
2019-11-25 12:16:13,681 - BDM-WAM 1574684171.7347224 - INFO - <Event(4-MouseMotion {'rel': (2, -3), 'window': None, 'pos': (794, 389), 'buttons': (0, 0, 0)})>
2019-11-25 12:16:13,697 - BDM-WAM 1574684171.7347224 - INFO - <Event(4-MouseMotion {'rel': (0, -6), 'window': None, 'pos': (794, 383), 'buttons': (0, 0, 0)})>
2019-11-25 12:16:13,715 - BDM-WAM 1574684171.7347224 - INFO - <Event(4-MouseMotion {'rel': (-1, -4), 'window': None, 'pos': (793, 379), 'buttons': (0, 0, 0)})>
2019-11-25 12:16:13,733 - BDM-WAM 1574684171.7347224 - INFO - <Event(4-MouseMotion {'rel': (-1, -8), 'window': None, 'pos': (792, 371), 'buttons': (0, 0, 0)})>
2019-11-25 12:16:13,749 - BDM-WAM 1574684171.7347224 - INFO - <Event(4-MouseMotion {'rel': (-1, -7), 'window': None, 'pos': (791, 364), 'buttons': (0, 0, 0)})>
2019-11-25 12:16:13,767 - BDM-WAM 1574684171.7347224 - INFO - <Event(4-MouseMotion {'rel': (-1, -6), 'window': None, 'pos': (790, 358), 'buttons': (0, 0, 0)})>
2019-11-25 12:16:13,783 - BDM-WAM 1574684171.7347224 - INFO - <Event(4-MouseMotion {'rel': (-2, -5), 'window': None, 'pos': (788, 353), 'buttons': (0, 0, 0)})>
2019-11-25 12:16:13,801 - BDM-WAM 1574684171.7347224 - INFO - <Event(4-MouseMotion {'rel': (-1, -5), 'window': None, 'pos': (787, 348), 'buttons': (0, 0, 0)})>
2019-11-25 12:16:13,818 - BDM-WAM 1574684171.7347224 - INFO - <Event(4-MouseMotion {'rel': (-4, -7), 'window': None, 'pos': (783, 341), 'buttons': (0, 0, 0)})>
2019-11-25 12:16:13,834 - BDM-WAM 1574684171.7347224 - INFO - <Event(4-MouseMotion {'rel': (-7, -4), 'window': None, 'pos': (776, 337), 'buttons': (0, 0, 0)})>
2019-11-25 12:16:13,852 - BDM-WAM 1574684171.7347224 - INFO - <Event(4-MouseMotion {'rel': (-13, -11), 'window': None, 'pos': (763, 326), 'buttons': (0, 0, 0)})>
2019-11-25 12:16:13,869 - BDM-WAM 1574684171.7347224 - INFO - <Event(4-MouseMotion {'rel': (-15, -8), 'window': None, 'pos': (748, 318), 'buttons': (0, 0, 0)})>
2019-11-25 12:16:13,887 - BDM-WAM 1574684171.7347224 - INFO - <Event(4-MouseMotion {'rel': (-14, -8), 'window': None, 'pos': (734, 310), 'buttons': (0, 0, 0)})>
2019-11-25 12:16:13,903 - BDM-WAM 1574684171.7347224 - INFO - <Event(4-MouseMotion {'rel': (-6, -3), 'window': None, 'pos': (728, 307), 'buttons': (0, 0, 0)})>
2019-11-25 12:16:13,920 - BDM-WAM 1574684171.7347224 - INFO - <Event(4-MouseMotion {'rel': (-5, -1), 'window': None, 'pos': (723, 306), 'buttons': (0, 0, 0)})>
2019-11-25 12:16:13,937 - BDM-WAM 1574684171.7347224 - INFO - <Event(4-MouseMotion {'rel': (-4, -3), 'window': None, 'pos': (719, 303), 'buttons': (0, 0, 0)})>
2019-11-25 12:16:13,954 - BDM-WAM 1574684171.7347224 - INFO - <Event(4-MouseMotion {'rel': (-3, -1), 'window': None, 'pos': (716, 302), 'buttons': (0, 0, 0)})>
2019-11-25 12:16:13,971 - BDM-WAM 1574684171.7347224 - INFO - <Event(4-MouseMotion {'rel': (-2, -2), 'window': None, 'pos': (714, 300), 'buttons': (0, 0, 0)})>
2019-11-25 12:16:13,988 - BDM-WAM 1574684171.7347224 - INFO - <Event(4-MouseMotion {'rel': (-1, -1), 'window': None, 'pos': (713, 299), 'buttons': (0, 0, 0)})>
2019-11-25 12:16:14,005 - BDM-WAM 1574684171.7347224 - INFO - <Event(4-MouseMotion {'rel': (-1, 0), 'window': None, 'pos': (712, 299), 'buttons': (0, 0, 0)})>
2019-11-25 12:16:14,024 - BDM-WAM 1574684171.7347224 - INFO - <Event(4-MouseMotion {'rel': (-1, -1), 'window': None, 'pos': (711, 298), 'buttons': (0, 0, 0)})>
2019-11-25 12:16:14,041 - BDM-WAM 1574684171.7347224 - INFO - <Event(4-MouseMotion {'rel': (-4, -3), 'window': None, 'pos': (707, 295), 'buttons': (0, 0, 0)})>
2019-11-25 12:16:14,057 - BDM-WAM 1574684171.7347224 - INFO - <Event(4-MouseMotion {'rel': (-6, -4), 'window': None, 'pos': (701, 291), 'buttons': (0, 0, 0)})>
2019-11-25 12:16:14,074 - BDM-WAM 1574684171.7347224 - INFO - <Event(4-MouseMotion {'rel': (-2, -3), 'window': None, 'pos': (699, 288), 'buttons': (0, 0, 0)})>
2019-11-25 12:16:14,193 - BDM-WAM 1574684171.7347224 - INFO - <Event(5-MouseButtonDown {'window': None, 'pos': (699, 288), 'button': 1})>
2019-11-25 12:16:14,193 - BDM-WAM 1574684171.7347224 - INFO - <Event(9.1-True Hit {'pos': (699,288),'distance: 69.40461079784254,'relative_loc: (41, 56),'window': None})>
2019-11-25 12:16:14,238 - BDM-WAM 1574684171.7347224 - INFO - <Event(10-MoleUp) {'loc': (658,232)})>
2019-11-25 12:16:14,325 - BDM-WAM 1574684171.7347224 - INFO - <Event(6-MouseButtonUp {'window': None, 'pos': (699, 288), 'button': 1})>
2019-11-25 12:16:14,541 - BDM-WAM 1574684171.7347224 - INFO - <Event(10-MoleUp) {'loc': (658,232)})>
2019-11-25 12:16:14,646 - BDM-WAM 1574684171.7347224 - INFO - <Event(10-MoleUp) {'loc': (658,232)})>
2019-11-25 12:16:14,705 - BDM-WAM 1574684171.7347224 - INFO - <Event(4-MouseMotion {'rel': (-79, 38), 'window': None, 'pos': (620, 326), 'buttons': (0, 0, 0)})>
2019-11-25 12:16:14,723 - BDM-WAM 1574684171.7347224 - INFO - <Event(4-MouseMotion {'rel': (-32, 12), 'window': None, 'pos': (588, 338), 'buttons': (0, 0, 0)})>
2019-11-25 12:16:14,740 - BDM-WAM 1574684171.7347224 - INFO - <Event(4-MouseMotion {'rel': (-36, 10), 'window': None, 'pos': (552, 348), 'buttons': (0, 0, 0)})>
2019-11-25 12:16:14,757 - BDM-WAM 1574684171.7347224 - INFO - <Event(4-MouseMotion {'rel': (-28, 4), 'window': None, 'pos': (524, 352), 'buttons': (0, 0, 0)})>
2019-11-25 12:16:14,774 - BDM-WAM 1574684171.7347224 - INFO - <Event(4-MouseMotion {'rel': (-26, -1), 'window': None, 'pos': (498, 351), 'buttons': (0, 0, 0)})>
2019-11-25 12:16:14,790 - BDM-WAM 1574684171.7347224 - INFO - <Event(4-MouseMotion {'rel': (-11, -4), 'window': None, 'pos': (487, 347), 'buttons': (0, 0, 0)})>
2019-11-25 12:16:14,807 - BDM-WAM 1574684171.7347224 - INFO - <Event(4-MouseMotion {'rel': (-3, 0), 'window': None, 'pos': (484, 347), 'buttons': (0, 0, 0)})>
2019-11-25 12:16:15,062 - BDM-WAM 1574684171.7347224 - INFO - <Event(4-MouseMotion {'rel': (0, 5), 'window': None, 'pos': (484, 352), 'buttons': (0, 0, 0)})>
2019-11-25 12:16:15,079 - BDM-WAM 1574684171.7347224 - INFO - <Event(4-MouseMotion {'rel': (-2, 8), 'window': None, 'pos': (482, 360), 'buttons': (0, 0, 0)})>
2019-11-25 12:16:15,096 - BDM-WAM 1574684171.7347224 - INFO - <Event(4-MouseMotion {'rel': (-8, 11), 'window': None, 'pos': (474, 371), 'buttons': (0, 0, 0)})>
2019-11-25 12:16:15,113 - BDM-WAM 1574684171.7347224 - INFO - <Event(4-MouseMotion {'rel': (-7, 4), 'window': None, 'pos': (467, 375), 'buttons': (0, 0, 0)})>
2019-11-25 12:16:15,157 - BDM-WAM 1574684171.7347224 - INFO - <Event(10-MoleUp) {'loc': (404,479)})>
2019-11-25 12:16:15,158 - BDM-WAM 1574684171.7347224 - INFO - <Event(4-MouseMotion {'rel': (-13, 8), 'window': None, 'pos': (454, 383), 'buttons': (0, 0, 0)})>
2019-11-25 12:16:15,181 - BDM-WAM 1574684171.7347224 - INFO - <Event(4-MouseMotion {'rel': (-6, 0), 'window': None, 'pos': (448, 383), 'buttons': (0, 0, 0)})>
2019-11-25 12:16:15,198 - BDM-WAM 1574684171.7347224 - INFO - <Event(4-MouseMotion {'rel': (-6, -2), 'window': None, 'pos': (442, 381), 'buttons': (0, 0, 0)})>
2019-11-25 12:16:15,215 - BDM-WAM 1574684171.7347224 - INFO - <Event(4-MouseMotion {'rel': (-8, -4), 'window': None, 'pos': (434, 377), 'buttons': (0, 0, 0)})>
2019-11-25 12:16:15,261 - BDM-WAM 1574684171.7347224 - INFO - <Event(10-MoleUp) {'loc': (404,479)})>
2019-11-25 12:16:15,262 - BDM-WAM 1574684171.7347224 - INFO - <Event(4-MouseMotion {'rel': (-12, -11), 'window': None, 'pos': (422, 366), 'buttons': (0, 0, 0)})>
2019-11-25 12:16:15,266 - BDM-WAM 1574684171.7347224 - INFO - <Event(4-MouseMotion {'rel': (-2, -2), 'window': None, 'pos': (420, 364), 'buttons': (0, 0, 0)})>
2019-11-25 12:16:15,281 - BDM-WAM 1574684171.7347224 - INFO - <Event(4-MouseMotion {'rel': (0, -1), 'window': None, 'pos': (420, 363), 'buttons': (0, 0, 0)})>
2019-11-25 12:16:15,298 - BDM-WAM 1574684171.7347224 - INFO - <Event(4-MouseMotion {'rel': (0, -3), 'window': None, 'pos': (420, 360), 'buttons': (0, 0, 0)})>
2019-11-25 12:16:15,316 - BDM-WAM 1574684171.7347224 - INFO - <Event(4-MouseMotion {'rel': (0, -1), 'window': None, 'pos': (420, 359), 'buttons': (0, 0, 0)})>
2019-11-25 12:16:15,362 - BDM-WAM 1574684171.7347224 - INFO - <Event(10-MoleUp) {'loc': (404,479)})>
2019-11-25 12:16:15,363 - BDM-WAM 1574684171.7347224 - INFO - <Event(4-MouseMotion {'rel': (5, 3), 'window': None, 'pos': (425, 362), 'buttons': (0, 0, 0)})>
2019-11-25 12:16:15,374 - BDM-WAM 1574684171.7347224 - INFO - <Event(4-MouseMotion {'rel': (4, 7), 'window': None, 'pos': (429, 369), 'buttons': (0, 0, 0)})>
2019-11-25 12:16:15,390 - BDM-WAM 1574684171.7347224 - INFO - <Event(4-MouseMotion {'rel': (3, 11), 'window': None, 'pos': (432, 380), 'buttons': (0, 0, 0)})>
2019-11-25 12:16:15,407 - BDM-WAM 1574684171.7347224 - INFO - <Event(4-MouseMotion {'rel': (1, 11), 'window': None, 'pos': (433, 391), 'buttons': (0, 0, 0)})>
2019-11-25 12:16:15,423 - BDM-WAM 1574684171.7347224 - INFO - <Event(4-MouseMotion {'rel': (0, 18), 'window': None, 'pos': (433, 409), 'buttons': (0, 0, 0)})>
2019-11-25 12:16:15,440 - BDM-WAM 1574684171.7347224 - INFO - <Event(4-MouseMotion {'rel': (3, 26), 'window': None, 'pos': (436, 435), 'buttons': (0, 0, 0)})>
2019-11-25 12:16:15,457 - BDM-WAM 1574684171.7347224 - INFO - <Event(4-MouseMotion {'rel': (5, 45), 'window': None, 'pos': (441, 480), 'buttons': (0, 0, 0)})>
2019-11-25 12:16:15,473 - BDM-WAM 1574684171.7347224 - INFO - <Event(4-MouseMotion {'rel': (3, 23), 'window': None, 'pos': (444, 503), 'buttons': (0, 0, 0)})>
2019-11-25 12:16:15,492 - BDM-WAM 1574684171.7347224 - INFO - <Event(4-MouseMotion {'rel': (1, 16), 'window': None, 'pos': (445, 519), 'buttons': (0, 0, 0)})>
2019-11-25 12:16:15,506 - BDM-WAM 1574684171.7347224 - INFO - <Event(4-MouseMotion {'rel': (0, 8), 'window': None, 'pos': (445, 527), 'buttons': (0, 0, 0)})>
2019-11-25 12:16:15,527 - BDM-WAM 1574684171.7347224 - INFO - <Event(4-MouseMotion {'rel': (0, 4), 'window': None, 'pos': (445, 531), 'buttons': (0, 0, 0)})>
2019-11-25 12:16:15,541 - BDM-WAM 1574684171.7347224 - INFO - <Event(4-MouseMotion {'rel': (0, 1), 'window': None, 'pos': (445, 532), 'buttons': (0, 0, 0)})>
2019-11-25 12:16:15,558 - BDM-WAM 1574684171.7347224 - INFO - <Event(4-MouseMotion {'rel': (0, 2), 'window': None, 'pos': (445, 534), 'buttons': (0, 0, 0)})>
2019-11-25 12:16:15,575 - BDM-WAM 1574684171.7347224 - INFO - <Event(4-MouseMotion {'rel': (0, 1), 'window': None, 'pos': (445, 535), 'buttons': (0, 0, 0)})>
2019-11-25 12:16:15,693 - BDM-WAM 1574684171.7347224 - INFO - <Event(4-MouseMotion {'rel': (0, 1), 'window': None, 'pos': (445, 536), 'buttons': (0, 0, 0)})>
2019-11-25 12:16:15,762 - BDM-WAM 1574684171.7347224 - INFO - <Event(5-MouseButtonDown {'window': None, 'pos': (445, 536), 'button': 1})>
2019-11-25 12:16:15,762 - BDM-WAM 1574684171.7347224 - INFO - <Event(8-Pause {'reason': <bound method GameManager.pause of <game.GameManager object at 0x0000021AFF7A9E10>> })>
2019-11-25 12:16:18,960 - BDM-WAM 1574684171.7347224 - INFO - <Event(7-Rate {'hit_conf': 1 })>
2019-11-25 12:16:19,455 - BDM-WAM 1574684171.7347224 - INFO - <Event(7-Rate {'reward_conf': 1 })>
2019-11-25 12:16:19,711 - BDM-WAM 1574684171.7347224 - INFO - <Event(7-Rate {'player_skill': 1 })>
2019-11-25 12:16:19,711 - BDM-WAM 1574684171.7347224 - INFO - <Event(9.1-True Hit {'pos': (445,536),'distance: 70.21395872616783,'relative_loc: (41, 57),'window': None})>
2019-11-25 12:16:19,738 - BDM-WAM 1574684171.7347224 - INFO - <Event(10-MoleUp) {'loc': (404,479)})>
2019-11-25 12:16:19,806 - BDM-WAM 1574684171.7347224 - INFO - <Event(3-KeyUp {'mod': 0, 'scancode': 2, 'window': None, 'key': 49})>
2019-11-25 12:16:20,032 - BDM-WAM 1574684171.7347224 - INFO - <Event(10-MoleUp) {'loc': (404,479)})>
2019-11-25 12:16:20,137 - BDM-WAM 1574684171.7347224 - INFO - <Event(10-MoleUp) {'loc': (404,479)})>
2019-11-25 12:16:20,503 - BDM-WAM 1574684171.7347224 - INFO - <Event(4-MouseMotion {'rel': (-11, -24), 'window': None, 'pos': (433, 429), 'buttons': (0, 0, 0)})>
2019-11-25 12:16:20,519 - BDM-WAM 1574684171.7347224 - INFO - <Event(4-MouseMotion {'rel': (-12, -26), 'window': None, 'pos': (421, 403), 'buttons': (0, 0, 0)})>
2019-11-25 12:16:20,536 - BDM-WAM 1574684171.7347224 - INFO - <Event(4-MouseMotion {'rel': (-8, -20), 'window': None, 'pos': (413, 383), 'buttons': (0, 0, 0)})>
2019-11-25 12:16:20,552 - BDM-WAM 1574684171.7347224 - INFO - <Event(4-MouseMotion {'rel': (-5, -18), 'window': None, 'pos': (408, 365), 'buttons': (0, 0, 0)})>
2019-11-25 12:16:20,568 - BDM-WAM 1574684171.7347224 - INFO - <Event(4-MouseMotion {'rel': (-3, -10), 'window': None, 'pos': (405, 355), 'buttons': (0, 0, 0)})>
2019-11-25 12:16:20,586 - BDM-WAM 1574684171.7347224 - INFO - <Event(4-MouseMotion {'rel': (-1, -4), 'window': None, 'pos': (404, 351), 'buttons': (0, 0, 0)})>
2019-11-25 12:16:20,602 - BDM-WAM 1574684171.7347224 - INFO - <Event(4-MouseMotion {'rel': (0, -2), 'window': None, 'pos': (404, 349), 'buttons': (0, 0, 0)})>
2019-11-25 12:16:20,642 - BDM-WAM 1574684171.7347224 - INFO - <Event(10-MoleUp) {'loc': (658,232)})>
2019-11-25 12:16:20,644 - BDM-WAM 1574684171.7347224 - INFO - <Event(4-MouseMotion {'rel': (0, -2), 'window': None, 'pos': (404, 347), 'buttons': (0, 0, 0)})>
2019-11-25 12:16:20,678 - BDM-WAM 1574684171.7347224 - INFO - <Event(4-MouseMotion {'rel': (2, 0), 'window': None, 'pos': (406, 347), 'buttons': (0, 0, 0)})>
2019-11-25 12:16:20,697 - BDM-WAM 1574684171.7347224 - INFO - <Event(4-MouseMotion {'rel': (3, 0), 'window': None, 'pos': (409, 347), 'buttons': (0, 0, 0)})>
2019-11-25 12:16:20,714 - BDM-WAM 1574684171.7347224 - INFO - <Event(4-MouseMotion {'rel': (3, 1), 'window': None, 'pos': (412, 348), 'buttons': (0, 0, 0)})>
2019-11-25 12:16:20,759 - BDM-WAM 1574684171.7347224 - INFO - <Event(10-MoleUp) {'loc': (658,232)})>
2019-11-25 12:16:20,760 - BDM-WAM 1574684171.7347224 - INFO - <Event(4-MouseMotion {'rel': (6, 2), 'window': None, 'pos': (418, 350), 'buttons': (0, 0, 0)})>
2019-11-25 12:16:20,778 - BDM-WAM 1574684171.7347224 - INFO - <Event(4-MouseMotion {'rel': (2, 0), 'window': None, 'pos': (420, 350), 'buttons': (0, 0, 0)})>
2019-11-25 12:16:20,796 - BDM-WAM 1574684171.7347224 - INFO - <Event(4-MouseMotion {'rel': (3, 0), 'window': None, 'pos': (423, 350), 'buttons': (0, 0, 0)})>
2019-11-25 12:16:20,813 - BDM-WAM 1574684171.7347224 - INFO - <Event(4-MouseMotion {'rel': (3, 1), 'window': None, 'pos': (426, 351), 'buttons': (0, 0, 0)})>
2019-11-25 12:16:20,831 - BDM-WAM 1574684171.7347224 - INFO - <Event(4-MouseMotion {'rel': (11, 0), 'window': None, 'pos': (437, 351), 'buttons': (0, 0, 0)})>
2019-11-25 12:16:20,876 - BDM-WAM 1574684171.7347224 - INFO - <Event(10-MoleUp) {'loc': (658,232)})>
2019-11-25 12:16:20,877 - BDM-WAM 1574684171.7347224 - INFO - <Event(4-MouseMotion {'rel': (59, 1), 'window': None, 'pos': (496, 352), 'buttons': (0, 0, 0)})>
2019-11-25 12:16:20,897 - BDM-WAM 1574684171.7347224 - INFO - <Event(4-MouseMotion {'rel': (15, -7), 'window': None, 'pos': (511, 345), 'buttons': (0, 0, 0)})>
2019-11-25 12:16:20,915 - BDM-WAM 1574684171.7347224 - INFO - <Event(4-MouseMotion {'rel': (23, -13), 'window': None, 'pos': (534, 332), 'buttons': (0, 0, 0)})>
2019-11-25 12:16:20,931 - BDM-WAM 1574684171.7347224 - INFO - <Event(4-MouseMotion {'rel': (13, -11), 'window': None, 'pos': (547, 321), 'buttons': (0, 0, 0)})>
2019-11-25 12:16:20,947 - BDM-WAM 1574684171.7347224 - INFO - <Event(4-MouseMotion {'rel': (15, -11), 'window': None, 'pos': (562, 310), 'buttons': (0, 0, 0)})>
2019-11-25 12:16:20,964 - BDM-WAM 1574684171.7347224 - INFO - <Event(4-MouseMotion {'rel': (14, -8), 'window': None, 'pos': (576, 302), 'buttons': (0, 0, 0)})>
2019-11-25 12:16:20,980 - BDM-WAM 1574684171.7347224 - INFO - <Event(4-MouseMotion {'rel': (12, -10), 'window': None, 'pos': (588, 292), 'buttons': (0, 0, 0)})>
2019-11-25 12:16:20,997 - BDM-WAM 1574684171.7347224 - INFO - <Event(4-MouseMotion {'rel': (13, -5), 'window': None, 'pos': (601, 287), 'buttons': (0, 0, 0)})>
2019-11-25 12:16:21,014 - BDM-WAM 1574684171.7347224 - INFO - <Event(4-MouseMotion {'rel': (15, -4), 'window': None, 'pos': (616, 283), 'buttons': (0, 0, 0)})>
2019-11-25 12:16:21,030 - BDM-WAM 1574684171.7347224 - INFO - <Event(4-MouseMotion {'rel': (8, -2), 'window': None, 'pos': (624, 281), 'buttons': (0, 0, 0)})>
2019-11-25 12:16:21,048 - BDM-WAM 1574684171.7347224 - INFO - <Event(4-MouseMotion {'rel': (7, -2), 'window': None, 'pos': (631, 279), 'buttons': (0, 0, 0)})>
2019-11-25 12:16:21,065 - BDM-WAM 1574684171.7347224 - INFO - <Event(4-MouseMotion {'rel': (7, 0), 'window': None, 'pos': (638, 279), 'buttons': (0, 0, 0)})>
2019-11-25 12:16:21,082 - BDM-WAM 1574684171.7347224 - INFO - <Event(4-MouseMotion {'rel': (5, 0), 'window': None, 'pos': (643, 279), 'buttons': (0, 0, 0)})>
2019-11-25 12:16:21,098 - BDM-WAM 1574684171.7347224 - INFO - <Event(4-MouseMotion {'rel': (3, 0), 'window': None, 'pos': (646, 279), 'buttons': (0, 0, 0)})>
2019-11-25 12:16:21,115 - BDM-WAM 1574684171.7347224 - INFO - <Event(4-MouseMotion {'rel': (2, 0), 'window': None, 'pos': (648, 279), 'buttons': (0, 0, 0)})>
2019-11-25 12:16:21,132 - BDM-WAM 1574684171.7347224 - INFO - <Event(4-MouseMotion {'rel': (1, 0), 'window': None, 'pos': (649, 279), 'buttons': (0, 0, 0)})>
2019-11-25 12:16:21,169 - BDM-WAM 1574684171.7347224 - INFO - <Event(4-MouseMotion {'rel': (2, 0), 'window': None, 'pos': (651, 279), 'buttons': (0, 0, 0)})>
2019-11-25 12:16:21,186 - BDM-WAM 1574684171.7347224 - INFO - <Event(4-MouseMotion {'rel': (1, 0), 'window': None, 'pos': (652, 279), 'buttons': (0, 0, 0)})>
2019-11-25 12:16:21,202 - BDM-WAM 1574684171.7347224 - INFO - <Event(4-MouseMotion {'rel': (1, 1), 'window': None, 'pos': (653, 280), 'buttons': (0, 0, 0)})>
2019-11-25 12:16:21,219 - BDM-WAM 1574684171.7347224 - INFO - <Event(4-MouseMotion {'rel': (3, 3), 'window': None, 'pos': (656, 283), 'buttons': (0, 0, 0)})>
2019-11-25 12:16:21,235 - BDM-WAM 1574684171.7347224 - INFO - <Event(4-MouseMotion {'rel': (4, 1), 'window': None, 'pos': (660, 284), 'buttons': (0, 0, 0)})>
2019-11-25 12:16:21,252 - BDM-WAM 1574684171.7347224 - INFO - <Event(4-MouseMotion {'rel': (4, 3), 'window': None, 'pos': (664, 287), 'buttons': (0, 0, 0)})>
2019-11-25 12:16:21,269 - BDM-WAM 1574684171.7347224 - INFO - <Event(4-MouseMotion {'rel': (2, 1), 'window': None, 'pos': (666, 288), 'buttons': (0, 0, 0)})>
2019-11-25 12:16:21,286 - BDM-WAM 1574684171.7347224 - INFO - <Event(4-MouseMotion {'rel': (1, 0), 'window': None, 'pos': (667, 288), 'buttons': (0, 0, 0)})>
2019-11-25 12:16:21,438 - BDM-WAM 1574684171.7347224 - INFO - <Event(5-MouseButtonDown {'window': None, 'pos': (667, 288), 'button': 1})>
2019-11-25 12:16:21,439 - BDM-WAM 1574684171.7347224 - INFO - <Event(9.1-True Hit {'pos': (667,288),'distance: 56.71860364994893,'relative_loc: (9, 56),'window': None})>
2019-11-25 12:16:21,483 - BDM-WAM 1574684171.7347224 - INFO - <Event(10-MoleUp) {'loc': (658,232)})>
2019-11-25 12:16:21,536 - BDM-WAM 1574684171.7347224 - INFO - <Event(6-MouseButtonUp {'window': None, 'pos': (667, 288), 'button': 1})>
2019-11-25 12:16:21,787 - BDM-WAM 1574684171.7347224 - INFO - <Event(10-MoleUp) {'loc': (658,232)})>
2019-11-25 12:16:21,789 - BDM-WAM 1574684171.7347224 - INFO - <Event(4-MouseMotion {'rel': (1, 0), 'window': None, 'pos': (668, 288), 'buttons': (0, 0, 0)})>
2019-11-25 12:16:21,806 - BDM-WAM 1574684171.7347224 - INFO - <Event(4-MouseMotion {'rel': (4, 0), 'window': None, 'pos': (672, 288), 'buttons': (0, 0, 0)})>
2019-11-25 12:16:21,823 - BDM-WAM 1574684171.7347224 - INFO - <Event(4-MouseMotion {'rel': (4, 0), 'window': None, 'pos': (676, 288), 'buttons': (0, 0, 0)})>
2019-11-25 12:16:21,841 - BDM-WAM 1574684171.7347224 - INFO - <Event(4-MouseMotion {'rel': (7, -1), 'window': None, 'pos': (683, 287), 'buttons': (0, 0, 0)})>
2019-11-25 12:16:21,858 - BDM-WAM 1574684171.7347224 - INFO - <Event(4-MouseMotion {'rel': (4, -1), 'window': None, 'pos': (687, 286), 'buttons': (0, 0, 0)})>
2019-11-25 12:16:21,901 - BDM-WAM 1574684171.7347224 - INFO - <Event(10-MoleUp) {'loc': (658,232)})>
2019-11-25 12:16:21,902 - BDM-WAM 1574684171.7347224 - INFO - <Event(4-MouseMotion {'rel': (13, -7), 'window': None, 'pos': (700, 279), 'buttons': (0, 0, 0)})>
2019-11-25 12:16:21,958 - BDM-WAM 1574684171.7347224 - INFO - <Event(4-MouseMotion {'rel': (4, -1), 'window': None, 'pos': (704, 278), 'buttons': (0, 0, 0)})>
2019-11-25 12:16:22,026 - BDM-WAM 1574684171.7347224 - INFO - <Event(4-MouseMotion {'rel': (0, -3), 'window': None, 'pos': (704, 275), 'buttons': (0, 0, 0)})>
2019-11-25 12:16:22,042 - BDM-WAM 1574684171.7347224 - INFO - <Event(4-MouseMotion {'rel': (0, -4), 'window': None, 'pos': (704, 271), 'buttons': (0, 0, 0)})>
2019-11-25 12:16:22,059 - BDM-WAM 1574684171.7347224 - INFO - <Event(4-MouseMotion {'rel': (-3, -5), 'window': None, 'pos': (701, 266), 'buttons': (0, 0, 0)})>
2019-11-25 12:16:22,076 - BDM-WAM 1574684171.7347224 - INFO - <Event(4-MouseMotion {'rel': (-4, -6), 'window': None, 'pos': (697, 260), 'buttons': (0, 0, 0)})>
2019-11-25 12:16:22,093 - BDM-WAM 1574684171.7347224 - INFO - <Event(4-MouseMotion {'rel': (-3, -3), 'window': None, 'pos': (694, 257), 'buttons': (0, 0, 0)})>
2019-11-25 12:16:22,110 - BDM-WAM 1574684171.7347224 - INFO - <Event(4-MouseMotion {'rel': (-3, -3), 'window': None, 'pos': (691, 254), 'buttons': (0, 0, 0)})>
2019-11-25 12:16:22,128 - BDM-WAM 1574684171.7347224 - INFO - <Event(4-MouseMotion {'rel': (-2, -1), 'window': None, 'pos': (689, 253), 'buttons': (0, 0, 0)})>
2019-11-25 12:16:22,162 - BDM-WAM 1574684171.7347224 - INFO - <Event(4-MouseMotion {'rel': (-1, -2), 'window': None, 'pos': (688, 251), 'buttons': (0, 0, 0)})>
2019-11-25 12:16:22,179 - BDM-WAM 1574684171.7347224 - INFO - <Event(4-MouseMotion {'rel': (-1, 0), 'window': None, 'pos': (687, 251), 'buttons': (0, 0, 0)})>
2019-11-25 12:16:22,230 - BDM-WAM 1574684171.7347224 - INFO - <Event(4-MouseMotion {'rel': (-1, 0), 'window': None, 'pos': (686, 251), 'buttons': (0, 0, 0)})>
2019-11-25 12:16:22,249 - BDM-WAM 1574684171.7347224 - INFO - <Event(4-MouseMotion {'rel': (-2, 3), 'window': None, 'pos': (684, 254), 'buttons': (0, 0, 0)})>
2019-11-25 12:16:22,264 - BDM-WAM 1574684171.7347224 - INFO - <Event(4-MouseMotion {'rel': (-4, 4), 'window': None, 'pos': (680, 258), 'buttons': (0, 0, 0)})>
2019-11-25 12:16:22,282 - BDM-WAM 1574684171.7347224 - INFO - <Event(4-MouseMotion {'rel': (-4, 5), 'window': None, 'pos': (676, 263), 'buttons': (0, 0, 0)})>
2019-11-25 12:16:22,300 - BDM-WAM 1574684171.7347224 - INFO - <Event(4-MouseMotion {'rel': (-7, 5), 'window': None, 'pos': (669, 268), 'buttons': (0, 0, 0)})>
2019-11-25 12:16:22,318 - BDM-WAM 1574684171.7347224 - INFO - <Event(4-MouseMotion {'rel': (-20, 13), 'window': None, 'pos': (649, 281), 'buttons': (0, 0, 0)})>
2019-11-25 12:16:22,334 - BDM-WAM 1574684171.7347224 - INFO - <Event(4-MouseMotion {'rel': (-20, 6), 'window': None, 'pos': (629, 287), 'buttons': (0, 0, 0)})>
2019-11-25 12:16:22,351 - BDM-WAM 1574684171.7347224 - INFO - <Event(4-MouseMotion {'rel': (-17, 4), 'window': None, 'pos': (612, 291), 'buttons': (0, 0, 0)})>
2019-11-25 12:16:22,367 - BDM-WAM 1574684171.7347224 - INFO - <Event(4-MouseMotion {'rel': (-15, 1), 'window': None, 'pos': (597, 292), 'buttons': (0, 0, 0)})>
2019-11-25 12:16:22,407 - BDM-WAM 1574684171.7347224 - INFO - <Event(10-MoleUp) {'loc': (95,43)})>
2019-11-25 12:16:22,409 - BDM-WAM 1574684171.7347224 - INFO - <Event(4-MouseMotion {'rel': (-39, 0), 'window': None, 'pos': (558, 292), 'buttons': (0, 0, 0)})>
2019-11-25 12:16:22,426 - BDM-WAM 1574684171.7347224 - INFO - <Event(4-MouseMotion {'rel': (-7, 0), 'window': None, 'pos': (551, 292), 'buttons': (0, 0, 0)})>
2019-11-25 12:16:22,443 - BDM-WAM 1574684171.7347224 - INFO - <Event(4-MouseMotion {'rel': (-7, -1), 'window': None, 'pos': (544, 291), 'buttons': (0, 0, 0)})>
2019-11-25 12:16:22,460 - BDM-WAM 1574684171.7347224 - INFO - <Event(4-MouseMotion {'rel': (-4, 0), 'window': None, 'pos': (540, 291), 'buttons': (0, 0, 0)})>
2019-11-25 12:16:22,476 - BDM-WAM 1574684171.7347224 - INFO - <Event(4-MouseMotion {'rel': (-7, -1), 'window': None, 'pos': (533, 290), 'buttons': (0, 0, 0)})>
2019-11-25 12:16:22,511 - BDM-WAM 1574684171.7347224 - INFO - <Event(10-MoleUp) {'loc': (95,43)})>
2019-11-25 12:16:22,512 - BDM-WAM 1574684171.7347224 - INFO - <Event(4-MouseMotion {'rel': (-9, -3), 'window': None, 'pos': (524, 287), 'buttons': (0, 0, 0)})>
2019-11-25 12:16:22,530 - BDM-WAM 1574684171.7347224 - INFO - <Event(4-MouseMotion {'rel': (-1, 0), 'window': None, 'pos': (523, 287), 'buttons': (0, 0, 0)})>
2019-11-25 12:16:22,547 - BDM-WAM 1574684171.7347224 - INFO - <Event(4-MouseMotion {'rel': (1, -12), 'window': None, 'pos': (524, 275), 'buttons': (0, 0, 0)})>
2019-11-25 12:16:22,564 - BDM-WAM 1574684171.7347224 - INFO - <Event(4-MouseMotion {'rel': (8, -18), 'window': None, 'pos': (532, 257), 'buttons': (0, 0, 0)})>
2019-11-25 12:16:22,583 - BDM-WAM 1574684171.7347224 - INFO - <Event(4-MouseMotion {'rel': (15, -17), 'window': None, 'pos': (547, 240), 'buttons': (0, 0, 0)})>
2019-11-25 12:16:22,619 - BDM-WAM 1574684171.7347224 - INFO - <Event(10-MoleUp) {'loc': (95,43)})>
2019-11-25 12:16:22,620 - BDM-WAM 1574684171.7347224 - INFO - <Event(4-MouseMotion {'rel': (39, -29), 'window': None, 'pos': (586, 211), 'buttons': (0, 0, 0)})>
2019-11-25 12:16:22,638 - BDM-WAM 1574684171.7347224 - INFO - <Event(4-MouseMotion {'rel': (3, 1), 'window': None, 'pos': (589, 212), 'buttons': (0, 0, 0)})>
2019-11-25 12:16:22,655 - BDM-WAM 1574684171.7347224 - INFO - <Event(4-MouseMotion {'rel': (-2, 9), 'window': None, 'pos': (587, 221), 'buttons': (0, 0, 0)})>
2019-11-25 12:16:22,672 - BDM-WAM 1574684171.7347224 - INFO - <Event(4-MouseMotion {'rel': (-14, 15), 'window': None, 'pos': (573, 236), 'buttons': (0, 0, 0)})>
2019-11-25 12:16:22,689 - BDM-WAM 1574684171.7347224 - INFO - <Event(4-MouseMotion {'rel': (-21, 15), 'window': None, 'pos': (552, 251), 'buttons': (0, 0, 0)})>
2019-11-25 12:16:22,706 - BDM-WAM 1574684171.7347224 - INFO - <Event(4-MouseMotion {'rel': (-40, 14), 'window': None, 'pos': (512, 265), 'buttons': (0, 0, 0)})>
2019-11-25 12:16:22,724 - BDM-WAM 1574684171.7347224 - INFO - <Event(4-MouseMotion {'rel': (-53, -6), 'window': None, 'pos': (459, 259), 'buttons': (0, 0, 0)})>
2019-11-25 12:16:22,740 - BDM-WAM 1574684171.7347224 - INFO - <Event(4-MouseMotion {'rel': (-25, -13), 'window': None, 'pos': (434, 246), 'buttons': (0, 0, 0)})>
2019-11-25 12:16:22,758 - BDM-WAM 1574684171.7347224 - INFO - <Event(4-MouseMotion {'rel': (-19, -17), 'window': None, 'pos': (415, 229), 'buttons': (0, 0, 0)})>
2019-11-25 12:16:22,774 - BDM-WAM 1574684171.7347224 - INFO - <Event(4-MouseMotion {'rel': (-27, -37), 'window': None, 'pos': (388, 192), 'buttons': (0, 0, 0)})>
2019-11-25 12:16:22,792 - BDM-WAM 1574684171.7347224 - INFO - <Event(4-MouseMotion {'rel': (-14, -30), 'window': None, 'pos': (374, 162), 'buttons': (0, 0, 0)})>
2019-11-25 12:16:22,808 - BDM-WAM 1574684171.7347224 - INFO - <Event(4-MouseMotion {'rel': (-12, -38), 'window': None, 'pos': (362, 124), 'buttons': (0, 0, 0)})>
2019-11-25 12:16:23,049 - BDM-WAM 1574684171.7347224 - INFO - <Event(4-MouseMotion {'rel': (-51, -12), 'window': None, 'pos': (311, 112), 'buttons': (0, 0, 0)})>
2019-11-25 12:16:23,067 - BDM-WAM 1574684171.7347224 - INFO - <Event(4-MouseMotion {'rel': (-31, -6), 'window': None, 'pos': (280, 106), 'buttons': (0, 0, 0)})>
2019-11-25 12:16:23,084 - BDM-WAM 1574684171.7347224 - INFO - <Event(4-MouseMotion {'rel': (-35, -9), 'window': None, 'pos': (245, 97), 'buttons': (0, 0, 0)})>
2019-11-25 12:16:23,100 - BDM-WAM 1574684171.7347224 - INFO - <Event(4-MouseMotion {'rel': (-14, -2), 'window': None, 'pos': (231, 95), 'buttons': (0, 0, 0)})>
2019-11-25 12:16:23,117 - BDM-WAM 1574684171.7347224 - INFO - <Event(4-MouseMotion {'rel': (-9, -1), 'window': None, 'pos': (222, 94), 'buttons': (0, 0, 0)})>
2019-11-25 12:16:23,133 - BDM-WAM 1574684171.7347224 - INFO - <Event(4-MouseMotion {'rel': (-6, -1), 'window': None, 'pos': (216, 93), 'buttons': (0, 0, 0)})>
2019-11-25 12:16:23,150 - BDM-WAM 1574684171.7347224 - INFO - <Event(4-MouseMotion {'rel': (-4, -1), 'window': None, 'pos': (212, 92), 'buttons': (0, 0, 0)})>
2019-11-25 12:16:23,167 - BDM-WAM 1574684171.7347224 - INFO - <Event(4-MouseMotion {'rel': (-4, -1), 'window': None, 'pos': (208, 91), 'buttons': (0, 0, 0)})>
2019-11-25 12:16:23,183 - BDM-WAM 1574684171.7347224 - INFO - <Event(4-MouseMotion {'rel': (-6, 0), 'window': None, 'pos': (202, 91), 'buttons': (0, 0, 0)})>
2019-11-25 12:16:23,200 - BDM-WAM 1574684171.7347224 - INFO - <Event(4-MouseMotion {'rel': (-3, 0), 'window': None, 'pos': (199, 91), 'buttons': (0, 0, 0)})>
2019-11-25 12:16:23,217 - BDM-WAM 1574684171.7347224 - INFO - <Event(4-MouseMotion {'rel': (-6, 0), 'window': None, 'pos': (193, 91), 'buttons': (0, 0, 0)})>
2019-11-25 12:16:23,233 - BDM-WAM 1574684171.7347224 - INFO - <Event(4-MouseMotion {'rel': (-5, 0), 'window': None, 'pos': (188, 91), 'buttons': (0, 0, 0)})>
2019-11-25 12:16:23,252 - BDM-WAM 1574684171.7347224 - INFO - <Event(4-MouseMotion {'rel': (-6, 1), 'window': None, 'pos': (182, 92), 'buttons': (0, 0, 0)})>
2019-11-25 12:16:23,268 - BDM-WAM 1574684171.7347224 - INFO - <Event(4-MouseMotion {'rel': (-2, 0), 'window': None, 'pos': (180, 92), 'buttons': (0, 0, 0)})>
2019-11-25 12:16:23,301 - BDM-WAM 1574684171.7347224 - INFO - <Event(4-MouseMotion {'rel': (-2, 0), 'window': None, 'pos': (178, 92), 'buttons': (0, 0, 0)})>
2019-11-25 12:16:23,318 - BDM-WAM 1574684171.7347224 - INFO - <Event(4-MouseMotion {'rel': (-1, 0), 'window': None, 'pos': (177, 92), 'buttons': (0, 0, 0)})>
2019-11-25 12:16:23,336 - BDM-WAM 1574684171.7347224 - INFO - <Event(4-MouseMotion {'rel': (-5, 5), 'window': None, 'pos': (172, 97), 'buttons': (0, 0, 0)})>
2019-11-25 12:16:23,352 - BDM-WAM 1574684171.7347224 - INFO - <Event(4-MouseMotion {'rel': (-8, 4), 'window': None, 'pos': (164, 101), 'buttons': (0, 0, 0)})>
2019-11-25 12:16:23,369 - BDM-WAM 1574684171.7347224 - INFO - <Event(4-MouseMotion {'rel': (-6, 2), 'window': None, 'pos': (158, 103), 'buttons': (0, 0, 0)})>
2019-11-25 12:16:23,387 - BDM-WAM 1574684171.7347224 - INFO - <Event(4-MouseMotion {'rel': (-5, 0), 'window': None, 'pos': (153, 103), 'buttons': (0, 0, 0)})>
2019-11-25 12:16:23,438 - BDM-WAM 1574684171.7347224 - INFO - <Event(5-MouseButtonDown {'window': None, 'pos': (153, 103), 'button': 1})>
2019-11-25 12:16:23,439 - BDM-WAM 1574684171.7347224 - INFO - <Event(8-Pause {'reason': <bound method GameManager.pause of <game.GameManager object at 0x0000021AFF7A9E10>> })>
2019-11-25 12:16:24,123 - BDM-WAM 1574684171.7347224 - INFO - <Event(7-Rate {'hit_conf': 1 })>
2019-11-25 12:16:24,353 - BDM-WAM 1574684171.7347224 - INFO - <Event(7-Rate {'reward_conf': 1 })>
2019-11-25 12:16:24,547 - BDM-WAM 1574684171.7347224 - INFO - <Event(7-Rate {'player_skill': 1 })>
2019-11-25 12:16:24,548 - BDM-WAM 1574684171.7347224 - INFO - <Event(9.1-True Hit {'pos': (153,103),'distance: 83.45058418010026,'relative_loc: (58, 60),'window': None})>
2019-11-25 12:16:24,589 - BDM-WAM 1574684171.7347224 - INFO - <Event(10-MoleUp) {'loc': (95,43)})>
2019-11-25 12:16:24,624 - BDM-WAM 1574684171.7347224 - INFO - <Event(3-KeyUp {'mod': 0, 'scancode': 2, 'window': None, 'key': 49})>
2019-11-25 12:16:24,885 - BDM-WAM 1574684171.7347224 - INFO - <Event(10-MoleUp) {'loc': (95,43)})>
2019-11-25 12:16:24,999 - BDM-WAM 1574684171.7347224 - INFO - <Event(10-MoleUp) {'loc': (95,43)})>
2019-11-25 12:16:25,138 - BDM-WAM 1574684171.7347224 - INFO - <Event(4-MouseMotion {'rel': (-1, 6), 'window': None, 'pos': (152, 109), 'buttons': (0, 0, 0)})>
2019-11-25 12:16:25,155 - BDM-WAM 1574684171.7347224 - INFO - <Event(4-MouseMotion {'rel': (-1, 10), 'window': None, 'pos': (151, 119), 'buttons': (0, 0, 0)})>
2019-11-25 12:16:25,172 - BDM-WAM 1574684171.7347224 - INFO - <Event(4-MouseMotion {'rel': (1, 11), 'window': None, 'pos': (152, 130), 'buttons': (0, 0, 0)})>
2019-11-25 12:16:25,189 - BDM-WAM 1574684171.7347224 - INFO - <Event(4-MouseMotion {'rel': (6, 17), 'window': None, 'pos': (158, 147), 'buttons': (0, 0, 0)})>
2019-11-25 12:16:25,206 - BDM-WAM 1574684171.7347224 - INFO - <Event(4-MouseMotion {'rel': (31, 52), 'window': None, 'pos': (189, 199), 'buttons': (0, 0, 0)})>
2019-11-25 12:16:25,224 - BDM-WAM 1574684171.7347224 - INFO - <Event(4-MouseMotion {'rel': (23, 28), 'window': None, 'pos': (212, 227), 'buttons': (0, 0, 0)})>
2019-11-25 12:16:25,241 - BDM-WAM 1574684171.7347224 - INFO - <Event(4-MouseMotion {'rel': (18, 21), 'window': None, 'pos': (230, 248), 'buttons': (0, 0, 0)})>
2019-11-25 12:16:25,257 - BDM-WAM 1574684171.7347224 - INFO - <Event(4-MouseMotion {'rel': (12, 15), 'window': None, 'pos': (242, 263), 'buttons': (0, 0, 0)})>
2019-11-25 12:16:25,277 - BDM-WAM 1574684171.7347224 - INFO - <Event(4-MouseMotion {'rel': (6, 6), 'window': None, 'pos': (248, 269), 'buttons': (0, 0, 0)})>
2019-11-25 12:16:25,507 - BDM-WAM 1574684171.7347224 - INFO - <Event(10-MoleUp) {'loc': (95,43)})>
2019-11-25 12:16:25,560 - BDM-WAM 1574684171.7347224 - INFO - <Event(4-MouseMotion {'rel': (3, -4), 'window': None, 'pos': (251, 265), 'buttons': (0, 0, 0)})>
2019-11-25 12:16:25,577 - BDM-WAM 1574684171.7347224 - INFO - <Event(4-MouseMotion {'rel': (1, -6), 'window': None, 'pos': (252, 259), 'buttons': (0, 0, 0)})>
2019-11-25 12:16:25,620 - BDM-WAM 1574684171.7347224 - INFO - <Event(10-MoleUp) {'loc': (95,43)})>
2019-11-25 12:16:25,622 - BDM-WAM 1574684171.7347224 - INFO - <Event(4-MouseMotion {'rel': (5, -10), 'window': None, 'pos': (257, 249), 'buttons': (0, 0, 0)})>
2019-11-25 12:16:25,639 - BDM-WAM 1574684171.7347224 - INFO - <Event(4-MouseMotion {'rel': (7, -5), 'window': None, 'pos': (264, 244), 'buttons': (0, 0, 0)})>
2019-11-25 12:16:25,658 - BDM-WAM 1574684171.7347224 - INFO - <Event(4-MouseMotion {'rel': (14, -6), 'window': None, 'pos': (278, 238), 'buttons': (0, 0, 0)})>
2019-11-25 12:16:25,675 - BDM-WAM 1574684171.7347224 - INFO - <Event(4-MouseMotion {'rel': (26, -6), 'window': None, 'pos': (304, 232), 'buttons': (0, 0, 0)})>
2019-11-25 12:16:25,693 - BDM-WAM 1574684171.7347224 - INFO - <Event(4-MouseMotion {'rel': (8, 0), 'window': None, 'pos': (312, 232), 'buttons': (0, 0, 0)})>
2019-11-25 12:16:25,736 - BDM-WAM 1574684171.7347224 - INFO - <Event(10-MoleUp) {'loc': (95,43)})>
2019-11-25 12:16:25,737 - BDM-WAM 1574684171.7347224 - INFO - <Event(4-MouseMotion {'rel': (3, 0), 'window': None, 'pos': (315, 232), 'buttons': (0, 0, 0)})>
2019-11-25 12:16:25,754 - BDM-WAM 1574684171.7347224 - INFO - <Event(4-MouseMotion {'rel': (-6, 0), 'window': None, 'pos': (309, 232), 'buttons': (0, 0, 0)})>
2019-11-25 12:16:25,771 - BDM-WAM 1574684171.7347224 - INFO - <Event(4-MouseMotion {'rel': (-19, -5), 'window': None, 'pos': (290, 227), 'buttons': (0, 0, 0)})>
2019-11-25 12:16:25,789 - BDM-WAM 1574684171.7347224 - INFO - <Event(4-MouseMotion {'rel': (-34, -27), 'window': None, 'pos': (256, 200), 'buttons': (0, 0, 0)})>
2019-11-25 12:16:25,805 - BDM-WAM 1574684171.7347224 - INFO - <Event(4-MouseMotion {'rel': (-24, -32), 'window': None, 'pos': (232, 168), 'buttons': (0, 0, 0)})>
2019-11-25 12:16:25,822 - BDM-WAM 1574684171.7347224 - INFO - <Event(4-MouseMotion {'rel': (-17, -36), 'window': None, 'pos': (215, 132), 'buttons': (0, 0, 0)})>
2019-11-25 12:16:25,839 - BDM-WAM 1574684171.7347224 - INFO - <Event(4-MouseMotion {'rel': (-12, -25), 'window': None, 'pos': (203, 107), 'buttons': (0, 0, 0)})>
2019-11-25 12:16:25,857 - BDM-WAM 1574684171.7347224 - INFO - <Event(4-MouseMotion {'rel': (-7, -17), 'window': None, 'pos': (196, 90), 'buttons': (0, 0, 0)})>
2019-11-25 12:16:25,873 - BDM-WAM 1574684171.7347224 - INFO - <Event(4-MouseMotion {'rel': (-4, -9), 'window': None, 'pos': (192, 81), 'buttons': (0, 0, 0)})>
2019-11-25 12:16:25,891 - BDM-WAM 1574684171.7347224 - INFO - <Event(4-MouseMotion {'rel': (-1, -2), 'window': None, 'pos': (191, 79), 'buttons': (0, 0, 0)})>
2019-11-25 12:16:25,909 - BDM-WAM 1574684171.7347224 - INFO - <Event(4-MouseMotion {'rel': (-1, -1), 'window': None, 'pos': (190, 78), 'buttons': (0, 0, 0)})>
2019-11-25 12:16:25,926 - BDM-WAM 1574684171.7347224 - INFO - <Event(4-MouseMotion {'rel': (0, -2), 'window': None, 'pos': (190, 76), 'buttons': (0, 0, 0)})>
2019-11-25 12:16:25,942 - BDM-WAM 1574684171.7347224 - INFO - <Event(4-MouseMotion {'rel': (0, -1), 'window': None, 'pos': (190, 75), 'buttons': (0, 0, 0)})>
2019-11-25 12:16:25,976 - BDM-WAM 1574684171.7347224 - INFO - <Event(4-MouseMotion {'rel': (-1, 0), 'window': None, 'pos': (189, 75), 'buttons': (0, 0, 0)})>
2019-11-25 12:16:25,993 - BDM-WAM 1574684171.7347224 - INFO - <Event(4-MouseMotion {'rel': (-1, 1), 'window': None, 'pos': (188, 76), 'buttons': (0, 0, 0)})>
2019-11-25 12:16:26,010 - BDM-WAM 1574684171.7347224 - INFO - <Event(4-MouseMotion {'rel': (-3, 3), 'window': None, 'pos': (185, 79), 'buttons': (0, 0, 0)})>
2019-11-25 12:16:26,028 - BDM-WAM 1574684171.7347224 - INFO - <Event(4-MouseMotion {'rel': (-7, 7), 'window': None, 'pos': (178, 86), 'buttons': (0, 0, 0)})>
2019-11-25 12:16:26,045 - BDM-WAM 1574684171.7347224 - INFO - <Event(4-MouseMotion {'rel': (-5, 5), 'window': None, 'pos': (173, 91), 'buttons': (0, 0, 0)})>
2019-11-25 12:16:26,063 - BDM-WAM 1574684171.7347224 - INFO - <Event(4-MouseMotion {'rel': (-4, 3), 'window': None, 'pos': (169, 94), 'buttons': (0, 0, 0)})>
2019-11-25 12:16:26,081 - BDM-WAM 1574684171.7347224 - INFO - <Event(4-MouseMotion {'rel': (-5, 4), 'window': None, 'pos': (164, 98), 'buttons': (0, 0, 0)})>
2019-11-25 12:16:26,098 - BDM-WAM 1574684171.7347224 - INFO - <Event(4-MouseMotion {'rel': (-3, 1), 'window': None, 'pos': (161, 99), 'buttons': (0, 0, 0)})>
2019-11-25 12:16:26,114 - BDM-WAM 1574684171.7347224 - INFO - <Event(4-MouseMotion {'rel': (-3, 0), 'window': None, 'pos': (158, 99), 'buttons': (0, 0, 0)})>
2019-11-25 12:16:26,130 - BDM-WAM 1574684171.7347224 - INFO - <Event(4-MouseMotion {'rel': (-2, 0), 'window': None, 'pos': (156, 99), 'buttons': (0, 0, 0)})>
2019-11-25 12:16:26,248 - BDM-WAM 1574684171.7347224 - INFO - <Event(5-MouseButtonDown {'window': None, 'pos': (156, 99), 'button': 1})>
2019-11-25 12:16:26,248 - BDM-WAM 1574684171.7347224 - INFO - <Event(9.1-True Hit {'pos': (156,99),'distance: 82.80700453464067,'relative_loc: (61, 56),'window': None})>
2019-11-25 12:16:26,248 - BDM-WAM 1574684171.7347224 - INFO - <Event(8-Pause {'reason': <bound method GameManager.pause of <game.GameManager object at 0x0000021AFF7A9E10>> })>
2019-11-25 12:16:27,794 - BDM-WAM 1574684171.7347224 - INFO - <Event(10-MoleUp) {'loc': (95,43)})>
2019-11-25 12:16:27,932 - BDM-WAM 1574684171.7347224 - INFO - <Event(3-KeyUp {'mod': 0, 'scancode': 46, 'window': None, 'key': 99})>
2019-11-25 12:16:28,092 - BDM-WAM 1574684171.7347224 - INFO - <Event(10-MoleUp) {'loc': (95,43)})>
2019-11-25 12:16:28,205 - BDM-WAM 1574684171.7347224 - INFO - <Event(10-MoleUp) {'loc': (95,43)})>
2019-11-25 12:16:28,550 - BDM-WAM 1574684171.7347224 - INFO - <Event(4-MouseMotion {'rel': (48, 44), 'window': None, 'pos': (204, 143), 'buttons': (0, 0, 0)})>
2019-11-25 12:16:28,567 - BDM-WAM 1574684171.7347224 - INFO - <Event(4-MouseMotion {'rel': (38, 40), 'window': None, 'pos': (242, 183), 'buttons': (0, 0, 0)})>
2019-11-25 12:16:28,584 - BDM-WAM 1574684171.7347224 - INFO - <Event(4-MouseMotion {'rel': (36, 48), 'window': None, 'pos': (278, 231), 'buttons': (0, 0, 0)})>
2019-11-25 12:16:28,601 - BDM-WAM 1574684171.7347224 - INFO - <Event(4-MouseMotion {'rel': (18, 31), 'window': None, 'pos': (296, 262), 'buttons': (0, 0, 0)})>
2019-11-25 12:16:28,618 - BDM-WAM 1574684171.7347224 - INFO - <Event(4-MouseMotion {'rel': (6, 12), 'window': None, 'pos': (302, 274), 'buttons': (0, 0, 0)})>
2019-11-25 12:16:28,635 - BDM-WAM 1574684171.7347224 - INFO - <Event(4-MouseMotion {'rel': (2, 6), 'window': None, 'pos': (304, 280), 'buttons': (0, 0, 0)})>
2019-11-25 12:16:28,652 - BDM-WAM 1574684171.7347224 - INFO - <Event(4-MouseMotion {'rel': (0, 6), 'window': None, 'pos': (304, 286), 'buttons': (0, 0, 0)})>
2019-11-25 12:16:28,670 - BDM-WAM 1574684171.7347224 - INFO - <Event(4-MouseMotion {'rel': (0, 3), 'window': None, 'pos': (304, 289), 'buttons': (0, 0, 0)})>
2019-11-25 12:16:28,716 - BDM-WAM 1574684171.7347224 - INFO - <Event(10-MoleUp) {'loc': (658,232)})>
2019-11-25 12:16:28,717 - BDM-WAM 1574684171.7347224 - INFO - <Event(4-MouseMotion {'rel': (-28, -4), 'window': None, 'pos': (276, 285), 'buttons': (0, 0, 0)})>
2019-11-25 12:16:28,735 - BDM-WAM 1574684171.7347224 - INFO - <Event(4-MouseMotion {'rel': (-7, -3), 'window': None, 'pos': (269, 282), 'buttons': (0, 0, 0)})>
2019-11-25 12:16:28,752 - BDM-WAM 1574684171.7347224 - INFO - <Event(4-MouseMotion {'rel': (-5, -3), 'window': None, 'pos': (264, 279), 'buttons': (0, 0, 0)})>
2019-11-25 12:16:28,768 - BDM-WAM 1574684171.7347224 - INFO - <Event(4-MouseMotion {'rel': (-4, -2), 'window': None, 'pos': (260, 277), 'buttons': (0, 0, 0)})>
2019-11-25 12:16:28,786 - BDM-WAM 1574684171.7347224 - INFO - <Event(4-MouseMotion {'rel': (-3, -2), 'window': None, 'pos': (257, 275), 'buttons': (0, 0, 0)})>
2019-11-25 12:16:28,830 - BDM-WAM 1574684171.7347224 - INFO - <Event(10-MoleUp) {'loc': (658,232)})>
2019-11-25 12:16:28,832 - BDM-WAM 1574684171.7347224 - INFO - <Event(4-MouseMotion {'rel': (-3, -2), 'window': None, 'pos': (254, 273), 'buttons': (0, 0, 0)})>
2019-11-25 12:16:28,850 - BDM-WAM 1574684171.7347224 - INFO - <Event(4-MouseMotion {'rel': (-1, 0), 'window': None, 'pos': (253, 273), 'buttons': (0, 0, 0)})>
2019-11-25 12:16:28,866 - BDM-WAM 1574684171.7347224 - INFO - <Event(4-MouseMotion {'rel': (-1, 0), 'window': None, 'pos': (252, 273), 'buttons': (0, 0, 0)})>
2019-11-25 12:16:28,884 - BDM-WAM 1574684171.7347224 - INFO - <Event(4-MouseMotion {'rel': (-1, 0), 'window': None, 'pos': (251, 273), 'buttons': (0, 0, 0)})>
2019-11-25 12:16:28,901 - BDM-WAM 1574684171.7347224 - INFO - <Event(4-MouseMotion {'rel': (0, -1), 'window': None, 'pos': (251, 272), 'buttons': (0, 0, 0)})>
2019-11-25 12:16:28,945 - BDM-WAM 1574684171.7347224 - INFO - <Event(10-MoleUp) {'loc': (658,232)})>
2019-11-25 12:16:28,946 - BDM-WAM 1574684171.7347224 - INFO - <Event(4-MouseMotion {'rel': (1, -10), 'window': None, 'pos': (252, 262), 'buttons': (0, 0, 0)})>
2019-11-25 12:16:28,963 - BDM-WAM 1574684171.7347224 - INFO - <Event(4-MouseMotion {'rel': (15, -11), 'window': None, 'pos': (267, 251), 'buttons': (0, 0, 0)})>
2019-11-25 12:16:28,980 - BDM-WAM 1574684171.7347224 - INFO - <Event(4-MouseMotion {'rel': (41, -17), 'window': None, 'pos': (308, 234), 'buttons': (0, 0, 0)})>
2019-11-25 12:16:28,997 - BDM-WAM 1574684171.7347224 - INFO - <Event(4-MouseMotion {'rel': (68, -10), 'window': None, 'pos': (376, 224), 'buttons': (0, 0, 0)})>
2019-11-25 12:16:29,016 - BDM-WAM 1574684171.7347224 - INFO - <Event(4-MouseMotion {'rel': (107, 12), 'window': None, 'pos': (483, 236), 'buttons': (0, 0, 0)})>
2019-11-25 12:16:29,033 - BDM-WAM 1574684171.7347224 - INFO - <Event(4-MouseMotion {'rel': (45, 14), 'window': None, 'pos': (528, 250), 'buttons': (0, 0, 0)})>
2019-11-25 12:16:29,049 - BDM-WAM 1574684171.7347224 - INFO - <Event(4-MouseMotion {'rel': (24, 10), 'window': None, 'pos': (552, 260), 'buttons': (0, 0, 0)})>
2019-11-25 12:16:29,067 - BDM-WAM 1574684171.7347224 - INFO - <Event(4-MouseMotion {'rel': (14, 4), 'window': None, 'pos': (566, 264), 'buttons': (0, 0, 0)})>
2019-11-25 12:16:29,083 - BDM-WAM 1574684171.7347224 - INFO - <Event(4-MouseMotion {'rel': (7, 3), 'window': None, 'pos': (573, 267), 'buttons': (0, 0, 0)})>
2019-11-25 12:16:29,101 - BDM-WAM 1574684171.7347224 - INFO - <Event(4-MouseMotion {'rel': (8, 0), 'window': None, 'pos': (581, 267), 'buttons': (0, 0, 0)})>
2019-11-25 12:16:29,117 - BDM-WAM 1574684171.7347224 - INFO - <Event(4-MouseMotion {'rel': (4, -1), 'window': None, 'pos': (585, 266), 'buttons': (0, 0, 0)})>
2019-11-25 12:16:29,135 - BDM-WAM 1574684171.7347224 - INFO - <Event(4-MouseMotion {'rel': (3, -4), 'window': None, 'pos': (588, 262), 'buttons': (0, 0, 0)})>
2019-11-25 12:16:29,151 - BDM-WAM 1574684171.7347224 - INFO - <Event(4-MouseMotion {'rel': (2, -3), 'window': None, 'pos': (590, 259), 'buttons': (0, 0, 0)})>
2019-11-25 12:16:29,169 - BDM-WAM 1574684171.7347224 - INFO - <Event(4-MouseMotion {'rel': (3, -5), 'window': None, 'pos': (593, 254), 'buttons': (0, 0, 0)})>
2019-11-25 12:16:29,186 - BDM-WAM 1574684171.7347224 - INFO - <Event(4-MouseMotion {'rel': (1, -3), 'window': None, 'pos': (594, 251), 'buttons': (0, 0, 0)})>
2019-11-25 12:16:29,203 - BDM-WAM 1574684171.7347224 - INFO - <Event(4-MouseMotion {'rel': (1, -4), 'window': None, 'pos': (595, 247), 'buttons': (0, 0, 0)})>
2019-11-25 12:16:29,219 - BDM-WAM 1574684171.7347224 - INFO - <Event(4-MouseMotion {'rel': (3, -2), 'window': None, 'pos': (598, 245), 'buttons': (0, 0, 0)})>
2019-11-25 12:16:29,236 - BDM-WAM 1574684171.7347224 - INFO - <Event(4-MouseMotion {'rel': (2, -2), 'window': None, 'pos': (600, 243), 'buttons': (0, 0, 0)})>
2019-11-25 12:16:29,253 - BDM-WAM 1574684171.7347224 - INFO - <Event(4-MouseMotion {'rel': (10, -3), 'window': None, 'pos': (610, 240), 'buttons': (0, 0, 0)})>
2019-11-25 12:16:29,271 - BDM-WAM 1574684171.7347224 - INFO - <Event(4-MouseMotion {'rel': (12, 0), 'window': None, 'pos': (622, 240), 'buttons': (0, 0, 0)})>
2019-11-25 12:16:29,289 - BDM-WAM 1574684171.7347224 - INFO - <Event(4-MouseMotion {'rel': (14, 3), 'window': None, 'pos': (636, 243), 'buttons': (0, 0, 0)})>
2019-11-25 12:16:29,306 - BDM-WAM 1574684171.7347224 - INFO - <Event(4-MouseMotion {'rel': (13, 4), 'window': None, 'pos': (649, 247), 'buttons': (0, 0, 0)})>
2019-11-25 12:16:29,322 - BDM-WAM 1574684171.7347224 - INFO - <Event(4-MouseMotion {'rel': (11, 5), 'window': None, 'pos': (660, 252), 'buttons': (0, 0, 0)})>
2019-11-25 12:16:29,339 - BDM-WAM 1574684171.7347224 - INFO - <Event(4-MouseMotion {'rel': (6, 3), 'window': None, 'pos': (666, 255), 'buttons': (0, 0, 0)})>
2019-11-25 12:16:29,355 - BDM-WAM 1574684171.7347224 - INFO - <Event(4-MouseMotion {'rel': (5, 3), 'window': None, 'pos': (671, 258), 'buttons': (0, 0, 0)})>
2019-11-25 12:16:29,374 - BDM-WAM 1574684171.7347224 - INFO - <Event(4-MouseMotion {'rel': (3, 1), 'window': None, 'pos': (674, 259), 'buttons': (0, 0, 0)})>
2019-11-25 12:16:29,391 - BDM-WAM 1574684171.7347224 - INFO - <Event(4-MouseMotion {'rel': (2, 0), 'window': None, 'pos': (676, 259), 'buttons': (0, 0, 0)})>
2019-11-25 12:16:29,408 - BDM-WAM 1574684171.7347224 - INFO - <Event(4-MouseMotion {'rel': (0, 1), 'window': None, 'pos': (676, 260), 'buttons': (0, 0, 0)})>
2019-11-25 12:16:29,544 - BDM-WAM 1574684171.7347224 - INFO - <Event(5-MouseButtonDown {'window': None, 'pos': (676, 260), 'button': 1})>
2019-11-25 12:16:29,545 - BDM-WAM 1574684171.7347224 - INFO - <Event(8-Pause {'reason': <bound method GameManager.pause of <game.GameManager object at 0x0000021AFF7A9E10>> })>
2019-11-25 12:16:30,189 - BDM-WAM 1574684171.7347224 - INFO - <Event(7-Rate {'hit_conf': 1 })>
2019-11-25 12:16:30,429 - BDM-WAM 1574684171.7347224 - INFO - <Event(7-Rate {'reward_conf': 1 })>
2019-11-25 12:16:30,599 - BDM-WAM 1574684171.7347224 - INFO - <Event(7-Rate {'player_skill': 1 })>
2019-11-25 12:16:30,599 - BDM-WAM 1574684171.7347224 - INFO - <Event(9.1-True Hit {'pos': (676,260),'distance: 33.28663395418648,'relative_loc: (18, 28),'window': None})>
2019-11-25 12:16:30,635 - BDM-WAM 1574684171.7347224 - INFO - <Event(10-MoleUp) {'loc': (658,232)})>
2019-11-25 12:16:30,648 - BDM-WAM 1574684171.7347224 - INFO - <Event(3-KeyUp {'mod': 0, 'scancode': 2, 'window': None, 'key': 49})>
2019-11-25 12:16:30,932 - BDM-WAM 1574684171.7347224 - INFO - <Event(10-MoleUp) {'loc': (658,232)})>
2019-11-25 12:16:31,048 - BDM-WAM 1574684171.7347224 - INFO - <Event(10-MoleUp) {'loc': (658,232)})>
2019-11-25 12:16:31,129 - BDM-WAM 1574684171.7347224 - INFO - <Event(4-MouseMotion {'rel': (0, 2), 'window': None, 'pos': (676, 262), 'buttons': (0, 0, 0)})>
2019-11-25 12:16:31,147 - BDM-WAM 1574684171.7347224 - INFO - <Event(4-MouseMotion {'rel': (0, 1), 'window': None, 'pos': (676, 263), 'buttons': (0, 0, 0)})>
2019-11-25 12:16:31,164 - BDM-WAM 1574684171.7347224 - INFO - <Event(4-MouseMotion {'rel': (0, 1), 'window': None, 'pos': (676, 264), 'buttons': (0, 0, 0)})>
2019-11-25 12:16:31,180 - BDM-WAM 1574684171.7347224 - INFO - <Event(4-MouseMotion {'rel': (1, 0), 'window': None, 'pos': (677, 264), 'buttons': (0, 0, 0)})>
2019-11-25 12:16:31,197 - BDM-WAM 1574684171.7347224 - INFO - <Event(4-MouseMotion {'rel': (2, 0), 'window': None, 'pos': (679, 264), 'buttons': (0, 0, 0)})>
2019-11-25 12:16:31,250 - BDM-WAM 1574684171.7347224 - INFO - <Event(4-MouseMotion {'rel': (-3, 0), 'window': None, 'pos': (676, 264), 'buttons': (0, 0, 0)})>
2019-11-25 12:16:31,266 - BDM-WAM 1574684171.7347224 - INFO - <Event(4-MouseMotion {'rel': (-16, -1), 'window': None, 'pos': (660, 263), 'buttons': (0, 0, 0)})>
2019-11-25 12:16:31,283 - BDM-WAM 1574684171.7347224 - INFO - <Event(4-MouseMotion {'rel': (-28, -4), 'window': None, 'pos': (632, 259), 'buttons': (0, 0, 0)})>
2019-11-25 12:16:31,300 - BDM-WAM 1574684171.7347224 - INFO - <Event(4-MouseMotion {'rel': (-53, -6), 'window': None, 'pos': (579, 253), 'buttons': (0, 0, 0)})>
2019-11-25 12:16:31,317 - BDM-WAM 1574684171.7347224 - INFO - <Event(4-MouseMotion {'rel': (-23, -6), 'window': None, 'pos': (556, 247), 'buttons': (0, 0, 0)})>
2019-11-25 12:16:31,333 - BDM-WAM 1574684171.7347224 - INFO - <Event(4-MouseMotion {'rel': (-17, -5), 'window': None, 'pos': (539, 242), 'buttons': (0, 0, 0)})>
2019-11-25 12:16:31,351 - BDM-WAM 1574684171.7347224 - INFO - <Event(4-MouseMotion {'rel': (-7, -4), 'window': None, 'pos': (532, 238), 'buttons': (0, 0, 0)})>
2019-11-25 12:16:31,545 - BDM-WAM 1574684171.7347224 - INFO - <Event(10-MoleUp) {'loc': (603,11)})>
2019-11-25 12:16:31,581 - BDM-WAM 1574684171.7347224 - INFO - <Event(4-MouseMotion {'rel': (-4, 0), 'window': None, 'pos': (528, 238), 'buttons': (0, 0, 0)})>
2019-11-25 12:16:31,598 - BDM-WAM 1574684171.7347224 - INFO - <Event(4-MouseMotion {'rel': (-13, -2), 'window': None, 'pos': (515, 236), 'buttons': (0, 0, 0)})>
2019-11-25 12:16:31,616 - BDM-WAM 1574684171.7347224 - INFO - <Event(4-MouseMotion {'rel': (-8, -4), 'window': None, 'pos': (507, 232), 'buttons': (0, 0, 0)})>
2019-11-25 12:16:31,654 - BDM-WAM 1574684171.7347224 - INFO - <Event(10-MoleUp) {'loc': (603,11)})>
2019-11-25 12:16:31,655 - BDM-WAM 1574684171.7347224 - INFO - <Event(4-MouseMotion {'rel': (-21, -29), 'window': None, 'pos': (486, 203), 'buttons': (0, 0, 0)})>
2019-11-25 12:16:31,676 - BDM-WAM 1574684171.7347224 - INFO - <Event(4-MouseMotion {'rel': (-4, -18), 'window': None, 'pos': (482, 185), 'buttons': (0, 0, 0)})>
2019-11-25 12:16:31,692 - BDM-WAM 1574684171.7347224 - INFO - <Event(4-MouseMotion {'rel': (0, -7), 'window': None, 'pos': (482, 178), 'buttons': (0, 0, 0)})>
2019-11-25 12:16:31,709 - BDM-WAM 1574684171.7347224 - INFO - <Event(4-MouseMotion {'rel': (0, -6), 'window': None, 'pos': (482, 172), 'buttons': (0, 0, 0)})>
2019-11-25 12:16:31,725 - BDM-WAM 1574684171.7347224 - INFO - <Event(4-MouseMotion {'rel': (1, -3), 'window': None, 'pos': (483, 169), 'buttons': (0, 0, 0)})>
2019-11-25 12:16:31,768 - BDM-WAM 1574684171.7347224 - INFO - <Event(10-MoleUp) {'loc': (603,11)})>
2019-11-25 12:16:31,769 - BDM-WAM 1574684171.7347224 - INFO - <Event(4-MouseMotion {'rel': (4, -4), 'window': None, 'pos': (487, 165), 'buttons': (0, 0, 0)})>
2019-11-25 12:16:31,787 - BDM-WAM 1574684171.7347224 - INFO - <Event(4-MouseMotion {'rel': (3, -2), 'window': None, 'pos': (490, 163), 'buttons': (0, 0, 0)})>
2019-11-25 12:16:31,804 - BDM-WAM 1574684171.7347224 - INFO - <Event(4-MouseMotion {'rel': (4, -2), 'window': None, 'pos': (494, 161), 'buttons': (0, 0, 0)})>
2019-11-25 12:16:31,821 - BDM-WAM 1574684171.7347224 - INFO - <Event(4-MouseMotion {'rel': (5, -6), 'window': None, 'pos': (499, 155), 'buttons': (0, 0, 0)})>
2019-11-25 12:16:31,838 - BDM-WAM 1574684171.7347224 - INFO - <Event(4-MouseMotion {'rel': (7, -12), 'window': None, 'pos': (506, 143), 'buttons': (0, 0, 0)})>
2019-11-25 12:16:31,855 - BDM-WAM 1574684171.7347224 - INFO - <Event(4-MouseMotion {'rel': (6, -12), 'window': None, 'pos': (512, 131), 'buttons': (0, 0, 0)})>
2019-11-25 12:16:31,872 - BDM-WAM 1574684171.7347224 - INFO - <Event(4-MouseMotion {'rel': (10, -15), 'window': None, 'pos': (522, 116), 'buttons': (0, 0, 0)})>
2019-11-25 12:16:31,892 - BDM-WAM 1574684171.7347224 - INFO - <Event(4-MouseMotion {'rel': (18, -19), 'window': None, 'pos': (540, 97), 'buttons': (0, 0, 0)})>
2019-11-25 12:16:31,907 - BDM-WAM 1574684171.7347224 - INFO - <Event(4-MouseMotion {'rel': (18, -11), 'window': None, 'pos': (558, 86), 'buttons': (0, 0, 0)})>
2019-11-25 12:16:31,925 - BDM-WAM 1574684171.7347224 - INFO - <Event(4-MouseMotion {'rel': (15, -6), 'window': None, 'pos': (573, 80), 'buttons': (0, 0, 0)})>
2019-11-25 12:16:31,941 - BDM-WAM 1574684171.7347224 - INFO - <Event(4-MouseMotion {'rel': (9, -2), 'window': None, 'pos': (582, 78), 'buttons': (0, 0, 0)})>
2019-11-25 12:16:31,959 - BDM-WAM 1574684171.7347224 - INFO - <Event(4-MouseMotion {'rel': (11, -1), 'window': None, 'pos': (593, 77), 'buttons': (0, 0, 0)})>
2019-11-25 12:16:31,975 - BDM-WAM 1574684171.7347224 - INFO - <Event(4-MouseMotion {'rel': (7, 0), 'window': None, 'pos': (600, 77), 'buttons': (0, 0, 0)})>
2019-11-25 12:16:31,993 - BDM-WAM 1574684171.7347224 - INFO - <Event(4-MouseMotion {'rel': (11, 2), 'window': None, 'pos': (611, 79), 'buttons': (0, 0, 0)})>
2019-11-25 12:16:32,009 - BDM-WAM 1574684171.7347224 - INFO - <Event(4-MouseMotion {'rel': (10, 2), 'window': None, 'pos': (621, 81), 'buttons': (0, 0, 0)})>
2019-11-25 12:16:32,026 - BDM-WAM 1574684171.7347224 - INFO - <Event(4-MouseMotion {'rel': (9, 2), 'window': None, 'pos': (630, 83), 'buttons': (0, 0, 0)})>
2019-11-25 12:16:32,043 - BDM-WAM 1574684171.7347224 - INFO - <Event(4-MouseMotion {'rel': (6, 0), 'window': None, 'pos': (636, 83), 'buttons': (0, 0, 0)})>
2019-11-25 12:16:32,060 - BDM-WAM 1574684171.7347224 - INFO - <Event(4-MouseMotion {'rel': (7, 3), 'window': None, 'pos': (643, 86), 'buttons': (0, 0, 0)})>
2019-11-25 12:16:32,077 - BDM-WAM 1574684171.7347224 - INFO - <Event(4-MouseMotion {'rel': (2, 0), 'window': None, 'pos': (645, 86), 'buttons': (0, 0, 0)})>
2019-11-25 12:16:32,094 - BDM-WAM 1574684171.7347224 - INFO - <Event(4-MouseMotion {'rel': (3, 0), 'window': None, 'pos': (648, 86), 'buttons': (0, 0, 0)})>
2019-11-25 12:16:32,110 - BDM-WAM 1574684171.7347224 - INFO - <Event(4-MouseMotion {'rel': (2, 0), 'window': None, 'pos': (650, 86), 'buttons': (0, 0, 0)})>
2019-11-25 12:16:32,128 - BDM-WAM 1574684171.7347224 - INFO - <Event(4-MouseMotion {'rel': (2, -2), 'window': None, 'pos': (652, 84), 'buttons': (0, 0, 0)})>
2019-11-25 12:16:32,145 - BDM-WAM 1574684171.7347224 - INFO - <Event(4-MouseMotion {'rel': (0, -1), 'window': None, 'pos': (652, 83), 'buttons': (0, 0, 0)})>
2019-11-25 12:16:32,162 - BDM-WAM 1574684171.7347224 - INFO - <Event(4-MouseMotion {'rel': (0, -1), 'window': None, 'pos': (652, 82), 'buttons': (0, 0, 0)})>
2019-11-25 12:16:32,281 - BDM-WAM 1574684171.7347224 - INFO - <Event(5-MouseButtonDown {'window': None, 'pos': (652, 82), 'button': 1})>
2019-11-25 12:16:32,281 - BDM-WAM 1574684171.7347224 - INFO - <Event(9.1-True Hit {'pos': (652,82),'distance: 86.2670273047588,'relative_loc: (49, 71),'window': None})>
2019-11-25 12:16:32,329 - BDM-WAM 1574684171.7347224 - INFO - <Event(10-MoleUp) {'loc': (603,11)})>
2019-11-25 12:16:32,382 - BDM-WAM 1574684171.7347224 - INFO - <Event(6-MouseButtonUp {'window': None, 'pos': (652, 82), 'button': 1})>
2019-11-25 12:16:32,631 - BDM-WAM 1574684171.7347224 - INFO - <Event(10-MoleUp) {'loc': (603,11)})>
2019-11-25 12:16:32,734 - BDM-WAM 1574684171.7347224 - INFO - <Event(10-MoleUp) {'loc': (603,11)})>
2019-11-25 12:16:33,105 - BDM-WAM 1574684171.7347224 - INFO - <Event(4-MouseMotion {'rel': (-4, 5), 'window': None, 'pos': (648, 87), 'buttons': (0, 0, 0)})>
2019-11-25 12:16:33,122 - BDM-WAM 1574684171.7347224 - INFO - <Event(4-MouseMotion {'rel': (-28, 23), 'window': None, 'pos': (620, 110), 'buttons': (0, 0, 0)})>
2019-11-25 12:16:33,141 - BDM-WAM 1574684171.7347224 - INFO - <Event(4-MouseMotion {'rel': (-42, 25), 'window': None, 'pos': (578, 135), 'buttons': (0, 0, 0)})>
2019-11-25 12:16:33,157 - BDM-WAM 1574684171.7347224 - INFO - <Event(4-MouseMotion {'rel': (-20, 8), 'window': None, 'pos': (558, 143), 'buttons': (0, 0, 0)})>
2019-11-25 12:16:33,174 - BDM-WAM 1574684171.7347224 - INFO - <Event(4-MouseMotion {'rel': (-19, 8), 'window': None, 'pos': (539, 151), 'buttons': (0, 0, 0)})>
2019-11-25 12:16:33,191 - BDM-WAM 1574684171.7347224 - INFO - <Event(4-MouseMotion {'rel': (-17, 7), 'window': None, 'pos': (522, 158), 'buttons': (0, 0, 0)})>
2019-11-25 12:16:33,232 - BDM-WAM 1574684171.7347224 - INFO - <Event(10-MoleUp) {'loc': (603,11)})>
2019-11-25 12:16:33,234 - BDM-WAM 1574684171.7347224 - INFO - <Event(4-MouseMotion {'rel': (-26, 13), 'window': None, 'pos': (496, 171), 'buttons': (0, 0, 0)})>
2019-11-25 12:16:33,252 - BDM-WAM 1574684171.7347224 - INFO - <Event(4-MouseMotion {'rel': (-1, 0), 'window': None, 'pos': (495, 171), 'buttons': (0, 0, 0)})>
2019-11-25 12:16:33,346 - BDM-WAM 1574684171.7347224 - INFO - <Event(10-MoleUp) {'loc': (603,11)})>
2019-11-25 12:16:33,459 - BDM-WAM 1574684171.7347224 - INFO - <Event(10-MoleUp) {'loc': (603,11)})>
2019-11-25 12:16:33,530 - BDM-WAM 1574684171.7347224 - INFO - <Event(4-MouseMotion {'rel': (19, -10), 'window': None, 'pos': (514, 161), 'buttons': (0, 0, 0)})>
2019-11-25 12:16:33,546 - BDM-WAM 1574684171.7347224 - INFO - <Event(4-MouseMotion {'rel': (23, -22), 'window': None, 'pos': (537, 139), 'buttons': (0, 0, 0)})>
2019-11-25 12:16:33,563 - BDM-WAM 1574684171.7347224 - INFO - <Event(4-MouseMotion {'rel': (27, -32), 'window': None, 'pos': (564, 107), 'buttons': (0, 0, 0)})>
2019-11-25 12:16:33,580 - BDM-WAM 1574684171.7347224 - INFO - <Event(4-MouseMotion {'rel': (20, -21), 'window': None, 'pos': (584, 86), 'buttons': (0, 0, 0)})>
2019-11-25 12:16:33,597 - BDM-WAM 1574684171.7347224 - INFO - <Event(4-MouseMotion {'rel': (19, -15), 'window': None, 'pos': (603, 71), 'buttons': (0, 0, 0)})>
2019-11-25 12:16:33,615 - BDM-WAM 1574684171.7347224 - INFO - <Event(4-MouseMotion {'rel': (19, -9), 'window': None, 'pos': (622, 62), 'buttons': (0, 0, 0)})>
2019-11-25 12:16:33,631 - BDM-WAM 1574684171.7347224 - INFO - <Event(4-MouseMotion {'rel': (7, -3), 'window': None, 'pos': (629, 59), 'buttons': (0, 0, 0)})>
2019-11-25 12:16:33,648 - BDM-WAM 1574684171.7347224 - INFO - <Event(4-MouseMotion {'rel': (7, 0), 'window': None, 'pos': (636, 59), 'buttons': (0, 0, 0)})>
2019-11-25 12:16:33,665 - BDM-WAM 1574684171.7347224 - INFO - <Event(4-MouseMotion {'rel': (3, 0), 'window': None, 'pos': (639, 59), 'buttons': (0, 0, 0)})>
2019-11-25 12:16:33,683 - BDM-WAM 1574684171.7347224 - INFO - <Event(4-MouseMotion {'rel': (4, 0), 'window': None, 'pos': (643, 59), 'buttons': (0, 0, 0)})>
2019-11-25 12:16:33,699 - BDM-WAM 1574684171.7347224 - INFO - <Event(4-MouseMotion {'rel': (1, 0), 'window': None, 'pos': (644, 59), 'buttons': (0, 0, 0)})>
2019-11-25 12:16:33,735 - BDM-WAM 1574684171.7347224 - INFO - <Event(4-MouseMotion {'rel': (1, 0), 'window': None, 'pos': (645, 59), 'buttons': (0, 0, 0)})>
2019-11-25 12:16:33,801 - BDM-WAM 1574684171.7347224 - INFO - <Event(4-MouseMotion {'rel': (1, 0), 'window': None, 'pos': (646, 59), 'buttons': (0, 0, 0)})>
2019-11-25 12:16:33,940 - BDM-WAM 1574684171.7347224 - INFO - <Event(5-MouseButtonDown {'window': None, 'pos': (646, 59), 'button': 1})>
2019-11-25 12:16:33,940 - BDM-WAM 1574684171.7347224 - INFO - <Event(8-Pause {'reason': <bound method GameManager.pause of <game.GameManager object at 0x0000021AFF7A9E10>> })>
2019-11-25 12:16:34,500 - BDM-WAM 1574684171.7347224 - INFO - <Event(7-Rate {'hit_conf': 3 })>
2019-11-25 12:16:34,797 - BDM-WAM 1574684171.7347224 - INFO - <Event(7-Rate {'reward_conf': 3 })>
2019-11-25 12:16:34,980 - BDM-WAM 1574684171.7347224 - INFO - <Event(7-Rate {'player_skill': 3 })>
2019-11-25 12:16:34,981 - BDM-WAM 1574684171.7347224 - INFO - <Event(9.1-True Hit {'pos': (646,59),'distance: 64.4437739428721,'relative_loc: (43, 48),'window': None})>
2019-11-25 12:16:35,013 - BDM-WAM 1574684171.7347224 - INFO - <Event(10-MoleUp) {'loc': (603,11)})>
2019-11-25 12:16:35,082 - BDM-WAM 1574684171.7347224 - INFO - <Event(3-KeyUp {'mod': 0, 'scancode': 4, 'window': None, 'key': 51})>
2019-11-25 12:16:35,313 - BDM-WAM 1574684171.7347224 - INFO - <Event(10-MoleUp) {'loc': (603,11)})>
2019-11-25 12:16:35,431 - BDM-WAM 1574684171.7347224 - INFO - <Event(10-MoleUp) {'loc': (603,11)})>
2019-11-25 12:16:35,572 - BDM-WAM 1574684171.7347224 - INFO - <Event(4-MouseMotion {'rel': (-1, 7), 'window': None, 'pos': (645, 66), 'buttons': (0, 0, 0)})>
2019-11-25 12:16:35,589 - BDM-WAM 1574684171.7347224 - INFO - <Event(4-MouseMotion {'rel': (-5, 12), 'window': None, 'pos': (640, 78), 'buttons': (0, 0, 0)})>
2019-11-25 12:16:35,606 - BDM-WAM 1574684171.7347224 - INFO - <Event(4-MouseMotion {'rel': (-2, 4), 'window': None, 'pos': (638, 82), 'buttons': (0, 0, 0)})>
2019-11-25 12:16:35,827 - BDM-WAM 1574684171.7347224 - INFO - <Event(4-MouseMotion {'rel': (0, 8), 'window': None, 'pos': (638, 90), 'buttons': (0, 0, 0)})>
2019-11-25 12:16:35,845 - BDM-WAM 1574684171.7347224 - INFO - <Event(4-MouseMotion {'rel': (4, 28), 'window': None, 'pos': (642, 118), 'buttons': (0, 0, 0)})>
2019-11-25 12:16:35,861 - BDM-WAM 1574684171.7347224 - INFO - <Event(4-MouseMotion {'rel': (0, 22), 'window': None, 'pos': (642, 140), 'buttons': (0, 0, 0)})>
2019-11-25 12:16:35,878 - BDM-WAM 1574684171.7347224 - INFO - <Event(4-MouseMotion {'rel': (-2, 23), 'window': None, 'pos': (640, 163), 'buttons': (0, 0, 0)})>
2019-11-25 12:16:35,895 - BDM-WAM 1574684171.7347224 - INFO - <Event(4-MouseMotion {'rel': (-4, 16), 'window': None, 'pos': (636, 179), 'buttons': (0, 0, 0)})>
2019-11-25 12:16:35,929 - BDM-WAM 1574684171.7347224 - INFO - <Event(10-MoleUp) {'loc': (95,43)})>
2019-11-25 12:16:35,930 - BDM-WAM 1574684171.7347224 - INFO - <Event(4-MouseMotion {'rel': (-30, 36), 'window': None, 'pos': (606, 215), 'buttons': (0, 0, 0)})>
2019-11-25 12:16:35,947 - BDM-WAM 1574684171.7347224 - INFO - <Event(4-MouseMotion {'rel': (-24, 12), 'window': None, 'pos': (582, 227), 'buttons': (0, 0, 0)})>
2019-11-25 12:16:35,964 - BDM-WAM 1574684171.7347224 - INFO - <Event(4-MouseMotion {'rel': (-41, 12), 'window': None, 'pos': (541, 239), 'buttons': (0, 0, 0)})>
2019-11-25 12:16:35,983 - BDM-WAM 1574684171.7347224 - INFO - <Event(4-MouseMotion {'rel': (-57, -4), 'window': None, 'pos': (484, 235), 'buttons': (0, 0, 0)})>
2019-11-25 12:16:36,000 - BDM-WAM 1574684171.7347224 - INFO - <Event(4-MouseMotion {'rel': (-42, -9), 'window': None, 'pos': (442, 226), 'buttons': (0, 0, 0)})>
2019-11-25 12:16:36,043 - BDM-WAM 1574684171.7347224 - INFO - <Event(10-MoleUp) {'loc': (95,43)})>
2019-11-25 12:16:36,044 - BDM-WAM 1574684171.7347224 - INFO - <Event(4-MouseMotion {'rel': (-27, -10), 'window': None, 'pos': (415, 216), 'buttons': (0, 0, 0)})>
2019-11-25 12:16:36,149 - BDM-WAM 1574684171.7347224 - INFO - <Event(10-MoleUp) {'loc': (95,43)})>
2019-11-25 12:16:36,254 - BDM-WAM 1574684171.7347224 - INFO - <Event(4-MouseMotion {'rel': (-37, -7), 'window': None, 'pos': (378, 209), 'buttons': (0, 0, 0)})>
2019-11-25 12:16:36,271 - BDM-WAM 1574684171.7347224 - INFO - <Event(4-MouseMotion {'rel': (-30, -12), 'window': None, 'pos': (348, 197), 'buttons': (0, 0, 0)})>
2019-11-25 12:16:36,288 - BDM-WAM 1574684171.7347224 - INFO - <Event(4-MouseMotion {'rel': (-28, -22), 'window': None, 'pos': (320, 175), 'buttons': (0, 0, 0)})>
2019-11-25 12:16:36,305 - BDM-WAM 1574684171.7347224 - INFO - <Event(4-MouseMotion {'rel': (-45, -45), 'window': None, 'pos': (275, 130), 'buttons': (0, 0, 0)})>
2019-11-25 12:16:36,321 - BDM-WAM 1574684171.7347224 - INFO - <Event(4-MouseMotion {'rel': (-17, -21), 'window': None, 'pos': (258, 109), 'buttons': (0, 0, 0)})>
2019-11-25 12:16:36,338 - BDM-WAM 1574684171.7347224 - INFO - <Event(4-MouseMotion {'rel': (-10, -12), 'window': None, 'pos': (248, 97), 'buttons': (0, 0, 0)})>
2019-11-25 12:16:36,354 - BDM-WAM 1574684171.7347224 - INFO - <Event(4-MouseMotion {'rel': (-7, -8), 'window': None, 'pos': (241, 89), 'buttons': (0, 0, 0)})>
2019-11-25 12:16:36,371 - BDM-WAM 1574684171.7347224 - INFO - <Event(4-MouseMotion {'rel': (-2, -3), 'window': None, 'pos': (239, 86), 'buttons': (0, 0, 0)})>
2019-11-25 12:16:36,387 - BDM-WAM 1574684171.7347224 - INFO - <Event(4-MouseMotion {'rel': (-3, -2), 'window': None, 'pos': (236, 84), 'buttons': (0, 0, 0)})>
2019-11-25 12:16:36,405 - BDM-WAM 1574684171.7347224 - INFO - <Event(4-MouseMotion {'rel': (-3, -1), 'window': None, 'pos': (233, 83), 'buttons': (0, 0, 0)})>
2019-11-25 12:16:36,422 - BDM-WAM 1574684171.7347224 - INFO - <Event(4-MouseMotion {'rel': (-1, -1), 'window': None, 'pos': (232, 82), 'buttons': (0, 0, 0)})>
2019-11-25 12:16:36,438 - BDM-WAM 1574684171.7347224 - INFO - <Event(4-MouseMotion {'rel': (-3, 0), 'window': None, 'pos': (229, 82), 'buttons': (0, 0, 0)})>
2019-11-25 12:16:36,455 - BDM-WAM 1574684171.7347224 - INFO - <Event(4-MouseMotion {'rel': (-4, 1), 'window': None, 'pos': (225, 83), 'buttons': (0, 0, 0)})>
2019-11-25 12:16:36,474 - BDM-WAM 1574684171.7347224 - INFO - <Event(4-MouseMotion {'rel': (-7, 2), 'window': None, 'pos': (218, 85), 'buttons': (0, 0, 0)})>
2019-11-25 12:16:36,491 - BDM-WAM 1574684171.7347224 - INFO - <Event(4-MouseMotion {'rel': (-3, 2), 'window': None, 'pos': (215, 87), 'buttons': (0, 0, 0)})>
2019-11-25 12:16:36,507 - BDM-WAM 1574684171.7347224 - INFO - <Event(4-MouseMotion {'rel': (-3, 2), 'window': None, 'pos': (212, 89), 'buttons': (0, 0, 0)})>
2019-11-25 12:16:36,524 - BDM-WAM 1574684171.7347224 - INFO - <Event(4-MouseMotion {'rel': (-6, 3), 'window': None, 'pos': (206, 92), 'buttons': (0, 0, 0)})>
2019-11-25 12:16:36,541 - BDM-WAM 1574684171.7347224 - INFO - <Event(4-MouseMotion {'rel': (-5, 5), 'window': None, 'pos': (201, 97), 'buttons': (0, 0, 0)})>
2019-11-25 12:16:36,559 - BDM-WAM 1574684171.7347224 - INFO - <Event(4-MouseMotion {'rel': (-5, 6), 'window': None, 'pos': (196, 103), 'buttons': (0, 0, 0)})>
2019-11-25 12:16:36,575 - BDM-WAM 1574684171.7347224 - INFO - <Event(4-MouseMotion {'rel': (-4, 1), 'window': None, 'pos': (192, 104), 'buttons': (0, 0, 0)})>
2019-11-25 12:16:36,593 - BDM-WAM 1574684171.7347224 - INFO - <Event(4-MouseMotion {'rel': (-3, 2), 'window': None, 'pos': (189, 106), 'buttons': (0, 0, 0)})>
2019-11-25 12:16:36,609 - BDM-WAM 1574684171.7347224 - INFO - <Event(4-MouseMotion {'rel': (-3, 0), 'window': None, 'pos': (186, 106), 'buttons': (0, 0, 0)})>
2019-11-25 12:16:36,627 - BDM-WAM 1574684171.7347224 - INFO - <Event(4-MouseMotion {'rel': (-5, -4), 'window': None, 'pos': (181, 102), 'buttons': (0, 0, 0)})>
2019-11-25 12:16:36,644 - BDM-WAM 1574684171.7347224 - INFO - <Event(4-MouseMotion {'rel': (-2, -1), 'window': None, 'pos': (179, 101), 'buttons': (0, 0, 0)})>
2019-11-25 12:16:36,883 - BDM-WAM 1574684171.7347224 - INFO - <Event(4-MouseMotion {'rel': (-13, -2), 'window': None, 'pos': (166, 99), 'buttons': (0, 0, 0)})>
2019-11-25 12:16:36,900 - BDM-WAM 1574684171.7347224 - INFO - <Event(4-MouseMotion {'rel': (-7, -4), 'window': None, 'pos': (159, 95), 'buttons': (0, 0, 0)})>
2019-11-25 12:16:36,917 - BDM-WAM 1574684171.7347224 - INFO - <Event(4-MouseMotion {'rel': (-5, -1), 'window': None, 'pos': (154, 94), 'buttons': (0, 0, 0)})>
2019-11-25 12:16:36,934 - BDM-WAM 1574684171.7347224 - INFO - <Event(4-MouseMotion {'rel': (-2, -1), 'window': None, 'pos': (152, 93), 'buttons': (0, 0, 0)})>
2019-11-25 12:16:37,037 - BDM-WAM 1574684171.7347224 - INFO - <Event(5-MouseButtonDown {'window': None, 'pos': (152, 93), 'button': 1})>
2019-11-25 12:16:37,037 - BDM-WAM 1574684171.7347224 - INFO - <Event(9.1-True Hit {'pos': (152,93),'distance: 75.82216034906945,'relative_loc: (57, 50),'window': None})>
2019-11-25 12:16:37,074 - BDM-WAM 1574684171.7347224 - INFO - <Event(10-MoleUp) {'loc': (95,43)})>
2019-11-25 12:16:37,142 - BDM-WAM 1574684171.7347224 - INFO - <Event(6-MouseButtonUp {'window': None, 'pos': (152, 93), 'button': 1})>
2019-11-25 12:16:37,388 - BDM-WAM 1574684171.7347224 - INFO - <Event(10-MoleUp) {'loc': (95,43)})>
2019-11-25 12:16:37,496 - BDM-WAM 1574684171.7347224 - INFO - <Event(10-MoleUp) {'loc': (95,43)})>
2019-11-25 12:16:37,629 - BDM-WAM 1574684171.7347224 - INFO - <Event(4-MouseMotion {'rel': (8, 11), 'window': None, 'pos': (160, 104), 'buttons': (0, 0, 0)})>
2019-11-25 12:16:37,646 - BDM-WAM 1574684171.7347224 - INFO - <Event(4-MouseMotion {'rel': (20, 33), 'window': None, 'pos': (180, 137), 'buttons': (0, 0, 0)})>
2019-11-25 12:16:37,663 - BDM-WAM 1574684171.7347224 - INFO - <Event(4-MouseMotion {'rel': (12, 18), 'window': None, 'pos': (192, 155), 'buttons': (0, 0, 0)})>
2019-11-25 12:16:37,679 - BDM-WAM 1574684171.7347224 - INFO - <Event(4-MouseMotion {'rel': (11, 14), 'window': None, 'pos': (203, 169), 'buttons': (0, 0, 0)})>
2019-11-25 12:16:37,696 - BDM-WAM 1574684171.7347224 - INFO - <Event(4-MouseMotion {'rel': (11, 16), 'window': None, 'pos': (214, 185), 'buttons': (0, 0, 0)})>
2019-11-25 12:16:37,715 - BDM-WAM 1574684171.7347224 - INFO - <Event(4-MouseMotion {'rel': (22, 33), 'window': None, 'pos': (236, 218), 'buttons': (0, 0, 0)})>
2019-11-25 12:16:37,732 - BDM-WAM 1574684171.7347224 - INFO - <Event(4-MouseMotion {'rel': (9, 13), 'window': None, 'pos': (245, 231), 'buttons': (0, 0, 0)})>
2019-11-25 12:16:37,748 - BDM-WAM 1574684171.7347224 - INFO - <Event(4-MouseMotion {'rel': (4, 7), 'window': None, 'pos': (249, 238), 'buttons': (0, 0, 0)})>
2019-11-25 12:16:37,765 - BDM-WAM 1574684171.7347224 - INFO - <Event(4-MouseMotion {'rel': (2, 2), 'window': None, 'pos': (251, 240), 'buttons': (0, 0, 0)})>
2019-11-25 12:16:38,013 - BDM-WAM 1574684171.7347224 - INFO - <Event(10-MoleUp) {'loc': (179,169)})>
2019-11-25 12:16:38,048 - BDM-WAM 1574684171.7347224 - INFO - <Event(4-MouseMotion {'rel': (2, 0), 'window': None, 'pos': (253, 240), 'buttons': (0, 0, 0)})>
2019-11-25 12:16:38,065 - BDM-WAM 1574684171.7347224 - INFO - <Event(4-MouseMotion {'rel': (4, 0), 'window': None, 'pos': (257, 240), 'buttons': (0, 0, 0)})>
2019-11-25 12:16:38,081 - BDM-WAM 1574684171.7347224 - INFO - <Event(4-MouseMotion {'rel': (6, 0), 'window': None, 'pos': (263, 240), 'buttons': (0, 0, 0)})>
2019-11-25 12:16:38,124 - BDM-WAM 1574684171.7347224 - INFO - <Event(10-MoleUp) {'loc': (179,169)})>
2019-11-25 12:16:38,125 - BDM-WAM 1574684171.7347224 - INFO - <Event(4-MouseMotion {'rel': (30, 2), 'window': None, 'pos': (293, 242), 'buttons': (0, 0, 0)})>
2019-11-25 12:16:38,144 - BDM-WAM 1574684171.7347224 - INFO - <Event(4-MouseMotion {'rel': (23, 0), 'window': None, 'pos': (316, 242), 'buttons': (0, 0, 0)})>
2019-11-25 12:16:38,160 - BDM-WAM 1574684171.7347224 - INFO - <Event(4-MouseMotion {'rel': (7, 0), 'window': None, 'pos': (323, 242), 'buttons': (0, 0, 0)})>
2019-11-25 12:16:38,177 - BDM-WAM 1574684171.7347224 - INFO - <Event(4-MouseMotion {'rel': (3, 0), 'window': None, 'pos': (326, 242), 'buttons': (0, 0, 0)})>
2019-11-25 12:16:38,194 - BDM-WAM 1574684171.7347224 - INFO - <Event(4-MouseMotion {'rel': (2, 0), 'window': None, 'pos': (328, 242), 'buttons': (0, 0, 0)})>
2019-11-25 12:16:38,239 - BDM-WAM 1574684171.7347224 - INFO - <Event(10-MoleUp) {'loc': (179,169)})>
2019-11-25 12:16:38,241 - BDM-WAM 1574684171.7347224 - INFO - <Event(4-MouseMotion {'rel': (-5, -2), 'window': None, 'pos': (323, 240), 'buttons': (0, 0, 0)})>
2019-11-25 12:16:38,259 - BDM-WAM 1574684171.7347224 - INFO - <Event(4-MouseMotion {'rel': (-7, -3), 'window': None, 'pos': (316, 237), 'buttons': (0, 0, 0)})>
2019-11-25 12:16:38,275 - BDM-WAM 1574684171.7347224 - INFO - <Event(4-MouseMotion {'rel': (-24, -3), 'window': None, 'pos': (292, 234), 'buttons': (0, 0, 0)})>
2019-11-25 12:16:38,292 - BDM-WAM 1574684171.7347224 - INFO - <Event(4-MouseMotion {'rel': (-19, -3), 'window': None, 'pos': (273, 231), 'buttons': (0, 0, 0)})>
2019-11-25 12:16:38,309 - BDM-WAM 1574684171.7347224 - INFO - <Event(4-MouseMotion {'rel': (-13, -2), 'window': None, 'pos': (260, 229), 'buttons': (0, 0, 0)})>
2019-11-25 12:16:38,328 - BDM-WAM 1574684171.7347224 - INFO - <Event(4-MouseMotion {'rel': (-9, -4), 'window': None, 'pos': (251, 225), 'buttons': (0, 0, 0)})>
2019-11-25 12:16:38,344 - BDM-WAM 1574684171.7347224 - INFO - <Event(4-MouseMotion {'rel': (-3, -2), 'window': None, 'pos': (248, 223), 'buttons': (0, 0, 0)})>
2019-11-25 12:16:38,362 - BDM-WAM 1574684171.7347224 - INFO - <Event(4-MouseMotion {'rel': (-2, -1), 'window': None, 'pos': (246, 222), 'buttons': (0, 0, 0)})>
2019-11-25 12:16:38,378 - BDM-WAM 1574684171.7347224 - INFO - <Event(4-MouseMotion {'rel': (-2, -2), 'window': None, 'pos': (244, 220), 'buttons': (0, 0, 0)})>
2019-11-25 12:16:38,396 - BDM-WAM 1574684171.7347224 - INFO - <Event(4-MouseMotion {'rel': (-3, -1), 'window': None, 'pos': (241, 219), 'buttons': (0, 0, 0)})>
2019-11-25 12:16:38,412 - BDM-WAM 1574684171.7347224 - INFO - <Event(4-MouseMotion {'rel': (-3, -4), 'window': None, 'pos': (238, 215), 'buttons': (0, 0, 0)})>
2019-11-25 12:16:38,430 - BDM-WAM 1574684171.7347224 - INFO - <Event(4-MouseMotion {'rel': (-2, -2), 'window': None, 'pos': (236, 213), 'buttons': (0, 0, 0)})>
2019-11-25 12:16:38,448 - BDM-WAM 1574684171.7347224 - INFO - <Event(4-MouseMotion {'rel': (-2, -3), 'window': None, 'pos': (234, 210), 'buttons': (0, 0, 0)})>
2019-11-25 12:16:38,464 - BDM-WAM 1574684171.7347224 - INFO - <Event(4-MouseMotion {'rel': (-2, -2), 'window': None, 'pos': (232, 208), 'buttons': (0, 0, 0)})>
2019-11-25 12:16:38,481 - BDM-WAM 1574684171.7347224 - INFO - <Event(4-MouseMotion {'rel': (-1, -1), 'window': None, 'pos': (231, 207), 'buttons': (0, 0, 0)})>
2019-11-25 12:16:38,566 - BDM-WAM 1574684171.7347224 - INFO - <Event(5-MouseButtonDown {'window': None, 'pos': (231, 207), 'button': 1})>
2019-11-25 12:16:38,566 - BDM-WAM 1574684171.7347224 - INFO - <Event(8-Pause {'reason': <bound method GameManager.pause of <game.GameManager object at 0x0000021AFF7A9E10>> })>
2019-11-25 12:16:39,161 - BDM-WAM 1574684171.7347224 - INFO - <Event(7-Rate {'hit_conf': 2 })>
2019-11-25 12:16:39,359 - BDM-WAM 1574684171.7347224 - INFO - <Event(7-Rate {'reward_conf': 2 })>
2019-11-25 12:16:39,555 - BDM-WAM 1574684171.7347224 - INFO - <Event(7-Rate {'player_skill': 2 })>
2019-11-25 12:16:39,555 - BDM-WAM 1574684171.7347224 - INFO - <Event(9.1-True Hit {'pos': (231,207),'distance: 64.40496875241847,'relative_loc: (52, 38),'window': None})>
2019-11-25 12:16:39,555 - BDM-WAM 1574684171.7347224 - INFO - <Event(8-Pause {'reason': <bound method GameManager.pause of <game.GameManager object at 0x0000021AFF7A9E10>> })>
2019-11-25 12:16:45,582 - BDM-WAM 1574684171.7347224 - INFO - <Event(10-MoleUp) {'loc': (179,169)})>
2019-11-25 12:16:45,685 - BDM-WAM 1574684171.7347224 - INFO - <Event(3-KeyUp {'mod': 0, 'scancode': 46, 'window': None, 'key': 99})>
2019-11-25 12:16:45,897 - BDM-WAM 1574684171.7347224 - INFO - <Event(10-MoleUp) {'loc': (179,169)})>
2019-11-25 12:16:46,010 - BDM-WAM 1574684171.7347224 - INFO - <Event(10-MoleUp) {'loc': (179,169)})>
2019-11-25 12:16:46,516 - BDM-WAM 1574684171.7347224 - INFO - <Event(10-MoleUp) {'loc': (636,366)})>
2019-11-25 12:16:46,622 - BDM-WAM 1574684171.7347224 - INFO - <Event(10-MoleUp) {'loc': (636,366)})>
2019-11-25 12:16:46,730 - BDM-WAM 1574684171.7347224 - INFO - <Event(10-MoleUp) {'loc': (636,366)})>
2019-11-25 12:16:47,599 - BDM-WAM 1574684171.7347224 - INFO - <Event(4-MouseMotion {'rel': (7, -16), 'window': None, 'pos': (797, 11), 'buttons': (0, 0, 0)})>
2019-11-25 12:16:47,617 - BDM-WAM 1574684171.7347224 - INFO - <Event(1-ActiveEvent {'state': 1, 'gain': 0})>
2019-11-25 12:16:47,746 - BDM-WAM 1574684171.7347224 - INFO - <Event(10-MoleUp) {'loc': (636,366)})>
2019-11-25 12:16:47,855 - BDM-WAM 1574684171.7347224 - INFO - <Event(10-MoleUp) {'loc': (636,366)})>
2019-11-25 12:16:47,959 - BDM-WAM 1574684171.7347224 - INFO - <Event(10-MoleUp) {'loc': (636,366)})>
2019-11-25 12:16:48,185 - BDM-WAM 1574684171.7347224 - INFO - <Event(12-Quit {})>
