2019-07-17 14:29:21,377 - BDM-WAM 1563370158.8311908 - INFO - <Event(17-VideoExpose {})>
2019-07-17 14:29:21,903 - BDM-WAM 1563370158.8311908 - INFO - <Event(16-VideoResize {'size': (800, 600), 'w': 800, 'h': 600})>
2019-07-17 14:29:21,903 - BDM-WAM 1563370158.8311908 - INFO - <Event(1-ActiveEvent {'gain': 0, 'state': 1})>
2019-07-17 14:29:21,903 - BDM-WAM 1563370158.8311908 - INFO - <Event(4-MouseMotion {'pos': (799, 355), 'rel': (800, 356), 'buttons': (0, 0, 0), 'window': None})>
2019-07-17 14:29:22,055 - BDM-WAM 1563370158.8311908 - INFO - <Event(3-KeyUp {'key': 99, 'mod': 0, 'scancode': 46, 'window': None})>
2019-07-17 14:29:23,613 - BDM-WAM 1563370158.8311908 - INFO - <Event(1-ActiveEvent {'gain': 1, 'state': 1})>
2019-07-17 14:29:23,614 - BDM-WAM 1563370158.8311908 - INFO - <Event(4-MouseMotion {'pos': (784, 50), 'rel': (-15, -305), 'buttons': (0, 0, 0), 'window': None})>
2019-07-17 14:29:23,630 - BDM-WAM 1563370158.8311908 - INFO - <Event(4-MouseMotion {'pos': (764, 43), 'rel': (-20, -7), 'buttons': (0, 0, 0), 'window': None})>
2019-07-17 14:29:23,646 - BDM-WAM 1563370158.8311908 - INFO - <Event(4-MouseMotion {'pos': (746, 36), 'rel': (-18, -7), 'buttons': (0, 0, 0), 'window': None})>
2019-07-17 14:29:23,663 - BDM-WAM 1563370158.8311908 - INFO - <Event(4-MouseMotion {'pos': (734, 32), 'rel': (-12, -4), 'buttons': (0, 0, 0), 'window': None})>
2019-07-17 14:29:23,679 - BDM-WAM 1563370158.8311908 - INFO - <Event(4-MouseMotion {'pos': (727, 28), 'rel': (-7, -4), 'buttons': (0, 0, 0), 'window': None})>
2019-07-17 14:29:23,696 - BDM-WAM 1563370158.8311908 - INFO - <Event(4-MouseMotion {'pos': (722, 24), 'rel': (-5, -4), 'buttons': (0, 0, 0), 'window': None})>
2019-07-17 14:29:23,712 - BDM-WAM 1563370158.8311908 - INFO - <Event(4-MouseMotion {'pos': (722, 23), 'rel': (0, -1), 'buttons': (0, 0, 0), 'window': None})>
2019-07-17 14:29:23,766 - BDM-WAM 1563370158.8311908 - INFO - <Event(4-MouseMotion {'pos': (720, 16), 'rel': (-2, -7), 'buttons': (0, 0, 0), 'window': None})>
2019-07-17 14:29:23,769 - BDM-WAM 1563370158.8311908 - INFO - <Event(4-MouseMotion {'pos': (721, 14), 'rel': (1, -2), 'buttons': (0, 0, 0), 'window': None})>
2019-07-17 14:29:23,784 - BDM-WAM 1563370158.8311908 - INFO - <Event(4-MouseMotion {'pos': (725, 9), 'rel': (4, -5), 'buttons': (0, 0, 0), 'window': None})>
2019-07-17 14:29:23,802 - BDM-WAM 1563370158.8311908 - INFO - <Event(4-MouseMotion {'pos': (728, 3), 'rel': (3, -6), 'buttons': (0, 0, 0), 'window': None})>
2019-07-17 14:29:23,820 - BDM-WAM 1563370158.8311908 - INFO - <Event(4-MouseMotion {'pos': (731, 0), 'rel': (3, -3), 'buttons': (0, 0, 0), 'window': None})>
2019-07-17 14:29:23,878 - BDM-WAM 1563370158.8311908 - INFO - <Event(1-ActiveEvent {'gain': 0, 'state': 1})>
2019-07-17 14:29:24,415 - BDM-WAM 1563370158.8311908 - INFO - <Event(2-KeyDown {'unicode': 'p', 'key': 112, 'mod': 0, 'scancode': 25, 'window': None})>
2019-07-17 14:29:24,768 - BDM-WAM 1563370158.8311908 - INFO - ************* HAPPY ANALYSING... LOG COMPLETE!!! ************* 
