2020-01-21 21:01:50,134 - BDM-WAM 1579640510.0015774 - INFO - <Event(17-VideoExpose {})>
2020-01-21 21:01:51,065 - BDM-WAM 1579640510.0015774 - INFO - <Event(1-ActiveEvent {'gain': 0, 'state': 1})>
2020-01-21 21:01:51,065 - BDM-WAM 1579640510.0015774 - INFO - <Event(4-MouseMotion {'pos': (515, 699), 'rel': (516, 700), 'buttons': (0, 0, 0), 'window': None})>
2020-01-21 21:01:51,103 - BDM-WAM 1579640510.0015774 - INFO - <Event(10-MoleUp) {'loc': (404,479)})>
2020-01-21 21:01:51,188 - BDM-WAM 1579640510.0015774 - INFO - <Event(3-KeyUp {'key': 99, 'mod': 0, 'scancode': 46, 'window': None})>
2020-01-21 21:01:51,379 - BDM-WAM 1579640510.0015774 - INFO - <Event(4-MouseMotion {'pos': (595, 359), 'rel': (1, -3), 'buttons': (0, 0, 0), 'window': None})>
2020-01-21 21:01:51,396 - BDM-WAM 1579640510.0015774 - INFO - <Event(4-MouseMotion {'pos': (604, 338), 'rel': (9, -21), 'buttons': (0, 0, 0), 'window': None})>
2020-01-21 21:01:51,413 - BDM-WAM 1579640510.0015774 - INFO - <Event(4-MouseMotion {'pos': (607, 327), 'rel': (3, -11), 'buttons': (0, 0, 0), 'window': None})>
2020-01-21 21:01:51,430 - BDM-WAM 1579640510.0015774 - INFO - <Event(4-MouseMotion {'pos': (608, 316), 'rel': (1, -11), 'buttons': (0, 0, 0), 'window': None})>
2020-01-21 21:01:51,447 - BDM-WAM 1579640510.0015774 - INFO - <Event(4-MouseMotion {'pos': (606, 307), 'rel': (-2, -9), 'buttons': (0, 0, 0), 'window': None})>
2020-01-21 21:01:51,464 - BDM-WAM 1579640510.0015774 - INFO - <Event(4-MouseMotion {'pos': (603, 299), 'rel': (-3, -8), 'buttons': (0, 0, 0), 'window': None})>
2020-01-21 21:01:51,481 - BDM-WAM 1579640510.0015774 - INFO - <Event(4-MouseMotion {'pos': (600, 290), 'rel': (-3, -9), 'buttons': (0, 0, 0), 'window': None})>
2020-01-21 21:01:51,498 - BDM-WAM 1579640510.0015774 - INFO - <Event(4-MouseMotion {'pos': (597, 285), 'rel': (-3, -5), 'buttons': (0, 0, 0), 'window': None})>
2020-01-21 21:01:51,515 - BDM-WAM 1579640510.0015774 - INFO - <Event(4-MouseMotion {'pos': (594, 281), 'rel': (-3, -4), 'buttons': (0, 0, 0), 'window': None})>
2020-01-21 21:01:51,532 - BDM-WAM 1579640510.0015774 - INFO - <Event(4-MouseMotion {'pos': (593, 281), 'rel': (-1, 0), 'buttons': (0, 0, 0), 'window': None})>
2020-01-21 21:01:51,583 - BDM-WAM 1579640510.0015774 - INFO - <Event(4-MouseMotion {'pos': (592, 282), 'rel': (-1, 1), 'buttons': (0, 0, 0), 'window': None})>
2020-01-21 21:01:51,601 - BDM-WAM 1579640510.0015774 - INFO - <Event(4-MouseMotion {'pos': (562, 319), 'rel': (-30, 37), 'buttons': (0, 0, 0), 'window': None})>
2020-01-21 21:01:51,618 - BDM-WAM 1579640510.0015774 - INFO - <Event(4-MouseMotion {'pos': (526, 379), 'rel': (-36, 60), 'buttons': (0, 0, 0), 'window': None})>
2020-01-21 21:01:51,636 - BDM-WAM 1579640510.0015774 - INFO - <Event(4-MouseMotion {'pos': (515, 410), 'rel': (-11, 31), 'buttons': (0, 0, 0), 'window': None})>
2020-01-21 21:01:51,652 - BDM-WAM 1579640510.0015774 - INFO - <Event(4-MouseMotion {'pos': (510, 422), 'rel': (-5, 12), 'buttons': (0, 0, 0), 'window': None})>
2020-01-21 21:01:51,670 - BDM-WAM 1579640510.0015774 - INFO - <Event(4-MouseMotion {'pos': (507, 429), 'rel': (-3, 7), 'buttons': (0, 0, 0), 'window': None})>
2020-01-21 21:01:51,686 - BDM-WAM 1579640510.0015774 - INFO - <Event(4-MouseMotion {'pos': (507, 433), 'rel': (0, 4), 'buttons': (0, 0, 0), 'window': None})>
2020-01-21 21:01:51,706 - BDM-WAM 1579640510.0015774 - INFO - <Event(4-MouseMotion {'pos': (506, 437), 'rel': (-1, 4), 'buttons': (0, 0, 0), 'window': None})>
2020-01-21 21:01:51,722 - BDM-WAM 1579640510.0015774 - INFO - <Event(4-MouseMotion {'pos': (506, 440), 'rel': (0, 3), 'buttons': (0, 0, 0), 'window': None})>
2020-01-21 21:01:51,738 - BDM-WAM 1579640510.0015774 - INFO - <Event(4-MouseMotion {'pos': (506, 441), 'rel': (0, 1), 'buttons': (0, 0, 0), 'window': None})>
2020-01-21 21:01:51,755 - BDM-WAM 1579640510.0015774 - INFO - <Event(4-MouseMotion {'pos': (506, 442), 'rel': (0, 1), 'buttons': (0, 0, 0), 'window': None})>
2020-01-21 21:01:51,771 - BDM-WAM 1579640510.0015774 - INFO - <Event(4-MouseMotion {'pos': (506, 448), 'rel': (0, 6), 'buttons': (0, 0, 0), 'window': None})>
2020-01-21 21:01:51,788 - BDM-WAM 1579640510.0015774 - INFO - <Event(4-MouseMotion {'pos': (506, 458), 'rel': (0, 10), 'buttons': (0, 0, 0), 'window': None})>
2020-01-21 21:01:51,804 - BDM-WAM 1579640510.0015774 - INFO - <Event(4-MouseMotion {'pos': (506, 464), 'rel': (0, 6), 'buttons': (0, 0, 0), 'window': None})>
2020-01-21 21:01:51,855 - BDM-WAM 1579640510.0015774 - INFO - <Event(4-MouseMotion {'pos': (506, 466), 'rel': (0, 2), 'buttons': (0, 0, 0), 'window': None})>
2020-01-21 21:01:51,871 - BDM-WAM 1579640510.0015774 - INFO - <Event(4-MouseMotion {'pos': (504, 469), 'rel': (-2, 3), 'buttons': (0, 0, 0), 'window': None})>
2020-01-21 21:01:51,891 - BDM-WAM 1579640510.0015774 - INFO - <Event(4-MouseMotion {'pos': (493, 477), 'rel': (-11, 8), 'buttons': (0, 0, 0), 'window': None})>
2020-01-21 21:01:51,905 - BDM-WAM 1579640510.0015774 - INFO - <Event(4-MouseMotion {'pos': (490, 480), 'rel': (-3, 3), 'buttons': (0, 0, 0), 'window': None})>
2020-01-21 21:01:52,058 - BDM-WAM 1579640510.0015774 - INFO - <Event(4-MouseMotion {'pos': (488, 483), 'rel': (-2, 3), 'buttons': (0, 0, 0), 'window': None})>
2020-01-21 21:01:52,075 - BDM-WAM 1579640510.0015774 - INFO - <Event(4-MouseMotion {'pos': (483, 488), 'rel': (-5, 5), 'buttons': (0, 0, 0), 'window': None})>
2020-01-21 21:01:52,094 - BDM-WAM 1579640510.0015774 - INFO - <Event(4-MouseMotion {'pos': (475, 496), 'rel': (-8, 8), 'buttons': (0, 0, 0), 'window': None})>
2020-01-21 21:01:52,108 - BDM-WAM 1579640510.0015774 - INFO - <Event(4-MouseMotion {'pos': (471, 501), 'rel': (-4, 5), 'buttons': (0, 0, 0), 'window': None})>
2020-01-21 21:01:52,125 - BDM-WAM 1579640510.0015774 - INFO - <Event(4-MouseMotion {'pos': (468, 505), 'rel': (-3, 4), 'buttons': (0, 0, 0), 'window': None})>
2020-01-21 21:01:52,244 - BDM-WAM 1579640510.0015774 - INFO - <Event(5-MouseButtonDown {'pos': (468, 505), 'button': 1, 'window': None})>
2020-01-21 21:01:52,244 - BDM-WAM 1579640510.0015774 - INFO - <Event(8-Pause {'reason': hit_conf })>
2020-01-21 21:01:52,694 - BDM-WAM 1579640510.0015774 - INFO - <Event(7-Rate {'hit_conf': 2 })>
2020-01-21 21:01:52,896 - BDM-WAM 1579640510.0015774 - INFO - <Event(7-Rate {'reward_conf': 2 })>
2020-01-21 21:01:53,041 - BDM-WAM 1579640510.0015774 - INFO - <Event(7-Rate {'player_skill': 2 })>
2020-01-21 21:01:53,041 - BDM-WAM 1579640510.0015774 - INFO - <Event(9.1-TrueHit {'pos': (468,505),'distance: 69.07966415668217,'relative_loc: (64, 26),'window': None})>
2020-01-21 21:01:53,041 - BDM-WAM 1579640510.0015774 - INFO - <Event(11-Score {score_inc: 3,score: 3})>
2020-01-21 21:01:53,098 - BDM-WAM 1579640510.0015774 - INFO - <Event(4-MouseMotion {'pos': (474, 500), 'rel': (2, -1), 'buttons': (0, 0, 0), 'window': None})>
2020-01-21 21:01:53,115 - BDM-WAM 1579640510.0015774 - INFO - <Event(4-MouseMotion {'pos': (490, 495), 'rel': (16, -5), 'buttons': (0, 0, 0), 'window': None})>
2020-01-21 21:01:53,132 - BDM-WAM 1579640510.0015774 - INFO - <Event(4-MouseMotion {'pos': (500, 490), 'rel': (10, -5), 'buttons': (0, 0, 0), 'window': None})>
2020-01-21 21:01:53,149 - BDM-WAM 1579640510.0015774 - INFO - <Event(4-MouseMotion {'pos': (519, 482), 'rel': (19, -8), 'buttons': (0, 0, 0), 'window': None})>
2020-01-21 21:01:53,166 - BDM-WAM 1579640510.0015774 - INFO - <Event(3-KeyUp {'key': 50, 'mod': 0, 'scancode': 3, 'window': None})>
2020-01-21 21:01:53,166 - BDM-WAM 1579640510.0015774 - INFO - <Event(4-MouseMotion {'pos': (532, 473), 'rel': (13, -9), 'buttons': (0, 0, 0), 'window': None})>
2020-01-21 21:01:53,183 - BDM-WAM 1579640510.0015774 - INFO - <Event(4-MouseMotion {'pos': (551, 461), 'rel': (19, -12), 'buttons': (0, 0, 0), 'window': None})>
2020-01-21 21:01:53,200 - BDM-WAM 1579640510.0015774 - INFO - <Event(4-MouseMotion {'pos': (576, 443), 'rel': (25, -18), 'buttons': (0, 0, 0), 'window': None})>
2020-01-21 21:01:53,228 - BDM-WAM 1579640510.0015774 - INFO - <Event(4-MouseMotion {'pos': (603, 419), 'rel': (27, -24), 'buttons': (0, 0, 0), 'window': None})>
2020-01-21 21:01:53,239 - BDM-WAM 1579640510.0015774 - INFO - <Event(4-MouseMotion {'pos': (614, 406), 'rel': (11, -13), 'buttons': (0, 0, 0), 'window': None})>
2020-01-21 21:01:53,251 - BDM-WAM 1579640510.0015774 - INFO - <Event(4-MouseMotion {'pos': (623, 390), 'rel': (9, -16), 'buttons': (0, 0, 0), 'window': None})>
2020-01-21 21:01:53,268 - BDM-WAM 1579640510.0015774 - INFO - <Event(4-MouseMotion {'pos': (631, 369), 'rel': (8, -21), 'buttons': (0, 0, 0), 'window': None})>
2020-01-21 21:01:53,287 - BDM-WAM 1579640510.0015774 - INFO - <Event(4-MouseMotion {'pos': (639, 347), 'rel': (8, -22), 'buttons': (0, 0, 0), 'window': None})>
2020-01-21 21:01:53,305 - BDM-WAM 1579640510.0015774 - INFO - <Event(4-MouseMotion {'pos': (647, 322), 'rel': (8, -25), 'buttons': (0, 0, 0), 'window': None})>
2020-01-21 21:01:53,319 - BDM-WAM 1579640510.0015774 - INFO - <Event(4-MouseMotion {'pos': (668, 289), 'rel': (21, -33), 'buttons': (0, 0, 0), 'window': None})>
2020-01-21 21:01:53,338 - BDM-WAM 1579640510.0015774 - INFO - <Event(4-MouseMotion {'pos': (708, 246), 'rel': (40, -43), 'buttons': (0, 0, 0), 'window': None})>
2020-01-21 21:01:53,396 - BDM-WAM 1579640510.0015774 - INFO - <Event(4-MouseMotion {'pos': (878, 135), 'rel': (170, -111), 'buttons': (0, 0, 0), 'window': None})>
2020-01-21 21:01:53,401 - BDM-WAM 1579640510.0015774 - INFO - <Event(4-MouseMotion {'pos': (894, 130), 'rel': (16, -5), 'buttons': (0, 0, 0), 'window': None})>
2020-01-21 21:01:53,415 - BDM-WAM 1579640510.0015774 - INFO - <Event(4-MouseMotion {'pos': (935, 124), 'rel': (41, -6), 'buttons': (0, 0, 0), 'window': None})>
2020-01-21 21:01:53,433 - BDM-WAM 1579640510.0015774 - INFO - <Event(4-MouseMotion {'pos': (1007, 117), 'rel': (72, -7), 'buttons': (0, 0, 0), 'window': None})>
2020-01-21 21:01:53,449 - BDM-WAM 1579640510.0015774 - INFO - <Event(4-MouseMotion {'pos': (1088, 117), 'rel': (81, 0), 'buttons': (0, 0, 0), 'window': None})>
2020-01-21 21:01:53,512 - BDM-WAM 1579640510.0015774 - INFO - <Event(4-MouseMotion {'pos': (1391, 120), 'rel': (303, 3), 'buttons': (0, 0, 0), 'window': None})>
2020-01-21 21:01:53,580 - BDM-WAM 1579640510.0015774 - INFO - <Event(10-MoleUp) {'loc': (95,43)})>
2020-01-21 21:01:53,582 - BDM-WAM 1579640510.0015774 - INFO - <Event(4-MouseMotion {'pos': (1423, 98), 'rel': (32, -22), 'buttons': (0, 0, 0), 'window': None})>
2020-01-21 21:01:53,598 - BDM-WAM 1579640510.0015774 - INFO - <Event(4-MouseMotion {'pos': (1423, 80), 'rel': (0, -18), 'buttons': (0, 0, 0), 'window': None})>
2020-01-21 21:01:53,615 - BDM-WAM 1579640510.0015774 - INFO - <Event(1-ActiveEvent {'gain': 0, 'state': 1})>
2020-01-21 21:01:53,871 - BDM-WAM 1579640510.0015774 - INFO - <Event(1-ActiveEvent {'gain': 1, 'state': 1})>
2020-01-21 21:01:53,871 - BDM-WAM 1579640510.0015774 - INFO - <Event(4-MouseMotion {'pos': (1408, 2), 'rel': (-15, -78), 'buttons': (0, 0, 0), 'window': None})>
2020-01-21 21:01:53,887 - BDM-WAM 1579640510.0015774 - INFO - <Event(4-MouseMotion {'pos': (1408, 3), 'rel': (0, 1), 'buttons': (0, 0, 0), 'window': None})>
2020-01-21 21:01:54,070 - BDM-WAM 1579640510.0015774 - INFO - <Event(4-MouseMotion {'pos': (1407, 3), 'rel': (-1, 0), 'buttons': (0, 0, 0), 'window': None})>
2020-01-21 21:01:54,125 - BDM-WAM 1579640510.0015774 - INFO - <Event(1-ActiveEvent {'gain': 0, 'state': 1})>
2020-01-21 21:01:54,559 - BDM-WAM 1579640510.0015774 - INFO - <Event(12-Quit {})>
2020-01-21 21:01:54,559 - BDM-WAM 1579640510.0015774 - INFO - ************* HAPPY ANALYSING... LOG COMPLETE!!! ************* 
