2020-01-21 18:37:40,852 - BDM-WAM 1579631858.2170012 - INFO - <Event(17-VideoExpose {})>
2020-01-21 18:37:40,852 - BDM-WAM 1579631858.2170012 - INFO - <Event(16-VideoResize {'size': (1424, 700), 'w': 1424, 'h': 700})>
2020-01-21 18:37:40,853 - BDM-WAM 1579631858.2170012 - INFO - <Event(1-ActiveEvent {'gain': 0, 'state': 1})>
2020-01-21 18:37:40,853 - BDM-WAM 1579631858.2170012 - INFO - <Event(4-MouseMotion {'pos': (1029, 598), 'rel': (1030, 599), 'buttons': (0, 0, 0), 'window': None})>
2020-01-21 18:37:40,854 - BDM-WAM 1579631858.2170012 - INFO - <Event(1-ActiveEvent {'gain': 1, 'state': 1})>
2020-01-21 18:37:40,862 - BDM-WAM 1579631858.2170012 - INFO - <Event(4-MouseMotion {'pos': (474, 442), 'rel': (-555, -156), 'buttons': (0, 0, 0), 'window': None})>
2020-01-21 18:37:40,903 - BDM-WAM 1579631858.2170012 - INFO - <Event(10-MoleUp) {'loc': (381,295)})>
2020-01-21 18:37:41,006 - BDM-WAM 1579631858.2170012 - INFO - <Event(3-KeyUp {'key': 99, 'mod': 0, 'scancode': 46, 'window': None})>
2020-01-21 18:37:41,007 - BDM-WAM 1579631858.2170012 - INFO - <Event(4-MouseMotion {'pos': (909, 346), 'rel': (80, -66), 'buttons': (0, 0, 0), 'window': None})>
2020-01-21 18:37:41,009 - BDM-WAM 1579631858.2170012 - INFO - <Event(4-MouseMotion {'pos': (918, 340), 'rel': (9, -6), 'buttons': (0, 0, 0), 'window': None})>
2020-01-21 18:37:41,063 - BDM-WAM 1579631858.2170012 - INFO - <Event(4-MouseMotion {'pos': (934, 313), 'rel': (16, -27), 'buttons': (0, 0, 0), 'window': None})>
2020-01-21 18:37:41,067 - BDM-WAM 1579631858.2170012 - INFO - <Event(4-MouseMotion {'pos': (936, 306), 'rel': (2, -7), 'buttons': (0, 0, 0), 'window': None})>
2020-01-21 18:37:41,080 - BDM-WAM 1579631858.2170012 - INFO - <Event(4-MouseMotion {'pos': (941, 287), 'rel': (5, -19), 'buttons': (0, 0, 0), 'window': None})>
2020-01-21 18:37:41,097 - BDM-WAM 1579631858.2170012 - INFO - <Event(4-MouseMotion {'pos': (944, 267), 'rel': (3, -20), 'buttons': (0, 0, 0), 'window': None})>
2020-01-21 18:37:41,115 - BDM-WAM 1579631858.2170012 - INFO - <Event(4-MouseMotion {'pos': (945, 256), 'rel': (1, -11), 'buttons': (0, 0, 0), 'window': None})>
2020-01-21 18:37:41,130 - BDM-WAM 1579631858.2170012 - INFO - <Event(4-MouseMotion {'pos': (945, 253), 'rel': (0, -3), 'buttons': (0, 0, 0), 'window': None})>
2020-01-21 18:37:41,147 - BDM-WAM 1579631858.2170012 - INFO - <Event(4-MouseMotion {'pos': (945, 249), 'rel': (0, -4), 'buttons': (0, 0, 0), 'window': None})>
2020-01-21 18:37:41,164 - BDM-WAM 1579631858.2170012 - INFO - <Event(4-MouseMotion {'pos': (943, 242), 'rel': (-2, -7), 'buttons': (0, 0, 0), 'window': None})>
2020-01-21 18:37:41,181 - BDM-WAM 1579631858.2170012 - INFO - <Event(4-MouseMotion {'pos': (941, 236), 'rel': (-2, -6), 'buttons': (0, 0, 0), 'window': None})>
2020-01-21 18:37:41,248 - BDM-WAM 1579631858.2170012 - INFO - <Event(4-MouseMotion {'pos': (941, 235), 'rel': (0, -1), 'buttons': (0, 0, 0), 'window': None})>
2020-01-21 18:37:41,265 - BDM-WAM 1579631858.2170012 - INFO - <Event(4-MouseMotion {'pos': (940, 234), 'rel': (-1, -1), 'buttons': (0, 0, 0), 'window': None})>
2020-01-21 18:37:41,282 - BDM-WAM 1579631858.2170012 - INFO - <Event(4-MouseMotion {'pos': (939, 232), 'rel': (-1, -2), 'buttons': (0, 0, 0), 'window': None})>
2020-01-21 18:37:41,298 - BDM-WAM 1579631858.2170012 - INFO - <Event(4-MouseMotion {'pos': (939, 231), 'rel': (0, -1), 'buttons': (0, 0, 0), 'window': None})>
2020-01-21 18:37:41,383 - BDM-WAM 1579631858.2170012 - INFO - <Event(4-MouseMotion {'pos': (911, 238), 'rel': (-28, 7), 'buttons': (0, 0, 0), 'window': None})>
2020-01-21 18:37:41,397 - BDM-WAM 1579631858.2170012 - INFO - <Event(4-MouseMotion {'pos': (830, 262), 'rel': (-81, 24), 'buttons': (0, 0, 0), 'window': None})>
2020-01-21 18:37:41,413 - BDM-WAM 1579631858.2170012 - INFO - <Event(4-MouseMotion {'pos': (779, 276), 'rel': (-51, 14), 'buttons': (0, 0, 0), 'window': None})>
2020-01-21 18:37:41,466 - BDM-WAM 1579631858.2170012 - INFO - <Event(4-MouseMotion {'pos': (726, 294), 'rel': (-53, 18), 'buttons': (0, 0, 0), 'window': None})>
2020-01-21 18:37:41,484 - BDM-WAM 1579631858.2170012 - INFO - <Event(4-MouseMotion {'pos': (717, 297), 'rel': (-9, 3), 'buttons': (0, 0, 0), 'window': None})>
2020-01-21 18:37:41,501 - BDM-WAM 1579631858.2170012 - INFO - <Event(4-MouseMotion {'pos': (713, 300), 'rel': (-4, 3), 'buttons': (0, 0, 0), 'window': None})>
2020-01-21 18:37:41,517 - BDM-WAM 1579631858.2170012 - INFO - <Event(4-MouseMotion {'pos': (712, 301), 'rel': (-1, 1), 'buttons': (0, 0, 0), 'window': None})>
2020-01-21 18:37:41,614 - BDM-WAM 1579631858.2170012 - INFO - <Event(4-MouseMotion {'pos': (712, 302), 'rel': (0, 1), 'buttons': (0, 0, 0), 'window': None})>
2020-01-21 18:37:42,234 - BDM-WAM 1579631858.2170012 - INFO - <Event(10-MoleUp) {'loc': (658,232)})>
2020-01-21 18:37:42,727 - BDM-WAM 1579631858.2170012 - INFO - <Event(2-KeyDown {'unicode': 'p', 'key': 112, 'mod': 0, 'scancode': 25, 'window': None})>
