2019-07-17 16:07:36,065 - BDM-WAM 1563376053.675419 - INFO - <Event(17-VideoExpose {})>
2019-07-17 16:07:37,582 - BDM-WAM 1563376053.675419 - INFO - <Event(16-VideoResize {'size': (800, 600), 'w': 800, 'h': 600})>
2019-07-17 16:07:37,582 - BDM-WAM 1563376053.675419 - INFO - <Event(1-ActiveEvent {'gain': 0, 'state': 1})>
2019-07-17 16:07:37,582 - BDM-WAM 1563376053.675419 - INFO - <Event(4-MouseMotion {'pos': (300, 256), 'rel': (301, 257), 'buttons': (0, 0, 0), 'window': None})>
2019-07-17 16:07:37,582 - BDM-WAM 1563376053.675419 - INFO - <Event(1-ActiveEvent {'gain': 1, 'state': 1})>
2019-07-17 16:07:37,583 - BDM-WAM 1563376053.675419 - INFO - <Event(4-MouseMotion {'pos': (352, 365), 'rel': (52, 109), 'buttons': (0, 0, 0), 'window': None})>
2019-07-17 16:07:37,696 - BDM-WAM 1563376053.675419 - INFO - <Event(3-KeyUp {'key': 99, 'mod': 0, 'scancode': 46, 'window': None})>
2019-07-17 16:07:39,339 - BDM-WAM 1563376053.675419 - INFO - <Event(4-MouseMotion {'pos': (348, 361), 'rel': (-4, -4), 'buttons': (0, 0, 0), 'window': None})>
2019-07-17 16:07:39,356 - BDM-WAM 1563376053.675419 - INFO - <Event(4-MouseMotion {'pos': (344, 358), 'rel': (-4, -3), 'buttons': (0, 0, 0), 'window': None})>
2019-07-17 16:07:39,373 - BDM-WAM 1563376053.675419 - INFO - <Event(4-MouseMotion {'pos': (340, 356), 'rel': (-4, -2), 'buttons': (0, 0, 0), 'window': None})>
2019-07-17 16:07:39,389 - BDM-WAM 1563376053.675419 - INFO - <Event(4-MouseMotion {'pos': (337, 355), 'rel': (-3, -1), 'buttons': (0, 0, 0), 'window': None})>
2019-07-17 16:07:39,408 - BDM-WAM 1563376053.675419 - INFO - <Event(4-MouseMotion {'pos': (335, 354), 'rel': (-2, -1), 'buttons': (0, 0, 0), 'window': None})>
2019-07-17 16:07:39,425 - BDM-WAM 1563376053.675419 - INFO - <Event(4-MouseMotion {'pos': (333, 354), 'rel': (-2, 0), 'buttons': (0, 0, 0), 'window': None})>
2019-07-17 16:07:39,440 - BDM-WAM 1563376053.675419 - INFO - <Event(4-MouseMotion {'pos': (332, 354), 'rel': (-1, 0), 'buttons': (0, 0, 0), 'window': None})>
2019-07-17 16:07:39,472 - BDM-WAM 1563376053.675419 - INFO - <Event(4-MouseMotion {'pos': (331, 354), 'rel': (-1, 0), 'buttons': (0, 0, 0), 'window': None})>
2019-07-17 16:07:39,614 - BDM-WAM 1563376053.675419 - INFO - <Event(4-MouseMotion {'pos': (328, 353), 'rel': (-3, -1), 'buttons': (0, 0, 0), 'window': None})>
2019-07-17 16:07:39,632 - BDM-WAM 1563376053.675419 - INFO - <Event(5-MouseButtonDown {'pos': (328, 353), 'button': 1, 'window': None})>
2019-07-17 16:07:39,633 - BDM-WAM 1563376053.675419 - INFO - <Event(9.4-True Miss {'pos': (328,353), 'window': None})>
2019-07-17 16:07:39,728 - BDM-WAM 1563376053.675419 - INFO - <Event(4-MouseMotion {'pos': (328, 352), 'rel': (0, -1), 'buttons': (1, 0, 0), 'window': None})>
2019-07-17 16:07:39,782 - BDM-WAM 1563376053.675419 - INFO - <Event(6-MouseButtonUp {'pos': (328, 352), 'button': 1, 'window': None})>
2019-07-17 16:07:40,018 - BDM-WAM 1563376053.675419 - INFO - <Event(4-MouseMotion {'pos': (328, 351), 'rel': (0, -1), 'buttons': (0, 0, 0), 'window': None})>
2019-07-17 16:07:40,034 - BDM-WAM 1563376053.675419 - INFO - <Event(4-MouseMotion {'pos': (328, 350), 'rel': (0, -1), 'buttons': (0, 0, 0), 'window': None})>
2019-07-17 16:07:40,153 - BDM-WAM 1563376053.675419 - INFO - <Event(4-MouseMotion {'pos': (328, 349), 'rel': (0, -1), 'buttons': (0, 0, 0), 'window': None})>
2019-07-17 16:07:40,169 - BDM-WAM 1563376053.675419 - INFO - <Event(4-MouseMotion {'pos': (327, 347), 'rel': (-1, -2), 'buttons': (0, 0, 0), 'window': None})>
2019-07-17 16:07:40,185 - BDM-WAM 1563376053.675419 - INFO - <Event(4-MouseMotion {'pos': (326, 343), 'rel': (-1, -4), 'buttons': (0, 0, 0), 'window': None})>
2019-07-17 16:07:40,201 - BDM-WAM 1563376053.675419 - INFO - <Event(4-MouseMotion {'pos': (324, 333), 'rel': (-2, -10), 'buttons': (0, 0, 0), 'window': None})>
2019-07-17 16:07:40,218 - BDM-WAM 1563376053.675419 - INFO - <Event(4-MouseMotion {'pos': (320, 314), 'rel': (-4, -19), 'buttons': (0, 0, 0), 'window': None})>
2019-07-17 16:07:40,237 - BDM-WAM 1563376053.675419 - INFO - <Event(4-MouseMotion {'pos': (308, 275), 'rel': (-12, -39), 'buttons': (0, 0, 0), 'window': None})>
2019-07-17 16:07:40,253 - BDM-WAM 1563376053.675419 - INFO - <Event(4-MouseMotion {'pos': (297, 254), 'rel': (-11, -21), 'buttons': (0, 0, 0), 'window': None})>
2019-07-17 16:07:40,269 - BDM-WAM 1563376053.675419 - INFO - <Event(4-MouseMotion {'pos': (283, 233), 'rel': (-14, -21), 'buttons': (0, 0, 0), 'window': None})>
2019-07-17 16:07:40,286 - BDM-WAM 1563376053.675419 - INFO - <Event(4-MouseMotion {'pos': (270, 210), 'rel': (-13, -23), 'buttons': (0, 0, 0), 'window': None})>
2019-07-17 16:07:40,304 - BDM-WAM 1563376053.675419 - INFO - <Event(4-MouseMotion {'pos': (260, 197), 'rel': (-10, -13), 'buttons': (0, 0, 0), 'window': None})>
2019-07-17 16:07:40,322 - BDM-WAM 1563376053.675419 - INFO - <Event(4-MouseMotion {'pos': (250, 183), 'rel': (-10, -14), 'buttons': (0, 0, 0), 'window': None})>
2019-07-17 16:07:40,338 - BDM-WAM 1563376053.675419 - INFO - <Event(4-MouseMotion {'pos': (246, 177), 'rel': (-4, -6), 'buttons': (0, 0, 0), 'window': None})>
2019-07-17 16:07:40,352 - BDM-WAM 1563376053.675419 - INFO - <Event(4-MouseMotion {'pos': (244, 175), 'rel': (-2, -2), 'buttons': (0, 0, 0), 'window': None})>
2019-07-17 16:07:40,366 - BDM-WAM 1563376053.675419 - INFO - <Event(4-MouseMotion {'pos': (242, 174), 'rel': (-2, -1), 'buttons': (0, 0, 0), 'window': None})>
2019-07-17 16:07:40,382 - BDM-WAM 1563376053.675419 - INFO - <Event(4-MouseMotion {'pos': (242, 173), 'rel': (0, -1), 'buttons': (0, 0, 0), 'window': None})>
2019-07-17 16:07:40,398 - BDM-WAM 1563376053.675419 - INFO - <Event(4-MouseMotion {'pos': (240, 172), 'rel': (-2, -1), 'buttons': (0, 0, 0), 'window': None})>
2019-07-17 16:07:40,415 - BDM-WAM 1563376053.675419 - INFO - <Event(4-MouseMotion {'pos': (240, 171), 'rel': (0, -1), 'buttons': (0, 0, 0), 'window': None})>
2019-07-17 16:07:40,432 - BDM-WAM 1563376053.675419 - INFO - <Event(4-MouseMotion {'pos': (239, 170), 'rel': (-1, -1), 'buttons': (0, 0, 0), 'window': None})>
2019-07-17 16:07:40,448 - BDM-WAM 1563376053.675419 - INFO - <Event(4-MouseMotion {'pos': (237, 170), 'rel': (-2, 0), 'buttons': (0, 0, 0), 'window': None})>
2019-07-17 16:07:40,481 - BDM-WAM 1563376053.675419 - INFO - <Event(4-MouseMotion {'pos': (236, 170), 'rel': (-1, 0), 'buttons': (0, 0, 0), 'window': None})>
2019-07-17 16:07:40,498 - BDM-WAM 1563376053.675419 - INFO - <Event(5-MouseButtonDown {'pos': (236, 170), 'button': 1, 'window': None})>
2019-07-17 16:07:40,498 - BDM-WAM 1563376053.675419 - INFO - <Event(9.1-True Hit {'pos': (236,170), 'window': None})>
2019-07-17 16:07:40,580 - BDM-WAM 1563376053.675419 - INFO - <Event(4-MouseMotion {'pos': (235, 171), 'rel': (-1, 1), 'buttons': (1, 0, 0), 'window': None})>
2019-07-17 16:07:40,600 - BDM-WAM 1563376053.675419 - INFO - <Event(6-MouseButtonUp {'pos': (235, 173), 'button': 1, 'window': None})>
2019-07-17 16:07:40,601 - BDM-WAM 1563376053.675419 - INFO - <Event(4-MouseMotion {'pos': (234, 177), 'rel': (-1, 4), 'buttons': (0, 0, 0), 'window': None})>
2019-07-17 16:07:40,614 - BDM-WAM 1563376053.675419 - INFO - <Event(4-MouseMotion {'pos': (232, 191), 'rel': (-2, 14), 'buttons': (0, 0, 0), 'window': None})>
2019-07-17 16:07:40,629 - BDM-WAM 1563376053.675419 - INFO - <Event(4-MouseMotion {'pos': (231, 200), 'rel': (-1, 9), 'buttons': (0, 0, 0), 'window': None})>
2019-07-17 16:07:40,646 - BDM-WAM 1563376053.675419 - INFO - <Event(4-MouseMotion {'pos': (229, 205), 'rel': (-2, 5), 'buttons': (0, 0, 0), 'window': None})>
2019-07-17 16:07:40,663 - BDM-WAM 1563376053.675419 - INFO - <Event(4-MouseMotion {'pos': (229, 208), 'rel': (0, 3), 'buttons': (0, 0, 0), 'window': None})>
2019-07-17 16:07:40,680 - BDM-WAM 1563376053.675419 - INFO - <Event(4-MouseMotion {'pos': (229, 209), 'rel': (0, 1), 'buttons': (0, 0, 0), 'window': None})>
2019-07-17 16:07:40,697 - BDM-WAM 1563376053.675419 - INFO - <Event(4-MouseMotion {'pos': (229, 210), 'rel': (0, 1), 'buttons': (0, 0, 0), 'window': None})>
2019-07-17 16:07:40,730 - BDM-WAM 1563376053.675419 - INFO - <Event(4-MouseMotion {'pos': (229, 212), 'rel': (0, 2), 'buttons': (0, 0, 0), 'window': None})>
2019-07-17 16:07:40,747 - BDM-WAM 1563376053.675419 - INFO - <Event(4-MouseMotion {'pos': (229, 213), 'rel': (0, 1), 'buttons': (0, 0, 0), 'window': None})>
2019-07-17 16:07:40,763 - BDM-WAM 1563376053.675419 - INFO - <Event(4-MouseMotion {'pos': (228, 214), 'rel': (-1, 1), 'buttons': (0, 0, 0), 'window': None})>
2019-07-17 16:07:40,779 - BDM-WAM 1563376053.675419 - INFO - <Event(4-MouseMotion {'pos': (227, 216), 'rel': (-1, 2), 'buttons': (0, 0, 0), 'window': None})>
2019-07-17 16:07:40,799 - BDM-WAM 1563376053.675419 - INFO - <Event(4-MouseMotion {'pos': (227, 217), 'rel': (0, 1), 'buttons': (0, 0, 0), 'window': None})>
2019-07-17 16:07:40,814 - BDM-WAM 1563376053.675419 - INFO - <Event(4-MouseMotion {'pos': (227, 218), 'rel': (0, 1), 'buttons': (0, 0, 0), 'window': None})>
2019-07-17 16:07:40,892 - BDM-WAM 1563376053.675419 - INFO - <Event(4-MouseMotion {'pos': (227, 222), 'rel': (0, 4), 'buttons': (0, 0, 0), 'window': None})>
2019-07-17 16:07:40,912 - BDM-WAM 1563376053.675419 - INFO - <Event(4-MouseMotion {'pos': (227, 223), 'rel': (0, 1), 'buttons': (0, 0, 0), 'window': None})>
2019-07-17 16:07:41,152 - BDM-WAM 1563376053.675419 - INFO - <Event(4-MouseMotion {'pos': (228, 222), 'rel': (1, -1), 'buttons': (0, 0, 0), 'window': None})>
2019-07-17 16:07:41,168 - BDM-WAM 1563376053.675419 - INFO - <Event(4-MouseMotion {'pos': (232, 221), 'rel': (4, -1), 'buttons': (0, 0, 0), 'window': None})>
2019-07-17 16:07:41,185 - BDM-WAM 1563376053.675419 - INFO - <Event(4-MouseMotion {'pos': (240, 220), 'rel': (8, -1), 'buttons': (0, 0, 0), 'window': None})>
2019-07-17 16:07:41,204 - BDM-WAM 1563376053.675419 - INFO - <Event(4-MouseMotion {'pos': (252, 217), 'rel': (12, -3), 'buttons': (0, 0, 0), 'window': None})>
2019-07-17 16:07:41,219 - BDM-WAM 1563376053.675419 - INFO - <Event(4-MouseMotion {'pos': (264, 214), 'rel': (12, -3), 'buttons': (0, 0, 0), 'window': None})>
2019-07-17 16:07:41,238 - BDM-WAM 1563376053.675419 - INFO - <Event(4-MouseMotion {'pos': (278, 210), 'rel': (14, -4), 'buttons': (0, 0, 0), 'window': None})>
2019-07-17 16:07:41,253 - BDM-WAM 1563376053.675419 - INFO - <Event(4-MouseMotion {'pos': (285, 209), 'rel': (7, -1), 'buttons': (0, 0, 0), 'window': None})>
2019-07-17 16:07:41,268 - BDM-WAM 1563376053.675419 - INFO - <Event(4-MouseMotion {'pos': (294, 206), 'rel': (9, -3), 'buttons': (0, 0, 0), 'window': None})>
2019-07-17 16:07:41,284 - BDM-WAM 1563376053.675419 - INFO - <Event(4-MouseMotion {'pos': (304, 205), 'rel': (10, -1), 'buttons': (0, 0, 0), 'window': None})>
2019-07-17 16:07:41,301 - BDM-WAM 1563376053.675419 - INFO - <Event(4-MouseMotion {'pos': (314, 205), 'rel': (10, 0), 'buttons': (0, 0, 0), 'window': None})>
2019-07-17 16:07:41,322 - BDM-WAM 1563376053.675419 - INFO - <Event(4-MouseMotion {'pos': (333, 201), 'rel': (19, -4), 'buttons': (0, 0, 0), 'window': None})>
2019-07-17 16:07:41,335 - BDM-WAM 1563376053.675419 - INFO - <Event(4-MouseMotion {'pos': (352, 197), 'rel': (19, -4), 'buttons': (0, 0, 0), 'window': None})>
2019-07-17 16:07:41,352 - BDM-WAM 1563376053.675419 - INFO - <Event(4-MouseMotion {'pos': (384, 183), 'rel': (32, -14), 'buttons': (0, 0, 0), 'window': None})>
2019-07-17 16:07:41,368 - BDM-WAM 1563376053.675419 - INFO - <Event(4-MouseMotion {'pos': (456, 137), 'rel': (72, -46), 'buttons': (0, 0, 0), 'window': None})>
2019-07-17 16:07:41,787 - BDM-WAM 1563376053.675419 - INFO - <Event(2-KeyDown {'unicode': 'p', 'key': 112, 'mod': 0, 'scancode': 25, 'window': None})>
2019-07-17 16:07:42,461 - BDM-WAM 1563376053.675419 - INFO - ************* HAPPY ANALYSING... LOG COMPLETE!!! ************* 
