2020-01-21 21:07:59,476 - BDM-WAM 1579640879.3687148 - INFO - <Event(17-VideoExpose {})>
2020-01-21 21:08:00,527 - BDM-WAM 1579640879.3687148 - INFO - <Event(1-ActiveEvent {'gain': 0, 'state': 1})>
2020-01-21 21:08:00,527 - BDM-WAM 1579640879.3687148 - INFO - <Event(4-MouseMotion {'pos': (444, 427), 'rel': (445, 428), 'buttons': (0, 0, 0), 'window': None})>
2020-01-21 21:08:00,527 - BDM-WAM 1579640879.3687148 - INFO - <Event(1-ActiveEvent {'gain': 1, 'state': 1})>
2020-01-21 21:08:00,527 - BDM-WAM 1579640879.3687148 - INFO - <Event(4-MouseMotion {'pos': (445, 430), 'rel': (1, 3), 'buttons': (0, 0, 0), 'window': None})>
2020-01-21 21:08:00,567 - BDM-WAM 1579640879.3687148 - INFO - <Event(10-MoleUp) {'loc': (464,119)})>
2020-01-21 21:08:00,610 - BDM-WAM 1579640879.3687148 - INFO - <Event(4-MouseMotion {'pos': (392, 337), 'rel': (0, -1), 'buttons': (0, 0, 0), 'window': None})>
2020-01-21 21:08:00,645 - BDM-WAM 1579640879.3687148 - INFO - <Event(3-KeyUp {'key': 99, 'mod': 0, 'scancode': 46, 'window': None})>
2020-01-21 21:08:00,778 - BDM-WAM 1579640879.3687148 - INFO - <Event(4-MouseMotion {'pos': (393, 336), 'rel': (1, -1), 'buttons': (0, 0, 0), 'window': None})>
2020-01-21 21:08:00,827 - BDM-WAM 1579640879.3687148 - INFO - <Event(4-MouseMotion {'pos': (411, 327), 'rel': (18, -9), 'buttons': (0, 0, 0), 'window': None})>
2020-01-21 21:08:00,845 - BDM-WAM 1579640879.3687148 - INFO - <Event(4-MouseMotion {'pos': (421, 320), 'rel': (10, -7), 'buttons': (0, 0, 0), 'window': None})>
2020-01-21 21:08:00,862 - BDM-WAM 1579640879.3687148 - INFO - <Event(4-MouseMotion {'pos': (432, 310), 'rel': (11, -10), 'buttons': (0, 0, 0), 'window': None})>
2020-01-21 21:08:00,879 - BDM-WAM 1579640879.3687148 - INFO - <Event(4-MouseMotion {'pos': (436, 305), 'rel': (4, -5), 'buttons': (0, 0, 0), 'window': None})>
2020-01-21 21:08:00,896 - BDM-WAM 1579640879.3687148 - INFO - <Event(4-MouseMotion {'pos': (440, 298), 'rel': (4, -7), 'buttons': (0, 0, 0), 'window': None})>
2020-01-21 21:08:00,917 - BDM-WAM 1579640879.3687148 - INFO - <Event(4-MouseMotion {'pos': (443, 293), 'rel': (3, -5), 'buttons': (0, 0, 0), 'window': None})>
2020-01-21 21:08:00,930 - BDM-WAM 1579640879.3687148 - INFO - <Event(4-MouseMotion {'pos': (444, 290), 'rel': (1, -3), 'buttons': (0, 0, 0), 'window': None})>
2020-01-21 21:08:00,947 - BDM-WAM 1579640879.3687148 - INFO - <Event(4-MouseMotion {'pos': (444, 289), 'rel': (0, -1), 'buttons': (0, 0, 0), 'window': None})>
2020-01-21 21:08:01,050 - BDM-WAM 1579640879.3687148 - INFO - <Event(4-MouseMotion {'pos': (444, 286), 'rel': (0, -3), 'buttons': (0, 0, 0), 'window': None})>
2020-01-21 21:08:01,070 - BDM-WAM 1579640879.3687148 - INFO - <Event(4-MouseMotion {'pos': (446, 277), 'rel': (2, -9), 'buttons': (0, 0, 0), 'window': None})>
2020-01-21 21:08:01,085 - BDM-WAM 1579640879.3687148 - INFO - <Event(4-MouseMotion {'pos': (449, 266), 'rel': (3, -11), 'buttons': (0, 0, 0), 'window': None})>
2020-01-21 21:08:01,102 - BDM-WAM 1579640879.3687148 - INFO - <Event(4-MouseMotion {'pos': (453, 252), 'rel': (4, -14), 'buttons': (0, 0, 0), 'window': None})>
2020-01-21 21:08:01,118 - BDM-WAM 1579640879.3687148 - INFO - <Event(4-MouseMotion {'pos': (456, 243), 'rel': (3, -9), 'buttons': (0, 0, 0), 'window': None})>
2020-01-21 21:08:01,135 - BDM-WAM 1579640879.3687148 - INFO - <Event(4-MouseMotion {'pos': (459, 238), 'rel': (3, -5), 'buttons': (0, 0, 0), 'window': None})>
2020-01-21 21:08:01,152 - BDM-WAM 1579640879.3687148 - INFO - <Event(4-MouseMotion {'pos': (459, 236), 'rel': (0, -2), 'buttons': (0, 0, 0), 'window': None})>
2020-01-21 21:08:01,169 - BDM-WAM 1579640879.3687148 - INFO - <Event(4-MouseMotion {'pos': (461, 234), 'rel': (2, -2), 'buttons': (0, 0, 0), 'window': None})>
2020-01-21 21:08:01,185 - BDM-WAM 1579640879.3687148 - INFO - <Event(4-MouseMotion {'pos': (462, 232), 'rel': (1, -2), 'buttons': (0, 0, 0), 'window': None})>
2020-01-21 21:08:01,202 - BDM-WAM 1579640879.3687148 - INFO - <Event(4-MouseMotion {'pos': (463, 228), 'rel': (1, -4), 'buttons': (0, 0, 0), 'window': None})>
2020-01-21 21:08:01,219 - BDM-WAM 1579640879.3687148 - INFO - <Event(4-MouseMotion {'pos': (465, 224), 'rel': (2, -4), 'buttons': (0, 0, 0), 'window': None})>
2020-01-21 21:08:01,237 - BDM-WAM 1579640879.3687148 - INFO - <Event(4-MouseMotion {'pos': (466, 220), 'rel': (1, -4), 'buttons': (0, 0, 0), 'window': None})>
2020-01-21 21:08:01,254 - BDM-WAM 1579640879.3687148 - INFO - <Event(4-MouseMotion {'pos': (467, 218), 'rel': (1, -2), 'buttons': (0, 0, 0), 'window': None})>
2020-01-21 21:08:01,288 - BDM-WAM 1579640879.3687148 - INFO - <Event(4-MouseMotion {'pos': (470, 217), 'rel': (3, -1), 'buttons': (0, 0, 0), 'window': None})>
2020-01-21 21:08:01,305 - BDM-WAM 1579640879.3687148 - INFO - <Event(4-MouseMotion {'pos': (484, 202), 'rel': (14, -15), 'buttons': (0, 0, 0), 'window': None})>
2020-01-21 21:08:01,322 - BDM-WAM 1579640879.3687148 - INFO - <Event(4-MouseMotion {'pos': (496, 185), 'rel': (12, -17), 'buttons': (0, 0, 0), 'window': None})>
2020-01-21 21:08:01,340 - BDM-WAM 1579640879.3687148 - INFO - <Event(4-MouseMotion {'pos': (505, 175), 'rel': (9, -10), 'buttons': (0, 0, 0), 'window': None})>
2020-01-21 21:08:01,356 - BDM-WAM 1579640879.3687148 - INFO - <Event(4-MouseMotion {'pos': (510, 169), 'rel': (5, -6), 'buttons': (0, 0, 0), 'window': None})>
2020-01-21 21:08:01,374 - BDM-WAM 1579640879.3687148 - INFO - <Event(4-MouseMotion {'pos': (516, 162), 'rel': (6, -7), 'buttons': (0, 0, 0), 'window': None})>
2020-01-21 21:08:01,390 - BDM-WAM 1579640879.3687148 - INFO - <Event(4-MouseMotion {'pos': (522, 156), 'rel': (6, -6), 'buttons': (0, 0, 0), 'window': None})>
2020-01-21 21:08:01,408 - BDM-WAM 1579640879.3687148 - INFO - <Event(4-MouseMotion {'pos': (525, 151), 'rel': (3, -5), 'buttons': (0, 0, 0), 'window': None})>
2020-01-21 21:08:01,424 - BDM-WAM 1579640879.3687148 - INFO - <Event(4-MouseMotion {'pos': (526, 150), 'rel': (1, -1), 'buttons': (0, 0, 0), 'window': None})>
2020-01-21 21:08:01,510 - BDM-WAM 1579640879.3687148 - INFO - <Event(5-MouseButtonDown {'pos': (526, 150), 'button': 1, 'window': None})>
2020-01-21 21:08:01,510 - BDM-WAM 1579640879.3687148 - INFO - <Event(8-Pause {'reason': hit_conf })>
2020-01-21 21:08:01,788 - BDM-WAM 1579640879.3687148 - INFO - <Event(7-Rate {'hit_conf': 2 })>
2020-01-21 21:08:01,964 - BDM-WAM 1579640879.3687148 - INFO - <Event(7-Rate {'reward_conf': 2 })>
2020-01-21 21:08:02,124 - BDM-WAM 1579640879.3687148 - INFO - <Event(7-Rate {'player_skill': 2 })>
2020-01-21 21:08:02,124 - BDM-WAM 1579640879.3687148 - INFO - <Event(9.1-TrueHit {'pos': (527,150),'distance: 70.21395872616783,'relative_loc: (63, 31),'window': None})>
2020-01-21 21:08:02,124 - BDM-WAM 1579640879.3687148 - INFO - <Event(11-Score {score_inc: 1,score: 1})>
2020-01-21 21:08:02,125 - BDM-WAM 1579640879.3687148 - INFO - <Event(4-MouseMotion {'pos': (527, 150), 'rel': (1, 0), 'buttons': (1, 0, 0), 'window': None})>
2020-01-21 21:08:02,236 - BDM-WAM 1579640879.3687148 - INFO - <Event(3-KeyUp {'key': 50, 'mod': 0, 'scancode': 3, 'window': None})>
2020-01-21 21:08:02,479 - BDM-WAM 1579640879.3687148 - INFO - <Event(4-MouseMotion {'pos': (532, 154), 'rel': (5, 4), 'buttons': (0, 0, 0), 'window': None})>
2020-01-21 21:08:02,497 - BDM-WAM 1579640879.3687148 - INFO - <Event(4-MouseMotion {'pos': (568, 164), 'rel': (36, 10), 'buttons': (0, 0, 0), 'window': None})>
2020-01-21 21:08:02,514 - BDM-WAM 1579640879.3687148 - INFO - <Event(4-MouseMotion {'pos': (610, 174), 'rel': (42, 10), 'buttons': (0, 0, 0), 'window': None})>
2020-01-21 21:08:02,531 - BDM-WAM 1579640879.3687148 - INFO - <Event(4-MouseMotion {'pos': (643, 180), 'rel': (33, 6), 'buttons': (0, 0, 0), 'window': None})>
2020-01-21 21:08:02,580 - BDM-WAM 1579640879.3687148 - INFO - <Event(4-MouseMotion {'pos': (720, 190), 'rel': (77, 10), 'buttons': (0, 0, 0), 'window': None})>
2020-01-21 21:08:02,651 - BDM-WAM 1579640879.3687148 - INFO - <Event(10-MoleUp) {'loc': (603,11)})>
2020-01-21 21:08:02,652 - BDM-WAM 1579640879.3687148 - INFO - <Event(4-MouseMotion {'pos': (847, 190), 'rel': (127, 0), 'buttons': (0, 0, 0), 'window': None})>
2020-01-21 21:08:02,669 - BDM-WAM 1579640879.3687148 - INFO - <Event(4-MouseMotion {'pos': (887, 184), 'rel': (40, -6), 'buttons': (0, 0, 0), 'window': None})>
2020-01-21 21:08:02,686 - BDM-WAM 1579640879.3687148 - INFO - <Event(4-MouseMotion {'pos': (919, 179), 'rel': (32, -5), 'buttons': (0, 0, 0), 'window': None})>
2020-01-21 21:08:02,703 - BDM-WAM 1579640879.3687148 - INFO - <Event(4-MouseMotion {'pos': (943, 174), 'rel': (24, -5), 'buttons': (0, 0, 0), 'window': None})>
2020-01-21 21:08:02,720 - BDM-WAM 1579640879.3687148 - INFO - <Event(4-MouseMotion {'pos': (969, 167), 'rel': (26, -7), 'buttons': (0, 0, 0), 'window': None})>
2020-01-21 21:08:02,738 - BDM-WAM 1579640879.3687148 - INFO - <Event(4-MouseMotion {'pos': (983, 162), 'rel': (14, -5), 'buttons': (0, 0, 0), 'window': None})>
2020-01-21 21:08:02,755 - BDM-WAM 1579640879.3687148 - INFO - <Event(4-MouseMotion {'pos': (990, 159), 'rel': (7, -3), 'buttons': (0, 0, 0), 'window': None})>
2020-01-21 21:08:02,772 - BDM-WAM 1579640879.3687148 - INFO - <Event(4-MouseMotion {'pos': (1000, 155), 'rel': (10, -4), 'buttons': (0, 0, 0), 'window': None})>
2020-01-21 21:08:02,789 - BDM-WAM 1579640879.3687148 - INFO - <Event(4-MouseMotion {'pos': (1015, 149), 'rel': (15, -6), 'buttons': (0, 0, 0), 'window': None})>
2020-01-21 21:08:02,806 - BDM-WAM 1579640879.3687148 - INFO - <Event(4-MouseMotion {'pos': (1034, 141), 'rel': (19, -8), 'buttons': (0, 0, 0), 'window': None})>
2020-01-21 21:08:02,823 - BDM-WAM 1579640879.3687148 - INFO - <Event(4-MouseMotion {'pos': (1050, 134), 'rel': (16, -7), 'buttons': (0, 0, 0), 'window': None})>
2020-01-21 21:08:02,840 - BDM-WAM 1579640879.3687148 - INFO - <Event(4-MouseMotion {'pos': (1059, 131), 'rel': (9, -3), 'buttons': (0, 0, 0), 'window': None})>
2020-01-21 21:08:02,857 - BDM-WAM 1579640879.3687148 - INFO - <Event(4-MouseMotion {'pos': (1072, 126), 'rel': (13, -5), 'buttons': (0, 0, 0), 'window': None})>
2020-01-21 21:08:02,874 - BDM-WAM 1579640879.3687148 - INFO - <Event(4-MouseMotion {'pos': (1095, 117), 'rel': (23, -9), 'buttons': (0, 0, 0), 'window': None})>
2020-01-21 21:08:02,891 - BDM-WAM 1579640879.3687148 - INFO - <Event(4-MouseMotion {'pos': (1123, 106), 'rel': (28, -11), 'buttons': (0, 0, 0), 'window': None})>
2020-01-21 21:08:02,908 - BDM-WAM 1579640879.3687148 - INFO - <Event(4-MouseMotion {'pos': (1192, 79), 'rel': (69, -27), 'buttons': (0, 0, 0), 'window': None})>
2020-01-21 21:08:02,925 - BDM-WAM 1579640879.3687148 - INFO - <Event(4-MouseMotion {'pos': (1227, 65), 'rel': (35, -14), 'buttons': (0, 0, 0), 'window': None})>
2020-01-21 21:08:02,942 - BDM-WAM 1579640879.3687148 - INFO - <Event(4-MouseMotion {'pos': (1271, 51), 'rel': (44, -14), 'buttons': (0, 0, 0), 'window': None})>
2020-01-21 21:08:02,959 - BDM-WAM 1579640879.3687148 - INFO - <Event(4-MouseMotion {'pos': (1296, 40), 'rel': (25, -11), 'buttons': (0, 0, 0), 'window': None})>
2020-01-21 21:08:02,976 - BDM-WAM 1579640879.3687148 - INFO - <Event(4-MouseMotion {'pos': (1319, 30), 'rel': (23, -10), 'buttons': (0, 0, 0), 'window': None})>
2020-01-21 21:08:02,993 - BDM-WAM 1579640879.3687148 - INFO - <Event(4-MouseMotion {'pos': (1327, 26), 'rel': (8, -4), 'buttons': (0, 0, 0), 'window': None})>
2020-01-21 21:08:03,010 - BDM-WAM 1579640879.3687148 - INFO - <Event(4-MouseMotion {'pos': (1330, 23), 'rel': (3, -3), 'buttons': (0, 0, 0), 'window': None})>
2020-01-21 21:08:03,044 - BDM-WAM 1579640879.3687148 - INFO - <Event(4-MouseMotion {'pos': (1334, 23), 'rel': (4, 0), 'buttons': (0, 0, 0), 'window': None})>
2020-01-21 21:08:03,094 - BDM-WAM 1579640879.3687148 - INFO - <Event(4-MouseMotion {'pos': (1361, 23), 'rel': (27, 0), 'buttons': (0, 0, 0), 'window': None})>
2020-01-21 21:08:03,098 - BDM-WAM 1579640879.3687148 - INFO - <Event(4-MouseMotion {'pos': (1364, 23), 'rel': (3, 0), 'buttons': (0, 0, 0), 'window': None})>
2020-01-21 21:08:03,114 - BDM-WAM 1579640879.3687148 - INFO - <Event(4-MouseMotion {'pos': (1368, 23), 'rel': (4, 0), 'buttons': (0, 0, 0), 'window': None})>
2020-01-21 21:08:03,131 - BDM-WAM 1579640879.3687148 - INFO - <Event(4-MouseMotion {'pos': (1373, 22), 'rel': (5, -1), 'buttons': (0, 0, 0), 'window': None})>
2020-01-21 21:08:03,149 - BDM-WAM 1579640879.3687148 - INFO - <Event(4-MouseMotion {'pos': (1377, 21), 'rel': (4, -1), 'buttons': (0, 0, 0), 'window': None})>
2020-01-21 21:08:03,199 - BDM-WAM 1579640879.3687148 - INFO - <Event(4-MouseMotion {'pos': (1406, 13), 'rel': (29, -8), 'buttons': (0, 0, 0), 'window': None})>
2020-01-21 21:08:03,204 - BDM-WAM 1579640879.3687148 - INFO - <Event(4-MouseMotion {'pos': (1409, 12), 'rel': (3, -1), 'buttons': (0, 0, 0), 'window': None})>
2020-01-21 21:08:03,221 - BDM-WAM 1579640879.3687148 - INFO - <Event(4-MouseMotion {'pos': (1414, 10), 'rel': (5, -2), 'buttons': (0, 0, 0), 'window': None})>
2020-01-21 21:08:03,237 - BDM-WAM 1579640879.3687148 - INFO - <Event(4-MouseMotion {'pos': (1415, 8), 'rel': (1, -2), 'buttons': (0, 0, 0), 'window': None})>
2020-01-21 21:08:03,312 - BDM-WAM 1579640879.3687148 - INFO - <Event(4-MouseMotion {'pos': (1417, 5), 'rel': (2, -3), 'buttons': (0, 0, 0), 'window': None})>
2020-01-21 21:08:03,381 - BDM-WAM 1579640879.3687148 - INFO - <Event(4-MouseMotion {'pos': (1417, 4), 'rel': (0, -1), 'buttons': (0, 0, 0), 'window': None})>
2020-01-21 21:08:03,398 - BDM-WAM 1579640879.3687148 - INFO - <Event(4-MouseMotion {'pos': (1417, 2), 'rel': (0, -2), 'buttons': (0, 0, 0), 'window': None})>
2020-01-21 21:08:03,416 - BDM-WAM 1579640879.3687148 - INFO - <Event(1-ActiveEvent {'gain': 0, 'state': 1})>
2020-01-21 21:08:04,081 - BDM-WAM 1579640879.3687148 - INFO - <Event(1-ActiveEvent {'gain': 1, 'state': 1})>
2020-01-21 21:08:04,081 - BDM-WAM 1579640879.3687148 - INFO - <Event(4-MouseMotion {'pos': (1310, 0), 'rel': (-107, -2), 'buttons': (0, 0, 0), 'window': None})>
2020-01-21 21:08:04,097 - BDM-WAM 1579640879.3687148 - INFO - <Event(4-MouseMotion {'pos': (1255, 9), 'rel': (-55, 9), 'buttons': (0, 0, 0), 'window': None})>
2020-01-21 21:08:04,114 - BDM-WAM 1579640879.3687148 - INFO - <Event(4-MouseMotion {'pos': (1208, 17), 'rel': (-47, 8), 'buttons': (0, 0, 0), 'window': None})>
2020-01-21 21:08:04,132 - BDM-WAM 1579640879.3687148 - INFO - <Event(4-MouseMotion {'pos': (1180, 23), 'rel': (-28, 6), 'buttons': (0, 0, 0), 'window': None})>
2020-01-21 21:08:04,148 - BDM-WAM 1579640879.3687148 - INFO - <Event(4-MouseMotion {'pos': (1171, 23), 'rel': (-9, 0), 'buttons': (0, 0, 0), 'window': None})>
2020-01-21 21:08:04,165 - BDM-WAM 1579640879.3687148 - INFO - <Event(4-MouseMotion {'pos': (1163, 23), 'rel': (-8, 0), 'buttons': (0, 0, 0), 'window': None})>
2020-01-21 21:08:04,182 - BDM-WAM 1579640879.3687148 - INFO - <Event(4-MouseMotion {'pos': (1148, 23), 'rel': (-15, 0), 'buttons': (0, 0, 0), 'window': None})>
2020-01-21 21:08:04,199 - BDM-WAM 1579640879.3687148 - INFO - <Event(4-MouseMotion {'pos': (1141, 22), 'rel': (-7, -1), 'buttons': (0, 0, 0), 'window': None})>
2020-01-21 21:08:04,216 - BDM-WAM 1579640879.3687148 - INFO - <Event(4-MouseMotion {'pos': (1138, 22), 'rel': (-3, 0), 'buttons': (0, 0, 0), 'window': None})>
2020-01-21 21:08:04,234 - BDM-WAM 1579640879.3687148 - INFO - <Event(4-MouseMotion {'pos': (1137, 22), 'rel': (-1, 0), 'buttons': (0, 0, 0), 'window': None})>
2020-01-21 21:08:04,329 - BDM-WAM 1579640879.3687148 - INFO - <Event(4-MouseMotion {'pos': (1156, 8), 'rel': (19, -14), 'buttons': (0, 0, 0), 'window': None})>
2020-01-21 21:08:04,347 - BDM-WAM 1579640879.3687148 - INFO - <Event(1-ActiveEvent {'gain': 0, 'state': 1})>
2020-01-21 21:08:04,602 - BDM-WAM 1579640879.3687148 - INFO - <Event(10-MoleUp) {'loc': (636,366)})>
2020-01-21 21:08:04,690 - BDM-WAM 1579640879.3687148 - INFO - <Event(1-ActiveEvent {'gain': 1, 'state': 1})>
2020-01-21 21:08:04,690 - BDM-WAM 1579640879.3687148 - INFO - <Event(4-MouseMotion {'pos': (1349, 2), 'rel': (193, -6), 'buttons': (0, 0, 0), 'window': None})>
2020-01-21 21:08:04,706 - BDM-WAM 1579640879.3687148 - INFO - <Event(4-MouseMotion {'pos': (1359, 5), 'rel': (10, 3), 'buttons': (0, 0, 0), 'window': None})>
2020-01-21 21:08:04,723 - BDM-WAM 1579640879.3687148 - INFO - <Event(4-MouseMotion {'pos': (1367, 7), 'rel': (8, 2), 'buttons': (0, 0, 0), 'window': None})>
2020-01-21 21:08:04,740 - BDM-WAM 1579640879.3687148 - INFO - <Event(4-MouseMotion {'pos': (1372, 8), 'rel': (5, 1), 'buttons': (0, 0, 0), 'window': None})>
2020-01-21 21:08:04,758 - BDM-WAM 1579640879.3687148 - INFO - <Event(4-MouseMotion {'pos': (1376, 9), 'rel': (4, 1), 'buttons': (0, 0, 0), 'window': None})>
2020-01-21 21:08:04,774 - BDM-WAM 1579640879.3687148 - INFO - <Event(4-MouseMotion {'pos': (1380, 9), 'rel': (4, 0), 'buttons': (0, 0, 0), 'window': None})>
2020-01-21 21:08:04,793 - BDM-WAM 1579640879.3687148 - INFO - <Event(4-MouseMotion {'pos': (1381, 9), 'rel': (1, 0), 'buttons': (0, 0, 0), 'window': None})>
2020-01-21 21:08:04,807 - BDM-WAM 1579640879.3687148 - INFO - <Event(4-MouseMotion {'pos': (1382, 9), 'rel': (1, 0), 'buttons': (0, 0, 0), 'window': None})>
2020-01-21 21:08:04,875 - BDM-WAM 1579640879.3687148 - INFO - <Event(4-MouseMotion {'pos': (1385, 9), 'rel': (3, 0), 'buttons': (0, 0, 0), 'window': None})>
2020-01-21 21:08:04,892 - BDM-WAM 1579640879.3687148 - INFO - <Event(4-MouseMotion {'pos': (1389, 9), 'rel': (4, 0), 'buttons': (0, 0, 0), 'window': None})>
2020-01-21 21:08:04,909 - BDM-WAM 1579640879.3687148 - INFO - <Event(4-MouseMotion {'pos': (1395, 9), 'rel': (6, 0), 'buttons': (0, 0, 0), 'window': None})>
2020-01-21 21:08:04,926 - BDM-WAM 1579640879.3687148 - INFO - <Event(4-MouseMotion {'pos': (1399, 9), 'rel': (4, 0), 'buttons': (0, 0, 0), 'window': None})>
2020-01-21 21:08:04,943 - BDM-WAM 1579640879.3687148 - INFO - <Event(4-MouseMotion {'pos': (1400, 8), 'rel': (1, -1), 'buttons': (0, 0, 0), 'window': None})>
2020-01-21 21:08:04,960 - BDM-WAM 1579640879.3687148 - INFO - <Event(4-MouseMotion {'pos': (1402, 8), 'rel': (2, 0), 'buttons': (0, 0, 0), 'window': None})>
2020-01-21 21:08:04,977 - BDM-WAM 1579640879.3687148 - INFO - <Event(4-MouseMotion {'pos': (1403, 6), 'rel': (1, -2), 'buttons': (0, 0, 0), 'window': None})>
2020-01-21 21:08:04,995 - BDM-WAM 1579640879.3687148 - INFO - <Event(4-MouseMotion {'pos': (1405, 6), 'rel': (2, 0), 'buttons': (0, 0, 0), 'window': None})>
2020-01-21 21:08:05,046 - BDM-WAM 1579640879.3687148 - INFO - <Event(4-MouseMotion {'pos': (1405, 4), 'rel': (0, -2), 'buttons': (0, 0, 0), 'window': None})>
2020-01-21 21:08:05,064 - BDM-WAM 1579640879.3687148 - INFO - <Event(4-MouseMotion {'pos': (1404, 4), 'rel': (-1, 0), 'buttons': (0, 0, 0), 'window': None})>
2020-01-21 21:08:05,081 - BDM-WAM 1579640879.3687148 - INFO - <Event(4-MouseMotion {'pos': (1403, 2), 'rel': (-1, -2), 'buttons': (0, 0, 0), 'window': None})>
2020-01-21 21:08:05,098 - BDM-WAM 1579640879.3687148 - INFO - <Event(4-MouseMotion {'pos': (1401, 1), 'rel': (-2, -1), 'buttons': (0, 0, 0), 'window': None})>
2020-01-21 21:08:05,152 - BDM-WAM 1579640879.3687148 - INFO - <Event(1-ActiveEvent {'gain': 0, 'state': 1})>
2020-01-21 21:08:05,478 - BDM-WAM 1579640879.3687148 - INFO - <Event(12-Quit {})>
2020-01-21 21:08:05,478 - BDM-WAM 1579640879.3687148 - INFO - ************* HAPPY ANALYSING... LOG COMPLETE!!! ************* 
