2019-11-20 22:39:08,913 - BDM-WAM 1574289548.822325 - INFO - <Event(17-VideoExpose {})>
2019-11-20 22:39:10,398 - BDM-WAM 1574289548.822325 - INFO - <Event(1-ActiveEvent {'gain': 0, 'state': 1})>
2019-11-20 22:39:10,398 - BDM-WAM 1574289548.822325 - INFO - <Event(4-MouseMotion {'buttons': (0, 0, 0), 'pos': (799, 699), 'rel': (800, 700), 'window': None})>
2019-11-20 22:39:10,551 - BDM-WAM 1574289548.822325 - INFO - <Event(3-KeyUp {'key': 99, 'scancode': 46, 'window': None, 'mod': 0})>
2019-11-20 22:39:10,602 - BDM-WAM 1574289548.822325 - INFO - <Event(4-MouseMotion {'buttons': (0, 0, 0), 'pos': (395, 608), 'rel': (-3, -8), 'window': None})>
2019-11-20 22:39:10,619 - BDM-WAM 1574289548.822325 - INFO - <Event(4-MouseMotion {'buttons': (0, 0, 0), 'pos': (387, 590), 'rel': (-8, -18), 'window': None})>
2019-11-20 22:39:10,660 - BDM-WAM 1574289548.822325 - INFO - <Event(4-MouseMotion {'buttons': (0, 0, 0), 'pos': (362, 513), 'rel': (-25, -77), 'window': None})>
2019-11-20 22:39:10,661 - BDM-WAM 1574289548.822325 - INFO - <Event(4-MouseMotion {'buttons': (0, 0, 0), 'pos': (361, 508), 'rel': (-1, -5), 'window': None})>
2019-11-20 22:39:10,677 - BDM-WAM 1574289548.822325 - INFO - <Event(4-MouseMotion {'buttons': (0, 0, 0), 'pos': (350, 458), 'rel': (-11, -50), 'window': None})>
2019-11-20 22:39:10,695 - BDM-WAM 1574289548.822325 - INFO - <Event(4-MouseMotion {'buttons': (0, 0, 0), 'pos': (338, 410), 'rel': (-12, -48), 'window': None})>
2019-11-20 22:39:10,711 - BDM-WAM 1574289548.822325 - INFO - <Event(4-MouseMotion {'buttons': (0, 0, 0), 'pos': (330, 378), 'rel': (-8, -32), 'window': None})>
2019-11-20 22:39:10,729 - BDM-WAM 1574289548.822325 - INFO - <Event(4-MouseMotion {'buttons': (0, 0, 0), 'pos': (327, 355), 'rel': (-3, -23), 'window': None})>
2019-11-20 22:39:10,747 - BDM-WAM 1574289548.822325 - INFO - <Event(4-MouseMotion {'buttons': (0, 0, 0), 'pos': (325, 340), 'rel': (-2, -15), 'window': None})>
2019-11-20 22:39:10,764 - BDM-WAM 1574289548.822325 - INFO - <Event(4-MouseMotion {'buttons': (0, 0, 0), 'pos': (323, 327), 'rel': (-2, -13), 'window': None})>
2019-11-20 22:39:10,780 - BDM-WAM 1574289548.822325 - INFO - <Event(4-MouseMotion {'buttons': (0, 0, 0), 'pos': (323, 322), 'rel': (0, -5), 'window': None})>
2019-11-20 22:39:10,797 - BDM-WAM 1574289548.822325 - INFO - <Event(4-MouseMotion {'buttons': (0, 0, 0), 'pos': (323, 320), 'rel': (0, -2), 'window': None})>
2019-11-20 22:39:10,814 - BDM-WAM 1574289548.822325 - INFO - <Event(4-MouseMotion {'buttons': (0, 0, 0), 'pos': (323, 315), 'rel': (0, -5), 'window': None})>
2019-11-20 22:39:10,831 - BDM-WAM 1574289548.822325 - INFO - <Event(4-MouseMotion {'buttons': (0, 0, 0), 'pos': (325, 296), 'rel': (2, -19), 'window': None})>
2019-11-20 22:39:10,849 - BDM-WAM 1574289548.822325 - INFO - <Event(4-MouseMotion {'buttons': (0, 0, 0), 'pos': (324, 261), 'rel': (-1, -35), 'window': None})>
2019-11-20 22:39:10,866 - BDM-WAM 1574289548.822325 - INFO - <Event(4-MouseMotion {'buttons': (0, 0, 0), 'pos': (312, 224), 'rel': (-12, -37), 'window': None})>
2019-11-20 22:39:10,882 - BDM-WAM 1574289548.822325 - INFO - <Event(4-MouseMotion {'buttons': (0, 0, 0), 'pos': (303, 198), 'rel': (-9, -26), 'window': None})>
2019-11-20 22:39:10,899 - BDM-WAM 1574289548.822325 - INFO - <Event(4-MouseMotion {'buttons': (0, 0, 0), 'pos': (295, 180), 'rel': (-8, -18), 'window': None})>
2019-11-20 22:39:10,916 - BDM-WAM 1574289548.822325 - INFO - <Event(4-MouseMotion {'buttons': (0, 0, 0), 'pos': (289, 169), 'rel': (-6, -11), 'window': None})>
2019-11-20 22:39:10,933 - BDM-WAM 1574289548.822325 - INFO - <Event(4-MouseMotion {'buttons': (0, 0, 0), 'pos': (284, 163), 'rel': (-5, -6), 'window': None})>
2019-11-20 22:39:10,950 - BDM-WAM 1574289548.822325 - INFO - <Event(4-MouseMotion {'buttons': (0, 0, 0), 'pos': (282, 162), 'rel': (-2, -1), 'window': None})>
2019-11-20 22:39:11,087 - BDM-WAM 1574289548.822325 - INFO - <Event(4-MouseMotion {'buttons': (0, 0, 0), 'pos': (279, 168), 'rel': (-3, 6), 'window': None})>
2019-11-20 22:39:11,104 - BDM-WAM 1574289548.822325 - INFO - <Event(4-MouseMotion {'buttons': (0, 0, 0), 'pos': (272, 181), 'rel': (-7, 13), 'window': None})>
2019-11-20 22:39:11,122 - BDM-WAM 1574289548.822325 - INFO - <Event(4-MouseMotion {'buttons': (0, 0, 0), 'pos': (261, 196), 'rel': (-11, 15), 'window': None})>
2019-11-20 22:39:11,139 - BDM-WAM 1574289548.822325 - INFO - <Event(4-MouseMotion {'buttons': (0, 0, 0), 'pos': (249, 210), 'rel': (-12, 14), 'window': None})>
2019-11-20 22:39:11,156 - BDM-WAM 1574289548.822325 - INFO - <Event(4-MouseMotion {'buttons': (0, 0, 0), 'pos': (239, 221), 'rel': (-10, 11), 'window': None})>
2019-11-20 22:39:11,172 - BDM-WAM 1574289548.822325 - INFO - <Event(4-MouseMotion {'buttons': (0, 0, 0), 'pos': (233, 226), 'rel': (-6, 5), 'window': None})>
2019-11-20 22:39:11,189 - BDM-WAM 1574289548.822325 - INFO - <Event(4-MouseMotion {'buttons': (0, 0, 0), 'pos': (231, 229), 'rel': (-2, 3), 'window': None})>
2019-11-20 22:39:11,240 - BDM-WAM 1574289548.822325 - INFO - <Event(5-MouseButtonDown {'pos': (231, 229), 'window': None, 'button': 1})>
2019-11-20 22:39:11,395 - BDM-WAM 1574289548.822325 - INFO - <Event(6-MouseButtonUp {'pos': (231, 229), 'window': None, 'button': 1})>
2019-11-20 22:39:11,479 - BDM-WAM 1574289548.822325 - INFO - <Event(5-MouseButtonDown {'pos': (231, 229), 'window': None, 'button': 1})>
2019-11-20 22:39:11,479 - BDM-WAM 1574289548.822325 - INFO - <Event(8-Pause {'reason': <bound method GameManager.pause of <game.GameManager object at 0x0000022770308208>> })>
2019-11-20 22:39:13,470 - BDM-WAM 1574289548.822325 - INFO - <Event(7-Rate {'': hit_conf50 })>
2019-11-20 22:39:13,699 - BDM-WAM 1574289548.822325 - INFO - <Event(7-Rate {'': reward_conf50 })>
2019-11-20 22:39:13,891 - BDM-WAM 1574289548.822325 - INFO - <Event(7-Rate {'': player_skill50 })>
2019-11-20 22:39:13,891 - BDM-WAM 1574289548.822325 - INFO - <Event(9.1-True Hit {'pos': (231,229), 'window': None})>
2019-11-20 22:39:14,006 - BDM-WAM 1574289548.822325 - INFO - <Event(3-KeyUp {'key': 50, 'scancode': 3, 'window': None, 'mod': 0})>
2019-11-20 22:39:14,058 - BDM-WAM 1574289548.822325 - INFO - <Event(4-MouseMotion {'buttons': (0, 0, 0), 'pos': (546, 272), 'rel': (3, 3), 'window': None})>
2019-11-20 22:39:14,075 - BDM-WAM 1574289548.822325 - INFO - <Event(4-MouseMotion {'buttons': (0, 0, 0), 'pos': (550, 276), 'rel': (4, 4), 'window': None})>
2019-11-20 22:39:14,093 - BDM-WAM 1574289548.822325 - INFO - <Event(4-MouseMotion {'buttons': (0, 0, 0), 'pos': (551, 277), 'rel': (1, 1), 'window': None})>
2019-11-20 22:39:14,109 - BDM-WAM 1574289548.822325 - INFO - <Event(4-MouseMotion {'buttons': (0, 0, 0), 'pos': (552, 278), 'rel': (1, 1), 'window': None})>
2019-11-20 22:39:14,127 - BDM-WAM 1574289548.822325 - INFO - <Event(4-MouseMotion {'buttons': (0, 0, 0), 'pos': (552, 279), 'rel': (0, 1), 'window': None})>
2019-11-20 22:39:14,234 - BDM-WAM 1574289548.822325 - INFO - <Event(4-MouseMotion {'buttons': (0, 0, 0), 'pos': (550, 280), 'rel': (-2, 1), 'window': None})>
2019-11-20 22:39:14,251 - BDM-WAM 1574289548.822325 - INFO - <Event(4-MouseMotion {'buttons': (0, 0, 0), 'pos': (537, 282), 'rel': (-13, 2), 'window': None})>
2019-11-20 22:39:14,268 - BDM-WAM 1574289548.822325 - INFO - <Event(4-MouseMotion {'buttons': (0, 0, 0), 'pos': (506, 286), 'rel': (-31, 4), 'window': None})>
2019-11-20 22:39:14,285 - BDM-WAM 1574289548.822325 - INFO - <Event(4-MouseMotion {'buttons': (0, 0, 0), 'pos': (460, 287), 'rel': (-46, 1), 'window': None})>
2019-11-20 22:39:14,322 - BDM-WAM 1574289548.822325 - INFO - <Event(4-MouseMotion {'buttons': (0, 0, 0), 'pos': (366, 286), 'rel': (-94, -1), 'window': None})>
2019-11-20 22:39:14,363 - BDM-WAM 1574289548.822325 - INFO - <Event(4-MouseMotion {'buttons': (0, 0, 0), 'pos': (348, 286), 'rel': (-18, 0), 'window': None})>
2019-11-20 22:39:14,533 - BDM-WAM 1574289548.822325 - INFO - <Event(4-MouseMotion {'buttons': (0, 0, 0), 'pos': (348, 288), 'rel': (0, 2), 'window': None})>
2019-11-20 22:39:14,550 - BDM-WAM 1574289548.822325 - INFO - <Event(4-MouseMotion {'buttons': (0, 0, 0), 'pos': (348, 299), 'rel': (0, 11), 'window': None})>
2019-11-20 22:39:14,567 - BDM-WAM 1574289548.822325 - INFO - <Event(4-MouseMotion {'buttons': (0, 0, 0), 'pos': (347, 317), 'rel': (-1, 18), 'window': None})>
2019-11-20 22:39:14,584 - BDM-WAM 1574289548.822325 - INFO - <Event(4-MouseMotion {'buttons': (0, 0, 0), 'pos': (348, 340), 'rel': (1, 23), 'window': None})>
2019-11-20 22:39:14,602 - BDM-WAM 1574289548.822325 - INFO - <Event(4-MouseMotion {'buttons': (0, 0, 0), 'pos': (350, 379), 'rel': (2, 39), 'window': None})>
2019-11-20 22:39:14,618 - BDM-WAM 1574289548.822325 - INFO - <Event(4-MouseMotion {'buttons': (0, 0, 0), 'pos': (351, 422), 'rel': (1, 43), 'window': None})>
2019-11-20 22:39:14,635 - BDM-WAM 1574289548.822325 - INFO - <Event(4-MouseMotion {'buttons': (0, 0, 0), 'pos': (350, 469), 'rel': (-1, 47), 'window': None})>
2019-11-20 22:39:14,652 - BDM-WAM 1574289548.822325 - INFO - <Event(4-MouseMotion {'buttons': (0, 0, 0), 'pos': (350, 502), 'rel': (0, 33), 'window': None})>
2019-11-20 22:39:14,669 - BDM-WAM 1574289548.822325 - INFO - <Event(4-MouseMotion {'buttons': (0, 0, 0), 'pos': (350, 529), 'rel': (0, 27), 'window': None})>
2019-11-20 22:39:14,686 - BDM-WAM 1574289548.822325 - INFO - <Event(4-MouseMotion {'buttons': (0, 0, 0), 'pos': (350, 545), 'rel': (0, 16), 'window': None})>
2019-11-20 22:39:14,703 - BDM-WAM 1574289548.822325 - INFO - <Event(4-MouseMotion {'buttons': (0, 0, 0), 'pos': (349, 559), 'rel': (-1, 14), 'window': None})>
2019-11-20 22:39:14,720 - BDM-WAM 1574289548.822325 - INFO - <Event(4-MouseMotion {'buttons': (0, 0, 0), 'pos': (348, 563), 'rel': (-1, 4), 'window': None})>
2019-11-20 22:39:14,737 - BDM-WAM 1574289548.822325 - INFO - <Event(4-MouseMotion {'buttons': (0, 0, 0), 'pos': (347, 567), 'rel': (-1, 4), 'window': None})>
2019-11-20 22:39:14,754 - BDM-WAM 1574289548.822325 - INFO - <Event(4-MouseMotion {'buttons': (0, 0, 0), 'pos': (344, 575), 'rel': (-3, 8), 'window': None})>
2019-11-20 22:39:14,771 - BDM-WAM 1574289548.822325 - INFO - <Event(4-MouseMotion {'buttons': (0, 0, 0), 'pos': (342, 586), 'rel': (-2, 11), 'window': None})>
2019-11-20 22:39:14,788 - BDM-WAM 1574289548.822325 - INFO - <Event(4-MouseMotion {'buttons': (0, 0, 0), 'pos': (341, 592), 'rel': (-1, 6), 'window': None})>
2019-11-20 22:39:14,835 - BDM-WAM 1574289548.822325 - INFO - <Event(4-MouseMotion {'buttons': (0, 0, 0), 'pos': (341, 593), 'rel': (0, 1), 'window': None})>
2019-11-20 22:39:14,852 - BDM-WAM 1574289548.822325 - INFO - <Event(4-MouseMotion {'buttons': (0, 0, 0), 'pos': (345, 594), 'rel': (4, 1), 'window': None})>
2019-11-20 22:39:14,869 - BDM-WAM 1574289548.822325 - INFO - <Event(4-MouseMotion {'buttons': (0, 0, 0), 'pos': (359, 595), 'rel': (14, 1), 'window': None})>
2019-11-20 22:39:14,886 - BDM-WAM 1574289548.822325 - INFO - <Event(4-MouseMotion {'buttons': (0, 0, 0), 'pos': (376, 591), 'rel': (17, -4), 'window': None})>
2019-11-20 22:39:14,902 - BDM-WAM 1574289548.822325 - INFO - <Event(4-MouseMotion {'buttons': (0, 0, 0), 'pos': (396, 585), 'rel': (20, -6), 'window': None})>
2019-11-20 22:39:14,947 - BDM-WAM 1574289548.822325 - INFO - <Event(4-MouseMotion {'buttons': (0, 0, 0), 'pos': (446, 539), 'rel': (50, -46), 'window': None})>
2019-11-20 22:39:14,966 - BDM-WAM 1574289548.822325 - INFO - <Event(4-MouseMotion {'buttons': (0, 0, 0), 'pos': (449, 518), 'rel': (3, -21), 'window': None})>
2019-11-20 22:39:14,983 - BDM-WAM 1574289548.822325 - INFO - <Event(4-MouseMotion {'buttons': (0, 0, 0), 'pos': (445, 504), 'rel': (-4, -14), 'window': None})>
2019-11-20 22:39:15,000 - BDM-WAM 1574289548.822325 - INFO - <Event(4-MouseMotion {'buttons': (0, 0, 0), 'pos': (441, 494), 'rel': (-4, -10), 'window': None})>
2019-11-20 22:39:15,016 - BDM-WAM 1574289548.822325 - INFO - <Event(4-MouseMotion {'buttons': (0, 0, 0), 'pos': (440, 489), 'rel': (-1, -5), 'window': None})>
2019-11-20 22:39:15,057 - BDM-WAM 1574289548.822325 - INFO - <Event(4-MouseMotion {'buttons': (0, 0, 0), 'pos': (443, 484), 'rel': (3, -5), 'window': None})>
2019-11-20 22:39:15,075 - BDM-WAM 1574289548.822325 - INFO - <Event(4-MouseMotion {'buttons': (0, 0, 0), 'pos': (468, 474), 'rel': (25, -10), 'window': None})>
2019-11-20 22:39:15,092 - BDM-WAM 1574289548.822325 - INFO - <Event(4-MouseMotion {'buttons': (0, 0, 0), 'pos': (512, 468), 'rel': (44, -6), 'window': None})>
2019-11-20 22:39:15,109 - BDM-WAM 1574289548.822325 - INFO - <Event(4-MouseMotion {'buttons': (0, 0, 0), 'pos': (592, 467), 'rel': (80, -1), 'window': None})>
2019-11-20 22:39:15,126 - BDM-WAM 1574289548.822325 - INFO - <Event(4-MouseMotion {'buttons': (0, 0, 0), 'pos': (673, 467), 'rel': (81, 0), 'window': None})>
2019-11-20 22:39:15,144 - BDM-WAM 1574289548.822325 - INFO - <Event(4-MouseMotion {'buttons': (0, 0, 0), 'pos': (726, 464), 'rel': (53, -3), 'window': None})>
2019-11-20 22:39:15,161 - BDM-WAM 1574289548.822325 - INFO - <Event(4-MouseMotion {'buttons': (0, 0, 0), 'pos': (741, 461), 'rel': (15, -3), 'window': None})>
2019-11-20 22:39:15,280 - BDM-WAM 1574289548.822325 - INFO - <Event(4-MouseMotion {'buttons': (0, 0, 0), 'pos': (740, 461), 'rel': (-1, 0), 'window': None})>
2019-11-20 22:39:15,297 - BDM-WAM 1574289548.822325 - INFO - <Event(4-MouseMotion {'buttons': (0, 0, 0), 'pos': (730, 456), 'rel': (-10, -5), 'window': None})>
2019-11-20 22:39:15,314 - BDM-WAM 1574289548.822325 - INFO - <Event(4-MouseMotion {'buttons': (0, 0, 0), 'pos': (708, 438), 'rel': (-22, -18), 'window': None})>
2019-11-20 22:39:15,332 - BDM-WAM 1574289548.822325 - INFO - <Event(4-MouseMotion {'buttons': (0, 0, 0), 'pos': (681, 419), 'rel': (-27, -19), 'window': None})>
2019-11-20 22:39:15,347 - BDM-WAM 1574289548.822325 - INFO - <Event(4-MouseMotion {'buttons': (0, 0, 0), 'pos': (665, 408), 'rel': (-16, -11), 'window': None})>
2019-11-20 22:39:15,364 - BDM-WAM 1574289548.822325 - INFO - <Event(4-MouseMotion {'buttons': (0, 0, 0), 'pos': (651, 398), 'rel': (-14, -10), 'window': None})>
2019-11-20 22:39:15,382 - BDM-WAM 1574289548.822325 - INFO - <Event(4-MouseMotion {'buttons': (0, 0, 0), 'pos': (642, 389), 'rel': (-9, -9), 'window': None})>
2019-11-20 22:39:15,398 - BDM-WAM 1574289548.822325 - INFO - <Event(4-MouseMotion {'buttons': (0, 0, 0), 'pos': (641, 388), 'rel': (-1, -1), 'window': None})>
2019-11-20 22:39:15,465 - BDM-WAM 1574289548.822325 - INFO - <Event(5-MouseButtonDown {'pos': (641, 388), 'window': None, 'button': 1})>
2019-11-20 22:39:15,585 - BDM-WAM 1574289548.822325 - INFO - <Event(6-MouseButtonUp {'pos': (641, 388), 'window': None, 'button': 1})>
2019-11-20 22:39:15,671 - BDM-WAM 1574289548.822325 - INFO - <Event(4-MouseMotion {'buttons': (0, 0, 0), 'pos': (642, 388), 'rel': (1, 0), 'window': None})>
2019-11-20 22:39:15,688 - BDM-WAM 1574289548.822325 - INFO - <Event(4-MouseMotion {'buttons': (0, 0, 0), 'pos': (644, 388), 'rel': (2, 0), 'window': None})>
2019-11-20 22:39:15,705 - BDM-WAM 1574289548.822325 - INFO - <Event(4-MouseMotion {'buttons': (0, 0, 0), 'pos': (648, 389), 'rel': (4, 1), 'window': None})>
2019-11-20 22:39:15,722 - BDM-WAM 1574289548.822325 - INFO - <Event(4-MouseMotion {'buttons': (0, 0, 0), 'pos': (663, 396), 'rel': (15, 7), 'window': None})>
2019-11-20 22:39:15,738 - BDM-WAM 1574289548.822325 - INFO - <Event(4-MouseMotion {'buttons': (0, 0, 0), 'pos': (679, 404), 'rel': (16, 8), 'window': None})>
2019-11-20 22:39:15,755 - BDM-WAM 1574289548.822325 - INFO - <Event(4-MouseMotion {'buttons': (0, 0, 0), 'pos': (685, 407), 'rel': (6, 3), 'window': None})>
2019-11-20 22:39:15,772 - BDM-WAM 1574289548.822325 - INFO - <Event(4-MouseMotion {'buttons': (0, 0, 0), 'pos': (686, 407), 'rel': (1, 0), 'window': None})>
2019-11-20 22:39:15,789 - BDM-WAM 1574289548.822325 - INFO - <Event(5-MouseButtonDown {'pos': (686, 407), 'window': None, 'button': 1})>
2019-11-20 22:39:15,790 - BDM-WAM 1574289548.822325 - INFO - <Event(8-Pause {'reason': <bound method GameManager.pause of <game.GameManager object at 0x0000022770308208>> })>
2019-11-20 22:39:16,088 - BDM-WAM 1574289548.822325 - INFO - <Event(7-Rate {'': hit_conf51 })>
2019-11-20 22:39:16,271 - BDM-WAM 1574289548.822325 - INFO - <Event(7-Rate {'': reward_conf51 })>
2019-11-20 22:39:16,437 - BDM-WAM 1574289548.822325 - INFO - <Event(7-Rate {'': player_skill51 })>
2019-11-20 22:39:16,437 - BDM-WAM 1574289548.822325 - INFO - <Event(9.2-Fake Miss {'pos': (686,407), 'window': None})>
2019-11-20 22:39:16,512 - BDM-WAM 1574289548.822325 - INFO - <Event(4-MouseMotion {'buttons': (0, 0, 0), 'pos': (686, 406), 'rel': (0, -1), 'window': None})>
2019-11-20 22:39:16,530 - BDM-WAM 1574289548.822325 - INFO - <Event(4-MouseMotion {'buttons': (0, 0, 0), 'pos': (684, 405), 'rel': (-2, -1), 'window': None})>
2019-11-20 22:39:16,575 - BDM-WAM 1574289548.822325 - INFO - <Event(3-KeyUp {'key': 51, 'scancode': 4, 'window': None, 'mod': 0})>
2019-11-20 22:39:16,912 - BDM-WAM 1574289548.822325 - INFO - <Event(4-MouseMotion {'buttons': (0, 0, 0), 'pos': (682, 404), 'rel': (-2, -1), 'window': None})>
2019-11-20 22:39:16,930 - BDM-WAM 1574289548.822325 - INFO - <Event(4-MouseMotion {'buttons': (0, 0, 0), 'pos': (677, 404), 'rel': (-5, 0), 'window': None})>
2019-11-20 22:39:16,946 - BDM-WAM 1574289548.822325 - INFO - <Event(4-MouseMotion {'buttons': (0, 0, 0), 'pos': (672, 404), 'rel': (-5, 0), 'window': None})>
2019-11-20 22:39:16,963 - BDM-WAM 1574289548.822325 - INFO - <Event(4-MouseMotion {'buttons': (0, 0, 0), 'pos': (660, 404), 'rel': (-12, 0), 'window': None})>
2019-11-20 22:39:16,980 - BDM-WAM 1574289548.822325 - INFO - <Event(4-MouseMotion {'buttons': (0, 0, 0), 'pos': (636, 402), 'rel': (-24, -2), 'window': None})>
2019-11-20 22:39:16,997 - BDM-WAM 1574289548.822325 - INFO - <Event(4-MouseMotion {'buttons': (0, 0, 0), 'pos': (606, 397), 'rel': (-30, -5), 'window': None})>
2019-11-20 22:39:17,015 - BDM-WAM 1574289548.822325 - INFO - <Event(4-MouseMotion {'buttons': (0, 0, 0), 'pos': (585, 395), 'rel': (-21, -2), 'window': None})>
2019-11-20 22:39:17,033 - BDM-WAM 1574289548.822325 - INFO - <Event(4-MouseMotion {'buttons': (0, 0, 0), 'pos': (568, 393), 'rel': (-17, -2), 'window': None})>
2019-11-20 22:39:17,051 - BDM-WAM 1574289548.822325 - INFO - <Event(4-MouseMotion {'buttons': (0, 0, 0), 'pos': (563, 392), 'rel': (-5, -1), 'window': None})>
2019-11-20 22:39:17,068 - BDM-WAM 1574289548.822325 - INFO - <Event(4-MouseMotion {'buttons': (0, 0, 0), 'pos': (561, 392), 'rel': (-2, 0), 'window': None})>
2019-11-20 22:39:17,101 - BDM-WAM 1574289548.822325 - INFO - <Event(4-MouseMotion {'buttons': (0, 0, 0), 'pos': (553, 384), 'rel': (-8, -8), 'window': None})>
2019-11-20 22:39:17,118 - BDM-WAM 1574289548.822325 - INFO - <Event(4-MouseMotion {'buttons': (0, 0, 0), 'pos': (529, 361), 'rel': (-24, -23), 'window': None})>
2019-11-20 22:39:17,134 - BDM-WAM 1574289548.822325 - INFO - <Event(4-MouseMotion {'buttons': (0, 0, 0), 'pos': (503, 337), 'rel': (-26, -24), 'window': None})>
2019-11-20 22:39:17,152 - BDM-WAM 1574289548.822325 - INFO - <Event(4-MouseMotion {'buttons': (0, 0, 0), 'pos': (475, 310), 'rel': (-28, -27), 'window': None})>
2019-11-20 22:39:17,202 - BDM-WAM 1574289548.822325 - INFO - <Event(4-MouseMotion {'buttons': (0, 0, 0), 'pos': (458, 291), 'rel': (-17, -19), 'window': None})>
2019-11-20 22:39:17,220 - BDM-WAM 1574289548.822325 - INFO - <Event(4-MouseMotion {'buttons': (0, 0, 0), 'pos': (457, 288), 'rel': (-1, -3), 'window': None})>
2019-11-20 22:39:17,237 - BDM-WAM 1574289548.822325 - INFO - <Event(4-MouseMotion {'buttons': (0, 0, 0), 'pos': (448, 272), 'rel': (-9, -16), 'window': None})>
2019-11-20 22:39:17,254 - BDM-WAM 1574289548.822325 - INFO - <Event(4-MouseMotion {'buttons': (0, 0, 0), 'pos': (431, 252), 'rel': (-17, -20), 'window': None})>
2019-11-20 22:39:17,298 - BDM-WAM 1574289548.822325 - INFO - <Event(4-MouseMotion {'buttons': (0, 0, 0), 'pos': (415, 235), 'rel': (-16, -17), 'window': None})>
2019-11-20 22:39:17,318 - BDM-WAM 1574289548.822325 - INFO - <Event(4-MouseMotion {'buttons': (0, 0, 0), 'pos': (415, 234), 'rel': (0, -1), 'window': None})>
2019-11-20 22:39:17,413 - BDM-WAM 1574289548.822325 - INFO - <Event(4-MouseMotion {'buttons': (0, 0, 0), 'pos': (417, 210), 'rel': (2, -24), 'window': None})>
2019-11-20 22:39:17,418 - BDM-WAM 1574289548.822325 - INFO - <Event(4-MouseMotion {'buttons': (0, 0, 0), 'pos': (417, 209), 'rel': (0, -1), 'window': None})>
2019-11-20 22:39:17,433 - BDM-WAM 1574289548.822325 - INFO - <Event(4-MouseMotion {'buttons': (0, 0, 0), 'pos': (414, 195), 'rel': (-3, -14), 'window': None})>
2019-11-20 22:39:17,451 - BDM-WAM 1574289548.822325 - INFO - <Event(4-MouseMotion {'buttons': (0, 0, 0), 'pos': (401, 181), 'rel': (-13, -14), 'window': None})>
2019-11-20 22:39:17,469 - BDM-WAM 1574289548.822325 - INFO - <Event(4-MouseMotion {'buttons': (0, 0, 0), 'pos': (372, 172), 'rel': (-29, -9), 'window': None})>
2019-11-20 22:39:17,485 - BDM-WAM 1574289548.822325 - INFO - <Event(4-MouseMotion {'buttons': (0, 0, 0), 'pos': (338, 166), 'rel': (-34, -6), 'window': None})>
2019-11-20 22:39:17,503 - BDM-WAM 1574289548.822325 - INFO - <Event(4-MouseMotion {'buttons': (0, 0, 0), 'pos': (298, 162), 'rel': (-40, -4), 'window': None})>
2019-11-20 22:39:17,518 - BDM-WAM 1574289548.822325 - INFO - <Event(4-MouseMotion {'buttons': (0, 0, 0), 'pos': (273, 160), 'rel': (-25, -2), 'window': None})>
2019-11-20 22:39:17,535 - BDM-WAM 1574289548.822325 - INFO - <Event(4-MouseMotion {'buttons': (0, 0, 0), 'pos': (258, 159), 'rel': (-15, -1), 'window': None})>
2019-11-20 22:39:17,552 - BDM-WAM 1574289548.822325 - INFO - <Event(4-MouseMotion {'buttons': (0, 0, 0), 'pos': (254, 158), 'rel': (-4, -1), 'window': None})>
2019-11-20 22:39:17,620 - BDM-WAM 1574289548.822325 - INFO - <Event(4-MouseMotion {'buttons': (0, 0, 0), 'pos': (248, 150), 'rel': (-6, -8), 'window': None})>
2019-11-20 22:39:17,637 - BDM-WAM 1574289548.822325 - INFO - <Event(4-MouseMotion {'buttons': (0, 0, 0), 'pos': (231, 134), 'rel': (-17, -16), 'window': None})>
2019-11-20 22:39:17,654 - BDM-WAM 1574289548.822325 - INFO - <Event(4-MouseMotion {'buttons': (0, 0, 0), 'pos': (213, 117), 'rel': (-18, -17), 'window': None})>
2019-11-20 22:39:17,670 - BDM-WAM 1574289548.822325 - INFO - <Event(4-MouseMotion {'buttons': (0, 0, 0), 'pos': (198, 106), 'rel': (-15, -11), 'window': None})>
2019-11-20 22:39:17,688 - BDM-WAM 1574289548.822325 - INFO - <Event(4-MouseMotion {'buttons': (0, 0, 0), 'pos': (188, 99), 'rel': (-10, -7), 'window': None})>
2019-11-20 22:39:17,705 - BDM-WAM 1574289548.822325 - INFO - <Event(4-MouseMotion {'buttons': (0, 0, 0), 'pos': (180, 94), 'rel': (-8, -5), 'window': None})>
2019-11-20 22:39:17,722 - BDM-WAM 1574289548.822325 - INFO - <Event(4-MouseMotion {'buttons': (0, 0, 0), 'pos': (169, 86), 'rel': (-11, -8), 'window': None})>
2019-11-20 22:39:17,739 - BDM-WAM 1574289548.822325 - INFO - <Event(4-MouseMotion {'buttons': (0, 0, 0), 'pos': (152, 75), 'rel': (-17, -11), 'window': None})>
2019-11-20 22:39:17,756 - BDM-WAM 1574289548.822325 - INFO - <Event(4-MouseMotion {'buttons': (0, 0, 0), 'pos': (129, 65), 'rel': (-23, -10), 'window': None})>
2019-11-20 22:39:17,773 - BDM-WAM 1574289548.822325 - INFO - <Event(4-MouseMotion {'buttons': (0, 0, 0), 'pos': (107, 58), 'rel': (-22, -7), 'window': None})>
2019-11-20 22:39:17,791 - BDM-WAM 1574289548.822325 - INFO - <Event(4-MouseMotion {'buttons': (0, 0, 0), 'pos': (103, 57), 'rel': (-4, -1), 'window': None})>
2019-11-20 22:39:17,842 - BDM-WAM 1574289548.822325 - INFO - <Event(5-MouseButtonDown {'pos': (103, 57), 'window': None, 'button': 1})>
2019-11-20 22:39:17,977 - BDM-WAM 1574289548.822325 - INFO - <Event(6-MouseButtonUp {'pos': (103, 57), 'window': None, 'button': 1})>
2019-11-20 22:39:18,046 - BDM-WAM 1574289548.822325 - INFO - <Event(4-MouseMotion {'buttons': (0, 0, 0), 'pos': (108, 63), 'rel': (5, 6), 'window': None})>
2019-11-20 22:39:18,063 - BDM-WAM 1574289548.822325 - INFO - <Event(4-MouseMotion {'buttons': (0, 0, 0), 'pos': (113, 70), 'rel': (5, 7), 'window': None})>
2019-11-20 22:39:18,080 - BDM-WAM 1574289548.822325 - INFO - <Event(4-MouseMotion {'buttons': (0, 0, 0), 'pos': (120, 79), 'rel': (7, 9), 'window': None})>
2019-11-20 22:39:18,097 - BDM-WAM 1574289548.822325 - INFO - <Event(4-MouseMotion {'buttons': (0, 0, 0), 'pos': (124, 84), 'rel': (4, 5), 'window': None})>
2019-11-20 22:39:18,113 - BDM-WAM 1574289548.822325 - INFO - <Event(4-MouseMotion {'buttons': (0, 0, 0), 'pos': (125, 85), 'rel': (1, 1), 'window': None})>
2019-11-20 22:39:18,147 - BDM-WAM 1574289548.822325 - INFO - <Event(5-MouseButtonDown {'pos': (125, 85), 'window': None, 'button': 1})>
2019-11-20 22:39:18,148 - BDM-WAM 1574289548.822325 - INFO - <Event(8-Pause {'reason': <bound method GameManager.pause of <game.GameManager object at 0x0000022770308208>> })>
2019-11-20 22:39:21,778 - BDM-WAM 1574289548.822325 - INFO - <Event(8-Pause {'reason': <bound method GameManager.pause of <game.GameManager object at 0x0000022770308208>> })>
2019-11-20 22:39:25,386 - BDM-WAM 1574289548.822325 - INFO - <Event(7-Rate {'': hit_conf50 })>
2019-11-20 22:39:25,785 - BDM-WAM 1574289548.822325 - INFO - <Event(7-Rate {'': reward_conf50 })>
2019-11-20 22:39:26,715 - BDM-WAM 1574289548.822325 - INFO - <Event(7-Rate {'': player_skill50 })>
2019-11-20 22:39:26,716 - BDM-WAM 1574289548.822325 - INFO - <Event(9.3-Fake Hit {'pos': (799,579), 'window': None})>
2019-11-20 22:39:26,870 - BDM-WAM 1574289548.822325 - INFO - <Event(3-KeyUp {'key': 50, 'scancode': 3, 'window': None, 'mod': 0})>
2019-11-20 22:39:27,911 - BDM-WAM 1574289548.822325 - INFO - <Event(4-MouseMotion {'buttons': (0, 0, 0), 'pos': (619, 551), 'rel': (-1, -1), 'window': None})>
2019-11-20 22:39:27,928 - BDM-WAM 1574289548.822325 - INFO - <Event(4-MouseMotion {'buttons': (0, 0, 0), 'pos': (610, 551), 'rel': (-9, 0), 'window': None})>
2019-11-20 22:39:27,945 - BDM-WAM 1574289548.822325 - INFO - <Event(4-MouseMotion {'buttons': (0, 0, 0), 'pos': (606, 551), 'rel': (-4, 0), 'window': None})>
2019-11-20 22:39:27,996 - BDM-WAM 1574289548.822325 - INFO - <Event(4-MouseMotion {'buttons': (0, 0, 0), 'pos': (604, 551), 'rel': (-2, 0), 'window': None})>
2019-11-20 22:39:28,012 - BDM-WAM 1574289548.822325 - INFO - <Event(4-MouseMotion {'buttons': (0, 0, 0), 'pos': (601, 551), 'rel': (-3, 0), 'window': None})>
2019-11-20 22:39:28,029 - BDM-WAM 1574289548.822325 - INFO - <Event(4-MouseMotion {'buttons': (0, 0, 0), 'pos': (599, 552), 'rel': (-2, 1), 'window': None})>
2019-11-20 22:39:28,047 - BDM-WAM 1574289548.822325 - INFO - <Event(4-MouseMotion {'buttons': (0, 0, 0), 'pos': (597, 553), 'rel': (-2, 1), 'window': None})>
2019-11-20 22:39:28,063 - BDM-WAM 1574289548.822325 - INFO - <Event(4-MouseMotion {'buttons': (0, 0, 0), 'pos': (595, 553), 'rel': (-2, 0), 'window': None})>
2019-11-20 22:39:28,081 - BDM-WAM 1574289548.822325 - INFO - <Event(4-MouseMotion {'buttons': (0, 0, 0), 'pos': (591, 554), 'rel': (-4, 1), 'window': None})>
2019-11-20 22:39:28,097 - BDM-WAM 1574289548.822325 - INFO - <Event(4-MouseMotion {'buttons': (0, 0, 0), 'pos': (584, 556), 'rel': (-7, 2), 'window': None})>
2019-11-20 22:39:28,114 - BDM-WAM 1574289548.822325 - INFO - <Event(4-MouseMotion {'buttons': (0, 0, 0), 'pos': (578, 557), 'rel': (-6, 1), 'window': None})>
2019-11-20 22:39:28,131 - BDM-WAM 1574289548.822325 - INFO - <Event(4-MouseMotion {'buttons': (0, 0, 0), 'pos': (576, 557), 'rel': (-2, 0), 'window': None})>
2019-11-20 22:39:29,788 - BDM-WAM 1574289548.822325 - INFO - <Event(4-MouseMotion {'buttons': (0, 0, 0), 'pos': (573, 558), 'rel': (-3, 1), 'window': None})>
2019-11-20 22:39:29,832 - BDM-WAM 1574289548.822325 - INFO - <Event(4-MouseMotion {'buttons': (0, 0, 0), 'pos': (571, 559), 'rel': (-2, 1), 'window': None})>
2019-11-20 22:39:29,849 - BDM-WAM 1574289548.822325 - INFO - <Event(4-MouseMotion {'buttons': (0, 0, 0), 'pos': (571, 560), 'rel': (0, 1), 'window': None})>
2019-11-20 22:39:30,667 - BDM-WAM 1574289548.822325 - INFO - <Event(4-MouseMotion {'buttons': (0, 0, 0), 'pos': (573, 560), 'rel': (2, 0), 'window': None})>
2019-11-20 22:39:30,684 - BDM-WAM 1574289548.822325 - INFO - <Event(4-MouseMotion {'buttons': (0, 0, 0), 'pos': (574, 559), 'rel': (1, -1), 'window': None})>
2019-11-20 22:39:30,701 - BDM-WAM 1574289548.822325 - INFO - <Event(4-MouseMotion {'buttons': (0, 0, 0), 'pos': (575, 559), 'rel': (1, 0), 'window': None})>
2019-11-20 22:39:31,087 - BDM-WAM 1574289548.822325 - INFO - <Event(4-MouseMotion {'buttons': (0, 0, 0), 'pos': (576, 559), 'rel': (1, 0), 'window': None})>
2019-11-20 22:39:31,137 - BDM-WAM 1574289548.822325 - INFO - <Event(4-MouseMotion {'buttons': (0, 0, 0), 'pos': (577, 559), 'rel': (1, 0), 'window': None})>
2019-11-20 22:39:31,257 - BDM-WAM 1574289548.822325 - INFO - <Event(4-MouseMotion {'buttons': (0, 0, 0), 'pos': (579, 558), 'rel': (2, -1), 'window': None})>
2019-11-20 22:39:31,273 - BDM-WAM 1574289548.822325 - INFO - <Event(4-MouseMotion {'buttons': (0, 0, 0), 'pos': (579, 554), 'rel': (0, -4), 'window': None})>
2019-11-20 22:39:31,291 - BDM-WAM 1574289548.822325 - INFO - <Event(4-MouseMotion {'buttons': (0, 0, 0), 'pos': (580, 549), 'rel': (1, -5), 'window': None})>
2019-11-20 22:39:31,308 - BDM-WAM 1574289548.822325 - INFO - <Event(4-MouseMotion {'buttons': (0, 0, 0), 'pos': (580, 544), 'rel': (0, -5), 'window': None})>
2019-11-20 22:39:31,325 - BDM-WAM 1574289548.822325 - INFO - <Event(4-MouseMotion {'buttons': (0, 0, 0), 'pos': (575, 516), 'rel': (-5, -28), 'window': None})>
2019-11-20 22:39:31,341 - BDM-WAM 1574289548.822325 - INFO - <Event(4-MouseMotion {'buttons': (0, 0, 0), 'pos': (566, 482), 'rel': (-9, -34), 'window': None})>
2019-11-20 22:39:31,359 - BDM-WAM 1574289548.822325 - INFO - <Event(4-MouseMotion {'buttons': (0, 0, 0), 'pos': (561, 464), 'rel': (-5, -18), 'window': None})>
2019-11-20 22:39:31,376 - BDM-WAM 1574289548.822325 - INFO - <Event(4-MouseMotion {'buttons': (0, 0, 0), 'pos': (559, 457), 'rel': (-2, -7), 'window': None})>
2019-11-20 22:39:31,393 - BDM-WAM 1574289548.822325 - INFO - <Event(4-MouseMotion {'buttons': (0, 0, 0), 'pos': (558, 453), 'rel': (-1, -4), 'window': None})>
2019-11-20 22:39:31,410 - BDM-WAM 1574289548.822325 - INFO - <Event(4-MouseMotion {'buttons': (0, 0, 0), 'pos': (556, 440), 'rel': (-2, -13), 'window': None})>
2019-11-20 22:39:31,427 - BDM-WAM 1574289548.822325 - INFO - <Event(4-MouseMotion {'buttons': (0, 0, 0), 'pos': (554, 429), 'rel': (-2, -11), 'window': None})>
2019-11-20 22:39:31,443 - BDM-WAM 1574289548.822325 - INFO - <Event(4-MouseMotion {'buttons': (0, 0, 0), 'pos': (552, 419), 'rel': (-2, -10), 'window': None})>
2019-11-20 22:39:31,460 - BDM-WAM 1574289548.822325 - INFO - <Event(4-MouseMotion {'buttons': (0, 0, 0), 'pos': (551, 410), 'rel': (-1, -9), 'window': None})>
2019-11-20 22:39:31,477 - BDM-WAM 1574289548.822325 - INFO - <Event(4-MouseMotion {'buttons': (0, 0, 0), 'pos': (550, 401), 'rel': (-1, -9), 'window': None})>
2019-11-20 22:39:31,494 - BDM-WAM 1574289548.822325 - INFO - <Event(4-MouseMotion {'buttons': (0, 0, 0), 'pos': (548, 393), 'rel': (-2, -8), 'window': None})>
2019-11-20 22:39:31,511 - BDM-WAM 1574289548.822325 - INFO - <Event(4-MouseMotion {'buttons': (0, 0, 0), 'pos': (548, 388), 'rel': (0, -5), 'window': None})>
2019-11-20 22:39:31,529 - BDM-WAM 1574289548.822325 - INFO - <Event(4-MouseMotion {'buttons': (0, 0, 0), 'pos': (548, 386), 'rel': (0, -2), 'window': None})>
2019-11-20 22:39:31,571 - BDM-WAM 1574289548.822325 - INFO - <Event(4-MouseMotion {'buttons': (0, 0, 0), 'pos': (547, 372), 'rel': (-1, -14), 'window': None})>
2019-11-20 22:39:31,588 - BDM-WAM 1574289548.822325 - INFO - <Event(4-MouseMotion {'buttons': (0, 0, 0), 'pos': (545, 364), 'rel': (-2, -8), 'window': None})>
2019-11-20 22:39:31,605 - BDM-WAM 1574289548.822325 - INFO - <Event(4-MouseMotion {'buttons': (0, 0, 0), 'pos': (545, 359), 'rel': (0, -5), 'window': None})>
2019-11-20 22:39:31,623 - BDM-WAM 1574289548.822325 - INFO - <Event(4-MouseMotion {'buttons': (0, 0, 0), 'pos': (544, 356), 'rel': (-1, -3), 'window': None})>
2019-11-20 22:39:31,639 - BDM-WAM 1574289548.822325 - INFO - <Event(4-MouseMotion {'buttons': (0, 0, 0), 'pos': (544, 355), 'rel': (0, -1), 'window': None})>
2019-11-20 22:39:31,696 - BDM-WAM 1574289548.822325 - INFO - <Event(4-MouseMotion {'buttons': (0, 0, 0), 'pos': (544, 354), 'rel': (0, -1), 'window': None})>
2019-11-20 22:39:31,712 - BDM-WAM 1574289548.822325 - INFO - <Event(4-MouseMotion {'buttons': (0, 0, 0), 'pos': (544, 353), 'rel': (0, -1), 'window': None})>
2019-11-20 22:39:31,730 - BDM-WAM 1574289548.822325 - INFO - <Event(4-MouseMotion {'buttons': (0, 0, 0), 'pos': (543, 351), 'rel': (-1, -2), 'window': None})>
2019-11-20 22:39:31,749 - BDM-WAM 1574289548.822325 - INFO - <Event(4-MouseMotion {'buttons': (0, 0, 0), 'pos': (543, 349), 'rel': (0, -2), 'window': None})>
2019-11-20 22:39:33,928 - BDM-WAM 1574289548.822325 - INFO - <Event(4-MouseMotion {'buttons': (0, 0, 0), 'pos': (525, 353), 'rel': (-18, 4), 'window': None})>
2019-11-20 22:39:33,945 - BDM-WAM 1574289548.822325 - INFO - <Event(4-MouseMotion {'buttons': (0, 0, 0), 'pos': (509, 359), 'rel': (-16, 6), 'window': None})>
2019-11-20 22:39:33,962 - BDM-WAM 1574289548.822325 - INFO - <Event(4-MouseMotion {'buttons': (0, 0, 0), 'pos': (499, 364), 'rel': (-10, 5), 'window': None})>
2019-11-20 22:39:33,979 - BDM-WAM 1574289548.822325 - INFO - <Event(4-MouseMotion {'buttons': (0, 0, 0), 'pos': (491, 366), 'rel': (-8, 2), 'window': None})>
2019-11-20 22:39:33,996 - BDM-WAM 1574289548.822325 - INFO - <Event(4-MouseMotion {'buttons': (0, 0, 0), 'pos': (483, 369), 'rel': (-8, 3), 'window': None})>
2019-11-20 22:39:34,014 - BDM-WAM 1574289548.822325 - INFO - <Event(4-MouseMotion {'buttons': (0, 0, 0), 'pos': (481, 370), 'rel': (-2, 1), 'window': None})>
2019-11-20 22:39:42,992 - BDM-WAM 1574289548.822325 - INFO - <Event(4-MouseMotion {'buttons': (0, 0, 0), 'pos': (487, 369), 'rel': (6, -1), 'window': None})>
2019-11-20 22:39:43,009 - BDM-WAM 1574289548.822325 - INFO - <Event(4-MouseMotion {'buttons': (0, 0, 0), 'pos': (491, 368), 'rel': (4, -1), 'window': None})>
2019-11-20 22:39:43,060 - BDM-WAM 1574289548.822325 - INFO - <Event(4-MouseMotion {'buttons': (0, 0, 0), 'pos': (492, 368), 'rel': (1, 0), 'window': None})>
2019-11-20 22:39:43,094 - BDM-WAM 1574289548.822325 - INFO - <Event(4-MouseMotion {'buttons': (0, 0, 0), 'pos': (494, 367), 'rel': (2, -1), 'window': None})>
2019-11-20 22:39:43,111 - BDM-WAM 1574289548.822325 - INFO - <Event(4-MouseMotion {'buttons': (0, 0, 0), 'pos': (496, 365), 'rel': (2, -2), 'window': None})>
2019-11-20 22:39:43,128 - BDM-WAM 1574289548.822325 - INFO - <Event(4-MouseMotion {'buttons': (0, 0, 0), 'pos': (497, 365), 'rel': (1, 0), 'window': None})>
2019-11-20 22:39:43,145 - BDM-WAM 1574289548.822325 - INFO - <Event(4-MouseMotion {'buttons': (0, 0, 0), 'pos': (497, 364), 'rel': (0, -1), 'window': None})>
2019-11-20 22:39:43,161 - BDM-WAM 1574289548.822325 - INFO - <Event(4-MouseMotion {'buttons': (0, 0, 0), 'pos': (498, 363), 'rel': (1, -1), 'window': None})>
2019-11-20 22:39:43,179 - BDM-WAM 1574289548.822325 - INFO - <Event(4-MouseMotion {'buttons': (0, 0, 0), 'pos': (500, 361), 'rel': (2, -2), 'window': None})>
2019-11-20 22:39:43,195 - BDM-WAM 1574289548.822325 - INFO - <Event(4-MouseMotion {'buttons': (0, 0, 0), 'pos': (506, 353), 'rel': (6, -8), 'window': None})>
2019-11-20 22:39:43,212 - BDM-WAM 1574289548.822325 - INFO - <Event(4-MouseMotion {'buttons': (0, 0, 0), 'pos': (511, 347), 'rel': (5, -6), 'window': None})>
2019-11-20 22:39:43,251 - BDM-WAM 1574289548.822325 - INFO - <Event(4-MouseMotion {'buttons': (0, 0, 0), 'pos': (519, 335), 'rel': (8, -12), 'window': None})>
2019-11-20 22:39:43,268 - BDM-WAM 1574289548.822325 - INFO - <Event(4-MouseMotion {'buttons': (0, 0, 0), 'pos': (520, 333), 'rel': (1, -2), 'window': None})>
2019-11-20 22:39:43,285 - BDM-WAM 1574289548.822325 - INFO - <Event(4-MouseMotion {'buttons': (0, 0, 0), 'pos': (521, 332), 'rel': (1, -1), 'window': None})>
2019-11-20 22:39:43,302 - BDM-WAM 1574289548.822325 - INFO - <Event(4-MouseMotion {'buttons': (0, 0, 0), 'pos': (522, 331), 'rel': (1, -1), 'window': None})>
2019-11-20 22:39:43,319 - BDM-WAM 1574289548.822325 - INFO - <Event(4-MouseMotion {'buttons': (0, 0, 0), 'pos': (522, 330), 'rel': (0, -1), 'window': None})>
2019-11-20 22:39:43,365 - BDM-WAM 1574289548.822325 - INFO - <Event(4-MouseMotion {'buttons': (0, 0, 0), 'pos': (527, 324), 'rel': (5, -6), 'window': None})>
2019-11-20 22:39:43,383 - BDM-WAM 1574289548.822325 - INFO - <Event(4-MouseMotion {'buttons': (0, 0, 0), 'pos': (530, 322), 'rel': (3, -2), 'window': None})>
2019-11-20 22:39:43,401 - BDM-WAM 1574289548.822325 - INFO - <Event(4-MouseMotion {'buttons': (0, 0, 0), 'pos': (534, 319), 'rel': (4, -3), 'window': None})>
2019-11-20 22:39:43,417 - BDM-WAM 1574289548.822325 - INFO - <Event(4-MouseMotion {'buttons': (0, 0, 0), 'pos': (538, 316), 'rel': (4, -3), 'window': None})>
2019-11-20 22:39:43,433 - BDM-WAM 1574289548.822325 - INFO - <Event(4-MouseMotion {'buttons': (0, 0, 0), 'pos': (544, 312), 'rel': (6, -4), 'window': None})>
2019-11-20 22:39:43,473 - BDM-WAM 1574289548.822325 - INFO - <Event(4-MouseMotion {'buttons': (0, 0, 0), 'pos': (561, 305), 'rel': (17, -7), 'window': None})>
2019-11-20 22:39:43,492 - BDM-WAM 1574289548.822325 - INFO - <Event(4-MouseMotion {'buttons': (0, 0, 0), 'pos': (568, 302), 'rel': (7, -3), 'window': None})>
2019-11-20 22:39:43,508 - BDM-WAM 1574289548.822325 - INFO - <Event(4-MouseMotion {'buttons': (0, 0, 0), 'pos': (574, 299), 'rel': (6, -3), 'window': None})>
2019-11-20 22:39:43,526 - BDM-WAM 1574289548.822325 - INFO - <Event(4-MouseMotion {'buttons': (0, 0, 0), 'pos': (578, 298), 'rel': (4, -1), 'window': None})>
2019-11-20 22:39:43,543 - BDM-WAM 1574289548.822325 - INFO - <Event(4-MouseMotion {'buttons': (0, 0, 0), 'pos': (580, 296), 'rel': (2, -2), 'window': None})>
2019-11-20 22:39:43,559 - BDM-WAM 1574289548.822325 - INFO - <Event(4-MouseMotion {'buttons': (0, 0, 0), 'pos': (583, 295), 'rel': (3, -1), 'window': None})>
2019-11-20 22:39:43,576 - BDM-WAM 1574289548.822325 - INFO - <Event(4-MouseMotion {'buttons': (0, 0, 0), 'pos': (588, 292), 'rel': (5, -3), 'window': None})>
2019-11-20 22:39:43,593 - BDM-WAM 1574289548.822325 - INFO - <Event(4-MouseMotion {'buttons': (0, 0, 0), 'pos': (591, 289), 'rel': (3, -3), 'window': None})>
2019-11-20 22:39:43,610 - BDM-WAM 1574289548.822325 - INFO - <Event(4-MouseMotion {'buttons': (0, 0, 0), 'pos': (594, 285), 'rel': (3, -4), 'window': None})>
2019-11-20 22:39:43,627 - BDM-WAM 1574289548.822325 - INFO - <Event(4-MouseMotion {'buttons': (0, 0, 0), 'pos': (597, 282), 'rel': (3, -3), 'window': None})>
2019-11-20 22:39:43,643 - BDM-WAM 1574289548.822325 - INFO - <Event(4-MouseMotion {'buttons': (0, 0, 0), 'pos': (598, 278), 'rel': (1, -4), 'window': None})>
2019-11-20 22:39:43,661 - BDM-WAM 1574289548.822325 - INFO - <Event(4-MouseMotion {'buttons': (0, 0, 0), 'pos': (602, 271), 'rel': (4, -7), 'window': None})>
2019-11-20 22:39:43,677 - BDM-WAM 1574289548.822325 - INFO - <Event(4-MouseMotion {'buttons': (0, 0, 0), 'pos': (609, 257), 'rel': (7, -14), 'window': None})>
2019-11-20 22:39:43,694 - BDM-WAM 1574289548.822325 - INFO - <Event(4-MouseMotion {'buttons': (0, 0, 0), 'pos': (618, 238), 'rel': (9, -19), 'window': None})>
2019-11-20 22:39:43,711 - BDM-WAM 1574289548.822325 - INFO - <Event(4-MouseMotion {'buttons': (0, 0, 0), 'pos': (628, 216), 'rel': (10, -22), 'window': None})>
2019-11-20 22:39:43,728 - BDM-WAM 1574289548.822325 - INFO - <Event(4-MouseMotion {'buttons': (0, 0, 0), 'pos': (642, 183), 'rel': (14, -33), 'window': None})>
2019-11-20 22:39:43,745 - BDM-WAM 1574289548.822325 - INFO - <Event(4-MouseMotion {'buttons': (0, 0, 0), 'pos': (651, 161), 'rel': (9, -22), 'window': None})>
2019-11-20 22:39:43,763 - BDM-WAM 1574289548.822325 - INFO - <Event(4-MouseMotion {'buttons': (0, 0, 0), 'pos': (660, 135), 'rel': (9, -26), 'window': None})>
2019-11-20 22:39:43,780 - BDM-WAM 1574289548.822325 - INFO - <Event(4-MouseMotion {'buttons': (0, 0, 0), 'pos': (670, 114), 'rel': (10, -21), 'window': None})>
2019-11-20 22:39:43,797 - BDM-WAM 1574289548.822325 - INFO - <Event(4-MouseMotion {'buttons': (0, 0, 0), 'pos': (678, 96), 'rel': (8, -18), 'window': None})>
2019-11-20 22:39:43,815 - BDM-WAM 1574289548.822325 - INFO - <Event(4-MouseMotion {'buttons': (0, 0, 0), 'pos': (688, 81), 'rel': (10, -15), 'window': None})>
2019-11-20 22:39:43,831 - BDM-WAM 1574289548.822325 - INFO - <Event(4-MouseMotion {'buttons': (0, 0, 0), 'pos': (696, 69), 'rel': (8, -12), 'window': None})>
2019-11-20 22:39:43,849 - BDM-WAM 1574289548.822325 - INFO - <Event(4-MouseMotion {'buttons': (0, 0, 0), 'pos': (709, 53), 'rel': (13, -16), 'window': None})>
2019-11-20 22:39:43,865 - BDM-WAM 1574289548.822325 - INFO - <Event(4-MouseMotion {'buttons': (0, 0, 0), 'pos': (718, 43), 'rel': (9, -10), 'window': None})>
2019-11-20 22:39:43,883 - BDM-WAM 1574289548.822325 - INFO - <Event(4-MouseMotion {'buttons': (0, 0, 0), 'pos': (723, 38), 'rel': (5, -5), 'window': None})>
2019-11-20 22:39:43,899 - BDM-WAM 1574289548.822325 - INFO - <Event(4-MouseMotion {'buttons': (0, 0, 0), 'pos': (727, 33), 'rel': (4, -5), 'window': None})>
2019-11-20 22:39:43,917 - BDM-WAM 1574289548.822325 - INFO - <Event(4-MouseMotion {'buttons': (0, 0, 0), 'pos': (732, 28), 'rel': (5, -5), 'window': None})>
2019-11-20 22:39:43,933 - BDM-WAM 1574289548.822325 - INFO - <Event(4-MouseMotion {'buttons': (0, 0, 0), 'pos': (739, 20), 'rel': (7, -8), 'window': None})>
2019-11-20 22:39:43,950 - BDM-WAM 1574289548.822325 - INFO - <Event(4-MouseMotion {'buttons': (0, 0, 0), 'pos': (749, 9), 'rel': (10, -11), 'window': None})>
2019-11-20 22:39:43,967 - BDM-WAM 1574289548.822325 - INFO - <Event(4-MouseMotion {'buttons': (0, 0, 0), 'pos': (757, 3), 'rel': (8, -6), 'window': None})>
2019-11-20 22:39:43,985 - BDM-WAM 1574289548.822325 - INFO - <Event(1-ActiveEvent {'gain': 0, 'state': 1})>
2019-11-20 22:39:44,690 - BDM-WAM 1574289548.822325 - INFO - <Event(12-Quit {})>
