2019-07-17 15:20:05,979 - BDM-WAM 1563373202.3758807 - INFO - <Event(17-VideoExpose {})>
2019-07-17 15:20:07,162 - BDM-WAM 1563373202.3758807 - INFO - <Event(16-VideoResize {'size': (800, 600), 'w': 800, 'h': 600})>
2019-07-17 15:20:07,162 - BDM-WAM 1563373202.3758807 - INFO - <Event(1-ActiveEvent {'gain': 0, 'state': 1})>
2019-07-17 15:20:07,162 - BDM-WAM 1563373202.3758807 - INFO - <Event(4-MouseMotion {'pos': (452, 327), 'rel': (453, 328), 'buttons': (0, 0, 0), 'window': None})>
2019-07-17 15:20:07,162 - BDM-WAM 1563373202.3758807 - INFO - <Event(1-ActiveEvent {'gain': 1, 'state': 1})>
2019-07-17 15:20:07,163 - BDM-WAM 1563373202.3758807 - INFO - <Event(4-MouseMotion {'pos': (409, 361), 'rel': (-43, 34), 'buttons': (0, 0, 0), 'window': None})>
2019-07-17 15:20:07,280 - BDM-WAM 1563373202.3758807 - INFO - <Event(3-KeyUp {'key': 99, 'mod': 0, 'scancode': 46, 'window': None})>
2019-07-17 15:20:08,455 - BDM-WAM 1563373202.3758807 - INFO - <Event(4-MouseMotion {'pos': (452, 340), 'rel': (42, -20), 'buttons': (0, 0, 0), 'window': None})>
2019-07-17 15:20:08,476 - BDM-WAM 1563373202.3758807 - INFO - <Event(4-MouseMotion {'pos': (536, 299), 'rel': (84, -41), 'buttons': (0, 0, 0), 'window': None})>
2019-07-17 15:20:08,492 - BDM-WAM 1563373202.3758807 - INFO - <Event(4-MouseMotion {'pos': (598, 272), 'rel': (62, -27), 'buttons': (0, 0, 0), 'window': None})>
2019-07-17 15:20:08,508 - BDM-WAM 1563373202.3758807 - INFO - <Event(4-MouseMotion {'pos': (638, 253), 'rel': (40, -19), 'buttons': (0, 0, 0), 'window': None})>
2019-07-17 15:20:08,565 - BDM-WAM 1563373202.3758807 - INFO - <Event(4-MouseMotion {'pos': (680, 235), 'rel': (42, -18), 'buttons': (0, 0, 0), 'window': None})>
2019-07-17 15:20:08,583 - BDM-WAM 1563373202.3758807 - INFO - <Event(4-MouseMotion {'pos': (682, 234), 'rel': (2, -1), 'buttons': (0, 0, 0), 'window': None})>
2019-07-17 15:20:08,615 - BDM-WAM 1563373202.3758807 - INFO - <Event(4-MouseMotion {'pos': (680, 238), 'rel': (-2, 4), 'buttons': (0, 0, 0), 'window': None})>
2019-07-17 15:20:08,677 - BDM-WAM 1563373202.3758807 - INFO - <Event(4-MouseMotion {'pos': (660, 252), 'rel': (-20, 14), 'buttons': (0, 0, 0), 'window': None})>
2019-07-17 15:20:08,730 - BDM-WAM 1563373202.3758807 - INFO - <Event(4-MouseMotion {'pos': (642, 243), 'rel': (-18, -9), 'buttons': (0, 0, 0), 'window': None})>
2019-07-17 15:20:08,746 - BDM-WAM 1563373202.3758807 - INFO - <Event(4-MouseMotion {'pos': (630, 232), 'rel': (-12, -11), 'buttons': (0, 0, 0), 'window': None})>
2019-07-17 15:20:08,762 - BDM-WAM 1563373202.3758807 - INFO - <Event(4-MouseMotion {'pos': (618, 222), 'rel': (-12, -10), 'buttons': (0, 0, 0), 'window': None})>
2019-07-17 15:20:08,779 - BDM-WAM 1563373202.3758807 - INFO - <Event(4-MouseMotion {'pos': (605, 212), 'rel': (-13, -10), 'buttons': (0, 0, 0), 'window': None})>
2019-07-17 15:20:08,796 - BDM-WAM 1563373202.3758807 - INFO - <Event(4-MouseMotion {'pos': (593, 202), 'rel': (-12, -10), 'buttons': (0, 0, 0), 'window': None})>
2019-07-17 15:20:08,812 - BDM-WAM 1563373202.3758807 - INFO - <Event(4-MouseMotion {'pos': (583, 194), 'rel': (-10, -8), 'buttons': (0, 0, 0), 'window': None})>
2019-07-17 15:20:08,829 - BDM-WAM 1563373202.3758807 - INFO - <Event(4-MouseMotion {'pos': (573, 186), 'rel': (-10, -8), 'buttons': (0, 0, 0), 'window': None})>
2019-07-17 15:20:08,845 - BDM-WAM 1563373202.3758807 - INFO - <Event(4-MouseMotion {'pos': (567, 182), 'rel': (-6, -4), 'buttons': (0, 0, 0), 'window': None})>
2019-07-17 15:20:08,862 - BDM-WAM 1563373202.3758807 - INFO - <Event(4-MouseMotion {'pos': (563, 179), 'rel': (-4, -3), 'buttons': (0, 0, 0), 'window': None})>
2019-07-17 15:20:08,879 - BDM-WAM 1563373202.3758807 - INFO - <Event(4-MouseMotion {'pos': (558, 175), 'rel': (-5, -4), 'buttons': (0, 0, 0), 'window': None})>
2019-07-17 15:20:08,895 - BDM-WAM 1563373202.3758807 - INFO - <Event(4-MouseMotion {'pos': (555, 173), 'rel': (-3, -2), 'buttons': (0, 0, 0), 'window': None})>
2019-07-17 15:20:08,913 - BDM-WAM 1563373202.3758807 - INFO - <Event(4-MouseMotion {'pos': (550, 171), 'rel': (-5, -2), 'buttons': (0, 0, 0), 'window': None})>
2019-07-17 15:20:08,929 - BDM-WAM 1563373202.3758807 - INFO - <Event(4-MouseMotion {'pos': (546, 170), 'rel': (-4, -1), 'buttons': (0, 0, 0), 'window': None})>
2019-07-17 15:20:08,947 - BDM-WAM 1563373202.3758807 - INFO - <Event(4-MouseMotion {'pos': (545, 170), 'rel': (-1, 0), 'buttons': (0, 0, 0), 'window': None})>
2019-07-17 15:20:08,963 - BDM-WAM 1563373202.3758807 - INFO - <Event(4-MouseMotion {'pos': (544, 170), 'rel': (-1, 0), 'buttons': (0, 0, 0), 'window': None})>
2019-07-17 15:20:08,979 - BDM-WAM 1563373202.3758807 - INFO - <Event(4-MouseMotion {'pos': (544, 171), 'rel': (0, 1), 'buttons': (0, 0, 0), 'window': None})>
2019-07-17 15:20:09,178 - BDM-WAM 1563373202.3758807 - INFO - <Event(4-MouseMotion {'pos': (513, 195), 'rel': (-31, 24), 'buttons': (0, 0, 0), 'window': None})>
2019-07-17 15:20:09,198 - BDM-WAM 1563373202.3758807 - INFO - <Event(4-MouseMotion {'pos': (471, 220), 'rel': (-42, 25), 'buttons': (0, 0, 0), 'window': None})>
2019-07-17 15:20:09,213 - BDM-WAM 1563373202.3758807 - INFO - <Event(4-MouseMotion {'pos': (448, 231), 'rel': (-23, 11), 'buttons': (0, 0, 0), 'window': None})>
2019-07-17 15:20:09,230 - BDM-WAM 1563373202.3758807 - INFO - <Event(4-MouseMotion {'pos': (428, 234), 'rel': (-20, 3), 'buttons': (0, 0, 0), 'window': None})>
2019-07-17 15:20:09,246 - BDM-WAM 1563373202.3758807 - INFO - <Event(4-MouseMotion {'pos': (412, 235), 'rel': (-16, 1), 'buttons': (0, 0, 0), 'window': None})>
2019-07-17 15:20:09,312 - BDM-WAM 1563373202.3758807 - INFO - <Event(4-MouseMotion {'pos': (377, 239), 'rel': (-35, 4), 'buttons': (0, 0, 0), 'window': None})>
2019-07-17 15:20:09,315 - BDM-WAM 1563373202.3758807 - INFO - <Event(4-MouseMotion {'pos': (375, 239), 'rel': (-2, 0), 'buttons': (0, 0, 0), 'window': None})>
2019-07-17 15:20:09,331 - BDM-WAM 1563373202.3758807 - INFO - <Event(4-MouseMotion {'pos': (374, 239), 'rel': (-1, 0), 'buttons': (0, 0, 0), 'window': None})>
2019-07-17 15:20:09,348 - BDM-WAM 1563373202.3758807 - INFO - <Event(4-MouseMotion {'pos': (373, 239), 'rel': (-1, 0), 'buttons': (0, 0, 0), 'window': None})>
2019-07-17 15:20:09,408 - BDM-WAM 1563373202.3758807 - INFO - <Event(4-MouseMotion {'pos': (371, 244), 'rel': (-2, 5), 'buttons': (0, 0, 0), 'window': None})>
2019-07-17 15:20:09,426 - BDM-WAM 1563373202.3758807 - INFO - <Event(4-MouseMotion {'pos': (374, 267), 'rel': (3, 23), 'buttons': (0, 0, 0), 'window': None})>
2019-07-17 15:20:09,444 - BDM-WAM 1563373202.3758807 - INFO - <Event(4-MouseMotion {'pos': (375, 321), 'rel': (1, 54), 'buttons': (0, 0, 0), 'window': None})>
2019-07-17 15:20:09,459 - BDM-WAM 1563373202.3758807 - INFO - <Event(4-MouseMotion {'pos': (375, 377), 'rel': (0, 56), 'buttons': (0, 0, 0), 'window': None})>
2019-07-17 15:20:09,475 - BDM-WAM 1563373202.3758807 - INFO - <Event(4-MouseMotion {'pos': (375, 427), 'rel': (0, 50), 'buttons': (0, 0, 0), 'window': None})>
2019-07-17 15:20:09,492 - BDM-WAM 1563373202.3758807 - INFO - <Event(4-MouseMotion {'pos': (375, 469), 'rel': (0, 42), 'buttons': (0, 0, 0), 'window': None})>
2019-07-17 15:20:09,508 - BDM-WAM 1563373202.3758807 - INFO - <Event(4-MouseMotion {'pos': (375, 502), 'rel': (0, 33), 'buttons': (0, 0, 0), 'window': None})>
2019-07-17 15:20:09,525 - BDM-WAM 1563373202.3758807 - INFO - <Event(4-MouseMotion {'pos': (378, 519), 'rel': (3, 17), 'buttons': (0, 0, 0), 'window': None})>
2019-07-17 15:20:09,540 - BDM-WAM 1563373202.3758807 - INFO - <Event(4-MouseMotion {'pos': (378, 533), 'rel': (0, 14), 'buttons': (0, 0, 0), 'window': None})>
2019-07-17 15:20:09,559 - BDM-WAM 1563373202.3758807 - INFO - <Event(4-MouseMotion {'pos': (382, 545), 'rel': (4, 12), 'buttons': (0, 0, 0), 'window': None})>
2019-07-17 15:20:09,575 - BDM-WAM 1563373202.3758807 - INFO - <Event(4-MouseMotion {'pos': (383, 549), 'rel': (1, 4), 'buttons': (0, 0, 0), 'window': None})>
2019-07-17 15:20:09,591 - BDM-WAM 1563373202.3758807 - INFO - <Event(4-MouseMotion {'pos': (384, 551), 'rel': (1, 2), 'buttons': (0, 0, 0), 'window': None})>
2019-07-17 15:20:09,607 - BDM-WAM 1563373202.3758807 - INFO - <Event(4-MouseMotion {'pos': (385, 552), 'rel': (1, 1), 'buttons': (0, 0, 0), 'window': None})>
2019-07-17 15:20:09,622 - BDM-WAM 1563373202.3758807 - INFO - <Event(4-MouseMotion {'pos': (386, 552), 'rel': (1, 0), 'buttons': (0, 0, 0), 'window': None})>
2019-07-17 15:20:09,638 - BDM-WAM 1563373202.3758807 - INFO - <Event(4-MouseMotion {'pos': (387, 552), 'rel': (1, 0), 'buttons': (0, 0, 0), 'window': None})>
2019-07-17 15:20:09,654 - BDM-WAM 1563373202.3758807 - INFO - <Event(4-MouseMotion {'pos': (390, 552), 'rel': (3, 0), 'buttons': (0, 0, 0), 'window': None})>
2019-07-17 15:20:09,671 - BDM-WAM 1563373202.3758807 - INFO - <Event(4-MouseMotion {'pos': (392, 552), 'rel': (2, 0), 'buttons': (0, 0, 0), 'window': None})>
2019-07-17 15:20:09,690 - BDM-WAM 1563373202.3758807 - INFO - <Event(4-MouseMotion {'pos': (395, 551), 'rel': (3, -1), 'buttons': (0, 0, 0), 'window': None})>
2019-07-17 15:20:09,707 - BDM-WAM 1563373202.3758807 - INFO - <Event(4-MouseMotion {'pos': (403, 547), 'rel': (8, -4), 'buttons': (0, 0, 0), 'window': None})>
2019-07-17 15:20:09,722 - BDM-WAM 1563373202.3758807 - INFO - <Event(4-MouseMotion {'pos': (410, 545), 'rel': (7, -2), 'buttons': (0, 0, 0), 'window': None})>
2019-07-17 15:20:09,738 - BDM-WAM 1563373202.3758807 - INFO - <Event(4-MouseMotion {'pos': (416, 543), 'rel': (6, -2), 'buttons': (0, 0, 0), 'window': None})>
2019-07-17 15:20:09,755 - BDM-WAM 1563373202.3758807 - INFO - <Event(4-MouseMotion {'pos': (419, 542), 'rel': (3, -1), 'buttons': (0, 0, 0), 'window': None})>
2019-07-17 15:20:09,771 - BDM-WAM 1563373202.3758807 - INFO - <Event(4-MouseMotion {'pos': (422, 540), 'rel': (3, -2), 'buttons': (0, 0, 0), 'window': None})>
2019-07-17 15:20:09,790 - BDM-WAM 1563373202.3758807 - INFO - <Event(4-MouseMotion {'pos': (425, 539), 'rel': (3, -1), 'buttons': (0, 0, 0), 'window': None})>
2019-07-17 15:20:09,805 - BDM-WAM 1563373202.3758807 - INFO - <Event(4-MouseMotion {'pos': (426, 539), 'rel': (1, 0), 'buttons': (0, 0, 0), 'window': None})>
2019-07-17 15:20:09,821 - BDM-WAM 1563373202.3758807 - INFO - <Event(4-MouseMotion {'pos': (429, 537), 'rel': (3, -2), 'buttons': (0, 0, 0), 'window': None})>
2019-07-17 15:20:09,838 - BDM-WAM 1563373202.3758807 - INFO - <Event(4-MouseMotion {'pos': (433, 533), 'rel': (4, -4), 'buttons': (0, 0, 0), 'window': None})>
2019-07-17 15:20:09,859 - BDM-WAM 1563373202.3758807 - INFO - <Event(4-MouseMotion {'pos': (440, 522), 'rel': (7, -11), 'buttons': (0, 0, 0), 'window': None})>
2019-07-17 15:20:09,875 - BDM-WAM 1563373202.3758807 - INFO - <Event(4-MouseMotion {'pos': (446, 508), 'rel': (6, -14), 'buttons': (0, 0, 0), 'window': None})>
2019-07-17 15:20:09,890 - BDM-WAM 1563373202.3758807 - INFO - <Event(4-MouseMotion {'pos': (447, 504), 'rel': (1, -4), 'buttons': (0, 0, 0), 'window': None})>
2019-07-17 15:20:09,905 - BDM-WAM 1563373202.3758807 - INFO - <Event(4-MouseMotion {'pos': (449, 503), 'rel': (2, -1), 'buttons': (0, 0, 0), 'window': None})>
2019-07-17 15:20:09,954 - BDM-WAM 1563373202.3758807 - INFO - <Event(4-MouseMotion {'pos': (448, 503), 'rel': (-1, 0), 'buttons': (0, 0, 0), 'window': None})>
2019-07-17 15:20:09,973 - BDM-WAM 1563373202.3758807 - INFO - <Event(5-MouseButtonDown {'pos': (448, 503), 'button': 1, 'window': None})>
2019-07-17 15:20:09,975 - BDM-WAM 1563373202.3758807 - INFO - <Event(9.2-Fake Miss {'pos': (448,503), 'window': None})>
2019-07-17 15:20:10,119 - BDM-WAM 1563373202.3758807 - INFO - <Event(6-MouseButtonUp {'pos': (448, 503), 'button': 1, 'window': None})>
2019-07-17 15:20:10,633 - BDM-WAM 1563373202.3758807 - INFO - <Event(4-MouseMotion {'pos': (450, 499), 'rel': (2, -4), 'buttons': (0, 0, 0), 'window': None})>
2019-07-17 15:20:10,672 - BDM-WAM 1563373202.3758807 - INFO - <Event(4-MouseMotion {'pos': (450, 484), 'rel': (0, -15), 'buttons': (0, 0, 0), 'window': None})>
2019-07-17 15:20:10,688 - BDM-WAM 1563373202.3758807 - INFO - <Event(4-MouseMotion {'pos': (450, 474), 'rel': (0, -10), 'buttons': (0, 0, 0), 'window': None})>
2019-07-17 15:20:10,705 - BDM-WAM 1563373202.3758807 - INFO - <Event(4-MouseMotion {'pos': (452, 455), 'rel': (2, -19), 'buttons': (0, 0, 0), 'window': None})>
2019-07-17 15:20:10,722 - BDM-WAM 1563373202.3758807 - INFO - <Event(4-MouseMotion {'pos': (457, 431), 'rel': (5, -24), 'buttons': (0, 0, 0), 'window': None})>
2019-07-17 15:20:10,737 - BDM-WAM 1563373202.3758807 - INFO - <Event(4-MouseMotion {'pos': (462, 408), 'rel': (5, -23), 'buttons': (0, 0, 0), 'window': None})>
2019-07-17 15:20:10,754 - BDM-WAM 1563373202.3758807 - INFO - <Event(4-MouseMotion {'pos': (471, 383), 'rel': (9, -25), 'buttons': (0, 0, 0), 'window': None})>
2019-07-17 15:20:10,773 - BDM-WAM 1563373202.3758807 - INFO - <Event(4-MouseMotion {'pos': (493, 331), 'rel': (22, -52), 'buttons': (0, 0, 0), 'window': None})>
2019-07-17 15:20:10,790 - BDM-WAM 1563373202.3758807 - INFO - <Event(4-MouseMotion {'pos': (510, 303), 'rel': (17, -28), 'buttons': (0, 0, 0), 'window': None})>
2019-07-17 15:20:10,804 - BDM-WAM 1563373202.3758807 - INFO - <Event(4-MouseMotion {'pos': (534, 261), 'rel': (24, -42), 'buttons': (0, 0, 0), 'window': None})>
2019-07-17 15:20:10,820 - BDM-WAM 1563373202.3758807 - INFO - <Event(4-MouseMotion {'pos': (555, 227), 'rel': (21, -34), 'buttons': (0, 0, 0), 'window': None})>
2019-07-17 15:20:10,835 - BDM-WAM 1563373202.3758807 - INFO - <Event(4-MouseMotion {'pos': (570, 203), 'rel': (15, -24), 'buttons': (0, 0, 0), 'window': None})>
2019-07-17 15:20:10,852 - BDM-WAM 1563373202.3758807 - INFO - <Event(4-MouseMotion {'pos': (582, 177), 'rel': (12, -26), 'buttons': (0, 0, 0), 'window': None})>
2019-07-17 15:20:10,869 - BDM-WAM 1563373202.3758807 - INFO - <Event(4-MouseMotion {'pos': (590, 155), 'rel': (8, -22), 'buttons': (0, 0, 0), 'window': None})>
2019-07-17 15:20:10,886 - BDM-WAM 1563373202.3758807 - INFO - <Event(4-MouseMotion {'pos': (594, 139), 'rel': (4, -16), 'buttons': (0, 0, 0), 'window': None})>
2019-07-17 15:20:10,903 - BDM-WAM 1563373202.3758807 - INFO - <Event(4-MouseMotion {'pos': (596, 127), 'rel': (2, -12), 'buttons': (0, 0, 0), 'window': None})>
2019-07-17 15:20:10,918 - BDM-WAM 1563373202.3758807 - INFO - <Event(4-MouseMotion {'pos': (596, 123), 'rel': (0, -4), 'buttons': (0, 0, 0), 'window': None})>
2019-07-17 15:20:10,936 - BDM-WAM 1563373202.3758807 - INFO - <Event(4-MouseMotion {'pos': (596, 121), 'rel': (0, -2), 'buttons': (0, 0, 0), 'window': None})>
2019-07-17 15:20:10,953 - BDM-WAM 1563373202.3758807 - INFO - <Event(4-MouseMotion {'pos': (596, 119), 'rel': (0, -2), 'buttons': (0, 0, 0), 'window': None})>
2019-07-17 15:20:10,973 - BDM-WAM 1563373202.3758807 - INFO - <Event(4-MouseMotion {'pos': (596, 118), 'rel': (0, -1), 'buttons': (0, 0, 0), 'window': None})>
2019-07-17 15:20:11,004 - BDM-WAM 1563373202.3758807 - INFO - <Event(4-MouseMotion {'pos': (596, 116), 'rel': (0, -2), 'buttons': (0, 0, 0), 'window': None})>
2019-07-17 15:20:11,020 - BDM-WAM 1563373202.3758807 - INFO - <Event(4-MouseMotion {'pos': (596, 115), 'rel': (0, -1), 'buttons': (0, 0, 0), 'window': None})>
2019-07-17 15:20:11,037 - BDM-WAM 1563373202.3758807 - INFO - <Event(4-MouseMotion {'pos': (594, 115), 'rel': (-2, 0), 'buttons': (0, 0, 0), 'window': None})>
2019-07-17 15:20:11,057 - BDM-WAM 1563373202.3758807 - INFO - <Event(4-MouseMotion {'pos': (582, 115), 'rel': (-12, 0), 'buttons': (0, 0, 0), 'window': None})>
2019-07-17 15:20:11,072 - BDM-WAM 1563373202.3758807 - INFO - <Event(4-MouseMotion {'pos': (575, 118), 'rel': (-7, 3), 'buttons': (0, 0, 0), 'window': None})>
2019-07-17 15:20:11,141 - BDM-WAM 1563373202.3758807 - INFO - <Event(4-MouseMotion {'pos': (524, 127), 'rel': (-51, 9), 'buttons': (0, 0, 0), 'window': None})>
2019-07-17 15:20:11,158 - BDM-WAM 1563373202.3758807 - INFO - <Event(4-MouseMotion {'pos': (523, 127), 'rel': (-1, 0), 'buttons': (0, 0, 0), 'window': None})>
2019-07-17 15:20:11,176 - BDM-WAM 1563373202.3758807 - INFO - <Event(4-MouseMotion {'pos': (520, 129), 'rel': (-3, 2), 'buttons': (0, 0, 0), 'window': None})>
2019-07-17 15:20:11,237 - BDM-WAM 1563373202.3758807 - INFO - <Event(4-MouseMotion {'pos': (492, 202), 'rel': (-28, 73), 'buttons': (0, 0, 0), 'window': None})>
2019-07-17 15:20:11,258 - BDM-WAM 1563373202.3758807 - INFO - <Event(4-MouseMotion {'pos': (486, 244), 'rel': (-6, 42), 'buttons': (0, 0, 0), 'window': None})>
2019-07-17 15:20:11,274 - BDM-WAM 1563373202.3758807 - INFO - <Event(4-MouseMotion {'pos': (483, 257), 'rel': (-3, 13), 'buttons': (0, 0, 0), 'window': None})>
2019-07-17 15:20:11,290 - BDM-WAM 1563373202.3758807 - INFO - <Event(4-MouseMotion {'pos': (482, 263), 'rel': (-1, 6), 'buttons': (0, 0, 0), 'window': None})>
2019-07-17 15:20:11,365 - BDM-WAM 1563373202.3758807 - INFO - <Event(4-MouseMotion {'pos': (475, 270), 'rel': (-7, 7), 'buttons': (0, 0, 0), 'window': None})>
2019-07-17 15:20:11,384 - BDM-WAM 1563373202.3758807 - INFO - <Event(4-MouseMotion {'pos': (462, 270), 'rel': (-13, 0), 'buttons': (0, 0, 0), 'window': None})>
2019-07-17 15:20:11,401 - BDM-WAM 1563373202.3758807 - INFO - <Event(4-MouseMotion {'pos': (437, 270), 'rel': (-25, 0), 'buttons': (0, 0, 0), 'window': None})>
2019-07-17 15:20:11,418 - BDM-WAM 1563373202.3758807 - INFO - <Event(4-MouseMotion {'pos': (397, 268), 'rel': (-40, -2), 'buttons': (0, 0, 0), 'window': None})>
2019-07-17 15:20:11,433 - BDM-WAM 1563373202.3758807 - INFO - <Event(4-MouseMotion {'pos': (335, 262), 'rel': (-62, -6), 'buttons': (0, 0, 0), 'window': None})>
2019-07-17 15:20:11,451 - BDM-WAM 1563373202.3758807 - INFO - <Event(4-MouseMotion {'pos': (298, 256), 'rel': (-37, -6), 'buttons': (0, 0, 0), 'window': None})>
2019-07-17 15:20:11,466 - BDM-WAM 1563373202.3758807 - INFO - <Event(4-MouseMotion {'pos': (271, 248), 'rel': (-27, -8), 'buttons': (0, 0, 0), 'window': None})>
2019-07-17 15:20:11,482 - BDM-WAM 1563373202.3758807 - INFO - <Event(4-MouseMotion {'pos': (250, 239), 'rel': (-21, -9), 'buttons': (0, 0, 0), 'window': None})>
2019-07-17 15:20:11,499 - BDM-WAM 1563373202.3758807 - INFO - <Event(4-MouseMotion {'pos': (238, 231), 'rel': (-12, -8), 'buttons': (0, 0, 0), 'window': None})>
2019-07-17 15:20:11,517 - BDM-WAM 1563373202.3758807 - INFO - <Event(4-MouseMotion {'pos': (226, 223), 'rel': (-12, -8), 'buttons': (0, 0, 0), 'window': None})>
2019-07-17 15:20:11,532 - BDM-WAM 1563373202.3758807 - INFO - <Event(4-MouseMotion {'pos': (221, 219), 'rel': (-5, -4), 'buttons': (0, 0, 0), 'window': None})>
2019-07-17 15:20:11,549 - BDM-WAM 1563373202.3758807 - INFO - <Event(4-MouseMotion {'pos': (218, 217), 'rel': (-3, -2), 'buttons': (0, 0, 0), 'window': None})>
2019-07-17 15:20:11,565 - BDM-WAM 1563373202.3758807 - INFO - <Event(4-MouseMotion {'pos': (215, 215), 'rel': (-3, -2), 'buttons': (0, 0, 0), 'window': None})>
2019-07-17 15:20:11,582 - BDM-WAM 1563373202.3758807 - INFO - <Event(4-MouseMotion {'pos': (214, 214), 'rel': (-1, -1), 'buttons': (0, 0, 0), 'window': None})>
2019-07-17 15:20:11,598 - BDM-WAM 1563373202.3758807 - INFO - <Event(4-MouseMotion {'pos': (214, 213), 'rel': (0, -1), 'buttons': (0, 0, 0), 'window': None})>
2019-07-17 15:20:11,616 - BDM-WAM 1563373202.3758807 - INFO - <Event(4-MouseMotion {'pos': (213, 212), 'rel': (-1, -1), 'buttons': (0, 0, 0), 'window': None})>
2019-07-17 15:20:11,632 - BDM-WAM 1563373202.3758807 - INFO - <Event(4-MouseMotion {'pos': (211, 211), 'rel': (-2, -1), 'buttons': (0, 0, 0), 'window': None})>
2019-07-17 15:20:11,648 - BDM-WAM 1563373202.3758807 - INFO - <Event(4-MouseMotion {'pos': (210, 210), 'rel': (-1, -1), 'buttons': (0, 0, 0), 'window': None})>
2019-07-17 15:20:11,665 - BDM-WAM 1563373202.3758807 - INFO - <Event(4-MouseMotion {'pos': (208, 209), 'rel': (-2, -1), 'buttons': (0, 0, 0), 'window': None})>
2019-07-17 15:20:11,681 - BDM-WAM 1563373202.3758807 - INFO - <Event(4-MouseMotion {'pos': (206, 207), 'rel': (-2, -2), 'buttons': (0, 0, 0), 'window': None})>
2019-07-17 15:20:11,698 - BDM-WAM 1563373202.3758807 - INFO - <Event(4-MouseMotion {'pos': (203, 207), 'rel': (-3, 0), 'buttons': (0, 0, 0), 'window': None})>
2019-07-17 15:20:11,717 - BDM-WAM 1563373202.3758807 - INFO - <Event(4-MouseMotion {'pos': (200, 207), 'rel': (-3, 0), 'buttons': (0, 0, 0), 'window': None})>
2019-07-17 15:20:11,732 - BDM-WAM 1563373202.3758807 - INFO - <Event(4-MouseMotion {'pos': (197, 206), 'rel': (-3, -1), 'buttons': (0, 0, 0), 'window': None})>
2019-07-17 15:20:11,749 - BDM-WAM 1563373202.3758807 - INFO - <Event(4-MouseMotion {'pos': (197, 205), 'rel': (0, -1), 'buttons': (0, 0, 0), 'window': None})>
2019-07-17 15:20:11,764 - BDM-WAM 1563373202.3758807 - INFO - <Event(4-MouseMotion {'pos': (196, 203), 'rel': (-1, -2), 'buttons': (0, 0, 0), 'window': None})>
2019-07-17 15:20:11,781 - BDM-WAM 1563373202.3758807 - INFO - <Event(4-MouseMotion {'pos': (195, 202), 'rel': (-1, -1), 'buttons': (0, 0, 0), 'window': None})>
2019-07-17 15:20:11,797 - BDM-WAM 1563373202.3758807 - INFO - <Event(4-MouseMotion {'pos': (195, 200), 'rel': (0, -2), 'buttons': (0, 0, 0), 'window': None})>
2019-07-17 15:20:11,813 - BDM-WAM 1563373202.3758807 - INFO - <Event(4-MouseMotion {'pos': (195, 199), 'rel': (0, -1), 'buttons': (0, 0, 0), 'window': None})>
2019-07-17 15:20:11,831 - BDM-WAM 1563373202.3758807 - INFO - <Event(4-MouseMotion {'pos': (196, 198), 'rel': (1, -1), 'buttons': (0, 0, 0), 'window': None})>
2019-07-17 15:20:11,848 - BDM-WAM 1563373202.3758807 - INFO - <Event(4-MouseMotion {'pos': (197, 196), 'rel': (1, -2), 'buttons': (0, 0, 0), 'window': None})>
2019-07-17 15:20:11,865 - BDM-WAM 1563373202.3758807 - INFO - <Event(4-MouseMotion {'pos': (199, 196), 'rel': (2, 0), 'buttons': (0, 0, 0), 'window': None})>
2019-07-17 15:20:11,880 - BDM-WAM 1563373202.3758807 - INFO - <Event(4-MouseMotion {'pos': (200, 197), 'rel': (1, 1), 'buttons': (0, 0, 0), 'window': None})>
2019-07-17 15:20:11,898 - BDM-WAM 1563373202.3758807 - INFO - <Event(4-MouseMotion {'pos': (201, 198), 'rel': (1, 1), 'buttons': (0, 0, 0), 'window': None})>
2019-07-17 15:20:11,913 - BDM-WAM 1563373202.3758807 - INFO - <Event(4-MouseMotion {'pos': (202, 200), 'rel': (1, 2), 'buttons': (0, 0, 0), 'window': None})>
2019-07-17 15:20:11,932 - BDM-WAM 1563373202.3758807 - INFO - <Event(4-MouseMotion {'pos': (203, 203), 'rel': (1, 3), 'buttons': (0, 0, 0), 'window': None})>
2019-07-17 15:20:11,947 - BDM-WAM 1563373202.3758807 - INFO - <Event(4-MouseMotion {'pos': (204, 204), 'rel': (1, 1), 'buttons': (0, 0, 0), 'window': None})>
2019-07-17 15:20:11,963 - BDM-WAM 1563373202.3758807 - INFO - <Event(4-MouseMotion {'pos': (205, 207), 'rel': (1, 3), 'buttons': (0, 0, 0), 'window': None})>
2019-07-17 15:20:11,981 - BDM-WAM 1563373202.3758807 - INFO - <Event(4-MouseMotion {'pos': (205, 208), 'rel': (0, 1), 'buttons': (0, 0, 0), 'window': None})>
2019-07-17 15:20:12,000 - BDM-WAM 1563373202.3758807 - INFO - <Event(4-MouseMotion {'pos': (205, 211), 'rel': (0, 3), 'buttons': (0, 0, 0), 'window': None})>
2019-07-17 15:20:12,017 - BDM-WAM 1563373202.3758807 - INFO - <Event(4-MouseMotion {'pos': (205, 217), 'rel': (0, 6), 'buttons': (0, 0, 0), 'window': None})>
2019-07-17 15:20:12,036 - BDM-WAM 1563373202.3758807 - INFO - <Event(5-MouseButtonDown {'pos': (204, 219), 'button': 1, 'window': None})>
2019-07-17 15:20:12,038 - BDM-WAM 1563373202.3758807 - INFO - <Event(9.2-Fake Miss {'pos': (204,219), 'window': None})>
2019-07-17 15:20:12,131 - BDM-WAM 1563373202.3758807 - INFO - <Event(6-MouseButtonUp {'pos': (204, 219), 'button': 1, 'window': None})>
2019-07-17 15:20:12,581 - BDM-WAM 1563373202.3758807 - INFO - <Event(4-MouseMotion {'pos': (210, 219), 'rel': (6, 0), 'buttons': (0, 0, 0), 'window': None})>
2019-07-17 15:20:12,641 - BDM-WAM 1563373202.3758807 - INFO - <Event(4-MouseMotion {'pos': (219, 218), 'rel': (9, -1), 'buttons': (0, 0, 0), 'window': None})>
2019-07-17 15:20:12,658 - BDM-WAM 1563373202.3758807 - INFO - <Event(4-MouseMotion {'pos': (221, 217), 'rel': (2, -1), 'buttons': (0, 0, 0), 'window': None})>
2019-07-17 15:20:12,673 - BDM-WAM 1563373202.3758807 - INFO - <Event(4-MouseMotion {'pos': (222, 216), 'rel': (1, -1), 'buttons': (0, 0, 0), 'window': None})>
2019-07-17 15:20:12,692 - BDM-WAM 1563373202.3758807 - INFO - <Event(4-MouseMotion {'pos': (226, 216), 'rel': (4, 0), 'buttons': (0, 0, 0), 'window': None})>
2019-07-17 15:20:12,707 - BDM-WAM 1563373202.3758807 - INFO - <Event(4-MouseMotion {'pos': (228, 216), 'rel': (2, 0), 'buttons': (0, 0, 0), 'window': None})>
2019-07-17 15:20:12,723 - BDM-WAM 1563373202.3758807 - INFO - <Event(4-MouseMotion {'pos': (231, 216), 'rel': (3, 0), 'buttons': (0, 0, 0), 'window': None})>
2019-07-17 15:20:12,740 - BDM-WAM 1563373202.3758807 - INFO - <Event(4-MouseMotion {'pos': (237, 216), 'rel': (6, 0), 'buttons': (0, 0, 0), 'window': None})>
2019-07-17 15:20:12,758 - BDM-WAM 1563373202.3758807 - INFO - <Event(4-MouseMotion {'pos': (241, 216), 'rel': (4, 0), 'buttons': (0, 0, 0), 'window': None})>
2019-07-17 15:20:12,776 - BDM-WAM 1563373202.3758807 - INFO - <Event(4-MouseMotion {'pos': (248, 216), 'rel': (7, 0), 'buttons': (0, 0, 0), 'window': None})>
2019-07-17 15:20:12,792 - BDM-WAM 1563373202.3758807 - INFO - <Event(4-MouseMotion {'pos': (252, 216), 'rel': (4, 0), 'buttons': (0, 0, 0), 'window': None})>
2019-07-17 15:20:12,808 - BDM-WAM 1563373202.3758807 - INFO - <Event(4-MouseMotion {'pos': (254, 216), 'rel': (2, 0), 'buttons': (0, 0, 0), 'window': None})>
2019-07-17 15:20:12,826 - BDM-WAM 1563373202.3758807 - INFO - <Event(4-MouseMotion {'pos': (255, 216), 'rel': (1, 0), 'buttons': (0, 0, 0), 'window': None})>
2019-07-17 15:20:12,842 - BDM-WAM 1563373202.3758807 - INFO - <Event(4-MouseMotion {'pos': (256, 216), 'rel': (1, 0), 'buttons': (0, 0, 0), 'window': None})>
2019-07-17 15:20:12,860 - BDM-WAM 1563373202.3758807 - INFO - <Event(4-MouseMotion {'pos': (257, 216), 'rel': (1, 0), 'buttons': (0, 0, 0), 'window': None})>
2019-07-17 15:20:12,876 - BDM-WAM 1563373202.3758807 - INFO - <Event(4-MouseMotion {'pos': (258, 216), 'rel': (1, 0), 'buttons': (0, 0, 0), 'window': None})>
2019-07-17 15:20:12,892 - BDM-WAM 1563373202.3758807 - INFO - <Event(4-MouseMotion {'pos': (262, 215), 'rel': (4, -1), 'buttons': (0, 0, 0), 'window': None})>
2019-07-17 15:20:12,909 - BDM-WAM 1563373202.3758807 - INFO - <Event(4-MouseMotion {'pos': (268, 213), 'rel': (6, -2), 'buttons': (0, 0, 0), 'window': None})>
2019-07-17 15:20:12,926 - BDM-WAM 1563373202.3758807 - INFO - <Event(4-MouseMotion {'pos': (278, 207), 'rel': (10, -6), 'buttons': (0, 0, 0), 'window': None})>
2019-07-17 15:20:12,942 - BDM-WAM 1563373202.3758807 - INFO - <Event(4-MouseMotion {'pos': (289, 203), 'rel': (11, -4), 'buttons': (0, 0, 0), 'window': None})>
2019-07-17 15:20:12,961 - BDM-WAM 1563373202.3758807 - INFO - <Event(4-MouseMotion {'pos': (298, 200), 'rel': (9, -3), 'buttons': (0, 0, 0), 'window': None})>
2019-07-17 15:20:12,978 - BDM-WAM 1563373202.3758807 - INFO - <Event(4-MouseMotion {'pos': (303, 199), 'rel': (5, -1), 'buttons': (0, 0, 0), 'window': None})>
2019-07-17 15:20:12,993 - BDM-WAM 1563373202.3758807 - INFO - <Event(4-MouseMotion {'pos': (304, 199), 'rel': (1, 0), 'buttons': (0, 0, 0), 'window': None})>
2019-07-17 15:20:13,011 - BDM-WAM 1563373202.3758807 - INFO - <Event(4-MouseMotion {'pos': (306, 199), 'rel': (2, 0), 'buttons': (0, 0, 0), 'window': None})>
2019-07-17 15:20:13,106 - BDM-WAM 1563373202.3758807 - INFO - <Event(4-MouseMotion {'pos': (316, 195), 'rel': (10, -4), 'buttons': (0, 0, 0), 'window': None})>
2019-07-17 15:20:13,187 - BDM-WAM 1563373202.3758807 - INFO - <Event(4-MouseMotion {'pos': (316, 196), 'rel': (0, 1), 'buttons': (0, 0, 0), 'window': None})>
2019-07-17 15:20:13,237 - BDM-WAM 1563373202.3758807 - INFO - <Event(4-MouseMotion {'pos': (316, 198), 'rel': (0, 2), 'buttons': (0, 0, 0), 'window': None})>
2019-07-17 15:20:13,294 - BDM-WAM 1563373202.3758807 - INFO - <Event(4-MouseMotion {'pos': (350, 217), 'rel': (34, 19), 'buttons': (0, 0, 0), 'window': None})>
2019-07-17 15:20:13,298 - BDM-WAM 1563373202.3758807 - INFO - <Event(4-MouseMotion {'pos': (355, 219), 'rel': (5, 2), 'buttons': (0, 0, 0), 'window': None})>
2019-07-17 15:20:13,313 - BDM-WAM 1563373202.3758807 - INFO - <Event(4-MouseMotion {'pos': (365, 223), 'rel': (10, 4), 'buttons': (0, 0, 0), 'window': None})>
2019-07-17 15:20:13,330 - BDM-WAM 1563373202.3758807 - INFO - <Event(4-MouseMotion {'pos': (371, 227), 'rel': (6, 4), 'buttons': (0, 0, 0), 'window': None})>
2019-07-17 15:20:13,347 - BDM-WAM 1563373202.3758807 - INFO - <Event(4-MouseMotion {'pos': (380, 230), 'rel': (9, 3), 'buttons': (0, 0, 0), 'window': None})>
2019-07-17 15:20:13,364 - BDM-WAM 1563373202.3758807 - INFO - <Event(4-MouseMotion {'pos': (394, 234), 'rel': (14, 4), 'buttons': (0, 0, 0), 'window': None})>
2019-07-17 15:20:13,382 - BDM-WAM 1563373202.3758807 - INFO - <Event(4-MouseMotion {'pos': (407, 235), 'rel': (13, 1), 'buttons': (0, 0, 0), 'window': None})>
2019-07-17 15:20:13,398 - BDM-WAM 1563373202.3758807 - INFO - <Event(4-MouseMotion {'pos': (429, 235), 'rel': (22, 0), 'buttons': (0, 0, 0), 'window': None})>
2019-07-17 15:20:13,415 - BDM-WAM 1563373202.3758807 - INFO - <Event(4-MouseMotion {'pos': (446, 231), 'rel': (17, -4), 'buttons': (0, 0, 0), 'window': None})>
2019-07-17 15:20:13,433 - BDM-WAM 1563373202.3758807 - INFO - <Event(4-MouseMotion {'pos': (464, 222), 'rel': (18, -9), 'buttons': (0, 0, 0), 'window': None})>
2019-07-17 15:20:13,450 - BDM-WAM 1563373202.3758807 - INFO - <Event(4-MouseMotion {'pos': (482, 211), 'rel': (18, -11), 'buttons': (0, 0, 0), 'window': None})>
2019-07-17 15:20:13,470 - BDM-WAM 1563373202.3758807 - INFO - <Event(4-MouseMotion {'pos': (502, 190), 'rel': (20, -21), 'buttons': (0, 0, 0), 'window': None})>
2019-07-17 15:20:13,484 - BDM-WAM 1563373202.3758807 - INFO - <Event(4-MouseMotion {'pos': (511, 181), 'rel': (9, -9), 'buttons': (0, 0, 0), 'window': None})>
2019-07-17 15:20:13,501 - BDM-WAM 1563373202.3758807 - INFO - <Event(4-MouseMotion {'pos': (518, 175), 'rel': (7, -6), 'buttons': (0, 0, 0), 'window': None})>
2019-07-17 15:20:13,518 - BDM-WAM 1563373202.3758807 - INFO - <Event(4-MouseMotion {'pos': (522, 171), 'rel': (4, -4), 'buttons': (0, 0, 0), 'window': None})>
2019-07-17 15:20:13,533 - BDM-WAM 1563373202.3758807 - INFO - <Event(4-MouseMotion {'pos': (524, 169), 'rel': (2, -2), 'buttons': (0, 0, 0), 'window': None})>
2019-07-17 15:20:13,551 - BDM-WAM 1563373202.3758807 - INFO - <Event(4-MouseMotion {'pos': (526, 168), 'rel': (2, -1), 'buttons': (0, 0, 0), 'window': None})>
2019-07-17 15:20:13,569 - BDM-WAM 1563373202.3758807 - INFO - <Event(4-MouseMotion {'pos': (527, 167), 'rel': (1, -1), 'buttons': (0, 0, 0), 'window': None})>
2019-07-17 15:20:13,584 - BDM-WAM 1563373202.3758807 - INFO - <Event(4-MouseMotion {'pos': (528, 166), 'rel': (1, -1), 'buttons': (0, 0, 0), 'window': None})>
2019-07-17 15:20:13,666 - BDM-WAM 1563373202.3758807 - INFO - <Event(4-MouseMotion {'pos': (525, 164), 'rel': (-3, -2), 'buttons': (0, 0, 0), 'window': None})>
2019-07-17 15:20:13,687 - BDM-WAM 1563373202.3758807 - INFO - <Event(4-MouseMotion {'pos': (503, 161), 'rel': (-22, -3), 'buttons': (0, 0, 0), 'window': None})>
2019-07-17 15:20:13,700 - BDM-WAM 1563373202.3758807 - INFO - <Event(4-MouseMotion {'pos': (498, 161), 'rel': (-5, 0), 'buttons': (0, 0, 0), 'window': None})>
2019-07-17 15:20:13,816 - BDM-WAM 1563373202.3758807 - INFO - <Event(5-MouseButtonDown {'pos': (498, 161), 'button': 1, 'window': None})>
2019-07-17 15:20:13,819 - BDM-WAM 1563373202.3758807 - INFO - <Event(9.2-Fake Miss {'pos': (498,161), 'window': None})>
2019-07-17 15:20:13,946 - BDM-WAM 1563373202.3758807 - INFO - <Event(6-MouseButtonUp {'pos': (498, 161), 'button': 1, 'window': None})>
2019-07-17 15:20:14,504 - BDM-WAM 1563373202.3758807 - INFO - <Event(4-MouseMotion {'pos': (498, 163), 'rel': (0, 2), 'buttons': (0, 0, 0), 'window': None})>
2019-07-17 15:20:14,543 - BDM-WAM 1563373202.3758807 - INFO - <Event(4-MouseMotion {'pos': (498, 171), 'rel': (0, 8), 'buttons': (0, 0, 0), 'window': None})>
2019-07-17 15:20:14,560 - BDM-WAM 1563373202.3758807 - INFO - <Event(4-MouseMotion {'pos': (498, 173), 'rel': (0, 2), 'buttons': (0, 0, 0), 'window': None})>
2019-07-17 15:20:14,577 - BDM-WAM 1563373202.3758807 - INFO - <Event(4-MouseMotion {'pos': (498, 174), 'rel': (0, 1), 'buttons': (0, 0, 0), 'window': None})>
2019-07-17 15:20:14,593 - BDM-WAM 1563373202.3758807 - INFO - <Event(4-MouseMotion {'pos': (498, 175), 'rel': (0, 1), 'buttons': (0, 0, 0), 'window': None})>
2019-07-17 15:20:14,612 - BDM-WAM 1563373202.3758807 - INFO - <Event(4-MouseMotion {'pos': (498, 176), 'rel': (0, 1), 'buttons': (0, 0, 0), 'window': None})>
2019-07-17 15:20:14,860 - BDM-WAM 1563373202.3758807 - INFO - <Event(4-MouseMotion {'pos': (499, 176), 'rel': (1, 0), 'buttons': (0, 0, 0), 'window': None})>
2019-07-17 15:20:14,876 - BDM-WAM 1563373202.3758807 - INFO - <Event(4-MouseMotion {'pos': (502, 176), 'rel': (3, 0), 'buttons': (0, 0, 0), 'window': None})>
2019-07-17 15:20:14,908 - BDM-WAM 1563373202.3758807 - INFO - <Event(4-MouseMotion {'pos': (503, 176), 'rel': (1, 0), 'buttons': (0, 0, 0), 'window': None})>
2019-07-17 15:20:14,925 - BDM-WAM 1563373202.3758807 - INFO - <Event(4-MouseMotion {'pos': (504, 176), 'rel': (1, 0), 'buttons': (0, 0, 0), 'window': None})>
2019-07-17 15:20:15,040 - BDM-WAM 1563373202.3758807 - INFO - <Event(4-MouseMotion {'pos': (504, 175), 'rel': (0, -1), 'buttons': (0, 0, 0), 'window': None})>
2019-07-17 15:20:15,181 - BDM-WAM 1563373202.3758807 - INFO - <Event(4-MouseMotion {'pos': (502, 180), 'rel': (-2, 5), 'buttons': (0, 0, 0), 'window': None})>
2019-07-17 15:20:15,253 - BDM-WAM 1563373202.3758807 - INFO - <Event(4-MouseMotion {'pos': (490, 203), 'rel': (-12, 23), 'buttons': (0, 0, 0), 'window': None})>
2019-07-17 15:20:15,271 - BDM-WAM 1563373202.3758807 - INFO - <Event(4-MouseMotion {'pos': (486, 215), 'rel': (-4, 12), 'buttons': (0, 0, 0), 'window': None})>
2019-07-17 15:20:15,288 - BDM-WAM 1563373202.3758807 - INFO - <Event(4-MouseMotion {'pos': (486, 225), 'rel': (0, 10), 'buttons': (0, 0, 0), 'window': None})>
2019-07-17 15:20:15,305 - BDM-WAM 1563373202.3758807 - INFO - <Event(4-MouseMotion {'pos': (486, 239), 'rel': (0, 14), 'buttons': (0, 0, 0), 'window': None})>
2019-07-17 15:20:15,321 - BDM-WAM 1563373202.3758807 - INFO - <Event(4-MouseMotion {'pos': (490, 252), 'rel': (4, 13), 'buttons': (0, 0, 0), 'window': None})>
2019-07-17 15:20:15,338 - BDM-WAM 1563373202.3758807 - INFO - <Event(4-MouseMotion {'pos': (504, 267), 'rel': (14, 15), 'buttons': (0, 0, 0), 'window': None})>
2019-07-17 15:20:15,357 - BDM-WAM 1563373202.3758807 - INFO - <Event(4-MouseMotion {'pos': (563, 315), 'rel': (59, 48), 'buttons': (0, 0, 0), 'window': None})>
2019-07-17 15:20:15,372 - BDM-WAM 1563373202.3758807 - INFO - <Event(4-MouseMotion {'pos': (609, 347), 'rel': (46, 32), 'buttons': (0, 0, 0), 'window': None})>
2019-07-17 15:20:15,388 - BDM-WAM 1563373202.3758807 - INFO - <Event(4-MouseMotion {'pos': (638, 363), 'rel': (29, 16), 'buttons': (0, 0, 0), 'window': None})>
2019-07-17 15:20:15,405 - BDM-WAM 1563373202.3758807 - INFO - <Event(4-MouseMotion {'pos': (654, 372), 'rel': (16, 9), 'buttons': (0, 0, 0), 'window': None})>
2019-07-17 15:20:15,421 - BDM-WAM 1563373202.3758807 - INFO - <Event(4-MouseMotion {'pos': (662, 377), 'rel': (8, 5), 'buttons': (0, 0, 0), 'window': None})>
2019-07-17 15:20:15,438 - BDM-WAM 1563373202.3758807 - INFO - <Event(4-MouseMotion {'pos': (666, 379), 'rel': (4, 2), 'buttons': (0, 0, 0), 'window': None})>
2019-07-17 15:20:15,454 - BDM-WAM 1563373202.3758807 - INFO - <Event(4-MouseMotion {'pos': (666, 380), 'rel': (0, 1), 'buttons': (0, 0, 0), 'window': None})>
2019-07-17 15:20:15,472 - BDM-WAM 1563373202.3758807 - INFO - <Event(4-MouseMotion {'pos': (668, 382), 'rel': (2, 2), 'buttons': (0, 0, 0), 'window': None})>
2019-07-17 15:20:15,488 - BDM-WAM 1563373202.3758807 - INFO - <Event(4-MouseMotion {'pos': (670, 382), 'rel': (2, 0), 'buttons': (0, 0, 0), 'window': None})>
2019-07-17 15:20:15,505 - BDM-WAM 1563373202.3758807 - INFO - <Event(4-MouseMotion {'pos': (670, 383), 'rel': (0, 1), 'buttons': (0, 0, 0), 'window': None})>
2019-07-17 15:20:15,557 - BDM-WAM 1563373202.3758807 - INFO - <Event(4-MouseMotion {'pos': (668, 383), 'rel': (-2, 0), 'buttons': (0, 0, 0), 'window': None})>
2019-07-17 15:20:15,573 - BDM-WAM 1563373202.3758807 - INFO - <Event(4-MouseMotion {'pos': (666, 383), 'rel': (-2, 0), 'buttons': (0, 0, 0), 'window': None})>
2019-07-17 15:20:15,589 - BDM-WAM 1563373202.3758807 - INFO - <Event(4-MouseMotion {'pos': (665, 383), 'rel': (-1, 0), 'buttons': (0, 0, 0), 'window': None})>
2019-07-17 15:20:15,607 - BDM-WAM 1563373202.3758807 - INFO - <Event(4-MouseMotion {'pos': (664, 383), 'rel': (-1, 0), 'buttons': (0, 0, 0), 'window': None})>
2019-07-17 15:20:15,627 - BDM-WAM 1563373202.3758807 - INFO - <Event(4-MouseMotion {'pos': (662, 383), 'rel': (-2, 0), 'buttons': (0, 0, 0), 'window': None})>
2019-07-17 15:20:15,710 - BDM-WAM 1563373202.3758807 - INFO - <Event(4-MouseMotion {'pos': (662, 384), 'rel': (0, 1), 'buttons': (0, 0, 0), 'window': None})>
2019-07-17 15:20:15,731 - BDM-WAM 1563373202.3758807 - INFO - <Event(5-MouseButtonDown {'pos': (664, 385), 'button': 1, 'window': None})>
2019-07-17 15:20:15,732 - BDM-WAM 1563373202.3758807 - INFO - <Event(9.1-True Hit {'pos': (664,385), 'window': None})>
2019-07-17 15:20:15,793 - BDM-WAM 1563373202.3758807 - INFO - <Event(4-MouseMotion {'pos': (667, 387), 'rel': (3, 2), 'buttons': (1, 0, 0), 'window': None})>
2019-07-17 15:20:15,796 - BDM-WAM 1563373202.3758807 - INFO - <Event(4-MouseMotion {'pos': (668, 387), 'rel': (1, 0), 'buttons': (1, 0, 0), 'window': None})>
2019-07-17 15:20:15,813 - BDM-WAM 1563373202.3758807 - INFO - <Event(4-MouseMotion {'pos': (669, 389), 'rel': (1, 2), 'buttons': (1, 0, 0), 'window': None})>
2019-07-17 15:20:15,830 - BDM-WAM 1563373202.3758807 - INFO - <Event(4-MouseMotion {'pos': (670, 389), 'rel': (1, 0), 'buttons': (1, 0, 0), 'window': None})>
2019-07-17 15:20:15,847 - BDM-WAM 1563373202.3758807 - INFO - <Event(4-MouseMotion {'pos': (670, 390), 'rel': (0, 1), 'buttons': (1, 0, 0), 'window': None})>
2019-07-17 15:20:15,881 - BDM-WAM 1563373202.3758807 - INFO - <Event(6-MouseButtonUp {'pos': (670, 390), 'button': 1, 'window': None})>
2019-07-17 15:20:15,900 - BDM-WAM 1563373202.3758807 - INFO - <Event(4-MouseMotion {'pos': (670, 391), 'rel': (0, 1), 'buttons': (0, 0, 0), 'window': None})>
2019-07-17 15:20:16,364 - BDM-WAM 1563373202.3758807 - INFO - <Event(4-MouseMotion {'pos': (667, 390), 'rel': (-3, -1), 'buttons': (0, 0, 0), 'window': None})>
2019-07-17 15:20:16,382 - BDM-WAM 1563373202.3758807 - INFO - <Event(4-MouseMotion {'pos': (658, 386), 'rel': (-9, -4), 'buttons': (0, 0, 0), 'window': None})>
2019-07-17 15:20:16,399 - BDM-WAM 1563373202.3758807 - INFO - <Event(4-MouseMotion {'pos': (650, 383), 'rel': (-8, -3), 'buttons': (0, 0, 0), 'window': None})>
2019-07-17 15:20:16,417 - BDM-WAM 1563373202.3758807 - INFO - <Event(4-MouseMotion {'pos': (643, 375), 'rel': (-7, -8), 'buttons': (0, 0, 0), 'window': None})>
2019-07-17 15:20:16,432 - BDM-WAM 1563373202.3758807 - INFO - <Event(4-MouseMotion {'pos': (638, 369), 'rel': (-5, -6), 'buttons': (0, 0, 0), 'window': None})>
2019-07-17 15:20:16,449 - BDM-WAM 1563373202.3758807 - INFO - <Event(4-MouseMotion {'pos': (634, 364), 'rel': (-4, -5), 'buttons': (0, 0, 0), 'window': None})>
2019-07-17 15:20:16,466 - BDM-WAM 1563373202.3758807 - INFO - <Event(4-MouseMotion {'pos': (633, 359), 'rel': (-1, -5), 'buttons': (0, 0, 0), 'window': None})>
2019-07-17 15:20:16,481 - BDM-WAM 1563373202.3758807 - INFO - <Event(4-MouseMotion {'pos': (631, 355), 'rel': (-2, -4), 'buttons': (0, 0, 0), 'window': None})>
2019-07-17 15:20:16,499 - BDM-WAM 1563373202.3758807 - INFO - <Event(4-MouseMotion {'pos': (629, 352), 'rel': (-2, -3), 'buttons': (0, 0, 0), 'window': None})>
2019-07-17 15:20:16,516 - BDM-WAM 1563373202.3758807 - INFO - <Event(4-MouseMotion {'pos': (629, 347), 'rel': (0, -5), 'buttons': (0, 0, 0), 'window': None})>
2019-07-17 15:20:16,532 - BDM-WAM 1563373202.3758807 - INFO - <Event(4-MouseMotion {'pos': (629, 344), 'rel': (0, -3), 'buttons': (0, 0, 0), 'window': None})>
2019-07-17 15:20:16,549 - BDM-WAM 1563373202.3758807 - INFO - <Event(4-MouseMotion {'pos': (629, 339), 'rel': (0, -5), 'buttons': (0, 0, 0), 'window': None})>
2019-07-17 15:20:16,566 - BDM-WAM 1563373202.3758807 - INFO - <Event(4-MouseMotion {'pos': (632, 326), 'rel': (3, -13), 'buttons': (0, 0, 0), 'window': None})>
2019-07-17 15:20:16,583 - BDM-WAM 1563373202.3758807 - INFO - <Event(4-MouseMotion {'pos': (638, 298), 'rel': (6, -28), 'buttons': (0, 0, 0), 'window': None})>
2019-07-17 15:20:16,602 - BDM-WAM 1563373202.3758807 - INFO - <Event(4-MouseMotion {'pos': (652, 255), 'rel': (14, -43), 'buttons': (0, 0, 0), 'window': None})>
2019-07-17 15:20:16,618 - BDM-WAM 1563373202.3758807 - INFO - <Event(4-MouseMotion {'pos': (668, 210), 'rel': (16, -45), 'buttons': (0, 0, 0), 'window': None})>
2019-07-17 15:20:16,633 - BDM-WAM 1563373202.3758807 - INFO - <Event(4-MouseMotion {'pos': (689, 158), 'rel': (21, -52), 'buttons': (0, 0, 0), 'window': None})>
2019-07-17 15:20:16,650 - BDM-WAM 1563373202.3758807 - INFO - <Event(4-MouseMotion {'pos': (704, 121), 'rel': (15, -37), 'buttons': (0, 0, 0), 'window': None})>
2019-07-17 15:20:16,738 - BDM-WAM 1563373202.3758807 - INFO - <Event(4-MouseMotion {'pos': (738, 35), 'rel': (34, -86), 'buttons': (0, 0, 0), 'window': None})>
2019-07-17 15:20:16,757 - BDM-WAM 1563373202.3758807 - INFO - <Event(4-MouseMotion {'pos': (739, 35), 'rel': (1, 0), 'buttons': (0, 0, 0), 'window': None})>
2019-07-17 15:20:16,815 - BDM-WAM 1563373202.3758807 - INFO - <Event(4-MouseMotion {'pos': (738, 33), 'rel': (-1, -2), 'buttons': (0, 0, 0), 'window': None})>
2019-07-17 15:20:16,835 - BDM-WAM 1563373202.3758807 - INFO - <Event(4-MouseMotion {'pos': (734, 35), 'rel': (-4, 2), 'buttons': (0, 0, 0), 'window': None})>
2019-07-17 15:20:16,856 - BDM-WAM 1563373202.3758807 - INFO - <Event(4-MouseMotion {'pos': (717, 49), 'rel': (-17, 14), 'buttons': (0, 0, 0), 'window': None})>
2019-07-17 15:20:16,871 - BDM-WAM 1563373202.3758807 - INFO - <Event(4-MouseMotion {'pos': (706, 55), 'rel': (-11, 6), 'buttons': (0, 0, 0), 'window': None})>
2019-07-17 15:20:16,965 - BDM-WAM 1563373202.3758807 - INFO - <Event(4-MouseMotion {'pos': (674, 81), 'rel': (-32, 26), 'buttons': (0, 0, 0), 'window': None})>
2019-07-17 15:20:16,985 - BDM-WAM 1563373202.3758807 - INFO - <Event(4-MouseMotion {'pos': (673, 82), 'rel': (-1, 1), 'buttons': (0, 0, 0), 'window': None})>
2019-07-17 15:20:17,055 - BDM-WAM 1563373202.3758807 - INFO - <Event(4-MouseMotion {'pos': (674, 82), 'rel': (1, 0), 'buttons': (0, 0, 0), 'window': None})>
2019-07-17 15:20:17,086 - BDM-WAM 1563373202.3758807 - INFO - <Event(4-MouseMotion {'pos': (676, 83), 'rel': (2, 1), 'buttons': (0, 0, 0), 'window': None})>
2019-07-17 15:20:17,102 - BDM-WAM 1563373202.3758807 - INFO - <Event(4-MouseMotion {'pos': (674, 91), 'rel': (-2, 8), 'buttons': (0, 0, 0), 'window': None})>
2019-07-17 15:20:17,118 - BDM-WAM 1563373202.3758807 - INFO - <Event(4-MouseMotion {'pos': (666, 109), 'rel': (-8, 18), 'buttons': (0, 0, 0), 'window': None})>
2019-07-17 15:20:17,133 - BDM-WAM 1563373202.3758807 - INFO - <Event(4-MouseMotion {'pos': (646, 136), 'rel': (-20, 27), 'buttons': (0, 0, 0), 'window': None})>
2019-07-17 15:20:17,150 - BDM-WAM 1563373202.3758807 - INFO - <Event(4-MouseMotion {'pos': (612, 168), 'rel': (-34, 32), 'buttons': (0, 0, 0), 'window': None})>
2019-07-17 15:20:17,170 - BDM-WAM 1563373202.3758807 - INFO - <Event(4-MouseMotion {'pos': (555, 209), 'rel': (-57, 41), 'buttons': (0, 0, 0), 'window': None})>
2019-07-17 15:20:17,185 - BDM-WAM 1563373202.3758807 - INFO - <Event(4-MouseMotion {'pos': (422, 278), 'rel': (-133, 69), 'buttons': (0, 0, 0), 'window': None})>
2019-07-17 15:20:17,201 - BDM-WAM 1563373202.3758807 - INFO - <Event(4-MouseMotion {'pos': (326, 315), 'rel': (-96, 37), 'buttons': (0, 0, 0), 'window': None})>
2019-07-17 15:20:17,217 - BDM-WAM 1563373202.3758807 - INFO - <Event(4-MouseMotion {'pos': (266, 339), 'rel': (-60, 24), 'buttons': (0, 0, 0), 'window': None})>
2019-07-17 15:20:17,233 - BDM-WAM 1563373202.3758807 - INFO - <Event(4-MouseMotion {'pos': (230, 351), 'rel': (-36, 12), 'buttons': (0, 0, 0), 'window': None})>
2019-07-17 15:20:17,254 - BDM-WAM 1563373202.3758807 - INFO - <Event(4-MouseMotion {'pos': (202, 368), 'rel': (-28, 17), 'buttons': (0, 0, 0), 'window': None})>
2019-07-17 15:20:17,271 - BDM-WAM 1563373202.3758807 - INFO - <Event(4-MouseMotion {'pos': (191, 376), 'rel': (-11, 8), 'buttons': (0, 0, 0), 'window': None})>
2019-07-17 15:20:17,286 - BDM-WAM 1563373202.3758807 - INFO - <Event(4-MouseMotion {'pos': (182, 383), 'rel': (-9, 7), 'buttons': (0, 0, 0), 'window': None})>
2019-07-17 15:20:17,303 - BDM-WAM 1563373202.3758807 - INFO - <Event(4-MouseMotion {'pos': (177, 389), 'rel': (-5, 6), 'buttons': (0, 0, 0), 'window': None})>
2019-07-17 15:20:17,319 - BDM-WAM 1563373202.3758807 - INFO - <Event(4-MouseMotion {'pos': (171, 395), 'rel': (-6, 6), 'buttons': (0, 0, 0), 'window': None})>
2019-07-17 15:20:17,339 - BDM-WAM 1563373202.3758807 - INFO - <Event(4-MouseMotion {'pos': (167, 402), 'rel': (-4, 7), 'buttons': (0, 0, 0), 'window': None})>
2019-07-17 15:20:17,356 - BDM-WAM 1563373202.3758807 - INFO - <Event(4-MouseMotion {'pos': (164, 407), 'rel': (-3, 5), 'buttons': (0, 0, 0), 'window': None})>
2019-07-17 15:20:17,370 - BDM-WAM 1563373202.3758807 - INFO - <Event(4-MouseMotion {'pos': (162, 411), 'rel': (-2, 4), 'buttons': (0, 0, 0), 'window': None})>
2019-07-17 15:20:17,386 - BDM-WAM 1563373202.3758807 - INFO - <Event(4-MouseMotion {'pos': (161, 417), 'rel': (-1, 6), 'buttons': (0, 0, 0), 'window': None})>
2019-07-17 15:20:17,403 - BDM-WAM 1563373202.3758807 - INFO - <Event(4-MouseMotion {'pos': (158, 424), 'rel': (-3, 7), 'buttons': (0, 0, 0), 'window': None})>
2019-07-17 15:20:17,421 - BDM-WAM 1563373202.3758807 - INFO - <Event(4-MouseMotion {'pos': (158, 433), 'rel': (0, 9), 'buttons': (0, 0, 0), 'window': None})>
2019-07-17 15:20:17,439 - BDM-WAM 1563373202.3758807 - INFO - <Event(4-MouseMotion {'pos': (158, 441), 'rel': (0, 8), 'buttons': (0, 0, 0), 'window': None})>
2019-07-17 15:20:17,453 - BDM-WAM 1563373202.3758807 - INFO - <Event(4-MouseMotion {'pos': (158, 445), 'rel': (0, 4), 'buttons': (0, 0, 0), 'window': None})>
2019-07-17 15:20:17,469 - BDM-WAM 1563373202.3758807 - INFO - <Event(4-MouseMotion {'pos': (158, 448), 'rel': (0, 3), 'buttons': (0, 0, 0), 'window': None})>
2019-07-17 15:20:17,486 - BDM-WAM 1563373202.3758807 - INFO - <Event(4-MouseMotion {'pos': (157, 451), 'rel': (-1, 3), 'buttons': (0, 0, 0), 'window': None})>
2019-07-17 15:20:17,504 - BDM-WAM 1563373202.3758807 - INFO - <Event(4-MouseMotion {'pos': (157, 452), 'rel': (0, 1), 'buttons': (0, 0, 0), 'window': None})>
2019-07-17 15:20:17,519 - BDM-WAM 1563373202.3758807 - INFO - <Event(4-MouseMotion {'pos': (157, 454), 'rel': (0, 2), 'buttons': (0, 0, 0), 'window': None})>
2019-07-17 15:20:17,536 - BDM-WAM 1563373202.3758807 - INFO - <Event(4-MouseMotion {'pos': (157, 455), 'rel': (0, 1), 'buttons': (0, 0, 0), 'window': None})>
2019-07-17 15:20:17,571 - BDM-WAM 1563373202.3758807 - INFO - <Event(4-MouseMotion {'pos': (157, 454), 'rel': (0, -1), 'buttons': (0, 0, 0), 'window': None})>
2019-07-17 15:20:17,587 - BDM-WAM 1563373202.3758807 - INFO - <Event(4-MouseMotion {'pos': (157, 449), 'rel': (0, -5), 'buttons': (0, 0, 0), 'window': None})>
2019-07-17 15:20:17,603 - BDM-WAM 1563373202.3758807 - INFO - <Event(4-MouseMotion {'pos': (157, 443), 'rel': (0, -6), 'buttons': (0, 0, 0), 'window': None})>
2019-07-17 15:20:17,619 - BDM-WAM 1563373202.3758807 - INFO - <Event(4-MouseMotion {'pos': (157, 438), 'rel': (0, -5), 'buttons': (0, 0, 0), 'window': None})>
2019-07-17 15:20:17,639 - BDM-WAM 1563373202.3758807 - INFO - <Event(4-MouseMotion {'pos': (157, 430), 'rel': (0, -8), 'buttons': (0, 0, 0), 'window': None})>
2019-07-17 15:20:17,653 - BDM-WAM 1563373202.3758807 - INFO - <Event(4-MouseMotion {'pos': (157, 426), 'rel': (0, -4), 'buttons': (0, 0, 0), 'window': None})>
2019-07-17 15:20:17,670 - BDM-WAM 1563373202.3758807 - INFO - <Event(4-MouseMotion {'pos': (157, 423), 'rel': (0, -3), 'buttons': (0, 0, 0), 'window': None})>
2019-07-17 15:20:17,686 - BDM-WAM 1563373202.3758807 - INFO - <Event(4-MouseMotion {'pos': (157, 422), 'rel': (0, -1), 'buttons': (0, 0, 0), 'window': None})>
2019-07-17 15:20:17,724 - BDM-WAM 1563373202.3758807 - INFO - <Event(5-MouseButtonDown {'pos': (157, 422), 'button': 1, 'window': None})>
2019-07-17 15:20:17,726 - BDM-WAM 1563373202.3758807 - INFO - <Event(9.1-True Hit {'pos': (157,420), 'window': None})>
2019-07-17 15:20:17,729 - BDM-WAM 1563373202.3758807 - INFO - <Event(4-MouseMotion {'pos': (157, 420), 'rel': (0, -2), 'buttons': (1, 0, 0), 'window': None})>
2019-07-17 15:20:17,793 - BDM-WAM 1563373202.3758807 - INFO - <Event(4-MouseMotion {'pos': (157, 419), 'rel': (0, -1), 'buttons': (1, 0, 0), 'window': None})>
2019-07-17 15:20:17,851 - BDM-WAM 1563373202.3758807 - INFO - <Event(6-MouseButtonUp {'pos': (157, 419), 'button': 1, 'window': None})>
2019-07-17 15:20:17,930 - BDM-WAM 1563373202.3758807 - INFO - <Event(4-MouseMotion {'pos': (157, 418), 'rel': (0, -1), 'buttons': (0, 0, 0), 'window': None})>
2019-07-17 15:20:17,947 - BDM-WAM 1563373202.3758807 - INFO - <Event(4-MouseMotion {'pos': (157, 417), 'rel': (0, -1), 'buttons': (0, 0, 0), 'window': None})>
2019-07-17 15:20:17,978 - BDM-WAM 1563373202.3758807 - INFO - <Event(4-MouseMotion {'pos': (158, 415), 'rel': (1, -2), 'buttons': (0, 0, 0), 'window': None})>
2019-07-17 15:20:17,995 - BDM-WAM 1563373202.3758807 - INFO - <Event(4-MouseMotion {'pos': (159, 415), 'rel': (1, 0), 'buttons': (0, 0, 0), 'window': None})>
2019-07-17 15:20:18,014 - BDM-WAM 1563373202.3758807 - INFO - <Event(4-MouseMotion {'pos': (162, 410), 'rel': (3, -5), 'buttons': (0, 0, 0), 'window': None})>
2019-07-17 15:20:18,031 - BDM-WAM 1563373202.3758807 - INFO - <Event(4-MouseMotion {'pos': (166, 404), 'rel': (4, -6), 'buttons': (0, 0, 0), 'window': None})>
2019-07-17 15:20:18,122 - BDM-WAM 1563373202.3758807 - INFO - <Event(4-MouseMotion {'pos': (202, 368), 'rel': (36, -36), 'buttons': (0, 0, 0), 'window': None})>
2019-07-17 15:20:18,143 - BDM-WAM 1563373202.3758807 - INFO - <Event(4-MouseMotion {'pos': (219, 359), 'rel': (17, -9), 'buttons': (0, 0, 0), 'window': None})>
2019-07-17 15:20:18,221 - BDM-WAM 1563373202.3758807 - INFO - <Event(4-MouseMotion {'pos': (328, 295), 'rel': (109, -64), 'buttons': (0, 0, 0), 'window': None})>
2019-07-17 15:20:18,329 - BDM-WAM 1563373202.3758807 - INFO - <Event(4-MouseMotion {'pos': (455, 252), 'rel': (127, -43), 'buttons': (0, 0, 0), 'window': None})>
2019-07-17 15:20:18,346 - BDM-WAM 1563373202.3758807 - INFO - <Event(4-MouseMotion {'pos': (468, 235), 'rel': (13, -17), 'buttons': (0, 0, 0), 'window': None})>
2019-07-17 15:20:18,839 - BDM-WAM 1563373202.3758807 - INFO - <Event(2-KeyDown {'unicode': 'p', 'key': 112, 'mod': 0, 'scancode': 25, 'window': None})>
2019-07-17 15:20:19,795 - BDM-WAM 1563373202.3758807 - INFO - ************* HAPPY ANALYSING... LOG COMPLETE!!! ************* 
