2019-11-20 22:01:58,232 - BDM-WAM 1574287318.0392885 - INFO - <Event(17-VideoExpose {})>
2019-11-20 22:01:59,205 - BDM-WAM 1574287318.0392885 - INFO - <Event(1-ActiveEvent {'state': 1, 'gain': 0})>
2019-11-20 22:01:59,206 - BDM-WAM 1574287318.0392885 - INFO - <Event(4-MouseMotion {'pos': (501, 628), 'buttons': (0, 0, 0), 'window': None, 'rel': (502, 629)})>
2019-11-20 22:01:59,206 - BDM-WAM 1574287318.0392885 - INFO - <Event(1-ActiveEvent {'state': 1, 'gain': 1})>
2019-11-20 22:01:59,207 - BDM-WAM 1574287318.0392885 - INFO - <Event(4-MouseMotion {'pos': (490, 651), 'buttons': (0, 0, 0), 'window': None, 'rel': (-11, 23)})>
2019-11-20 22:01:59,312 - BDM-WAM 1574287318.0392885 - INFO - <Event(3-KeyUp {'mod': 0, 'window': None, 'scancode': 46, 'key': 99})>
2019-11-20 22:01:59,528 - BDM-WAM 1574287318.0392885 - INFO - <Event(4-MouseMotion {'pos': (495, 547), 'buttons': (0, 0, 0), 'window': None, 'rel': (6, -10)})>
2019-11-20 22:01:59,547 - BDM-WAM 1574287318.0392885 - INFO - <Event(4-MouseMotion {'pos': (502, 531), 'buttons': (0, 0, 0), 'window': None, 'rel': (7, -16)})>
2019-11-20 22:01:59,564 - BDM-WAM 1574287318.0392885 - INFO - <Event(4-MouseMotion {'pos': (507, 509), 'buttons': (0, 0, 0), 'window': None, 'rel': (5, -22)})>
2019-11-20 22:01:59,580 - BDM-WAM 1574287318.0392885 - INFO - <Event(4-MouseMotion {'pos': (508, 493), 'buttons': (0, 0, 0), 'window': None, 'rel': (1, -16)})>
2019-11-20 22:01:59,597 - BDM-WAM 1574287318.0392885 - INFO - <Event(4-MouseMotion {'pos': (508, 474), 'buttons': (0, 0, 0), 'window': None, 'rel': (0, -19)})>
2019-11-20 22:01:59,614 - BDM-WAM 1574287318.0392885 - INFO - <Event(4-MouseMotion {'pos': (507, 451), 'buttons': (0, 0, 0), 'window': None, 'rel': (-1, -23)})>
2019-11-20 22:01:59,631 - BDM-WAM 1574287318.0392885 - INFO - <Event(4-MouseMotion {'pos': (506, 431), 'buttons': (0, 0, 0), 'window': None, 'rel': (-1, -20)})>
2019-11-20 22:01:59,648 - BDM-WAM 1574287318.0392885 - INFO - <Event(4-MouseMotion {'pos': (506, 389), 'buttons': (0, 0, 0), 'window': None, 'rel': (0, -42)})>
2019-11-20 22:01:59,664 - BDM-WAM 1574287318.0392885 - INFO - <Event(4-MouseMotion {'pos': (505, 365), 'buttons': (0, 0, 0), 'window': None, 'rel': (-1, -24)})>
2019-11-20 22:01:59,682 - BDM-WAM 1574287318.0392885 - INFO - <Event(4-MouseMotion {'pos': (504, 351), 'buttons': (0, 0, 0), 'window': None, 'rel': (-1, -14)})>
2019-11-20 22:01:59,699 - BDM-WAM 1574287318.0392885 - INFO - <Event(4-MouseMotion {'pos': (502, 346), 'buttons': (0, 0, 0), 'window': None, 'rel': (-2, -5)})>
2019-11-20 22:01:59,717 - BDM-WAM 1574287318.0392885 - INFO - <Event(4-MouseMotion {'pos': (500, 344), 'buttons': (0, 0, 0), 'window': None, 'rel': (-2, -2)})>
2019-11-20 22:01:59,954 - BDM-WAM 1574287318.0392885 - INFO - <Event(4-MouseMotion {'pos': (497, 345), 'buttons': (0, 0, 0), 'window': None, 'rel': (-3, 1)})>
2019-11-20 22:01:59,971 - BDM-WAM 1574287318.0392885 - INFO - <Event(4-MouseMotion {'pos': (482, 349), 'buttons': (0, 0, 0), 'window': None, 'rel': (-15, 4)})>
2019-11-20 22:01:59,988 - BDM-WAM 1574287318.0392885 - INFO - <Event(4-MouseMotion {'pos': (475, 350), 'buttons': (0, 0, 0), 'window': None, 'rel': (-7, 1)})>
2019-11-20 22:02:00,005 - BDM-WAM 1574287318.0392885 - INFO - <Event(4-MouseMotion {'pos': (469, 351), 'buttons': (0, 0, 0), 'window': None, 'rel': (-6, 1)})>
2019-11-20 22:02:00,022 - BDM-WAM 1574287318.0392885 - INFO - <Event(4-MouseMotion {'pos': (465, 351), 'buttons': (0, 0, 0), 'window': None, 'rel': (-4, 0)})>
2019-11-20 22:02:00,040 - BDM-WAM 1574287318.0392885 - INFO - <Event(4-MouseMotion {'pos': (460, 351), 'buttons': (0, 0, 0), 'window': None, 'rel': (-5, 0)})>
2019-11-20 22:02:00,057 - BDM-WAM 1574287318.0392885 - INFO - <Event(4-MouseMotion {'pos': (459, 351), 'buttons': (0, 0, 0), 'window': None, 'rel': (-1, 0)})>
2019-11-20 22:02:00,073 - BDM-WAM 1574287318.0392885 - INFO - <Event(4-MouseMotion {'pos': (458, 351), 'buttons': (0, 0, 0), 'window': None, 'rel': (-1, 0)})>
2019-11-20 22:02:00,110 - BDM-WAM 1574287318.0392885 - INFO - <Event(4-MouseMotion {'pos': (456, 351), 'buttons': (0, 0, 0), 'window': None, 'rel': (-2, 0)})>
2019-11-20 22:02:00,865 - BDM-WAM 1574287318.0392885 - INFO - <Event(5-MouseButtonDown {'pos': (440, 333), 'window': None, 'button': 1})>
2019-11-20 22:02:00,866 - BDM-WAM 1574287318.0392885 - INFO - <Event(6-MouseButtonUp {'pos': (440, 333), 'window': None, 'button': 1})>
2019-11-20 22:02:01,967 - BDM-WAM 1574287318.0392885 - INFO - <Event(5-MouseButtonDown {'pos': (147, 99), 'window': None, 'button': 1})>
2019-11-20 22:02:01,967 - BDM-WAM 1574287318.0392885 - INFO - <Event(8-Pause {'reason': <bound method GameManager.pause of <game.GameManager object at 0x000001B5BBBD4518>> })>
2019-11-20 22:02:03,315 - BDM-WAM 1574287318.0392885 - INFO - <Event(7-Rate {'': hit_conf49 })>
2019-11-20 22:02:03,507 - BDM-WAM 1574287318.0392885 - INFO - <Event(7-Rate {'': reward_conf49 })>
2019-11-20 22:02:03,677 - BDM-WAM 1574287318.0392885 - INFO - <Event(7-Rate {'': player_skill49 })>
2019-11-20 22:02:03,677 - BDM-WAM 1574287318.0392885 - INFO - <Event(9.1-True Hit {'pos': (147,99), 'window': None})>
2019-11-20 22:02:03,678 - BDM-WAM 1574287318.0392885 - INFO - <Event(6-MouseButtonUp {'pos': (147, 99), 'window': None, 'button': 1})>
2019-11-20 22:02:03,770 - BDM-WAM 1574287318.0392885 - INFO - <Event(3-KeyUp {'mod': 0, 'window': None, 'scancode': 2, 'key': 49})>
2019-11-20 22:02:05,361 - BDM-WAM 1574287318.0392885 - INFO - <Event(5-MouseButtonDown {'pos': (224, 212), 'window': None, 'button': 1})>
2019-11-20 22:02:05,362 - BDM-WAM 1574287318.0392885 - INFO - <Event(6-MouseButtonUp {'pos': (224, 212), 'window': None, 'button': 1})>
2019-11-20 22:02:05,428 - BDM-WAM 1574287318.0392885 - INFO - <Event(5-MouseButtonDown {'pos': (224, 212), 'window': None, 'button': 1})>
2019-11-20 22:02:05,428 - BDM-WAM 1574287318.0392885 - INFO - <Event(8-Pause {'reason': <bound method GameManager.pause of <game.GameManager object at 0x000001B5BBBD4518>> })>
2019-11-20 22:02:06,033 - BDM-WAM 1574287318.0392885 - INFO - <Event(7-Rate {'': hit_conf50 })>
2019-11-20 22:02:06,357 - BDM-WAM 1574287318.0392885 - INFO - <Event(7-Rate {'': reward_conf50 })>
2019-11-20 22:02:06,537 - BDM-WAM 1574287318.0392885 - INFO - <Event(7-Rate {'': player_skill50 })>
2019-11-20 22:02:06,538 - BDM-WAM 1574287318.0392885 - INFO - <Event(9.2-Fake Miss {'pos': (224,212), 'window': None})>
2019-11-20 22:02:06,640 - BDM-WAM 1574287318.0392885 - INFO - <Event(3-KeyUp {'mod': 0, 'window': None, 'scancode': 3, 'key': 50})>
2019-11-20 22:02:08,042 - BDM-WAM 1574287318.0392885 - INFO - <Event(5-MouseButtonDown {'pos': (684, 417), 'window': None, 'button': 1})>
2019-11-20 22:02:08,043 - BDM-WAM 1574287318.0392885 - INFO - <Event(6-MouseButtonUp {'pos': (684, 417), 'window': None, 'button': 1})>
2019-11-20 22:02:08,108 - BDM-WAM 1574287318.0392885 - INFO - <Event(5-MouseButtonDown {'pos': (684, 417), 'window': None, 'button': 1})>
2019-11-20 22:02:08,109 - BDM-WAM 1574287318.0392885 - INFO - <Event(8-Pause {'reason': <bound method GameManager.pause of <game.GameManager object at 0x000001B5BBBD4518>> })>
2019-11-20 22:02:08,841 - BDM-WAM 1574287318.0392885 - INFO - <Event(7-Rate {'': hit_conf49 })>
2019-11-20 22:02:09,041 - BDM-WAM 1574287318.0392885 - INFO - <Event(7-Rate {'': reward_conf49 })>
2019-11-20 22:02:09,212 - BDM-WAM 1574287318.0392885 - INFO - <Event(7-Rate {'': player_skill49 })>
2019-11-20 22:02:09,212 - BDM-WAM 1574287318.0392885 - INFO - <Event(9.2-Fake Miss {'pos': (683,432), 'window': None})>
2019-11-20 22:02:09,214 - BDM-WAM 1574287318.0392885 - INFO - <Event(4-MouseMotion {'pos': (683, 432), 'buttons': (1, 0, 0), 'window': None, 'rel': (-1, 15)})>
2019-11-20 22:02:09,307 - BDM-WAM 1574287318.0392885 - INFO - <Event(3-KeyUp {'mod': 0, 'window': None, 'scancode': 2, 'key': 49})>
2019-11-20 22:02:10,538 - BDM-WAM 1574287318.0392885 - INFO - <Event(5-MouseButtonDown {'pos': (487, 140), 'window': None, 'button': 1})>
2019-11-20 22:02:10,539 - BDM-WAM 1574287318.0392885 - INFO - <Event(6-MouseButtonUp {'pos': (487, 140), 'window': None, 'button': 1})>
2019-11-20 22:02:10,707 - BDM-WAM 1574287318.0392885 - INFO - <Event(5-MouseButtonDown {'pos': (511, 174), 'window': None, 'button': 1})>
2019-11-20 22:02:10,707 - BDM-WAM 1574287318.0392885 - INFO - <Event(8-Pause {'reason': <bound method GameManager.pause of <game.GameManager object at 0x000001B5BBBD4518>> })>
2019-11-20 22:02:11,218 - BDM-WAM 1574287318.0392885 - INFO - <Event(7-Rate {'': hit_conf49 })>
2019-11-20 22:02:11,411 - BDM-WAM 1574287318.0392885 - INFO - <Event(7-Rate {'': reward_conf49 })>
2019-11-20 22:02:11,581 - BDM-WAM 1574287318.0392885 - INFO - <Event(7-Rate {'': player_skill49 })>
2019-11-20 22:02:11,582 - BDM-WAM 1574287318.0392885 - INFO - <Event(9.2-Fake Miss {'pos': (511,174), 'window': None})>
2019-11-20 22:02:11,582 - BDM-WAM 1574287318.0392885 - INFO - <Event(6-MouseButtonUp {'pos': (511, 174), 'window': None, 'button': 1})>
2019-11-20 22:02:11,743 - BDM-WAM 1574287318.0392885 - INFO - <Event(3-KeyUp {'mod': 0, 'window': None, 'scancode': 2, 'key': 49})>
2019-11-20 22:02:12,997 - BDM-WAM 1574287318.0392885 - INFO - <Event(5-MouseButtonDown {'pos': (226, 221), 'window': None, 'button': 1})>
2019-11-20 22:02:12,998 - BDM-WAM 1574287318.0392885 - INFO - <Event(6-MouseButtonUp {'pos': (226, 221), 'window': None, 'button': 1})>
2019-11-20 22:02:13,081 - BDM-WAM 1574287318.0392885 - INFO - <Event(5-MouseButtonDown {'pos': (226, 221), 'window': None, 'button': 1})>
2019-11-20 22:02:13,082 - BDM-WAM 1574287318.0392885 - INFO - <Event(8-Pause {'reason': <bound method GameManager.pause of <game.GameManager object at 0x000001B5BBBD4518>> })>
2019-11-20 22:02:13,660 - BDM-WAM 1574287318.0392885 - INFO - <Event(7-Rate {'': hit_conf49 })>
2019-11-20 22:02:13,866 - BDM-WAM 1574287318.0392885 - INFO - <Event(7-Rate {'': reward_conf49 })>
2019-11-20 22:02:14,058 - BDM-WAM 1574287318.0392885 - INFO - <Event(7-Rate {'': player_skill49 })>
2019-11-20 22:02:14,059 - BDM-WAM 1574287318.0392885 - INFO - <Event(9.1-True Hit {'pos': (234,229), 'window': None})>
2019-11-20 22:02:14,059 - BDM-WAM 1574287318.0392885 - INFO - <Event(4-MouseMotion {'pos': (234, 229), 'buttons': (1, 0, 0), 'window': None, 'rel': (8, 8)})>
2019-11-20 22:02:14,171 - BDM-WAM 1574287318.0392885 - INFO - <Event(3-KeyUp {'mod': 0, 'window': None, 'scancode': 2, 'key': 49})>
2019-11-20 22:02:15,848 - BDM-WAM 1574287318.0392885 - INFO - <Event(5-MouseButtonDown {'pos': (715, 363), 'window': None, 'button': 1})>
2019-11-20 22:02:15,848 - BDM-WAM 1574287318.0392885 - INFO - <Event(6-MouseButtonUp {'pos': (715, 363), 'window': None, 'button': 1})>
2019-11-20 22:02:16,032 - BDM-WAM 1574287318.0392885 - INFO - <Event(5-MouseButtonDown {'pos': (710, 419), 'window': None, 'button': 1})>
2019-11-20 22:02:16,033 - BDM-WAM 1574287318.0392885 - INFO - <Event(8-Pause {'reason': <bound method GameManager.pause of <game.GameManager object at 0x000001B5BBBD4518>> })>
2019-11-20 22:02:16,602 - BDM-WAM 1574287318.0392885 - INFO - <Event(7-Rate {'': hit_conf49 })>
2019-11-20 22:02:16,836 - BDM-WAM 1574287318.0392885 - INFO - <Event(7-Rate {'': reward_conf49 })>
2019-11-20 22:02:17,016 - BDM-WAM 1574287318.0392885 - INFO - <Event(7-Rate {'': player_skill49 })>
2019-11-20 22:02:17,017 - BDM-WAM 1574287318.0392885 - INFO - <Event(9.1-True Hit {'pos': (710,419), 'window': None})>
2019-11-20 22:02:17,018 - BDM-WAM 1574287318.0392885 - INFO - <Event(6-MouseButtonUp {'pos': (710, 419), 'window': None, 'button': 1})>
2019-11-20 22:02:17,117 - BDM-WAM 1574287318.0392885 - INFO - <Event(3-KeyUp {'mod': 0, 'window': None, 'scancode': 2, 'key': 49})>
2019-11-20 22:02:18,206 - BDM-WAM 1574287318.0392885 - INFO - <Event(4-MouseMotion {'pos': (697, 421), 'buttons': (0, 0, 0), 'window': None, 'rel': (6, -10)})>
2019-11-20 22:02:18,224 - BDM-WAM 1574287318.0392885 - INFO - <Event(4-MouseMotion {'pos': (709, 407), 'buttons': (0, 0, 0), 'window': None, 'rel': (12, -14)})>
2019-11-20 22:02:18,242 - BDM-WAM 1574287318.0392885 - INFO - <Event(4-MouseMotion {'pos': (710, 403), 'buttons': (0, 0, 0), 'window': None, 'rel': (1, -4)})>
2019-11-20 22:02:18,259 - BDM-WAM 1574287318.0392885 - INFO - <Event(4-MouseMotion {'pos': (711, 403), 'buttons': (0, 0, 0), 'window': None, 'rel': (1, 0)})>
2019-11-20 22:02:18,276 - BDM-WAM 1574287318.0392885 - INFO - <Event(4-MouseMotion {'pos': (711, 399), 'buttons': (0, 0, 0), 'window': None, 'rel': (0, -4)})>
2019-11-20 22:02:18,293 - BDM-WAM 1574287318.0392885 - INFO - <Event(4-MouseMotion {'pos': (701, 379), 'buttons': (0, 0, 0), 'window': None, 'rel': (-10, -20)})>
2019-11-20 22:02:18,310 - BDM-WAM 1574287318.0392885 - INFO - <Event(4-MouseMotion {'pos': (682, 347), 'buttons': (0, 0, 0), 'window': None, 'rel': (-19, -32)})>
2019-11-20 22:02:18,327 - BDM-WAM 1574287318.0392885 - INFO - <Event(4-MouseMotion {'pos': (658, 278), 'buttons': (0, 0, 0), 'window': None, 'rel': (-24, -69)})>
2019-11-20 22:02:18,345 - BDM-WAM 1574287318.0392885 - INFO - <Event(4-MouseMotion {'pos': (635, 178), 'buttons': (0, 0, 0), 'window': None, 'rel': (-23, -100)})>
2019-11-20 22:02:18,362 - BDM-WAM 1574287318.0392885 - INFO - <Event(4-MouseMotion {'pos': (627, 78), 'buttons': (0, 0, 0), 'window': None, 'rel': (-8, -100)})>
2019-11-20 22:02:18,379 - BDM-WAM 1574287318.0392885 - INFO - <Event(1-ActiveEvent {'state': 1, 'gain': 0})>
2019-11-20 22:02:19,509 - BDM-WAM 1574287318.0392885 - INFO - <Event(1-ActiveEvent {'state': 1, 'gain': 1})>
2019-11-20 22:02:19,510 - BDM-WAM 1574287318.0392885 - INFO - <Event(4-MouseMotion {'pos': (734, 14), 'buttons': (0, 0, 0), 'window': None, 'rel': (107, -64)})>
2019-11-20 22:02:19,526 - BDM-WAM 1574287318.0392885 - INFO - <Event(4-MouseMotion {'pos': (698, 33), 'buttons': (0, 0, 0), 'window': None, 'rel': (-36, 19)})>
2019-11-20 22:02:19,543 - BDM-WAM 1574287318.0392885 - INFO - <Event(4-MouseMotion {'pos': (648, 56), 'buttons': (0, 0, 0), 'window': None, 'rel': (-50, 23)})>
2019-11-20 22:02:19,560 - BDM-WAM 1574287318.0392885 - INFO - <Event(4-MouseMotion {'pos': (574, 91), 'buttons': (0, 0, 0), 'window': None, 'rel': (-74, 35)})>
2019-11-20 22:02:19,577 - BDM-WAM 1574287318.0392885 - INFO - <Event(4-MouseMotion {'pos': (543, 106), 'buttons': (0, 0, 0), 'window': None, 'rel': (-31, 15)})>
2019-11-20 22:02:19,594 - BDM-WAM 1574287318.0392885 - INFO - <Event(4-MouseMotion {'pos': (518, 113), 'buttons': (0, 0, 0), 'window': None, 'rel': (-25, 7)})>
2019-11-20 22:02:19,612 - BDM-WAM 1574287318.0392885 - INFO - <Event(4-MouseMotion {'pos': (502, 119), 'buttons': (0, 0, 0), 'window': None, 'rel': (-16, 6)})>
2019-11-20 22:02:19,630 - BDM-WAM 1574287318.0392885 - INFO - <Event(4-MouseMotion {'pos': (493, 121), 'buttons': (0, 0, 0), 'window': None, 'rel': (-9, 2)})>
2019-11-20 22:02:19,646 - BDM-WAM 1574287318.0392885 - INFO - <Event(4-MouseMotion {'pos': (491, 121), 'buttons': (0, 0, 0), 'window': None, 'rel': (-2, 0)})>
2019-11-20 22:02:19,663 - BDM-WAM 1574287318.0392885 - INFO - <Event(4-MouseMotion {'pos': (490, 121), 'buttons': (0, 0, 0), 'window': None, 'rel': (-1, 0)})>
2019-11-20 22:02:19,680 - BDM-WAM 1574287318.0392885 - INFO - <Event(4-MouseMotion {'pos': (490, 116), 'buttons': (0, 0, 0), 'window': None, 'rel': (0, -5)})>
2019-11-20 22:02:19,697 - BDM-WAM 1574287318.0392885 - INFO - <Event(4-MouseMotion {'pos': (497, 105), 'buttons': (0, 0, 0), 'window': None, 'rel': (7, -11)})>
2019-11-20 22:02:19,714 - BDM-WAM 1574287318.0392885 - INFO - <Event(4-MouseMotion {'pos': (521, 83), 'buttons': (0, 0, 0), 'window': None, 'rel': (24, -22)})>
2019-11-20 22:02:19,731 - BDM-WAM 1574287318.0392885 - INFO - <Event(4-MouseMotion {'pos': (547, 67), 'buttons': (0, 0, 0), 'window': None, 'rel': (26, -16)})>
2019-11-20 22:02:19,748 - BDM-WAM 1574287318.0392885 - INFO - <Event(4-MouseMotion {'pos': (575, 55), 'buttons': (0, 0, 0), 'window': None, 'rel': (28, -12)})>
2019-11-20 22:02:19,765 - BDM-WAM 1574287318.0392885 - INFO - <Event(4-MouseMotion {'pos': (597, 49), 'buttons': (0, 0, 0), 'window': None, 'rel': (22, -6)})>
2019-11-20 22:02:19,782 - BDM-WAM 1574287318.0392885 - INFO - <Event(4-MouseMotion {'pos': (624, 42), 'buttons': (0, 0, 0), 'window': None, 'rel': (27, -7)})>
2019-11-20 22:02:19,799 - BDM-WAM 1574287318.0392885 - INFO - <Event(4-MouseMotion {'pos': (641, 39), 'buttons': (0, 0, 0), 'window': None, 'rel': (17, -3)})>
2019-11-20 22:02:19,816 - BDM-WAM 1574287318.0392885 - INFO - <Event(4-MouseMotion {'pos': (654, 37), 'buttons': (0, 0, 0), 'window': None, 'rel': (13, -2)})>
2019-11-20 22:02:19,833 - BDM-WAM 1574287318.0392885 - INFO - <Event(4-MouseMotion {'pos': (664, 35), 'buttons': (0, 0, 0), 'window': None, 'rel': (10, -2)})>
2019-11-20 22:02:19,849 - BDM-WAM 1574287318.0392885 - INFO - <Event(4-MouseMotion {'pos': (670, 34), 'buttons': (0, 0, 0), 'window': None, 'rel': (6, -1)})>
2019-11-20 22:02:19,868 - BDM-WAM 1574287318.0392885 - INFO - <Event(4-MouseMotion {'pos': (678, 30), 'buttons': (0, 0, 0), 'window': None, 'rel': (8, -4)})>
2019-11-20 22:02:19,942 - BDM-WAM 1574287318.0392885 - INFO - <Event(4-MouseMotion {'pos': (690, 19), 'buttons': (0, 0, 0), 'window': None, 'rel': (12, -11)})>
2019-11-20 22:02:19,947 - BDM-WAM 1574287318.0392885 - INFO - <Event(4-MouseMotion {'pos': (690, 18), 'buttons': (0, 0, 0), 'window': None, 'rel': (0, -1)})>
2019-11-20 22:02:19,962 - BDM-WAM 1574287318.0392885 - INFO - <Event(4-MouseMotion {'pos': (691, 16), 'buttons': (0, 0, 0), 'window': None, 'rel': (1, -2)})>
2019-11-20 22:02:19,979 - BDM-WAM 1574287318.0392885 - INFO - <Event(4-MouseMotion {'pos': (693, 13), 'buttons': (0, 0, 0), 'window': None, 'rel': (2, -3)})>
2019-11-20 22:02:20,053 - BDM-WAM 1574287318.0392885 - INFO - <Event(1-ActiveEvent {'state': 1, 'gain': 0})>
2019-11-20 22:02:20,651 - BDM-WAM 1574287318.0392885 - INFO - <Event(12-Quit {})>
