2019-11-23 18:06:47,136 - BDM-WAM 1574532406.8776128 - INFO - <Event(17-VideoExpose {})>
2019-11-23 18:06:48,182 - BDM-WAM 1574532406.8776128 - INFO - <Event(1-ActiveEvent {'gain': 0, 'state': 1})>
2019-11-23 18:06:48,183 - BDM-WAM 1574532406.8776128 - INFO - <Event(4-MouseMotion {'rel': (253, 860), 'buttons': (0, 0, 0), 'pos': (252, 859), 'window': None})>
2019-11-23 18:06:48,183 - BDM-WAM 1574532406.8776128 - INFO - <Event(1-ActiveEvent {'gain': 1, 'state': 1})>
2019-11-23 18:06:48,183 - BDM-WAM 1574532406.8776128 - INFO - <Event(4-MouseMotion {'rel': (0, -1), 'buttons': (0, 0, 0), 'pos': (252, 858), 'window': None})>
2019-11-23 18:06:48,184 - BDM-WAM 1574532406.8776128 - INFO - <Event(4-MouseMotion {'rel': (8, -39), 'buttons': (0, 0, 0), 'pos': (260, 819), 'window': None})>
2019-11-23 18:06:48,452 - BDM-WAM 1574532406.8776128 - INFO - <Event(3-KeyUp {'scancode': 46, 'key': 99, 'window': None, 'mod': 0})>
2019-11-23 18:06:48,452 - BDM-WAM 1574532406.8776128 - INFO - <Event(4-MouseMotion {'rel': (76, -116), 'buttons': (0, 0, 0), 'pos': (876, 552), 'window': None})>
2019-11-23 18:06:48,634 - BDM-WAM 1574532406.8776128 - INFO - <Event(4-MouseMotion {'rel': (40, -37), 'buttons': (0, 0, 0), 'pos': (916, 515), 'window': None})>
2019-11-23 18:06:48,767 - BDM-WAM 1574532406.8776128 - INFO - <Event(4-MouseMotion {'rel': (-19, -8), 'buttons': (0, 0, 0), 'pos': (897, 507), 'window': None})>
2019-11-23 18:06:48,783 - BDM-WAM 1574532406.8776128 - INFO - <Event(4-MouseMotion {'rel': (-73, -32), 'buttons': (0, 0, 0), 'pos': (824, 475), 'window': None})>
2019-11-23 18:06:48,801 - BDM-WAM 1574532406.8776128 - INFO - <Event(4-MouseMotion {'rel': (-67, -39), 'buttons': (0, 0, 0), 'pos': (757, 436), 'window': None})>
2019-11-23 18:06:48,818 - BDM-WAM 1574532406.8776128 - INFO - <Event(4-MouseMotion {'rel': (-54, -35), 'buttons': (0, 0, 0), 'pos': (703, 401), 'window': None})>
2019-11-23 18:06:48,833 - BDM-WAM 1574532406.8776128 - INFO - <Event(4-MouseMotion {'rel': (-37, -25), 'buttons': (0, 0, 0), 'pos': (666, 376), 'window': None})>
2019-11-23 18:06:48,851 - BDM-WAM 1574532406.8776128 - INFO - <Event(4-MouseMotion {'rel': (-25, -17), 'buttons': (0, 0, 0), 'pos': (641, 359), 'window': None})>
2019-11-23 18:06:48,868 - BDM-WAM 1574532406.8776128 - INFO - <Event(4-MouseMotion {'rel': (-5, -3), 'buttons': (0, 0, 0), 'pos': (636, 356), 'window': None})>
2019-11-23 18:06:48,937 - BDM-WAM 1574532406.8776128 - INFO - <Event(4-MouseMotion {'rel': (0, 2), 'buttons': (0, 0, 0), 'pos': (636, 358), 'window': None})>
2019-11-23 18:06:48,953 - BDM-WAM 1574532406.8776128 - INFO - <Event(4-MouseMotion {'rel': (0, 3), 'buttons': (0, 0, 0), 'pos': (636, 361), 'window': None})>
2019-11-23 18:06:49,004 - BDM-WAM 1574532406.8776128 - INFO - <Event(4-MouseMotion {'rel': (1, 0), 'buttons': (0, 0, 0), 'pos': (637, 361), 'window': None})>
2019-11-23 18:06:49,056 - BDM-WAM 1574532406.8776128 - INFO - <Event(4-MouseMotion {'rel': (0, -4), 'buttons': (0, 0, 0), 'pos': (637, 357), 'window': None})>
2019-11-23 18:06:49,073 - BDM-WAM 1574532406.8776128 - INFO - <Event(4-MouseMotion {'rel': (-17, -39), 'buttons': (0, 0, 0), 'pos': (620, 318), 'window': None})>
2019-11-23 18:06:49,089 - BDM-WAM 1574532406.8776128 - INFO - <Event(4-MouseMotion {'rel': (-19, -29), 'buttons': (0, 0, 0), 'pos': (601, 289), 'window': None})>
2019-11-23 18:06:49,114 - BDM-WAM 1574532406.8776128 - INFO - <Event(4-MouseMotion {'rel': (-17, -26), 'buttons': (0, 0, 0), 'pos': (584, 263), 'window': None})>
2019-11-23 18:06:49,124 - BDM-WAM 1574532406.8776128 - INFO - <Event(4-MouseMotion {'rel': (-2, -4), 'buttons': (0, 0, 0), 'pos': (582, 259), 'window': None})>
2019-11-23 18:06:49,141 - BDM-WAM 1574532406.8776128 - INFO - <Event(4-MouseMotion {'rel': (-3, -2), 'buttons': (0, 0, 0), 'pos': (579, 257), 'window': None})>
2019-11-23 18:06:49,175 - BDM-WAM 1574532406.8776128 - INFO - <Event(4-MouseMotion {'rel': (0, -1), 'buttons': (0, 0, 0), 'pos': (579, 256), 'window': None})>
2019-11-23 18:06:49,243 - BDM-WAM 1574532406.8776128 - INFO - <Event(4-MouseMotion {'rel': (-3, -2), 'buttons': (0, 0, 0), 'pos': (576, 254), 'window': None})>
2019-11-23 18:06:49,260 - BDM-WAM 1574532406.8776128 - INFO - <Event(4-MouseMotion {'rel': (-4, -5), 'buttons': (0, 0, 0), 'pos': (572, 249), 'window': None})>
2019-11-23 18:06:49,278 - BDM-WAM 1574532406.8776128 - INFO - <Event(4-MouseMotion {'rel': (-19, -22), 'buttons': (0, 0, 0), 'pos': (553, 227), 'window': None})>
2019-11-23 18:06:49,294 - BDM-WAM 1574532406.8776128 - INFO - <Event(4-MouseMotion {'rel': (-40, -42), 'buttons': (0, 0, 0), 'pos': (513, 185), 'window': None})>
2019-11-23 18:06:49,313 - BDM-WAM 1574532406.8776128 - INFO - <Event(4-MouseMotion {'rel': (-36, -39), 'buttons': (0, 0, 0), 'pos': (477, 146), 'window': None})>
2019-11-23 18:06:49,329 - BDM-WAM 1574532406.8776128 - INFO - <Event(4-MouseMotion {'rel': (-22, -27), 'buttons': (0, 0, 0), 'pos': (455, 119), 'window': None})>
2019-11-23 18:06:49,348 - BDM-WAM 1574532406.8776128 - INFO - <Event(4-MouseMotion {'rel': (-14, -23), 'buttons': (0, 0, 0), 'pos': (441, 96), 'window': None})>
2019-11-23 18:06:49,363 - BDM-WAM 1574532406.8776128 - INFO - <Event(4-MouseMotion {'rel': (-3, -7), 'buttons': (0, 0, 0), 'pos': (438, 89), 'window': None})>
2019-11-23 18:06:49,380 - BDM-WAM 1574532406.8776128 - INFO - <Event(4-MouseMotion {'rel': (-1, -1), 'buttons': (0, 0, 0), 'pos': (437, 88), 'window': None})>
2019-11-23 18:06:49,485 - BDM-WAM 1574532406.8776128 - INFO - <Event(5-MouseButtonDown {'button': 1, 'pos': (437, 88), 'window': None})>
2019-11-23 18:06:49,485 - BDM-WAM 1574532406.8776128 - INFO - <Event(9.4-True Miss {'pos': (437,88),'distance: 41.10960958218893,'relative_loc: (-27, -31),'window': None})>
2019-11-23 18:06:49,533 - BDM-WAM 1574532406.8776128 - INFO - <Event(4-MouseMotion {'rel': (1, 0), 'buttons': (1, 0, 0), 'pos': (438, 88), 'window': None})>
2019-11-23 18:06:49,552 - BDM-WAM 1574532406.8776128 - INFO - <Event(4-MouseMotion {'rel': (1, 1), 'buttons': (1, 0, 0), 'pos': (439, 89), 'window': None})>
2019-11-23 18:06:49,568 - BDM-WAM 1574532406.8776128 - INFO - <Event(6-MouseButtonUp {'button': 1, 'pos': (439, 90), 'window': None})>
2019-11-23 18:06:49,584 - BDM-WAM 1574532406.8776128 - INFO - <Event(4-MouseMotion {'rel': (1, 0), 'buttons': (0, 0, 0), 'pos': (440, 90), 'window': None})>
2019-11-23 18:06:49,603 - BDM-WAM 1574532406.8776128 - INFO - <Event(4-MouseMotion {'rel': (5, 3), 'buttons': (0, 0, 0), 'pos': (445, 93), 'window': None})>
2019-11-23 18:06:49,619 - BDM-WAM 1574532406.8776128 - INFO - <Event(4-MouseMotion {'rel': (17, 16), 'buttons': (0, 0, 0), 'pos': (462, 109), 'window': None})>
2019-11-23 18:06:49,637 - BDM-WAM 1574532406.8776128 - INFO - <Event(4-MouseMotion {'rel': (20, 23), 'buttons': (0, 0, 0), 'pos': (482, 132), 'window': None})>
2019-11-23 18:06:49,750 - BDM-WAM 1574532406.8776128 - INFO - <Event(4-MouseMotion {'rel': (16, 21), 'buttons': (0, 0, 0), 'pos': (498, 153), 'window': None})>
2019-11-23 18:06:49,897 - BDM-WAM 1574532406.8776128 - INFO - <Event(5-MouseButtonDown {'button': 1, 'pos': (498, 153), 'window': None})>
2019-11-23 18:06:49,898 - BDM-WAM 1574532406.8776128 - INFO - <Event(8-Pause {'reason': <bound method GameManager.pause of <game.GameManager object at 0x000001C8589FDF98>> })>
2019-11-23 18:06:51,199 - BDM-WAM 1574532406.8776128 - INFO - <Event(7-Rate {'hit_conf': 1 })>
2019-11-23 18:06:51,391 - BDM-WAM 1574532406.8776128 - INFO - <Event(7-Rate {'reward_conf': 1 })>
2019-11-23 18:06:51,563 - BDM-WAM 1574532406.8776128 - INFO - <Event(7-Rate {'player_skill': 1 })>
2019-11-23 18:06:51,563 - BDM-WAM 1574532406.8776128 - INFO - <Event(9.1-True Hit {'pos': (500,154),'distance: 50.20956084253277,'relative_loc: (36, 35),'window': None})>
2019-11-23 18:06:51,564 - BDM-WAM 1574532406.8776128 - INFO - <Event(4-MouseMotion {'rel': (2, 1), 'buttons': (1, 0, 0), 'pos': (500, 154), 'window': None})>
2019-11-23 18:06:51,773 - BDM-WAM 1574532406.8776128 - INFO - <Event(3-KeyUp {'scancode': 2, 'key': 49, 'window': None, 'mod': 0})>
2019-11-23 18:06:51,774 - BDM-WAM 1574532406.8776128 - INFO - <Event(4-MouseMotion {'rel': (-6, -4), 'buttons': (0, 0, 0), 'pos': (548, 377), 'window': None})>
2019-11-23 18:06:51,789 - BDM-WAM 1574532406.8776128 - INFO - <Event(4-MouseMotion {'rel': (-1, 0), 'buttons': (0, 0, 0), 'pos': (547, 377), 'window': None})>
2019-11-23 18:06:52,453 - BDM-WAM 1574532406.8776128 - INFO - <Event(2-KeyDown {'scancode': 25, 'key': 112, 'window': None, 'mod': 0, 'unicode': 'p'})>
2019-11-23 18:06:52,454 - BDM-WAM 1574532406.8776128 - INFO - <Event(8-Pause {'reason': <bound method GameManager.pause of <game.GameManager object at 0x000001C8589FDF98>> })>
2019-11-23 18:06:52,791 - BDM-WAM 1574532406.8776128 - INFO - ************* HAPPY ANALYSING... LOG COMPLETE!!! ************* 
