2019-07-18 08:16:34,594 - BDM-WAM 1563434191.0355523 - INFO - <Event(17-VideoExpose {})>
2019-07-18 08:16:36,168 - BDM-WAM 1563434191.0355523 - INFO - <Event(16-VideoResize {'size': (800, 600), 'w': 800, 'h': 600})>
2019-07-18 08:16:36,169 - BDM-WAM 1563434191.0355523 - INFO - <Event(1-ActiveEvent {'gain': 0, 'state': 1})>
2019-07-18 08:16:36,170 - BDM-WAM 1563434191.0355523 - INFO - <Event(4-MouseMotion {'pos': (227, 474), 'rel': (228, 475), 'buttons': (0, 0, 0), 'window': None})>
2019-07-18 08:16:36,171 - BDM-WAM 1563434191.0355523 - INFO - <Event(1-ActiveEvent {'gain': 1, 'state': 1})>
2019-07-18 08:16:36,179 - BDM-WAM 1563434191.0355523 - INFO - <Event(4-MouseMotion {'pos': (397, 317), 'rel': (170, -157), 'buttons': (0, 0, 0), 'window': None})>
2019-07-18 08:16:36,212 - BDM-WAM 1563434191.0355523 - INFO - <Event(4-MouseMotion {'pos': (406, 298), 'rel': (0, 1), 'buttons': (0, 0, 0), 'window': None})>
2019-07-18 08:16:36,264 - BDM-WAM 1563434191.0355523 - INFO - <Event(4-MouseMotion {'pos': (406, 299), 'rel': (0, 1), 'buttons': (0, 0, 0), 'window': None})>
2019-07-18 08:16:36,331 - BDM-WAM 1563434191.0355523 - INFO - <Event(3-KeyUp {'key': 99, 'mod': 0, 'scancode': 46, 'window': None})>
2019-07-18 08:16:36,564 - BDM-WAM 1563434191.0355523 - INFO - <Event(4-MouseMotion {'pos': (406, 300), 'rel': (0, 1), 'buttons': (0, 0, 0), 'window': None})>
2019-07-18 08:16:36,580 - BDM-WAM 1563434191.0355523 - INFO - <Event(4-MouseMotion {'pos': (404, 301), 'rel': (-2, 1), 'buttons': (0, 0, 0), 'window': None})>
2019-07-18 08:16:36,596 - BDM-WAM 1563434191.0355523 - INFO - <Event(4-MouseMotion {'pos': (400, 303), 'rel': (-4, 2), 'buttons': (0, 0, 0), 'window': None})>
2019-07-18 08:16:36,613 - BDM-WAM 1563434191.0355523 - INFO - <Event(4-MouseMotion {'pos': (396, 305), 'rel': (-4, 2), 'buttons': (0, 0, 0), 'window': None})>
2019-07-18 08:16:36,632 - BDM-WAM 1563434191.0355523 - INFO - <Event(4-MouseMotion {'pos': (389, 306), 'rel': (-7, 1), 'buttons': (0, 0, 0), 'window': None})>
2019-07-18 08:16:36,648 - BDM-WAM 1563434191.0355523 - INFO - <Event(4-MouseMotion {'pos': (384, 307), 'rel': (-5, 1), 'buttons': (0, 0, 0), 'window': None})>
2019-07-18 08:16:36,665 - BDM-WAM 1563434191.0355523 - INFO - <Event(4-MouseMotion {'pos': (382, 308), 'rel': (-2, 1), 'buttons': (0, 0, 0), 'window': None})>
2019-07-18 08:16:36,683 - BDM-WAM 1563434191.0355523 - INFO - <Event(4-MouseMotion {'pos': (381, 308), 'rel': (-1, 0), 'buttons': (0, 0, 0), 'window': None})>
2019-07-18 08:16:36,700 - BDM-WAM 1563434191.0355523 - INFO - <Event(4-MouseMotion {'pos': (382, 308), 'rel': (1, 0), 'buttons': (0, 0, 0), 'window': None})>
2019-07-18 08:16:36,717 - BDM-WAM 1563434191.0355523 - INFO - <Event(4-MouseMotion {'pos': (396, 309), 'rel': (14, 1), 'buttons': (0, 0, 0), 'window': None})>
2019-07-18 08:16:36,732 - BDM-WAM 1563434191.0355523 - INFO - <Event(4-MouseMotion {'pos': (423, 313), 'rel': (27, 4), 'buttons': (0, 0, 0), 'window': None})>
2019-07-18 08:16:36,749 - BDM-WAM 1563434191.0355523 - INFO - <Event(4-MouseMotion {'pos': (474, 321), 'rel': (51, 8), 'buttons': (0, 0, 0), 'window': None})>
2019-07-18 08:16:36,764 - BDM-WAM 1563434191.0355523 - INFO - <Event(4-MouseMotion {'pos': (527, 331), 'rel': (53, 10), 'buttons': (0, 0, 0), 'window': None})>
2019-07-18 08:16:36,782 - BDM-WAM 1563434191.0355523 - INFO - <Event(4-MouseMotion {'pos': (580, 340), 'rel': (53, 9), 'buttons': (0, 0, 0), 'window': None})>
2019-07-18 08:16:36,798 - BDM-WAM 1563434191.0355523 - INFO - <Event(4-MouseMotion {'pos': (629, 353), 'rel': (49, 13), 'buttons': (0, 0, 0), 'window': None})>
2019-07-18 08:16:36,814 - BDM-WAM 1563434191.0355523 - INFO - <Event(4-MouseMotion {'pos': (671, 365), 'rel': (42, 12), 'buttons': (0, 0, 0), 'window': None})>
2019-07-18 08:16:36,831 - BDM-WAM 1563434191.0355523 - INFO - <Event(4-MouseMotion {'pos': (699, 375), 'rel': (28, 10), 'buttons': (0, 0, 0), 'window': None})>
2019-07-18 08:16:36,848 - BDM-WAM 1563434191.0355523 - INFO - <Event(4-MouseMotion {'pos': (710, 380), 'rel': (11, 5), 'buttons': (0, 0, 0), 'window': None})>
2019-07-18 08:16:36,864 - BDM-WAM 1563434191.0355523 - INFO - <Event(4-MouseMotion {'pos': (711, 382), 'rel': (1, 2), 'buttons': (0, 0, 0), 'window': None})>
2019-07-18 08:16:36,881 - BDM-WAM 1563434191.0355523 - INFO - <Event(4-MouseMotion {'pos': (711, 383), 'rel': (0, 1), 'buttons': (0, 0, 0), 'window': None})>
2019-07-18 08:16:36,898 - BDM-WAM 1563434191.0355523 - INFO - <Event(4-MouseMotion {'pos': (709, 386), 'rel': (-2, 3), 'buttons': (0, 0, 0), 'window': None})>
2019-07-18 08:16:36,913 - BDM-WAM 1563434191.0355523 - INFO - <Event(4-MouseMotion {'pos': (708, 388), 'rel': (-1, 2), 'buttons': (0, 0, 0), 'window': None})>
2019-07-18 08:16:36,931 - BDM-WAM 1563434191.0355523 - INFO - <Event(4-MouseMotion {'pos': (706, 391), 'rel': (-2, 3), 'buttons': (0, 0, 0), 'window': None})>
2019-07-18 08:16:36,949 - BDM-WAM 1563434191.0355523 - INFO - <Event(4-MouseMotion {'pos': (705, 395), 'rel': (-1, 4), 'buttons': (0, 0, 0), 'window': None})>
2019-07-18 08:16:36,965 - BDM-WAM 1563434191.0355523 - INFO - <Event(4-MouseMotion {'pos': (704, 398), 'rel': (-1, 3), 'buttons': (0, 0, 0), 'window': None})>
2019-07-18 08:16:36,980 - BDM-WAM 1563434191.0355523 - INFO - <Event(4-MouseMotion {'pos': (704, 400), 'rel': (0, 2), 'buttons': (0, 0, 0), 'window': None})>
2019-07-18 08:16:36,997 - BDM-WAM 1563434191.0355523 - INFO - <Event(4-MouseMotion {'pos': (704, 401), 'rel': (0, 1), 'buttons': (0, 0, 0), 'window': None})>
2019-07-18 08:16:37,032 - BDM-WAM 1563434191.0355523 - INFO - <Event(4-MouseMotion {'pos': (703, 402), 'rel': (-1, 1), 'buttons': (0, 0, 0), 'window': None})>
2019-07-18 08:16:37,048 - BDM-WAM 1563434191.0355523 - INFO - <Event(4-MouseMotion {'pos': (703, 403), 'rel': (0, 1), 'buttons': (0, 0, 0), 'window': None})>
2019-07-18 08:16:37,065 - BDM-WAM 1563434191.0355523 - INFO - <Event(4-MouseMotion {'pos': (701, 404), 'rel': (-2, 1), 'buttons': (0, 0, 0), 'window': None})>
2019-07-18 08:16:37,081 - BDM-WAM 1563434191.0355523 - INFO - <Event(5-MouseButtonDown {'pos': (701, 404), 'button': 1, 'window': None})>
2019-07-18 08:16:37,082 - BDM-WAM 1563434191.0355523 - INFO - <Event(9.2-Fake Miss {'pos': (700,406), 'window': None})>
2019-07-18 08:16:37,083 - BDM-WAM 1563434191.0355523 - INFO - <Event(4-MouseMotion {'pos': (700, 406), 'rel': (-1, 2), 'buttons': (1, 0, 0), 'window': None})>
2019-07-18 08:16:37,096 - BDM-WAM 1563434191.0355523 - INFO - <Event(4-MouseMotion {'pos': (699, 407), 'rel': (-1, 1), 'buttons': (1, 0, 0), 'window': None})>
2019-07-18 08:16:37,212 - BDM-WAM 1563434191.0355523 - INFO - <Event(6-MouseButtonUp {'pos': (699, 407), 'button': 1, 'window': None})>
2019-07-18 08:16:37,445 - BDM-WAM 1563434191.0355523 - INFO - <Event(4-MouseMotion {'pos': (699, 408), 'rel': (0, 1), 'buttons': (0, 0, 0), 'window': None})>
2019-07-18 08:16:37,462 - BDM-WAM 1563434191.0355523 - INFO - <Event(5-MouseButtonDown {'pos': (699, 408), 'button': 1, 'window': None})>
2019-07-18 08:16:37,463 - BDM-WAM 1563434191.0355523 - INFO - <Event(9.2-Fake Miss {'pos': (698,408), 'window': None})>
2019-07-18 08:16:37,463 - BDM-WAM 1563434191.0355523 - INFO - <Event(4-MouseMotion {'pos': (698, 408), 'rel': (-1, 0), 'buttons': (1, 0, 0), 'window': None})>
2019-07-18 08:16:37,578 - BDM-WAM 1563434191.0355523 - INFO - <Event(6-MouseButtonUp {'pos': (698, 408), 'button': 1, 'window': None})>
2019-07-18 08:16:37,611 - BDM-WAM 1563434191.0355523 - INFO - <Event(4-MouseMotion {'pos': (698, 409), 'rel': (0, 1), 'buttons': (0, 0, 0), 'window': None})>
2019-07-18 08:16:37,628 - BDM-WAM 1563434191.0355523 - INFO - <Event(4-MouseMotion {'pos': (697, 409), 'rel': (-1, 0), 'buttons': (0, 0, 0), 'window': None})>
2019-07-18 08:16:37,657 - BDM-WAM 1563434191.0355523 - INFO - <Event(4-MouseMotion {'pos': (690, 410), 'rel': (-7, 1), 'buttons': (0, 0, 0), 'window': None})>
2019-07-18 08:16:37,674 - BDM-WAM 1563434191.0355523 - INFO - <Event(4-MouseMotion {'pos': (686, 410), 'rel': (-4, 0), 'buttons': (0, 0, 0), 'window': None})>
2019-07-18 08:16:37,689 - BDM-WAM 1563434191.0355523 - INFO - <Event(4-MouseMotion {'pos': (682, 410), 'rel': (-4, 0), 'buttons': (0, 0, 0), 'window': None})>
2019-07-18 08:16:37,706 - BDM-WAM 1563434191.0355523 - INFO - <Event(4-MouseMotion {'pos': (681, 410), 'rel': (-1, 0), 'buttons': (0, 0, 0), 'window': None})>
2019-07-18 08:16:37,739 - BDM-WAM 1563434191.0355523 - INFO - <Event(5-MouseButtonDown {'pos': (681, 410), 'button': 1, 'window': None})>
2019-07-18 08:16:37,740 - BDM-WAM 1563434191.0355523 - INFO - <Event(9.4-True Miss {'pos': (681,410), 'window': None})>
2019-07-18 08:16:37,822 - BDM-WAM 1563434191.0355523 - INFO - <Event(6-MouseButtonUp {'pos': (681, 410), 'button': 1, 'window': None})>
2019-07-18 08:16:37,823 - BDM-WAM 1563434191.0355523 - INFO - <Event(4-MouseMotion {'pos': (680, 408), 'rel': (-1, -2), 'buttons': (0, 0, 0), 'window': None})>
2019-07-18 08:16:37,840 - BDM-WAM 1563434191.0355523 - INFO - <Event(4-MouseMotion {'pos': (680, 405), 'rel': (0, -3), 'buttons': (0, 0, 0), 'window': None})>
2019-07-18 08:16:37,857 - BDM-WAM 1563434191.0355523 - INFO - <Event(4-MouseMotion {'pos': (679, 403), 'rel': (-1, -2), 'buttons': (0, 0, 0), 'window': None})>
2019-07-18 08:16:37,871 - BDM-WAM 1563434191.0355523 - INFO - <Event(4-MouseMotion {'pos': (679, 401), 'rel': (0, -2), 'buttons': (0, 0, 0), 'window': None})>
2019-07-18 08:16:37,888 - BDM-WAM 1563434191.0355523 - INFO - <Event(4-MouseMotion {'pos': (678, 400), 'rel': (-1, -1), 'buttons': (0, 0, 0), 'window': None})>
2019-07-18 08:16:37,903 - BDM-WAM 1563434191.0355523 - INFO - <Event(4-MouseMotion {'pos': (676, 397), 'rel': (-2, -3), 'buttons': (0, 0, 0), 'window': None})>
2019-07-18 08:16:37,921 - BDM-WAM 1563434191.0355523 - INFO - <Event(4-MouseMotion {'pos': (672, 395), 'rel': (-4, -2), 'buttons': (0, 0, 0), 'window': None})>
2019-07-18 08:16:37,937 - BDM-WAM 1563434191.0355523 - INFO - <Event(4-MouseMotion {'pos': (666, 392), 'rel': (-6, -3), 'buttons': (0, 0, 0), 'window': None})>
2019-07-18 08:16:37,954 - BDM-WAM 1563434191.0355523 - INFO - <Event(4-MouseMotion {'pos': (652, 386), 'rel': (-14, -6), 'buttons': (0, 0, 0), 'window': None})>
2019-07-18 08:16:37,969 - BDM-WAM 1563434191.0355523 - INFO - <Event(4-MouseMotion {'pos': (632, 378), 'rel': (-20, -8), 'buttons': (0, 0, 0), 'window': None})>
2019-07-18 08:16:37,986 - BDM-WAM 1563434191.0355523 - INFO - <Event(4-MouseMotion {'pos': (605, 368), 'rel': (-27, -10), 'buttons': (0, 0, 0), 'window': None})>
2019-07-18 08:16:38,002 - BDM-WAM 1563434191.0355523 - INFO - <Event(4-MouseMotion {'pos': (564, 354), 'rel': (-41, -14), 'buttons': (0, 0, 0), 'window': None})>
2019-07-18 08:16:38,018 - BDM-WAM 1563434191.0355523 - INFO - <Event(4-MouseMotion {'pos': (525, 340), 'rel': (-39, -14), 'buttons': (0, 0, 0), 'window': None})>
2019-07-18 08:16:38,035 - BDM-WAM 1563434191.0355523 - INFO - <Event(4-MouseMotion {'pos': (489, 327), 'rel': (-36, -13), 'buttons': (0, 0, 0), 'window': None})>
2019-07-18 08:16:38,052 - BDM-WAM 1563434191.0355523 - INFO - <Event(4-MouseMotion {'pos': (462, 318), 'rel': (-27, -9), 'buttons': (0, 0, 0), 'window': None})>
2019-07-18 08:16:38,069 - BDM-WAM 1563434191.0355523 - INFO - <Event(4-MouseMotion {'pos': (439, 311), 'rel': (-23, -7), 'buttons': (0, 0, 0), 'window': None})>
2019-07-18 08:16:38,087 - BDM-WAM 1563434191.0355523 - INFO - <Event(4-MouseMotion {'pos': (421, 304), 'rel': (-18, -7), 'buttons': (0, 0, 0), 'window': None})>
2019-07-18 08:16:38,102 - BDM-WAM 1563434191.0355523 - INFO - <Event(4-MouseMotion {'pos': (409, 300), 'rel': (-12, -4), 'buttons': (0, 0, 0), 'window': None})>
2019-07-18 08:16:38,120 - BDM-WAM 1563434191.0355523 - INFO - <Event(4-MouseMotion {'pos': (399, 297), 'rel': (-10, -3), 'buttons': (0, 0, 0), 'window': None})>
2019-07-18 08:16:38,136 - BDM-WAM 1563434191.0355523 - INFO - <Event(4-MouseMotion {'pos': (396, 295), 'rel': (-3, -2), 'buttons': (0, 0, 0), 'window': None})>
2019-07-18 08:16:38,167 - BDM-WAM 1563434191.0355523 - INFO - <Event(4-MouseMotion {'pos': (394, 295), 'rel': (-2, 0), 'buttons': (0, 0, 0), 'window': None})>
2019-07-18 08:16:38,187 - BDM-WAM 1563434191.0355523 - INFO - <Event(4-MouseMotion {'pos': (394, 297), 'rel': (0, 2), 'buttons': (0, 0, 0), 'window': None})>
2019-07-18 08:16:38,203 - BDM-WAM 1563434191.0355523 - INFO - <Event(4-MouseMotion {'pos': (394, 303), 'rel': (0, 6), 'buttons': (0, 0, 0), 'window': None})>
2019-07-18 08:16:38,220 - BDM-WAM 1563434191.0355523 - INFO - <Event(4-MouseMotion {'pos': (394, 315), 'rel': (0, 12), 'buttons': (0, 0, 0), 'window': None})>
2019-07-18 08:16:38,236 - BDM-WAM 1563434191.0355523 - INFO - <Event(4-MouseMotion {'pos': (394, 324), 'rel': (0, 9), 'buttons': (0, 0, 0), 'window': None})>
2019-07-18 08:16:38,252 - BDM-WAM 1563434191.0355523 - INFO - <Event(4-MouseMotion {'pos': (392, 331), 'rel': (-2, 7), 'buttons': (0, 0, 0), 'window': None})>
2019-07-18 08:16:38,286 - BDM-WAM 1563434191.0355523 - INFO - <Event(4-MouseMotion {'pos': (389, 348), 'rel': (-3, 17), 'buttons': (0, 0, 0), 'window': None})>
2019-07-18 08:16:38,289 - BDM-WAM 1563434191.0355523 - INFO - <Event(4-MouseMotion {'pos': (388, 350), 'rel': (-1, 2), 'buttons': (0, 0, 0), 'window': None})>
2019-07-18 08:16:38,304 - BDM-WAM 1563434191.0355523 - INFO - <Event(4-MouseMotion {'pos': (388, 356), 'rel': (0, 6), 'buttons': (0, 0, 0), 'window': None})>
2019-07-18 08:16:38,322 - BDM-WAM 1563434191.0355523 - INFO - <Event(4-MouseMotion {'pos': (387, 363), 'rel': (-1, 7), 'buttons': (0, 0, 0), 'window': None})>
2019-07-18 08:16:38,339 - BDM-WAM 1563434191.0355523 - INFO - <Event(4-MouseMotion {'pos': (386, 368), 'rel': (-1, 5), 'buttons': (0, 0, 0), 'window': None})>
2019-07-18 08:16:38,355 - BDM-WAM 1563434191.0355523 - INFO - <Event(4-MouseMotion {'pos': (385, 371), 'rel': (-1, 3), 'buttons': (0, 0, 0), 'window': None})>
2019-07-18 08:16:38,388 - BDM-WAM 1563434191.0355523 - INFO - <Event(4-MouseMotion {'pos': (384, 373), 'rel': (-1, 2), 'buttons': (0, 0, 0), 'window': None})>
2019-07-18 08:16:38,408 - BDM-WAM 1563434191.0355523 - INFO - <Event(4-MouseMotion {'pos': (388, 362), 'rel': (4, -11), 'buttons': (0, 0, 0), 'window': None})>
2019-07-18 08:16:38,423 - BDM-WAM 1563434191.0355523 - INFO - <Event(4-MouseMotion {'pos': (394, 342), 'rel': (6, -20), 'buttons': (0, 0, 0), 'window': None})>
2019-07-18 08:16:38,448 - BDM-WAM 1563434191.0355523 - INFO - <Event(4-MouseMotion {'pos': (417, 294), 'rel': (23, -48), 'buttons': (0, 0, 0), 'window': None})>
2019-07-18 08:16:38,458 - BDM-WAM 1563434191.0355523 - INFO - <Event(4-MouseMotion {'pos': (429, 275), 'rel': (12, -19), 'buttons': (0, 0, 0), 'window': None})>
2019-07-18 08:16:38,474 - BDM-WAM 1563434191.0355523 - INFO - <Event(4-MouseMotion {'pos': (460, 235), 'rel': (31, -40), 'buttons': (0, 0, 0), 'window': None})>
2019-07-18 08:16:38,491 - BDM-WAM 1563434191.0355523 - INFO - <Event(4-MouseMotion {'pos': (482, 207), 'rel': (22, -28), 'buttons': (0, 0, 0), 'window': None})>
2019-07-18 08:16:38,507 - BDM-WAM 1563434191.0355523 - INFO - <Event(4-MouseMotion {'pos': (495, 192), 'rel': (13, -15), 'buttons': (0, 0, 0), 'window': None})>
2019-07-18 08:16:38,523 - BDM-WAM 1563434191.0355523 - INFO - <Event(4-MouseMotion {'pos': (503, 181), 'rel': (8, -11), 'buttons': (0, 0, 0), 'window': None})>
2019-07-18 08:16:38,542 - BDM-WAM 1563434191.0355523 - INFO - <Event(4-MouseMotion {'pos': (507, 175), 'rel': (4, -6), 'buttons': (0, 0, 0), 'window': None})>
2019-07-18 08:16:38,557 - BDM-WAM 1563434191.0355523 - INFO - <Event(4-MouseMotion {'pos': (509, 173), 'rel': (2, -2), 'buttons': (0, 0, 0), 'window': None})>
2019-07-18 08:16:38,641 - BDM-WAM 1563434191.0355523 - INFO - <Event(4-MouseMotion {'pos': (509, 175), 'rel': (0, 2), 'buttons': (0, 0, 0), 'window': None})>
2019-07-18 08:16:38,724 - BDM-WAM 1563434191.0355523 - INFO - <Event(5-MouseButtonDown {'pos': (509, 175), 'button': 1, 'window': None})>
2019-07-18 08:16:38,725 - BDM-WAM 1563434191.0355523 - INFO - <Event(9.2-Fake Miss {'pos': (509,175), 'window': None})>
2019-07-18 08:16:38,824 - BDM-WAM 1563434191.0355523 - INFO - <Event(6-MouseButtonUp {'pos': (509, 175), 'button': 1, 'window': None})>
2019-07-18 08:16:38,991 - BDM-WAM 1563434191.0355523 - INFO - <Event(4-MouseMotion {'pos': (510, 174), 'rel': (1, -1), 'buttons': (0, 0, 0), 'window': None})>
2019-07-18 08:16:39,008 - BDM-WAM 1563434191.0355523 - INFO - <Event(4-MouseMotion {'pos': (510, 173), 'rel': (0, -1), 'buttons': (0, 0, 0), 'window': None})>
2019-07-18 08:16:39,023 - BDM-WAM 1563434191.0355523 - INFO - <Event(4-MouseMotion {'pos': (511, 172), 'rel': (1, -1), 'buttons': (0, 0, 0), 'window': None})>
2019-07-18 08:16:39,041 - BDM-WAM 1563434191.0355523 - INFO - <Event(4-MouseMotion {'pos': (512, 170), 'rel': (1, -2), 'buttons': (0, 0, 0), 'window': None})>
2019-07-18 08:16:39,057 - BDM-WAM 1563434191.0355523 - INFO - <Event(4-MouseMotion {'pos': (513, 169), 'rel': (1, -1), 'buttons': (0, 0, 0), 'window': None})>
2019-07-18 08:16:39,074 - BDM-WAM 1563434191.0355523 - INFO - <Event(4-MouseMotion {'pos': (514, 167), 'rel': (1, -2), 'buttons': (0, 0, 0), 'window': None})>
2019-07-18 08:16:39,091 - BDM-WAM 1563434191.0355523 - INFO - <Event(4-MouseMotion {'pos': (515, 165), 'rel': (1, -2), 'buttons': (0, 0, 0), 'window': None})>
2019-07-18 08:16:39,108 - BDM-WAM 1563434191.0355523 - INFO - <Event(4-MouseMotion {'pos': (517, 163), 'rel': (2, -2), 'buttons': (0, 0, 0), 'window': None})>
2019-07-18 08:16:39,125 - BDM-WAM 1563434191.0355523 - INFO - <Event(4-MouseMotion {'pos': (518, 161), 'rel': (1, -2), 'buttons': (0, 0, 0), 'window': None})>
2019-07-18 08:16:39,143 - BDM-WAM 1563434191.0355523 - INFO - <Event(4-MouseMotion {'pos': (519, 160), 'rel': (1, -1), 'buttons': (0, 0, 0), 'window': None})>
2019-07-18 08:16:39,159 - BDM-WAM 1563434191.0355523 - INFO - <Event(5-MouseButtonDown {'pos': (519, 160), 'button': 1, 'window': None})>
2019-07-18 08:16:39,160 - BDM-WAM 1563434191.0355523 - INFO - <Event(9.2-Fake Miss {'pos': (521,159), 'window': None})>
2019-07-18 08:16:39,162 - BDM-WAM 1563434191.0355523 - INFO - <Event(4-MouseMotion {'pos': (521, 159), 'rel': (2, -1), 'buttons': (1, 0, 0), 'window': None})>
2019-07-18 08:16:39,174 - BDM-WAM 1563434191.0355523 - INFO - <Event(4-MouseMotion {'pos': (522, 159), 'rel': (1, 0), 'buttons': (1, 0, 0), 'window': None})>
2019-07-18 08:16:39,275 - BDM-WAM 1563434191.0355523 - INFO - <Event(6-MouseButtonUp {'pos': (522, 159), 'button': 1, 'window': None})>
2019-07-18 08:16:39,342 - BDM-WAM 1563434191.0355523 - INFO - <Event(4-MouseMotion {'pos': (522, 158), 'rel': (0, -1), 'buttons': (0, 0, 0), 'window': None})>
2019-07-18 08:16:39,412 - BDM-WAM 1563434191.0355523 - INFO - <Event(4-MouseMotion {'pos': (522, 157), 'rel': (0, -1), 'buttons': (0, 0, 0), 'window': None})>
2019-07-18 08:16:39,510 - BDM-WAM 1563434191.0355523 - INFO - <Event(5-MouseButtonDown {'pos': (522, 157), 'button': 1, 'window': None})>
2019-07-18 08:16:39,511 - BDM-WAM 1563434191.0355523 - INFO - <Event(9.2-Fake Miss {'pos': (522,157), 'window': None})>
2019-07-18 08:16:39,643 - BDM-WAM 1563434191.0355523 - INFO - <Event(6-MouseButtonUp {'pos': (522, 157), 'button': 1, 'window': None})>
2019-07-18 08:16:39,773 - BDM-WAM 1563434191.0355523 - INFO - <Event(4-MouseMotion {'pos': (523, 157), 'rel': (1, 0), 'buttons': (0, 0, 0), 'window': None})>
2019-07-18 08:16:39,792 - BDM-WAM 1563434191.0355523 - INFO - <Event(4-MouseMotion {'pos': (531, 157), 'rel': (8, 0), 'buttons': (0, 0, 0), 'window': None})>
2019-07-18 08:16:39,809 - BDM-WAM 1563434191.0355523 - INFO - <Event(4-MouseMotion {'pos': (546, 156), 'rel': (15, -1), 'buttons': (0, 0, 0), 'window': None})>
2019-07-18 08:16:39,824 - BDM-WAM 1563434191.0355523 - INFO - <Event(4-MouseMotion {'pos': (561, 154), 'rel': (15, -2), 'buttons': (0, 0, 0), 'window': None})>
2019-07-18 08:16:39,842 - BDM-WAM 1563434191.0355523 - INFO - <Event(4-MouseMotion {'pos': (581, 150), 'rel': (20, -4), 'buttons': (0, 0, 0), 'window': None})>
2019-07-18 08:16:39,858 - BDM-WAM 1563434191.0355523 - INFO - <Event(4-MouseMotion {'pos': (592, 147), 'rel': (11, -3), 'buttons': (0, 0, 0), 'window': None})>
2019-07-18 08:16:39,876 - BDM-WAM 1563434191.0355523 - INFO - <Event(4-MouseMotion {'pos': (604, 145), 'rel': (12, -2), 'buttons': (0, 0, 0), 'window': None})>
2019-07-18 08:16:39,891 - BDM-WAM 1563434191.0355523 - INFO - <Event(4-MouseMotion {'pos': (607, 144), 'rel': (3, -1), 'buttons': (0, 0, 0), 'window': None})>
2019-07-18 08:16:39,908 - BDM-WAM 1563434191.0355523 - INFO - <Event(4-MouseMotion {'pos': (609, 143), 'rel': (2, -1), 'buttons': (0, 0, 0), 'window': None})>
2019-07-18 08:16:40,008 - BDM-WAM 1563434191.0355523 - INFO - <Event(4-MouseMotion {'pos': (607, 143), 'rel': (-2, 0), 'buttons': (0, 0, 0), 'window': None})>
2019-07-18 08:16:40,026 - BDM-WAM 1563434191.0355523 - INFO - <Event(4-MouseMotion {'pos': (602, 145), 'rel': (-5, 2), 'buttons': (0, 0, 0), 'window': None})>
2019-07-18 08:16:40,042 - BDM-WAM 1563434191.0355523 - INFO - <Event(4-MouseMotion {'pos': (592, 148), 'rel': (-10, 3), 'buttons': (0, 0, 0), 'window': None})>
2019-07-18 08:16:40,057 - BDM-WAM 1563434191.0355523 - INFO - <Event(4-MouseMotion {'pos': (576, 155), 'rel': (-16, 7), 'buttons': (0, 0, 0), 'window': None})>
2019-07-18 08:16:40,073 - BDM-WAM 1563434191.0355523 - INFO - <Event(4-MouseMotion {'pos': (553, 163), 'rel': (-23, 8), 'buttons': (0, 0, 0), 'window': None})>
2019-07-18 08:16:40,104 - BDM-WAM 1563434191.0355523 - INFO - <Event(4-MouseMotion {'pos': (504, 177), 'rel': (-49, 14), 'buttons': (0, 0, 0), 'window': None})>
2019-07-18 08:16:40,108 - BDM-WAM 1563434191.0355523 - INFO - <Event(4-MouseMotion {'pos': (498, 179), 'rel': (-6, 2), 'buttons': (0, 0, 0), 'window': None})>
2019-07-18 08:16:40,123 - BDM-WAM 1563434191.0355523 - INFO - <Event(4-MouseMotion {'pos': (473, 184), 'rel': (-25, 5), 'buttons': (0, 0, 0), 'window': None})>
2019-07-18 08:16:40,140 - BDM-WAM 1563434191.0355523 - INFO - <Event(4-MouseMotion {'pos': (451, 187), 'rel': (-22, 3), 'buttons': (0, 0, 0), 'window': None})>
2019-07-18 08:16:40,158 - BDM-WAM 1563434191.0355523 - INFO - <Event(4-MouseMotion {'pos': (426, 187), 'rel': (-25, 0), 'buttons': (0, 0, 0), 'window': None})>
2019-07-18 08:16:40,174 - BDM-WAM 1563434191.0355523 - INFO - <Event(4-MouseMotion {'pos': (408, 187), 'rel': (-18, 0), 'buttons': (0, 0, 0), 'window': None})>
2019-07-18 08:16:40,207 - BDM-WAM 1563434191.0355523 - INFO - <Event(4-MouseMotion {'pos': (368, 187), 'rel': (-40, 0), 'buttons': (0, 0, 0), 'window': None})>
2019-07-18 08:16:40,211 - BDM-WAM 1563434191.0355523 - INFO - <Event(4-MouseMotion {'pos': (363, 187), 'rel': (-5, 0), 'buttons': (0, 0, 0), 'window': None})>
2019-07-18 08:16:40,226 - BDM-WAM 1563434191.0355523 - INFO - <Event(4-MouseMotion {'pos': (349, 186), 'rel': (-14, -1), 'buttons': (0, 0, 0), 'window': None})>
2019-07-18 08:16:40,242 - BDM-WAM 1563434191.0355523 - INFO - <Event(4-MouseMotion {'pos': (334, 185), 'rel': (-15, -1), 'buttons': (0, 0, 0), 'window': None})>
2019-07-18 08:16:40,259 - BDM-WAM 1563434191.0355523 - INFO - <Event(4-MouseMotion {'pos': (317, 183), 'rel': (-17, -2), 'buttons': (0, 0, 0), 'window': None})>
2019-07-18 08:16:40,277 - BDM-WAM 1563434191.0355523 - INFO - <Event(4-MouseMotion {'pos': (302, 183), 'rel': (-15, 0), 'buttons': (0, 0, 0), 'window': None})>
2019-07-18 08:16:40,309 - BDM-WAM 1563434191.0355523 - INFO - <Event(4-MouseMotion {'pos': (275, 180), 'rel': (-27, -3), 'buttons': (0, 0, 0), 'window': None})>
2019-07-18 08:16:40,313 - BDM-WAM 1563434191.0355523 - INFO - <Event(4-MouseMotion {'pos': (272, 180), 'rel': (-3, 0), 'buttons': (0, 0, 0), 'window': None})>
2019-07-18 08:16:40,328 - BDM-WAM 1563434191.0355523 - INFO - <Event(4-MouseMotion {'pos': (264, 180), 'rel': (-8, 0), 'buttons': (0, 0, 0), 'window': None})>
2019-07-18 08:16:40,345 - BDM-WAM 1563434191.0355523 - INFO - <Event(4-MouseMotion {'pos': (257, 180), 'rel': (-7, 0), 'buttons': (0, 0, 0), 'window': None})>
2019-07-18 08:16:40,394 - BDM-WAM 1563434191.0355523 - INFO - <Event(4-MouseMotion {'pos': (262, 182), 'rel': (5, 2), 'buttons': (0, 0, 0), 'window': None})>
2019-07-18 08:16:40,411 - BDM-WAM 1563434191.0355523 - INFO - <Event(4-MouseMotion {'pos': (291, 188), 'rel': (29, 6), 'buttons': (0, 0, 0), 'window': None})>
2019-07-18 08:16:40,427 - BDM-WAM 1563434191.0355523 - INFO - <Event(4-MouseMotion {'pos': (330, 192), 'rel': (39, 4), 'buttons': (0, 0, 0), 'window': None})>
2019-07-18 08:16:40,443 - BDM-WAM 1563434191.0355523 - INFO - <Event(4-MouseMotion {'pos': (400, 196), 'rel': (70, 4), 'buttons': (0, 0, 0), 'window': None})>
2019-07-18 08:16:40,459 - BDM-WAM 1563434191.0355523 - INFO - <Event(4-MouseMotion {'pos': (471, 199), 'rel': (71, 3), 'buttons': (0, 0, 0), 'window': None})>
2019-07-18 08:16:40,476 - BDM-WAM 1563434191.0355523 - INFO - <Event(4-MouseMotion {'pos': (546, 201), 'rel': (75, 2), 'buttons': (0, 0, 0), 'window': None})>
2019-07-18 08:16:40,494 - BDM-WAM 1563434191.0355523 - INFO - <Event(4-MouseMotion {'pos': (618, 206), 'rel': (72, 5), 'buttons': (0, 0, 0), 'window': None})>
2019-07-18 08:16:40,510 - BDM-WAM 1563434191.0355523 - INFO - <Event(4-MouseMotion {'pos': (662, 213), 'rel': (44, 7), 'buttons': (0, 0, 0), 'window': None})>
2019-07-18 08:16:40,526 - BDM-WAM 1563434191.0355523 - INFO - <Event(4-MouseMotion {'pos': (687, 219), 'rel': (25, 6), 'buttons': (0, 0, 0), 'window': None})>
2019-07-18 08:16:40,544 - BDM-WAM 1563434191.0355523 - INFO - <Event(4-MouseMotion {'pos': (699, 226), 'rel': (12, 7), 'buttons': (0, 0, 0), 'window': None})>
2019-07-18 08:16:40,560 - BDM-WAM 1563434191.0355523 - INFO - <Event(4-MouseMotion {'pos': (701, 232), 'rel': (2, 6), 'buttons': (0, 0, 0), 'window': None})>
2019-07-18 08:16:40,576 - BDM-WAM 1563434191.0355523 - INFO - <Event(4-MouseMotion {'pos': (699, 240), 'rel': (-2, 8), 'buttons': (0, 0, 0), 'window': None})>
2019-07-18 08:16:40,593 - BDM-WAM 1563434191.0355523 - INFO - <Event(4-MouseMotion {'pos': (693, 249), 'rel': (-6, 9), 'buttons': (0, 0, 0), 'window': None})>
2019-07-18 08:16:40,609 - BDM-WAM 1563434191.0355523 - INFO - <Event(4-MouseMotion {'pos': (680, 261), 'rel': (-13, 12), 'buttons': (0, 0, 0), 'window': None})>
2019-07-18 08:16:40,627 - BDM-WAM 1563434191.0355523 - INFO - <Event(4-MouseMotion {'pos': (667, 272), 'rel': (-13, 11), 'buttons': (0, 0, 0), 'window': None})>
2019-07-18 08:16:40,641 - BDM-WAM 1563434191.0355523 - INFO - <Event(4-MouseMotion {'pos': (658, 281), 'rel': (-9, 9), 'buttons': (0, 0, 0), 'window': None})>
2019-07-18 08:16:40,658 - BDM-WAM 1563434191.0355523 - INFO - <Event(4-MouseMotion {'pos': (651, 290), 'rel': (-7, 9), 'buttons': (0, 0, 0), 'window': None})>
2019-07-18 08:16:40,676 - BDM-WAM 1563434191.0355523 - INFO - <Event(4-MouseMotion {'pos': (649, 297), 'rel': (-2, 7), 'buttons': (0, 0, 0), 'window': None})>
2019-07-18 08:16:40,693 - BDM-WAM 1563434191.0355523 - INFO - <Event(4-MouseMotion {'pos': (649, 303), 'rel': (0, 6), 'buttons': (0, 0, 0), 'window': None})>
2019-07-18 08:16:40,710 - BDM-WAM 1563434191.0355523 - INFO - <Event(4-MouseMotion {'pos': (651, 306), 'rel': (2, 3), 'buttons': (0, 0, 0), 'window': None})>
2019-07-18 08:16:40,726 - BDM-WAM 1563434191.0355523 - INFO - <Event(4-MouseMotion {'pos': (652, 307), 'rel': (1, 1), 'buttons': (0, 0, 0), 'window': None})>
2019-07-18 08:16:40,760 - BDM-WAM 1563434191.0355523 - INFO - <Event(4-MouseMotion {'pos': (655, 307), 'rel': (3, 0), 'buttons': (0, 0, 0), 'window': None})>
2019-07-18 08:16:40,776 - BDM-WAM 1563434191.0355523 - INFO - <Event(4-MouseMotion {'pos': (659, 306), 'rel': (4, -1), 'buttons': (0, 0, 0), 'window': None})>
2019-07-18 08:16:40,793 - BDM-WAM 1563434191.0355523 - INFO - <Event(4-MouseMotion {'pos': (665, 305), 'rel': (6, -1), 'buttons': (0, 0, 0), 'window': None})>
2019-07-18 08:16:40,809 - BDM-WAM 1563434191.0355523 - INFO - <Event(4-MouseMotion {'pos': (671, 304), 'rel': (6, -1), 'buttons': (0, 0, 0), 'window': None})>
2019-07-18 08:16:40,826 - BDM-WAM 1563434191.0355523 - INFO - <Event(4-MouseMotion {'pos': (677, 301), 'rel': (6, -3), 'buttons': (0, 0, 0), 'window': None})>
2019-07-18 08:16:40,844 - BDM-WAM 1563434191.0355523 - INFO - <Event(4-MouseMotion {'pos': (683, 299), 'rel': (6, -2), 'buttons': (0, 0, 0), 'window': None})>
2019-07-18 08:16:40,861 - BDM-WAM 1563434191.0355523 - INFO - <Event(4-MouseMotion {'pos': (688, 297), 'rel': (5, -2), 'buttons': (0, 0, 0), 'window': None})>
2019-07-18 08:16:40,876 - BDM-WAM 1563434191.0355523 - INFO - <Event(4-MouseMotion {'pos': (691, 294), 'rel': (3, -3), 'buttons': (0, 0, 0), 'window': None})>
2019-07-18 08:16:40,894 - BDM-WAM 1563434191.0355523 - INFO - <Event(4-MouseMotion {'pos': (693, 291), 'rel': (2, -3), 'buttons': (0, 0, 0), 'window': None})>
2019-07-18 08:16:40,910 - BDM-WAM 1563434191.0355523 - INFO - <Event(4-MouseMotion {'pos': (695, 289), 'rel': (2, -2), 'buttons': (0, 0, 0), 'window': None})>
2019-07-18 08:16:40,926 - BDM-WAM 1563434191.0355523 - INFO - <Event(5-MouseButtonDown {'pos': (695, 289), 'button': 1, 'window': None})>
2019-07-18 08:16:40,928 - BDM-WAM 1563434191.0355523 - INFO - <Event(9.2-Fake Miss {'pos': (696,288), 'window': None})>
2019-07-18 08:16:40,929 - BDM-WAM 1563434191.0355523 - INFO - <Event(4-MouseMotion {'pos': (696, 288), 'rel': (1, -1), 'buttons': (1, 0, 0), 'window': None})>
2019-07-18 08:16:41,043 - BDM-WAM 1563434191.0355523 - INFO - <Event(6-MouseButtonUp {'pos': (696, 288), 'button': 1, 'window': None})>
2019-07-18 08:16:41,142 - BDM-WAM 1563434191.0355523 - INFO - <Event(4-MouseMotion {'pos': (696, 286), 'rel': (0, -2), 'buttons': (0, 0, 0), 'window': None})>
2019-07-18 08:16:41,175 - BDM-WAM 1563434191.0355523 - INFO - <Event(4-MouseMotion {'pos': (696, 285), 'rel': (0, -1), 'buttons': (0, 0, 0), 'window': None})>
2019-07-18 08:16:41,192 - BDM-WAM 1563434191.0355523 - INFO - <Event(4-MouseMotion {'pos': (696, 284), 'rel': (0, -1), 'buttons': (0, 0, 0), 'window': None})>
2019-07-18 08:16:41,208 - BDM-WAM 1563434191.0355523 - INFO - <Event(4-MouseMotion {'pos': (696, 282), 'rel': (0, -2), 'buttons': (0, 0, 0), 'window': None})>
2019-07-18 08:16:41,225 - BDM-WAM 1563434191.0355523 - INFO - <Event(4-MouseMotion {'pos': (696, 281), 'rel': (0, -1), 'buttons': (0, 0, 0), 'window': None})>
2019-07-18 08:16:41,240 - BDM-WAM 1563434191.0355523 - INFO - <Event(4-MouseMotion {'pos': (696, 279), 'rel': (0, -2), 'buttons': (0, 0, 0), 'window': None})>
2019-07-18 08:16:41,257 - BDM-WAM 1563434191.0355523 - INFO - <Event(4-MouseMotion {'pos': (697, 277), 'rel': (1, -2), 'buttons': (0, 0, 0), 'window': None})>
2019-07-18 08:16:41,290 - BDM-WAM 1563434191.0355523 - INFO - <Event(5-MouseButtonDown {'pos': (697, 277), 'button': 1, 'window': None})>
2019-07-18 08:16:41,291 - BDM-WAM 1563434191.0355523 - INFO - <Event(9.1-True Hit {'pos': (697,277), 'window': None})>
2019-07-18 08:16:41,425 - BDM-WAM 1563434191.0355523 - INFO - <Event(6-MouseButtonUp {'pos': (697, 277), 'button': 1, 'window': None})>
2019-07-18 08:16:41,543 - BDM-WAM 1563434191.0355523 - INFO - <Event(4-MouseMotion {'pos': (696, 277), 'rel': (-1, 0), 'buttons': (0, 0, 0), 'window': None})>
2019-07-18 08:16:41,560 - BDM-WAM 1563434191.0355523 - INFO - <Event(4-MouseMotion {'pos': (690, 276), 'rel': (-6, -1), 'buttons': (0, 0, 0), 'window': None})>
2019-07-18 08:16:41,577 - BDM-WAM 1563434191.0355523 - INFO - <Event(4-MouseMotion {'pos': (681, 274), 'rel': (-9, -2), 'buttons': (0, 0, 0), 'window': None})>
2019-07-18 08:16:41,593 - BDM-WAM 1563434191.0355523 - INFO - <Event(4-MouseMotion {'pos': (669, 273), 'rel': (-12, -1), 'buttons': (0, 0, 0), 'window': None})>
2019-07-18 08:16:41,623 - BDM-WAM 1563434191.0355523 - INFO - <Event(4-MouseMotion {'pos': (650, 272), 'rel': (-19, -1), 'buttons': (0, 0, 0), 'window': None})>
2019-07-18 08:16:41,626 - BDM-WAM 1563434191.0355523 - INFO - <Event(4-MouseMotion {'pos': (647, 272), 'rel': (-3, 0), 'buttons': (0, 0, 0), 'window': None})>
2019-07-18 08:16:41,642 - BDM-WAM 1563434191.0355523 - INFO - <Event(4-MouseMotion {'pos': (638, 272), 'rel': (-9, 0), 'buttons': (0, 0, 0), 'window': None})>
2019-07-18 08:16:41,660 - BDM-WAM 1563434191.0355523 - INFO - <Event(4-MouseMotion {'pos': (628, 271), 'rel': (-10, -1), 'buttons': (0, 0, 0), 'window': None})>
2019-07-18 08:16:41,676 - BDM-WAM 1563434191.0355523 - INFO - <Event(4-MouseMotion {'pos': (621, 271), 'rel': (-7, 0), 'buttons': (0, 0, 0), 'window': None})>
2019-07-18 08:16:41,692 - BDM-WAM 1563434191.0355523 - INFO - <Event(4-MouseMotion {'pos': (615, 270), 'rel': (-6, -1), 'buttons': (0, 0, 0), 'window': None})>
2019-07-18 08:16:41,710 - BDM-WAM 1563434191.0355523 - INFO - <Event(4-MouseMotion {'pos': (606, 270), 'rel': (-9, 0), 'buttons': (0, 0, 0), 'window': None})>
2019-07-18 08:16:41,738 - BDM-WAM 1563434191.0355523 - INFO - <Event(4-MouseMotion {'pos': (591, 270), 'rel': (-15, 0), 'buttons': (0, 0, 0), 'window': None})>
2019-07-18 08:16:41,765 - BDM-WAM 1563434191.0355523 - INFO - <Event(4-MouseMotion {'pos': (577, 270), 'rel': (-14, 0), 'buttons': (0, 0, 0), 'window': None})>
2019-07-18 08:16:41,783 - BDM-WAM 1563434191.0355523 - INFO - <Event(4-MouseMotion {'pos': (566, 270), 'rel': (-11, 0), 'buttons': (0, 0, 0), 'window': None})>
2019-07-18 08:16:41,800 - BDM-WAM 1563434191.0355523 - INFO - <Event(4-MouseMotion {'pos': (553, 270), 'rel': (-13, 0), 'buttons': (0, 0, 0), 'window': None})>
2019-07-18 08:16:41,817 - BDM-WAM 1563434191.0355523 - INFO - <Event(4-MouseMotion {'pos': (542, 270), 'rel': (-11, 0), 'buttons': (0, 0, 0), 'window': None})>
2019-07-18 08:16:41,833 - BDM-WAM 1563434191.0355523 - INFO - <Event(4-MouseMotion {'pos': (531, 269), 'rel': (-11, -1), 'buttons': (0, 0, 0), 'window': None})>
2019-07-18 08:16:41,849 - BDM-WAM 1563434191.0355523 - INFO - <Event(4-MouseMotion {'pos': (524, 268), 'rel': (-7, -1), 'buttons': (0, 0, 0), 'window': None})>
2019-07-18 08:16:41,866 - BDM-WAM 1563434191.0355523 - INFO - <Event(4-MouseMotion {'pos': (519, 268), 'rel': (-5, 0), 'buttons': (0, 0, 0), 'window': None})>
2019-07-18 08:16:41,883 - BDM-WAM 1563434191.0355523 - INFO - <Event(4-MouseMotion {'pos': (516, 267), 'rel': (-3, -1), 'buttons': (0, 0, 0), 'window': None})>
2019-07-18 08:16:42,000 - BDM-WAM 1563434191.0355523 - INFO - <Event(4-MouseMotion {'pos': (516, 266), 'rel': (0, -1), 'buttons': (0, 0, 0), 'window': None})>
2019-07-18 08:16:42,017 - BDM-WAM 1563434191.0355523 - INFO - <Event(4-MouseMotion {'pos': (516, 264), 'rel': (0, -2), 'buttons': (0, 0, 0), 'window': None})>
2019-07-18 08:16:42,033 - BDM-WAM 1563434191.0355523 - INFO - <Event(4-MouseMotion {'pos': (516, 262), 'rel': (0, -2), 'buttons': (0, 0, 0), 'window': None})>
2019-07-18 08:16:42,049 - BDM-WAM 1563434191.0355523 - INFO - <Event(4-MouseMotion {'pos': (517, 259), 'rel': (1, -3), 'buttons': (0, 0, 0), 'window': None})>
2019-07-18 08:16:42,066 - BDM-WAM 1563434191.0355523 - INFO - <Event(4-MouseMotion {'pos': (517, 256), 'rel': (0, -3), 'buttons': (0, 0, 0), 'window': None})>
2019-07-18 08:16:42,084 - BDM-WAM 1563434191.0355523 - INFO - <Event(4-MouseMotion {'pos': (518, 252), 'rel': (1, -4), 'buttons': (0, 0, 0), 'window': None})>
2019-07-18 08:16:42,101 - BDM-WAM 1563434191.0355523 - INFO - <Event(4-MouseMotion {'pos': (518, 249), 'rel': (0, -3), 'buttons': (0, 0, 0), 'window': None})>
2019-07-18 08:16:42,117 - BDM-WAM 1563434191.0355523 - INFO - <Event(4-MouseMotion {'pos': (518, 246), 'rel': (0, -3), 'buttons': (0, 0, 0), 'window': None})>
2019-07-18 08:16:42,134 - BDM-WAM 1563434191.0355523 - INFO - <Event(4-MouseMotion {'pos': (518, 244), 'rel': (0, -2), 'buttons': (0, 0, 0), 'window': None})>
2019-07-18 08:16:42,151 - BDM-WAM 1563434191.0355523 - INFO - <Event(4-MouseMotion {'pos': (518, 239), 'rel': (0, -5), 'buttons': (0, 0, 0), 'window': None})>
2019-07-18 08:16:42,169 - BDM-WAM 1563434191.0355523 - INFO - <Event(4-MouseMotion {'pos': (518, 233), 'rel': (0, -6), 'buttons': (0, 0, 0), 'window': None})>
2019-07-18 08:16:42,184 - BDM-WAM 1563434191.0355523 - INFO - <Event(4-MouseMotion {'pos': (518, 228), 'rel': (0, -5), 'buttons': (0, 0, 0), 'window': None})>
2019-07-18 08:16:42,201 - BDM-WAM 1563434191.0355523 - INFO - <Event(4-MouseMotion {'pos': (516, 222), 'rel': (-2, -6), 'buttons': (0, 0, 0), 'window': None})>
2019-07-18 08:16:42,217 - BDM-WAM 1563434191.0355523 - INFO - <Event(4-MouseMotion {'pos': (515, 217), 'rel': (-1, -5), 'buttons': (0, 0, 0), 'window': None})>
2019-07-18 08:16:42,248 - BDM-WAM 1563434191.0355523 - INFO - <Event(4-MouseMotion {'pos': (512, 208), 'rel': (-3, -9), 'buttons': (0, 0, 0), 'window': None})>
2019-07-18 08:16:42,252 - BDM-WAM 1563434191.0355523 - INFO - <Event(4-MouseMotion {'pos': (512, 207), 'rel': (0, -1), 'buttons': (0, 0, 0), 'window': None})>
2019-07-18 08:16:42,267 - BDM-WAM 1563434191.0355523 - INFO - <Event(4-MouseMotion {'pos': (511, 203), 'rel': (-1, -4), 'buttons': (0, 0, 0), 'window': None})>
2019-07-18 08:16:42,284 - BDM-WAM 1563434191.0355523 - INFO - <Event(4-MouseMotion {'pos': (511, 200), 'rel': (0, -3), 'buttons': (0, 0, 0), 'window': None})>
2019-07-18 08:16:42,301 - BDM-WAM 1563434191.0355523 - INFO - <Event(4-MouseMotion {'pos': (511, 196), 'rel': (0, -4), 'buttons': (0, 0, 0), 'window': None})>
2019-07-18 08:16:42,318 - BDM-WAM 1563434191.0355523 - INFO - <Event(4-MouseMotion {'pos': (510, 195), 'rel': (-1, -1), 'buttons': (0, 0, 0), 'window': None})>
2019-07-18 08:16:42,350 - BDM-WAM 1563434191.0355523 - INFO - <Event(4-MouseMotion {'pos': (510, 194), 'rel': (0, -1), 'buttons': (0, 0, 0), 'window': None})>
2019-07-18 08:16:42,386 - BDM-WAM 1563434191.0355523 - INFO - <Event(4-MouseMotion {'pos': (509, 198), 'rel': (-1, 4), 'buttons': (0, 0, 0), 'window': None})>
2019-07-18 08:16:42,402 - BDM-WAM 1563434191.0355523 - INFO - <Event(4-MouseMotion {'pos': (509, 203), 'rel': (0, 5), 'buttons': (0, 0, 0), 'window': None})>
2019-07-18 08:16:42,419 - BDM-WAM 1563434191.0355523 - INFO - <Event(4-MouseMotion {'pos': (508, 210), 'rel': (-1, 7), 'buttons': (0, 0, 0), 'window': None})>
2019-07-18 08:16:42,436 - BDM-WAM 1563434191.0355523 - INFO - <Event(4-MouseMotion {'pos': (507, 216), 'rel': (-1, 6), 'buttons': (0, 0, 0), 'window': None})>
2019-07-18 08:16:42,462 - BDM-WAM 1563434191.0355523 - INFO - <Event(4-MouseMotion {'pos': (506, 223), 'rel': (-1, 7), 'buttons': (0, 0, 0), 'window': None})>
2019-07-18 08:16:42,467 - BDM-WAM 1563434191.0355523 - INFO - <Event(4-MouseMotion {'pos': (506, 224), 'rel': (0, 1), 'buttons': (0, 0, 0), 'window': None})>
2019-07-18 08:16:42,484 - BDM-WAM 1563434191.0355523 - INFO - <Event(4-MouseMotion {'pos': (506, 225), 'rel': (0, 1), 'buttons': (0, 0, 0), 'window': None})>
2019-07-18 08:16:42,518 - BDM-WAM 1563434191.0355523 - INFO - <Event(4-MouseMotion {'pos': (508, 226), 'rel': (2, 1), 'buttons': (0, 0, 0), 'window': None})>
2019-07-18 08:16:42,533 - BDM-WAM 1563434191.0355523 - INFO - <Event(4-MouseMotion {'pos': (513, 223), 'rel': (5, -3), 'buttons': (0, 0, 0), 'window': None})>
2019-07-18 08:16:42,551 - BDM-WAM 1563434191.0355523 - INFO - <Event(4-MouseMotion {'pos': (528, 212), 'rel': (15, -11), 'buttons': (0, 0, 0), 'window': None})>
2019-07-18 08:16:42,567 - BDM-WAM 1563434191.0355523 - INFO - <Event(4-MouseMotion {'pos': (542, 198), 'rel': (14, -14), 'buttons': (0, 0, 0), 'window': None})>
2019-07-18 08:16:42,585 - BDM-WAM 1563434191.0355523 - INFO - <Event(4-MouseMotion {'pos': (563, 179), 'rel': (21, -19), 'buttons': (0, 0, 0), 'window': None})>
2019-07-18 08:16:42,601 - BDM-WAM 1563434191.0355523 - INFO - <Event(4-MouseMotion {'pos': (587, 158), 'rel': (24, -21), 'buttons': (0, 0, 0), 'window': None})>
2019-07-18 08:16:42,617 - BDM-WAM 1563434191.0355523 - INFO - <Event(4-MouseMotion {'pos': (612, 136), 'rel': (25, -22), 'buttons': (0, 0, 0), 'window': None})>
2019-07-18 08:16:42,633 - BDM-WAM 1563434191.0355523 - INFO - <Event(4-MouseMotion {'pos': (632, 118), 'rel': (20, -18), 'buttons': (0, 0, 0), 'window': None})>
2019-07-18 08:16:42,650 - BDM-WAM 1563434191.0355523 - INFO - <Event(4-MouseMotion {'pos': (647, 101), 'rel': (15, -17), 'buttons': (0, 0, 0), 'window': None})>
2019-07-18 08:16:42,668 - BDM-WAM 1563434191.0355523 - INFO - <Event(4-MouseMotion {'pos': (653, 90), 'rel': (6, -11), 'buttons': (0, 0, 0), 'window': None})>
2019-07-18 08:16:42,683 - BDM-WAM 1563434191.0355523 - INFO - <Event(4-MouseMotion {'pos': (656, 83), 'rel': (3, -7), 'buttons': (0, 0, 0), 'window': None})>
2019-07-18 08:16:42,699 - BDM-WAM 1563434191.0355523 - INFO - <Event(4-MouseMotion {'pos': (657, 80), 'rel': (1, -3), 'buttons': (0, 0, 0), 'window': None})>
2019-07-18 08:16:42,716 - BDM-WAM 1563434191.0355523 - INFO - <Event(4-MouseMotion {'pos': (657, 79), 'rel': (0, -1), 'buttons': (0, 0, 0), 'window': None})>
2019-07-18 08:16:42,882 - BDM-WAM 1563434191.0355523 - INFO - <Event(5-MouseButtonDown {'pos': (657, 79), 'button': 1, 'window': None})>
2019-07-18 08:16:42,882 - BDM-WAM 1563434191.0355523 - INFO - <Event(9.1-True Hit {'pos': (657,79), 'window': None})>
2019-07-18 08:16:43,018 - BDM-WAM 1563434191.0355523 - INFO - <Event(6-MouseButtonUp {'pos': (657, 79), 'button': 1, 'window': None})>
2019-07-18 08:16:43,267 - BDM-WAM 1563434191.0355523 - INFO - <Event(4-MouseMotion {'pos': (654, 79), 'rel': (-3, 0), 'buttons': (0, 0, 0), 'window': None})>
2019-07-18 08:16:43,283 - BDM-WAM 1563434191.0355523 - INFO - <Event(4-MouseMotion {'pos': (645, 81), 'rel': (-9, 2), 'buttons': (0, 0, 0), 'window': None})>
2019-07-18 08:16:43,301 - BDM-WAM 1563434191.0355523 - INFO - <Event(4-MouseMotion {'pos': (629, 84), 'rel': (-16, 3), 'buttons': (0, 0, 0), 'window': None})>
2019-07-18 08:16:43,331 - BDM-WAM 1563434191.0355523 - INFO - <Event(4-MouseMotion {'pos': (591, 92), 'rel': (-38, 8), 'buttons': (0, 0, 0), 'window': None})>
2019-07-18 08:16:43,362 - BDM-WAM 1563434191.0355523 - INFO - <Event(4-MouseMotion {'pos': (550, 103), 'rel': (-41, 11), 'buttons': (0, 0, 0), 'window': None})>
2019-07-18 08:16:43,377 - BDM-WAM 1563434191.0355523 - INFO - <Event(4-MouseMotion {'pos': (532, 109), 'rel': (-18, 6), 'buttons': (0, 0, 0), 'window': None})>
2019-07-18 08:16:43,395 - BDM-WAM 1563434191.0355523 - INFO - <Event(4-MouseMotion {'pos': (516, 114), 'rel': (-16, 5), 'buttons': (0, 0, 0), 'window': None})>
2019-07-18 08:16:43,413 - BDM-WAM 1563434191.0355523 - INFO - <Event(4-MouseMotion {'pos': (506, 118), 'rel': (-10, 4), 'buttons': (0, 0, 0), 'window': None})>
2019-07-18 08:16:43,430 - BDM-WAM 1563434191.0355523 - INFO - <Event(4-MouseMotion {'pos': (500, 120), 'rel': (-6, 2), 'buttons': (0, 0, 0), 'window': None})>
2019-07-18 08:16:43,446 - BDM-WAM 1563434191.0355523 - INFO - <Event(4-MouseMotion {'pos': (498, 122), 'rel': (-2, 2), 'buttons': (0, 0, 0), 'window': None})>
2019-07-18 08:16:43,461 - BDM-WAM 1563434191.0355523 - INFO - <Event(4-MouseMotion {'pos': (497, 123), 'rel': (-1, 1), 'buttons': (0, 0, 0), 'window': None})>
2019-07-18 08:16:43,546 - BDM-WAM 1563434191.0355523 - INFO - <Event(4-MouseMotion {'pos': (496, 124), 'rel': (-1, 1), 'buttons': (0, 0, 0), 'window': None})>
2019-07-18 08:16:43,566 - BDM-WAM 1563434191.0355523 - INFO - <Event(4-MouseMotion {'pos': (495, 126), 'rel': (-1, 2), 'buttons': (0, 0, 0), 'window': None})>
2019-07-18 08:16:43,582 - BDM-WAM 1563434191.0355523 - INFO - <Event(4-MouseMotion {'pos': (492, 129), 'rel': (-3, 3), 'buttons': (0, 0, 0), 'window': None})>
2019-07-18 08:16:43,600 - BDM-WAM 1563434191.0355523 - INFO - <Event(4-MouseMotion {'pos': (491, 132), 'rel': (-1, 3), 'buttons': (0, 0, 0), 'window': None})>
2019-07-18 08:16:43,616 - BDM-WAM 1563434191.0355523 - INFO - <Event(4-MouseMotion {'pos': (490, 135), 'rel': (-1, 3), 'buttons': (0, 0, 0), 'window': None})>
2019-07-18 08:16:43,633 - BDM-WAM 1563434191.0355523 - INFO - <Event(4-MouseMotion {'pos': (487, 138), 'rel': (-3, 3), 'buttons': (0, 0, 0), 'window': None})>
2019-07-18 08:16:43,649 - BDM-WAM 1563434191.0355523 - INFO - <Event(4-MouseMotion {'pos': (486, 141), 'rel': (-1, 3), 'buttons': (0, 0, 0), 'window': None})>
2019-07-18 08:16:43,666 - BDM-WAM 1563434191.0355523 - INFO - <Event(4-MouseMotion {'pos': (483, 145), 'rel': (-3, 4), 'buttons': (0, 0, 0), 'window': None})>
2019-07-18 08:16:43,682 - BDM-WAM 1563434191.0355523 - INFO - <Event(4-MouseMotion {'pos': (481, 149), 'rel': (-2, 4), 'buttons': (0, 0, 0), 'window': None})>
2019-07-18 08:16:43,698 - BDM-WAM 1563434191.0355523 - INFO - <Event(4-MouseMotion {'pos': (478, 154), 'rel': (-3, 5), 'buttons': (0, 0, 0), 'window': None})>
2019-07-18 08:16:43,715 - BDM-WAM 1563434191.0355523 - INFO - <Event(4-MouseMotion {'pos': (475, 159), 'rel': (-3, 5), 'buttons': (0, 0, 0), 'window': None})>
2019-07-18 08:16:43,731 - BDM-WAM 1563434191.0355523 - INFO - <Event(4-MouseMotion {'pos': (471, 165), 'rel': (-4, 6), 'buttons': (0, 0, 0), 'window': None})>
2019-07-18 08:16:43,747 - BDM-WAM 1563434191.0355523 - INFO - <Event(4-MouseMotion {'pos': (467, 170), 'rel': (-4, 5), 'buttons': (0, 0, 0), 'window': None})>
2019-07-18 08:16:43,763 - BDM-WAM 1563434191.0355523 - INFO - <Event(4-MouseMotion {'pos': (464, 175), 'rel': (-3, 5), 'buttons': (0, 0, 0), 'window': None})>
2019-07-18 08:16:43,780 - BDM-WAM 1563434191.0355523 - INFO - <Event(4-MouseMotion {'pos': (460, 180), 'rel': (-4, 5), 'buttons': (0, 0, 0), 'window': None})>
2019-07-18 08:16:43,796 - BDM-WAM 1563434191.0355523 - INFO - <Event(4-MouseMotion {'pos': (457, 186), 'rel': (-3, 6), 'buttons': (0, 0, 0), 'window': None})>
2019-07-18 08:16:43,813 - BDM-WAM 1563434191.0355523 - INFO - <Event(4-MouseMotion {'pos': (453, 193), 'rel': (-4, 7), 'buttons': (0, 0, 0), 'window': None})>
2019-07-18 08:16:43,843 - BDM-WAM 1563434191.0355523 - INFO - <Event(4-MouseMotion {'pos': (450, 202), 'rel': (-3, 9), 'buttons': (0, 0, 0), 'window': None})>
2019-07-18 08:16:43,863 - BDM-WAM 1563434191.0355523 - INFO - <Event(4-MouseMotion {'pos': (449, 205), 'rel': (-1, 3), 'buttons': (0, 0, 0), 'window': None})>
2019-07-18 08:16:43,914 - BDM-WAM 1563434191.0355523 - INFO - <Event(4-MouseMotion {'pos': (449, 206), 'rel': (0, 1), 'buttons': (0, 0, 0), 'window': None})>
2019-07-18 08:16:43,943 - BDM-WAM 1563434191.0355523 - INFO - <Event(4-MouseMotion {'pos': (454, 206), 'rel': (5, 0), 'buttons': (0, 0, 0), 'window': None})>
2019-07-18 08:16:43,963 - BDM-WAM 1563434191.0355523 - INFO - <Event(4-MouseMotion {'pos': (456, 206), 'rel': (2, 0), 'buttons': (0, 0, 0), 'window': None})>
2019-07-18 08:16:43,980 - BDM-WAM 1563434191.0355523 - INFO - <Event(4-MouseMotion {'pos': (458, 205), 'rel': (2, -1), 'buttons': (0, 0, 0), 'window': None})>
2019-07-18 08:16:43,997 - BDM-WAM 1563434191.0355523 - INFO - <Event(4-MouseMotion {'pos': (459, 205), 'rel': (1, 0), 'buttons': (0, 0, 0), 'window': None})>
2019-07-18 08:16:44,080 - BDM-WAM 1563434191.0355523 - INFO - <Event(4-MouseMotion {'pos': (458, 211), 'rel': (-1, 6), 'buttons': (0, 0, 0), 'window': None})>
2019-07-18 08:16:44,098 - BDM-WAM 1563434191.0355523 - INFO - <Event(4-MouseMotion {'pos': (455, 231), 'rel': (-3, 20), 'buttons': (0, 0, 0), 'window': None})>
2019-07-18 08:16:44,114 - BDM-WAM 1563434191.0355523 - INFO - <Event(4-MouseMotion {'pos': (448, 258), 'rel': (-7, 27), 'buttons': (0, 0, 0), 'window': None})>
2019-07-18 08:16:44,129 - BDM-WAM 1563434191.0355523 - INFO - <Event(4-MouseMotion {'pos': (437, 301), 'rel': (-11, 43), 'buttons': (0, 0, 0), 'window': None})>
2019-07-18 08:16:44,147 - BDM-WAM 1563434191.0355523 - INFO - <Event(4-MouseMotion {'pos': (431, 343), 'rel': (-6, 42), 'buttons': (0, 0, 0), 'window': None})>
2019-07-18 08:16:44,163 - BDM-WAM 1563434191.0355523 - INFO - <Event(4-MouseMotion {'pos': (426, 382), 'rel': (-5, 39), 'buttons': (0, 0, 0), 'window': None})>
2019-07-18 08:16:44,181 - BDM-WAM 1563434191.0355523 - INFO - <Event(4-MouseMotion {'pos': (424, 424), 'rel': (-2, 42), 'buttons': (0, 0, 0), 'window': None})>
2019-07-18 08:16:44,199 - BDM-WAM 1563434191.0355523 - INFO - <Event(4-MouseMotion {'pos': (424, 446), 'rel': (0, 22), 'buttons': (0, 0, 0), 'window': None})>
2019-07-18 08:16:44,214 - BDM-WAM 1563434191.0355523 - INFO - <Event(4-MouseMotion {'pos': (426, 465), 'rel': (2, 19), 'buttons': (0, 0, 0), 'window': None})>
2019-07-18 08:16:44,231 - BDM-WAM 1563434191.0355523 - INFO - <Event(4-MouseMotion {'pos': (425, 478), 'rel': (-1, 13), 'buttons': (0, 0, 0), 'window': None})>
2019-07-18 08:16:44,246 - BDM-WAM 1563434191.0355523 - INFO - <Event(4-MouseMotion {'pos': (426, 485), 'rel': (1, 7), 'buttons': (0, 0, 0), 'window': None})>
2019-07-18 08:16:44,262 - BDM-WAM 1563434191.0355523 - INFO - <Event(4-MouseMotion {'pos': (428, 492), 'rel': (2, 7), 'buttons': (0, 0, 0), 'window': None})>
2019-07-18 08:16:44,280 - BDM-WAM 1563434191.0355523 - INFO - <Event(4-MouseMotion {'pos': (431, 497), 'rel': (3, 5), 'buttons': (0, 0, 0), 'window': None})>
2019-07-18 08:16:44,298 - BDM-WAM 1563434191.0355523 - INFO - <Event(4-MouseMotion {'pos': (434, 501), 'rel': (3, 4), 'buttons': (0, 0, 0), 'window': None})>
2019-07-18 08:16:44,316 - BDM-WAM 1563434191.0355523 - INFO - <Event(4-MouseMotion {'pos': (436, 504), 'rel': (2, 3), 'buttons': (0, 0, 0), 'window': None})>
2019-07-18 08:16:44,331 - BDM-WAM 1563434191.0355523 - INFO - <Event(4-MouseMotion {'pos': (439, 508), 'rel': (3, 4), 'buttons': (0, 0, 0), 'window': None})>
2019-07-18 08:16:44,349 - BDM-WAM 1563434191.0355523 - INFO - <Event(4-MouseMotion {'pos': (441, 512), 'rel': (2, 4), 'buttons': (0, 0, 0), 'window': None})>
2019-07-18 08:16:44,364 - BDM-WAM 1563434191.0355523 - INFO - <Event(4-MouseMotion {'pos': (443, 517), 'rel': (2, 5), 'buttons': (0, 0, 0), 'window': None})>
2019-07-18 08:16:44,381 - BDM-WAM 1563434191.0355523 - INFO - <Event(4-MouseMotion {'pos': (446, 524), 'rel': (3, 7), 'buttons': (0, 0, 0), 'window': None})>
2019-07-18 08:16:44,398 - BDM-WAM 1563434191.0355523 - INFO - <Event(4-MouseMotion {'pos': (448, 528), 'rel': (2, 4), 'buttons': (0, 0, 0), 'window': None})>
2019-07-18 08:16:44,415 - BDM-WAM 1563434191.0355523 - INFO - <Event(4-MouseMotion {'pos': (449, 529), 'rel': (1, 1), 'buttons': (0, 0, 0), 'window': None})>
2019-07-18 08:16:44,465 - BDM-WAM 1563434191.0355523 - INFO - <Event(5-MouseButtonDown {'pos': (449, 529), 'button': 1, 'window': None})>
2019-07-18 08:16:44,466 - BDM-WAM 1563434191.0355523 - INFO - <Event(9.2-Fake Miss {'pos': (449,529), 'window': None})>
2019-07-18 08:16:44,614 - BDM-WAM 1563434191.0355523 - INFO - <Event(6-MouseButtonUp {'pos': (449, 529), 'button': 1, 'window': None})>
2019-07-18 08:16:44,796 - BDM-WAM 1563434191.0355523 - INFO - <Event(4-MouseMotion {'pos': (449, 528), 'rel': (0, -1), 'buttons': (0, 0, 0), 'window': None})>
2019-07-18 08:16:44,812 - BDM-WAM 1563434191.0355523 - INFO - <Event(4-MouseMotion {'pos': (450, 526), 'rel': (1, -2), 'buttons': (0, 0, 0), 'window': None})>
2019-07-18 08:16:44,844 - BDM-WAM 1563434191.0355523 - INFO - <Event(5-MouseButtonDown {'pos': (450, 526), 'button': 1, 'window': None})>
2019-07-18 08:16:44,846 - BDM-WAM 1563434191.0355523 - INFO - <Event(9.1-True Hit {'pos': (450,526), 'window': None})>
2019-07-18 08:16:44,979 - BDM-WAM 1563434191.0355523 - INFO - <Event(6-MouseButtonUp {'pos': (450, 526), 'button': 1, 'window': None})>
2019-07-18 08:16:45,094 - BDM-WAM 1563434191.0355523 - INFO - <Event(4-MouseMotion {'pos': (450, 524), 'rel': (0, -2), 'buttons': (0, 0, 0), 'window': None})>
2019-07-18 08:16:45,112 - BDM-WAM 1563434191.0355523 - INFO - <Event(4-MouseMotion {'pos': (451, 522), 'rel': (1, -2), 'buttons': (0, 0, 0), 'window': None})>
2019-07-18 08:16:45,128 - BDM-WAM 1563434191.0355523 - INFO - <Event(4-MouseMotion {'pos': (451, 519), 'rel': (0, -3), 'buttons': (0, 0, 0), 'window': None})>
2019-07-18 08:16:45,144 - BDM-WAM 1563434191.0355523 - INFO - <Event(4-MouseMotion {'pos': (452, 517), 'rel': (1, -2), 'buttons': (0, 0, 0), 'window': None})>
2019-07-18 08:16:45,175 - BDM-WAM 1563434191.0355523 - INFO - <Event(4-MouseMotion {'pos': (452, 511), 'rel': (0, -6), 'buttons': (0, 0, 0), 'window': None})>
2019-07-18 08:16:45,195 - BDM-WAM 1563434191.0355523 - INFO - <Event(4-MouseMotion {'pos': (452, 507), 'rel': (0, -4), 'buttons': (0, 0, 0), 'window': None})>
2019-07-18 08:16:45,212 - BDM-WAM 1563434191.0355523 - INFO - <Event(4-MouseMotion {'pos': (453, 501), 'rel': (1, -6), 'buttons': (0, 0, 0), 'window': None})>
2019-07-18 08:16:45,230 - BDM-WAM 1563434191.0355523 - INFO - <Event(4-MouseMotion {'pos': (453, 491), 'rel': (0, -10), 'buttons': (0, 0, 0), 'window': None})>
2019-07-18 08:16:45,247 - BDM-WAM 1563434191.0355523 - INFO - <Event(4-MouseMotion {'pos': (453, 482), 'rel': (0, -9), 'buttons': (0, 0, 0), 'window': None})>
2019-07-18 08:16:45,279 - BDM-WAM 1563434191.0355523 - INFO - <Event(4-MouseMotion {'pos': (452, 460), 'rel': (-1, -22), 'buttons': (0, 0, 0), 'window': None})>
2019-07-18 08:16:45,310 - BDM-WAM 1563434191.0355523 - INFO - <Event(4-MouseMotion {'pos': (451, 443), 'rel': (-1, -17), 'buttons': (0, 0, 0), 'window': None})>
2019-07-18 08:16:45,326 - BDM-WAM 1563434191.0355523 - INFO - <Event(4-MouseMotion {'pos': (448, 429), 'rel': (-3, -14), 'buttons': (0, 0, 0), 'window': None})>
2019-07-18 08:16:45,342 - BDM-WAM 1563434191.0355523 - INFO - <Event(4-MouseMotion {'pos': (448, 418), 'rel': (0, -11), 'buttons': (0, 0, 0), 'window': None})>
2019-07-18 08:16:45,359 - BDM-WAM 1563434191.0355523 - INFO - <Event(4-MouseMotion {'pos': (447, 408), 'rel': (-1, -10), 'buttons': (0, 0, 0), 'window': None})>
2019-07-18 08:16:45,377 - BDM-WAM 1563434191.0355523 - INFO - <Event(4-MouseMotion {'pos': (447, 398), 'rel': (0, -10), 'buttons': (0, 0, 0), 'window': None})>
2019-07-18 08:16:45,392 - BDM-WAM 1563434191.0355523 - INFO - <Event(4-MouseMotion {'pos': (447, 390), 'rel': (0, -8), 'buttons': (0, 0, 0), 'window': None})>
2019-07-18 08:16:45,410 - BDM-WAM 1563434191.0355523 - INFO - <Event(4-MouseMotion {'pos': (446, 382), 'rel': (-1, -8), 'buttons': (0, 0, 0), 'window': None})>
2019-07-18 08:16:45,427 - BDM-WAM 1563434191.0355523 - INFO - <Event(4-MouseMotion {'pos': (444, 372), 'rel': (-2, -10), 'buttons': (0, 0, 0), 'window': None})>
2019-07-18 08:16:45,443 - BDM-WAM 1563434191.0355523 - INFO - <Event(4-MouseMotion {'pos': (442, 366), 'rel': (-2, -6), 'buttons': (0, 0, 0), 'window': None})>
2019-07-18 08:16:45,460 - BDM-WAM 1563434191.0355523 - INFO - <Event(4-MouseMotion {'pos': (439, 356), 'rel': (-3, -10), 'buttons': (0, 0, 0), 'window': None})>
2019-07-18 08:16:45,476 - BDM-WAM 1563434191.0355523 - INFO - <Event(4-MouseMotion {'pos': (436, 347), 'rel': (-3, -9), 'buttons': (0, 0, 0), 'window': None})>
2019-07-18 08:16:45,495 - BDM-WAM 1563434191.0355523 - INFO - <Event(4-MouseMotion {'pos': (431, 335), 'rel': (-5, -12), 'buttons': (0, 0, 0), 'window': None})>
2019-07-18 08:16:45,510 - BDM-WAM 1563434191.0355523 - INFO - <Event(4-MouseMotion {'pos': (428, 326), 'rel': (-3, -9), 'buttons': (0, 0, 0), 'window': None})>
2019-07-18 08:16:45,527 - BDM-WAM 1563434191.0355523 - INFO - <Event(4-MouseMotion {'pos': (425, 318), 'rel': (-3, -8), 'buttons': (0, 0, 0), 'window': None})>
2019-07-18 08:16:45,542 - BDM-WAM 1563434191.0355523 - INFO - <Event(4-MouseMotion {'pos': (423, 311), 'rel': (-2, -7), 'buttons': (0, 0, 0), 'window': None})>
2019-07-18 08:16:45,559 - BDM-WAM 1563434191.0355523 - INFO - <Event(4-MouseMotion {'pos': (420, 301), 'rel': (-3, -10), 'buttons': (0, 0, 0), 'window': None})>
2019-07-18 08:16:45,574 - BDM-WAM 1563434191.0355523 - INFO - <Event(4-MouseMotion {'pos': (417, 292), 'rel': (-3, -9), 'buttons': (0, 0, 0), 'window': None})>
2019-07-18 08:16:45,591 - BDM-WAM 1563434191.0355523 - INFO - <Event(4-MouseMotion {'pos': (415, 282), 'rel': (-2, -10), 'buttons': (0, 0, 0), 'window': None})>
2019-07-18 08:16:45,606 - BDM-WAM 1563434191.0355523 - INFO - <Event(4-MouseMotion {'pos': (414, 276), 'rel': (-1, -6), 'buttons': (0, 0, 0), 'window': None})>
2019-07-18 08:16:45,624 - BDM-WAM 1563434191.0355523 - INFO - <Event(4-MouseMotion {'pos': (412, 269), 'rel': (-2, -7), 'buttons': (0, 0, 0), 'window': None})>
2019-07-18 08:16:45,640 - BDM-WAM 1563434191.0355523 - INFO - <Event(4-MouseMotion {'pos': (412, 263), 'rel': (0, -6), 'buttons': (0, 0, 0), 'window': None})>
2019-07-18 08:16:45,658 - BDM-WAM 1563434191.0355523 - INFO - <Event(4-MouseMotion {'pos': (411, 257), 'rel': (-1, -6), 'buttons': (0, 0, 0), 'window': None})>
2019-07-18 08:16:45,675 - BDM-WAM 1563434191.0355523 - INFO - <Event(4-MouseMotion {'pos': (411, 250), 'rel': (0, -7), 'buttons': (0, 0, 0), 'window': None})>
2019-07-18 08:16:45,691 - BDM-WAM 1563434191.0355523 - INFO - <Event(4-MouseMotion {'pos': (411, 245), 'rel': (0, -5), 'buttons': (0, 0, 0), 'window': None})>
2019-07-18 08:16:45,707 - BDM-WAM 1563434191.0355523 - INFO - <Event(4-MouseMotion {'pos': (411, 238), 'rel': (0, -7), 'buttons': (0, 0, 0), 'window': None})>
2019-07-18 08:16:45,724 - BDM-WAM 1563434191.0355523 - INFO - <Event(4-MouseMotion {'pos': (411, 230), 'rel': (0, -8), 'buttons': (0, 0, 0), 'window': None})>
2019-07-18 08:16:45,741 - BDM-WAM 1563434191.0355523 - INFO - <Event(4-MouseMotion {'pos': (411, 226), 'rel': (0, -4), 'buttons': (0, 0, 0), 'window': None})>
2019-07-18 08:16:45,756 - BDM-WAM 1563434191.0355523 - INFO - <Event(4-MouseMotion {'pos': (412, 221), 'rel': (1, -5), 'buttons': (0, 0, 0), 'window': None})>
2019-07-18 08:16:45,785 - BDM-WAM 1563434191.0355523 - INFO - <Event(4-MouseMotion {'pos': (417, 211), 'rel': (5, -10), 'buttons': (0, 0, 0), 'window': None})>
2019-07-18 08:16:45,791 - BDM-WAM 1563434191.0355523 - INFO - <Event(4-MouseMotion {'pos': (419, 209), 'rel': (2, -2), 'buttons': (0, 0, 0), 'window': None})>
2019-07-18 08:16:45,808 - BDM-WAM 1563434191.0355523 - INFO - <Event(4-MouseMotion {'pos': (424, 202), 'rel': (5, -7), 'buttons': (0, 0, 0), 'window': None})>
2019-07-18 08:16:45,823 - BDM-WAM 1563434191.0355523 - INFO - <Event(4-MouseMotion {'pos': (428, 196), 'rel': (4, -6), 'buttons': (0, 0, 0), 'window': None})>
2019-07-18 08:16:45,840 - BDM-WAM 1563434191.0355523 - INFO - <Event(4-MouseMotion {'pos': (435, 189), 'rel': (7, -7), 'buttons': (0, 0, 0), 'window': None})>
2019-07-18 08:16:45,856 - BDM-WAM 1563434191.0355523 - INFO - <Event(4-MouseMotion {'pos': (444, 182), 'rel': (9, -7), 'buttons': (0, 0, 0), 'window': None})>
2019-07-18 08:16:45,874 - BDM-WAM 1563434191.0355523 - INFO - <Event(4-MouseMotion {'pos': (453, 174), 'rel': (9, -8), 'buttons': (0, 0, 0), 'window': None})>
2019-07-18 08:16:45,903 - BDM-WAM 1563434191.0355523 - INFO - <Event(4-MouseMotion {'pos': (467, 167), 'rel': (14, -7), 'buttons': (0, 0, 0), 'window': None})>
2019-07-18 08:16:45,922 - BDM-WAM 1563434191.0355523 - INFO - <Event(4-MouseMotion {'pos': (475, 164), 'rel': (8, -3), 'buttons': (0, 0, 0), 'window': None})>
2019-07-18 08:16:45,939 - BDM-WAM 1563434191.0355523 - INFO - <Event(4-MouseMotion {'pos': (480, 161), 'rel': (5, -3), 'buttons': (0, 0, 0), 'window': None})>
2019-07-18 08:16:45,956 - BDM-WAM 1563434191.0355523 - INFO - <Event(4-MouseMotion {'pos': (484, 161), 'rel': (4, 0), 'buttons': (0, 0, 0), 'window': None})>
2019-07-18 08:16:45,972 - BDM-WAM 1563434191.0355523 - INFO - <Event(4-MouseMotion {'pos': (487, 161), 'rel': (3, 0), 'buttons': (0, 0, 0), 'window': None})>
2019-07-18 08:16:45,988 - BDM-WAM 1563434191.0355523 - INFO - <Event(4-MouseMotion {'pos': (493, 163), 'rel': (6, 2), 'buttons': (0, 0, 0), 'window': None})>
2019-07-18 08:16:46,017 - BDM-WAM 1563434191.0355523 - INFO - <Event(4-MouseMotion {'pos': (518, 170), 'rel': (25, 7), 'buttons': (0, 0, 0), 'window': None})>
2019-07-18 08:16:46,021 - BDM-WAM 1563434191.0355523 - INFO - <Event(4-MouseMotion {'pos': (524, 171), 'rel': (6, 1), 'buttons': (0, 0, 0), 'window': None})>
2019-07-18 08:16:46,038 - BDM-WAM 1563434191.0355523 - INFO - <Event(4-MouseMotion {'pos': (539, 176), 'rel': (15, 5), 'buttons': (0, 0, 0), 'window': None})>
2019-07-18 08:16:46,055 - BDM-WAM 1563434191.0355523 - INFO - <Event(4-MouseMotion {'pos': (553, 183), 'rel': (14, 7), 'buttons': (0, 0, 0), 'window': None})>
2019-07-18 08:16:46,071 - BDM-WAM 1563434191.0355523 - INFO - <Event(4-MouseMotion {'pos': (560, 193), 'rel': (7, 10), 'buttons': (0, 0, 0), 'window': None})>
2019-07-18 08:16:46,088 - BDM-WAM 1563434191.0355523 - INFO - <Event(4-MouseMotion {'pos': (561, 209), 'rel': (1, 16), 'buttons': (0, 0, 0), 'window': None})>
2019-07-18 08:16:46,104 - BDM-WAM 1563434191.0355523 - INFO - <Event(4-MouseMotion {'pos': (554, 234), 'rel': (-7, 25), 'buttons': (0, 0, 0), 'window': None})>
2019-07-18 08:16:46,122 - BDM-WAM 1563434191.0355523 - INFO - <Event(4-MouseMotion {'pos': (534, 277), 'rel': (-20, 43), 'buttons': (0, 0, 0), 'window': None})>
2019-07-18 08:16:46,138 - BDM-WAM 1563434191.0355523 - INFO - <Event(4-MouseMotion {'pos': (508, 325), 'rel': (-26, 48), 'buttons': (0, 0, 0), 'window': None})>
2019-07-18 08:16:46,154 - BDM-WAM 1563434191.0355523 - INFO - <Event(4-MouseMotion {'pos': (478, 373), 'rel': (-30, 48), 'buttons': (0, 0, 0), 'window': None})>
2019-07-18 08:16:46,171 - BDM-WAM 1563434191.0355523 - INFO - <Event(4-MouseMotion {'pos': (445, 419), 'rel': (-33, 46), 'buttons': (0, 0, 0), 'window': None})>
2019-07-18 08:16:46,188 - BDM-WAM 1563434191.0355523 - INFO - <Event(4-MouseMotion {'pos': (421, 453), 'rel': (-24, 34), 'buttons': (0, 0, 0), 'window': None})>
2019-07-18 08:16:46,204 - BDM-WAM 1563434191.0355523 - INFO - <Event(4-MouseMotion {'pos': (405, 478), 'rel': (-16, 25), 'buttons': (0, 0, 0), 'window': None})>
2019-07-18 08:16:46,220 - BDM-WAM 1563434191.0355523 - INFO - <Event(4-MouseMotion {'pos': (398, 492), 'rel': (-7, 14), 'buttons': (0, 0, 0), 'window': None})>
2019-07-18 08:16:46,237 - BDM-WAM 1563434191.0355523 - INFO - <Event(4-MouseMotion {'pos': (396, 500), 'rel': (-2, 8), 'buttons': (0, 0, 0), 'window': None})>
2019-07-18 08:16:46,254 - BDM-WAM 1563434191.0355523 - INFO - <Event(4-MouseMotion {'pos': (396, 504), 'rel': (0, 4), 'buttons': (0, 0, 0), 'window': None})>
2019-07-18 08:16:46,270 - BDM-WAM 1563434191.0355523 - INFO - <Event(4-MouseMotion {'pos': (397, 505), 'rel': (1, 1), 'buttons': (0, 0, 0), 'window': None})>
2019-07-18 08:16:46,287 - BDM-WAM 1563434191.0355523 - INFO - <Event(4-MouseMotion {'pos': (397, 506), 'rel': (0, 1), 'buttons': (0, 0, 0), 'window': None})>
2019-07-18 08:16:46,320 - BDM-WAM 1563434191.0355523 - INFO - <Event(4-MouseMotion {'pos': (398, 506), 'rel': (1, 0), 'buttons': (0, 0, 0), 'window': None})>
2019-07-18 08:16:46,336 - BDM-WAM 1563434191.0355523 - INFO - <Event(4-MouseMotion {'pos': (398, 507), 'rel': (0, 1), 'buttons': (0, 0, 0), 'window': None})>
2019-07-18 08:16:46,354 - BDM-WAM 1563434191.0355523 - INFO - <Event(4-MouseMotion {'pos': (401, 509), 'rel': (3, 2), 'buttons': (0, 0, 0), 'window': None})>
2019-07-18 08:16:46,372 - BDM-WAM 1563434191.0355523 - INFO - <Event(4-MouseMotion {'pos': (406, 512), 'rel': (5, 3), 'buttons': (0, 0, 0), 'window': None})>
2019-07-18 08:16:46,388 - BDM-WAM 1563434191.0355523 - INFO - <Event(4-MouseMotion {'pos': (416, 515), 'rel': (10, 3), 'buttons': (0, 0, 0), 'window': None})>
2019-07-18 08:16:46,404 - BDM-WAM 1563434191.0355523 - INFO - <Event(4-MouseMotion {'pos': (426, 518), 'rel': (10, 3), 'buttons': (0, 0, 0), 'window': None})>
2019-07-18 08:16:46,420 - BDM-WAM 1563434191.0355523 - INFO - <Event(4-MouseMotion {'pos': (436, 519), 'rel': (10, 1), 'buttons': (0, 0, 0), 'window': None})>
2019-07-18 08:16:46,436 - BDM-WAM 1563434191.0355523 - INFO - <Event(4-MouseMotion {'pos': (444, 519), 'rel': (8, 0), 'buttons': (0, 0, 0), 'window': None})>
2019-07-18 08:16:46,453 - BDM-WAM 1563434191.0355523 - INFO - <Event(4-MouseMotion {'pos': (450, 519), 'rel': (6, 0), 'buttons': (0, 0, 0), 'window': None})>
2019-07-18 08:16:46,470 - BDM-WAM 1563434191.0355523 - INFO - <Event(4-MouseMotion {'pos': (452, 519), 'rel': (2, 0), 'buttons': (0, 0, 0), 'window': None})>
2019-07-18 08:16:46,487 - BDM-WAM 1563434191.0355523 - INFO - <Event(4-MouseMotion {'pos': (453, 519), 'rel': (1, 0), 'buttons': (0, 0, 0), 'window': None})>
2019-07-18 08:16:46,521 - BDM-WAM 1563434191.0355523 - INFO - <Event(5-MouseButtonDown {'pos': (453, 519), 'button': 1, 'window': None})>
2019-07-18 08:16:46,521 - BDM-WAM 1563434191.0355523 - INFO - <Event(9.2-Fake Miss {'pos': (453,519), 'window': None})>
2019-07-18 08:16:46,669 - BDM-WAM 1563434191.0355523 - INFO - <Event(6-MouseButtonUp {'pos': (453, 519), 'button': 1, 'window': None})>
2019-07-18 08:16:46,750 - BDM-WAM 1563434191.0355523 - INFO - <Event(4-MouseMotion {'pos': (453, 518), 'rel': (0, -1), 'buttons': (0, 0, 0), 'window': None})>
2019-07-18 08:16:46,766 - BDM-WAM 1563434191.0355523 - INFO - <Event(4-MouseMotion {'pos': (453, 517), 'rel': (0, -1), 'buttons': (0, 0, 0), 'window': None})>
2019-07-18 08:16:46,783 - BDM-WAM 1563434191.0355523 - INFO - <Event(4-MouseMotion {'pos': (453, 516), 'rel': (0, -1), 'buttons': (0, 0, 0), 'window': None})>
2019-07-18 08:16:46,799 - BDM-WAM 1563434191.0355523 - INFO - <Event(4-MouseMotion {'pos': (454, 514), 'rel': (1, -2), 'buttons': (0, 0, 0), 'window': None})>
2019-07-18 08:16:46,816 - BDM-WAM 1563434191.0355523 - INFO - <Event(4-MouseMotion {'pos': (454, 510), 'rel': (0, -4), 'buttons': (0, 0, 0), 'window': None})>
2019-07-18 08:16:46,831 - BDM-WAM 1563434191.0355523 - INFO - <Event(4-MouseMotion {'pos': (455, 507), 'rel': (1, -3), 'buttons': (0, 0, 0), 'window': None})>
2019-07-18 08:16:46,848 - BDM-WAM 1563434191.0355523 - INFO - <Event(4-MouseMotion {'pos': (455, 506), 'rel': (0, -1), 'buttons': (0, 0, 0), 'window': None})>
2019-07-18 08:16:46,882 - BDM-WAM 1563434191.0355523 - INFO - <Event(5-MouseButtonDown {'pos': (455, 506), 'button': 1, 'window': None})>
2019-07-18 08:16:46,883 - BDM-WAM 1563434191.0355523 - INFO - <Event(9.2-Fake Miss {'pos': (455,506), 'window': None})>
2019-07-18 08:16:47,000 - BDM-WAM 1563434191.0355523 - INFO - <Event(6-MouseButtonUp {'pos': (455, 506), 'button': 1, 'window': None})>
2019-07-18 08:16:47,184 - BDM-WAM 1563434191.0355523 - INFO - <Event(4-MouseMotion {'pos': (456, 505), 'rel': (1, -1), 'buttons': (0, 0, 0), 'window': None})>
2019-07-18 08:16:47,217 - BDM-WAM 1563434191.0355523 - INFO - <Event(4-MouseMotion {'pos': (456, 504), 'rel': (0, -1), 'buttons': (0, 0, 0), 'window': None})>
2019-07-18 08:16:47,245 - BDM-WAM 1563434191.0355523 - INFO - <Event(4-MouseMotion {'pos': (457, 500), 'rel': (1, -4), 'buttons': (0, 0, 0), 'window': None})>
2019-07-18 08:16:47,260 - BDM-WAM 1563434191.0355523 - INFO - <Event(4-MouseMotion {'pos': (457, 497), 'rel': (0, -3), 'buttons': (0, 0, 0), 'window': None})>
2019-07-18 08:16:47,276 - BDM-WAM 1563434191.0355523 - INFO - <Event(4-MouseMotion {'pos': (458, 492), 'rel': (1, -5), 'buttons': (0, 0, 0), 'window': None})>
2019-07-18 08:16:47,292 - BDM-WAM 1563434191.0355523 - INFO - <Event(4-MouseMotion {'pos': (459, 485), 'rel': (1, -7), 'buttons': (0, 0, 0), 'window': None})>
2019-07-18 08:16:47,308 - BDM-WAM 1563434191.0355523 - INFO - <Event(4-MouseMotion {'pos': (460, 478), 'rel': (1, -7), 'buttons': (0, 0, 0), 'window': None})>
2019-07-18 08:16:47,324 - BDM-WAM 1563434191.0355523 - INFO - <Event(4-MouseMotion {'pos': (462, 471), 'rel': (2, -7), 'buttons': (0, 0, 0), 'window': None})>
2019-07-18 08:16:47,341 - BDM-WAM 1563434191.0355523 - INFO - <Event(4-MouseMotion {'pos': (464, 461), 'rel': (2, -10), 'buttons': (0, 0, 0), 'window': None})>
2019-07-18 08:16:47,357 - BDM-WAM 1563434191.0355523 - INFO - <Event(4-MouseMotion {'pos': (467, 455), 'rel': (3, -6), 'buttons': (0, 0, 0), 'window': None})>
2019-07-18 08:16:47,374 - BDM-WAM 1563434191.0355523 - INFO - <Event(4-MouseMotion {'pos': (474, 443), 'rel': (7, -12), 'buttons': (0, 0, 0), 'window': None})>
2019-07-18 08:16:47,391 - BDM-WAM 1563434191.0355523 - INFO - <Event(4-MouseMotion {'pos': (479, 433), 'rel': (5, -10), 'buttons': (0, 0, 0), 'window': None})>
2019-07-18 08:16:47,407 - BDM-WAM 1563434191.0355523 - INFO - <Event(4-MouseMotion {'pos': (484, 422), 'rel': (5, -11), 'buttons': (0, 0, 0), 'window': None})>
2019-07-18 08:16:47,423 - BDM-WAM 1563434191.0355523 - INFO - <Event(4-MouseMotion {'pos': (491, 410), 'rel': (7, -12), 'buttons': (0, 0, 0), 'window': None})>
2019-07-18 08:16:47,439 - BDM-WAM 1563434191.0355523 - INFO - <Event(4-MouseMotion {'pos': (497, 398), 'rel': (6, -12), 'buttons': (0, 0, 0), 'window': None})>
2019-07-18 08:16:47,456 - BDM-WAM 1563434191.0355523 - INFO - <Event(4-MouseMotion {'pos': (502, 387), 'rel': (5, -11), 'buttons': (0, 0, 0), 'window': None})>
2019-07-18 08:16:47,472 - BDM-WAM 1563434191.0355523 - INFO - <Event(4-MouseMotion {'pos': (505, 376), 'rel': (3, -11), 'buttons': (0, 0, 0), 'window': None})>
2019-07-18 08:16:47,489 - BDM-WAM 1563434191.0355523 - INFO - <Event(4-MouseMotion {'pos': (507, 369), 'rel': (2, -7), 'buttons': (0, 0, 0), 'window': None})>
2019-07-18 08:16:47,505 - BDM-WAM 1563434191.0355523 - INFO - <Event(4-MouseMotion {'pos': (507, 363), 'rel': (0, -6), 'buttons': (0, 0, 0), 'window': None})>
2019-07-18 08:16:47,522 - BDM-WAM 1563434191.0355523 - INFO - <Event(4-MouseMotion {'pos': (507, 355), 'rel': (0, -8), 'buttons': (0, 0, 0), 'window': None})>
2019-07-18 08:16:47,538 - BDM-WAM 1563434191.0355523 - INFO - <Event(4-MouseMotion {'pos': (507, 349), 'rel': (0, -6), 'buttons': (0, 0, 0), 'window': None})>
2019-07-18 08:16:47,555 - BDM-WAM 1563434191.0355523 - INFO - <Event(4-MouseMotion {'pos': (504, 342), 'rel': (-3, -7), 'buttons': (0, 0, 0), 'window': None})>
2019-07-18 08:16:47,572 - BDM-WAM 1563434191.0355523 - INFO - <Event(4-MouseMotion {'pos': (501, 336), 'rel': (-3, -6), 'buttons': (0, 0, 0), 'window': None})>
2019-07-18 08:16:47,588 - BDM-WAM 1563434191.0355523 - INFO - <Event(4-MouseMotion {'pos': (495, 332), 'rel': (-6, -4), 'buttons': (0, 0, 0), 'window': None})>
2019-07-18 08:16:47,605 - BDM-WAM 1563434191.0355523 - INFO - <Event(4-MouseMotion {'pos': (490, 328), 'rel': (-5, -4), 'buttons': (0, 0, 0), 'window': None})>
2019-07-18 08:16:47,621 - BDM-WAM 1563434191.0355523 - INFO - <Event(4-MouseMotion {'pos': (483, 325), 'rel': (-7, -3), 'buttons': (0, 0, 0), 'window': None})>
2019-07-18 08:16:47,638 - BDM-WAM 1563434191.0355523 - INFO - <Event(4-MouseMotion {'pos': (475, 323), 'rel': (-8, -2), 'buttons': (0, 0, 0), 'window': None})>
2019-07-18 08:16:47,655 - BDM-WAM 1563434191.0355523 - INFO - <Event(4-MouseMotion {'pos': (468, 321), 'rel': (-7, -2), 'buttons': (0, 0, 0), 'window': None})>
2019-07-18 08:16:47,672 - BDM-WAM 1563434191.0355523 - INFO - <Event(4-MouseMotion {'pos': (462, 319), 'rel': (-6, -2), 'buttons': (0, 0, 0), 'window': None})>
2019-07-18 08:16:47,688 - BDM-WAM 1563434191.0355523 - INFO - <Event(4-MouseMotion {'pos': (454, 316), 'rel': (-8, -3), 'buttons': (0, 0, 0), 'window': None})>
2019-07-18 08:16:47,706 - BDM-WAM 1563434191.0355523 - INFO - <Event(4-MouseMotion {'pos': (448, 313), 'rel': (-6, -3), 'buttons': (0, 0, 0), 'window': None})>
2019-07-18 08:16:47,722 - BDM-WAM 1563434191.0355523 - INFO - <Event(4-MouseMotion {'pos': (441, 311), 'rel': (-7, -2), 'buttons': (0, 0, 0), 'window': None})>
2019-07-18 08:16:47,752 - BDM-WAM 1563434191.0355523 - INFO - <Event(4-MouseMotion {'pos': (430, 306), 'rel': (-11, -5), 'buttons': (0, 0, 0), 'window': None})>
2019-07-18 08:16:47,755 - BDM-WAM 1563434191.0355523 - INFO - <Event(4-MouseMotion {'pos': (429, 305), 'rel': (-1, -1), 'buttons': (0, 0, 0), 'window': None})>
2019-07-18 08:16:47,772 - BDM-WAM 1563434191.0355523 - INFO - <Event(4-MouseMotion {'pos': (423, 302), 'rel': (-6, -3), 'buttons': (0, 0, 0), 'window': None})>
2019-07-18 08:16:47,791 - BDM-WAM 1563434191.0355523 - INFO - <Event(4-MouseMotion {'pos': (416, 300), 'rel': (-7, -2), 'buttons': (0, 0, 0), 'window': None})>
2019-07-18 08:16:47,806 - BDM-WAM 1563434191.0355523 - INFO - <Event(4-MouseMotion {'pos': (411, 297), 'rel': (-5, -3), 'buttons': (0, 0, 0), 'window': None})>
2019-07-18 08:16:47,822 - BDM-WAM 1563434191.0355523 - INFO - <Event(4-MouseMotion {'pos': (404, 294), 'rel': (-7, -3), 'buttons': (0, 0, 0), 'window': None})>
2019-07-18 08:16:47,855 - BDM-WAM 1563434191.0355523 - INFO - <Event(4-MouseMotion {'pos': (385, 289), 'rel': (-19, -5), 'buttons': (0, 0, 0), 'window': None})>
2019-07-18 08:16:47,857 - BDM-WAM 1563434191.0355523 - INFO - <Event(4-MouseMotion {'pos': (382, 289), 'rel': (-3, 0), 'buttons': (0, 0, 0), 'window': None})>
2019-07-18 08:16:47,873 - BDM-WAM 1563434191.0355523 - INFO - <Event(4-MouseMotion {'pos': (371, 289), 'rel': (-11, 0), 'buttons': (0, 0, 0), 'window': None})>
2019-07-18 08:16:47,890 - BDM-WAM 1563434191.0355523 - INFO - <Event(4-MouseMotion {'pos': (360, 290), 'rel': (-11, 1), 'buttons': (0, 0, 0), 'window': None})>
2019-07-18 08:16:47,906 - BDM-WAM 1563434191.0355523 - INFO - <Event(4-MouseMotion {'pos': (354, 294), 'rel': (-6, 4), 'buttons': (0, 0, 0), 'window': None})>
2019-07-18 08:16:47,923 - BDM-WAM 1563434191.0355523 - INFO - <Event(4-MouseMotion {'pos': (348, 298), 'rel': (-6, 4), 'buttons': (0, 0, 0), 'window': None})>
2019-07-18 08:16:47,940 - BDM-WAM 1563434191.0355523 - INFO - <Event(4-MouseMotion {'pos': (345, 305), 'rel': (-3, 7), 'buttons': (0, 0, 0), 'window': None})>
2019-07-18 08:16:47,967 - BDM-WAM 1563434191.0355523 - INFO - <Event(4-MouseMotion {'pos': (341, 318), 'rel': (-4, 13), 'buttons': (0, 0, 0), 'window': None})>
2019-07-18 08:16:47,973 - BDM-WAM 1563434191.0355523 - INFO - <Event(4-MouseMotion {'pos': (341, 321), 'rel': (0, 3), 'buttons': (0, 0, 0), 'window': None})>
2019-07-18 08:16:47,989 - BDM-WAM 1563434191.0355523 - INFO - <Event(4-MouseMotion {'pos': (343, 324), 'rel': (2, 3), 'buttons': (0, 0, 0), 'window': None})>
2019-07-18 08:16:48,006 - BDM-WAM 1563434191.0355523 - INFO - <Event(4-MouseMotion {'pos': (351, 328), 'rel': (8, 4), 'buttons': (0, 0, 0), 'window': None})>
2019-07-18 08:16:48,021 - BDM-WAM 1563434191.0355523 - INFO - <Event(4-MouseMotion {'pos': (374, 331), 'rel': (23, 3), 'buttons': (0, 0, 0), 'window': None})>
2019-07-18 08:16:48,039 - BDM-WAM 1563434191.0355523 - INFO - <Event(4-MouseMotion {'pos': (407, 329), 'rel': (33, -2), 'buttons': (0, 0, 0), 'window': None})>
2019-07-18 08:16:48,055 - BDM-WAM 1563434191.0355523 - INFO - <Event(4-MouseMotion {'pos': (455, 316), 'rel': (48, -13), 'buttons': (0, 0, 0), 'window': None})>
2019-07-18 08:16:48,071 - BDM-WAM 1563434191.0355523 - INFO - <Event(4-MouseMotion {'pos': (504, 295), 'rel': (49, -21), 'buttons': (0, 0, 0), 'window': None})>
2019-07-18 08:16:48,088 - BDM-WAM 1563434191.0355523 - INFO - <Event(4-MouseMotion {'pos': (549, 268), 'rel': (45, -27), 'buttons': (0, 0, 0), 'window': None})>
2019-07-18 08:16:48,104 - BDM-WAM 1563434191.0355523 - INFO - <Event(4-MouseMotion {'pos': (585, 241), 'rel': (36, -27), 'buttons': (0, 0, 0), 'window': None})>
2019-07-18 08:16:48,121 - BDM-WAM 1563434191.0355523 - INFO - <Event(4-MouseMotion {'pos': (610, 215), 'rel': (25, -26), 'buttons': (0, 0, 0), 'window': None})>
2019-07-18 08:16:48,138 - BDM-WAM 1563434191.0355523 - INFO - <Event(4-MouseMotion {'pos': (621, 196), 'rel': (11, -19), 'buttons': (0, 0, 0), 'window': None})>
2019-07-18 08:16:48,156 - BDM-WAM 1563434191.0355523 - INFO - <Event(4-MouseMotion {'pos': (622, 176), 'rel': (1, -20), 'buttons': (0, 0, 0), 'window': None})>
2019-07-18 08:16:48,171 - BDM-WAM 1563434191.0355523 - INFO - <Event(4-MouseMotion {'pos': (619, 163), 'rel': (-3, -13), 'buttons': (0, 0, 0), 'window': None})>
2019-07-18 08:16:48,187 - BDM-WAM 1563434191.0355523 - INFO - <Event(4-MouseMotion {'pos': (614, 151), 'rel': (-5, -12), 'buttons': (0, 0, 0), 'window': None})>
2019-07-18 08:16:48,204 - BDM-WAM 1563434191.0355523 - INFO - <Event(4-MouseMotion {'pos': (606, 141), 'rel': (-8, -10), 'buttons': (0, 0, 0), 'window': None})>
2019-07-18 08:16:48,222 - BDM-WAM 1563434191.0355523 - INFO - <Event(4-MouseMotion {'pos': (600, 134), 'rel': (-6, -7), 'buttons': (0, 0, 0), 'window': None})>
2019-07-18 08:16:48,238 - BDM-WAM 1563434191.0355523 - INFO - <Event(4-MouseMotion {'pos': (594, 128), 'rel': (-6, -6), 'buttons': (0, 0, 0), 'window': None})>
2019-07-18 08:16:48,255 - BDM-WAM 1563434191.0355523 - INFO - <Event(4-MouseMotion {'pos': (593, 125), 'rel': (-1, -3), 'buttons': (0, 0, 0), 'window': None})>
2019-07-18 08:16:48,272 - BDM-WAM 1563434191.0355523 - INFO - <Event(4-MouseMotion {'pos': (592, 124), 'rel': (-1, -1), 'buttons': (0, 0, 0), 'window': None})>
2019-07-18 08:16:48,289 - BDM-WAM 1563434191.0355523 - INFO - <Event(4-MouseMotion {'pos': (592, 123), 'rel': (0, -1), 'buttons': (0, 0, 0), 'window': None})>
2019-07-18 08:16:48,306 - BDM-WAM 1563434191.0355523 - INFO - <Event(4-MouseMotion {'pos': (592, 121), 'rel': (0, -2), 'buttons': (0, 0, 0), 'window': None})>
2019-07-18 08:16:48,322 - BDM-WAM 1563434191.0355523 - INFO - <Event(4-MouseMotion {'pos': (592, 120), 'rel': (0, -1), 'buttons': (0, 0, 0), 'window': None})>
2019-07-18 08:16:48,339 - BDM-WAM 1563434191.0355523 - INFO - <Event(4-MouseMotion {'pos': (592, 118), 'rel': (0, -2), 'buttons': (0, 0, 0), 'window': None})>
2019-07-18 08:16:48,354 - BDM-WAM 1563434191.0355523 - INFO - <Event(4-MouseMotion {'pos': (592, 116), 'rel': (0, -2), 'buttons': (0, 0, 0), 'window': None})>
2019-07-18 08:16:48,371 - BDM-WAM 1563434191.0355523 - INFO - <Event(4-MouseMotion {'pos': (594, 112), 'rel': (2, -4), 'buttons': (0, 0, 0), 'window': None})>
2019-07-18 08:16:48,389 - BDM-WAM 1563434191.0355523 - INFO - <Event(4-MouseMotion {'pos': (597, 107), 'rel': (3, -5), 'buttons': (0, 0, 0), 'window': None})>
2019-07-18 08:16:48,405 - BDM-WAM 1563434191.0355523 - INFO - <Event(4-MouseMotion {'pos': (604, 99), 'rel': (7, -8), 'buttons': (0, 0, 0), 'window': None})>
2019-07-18 08:16:48,422 - BDM-WAM 1563434191.0355523 - INFO - <Event(4-MouseMotion {'pos': (612, 91), 'rel': (8, -8), 'buttons': (0, 0, 0), 'window': None})>
2019-07-18 08:16:48,440 - BDM-WAM 1563434191.0355523 - INFO - <Event(4-MouseMotion {'pos': (623, 82), 'rel': (11, -9), 'buttons': (0, 0, 0), 'window': None})>
2019-07-18 08:16:48,456 - BDM-WAM 1563434191.0355523 - INFO - <Event(4-MouseMotion {'pos': (631, 74), 'rel': (8, -8), 'buttons': (0, 0, 0), 'window': None})>
2019-07-18 08:16:48,474 - BDM-WAM 1563434191.0355523 - INFO - <Event(4-MouseMotion {'pos': (637, 70), 'rel': (6, -4), 'buttons': (0, 0, 0), 'window': None})>
2019-07-18 08:16:48,490 - BDM-WAM 1563434191.0355523 - INFO - <Event(4-MouseMotion {'pos': (640, 67), 'rel': (3, -3), 'buttons': (0, 0, 0), 'window': None})>
2019-07-18 08:16:48,507 - BDM-WAM 1563434191.0355523 - INFO - <Event(4-MouseMotion {'pos': (641, 67), 'rel': (1, 0), 'buttons': (0, 0, 0), 'window': None})>
2019-07-18 08:16:48,523 - BDM-WAM 1563434191.0355523 - INFO - <Event(5-MouseButtonDown {'pos': (641, 66), 'button': 1, 'window': None})>
2019-07-18 08:16:48,524 - BDM-WAM 1563434191.0355523 - INFO - <Event(9.1-True Hit {'pos': (641,66), 'window': None})>
2019-07-18 08:51:57,037 - BDM-WAM 1563434191.0355523 - INFO - ************* HAPPY ANALYSING... LOG COMPLETE!!! ************* 
