2019-11-23 21:21:09,575 - BDM-WAM 1574544069.3801665 - INFO - <Event(17-VideoExpose {})>
2019-11-23 21:21:10,733 - BDM-WAM 1574544069.3801665 - INFO - <Event(1-ActiveEvent {'gain': 0, 'state': 1})>
2019-11-23 21:21:10,734 - BDM-WAM 1574544069.3801665 - INFO - <Event(4-MouseMotion {'rel': (244, 363), 'buttons': (0, 0, 0), 'pos': (243, 362), 'window': None})>
2019-11-23 21:21:10,913 - BDM-WAM 1574544069.3801665 - INFO - <Event(3-KeyUp {'scancode': 46, 'key': 99, 'window': None, 'mod': 0})>
2019-11-23 21:21:11,056 - BDM-WAM 1574544069.3801665 - INFO - <Event(4-MouseMotion {'rel': (93, -82), 'buttons': (0, 0, 0), 'pos': (602, 458), 'window': None})>
2019-11-23 21:21:11,150 - BDM-WAM 1574544069.3801665 - INFO - <Event(4-MouseMotion {'rel': (0, -1), 'buttons': (0, 0, 0), 'pos': (602, 457), 'window': None})>
2019-11-23 21:21:11,257 - BDM-WAM 1574544069.3801665 - INFO - <Event(4-MouseMotion {'rel': (0, -3), 'buttons': (0, 0, 0), 'pos': (602, 454), 'window': None})>
2019-11-23 21:21:11,274 - BDM-WAM 1574544069.3801665 - INFO - <Event(4-MouseMotion {'rel': (-6, -9), 'buttons': (0, 0, 0), 'pos': (596, 445), 'window': None})>
2019-11-23 21:21:11,291 - BDM-WAM 1574544069.3801665 - INFO - <Event(4-MouseMotion {'rel': (-3, -3), 'buttons': (0, 0, 0), 'pos': (593, 442), 'window': None})>
2019-11-23 21:21:11,325 - BDM-WAM 1574544069.3801665 - INFO - <Event(4-MouseMotion {'rel': (-2, 0), 'buttons': (0, 0, 0), 'pos': (591, 442), 'window': None})>
2019-11-23 21:21:11,342 - BDM-WAM 1574544069.3801665 - INFO - <Event(4-MouseMotion {'rel': (-1, -2), 'buttons': (0, 0, 0), 'pos': (590, 440), 'window': None})>
2019-11-23 21:21:11,359 - BDM-WAM 1574544069.3801665 - INFO - <Event(4-MouseMotion {'rel': (1, -17), 'buttons': (0, 0, 0), 'pos': (591, 423), 'window': None})>
2019-11-23 21:21:11,377 - BDM-WAM 1574544069.3801665 - INFO - <Event(4-MouseMotion {'rel': (9, -32), 'buttons': (0, 0, 0), 'pos': (600, 391), 'window': None})>
2019-11-23 21:21:11,394 - BDM-WAM 1574544069.3801665 - INFO - <Event(4-MouseMotion {'rel': (15, -54), 'buttons': (0, 0, 0), 'pos': (615, 337), 'window': None})>
2019-11-23 21:21:11,410 - BDM-WAM 1574544069.3801665 - INFO - <Event(4-MouseMotion {'rel': (10, -57), 'buttons': (0, 0, 0), 'pos': (625, 280), 'window': None})>
2019-11-23 21:21:11,427 - BDM-WAM 1574544069.3801665 - INFO - <Event(4-MouseMotion {'rel': (5, -49), 'buttons': (0, 0, 0), 'pos': (630, 231), 'window': None})>
2019-11-23 21:21:11,444 - BDM-WAM 1574544069.3801665 - INFO - <Event(4-MouseMotion {'rel': (0, -33), 'buttons': (0, 0, 0), 'pos': (630, 198), 'window': None})>
2019-11-23 21:21:11,461 - BDM-WAM 1574544069.3801665 - INFO - <Event(4-MouseMotion {'rel': (2, -18), 'buttons': (0, 0, 0), 'pos': (632, 180), 'window': None})>
2019-11-23 21:21:11,478 - BDM-WAM 1574544069.3801665 - INFO - <Event(4-MouseMotion {'rel': (1, -6), 'buttons': (0, 0, 0), 'pos': (633, 174), 'window': None})>
2019-11-23 21:21:11,495 - BDM-WAM 1574544069.3801665 - INFO - <Event(4-MouseMotion {'rel': (1, -2), 'buttons': (0, 0, 0), 'pos': (634, 172), 'window': None})>
2019-11-23 21:21:11,512 - BDM-WAM 1574544069.3801665 - INFO - <Event(4-MouseMotion {'rel': (0, -3), 'buttons': (0, 0, 0), 'pos': (634, 169), 'window': None})>
2019-11-23 21:21:11,529 - BDM-WAM 1574544069.3801665 - INFO - <Event(4-MouseMotion {'rel': (0, -2), 'buttons': (0, 0, 0), 'pos': (634, 167), 'window': None})>
2019-11-23 21:21:11,546 - BDM-WAM 1574544069.3801665 - INFO - <Event(4-MouseMotion {'rel': (1, -4), 'buttons': (0, 0, 0), 'pos': (635, 163), 'window': None})>
2019-11-23 21:21:11,564 - BDM-WAM 1574544069.3801665 - INFO - <Event(4-MouseMotion {'rel': (2, -7), 'buttons': (0, 0, 0), 'pos': (637, 156), 'window': None})>
2019-11-23 21:21:11,580 - BDM-WAM 1574544069.3801665 - INFO - <Event(4-MouseMotion {'rel': (1, -4), 'buttons': (0, 0, 0), 'pos': (638, 152), 'window': None})>
2019-11-23 21:21:11,597 - BDM-WAM 1574544069.3801665 - INFO - <Event(4-MouseMotion {'rel': (1, -4), 'buttons': (0, 0, 0), 'pos': (639, 148), 'window': None})>
2019-11-23 21:21:11,614 - BDM-WAM 1574544069.3801665 - INFO - <Event(4-MouseMotion {'rel': (2, -5), 'buttons': (0, 0, 0), 'pos': (641, 143), 'window': None})>
2019-11-23 21:21:11,631 - BDM-WAM 1574544069.3801665 - INFO - <Event(4-MouseMotion {'rel': (6, -14), 'buttons': (0, 0, 0), 'pos': (647, 129), 'window': None})>
2019-11-23 21:21:11,648 - BDM-WAM 1574544069.3801665 - INFO - <Event(4-MouseMotion {'rel': (22, -35), 'buttons': (0, 0, 0), 'pos': (669, 94), 'window': None})>
2019-11-23 21:21:11,665 - BDM-WAM 1574544069.3801665 - INFO - <Event(4-MouseMotion {'rel': (12, -20), 'buttons': (0, 0, 0), 'pos': (681, 74), 'window': None})>
2019-11-23 21:21:11,684 - BDM-WAM 1574544069.3801665 - INFO - <Event(4-MouseMotion {'rel': (2, -6), 'buttons': (0, 0, 0), 'pos': (683, 68), 'window': None})>
2019-11-23 21:21:11,699 - BDM-WAM 1574544069.3801665 - INFO - <Event(4-MouseMotion {'rel': (1, 0), 'buttons': (0, 0, 0), 'pos': (684, 68), 'window': None})>
2019-11-23 21:21:11,735 - BDM-WAM 1574544069.3801665 - INFO - <Event(4-MouseMotion {'rel': (0, -1), 'buttons': (0, 0, 0), 'pos': (684, 67), 'window': None})>
2019-11-23 21:21:11,753 - BDM-WAM 1574544069.3801665 - INFO - <Event(4-MouseMotion {'rel': (0, -3), 'buttons': (0, 0, 0), 'pos': (684, 64), 'window': None})>
2019-11-23 21:21:11,768 - BDM-WAM 1574544069.3801665 - INFO - <Event(4-MouseMotion {'rel': (0, -2), 'buttons': (0, 0, 0), 'pos': (684, 62), 'window': None})>
2019-11-23 21:21:11,785 - BDM-WAM 1574544069.3801665 - INFO - <Event(4-MouseMotion {'rel': (0, -2), 'buttons': (0, 0, 0), 'pos': (684, 60), 'window': None})>
2019-11-23 21:21:11,819 - BDM-WAM 1574544069.3801665 - INFO - <Event(4-MouseMotion {'rel': (-1, -1), 'buttons': (0, 0, 0), 'pos': (683, 59), 'window': None})>
2019-11-23 21:21:11,835 - BDM-WAM 1574544069.3801665 - INFO - <Event(4-MouseMotion {'rel': (0, -2), 'buttons': (0, 0, 0), 'pos': (683, 57), 'window': None})>
2019-11-23 21:21:11,852 - BDM-WAM 1574544069.3801665 - INFO - <Event(4-MouseMotion {'rel': (-1, -1), 'buttons': (0, 0, 0), 'pos': (682, 56), 'window': None})>
2019-11-23 21:21:11,886 - BDM-WAM 1574544069.3801665 - INFO - <Event(5-MouseButtonDown {'button': 1, 'pos': (682, 56), 'window': None})>
2019-11-23 21:21:11,887 - BDM-WAM 1574544069.3801665 - INFO - <Event(9.1-True Hit {'pos': (682,56),'distance: 90.91754506144565,'relative_loc: (79, 45),'window': None})>
2019-11-23 21:21:11,986 - BDM-WAM 1574544069.3801665 - INFO - <Event(4-MouseMotion {'rel': (-6, 0), 'buttons': (1, 0, 0), 'pos': (676, 56), 'window': None})>
2019-11-23 21:21:12,006 - BDM-WAM 1574544069.3801665 - INFO - <Event(6-MouseButtonUp {'button': 1, 'pos': (676, 56), 'window': None})>
2019-11-23 21:21:12,006 - BDM-WAM 1574544069.3801665 - INFO - <Event(4-MouseMotion {'rel': (-3, 0), 'buttons': (0, 0, 0), 'pos': (673, 56), 'window': None})>
2019-11-23 21:21:12,022 - BDM-WAM 1574544069.3801665 - INFO - <Event(4-MouseMotion {'rel': (-4, 1), 'buttons': (0, 0, 0), 'pos': (669, 57), 'window': None})>
2019-11-23 21:21:12,039 - BDM-WAM 1574544069.3801665 - INFO - <Event(4-MouseMotion {'rel': (-1, 1), 'buttons': (0, 0, 0), 'pos': (668, 58), 'window': None})>
2019-11-23 21:21:12,056 - BDM-WAM 1574544069.3801665 - INFO - <Event(4-MouseMotion {'rel': (-1, 1), 'buttons': (0, 0, 0), 'pos': (667, 59), 'window': None})>
2019-11-23 21:21:12,073 - BDM-WAM 1574544069.3801665 - INFO - <Event(4-MouseMotion {'rel': (-2, 0), 'buttons': (0, 0, 0), 'pos': (665, 59), 'window': None})>
2019-11-23 21:21:12,107 - BDM-WAM 1574544069.3801665 - INFO - <Event(4-MouseMotion {'rel': (-1, 0), 'buttons': (0, 0, 0), 'pos': (664, 59), 'window': None})>
2019-11-23 21:21:12,403 - BDM-WAM 1574544069.3801665 - INFO - <Event(4-MouseMotion {'rel': (-36, 71), 'buttons': (0, 0, 0), 'pos': (628, 130), 'window': None})>
2019-11-23 21:21:12,576 - BDM-WAM 1574544069.3801665 - INFO - <Event(4-MouseMotion {'rel': (-49, 43), 'buttons': (0, 0, 0), 'pos': (579, 173), 'window': None})>
2019-11-23 21:21:12,679 - BDM-WAM 1574544069.3801665 - INFO - <Event(4-MouseMotion {'rel': (-5, 1), 'buttons': (0, 0, 0), 'pos': (574, 174), 'window': None})>
2019-11-23 21:21:12,696 - BDM-WAM 1574544069.3801665 - INFO - <Event(4-MouseMotion {'rel': (-11, 4), 'buttons': (0, 0, 0), 'pos': (563, 178), 'window': None})>
2019-11-23 21:21:12,714 - BDM-WAM 1574544069.3801665 - INFO - <Event(4-MouseMotion {'rel': (-24, 9), 'buttons': (0, 0, 0), 'pos': (539, 187), 'window': None})>
2019-11-23 21:21:12,730 - BDM-WAM 1574544069.3801665 - INFO - <Event(4-MouseMotion {'rel': (-21, 7), 'buttons': (0, 0, 0), 'pos': (518, 194), 'window': None})>
2019-11-23 21:21:12,748 - BDM-WAM 1574544069.3801665 - INFO - <Event(4-MouseMotion {'rel': (-26, 7), 'buttons': (0, 0, 0), 'pos': (492, 201), 'window': None})>
2019-11-23 21:21:12,764 - BDM-WAM 1574544069.3801665 - INFO - <Event(4-MouseMotion {'rel': (-17, 4), 'buttons': (0, 0, 0), 'pos': (475, 205), 'window': None})>
2019-11-23 21:21:12,781 - BDM-WAM 1574544069.3801665 - INFO - <Event(4-MouseMotion {'rel': (-20, 2), 'buttons': (0, 0, 0), 'pos': (455, 207), 'window': None})>
2019-11-23 21:21:12,798 - BDM-WAM 1574544069.3801665 - INFO - <Event(4-MouseMotion {'rel': (-13, 2), 'buttons': (0, 0, 0), 'pos': (442, 209), 'window': None})>
2019-11-23 21:21:13,029 - BDM-WAM 1574544069.3801665 - INFO - <Event(4-MouseMotion {'rel': (23, -18), 'buttons': (0, 0, 0), 'pos': (465, 191), 'window': None})>
2019-11-23 21:21:13,034 - BDM-WAM 1574544069.3801665 - INFO - <Event(4-MouseMotion {'rel': (5, -3), 'buttons': (0, 0, 0), 'pos': (470, 188), 'window': None})>
2019-11-23 21:21:13,146 - BDM-WAM 1574544069.3801665 - INFO - <Event(4-MouseMotion {'rel': (17, -15), 'buttons': (0, 0, 0), 'pos': (487, 173), 'window': None})>
2019-11-23 21:21:13,157 - BDM-WAM 1574544069.3801665 - INFO - <Event(4-MouseMotion {'rel': (10, 12), 'buttons': (0, 0, 0), 'pos': (497, 185), 'window': None})>
2019-11-23 21:21:13,171 - BDM-WAM 1574544069.3801665 - INFO - <Event(4-MouseMotion {'rel': (13, 30), 'buttons': (0, 0, 0), 'pos': (510, 215), 'window': None})>
2019-11-23 21:21:13,187 - BDM-WAM 1574544069.3801665 - INFO - <Event(4-MouseMotion {'rel': (8, 21), 'buttons': (0, 0, 0), 'pos': (518, 236), 'window': None})>
2019-11-23 21:21:13,204 - BDM-WAM 1574544069.3801665 - INFO - <Event(4-MouseMotion {'rel': (-1, 17), 'buttons': (0, 0, 0), 'pos': (517, 253), 'window': None})>
2019-11-23 21:21:13,221 - BDM-WAM 1574544069.3801665 - INFO - <Event(4-MouseMotion {'rel': (-4, 19), 'buttons': (0, 0, 0), 'pos': (513, 272), 'window': None})>
2019-11-23 21:21:13,237 - BDM-WAM 1574544069.3801665 - INFO - <Event(4-MouseMotion {'rel': (-7, 14), 'buttons': (0, 0, 0), 'pos': (506, 286), 'window': None})>
2019-11-23 21:21:13,254 - BDM-WAM 1574544069.3801665 - INFO - <Event(4-MouseMotion {'rel': (-3, 7), 'buttons': (0, 0, 0), 'pos': (503, 293), 'window': None})>
2019-11-23 21:21:13,271 - BDM-WAM 1574544069.3801665 - INFO - <Event(4-MouseMotion {'rel': (-1, 2), 'buttons': (0, 0, 0), 'pos': (502, 295), 'window': None})>
2019-11-23 21:21:13,389 - BDM-WAM 1574544069.3801665 - INFO - <Event(4-MouseMotion {'rel': (-6, 3), 'buttons': (0, 0, 0), 'pos': (496, 298), 'window': None})>
2019-11-23 21:21:13,406 - BDM-WAM 1574544069.3801665 - INFO - <Event(4-MouseMotion {'rel': (-9, 5), 'buttons': (0, 0, 0), 'pos': (487, 303), 'window': None})>
2019-11-23 21:21:13,423 - BDM-WAM 1574544069.3801665 - INFO - <Event(4-MouseMotion {'rel': (-3, 7), 'buttons': (0, 0, 0), 'pos': (484, 310), 'window': None})>
2019-11-23 21:21:13,441 - BDM-WAM 1574544069.3801665 - INFO - <Event(4-MouseMotion {'rel': (-5, 9), 'buttons': (0, 0, 0), 'pos': (479, 319), 'window': None})>
2019-11-23 21:21:13,458 - BDM-WAM 1574544069.3801665 - INFO - <Event(4-MouseMotion {'rel': (-25, 14), 'buttons': (0, 0, 0), 'pos': (454, 333), 'window': None})>
2019-11-23 21:21:13,475 - BDM-WAM 1574544069.3801665 - INFO - <Event(4-MouseMotion {'rel': (-27, 18), 'buttons': (0, 0, 0), 'pos': (427, 351), 'window': None})>
2019-11-23 21:21:13,492 - BDM-WAM 1574544069.3801665 - INFO - <Event(4-MouseMotion {'rel': (-17, 9), 'buttons': (0, 0, 0), 'pos': (410, 360), 'window': None})>
2019-11-23 21:21:13,509 - BDM-WAM 1574544069.3801665 - INFO - <Event(4-MouseMotion {'rel': (-2, 1), 'buttons': (0, 0, 0), 'pos': (408, 361), 'window': None})>
2019-11-23 21:21:13,611 - BDM-WAM 1574544069.3801665 - INFO - <Event(5-MouseButtonDown {'button': 1, 'pos': (408, 361), 'window': None})>
2019-11-23 21:21:13,611 - BDM-WAM 1574544069.3801665 - INFO - <Event(8-Pause {'reason': <bound method GameManager.pause of <game.GameManager object at 0x000001C8588E7F98>> })>
2019-11-23 21:21:14,809 - BDM-WAM 1574544069.3801665 - INFO - <Event(7-Rate {'hit_conf': 1 })>
2019-11-23 21:21:14,978 - BDM-WAM 1574544069.3801665 - INFO - <Event(7-Rate {'reward_conf': 1 })>
2019-11-23 21:21:15,152 - BDM-WAM 1574544069.3801665 - INFO - <Event(7-Rate {'player_skill': 1 })>
2019-11-23 21:21:15,152 - BDM-WAM 1574544069.3801665 - INFO - <Event(9.1-True Hit {'pos': (408,361),'distance: 71.30918594402827,'relative_loc: (27, 66),'window': None})>
2019-11-23 21:21:15,295 - BDM-WAM 1574544069.3801665 - INFO - <Event(3-KeyUp {'scancode': 2, 'key': 49, 'window': None, 'mod': 0})>
2019-11-23 21:21:15,452 - BDM-WAM 1574544069.3801665 - INFO - <Event(4-MouseMotion {'rel': (0, 2), 'buttons': (0, 0, 0), 'pos': (409, 363), 'window': None})>
2019-11-23 21:21:15,546 - BDM-WAM 1574544069.3801665 - INFO - <Event(4-MouseMotion {'rel': (-5, 13), 'buttons': (0, 0, 0), 'pos': (404, 376), 'window': None})>
2019-11-23 21:21:15,852 - BDM-WAM 1574544069.3801665 - INFO - <Event(4-MouseMotion {'rel': (-3, -48), 'buttons': (0, 0, 0), 'pos': (401, 328), 'window': None})>
2019-11-23 21:21:15,920 - BDM-WAM 1574544069.3801665 - INFO - <Event(4-MouseMotion {'rel': (-1, 3), 'buttons': (0, 0, 0), 'pos': (400, 331), 'window': None})>
2019-11-23 21:21:15,937 - BDM-WAM 1574544069.3801665 - INFO - <Event(4-MouseMotion {'rel': (-4, 4), 'buttons': (0, 0, 0), 'pos': (396, 335), 'window': None})>
2019-11-23 21:21:15,955 - BDM-WAM 1574544069.3801665 - INFO - <Event(4-MouseMotion {'rel': (-10, 7), 'buttons': (0, 0, 0), 'pos': (386, 342), 'window': None})>
2019-11-23 21:21:15,971 - BDM-WAM 1574544069.3801665 - INFO - <Event(4-MouseMotion {'rel': (-11, 6), 'buttons': (0, 0, 0), 'pos': (375, 348), 'window': None})>
2019-11-23 21:21:15,991 - BDM-WAM 1574544069.3801665 - INFO - <Event(4-MouseMotion {'rel': (-8, 4), 'buttons': (0, 0, 0), 'pos': (367, 352), 'window': None})>
2019-11-23 21:21:16,006 - BDM-WAM 1574544069.3801665 - INFO - <Event(4-MouseMotion {'rel': (-5, 4), 'buttons': (0, 0, 0), 'pos': (362, 356), 'window': None})>
2019-11-23 21:21:16,023 - BDM-WAM 1574544069.3801665 - INFO - <Event(4-MouseMotion {'rel': (-7, 4), 'buttons': (0, 0, 0), 'pos': (355, 360), 'window': None})>
2019-11-23 21:21:16,040 - BDM-WAM 1574544069.3801665 - INFO - <Event(4-MouseMotion {'rel': (-6, 4), 'buttons': (0, 0, 0), 'pos': (349, 364), 'window': None})>
2019-11-23 21:21:16,058 - BDM-WAM 1574544069.3801665 - INFO - <Event(4-MouseMotion {'rel': (-5, 6), 'buttons': (0, 0, 0), 'pos': (344, 370), 'window': None})>
2019-11-23 21:21:16,075 - BDM-WAM 1574544069.3801665 - INFO - <Event(4-MouseMotion {'rel': (-9, 7), 'buttons': (0, 0, 0), 'pos': (335, 377), 'window': None})>
2019-11-23 21:21:16,191 - BDM-WAM 1574544069.3801665 - INFO - <Event(4-MouseMotion {'rel': (-35, 22), 'buttons': (0, 0, 0), 'pos': (300, 399), 'window': None})>
2019-11-23 21:21:16,306 - BDM-WAM 1574544069.3801665 - INFO - <Event(4-MouseMotion {'rel': (-13, 5), 'buttons': (0, 0, 0), 'pos': (287, 404), 'window': None})>
2019-11-23 21:21:16,435 - BDM-WAM 1574544069.3801665 - INFO - <Event(4-MouseMotion {'rel': (20, -24), 'buttons': (0, 0, 0), 'pos': (307, 380), 'window': None})>
2019-11-23 21:21:16,450 - BDM-WAM 1574544069.3801665 - INFO - <Event(4-MouseMotion {'rel': (53, -49), 'buttons': (0, 0, 0), 'pos': (360, 331), 'window': None})>
2019-11-23 21:21:16,467 - BDM-WAM 1574544069.3801665 - INFO - <Event(4-MouseMotion {'rel': (95, -79), 'buttons': (0, 0, 0), 'pos': (455, 252), 'window': None})>
2019-11-23 21:21:16,484 - BDM-WAM 1574544069.3801665 - INFO - <Event(4-MouseMotion {'rel': (98, -68), 'buttons': (0, 0, 0), 'pos': (553, 184), 'window': None})>
2019-11-23 21:21:16,501 - BDM-WAM 1574544069.3801665 - INFO - <Event(4-MouseMotion {'rel': (75, -52), 'buttons': (0, 0, 0), 'pos': (628, 132), 'window': None})>
2019-11-23 21:21:16,518 - BDM-WAM 1574544069.3801665 - INFO - <Event(4-MouseMotion {'rel': (31, -26), 'buttons': (0, 0, 0), 'pos': (659, 106), 'window': None})>
2019-11-23 21:21:16,535 - BDM-WAM 1574544069.3801665 - INFO - <Event(4-MouseMotion {'rel': (4, -6), 'buttons': (0, 0, 0), 'pos': (663, 100), 'window': None})>
2019-11-23 21:21:16,672 - BDM-WAM 1574544069.3801665 - INFO - <Event(4-MouseMotion {'rel': (-2, -3), 'buttons': (0, 0, 0), 'pos': (661, 97), 'window': None})>
2019-11-23 21:21:16,687 - BDM-WAM 1574544069.3801665 - INFO - <Event(4-MouseMotion {'rel': (-2, -4), 'buttons': (0, 0, 0), 'pos': (659, 93), 'window': None})>
2019-11-23 21:21:16,705 - BDM-WAM 1574544069.3801665 - INFO - <Event(4-MouseMotion {'rel': (-3, -5), 'buttons': (0, 0, 0), 'pos': (656, 88), 'window': None})>
2019-11-23 21:21:16,721 - BDM-WAM 1574544069.3801665 - INFO - <Event(4-MouseMotion {'rel': (-2, -5), 'buttons': (0, 0, 0), 'pos': (654, 83), 'window': None})>
2019-11-23 21:21:16,740 - BDM-WAM 1574544069.3801665 - INFO - <Event(4-MouseMotion {'rel': (-1, -4), 'buttons': (0, 0, 0), 'pos': (653, 79), 'window': None})>
2019-11-23 21:21:16,757 - BDM-WAM 1574544069.3801665 - INFO - <Event(4-MouseMotion {'rel': (-1, -8), 'buttons': (0, 0, 0), 'pos': (652, 71), 'window': None})>
2019-11-23 21:21:16,771 - BDM-WAM 1574544069.3801665 - INFO - <Event(4-MouseMotion {'rel': (-3, -6), 'buttons': (0, 0, 0), 'pos': (649, 65), 'window': None})>
2019-11-23 21:21:16,791 - BDM-WAM 1574544069.3801665 - INFO - <Event(4-MouseMotion {'rel': (-3, -5), 'buttons': (0, 0, 0), 'pos': (646, 60), 'window': None})>
2019-11-23 21:21:16,807 - BDM-WAM 1574544069.3801665 - INFO - <Event(4-MouseMotion {'rel': (0, -1), 'buttons': (0, 0, 0), 'pos': (646, 59), 'window': None})>
2019-11-23 21:21:16,825 - BDM-WAM 1574544069.3801665 - INFO - <Event(4-MouseMotion {'rel': (-1, -1), 'buttons': (0, 0, 0), 'pos': (645, 58), 'window': None})>
2019-11-23 21:21:16,875 - BDM-WAM 1574544069.3801665 - INFO - <Event(5-MouseButtonDown {'button': 1, 'pos': (645, 58), 'window': None})>
2019-11-23 21:21:16,875 - BDM-WAM 1574544069.3801665 - INFO - <Event(9.1-True Hit {'pos': (645,58),'distance: 63.0317380372777,'relative_loc: (42, 47),'window': None})>
2019-11-23 21:21:17,008 - BDM-WAM 1574544069.3801665 - INFO - <Event(6-MouseButtonUp {'button': 1, 'pos': (645, 58), 'window': None})>
2019-11-23 21:21:17,285 - BDM-WAM 1574544069.3801665 - INFO - <Event(4-MouseMotion {'rel': (-1, 3), 'buttons': (0, 0, 0), 'pos': (644, 61), 'window': None})>
2019-11-23 21:21:17,404 - BDM-WAM 1574544069.3801665 - INFO - <Event(4-MouseMotion {'rel': (-13, 30), 'buttons': (0, 0, 0), 'pos': (631, 91), 'window': None})>
2019-11-23 21:21:17,607 - BDM-WAM 1574544069.3801665 - INFO - <Event(4-MouseMotion {'rel': (-101, 110), 'buttons': (0, 0, 0), 'pos': (530, 201), 'window': None})>
2019-11-23 21:21:17,677 - BDM-WAM 1574544069.3801665 - INFO - <Event(4-MouseMotion {'rel': (-2, 1), 'buttons': (0, 0, 0), 'pos': (528, 202), 'window': None})>
2019-11-23 21:21:17,692 - BDM-WAM 1574544069.3801665 - INFO - <Event(4-MouseMotion {'rel': (-12, 0), 'buttons': (0, 0, 0), 'pos': (516, 202), 'window': None})>
2019-11-23 21:21:17,710 - BDM-WAM 1574544069.3801665 - INFO - <Event(4-MouseMotion {'rel': (-13, 0), 'buttons': (0, 0, 0), 'pos': (503, 202), 'window': None})>
2019-11-23 21:21:17,727 - BDM-WAM 1574544069.3801665 - INFO - <Event(4-MouseMotion {'rel': (-17, -1), 'buttons': (0, 0, 0), 'pos': (486, 201), 'window': None})>
2019-11-23 21:21:17,743 - BDM-WAM 1574544069.3801665 - INFO - <Event(4-MouseMotion {'rel': (-3, 0), 'buttons': (0, 0, 0), 'pos': (483, 201), 'window': None})>
2019-11-23 21:21:17,760 - BDM-WAM 1574544069.3801665 - INFO - <Event(4-MouseMotion {'rel': (-2, -1), 'buttons': (0, 0, 0), 'pos': (481, 200), 'window': None})>
2019-11-23 21:21:17,776 - BDM-WAM 1574544069.3801665 - INFO - <Event(4-MouseMotion {'rel': (-2, -1), 'buttons': (0, 0, 0), 'pos': (479, 199), 'window': None})>
2019-11-23 21:21:17,792 - BDM-WAM 1574544069.3801665 - INFO - <Event(4-MouseMotion {'rel': (-3, -2), 'buttons': (0, 0, 0), 'pos': (476, 197), 'window': None})>
2019-11-23 21:21:17,905 - BDM-WAM 1574544069.3801665 - INFO - <Event(4-MouseMotion {'rel': (-6, -5), 'buttons': (0, 0, 0), 'pos': (470, 192), 'window': None})>
2019-11-23 21:21:17,912 - BDM-WAM 1574544069.3801665 - INFO - <Event(4-MouseMotion {'rel': (0, -2), 'buttons': (0, 0, 0), 'pos': (470, 190), 'window': None})>
2019-11-23 21:21:18,017 - BDM-WAM 1574544069.3801665 - INFO - <Event(4-MouseMotion {'rel': (33, -32), 'buttons': (0, 0, 0), 'pos': (503, 158), 'window': None})>
2019-11-23 21:21:18,024 - BDM-WAM 1574544069.3801665 - INFO - <Event(4-MouseMotion {'rel': (1, 0), 'buttons': (0, 0, 0), 'pos': (504, 158), 'window': None})>
2019-11-23 21:21:18,129 - BDM-WAM 1574544069.3801665 - INFO - <Event(4-MouseMotion {'rel': (-5, 14), 'buttons': (0, 0, 0), 'pos': (499, 172), 'window': None})>
2019-11-23 21:21:18,134 - BDM-WAM 1574544069.3801665 - INFO - <Event(4-MouseMotion {'rel': (-4, 6), 'buttons': (0, 0, 0), 'pos': (495, 178), 'window': None})>
2019-11-23 21:21:18,148 - BDM-WAM 1574544069.3801665 - INFO - <Event(4-MouseMotion {'rel': (-44, 13), 'buttons': (0, 0, 0), 'pos': (451, 191), 'window': None})>
2019-11-23 21:21:18,165 - BDM-WAM 1574544069.3801665 - INFO - <Event(4-MouseMotion {'rel': (-49, 11), 'buttons': (0, 0, 0), 'pos': (402, 202), 'window': None})>
2019-11-23 21:21:18,183 - BDM-WAM 1574544069.3801665 - INFO - <Event(4-MouseMotion {'rel': (-77, 3), 'buttons': (0, 0, 0), 'pos': (325, 205), 'window': None})>
2019-11-23 21:21:18,199 - BDM-WAM 1574544069.3801665 - INFO - <Event(4-MouseMotion {'rel': (-35, -5), 'buttons': (0, 0, 0), 'pos': (290, 200), 'window': None})>
2019-11-23 21:21:18,217 - BDM-WAM 1574544069.3801665 - INFO - <Event(4-MouseMotion {'rel': (-12, -4), 'buttons': (0, 0, 0), 'pos': (278, 196), 'window': None})>
2019-11-23 21:21:18,233 - BDM-WAM 1574544069.3801665 - INFO - <Event(4-MouseMotion {'rel': (-4, -3), 'buttons': (0, 0, 0), 'pos': (274, 193), 'window': None})>
2019-11-23 21:21:18,250 - BDM-WAM 1574544069.3801665 - INFO - <Event(4-MouseMotion {'rel': (-4, -9), 'buttons': (0, 0, 0), 'pos': (270, 184), 'window': None})>
2019-11-23 21:21:18,267 - BDM-WAM 1574544069.3801665 - INFO - <Event(4-MouseMotion {'rel': (-3, -8), 'buttons': (0, 0, 0), 'pos': (267, 176), 'window': None})>
2019-11-23 21:21:18,283 - BDM-WAM 1574544069.3801665 - INFO - <Event(4-MouseMotion {'rel': (-4, -7), 'buttons': (0, 0, 0), 'pos': (263, 169), 'window': None})>
2019-11-23 21:21:18,302 - BDM-WAM 1574544069.3801665 - INFO - <Event(4-MouseMotion {'rel': (-3, -11), 'buttons': (0, 0, 0), 'pos': (260, 158), 'window': None})>
2019-11-23 21:21:18,317 - BDM-WAM 1574544069.3801665 - INFO - <Event(4-MouseMotion {'rel': (-7, -13), 'buttons': (0, 0, 0), 'pos': (253, 145), 'window': None})>
2019-11-23 21:21:18,334 - BDM-WAM 1574544069.3801665 - INFO - <Event(4-MouseMotion {'rel': (-5, -11), 'buttons': (0, 0, 0), 'pos': (248, 134), 'window': None})>
2019-11-23 21:21:18,351 - BDM-WAM 1574544069.3801665 - INFO - <Event(4-MouseMotion {'rel': (-3, -6), 'buttons': (0, 0, 0), 'pos': (245, 128), 'window': None})>
2019-11-23 21:21:18,368 - BDM-WAM 1574544069.3801665 - INFO - <Event(4-MouseMotion {'rel': (-6, -9), 'buttons': (0, 0, 0), 'pos': (239, 119), 'window': None})>
2019-11-23 21:21:18,385 - BDM-WAM 1574544069.3801665 - INFO - <Event(4-MouseMotion {'rel': (-9, -11), 'buttons': (0, 0, 0), 'pos': (230, 108), 'window': None})>
2019-11-23 21:21:18,402 - BDM-WAM 1574544069.3801665 - INFO - <Event(4-MouseMotion {'rel': (-9, -9), 'buttons': (0, 0, 0), 'pos': (221, 99), 'window': None})>
2019-11-23 21:21:18,420 - BDM-WAM 1574544069.3801665 - INFO - <Event(4-MouseMotion {'rel': (-19, -9), 'buttons': (0, 0, 0), 'pos': (202, 90), 'window': None})>
2019-11-23 21:21:18,436 - BDM-WAM 1574544069.3801665 - INFO - <Event(4-MouseMotion {'rel': (-24, -9), 'buttons': (0, 0, 0), 'pos': (178, 81), 'window': None})>
2019-11-23 21:21:18,454 - BDM-WAM 1574544069.3801665 - INFO - <Event(4-MouseMotion {'rel': (-15, -6), 'buttons': (0, 0, 0), 'pos': (163, 75), 'window': None})>
2019-11-23 21:21:18,470 - BDM-WAM 1574544069.3801665 - INFO - <Event(4-MouseMotion {'rel': (-2, 0), 'buttons': (0, 0, 0), 'pos': (161, 75), 'window': None})>
2019-11-23 21:21:18,556 - BDM-WAM 1574544069.3801665 - INFO - <Event(4-MouseMotion {'rel': (-4, 0), 'buttons': (0, 0, 0), 'pos': (157, 75), 'window': None})>
2019-11-23 21:21:18,591 - BDM-WAM 1574544069.3801665 - INFO - <Event(4-MouseMotion {'rel': (-1, 0), 'buttons': (0, 0, 0), 'pos': (156, 75), 'window': None})>
2019-11-23 21:21:18,661 - BDM-WAM 1574544069.3801665 - INFO - <Event(5-MouseButtonDown {'button': 1, 'pos': (156, 75), 'window': None})>
2019-11-23 21:21:18,661 - BDM-WAM 1574544069.3801665 - INFO - <Event(8-Pause {'reason': <bound method GameManager.pause of <game.GameManager object at 0x000001C8588E7F98>> })>
2019-11-23 21:21:19,428 - BDM-WAM 1574544069.3801665 - INFO - <Event(7-Rate {'hit_conf': 3 })>
2019-11-23 21:21:19,689 - BDM-WAM 1574544069.3801665 - INFO - <Event(7-Rate {'reward_conf': 3 })>
2019-11-23 21:21:19,832 - BDM-WAM 1574544069.3801665 - INFO - <Event(7-Rate {'player_skill': 3 })>
2019-11-23 21:21:19,832 - BDM-WAM 1574544069.3801665 - INFO - <Event(9.1-True Hit {'pos': (156,75),'distance: 68.8839603971781,'relative_loc: (61, 32),'window': None})>
2019-11-23 21:21:19,962 - BDM-WAM 1574544069.3801665 - INFO - <Event(3-KeyUp {'scancode': 4, 'key': 51, 'window': None, 'mod': 0})>
2019-11-23 21:21:20,114 - BDM-WAM 1574544069.3801665 - INFO - <Event(4-MouseMotion {'rel': (2, 3), 'buttons': (0, 0, 0), 'pos': (129, 291), 'window': None})>
2019-11-23 21:21:20,130 - BDM-WAM 1574544069.3801665 - INFO - <Event(4-MouseMotion {'rel': (12, 9), 'buttons': (0, 0, 0), 'pos': (141, 300), 'window': None})>
2019-11-23 21:21:20,243 - BDM-WAM 1574544069.3801665 - INFO - <Event(4-MouseMotion {'rel': (81, 61), 'buttons': (0, 0, 0), 'pos': (222, 361), 'window': None})>
2019-11-23 21:21:20,358 - BDM-WAM 1574544069.3801665 - INFO - <Event(4-MouseMotion {'rel': (-13, 20), 'buttons': (0, 0, 0), 'pos': (209, 381), 'window': None})>
2019-11-23 21:21:20,558 - BDM-WAM 1574544069.3801665 - INFO - <Event(4-MouseMotion {'rel': (-11, 7), 'buttons': (0, 0, 0), 'pos': (198, 388), 'window': None})>
2019-11-23 21:21:20,849 - BDM-WAM 1574544069.3801665 - INFO - <Event(4-MouseMotion {'rel': (-14, 23), 'buttons': (0, 0, 0), 'pos': (184, 411), 'window': None})>
2019-11-23 21:21:21,064 - BDM-WAM 1574544069.3801665 - INFO - <Event(4-MouseMotion {'rel': (6, 2), 'buttons': (0, 0, 0), 'pos': (190, 413), 'window': None})>
2019-11-23 21:21:21,081 - BDM-WAM 1574544069.3801665 - INFO - <Event(4-MouseMotion {'rel': (16, 2), 'buttons': (0, 0, 0), 'pos': (206, 415), 'window': None})>
2019-11-23 21:21:21,097 - BDM-WAM 1574544069.3801665 - INFO - <Event(4-MouseMotion {'rel': (39, 4), 'buttons': (0, 0, 0), 'pos': (245, 419), 'window': None})>
2019-11-23 21:21:21,114 - BDM-WAM 1574544069.3801665 - INFO - <Event(4-MouseMotion {'rel': (56, 14), 'buttons': (0, 0, 0), 'pos': (301, 433), 'window': None})>
2019-11-23 21:21:21,131 - BDM-WAM 1574544069.3801665 - INFO - <Event(4-MouseMotion {'rel': (66, 19), 'buttons': (0, 0, 0), 'pos': (367, 452), 'window': None})>
2019-11-23 21:21:21,148 - BDM-WAM 1574544069.3801665 - INFO - <Event(4-MouseMotion {'rel': (31, 7), 'buttons': (0, 0, 0), 'pos': (398, 459), 'window': None})>
2019-11-23 21:21:21,165 - BDM-WAM 1574544069.3801665 - INFO - <Event(4-MouseMotion {'rel': (1, 2), 'buttons': (0, 0, 0), 'pos': (399, 461), 'window': None})>
2019-11-23 21:21:21,216 - BDM-WAM 1574544069.3801665 - INFO - <Event(4-MouseMotion {'rel': (1, 1), 'buttons': (0, 0, 0), 'pos': (400, 462), 'window': None})>
2019-11-23 21:21:21,233 - BDM-WAM 1574544069.3801665 - INFO - <Event(4-MouseMotion {'rel': (17, 16), 'buttons': (0, 0, 0), 'pos': (417, 478), 'window': None})>
2019-11-23 21:21:21,250 - BDM-WAM 1574544069.3801665 - INFO - <Event(4-MouseMotion {'rel': (29, 24), 'buttons': (0, 0, 0), 'pos': (446, 502), 'window': None})>
2019-11-23 21:21:21,267 - BDM-WAM 1574544069.3801665 - INFO - <Event(4-MouseMotion {'rel': (25, 17), 'buttons': (0, 0, 0), 'pos': (471, 519), 'window': None})>
2019-11-23 21:21:21,284 - BDM-WAM 1574544069.3801665 - INFO - <Event(4-MouseMotion {'rel': (12, 8), 'buttons': (0, 0, 0), 'pos': (483, 527), 'window': None})>
2019-11-23 21:21:21,302 - BDM-WAM 1574544069.3801665 - INFO - <Event(4-MouseMotion {'rel': (6, 4), 'buttons': (0, 0, 0), 'pos': (489, 531), 'window': None})>
2019-11-23 21:21:21,335 - BDM-WAM 1574544069.3801665 - INFO - <Event(4-MouseMotion {'rel': (2, 1), 'buttons': (0, 0, 0), 'pos': (491, 532), 'window': None})>
2019-11-23 21:21:21,352 - BDM-WAM 1574544069.3801665 - INFO - <Event(4-MouseMotion {'rel': (5, 2), 'buttons': (0, 0, 0), 'pos': (496, 534), 'window': None})>
2019-11-23 21:21:21,369 - BDM-WAM 1574544069.3801665 - INFO - <Event(4-MouseMotion {'rel': (7, 3), 'buttons': (0, 0, 0), 'pos': (503, 537), 'window': None})>
2019-11-23 21:21:21,386 - BDM-WAM 1574544069.3801665 - INFO - <Event(4-MouseMotion {'rel': (4, 2), 'buttons': (0, 0, 0), 'pos': (507, 539), 'window': None})>
2019-11-23 21:21:21,403 - BDM-WAM 1574544069.3801665 - INFO - <Event(4-MouseMotion {'rel': (1, 0), 'buttons': (0, 0, 0), 'pos': (508, 539), 'window': None})>
2019-11-23 21:21:21,471 - BDM-WAM 1574544069.3801665 - INFO - <Event(5-MouseButtonDown {'button': 1, 'pos': (508, 539), 'window': None})>
2019-11-23 21:21:21,471 - BDM-WAM 1574544069.3801665 - INFO - <Event(9.4-True Miss {'pos': (508,539),'distance: 120.06664815842908,'relative_loc: (104, 60),'window': None})>
2019-11-23 21:21:21,537 - BDM-WAM 1574544069.3801665 - INFO - <Event(4-MouseMotion {'rel': (-6, 2), 'buttons': (1, 0, 0), 'pos': (502, 541), 'window': None})>
2019-11-23 21:21:21,554 - BDM-WAM 1574544069.3801665 - INFO - <Event(4-MouseMotion {'rel': (-6, 0), 'buttons': (1, 0, 0), 'pos': (496, 541), 'window': None})>
2019-11-23 21:21:21,572 - BDM-WAM 1574544069.3801665 - INFO - <Event(6-MouseButtonUp {'button': 1, 'pos': (494, 541), 'window': None})>
2019-11-23 21:21:21,572 - BDM-WAM 1574544069.3801665 - INFO - <Event(4-MouseMotion {'rel': (-13, -2), 'buttons': (0, 0, 0), 'pos': (481, 539), 'window': None})>
2019-11-23 21:21:21,588 - BDM-WAM 1574544069.3801665 - INFO - <Event(4-MouseMotion {'rel': (-7, -1), 'buttons': (0, 0, 0), 'pos': (474, 538), 'window': None})>
2019-11-23 21:21:21,605 - BDM-WAM 1574544069.3801665 - INFO - <Event(4-MouseMotion {'rel': (-5, 0), 'buttons': (0, 0, 0), 'pos': (469, 538), 'window': None})>
2019-11-23 21:21:21,622 - BDM-WAM 1574544069.3801665 - INFO - <Event(4-MouseMotion {'rel': (-1, 0), 'buttons': (0, 0, 0), 'pos': (468, 538), 'window': None})>
2019-11-23 21:21:21,776 - BDM-WAM 1574544069.3801665 - INFO - <Event(5-MouseButtonDown {'button': 1, 'pos': (468, 538), 'window': None})>
2019-11-23 21:21:21,776 - BDM-WAM 1574544069.3801665 - INFO - <Event(8-Pause {'reason': <bound method GameManager.pause of <game.GameManager object at 0x000001C8588E7F98>> })>
2019-11-23 21:21:22,779 - BDM-WAM 1574544069.3801665 - INFO - <Event(8-Pause {'reason': <bound method GameManager.pause of <game.GameManager object at 0x000001C8588E7F98>> })>
2019-11-23 21:21:23,739 - BDM-WAM 1574544069.3801665 - INFO - <Event(7-Rate {'hit_conf': 1 })>
2019-11-23 21:21:23,925 - BDM-WAM 1574544069.3801665 - INFO - <Event(7-Rate {'reward_conf': 1 })>
2019-11-23 21:21:24,070 - BDM-WAM 1574544069.3801665 - INFO - <Event(7-Rate {'player_skill': 1 })>
2019-11-23 21:21:24,070 - BDM-WAM 1574544069.3801665 - INFO - <Event(9.1-True Hit {'pos': (468,538),'distance: 87.04596486914255,'relative_loc: (64, 59),'window': None})>
2019-11-23 21:21:24,167 - BDM-WAM 1574544069.3801665 - INFO - <Event(3-KeyUp {'scancode': 2, 'key': 49, 'window': None, 'mod': 0})>
2019-11-23 21:21:24,459 - BDM-WAM 1574544069.3801665 - INFO - <Event(4-MouseMotion {'rel': (-6, 2), 'buttons': (0, 0, 0), 'pos': (628, 359), 'window': None})>
2019-11-23 21:21:24,470 - BDM-WAM 1574544069.3801665 - INFO - <Event(4-MouseMotion {'rel': (-1, 0), 'buttons': (0, 0, 0), 'pos': (627, 359), 'window': None})>
2019-11-23 21:21:24,566 - BDM-WAM 1574544069.3801665 - INFO - <Event(4-MouseMotion {'rel': (-2, 1), 'buttons': (0, 0, 0), 'pos': (625, 360), 'window': None})>
2019-11-23 21:21:24,735 - BDM-WAM 1574544069.3801665 - INFO - <Event(4-MouseMotion {'rel': (-21, 20), 'buttons': (0, 0, 0), 'pos': (604, 380), 'window': None})>
2019-11-23 21:21:24,752 - BDM-WAM 1574544069.3801665 - INFO - <Event(4-MouseMotion {'rel': (-4, 5), 'buttons': (0, 0, 0), 'pos': (600, 385), 'window': None})>
2019-11-23 21:21:24,769 - BDM-WAM 1574544069.3801665 - INFO - <Event(4-MouseMotion {'rel': (-7, 6), 'buttons': (0, 0, 0), 'pos': (593, 391), 'window': None})>
2019-11-23 21:21:24,786 - BDM-WAM 1574544069.3801665 - INFO - <Event(4-MouseMotion {'rel': (-6, 6), 'buttons': (0, 0, 0), 'pos': (587, 397), 'window': None})>
2019-11-23 21:21:24,802 - BDM-WAM 1574544069.3801665 - INFO - <Event(4-MouseMotion {'rel': (-6, 6), 'buttons': (0, 0, 0), 'pos': (581, 403), 'window': None})>
2019-11-23 21:21:24,819 - BDM-WAM 1574544069.3801665 - INFO - <Event(4-MouseMotion {'rel': (-2, 0), 'buttons': (0, 0, 0), 'pos': (579, 403), 'window': None})>
2019-11-23 21:21:24,836 - BDM-WAM 1574544069.3801665 - INFO - <Event(4-MouseMotion {'rel': (0, 1), 'buttons': (0, 0, 0), 'pos': (579, 404), 'window': None})>
2019-11-23 21:21:25,082 - BDM-WAM 1574544069.3801665 - INFO - <Event(4-MouseMotion {'rel': (21, -56), 'buttons': (0, 0, 0), 'pos': (600, 348), 'window': None})>
2019-11-23 21:21:25,087 - BDM-WAM 1574544069.3801665 - INFO - <Event(4-MouseMotion {'rel': (1, -3), 'buttons': (0, 0, 0), 'pos': (601, 345), 'window': None})>
2019-11-23 21:21:25,188 - BDM-WAM 1574544069.3801665 - INFO - <Event(4-MouseMotion {'rel': (13, -26), 'buttons': (0, 0, 0), 'pos': (614, 319), 'window': None})>
2019-11-23 21:21:25,293 - BDM-WAM 1574544069.3801665 - INFO - <Event(4-MouseMotion {'rel': (-13, -4), 'buttons': (0, 0, 0), 'pos': (601, 315), 'window': None})>
2019-11-23 21:21:25,298 - BDM-WAM 1574544069.3801665 - INFO - <Event(4-MouseMotion {'rel': (-1, 0), 'buttons': (0, 0, 0), 'pos': (600, 315), 'window': None})>
2019-11-23 21:21:25,348 - BDM-WAM 1574544069.3801665 - INFO - <Event(4-MouseMotion {'rel': (4, 3), 'buttons': (0, 0, 0), 'pos': (604, 318), 'window': None})>
2019-11-23 21:21:25,366 - BDM-WAM 1574544069.3801665 - INFO - <Event(4-MouseMotion {'rel': (37, 47), 'buttons': (0, 0, 0), 'pos': (641, 365), 'window': None})>
2019-11-23 21:21:25,382 - BDM-WAM 1574544069.3801665 - INFO - <Event(4-MouseMotion {'rel': (35, 55), 'buttons': (0, 0, 0), 'pos': (676, 420), 'window': None})>
2019-11-23 21:21:25,400 - BDM-WAM 1574544069.3801665 - INFO - <Event(4-MouseMotion {'rel': (29, 35), 'buttons': (0, 0, 0), 'pos': (705, 455), 'window': None})>
2019-11-23 21:21:25,416 - BDM-WAM 1574544069.3801665 - INFO - <Event(4-MouseMotion {'rel': (14, 19), 'buttons': (0, 0, 0), 'pos': (719, 474), 'window': None})>
2019-11-23 21:21:25,433 - BDM-WAM 1574544069.3801665 - INFO - <Event(4-MouseMotion {'rel': (3, 4), 'buttons': (0, 0, 0), 'pos': (722, 478), 'window': None})>
2019-11-23 21:21:25,550 - BDM-WAM 1574544069.3801665 - INFO - <Event(4-MouseMotion {'rel': (-5, -4), 'buttons': (0, 0, 0), 'pos': (717, 474), 'window': None})>
2019-11-23 21:21:25,567 - BDM-WAM 1574544069.3801665 - INFO - <Event(4-MouseMotion {'rel': (-6, -14), 'buttons': (0, 0, 0), 'pos': (711, 460), 'window': None})>
2019-11-23 21:21:25,583 - BDM-WAM 1574544069.3801665 - INFO - <Event(4-MouseMotion {'rel': (-6, -11), 'buttons': (0, 0, 0), 'pos': (705, 449), 'window': None})>
2019-11-23 21:21:25,600 - BDM-WAM 1574544069.3801665 - INFO - <Event(4-MouseMotion {'rel': (-4, -10), 'buttons': (0, 0, 0), 'pos': (701, 439), 'window': None})>
2019-11-23 21:21:25,617 - BDM-WAM 1574544069.3801665 - INFO - <Event(4-MouseMotion {'rel': (-3, -7), 'buttons': (0, 0, 0), 'pos': (698, 432), 'window': None})>
2019-11-23 21:21:25,635 - BDM-WAM 1574544069.3801665 - INFO - <Event(4-MouseMotion {'rel': (-1, -5), 'buttons': (0, 0, 0), 'pos': (697, 427), 'window': None})>
2019-11-23 21:21:25,652 - BDM-WAM 1574544069.3801665 - INFO - <Event(4-MouseMotion {'rel': (-2, -2), 'buttons': (0, 0, 0), 'pos': (695, 425), 'window': None})>
2019-11-23 21:21:25,668 - BDM-WAM 1574544069.3801665 - INFO - <Event(4-MouseMotion {'rel': (0, -3), 'buttons': (0, 0, 0), 'pos': (695, 422), 'window': None})>
2019-11-23 21:21:25,685 - BDM-WAM 1574544069.3801665 - INFO - <Event(4-MouseMotion {'rel': (0, -3), 'buttons': (0, 0, 0), 'pos': (695, 419), 'window': None})>
2019-11-23 21:21:25,702 - BDM-WAM 1574544069.3801665 - INFO - <Event(4-MouseMotion {'rel': (0, -1), 'buttons': (0, 0, 0), 'pos': (695, 418), 'window': None})>
2019-11-23 21:21:25,788 - BDM-WAM 1574544069.3801665 - INFO - <Event(5-MouseButtonDown {'button': 1, 'pos': (695, 418), 'window': None})>
2019-11-23 21:21:25,788 - BDM-WAM 1574544069.3801665 - INFO - <Event(9.1-True Hit {'pos': (695,418),'distance: 78.64477096412705,'relative_loc: (59, 52),'window': None})>
2019-11-23 21:21:25,904 - BDM-WAM 1574544069.3801665 - INFO - <Event(6-MouseButtonUp {'button': 1, 'pos': (695, 418), 'window': None})>
2019-11-23 21:21:26,474 - BDM-WAM 1574544069.3801665 - INFO - <Event(4-MouseMotion {'rel': (-20, -81), 'buttons': (0, 0, 0), 'pos': (675, 337), 'window': None})>
2019-11-23 21:21:26,490 - BDM-WAM 1574544069.3801665 - INFO - <Event(4-MouseMotion {'rel': (-1, -6), 'buttons': (0, 0, 0), 'pos': (674, 331), 'window': None})>
2019-11-23 21:21:26,509 - BDM-WAM 1574544069.3801665 - INFO - <Event(4-MouseMotion {'rel': (0, -4), 'buttons': (0, 0, 0), 'pos': (674, 327), 'window': None})>
2019-11-23 21:21:26,525 - BDM-WAM 1574544069.3801665 - INFO - <Event(4-MouseMotion {'rel': (0, -1), 'buttons': (0, 0, 0), 'pos': (674, 326), 'window': None})>
2019-11-23 21:21:26,542 - BDM-WAM 1574544069.3801665 - INFO - <Event(4-MouseMotion {'rel': (0, -1), 'buttons': (0, 0, 0), 'pos': (674, 325), 'window': None})>
2019-11-23 21:21:26,559 - BDM-WAM 1574544069.3801665 - INFO - <Event(4-MouseMotion {'rel': (0, -1), 'buttons': (0, 0, 0), 'pos': (674, 324), 'window': None})>
2019-11-23 21:21:26,576 - BDM-WAM 1574544069.3801665 - INFO - <Event(4-MouseMotion {'rel': (-1, -1), 'buttons': (0, 0, 0), 'pos': (673, 323), 'window': None})>
2019-11-23 21:21:26,593 - BDM-WAM 1574544069.3801665 - INFO - <Event(4-MouseMotion {'rel': (0, -3), 'buttons': (0, 0, 0), 'pos': (673, 320), 'window': None})>
2019-11-23 21:21:26,610 - BDM-WAM 1574544069.3801665 - INFO - <Event(4-MouseMotion {'rel': (-2, -4), 'buttons': (0, 0, 0), 'pos': (671, 316), 'window': None})>
2019-11-23 21:21:26,627 - BDM-WAM 1574544069.3801665 - INFO - <Event(4-MouseMotion {'rel': (-3, -4), 'buttons': (0, 0, 0), 'pos': (668, 312), 'window': None})>
2019-11-23 21:21:26,644 - BDM-WAM 1574544069.3801665 - INFO - <Event(4-MouseMotion {'rel': (-3, -2), 'buttons': (0, 0, 0), 'pos': (665, 310), 'window': None})>
2019-11-23 21:21:26,662 - BDM-WAM 1574544069.3801665 - INFO - <Event(4-MouseMotion {'rel': (-2, -1), 'buttons': (0, 0, 0), 'pos': (663, 309), 'window': None})>
2019-11-23 21:21:26,678 - BDM-WAM 1574544069.3801665 - INFO - <Event(4-MouseMotion {'rel': (-13, -3), 'buttons': (0, 0, 0), 'pos': (650, 306), 'window': None})>
2019-11-23 21:21:26,695 - BDM-WAM 1574544069.3801665 - INFO - <Event(4-MouseMotion {'rel': (-26, -3), 'buttons': (0, 0, 0), 'pos': (624, 303), 'window': None})>
2019-11-23 21:21:26,714 - BDM-WAM 1574544069.3801665 - INFO - <Event(4-MouseMotion {'rel': (-22, 0), 'buttons': (0, 0, 0), 'pos': (602, 303), 'window': None})>
2019-11-23 21:21:26,828 - BDM-WAM 1574544069.3801665 - INFO - <Event(4-MouseMotion {'rel': (-141, 26), 'buttons': (0, 0, 0), 'pos': (461, 329), 'window': None})>
2019-11-23 21:21:26,925 - BDM-WAM 1574544069.3801665 - INFO - <Event(4-MouseMotion {'rel': (-54, 25), 'buttons': (0, 0, 0), 'pos': (407, 354), 'window': None})>
2019-11-23 21:21:27,026 - BDM-WAM 1574544069.3801665 - INFO - <Event(4-MouseMotion {'rel': (4, 0), 'buttons': (0, 0, 0), 'pos': (411, 354), 'window': None})>
2019-11-23 21:21:27,032 - BDM-WAM 1574544069.3801665 - INFO - <Event(4-MouseMotion {'rel': (1, 0), 'buttons': (0, 0, 0), 'pos': (412, 354), 'window': None})>
2019-11-23 21:21:27,052 - BDM-WAM 1574544069.3801665 - INFO - <Event(4-MouseMotion {'rel': (8, 1), 'buttons': (0, 0, 0), 'pos': (420, 355), 'window': None})>
2019-11-23 21:21:27,065 - BDM-WAM 1574544069.3801665 - INFO - <Event(4-MouseMotion {'rel': (5, 1), 'buttons': (0, 0, 0), 'pos': (425, 356), 'window': None})>
2019-11-23 21:21:27,081 - BDM-WAM 1574544069.3801665 - INFO - <Event(4-MouseMotion {'rel': (8, -1), 'buttons': (0, 0, 0), 'pos': (433, 355), 'window': None})>
2019-11-23 21:21:27,099 - BDM-WAM 1574544069.3801665 - INFO - <Event(4-MouseMotion {'rel': (27, -6), 'buttons': (0, 0, 0), 'pos': (460, 349), 'window': None})>
2019-11-23 21:21:27,115 - BDM-WAM 1574544069.3801665 - INFO - <Event(4-MouseMotion {'rel': (41, -6), 'buttons': (0, 0, 0), 'pos': (501, 343), 'window': None})>
2019-11-23 21:21:27,133 - BDM-WAM 1574544069.3801665 - INFO - <Event(4-MouseMotion {'rel': (16, -1), 'buttons': (0, 0, 0), 'pos': (517, 342), 'window': None})>
2019-11-23 21:21:27,148 - BDM-WAM 1574544069.3801665 - INFO - <Event(4-MouseMotion {'rel': (8, 0), 'buttons': (0, 0, 0), 'pos': (525, 342), 'window': None})>
2019-11-23 21:21:27,233 - BDM-WAM 1574544069.3801665 - INFO - <Event(4-MouseMotion {'rel': (1, 2), 'buttons': (0, 0, 0), 'pos': (526, 344), 'window': None})>
2019-11-23 21:21:27,253 - BDM-WAM 1574544069.3801665 - INFO - <Event(4-MouseMotion {'rel': (12, 17), 'buttons': (0, 0, 0), 'pos': (538, 361), 'window': None})>
2019-11-23 21:21:27,268 - BDM-WAM 1574544069.3801665 - INFO - <Event(4-MouseMotion {'rel': (19, 16), 'buttons': (0, 0, 0), 'pos': (557, 377), 'window': None})>
2019-11-23 21:21:27,285 - BDM-WAM 1574544069.3801665 - INFO - <Event(4-MouseMotion {'rel': (28, 21), 'buttons': (0, 0, 0), 'pos': (585, 398), 'window': None})>
2019-11-23 21:21:27,302 - BDM-WAM 1574544069.3801665 - INFO - <Event(4-MouseMotion {'rel': (41, 30), 'buttons': (0, 0, 0), 'pos': (626, 428), 'window': None})>
2019-11-23 21:21:27,318 - BDM-WAM 1574544069.3801665 - INFO - <Event(4-MouseMotion {'rel': (41, 26), 'buttons': (0, 0, 0), 'pos': (667, 454), 'window': None})>
2019-11-23 21:21:27,335 - BDM-WAM 1574544069.3801665 - INFO - <Event(4-MouseMotion {'rel': (18, 9), 'buttons': (0, 0, 0), 'pos': (685, 463), 'window': None})>
2019-11-23 21:21:27,352 - BDM-WAM 1574544069.3801665 - INFO - <Event(4-MouseMotion {'rel': (4, 1), 'buttons': (0, 0, 0), 'pos': (689, 464), 'window': None})>
2019-11-23 21:21:27,369 - BDM-WAM 1574544069.3801665 - INFO - <Event(4-MouseMotion {'rel': (1, 0), 'buttons': (0, 0, 0), 'pos': (690, 464), 'window': None})>
2019-11-23 21:21:27,386 - BDM-WAM 1574544069.3801665 - INFO - <Event(4-MouseMotion {'rel': (1, 0), 'buttons': (0, 0, 0), 'pos': (691, 464), 'window': None})>
2019-11-23 21:21:27,403 - BDM-WAM 1574544069.3801665 - INFO - <Event(4-MouseMotion {'rel': (1, 0), 'buttons': (0, 0, 0), 'pos': (692, 464), 'window': None})>
2019-11-23 21:21:27,505 - BDM-WAM 1574544069.3801665 - INFO - <Event(4-MouseMotion {'rel': (5, -10), 'buttons': (0, 0, 0), 'pos': (697, 454), 'window': None})>
2019-11-23 21:21:27,523 - BDM-WAM 1574544069.3801665 - INFO - <Event(4-MouseMotion {'rel': (2, -8), 'buttons': (0, 0, 0), 'pos': (699, 446), 'window': None})>
2019-11-23 21:21:27,539 - BDM-WAM 1574544069.3801665 - INFO - <Event(4-MouseMotion {'rel': (0, -7), 'buttons': (0, 0, 0), 'pos': (699, 439), 'window': None})>
2019-11-23 21:21:27,556 - BDM-WAM 1574544069.3801665 - INFO - <Event(4-MouseMotion {'rel': (-3, -10), 'buttons': (0, 0, 0), 'pos': (696, 429), 'window': None})>
2019-11-23 21:21:27,574 - BDM-WAM 1574544069.3801665 - INFO - <Event(4-MouseMotion {'rel': (-1, -6), 'buttons': (0, 0, 0), 'pos': (695, 423), 'window': None})>
2019-11-23 21:21:27,590 - BDM-WAM 1574544069.3801665 - INFO - <Event(4-MouseMotion {'rel': (0, -1), 'buttons': (0, 0, 0), 'pos': (695, 422), 'window': None})>
2019-11-23 21:21:27,659 - BDM-WAM 1574544069.3801665 - INFO - <Event(5-MouseButtonDown {'button': 1, 'pos': (695, 422), 'window': None})>
2019-11-23 21:21:27,659 - BDM-WAM 1574544069.3801665 - INFO - <Event(8-Pause {'reason': <bound method GameManager.pause of <game.GameManager object at 0x000001C8588E7F98>> })>
2019-11-23 21:21:28,409 - BDM-WAM 1574544069.3801665 - INFO - <Event(7-Rate {'hit_conf': 1 })>
2019-11-23 21:21:28,657 - BDM-WAM 1574544069.3801665 - INFO - <Event(7-Rate {'reward_conf': 1 })>
2019-11-23 21:21:28,837 - BDM-WAM 1574544069.3801665 - INFO - <Event(7-Rate {'player_skill': 1 })>
2019-11-23 21:21:28,837 - BDM-WAM 1574544069.3801665 - INFO - <Event(9.1-True Hit {'pos': (695,422),'distance: 81.34494452638098,'relative_loc: (59, 56),'window': None})>
2019-11-23 21:21:28,948 - BDM-WAM 1574544069.3801665 - INFO - <Event(3-KeyUp {'scancode': 2, 'key': 49, 'window': None, 'mod': 0})>
2019-11-23 21:21:28,969 - BDM-WAM 1574544069.3801665 - INFO - <Event(4-MouseMotion {'rel': (-1, 1), 'buttons': (0, 0, 0), 'pos': (676, 439), 'window': None})>
2019-11-23 21:21:28,986 - BDM-WAM 1574544069.3801665 - INFO - <Event(4-MouseMotion {'rel': (-4, 3), 'buttons': (0, 0, 0), 'pos': (672, 442), 'window': None})>
2019-11-23 21:21:29,004 - BDM-WAM 1574544069.3801665 - INFO - <Event(4-MouseMotion {'rel': (-4, 1), 'buttons': (0, 0, 0), 'pos': (668, 443), 'window': None})>
2019-11-23 21:21:29,020 - BDM-WAM 1574544069.3801665 - INFO - <Event(4-MouseMotion {'rel': (-3, 0), 'buttons': (0, 0, 0), 'pos': (665, 443), 'window': None})>
2019-11-23 21:21:29,036 - BDM-WAM 1574544069.3801665 - INFO - <Event(4-MouseMotion {'rel': (-3, 1), 'buttons': (0, 0, 0), 'pos': (662, 444), 'window': None})>
2019-11-23 21:21:29,053 - BDM-WAM 1574544069.3801665 - INFO - <Event(4-MouseMotion {'rel': (-6, 0), 'buttons': (0, 0, 0), 'pos': (656, 444), 'window': None})>
2019-11-23 21:21:29,070 - BDM-WAM 1574544069.3801665 - INFO - <Event(4-MouseMotion {'rel': (-6, 0), 'buttons': (0, 0, 0), 'pos': (650, 444), 'window': None})>
2019-11-23 21:21:29,086 - BDM-WAM 1574544069.3801665 - INFO - <Event(4-MouseMotion {'rel': (-11, -1), 'buttons': (0, 0, 0), 'pos': (639, 443), 'window': None})>
2019-11-23 21:21:29,103 - BDM-WAM 1574544069.3801665 - INFO - <Event(4-MouseMotion {'rel': (-15, -2), 'buttons': (0, 0, 0), 'pos': (624, 441), 'window': None})>
2019-11-23 21:21:29,121 - BDM-WAM 1574544069.3801665 - INFO - <Event(4-MouseMotion {'rel': (-20, -3), 'buttons': (0, 0, 0), 'pos': (604, 438), 'window': None})>
2019-11-23 21:21:29,138 - BDM-WAM 1574544069.3801665 - INFO - <Event(4-MouseMotion {'rel': (-10, -3), 'buttons': (0, 0, 0), 'pos': (594, 435), 'window': None})>
2019-11-23 21:21:29,235 - BDM-WAM 1574544069.3801665 - INFO - <Event(4-MouseMotion {'rel': (-3, 0), 'buttons': (0, 0, 0), 'pos': (591, 435), 'window': None})>
2019-11-23 21:21:29,240 - BDM-WAM 1574544069.3801665 - INFO - <Event(4-MouseMotion {'rel': (-1, -1), 'buttons': (0, 0, 0), 'pos': (590, 434), 'window': None})>
2019-11-23 21:21:29,256 - BDM-WAM 1574544069.3801665 - INFO - <Event(4-MouseMotion {'rel': (-8, -2), 'buttons': (0, 0, 0), 'pos': (582, 432), 'window': None})>
2019-11-23 21:21:29,366 - BDM-WAM 1574544069.3801665 - INFO - <Event(4-MouseMotion {'rel': (-66, -33), 'buttons': (0, 0, 0), 'pos': (516, 399), 'window': None})>
2019-11-23 21:21:29,528 - BDM-WAM 1574544069.3801665 - INFO - <Event(4-MouseMotion {'rel': (-4, 0), 'buttons': (0, 0, 0), 'pos': (512, 399), 'window': None})>
2019-11-23 21:21:29,544 - BDM-WAM 1574544069.3801665 - INFO - <Event(4-MouseMotion {'rel': (-3, -4), 'buttons': (0, 0, 0), 'pos': (509, 395), 'window': None})>
2019-11-23 21:21:29,561 - BDM-WAM 1574544069.3801665 - INFO - <Event(4-MouseMotion {'rel': (-1, -4), 'buttons': (0, 0, 0), 'pos': (508, 391), 'window': None})>
2019-11-23 21:21:29,595 - BDM-WAM 1574544069.3801665 - INFO - <Event(4-MouseMotion {'rel': (-2, -3), 'buttons': (0, 0, 0), 'pos': (506, 388), 'window': None})>
2019-11-23 21:21:29,612 - BDM-WAM 1574544069.3801665 - INFO - <Event(4-MouseMotion {'rel': (-4, -5), 'buttons': (0, 0, 0), 'pos': (502, 383), 'window': None})>
2019-11-23 21:21:29,629 - BDM-WAM 1574544069.3801665 - INFO - <Event(4-MouseMotion {'rel': (-8, -12), 'buttons': (0, 0, 0), 'pos': (494, 371), 'window': None})>
2019-11-23 21:21:29,646 - BDM-WAM 1574544069.3801665 - INFO - <Event(4-MouseMotion {'rel': (-9, -12), 'buttons': (0, 0, 0), 'pos': (485, 359), 'window': None})>
2019-11-23 21:21:29,662 - BDM-WAM 1574544069.3801665 - INFO - <Event(4-MouseMotion {'rel': (-5, -7), 'buttons': (0, 0, 0), 'pos': (480, 352), 'window': None})>
2019-11-23 21:21:29,679 - BDM-WAM 1574544069.3801665 - INFO - <Event(4-MouseMotion {'rel': (-2, -5), 'buttons': (0, 0, 0), 'pos': (478, 347), 'window': None})>
2019-11-23 21:21:29,696 - BDM-WAM 1574544069.3801665 - INFO - <Event(4-MouseMotion {'rel': (-3, -7), 'buttons': (0, 0, 0), 'pos': (475, 340), 'window': None})>
2019-11-23 21:21:29,713 - BDM-WAM 1574544069.3801665 - INFO - <Event(4-MouseMotion {'rel': (-4, -12), 'buttons': (0, 0, 0), 'pos': (471, 328), 'window': None})>
2019-11-23 21:21:29,730 - BDM-WAM 1574544069.3801665 - INFO - <Event(4-MouseMotion {'rel': (-5, -16), 'buttons': (0, 0, 0), 'pos': (466, 312), 'window': None})>
2019-11-23 21:21:29,747 - BDM-WAM 1574544069.3801665 - INFO - <Event(4-MouseMotion {'rel': (-4, -14), 'buttons': (0, 0, 0), 'pos': (462, 298), 'window': None})>
2019-11-23 21:21:29,764 - BDM-WAM 1574544069.3801665 - INFO - <Event(4-MouseMotion {'rel': (-11, -25), 'buttons': (0, 0, 0), 'pos': (451, 273), 'window': None})>
2019-11-23 21:21:29,870 - BDM-WAM 1574544069.3801665 - INFO - <Event(4-MouseMotion {'rel': (-19, -29), 'buttons': (0, 0, 0), 'pos': (432, 244), 'window': None})>
2019-11-23 21:21:29,973 - BDM-WAM 1574544069.3801665 - INFO - <Event(4-MouseMotion {'rel': (-8, -4), 'buttons': (0, 0, 0), 'pos': (424, 240), 'window': None})>
2019-11-23 21:21:30,072 - BDM-WAM 1574544069.3801665 - INFO - <Event(4-MouseMotion {'rel': (0, -6), 'buttons': (0, 0, 0), 'pos': (424, 234), 'window': None})>
2019-11-23 21:21:30,077 - BDM-WAM 1574544069.3801665 - INFO - <Event(4-MouseMotion {'rel': (0, -2), 'buttons': (0, 0, 0), 'pos': (424, 232), 'window': None})>
2019-11-23 21:21:30,092 - BDM-WAM 1574544069.3801665 - INFO - <Event(4-MouseMotion {'rel': (0, -6), 'buttons': (0, 0, 0), 'pos': (424, 226), 'window': None})>
2019-11-23 21:21:30,109 - BDM-WAM 1574544069.3801665 - INFO - <Event(4-MouseMotion {'rel': (-10, -17), 'buttons': (0, 0, 0), 'pos': (414, 209), 'window': None})>
2019-11-23 21:21:30,126 - BDM-WAM 1574544069.3801665 - INFO - <Event(4-MouseMotion {'rel': (-33, -23), 'buttons': (0, 0, 0), 'pos': (381, 186), 'window': None})>
2019-11-23 21:21:30,145 - BDM-WAM 1574544069.3801665 - INFO - <Event(4-MouseMotion {'rel': (-41, -22), 'buttons': (0, 0, 0), 'pos': (340, 164), 'window': None})>
2019-11-23 21:21:30,159 - BDM-WAM 1574544069.3801665 - INFO - <Event(4-MouseMotion {'rel': (-33, -15), 'buttons': (0, 0, 0), 'pos': (307, 149), 'window': None})>
2019-11-23 21:21:30,176 - BDM-WAM 1574544069.3801665 - INFO - <Event(4-MouseMotion {'rel': (-32, -8), 'buttons': (0, 0, 0), 'pos': (275, 141), 'window': None})>
2019-11-23 21:21:30,193 - BDM-WAM 1574544069.3801665 - INFO - <Event(4-MouseMotion {'rel': (-15, -4), 'buttons': (0, 0, 0), 'pos': (260, 137), 'window': None})>
2019-11-23 21:21:30,210 - BDM-WAM 1574544069.3801665 - INFO - <Event(4-MouseMotion {'rel': (0, -1), 'buttons': (0, 0, 0), 'pos': (260, 136), 'window': None})>
2019-11-23 21:21:30,364 - BDM-WAM 1574544069.3801665 - INFO - <Event(5-MouseButtonDown {'button': 1, 'pos': (260, 136), 'window': None})>
2019-11-23 21:21:30,364 - BDM-WAM 1574544069.3801665 - INFO - <Event(9.4-True Miss {'pos': (260,136),'distance: 189.40432941197517,'relative_loc: (165, 93),'window': None})>
2019-11-23 21:21:30,481 - BDM-WAM 1574544069.3801665 - INFO - <Event(6-MouseButtonUp {'button': 1, 'pos': (260, 136), 'window': None})>
2019-11-23 21:21:30,549 - BDM-WAM 1574544069.3801665 - INFO - <Event(4-MouseMotion {'rel': (-14, -7), 'buttons': (0, 0, 0), 'pos': (246, 129), 'window': None})>
2019-11-23 21:21:30,566 - BDM-WAM 1574544069.3801665 - INFO - <Event(4-MouseMotion {'rel': (-27, -10), 'buttons': (0, 0, 0), 'pos': (219, 119), 'window': None})>
2019-11-23 21:21:30,584 - BDM-WAM 1574544069.3801665 - INFO - <Event(4-MouseMotion {'rel': (-35, -17), 'buttons': (0, 0, 0), 'pos': (184, 102), 'window': None})>
2019-11-23 21:21:30,600 - BDM-WAM 1574544069.3801665 - INFO - <Event(4-MouseMotion {'rel': (-22, -11), 'buttons': (0, 0, 0), 'pos': (162, 91), 'window': None})>
2019-11-23 21:21:30,619 - BDM-WAM 1574544069.3801665 - INFO - <Event(4-MouseMotion {'rel': (-19, -11), 'buttons': (0, 0, 0), 'pos': (143, 80), 'window': None})>
2019-11-23 21:21:30,638 - BDM-WAM 1574544069.3801665 - INFO - <Event(4-MouseMotion {'rel': (-7, -1), 'buttons': (0, 0, 0), 'pos': (136, 79), 'window': None})>
2019-11-23 21:21:30,653 - BDM-WAM 1574544069.3801665 - INFO - <Event(4-MouseMotion {'rel': (-2, 0), 'buttons': (0, 0, 0), 'pos': (134, 79), 'window': None})>
2019-11-23 21:21:30,704 - BDM-WAM 1574544069.3801665 - INFO - <Event(5-MouseButtonDown {'button': 1, 'pos': (134, 79), 'window': None})>
2019-11-23 21:21:30,705 - BDM-WAM 1574544069.3801665 - INFO - <Event(8-Pause {'reason': <bound method GameManager.pause of <game.GameManager object at 0x000001C8588E7F98>> })>
2019-11-23 21:21:31,556 - BDM-WAM 1574544069.3801665 - INFO - <Event(7-Rate {'hit_conf': 2 })>
2019-11-23 21:21:31,770 - BDM-WAM 1574544069.3801665 - INFO - <Event(7-Rate {'reward_conf': 2 })>
2019-11-23 21:21:31,957 - BDM-WAM 1574544069.3801665 - INFO - <Event(7-Rate {'player_skill': 2 })>
2019-11-23 21:21:31,957 - BDM-WAM 1574544069.3801665 - INFO - <Event(9.1-True Hit {'pos': (134,79),'distance: 53.075418038862395,'relative_loc: (39, 36),'window': None})>
2019-11-23 21:21:31,958 - BDM-WAM 1574544069.3801665 - INFO - <Event(8-Pause {'reason': <bound method GameManager.pause of <game.GameManager object at 0x000001C8588E7F98>> })>
2019-11-23 21:21:34,809 - BDM-WAM 1574544069.3801665 - INFO - <Event(3-KeyUp {'scancode': 46, 'key': 99, 'window': None, 'mod': 0})>
2019-11-23 21:21:35,300 - BDM-WAM 1574544069.3801665 - INFO - <Event(4-MouseMotion {'rel': (139, 126), 'buttons': (0, 0, 0), 'pos': (451, 411), 'window': None})>
2019-11-23 21:21:35,420 - BDM-WAM 1574544069.3801665 - INFO - <Event(4-MouseMotion {'rel': (-8, -23), 'buttons': (0, 0, 0), 'pos': (443, 388), 'window': None})>
2019-11-23 21:21:35,437 - BDM-WAM 1574544069.3801665 - INFO - <Event(4-MouseMotion {'rel': (-12, -20), 'buttons': (0, 0, 0), 'pos': (431, 368), 'window': None})>
2019-11-23 21:21:35,453 - BDM-WAM 1574544069.3801665 - INFO - <Event(4-MouseMotion {'rel': (-33, -31), 'buttons': (0, 0, 0), 'pos': (398, 337), 'window': None})>
2019-11-23 21:21:35,471 - BDM-WAM 1574544069.3801665 - INFO - <Event(4-MouseMotion {'rel': (-18, -15), 'buttons': (0, 0, 0), 'pos': (380, 322), 'window': None})>
2019-11-23 21:21:35,492 - BDM-WAM 1574544069.3801665 - INFO - <Event(4-MouseMotion {'rel': (-13, -14), 'buttons': (0, 0, 0), 'pos': (367, 308), 'window': None})>
2019-11-23 21:21:35,511 - BDM-WAM 1574544069.3801665 - INFO - <Event(4-MouseMotion {'rel': (-12, -5), 'buttons': (0, 0, 0), 'pos': (355, 303), 'window': None})>
2019-11-23 21:21:35,527 - BDM-WAM 1574544069.3801665 - INFO - <Event(4-MouseMotion {'rel': (-5, -1), 'buttons': (0, 0, 0), 'pos': (350, 302), 'window': None})>
2019-11-23 21:21:35,651 - BDM-WAM 1574544069.3801665 - INFO - <Event(4-MouseMotion {'rel': (-5, -2), 'buttons': (0, 0, 0), 'pos': (345, 300), 'window': None})>
2019-11-23 21:21:35,762 - BDM-WAM 1574544069.3801665 - INFO - <Event(4-MouseMotion {'rel': (0, -1), 'buttons': (0, 0, 0), 'pos': (345, 299), 'window': None})>
2019-11-23 21:21:35,867 - BDM-WAM 1574544069.3801665 - INFO - <Event(4-MouseMotion {'rel': (36, -6), 'buttons': (0, 0, 0), 'pos': (381, 293), 'window': None})>
2019-11-23 21:21:35,873 - BDM-WAM 1574544069.3801665 - INFO - <Event(4-MouseMotion {'rel': (2, 0), 'buttons': (0, 0, 0), 'pos': (383, 293), 'window': None})>
2019-11-23 21:21:35,887 - BDM-WAM 1574544069.3801665 - INFO - <Event(4-MouseMotion {'rel': (12, 3), 'buttons': (0, 0, 0), 'pos': (395, 296), 'window': None})>
2019-11-23 21:21:35,904 - BDM-WAM 1574544069.3801665 - INFO - <Event(4-MouseMotion {'rel': (14, 4), 'buttons': (0, 0, 0), 'pos': (409, 300), 'window': None})>
2019-11-23 21:21:35,921 - BDM-WAM 1574544069.3801665 - INFO - <Event(4-MouseMotion {'rel': (12, 4), 'buttons': (0, 0, 0), 'pos': (421, 304), 'window': None})>
2019-11-23 21:21:35,938 - BDM-WAM 1574544069.3801665 - INFO - <Event(4-MouseMotion {'rel': (16, 8), 'buttons': (0, 0, 0), 'pos': (437, 312), 'window': None})>
2019-11-23 21:21:35,955 - BDM-WAM 1574544069.3801665 - INFO - <Event(4-MouseMotion {'rel': (17, 8), 'buttons': (0, 0, 0), 'pos': (454, 320), 'window': None})>
2019-11-23 21:21:35,972 - BDM-WAM 1574544069.3801665 - INFO - <Event(4-MouseMotion {'rel': (18, 9), 'buttons': (0, 0, 0), 'pos': (472, 329), 'window': None})>
2019-11-23 21:21:35,992 - BDM-WAM 1574544069.3801665 - INFO - <Event(4-MouseMotion {'rel': (24, 11), 'buttons': (0, 0, 0), 'pos': (496, 340), 'window': None})>
2019-11-23 21:21:36,008 - BDM-WAM 1574544069.3801665 - INFO - <Event(4-MouseMotion {'rel': (15, 6), 'buttons': (0, 0, 0), 'pos': (511, 346), 'window': None})>
2019-11-23 21:21:36,027 - BDM-WAM 1574544069.3801665 - INFO - <Event(4-MouseMotion {'rel': (9, 6), 'buttons': (0, 0, 0), 'pos': (520, 352), 'window': None})>
2019-11-23 21:21:36,043 - BDM-WAM 1574544069.3801665 - INFO - <Event(4-MouseMotion {'rel': (15, 3), 'buttons': (0, 0, 0), 'pos': (535, 355), 'window': None})>
2019-11-23 21:21:36,059 - BDM-WAM 1574544069.3801665 - INFO - <Event(4-MouseMotion {'rel': (9, 1), 'buttons': (0, 0, 0), 'pos': (544, 356), 'window': None})>
2019-11-23 21:21:36,076 - BDM-WAM 1574544069.3801665 - INFO - <Event(4-MouseMotion {'rel': (5, 0), 'buttons': (0, 0, 0), 'pos': (549, 356), 'window': None})>
2019-11-23 21:21:36,092 - BDM-WAM 1574544069.3801665 - INFO - <Event(4-MouseMotion {'rel': (3, 0), 'buttons': (0, 0, 0), 'pos': (552, 356), 'window': None})>
2019-11-23 21:21:36,109 - BDM-WAM 1574544069.3801665 - INFO - <Event(4-MouseMotion {'rel': (2, 0), 'buttons': (0, 0, 0), 'pos': (554, 356), 'window': None})>
2019-11-23 21:21:36,126 - BDM-WAM 1574544069.3801665 - INFO - <Event(4-MouseMotion {'rel': (4, 0), 'buttons': (0, 0, 0), 'pos': (558, 356), 'window': None})>
2019-11-23 21:21:36,143 - BDM-WAM 1574544069.3801665 - INFO - <Event(4-MouseMotion {'rel': (3, 0), 'buttons': (0, 0, 0), 'pos': (561, 356), 'window': None})>
2019-11-23 21:21:36,159 - BDM-WAM 1574544069.3801665 - INFO - <Event(4-MouseMotion {'rel': (2, 0), 'buttons': (0, 0, 0), 'pos': (563, 356), 'window': None})>
2019-11-23 21:21:36,177 - BDM-WAM 1574544069.3801665 - INFO - <Event(4-MouseMotion {'rel': (8, 1), 'buttons': (0, 0, 0), 'pos': (571, 357), 'window': None})>
2019-11-23 21:21:36,194 - BDM-WAM 1574544069.3801665 - INFO - <Event(4-MouseMotion {'rel': (11, 3), 'buttons': (0, 0, 0), 'pos': (582, 360), 'window': None})>
2019-11-23 21:21:36,210 - BDM-WAM 1574544069.3801665 - INFO - <Event(4-MouseMotion {'rel': (12, 4), 'buttons': (0, 0, 0), 'pos': (594, 364), 'window': None})>
2019-11-23 21:21:36,228 - BDM-WAM 1574544069.3801665 - INFO - <Event(4-MouseMotion {'rel': (24, 11), 'buttons': (0, 0, 0), 'pos': (618, 375), 'window': None})>
2019-11-23 21:21:36,245 - BDM-WAM 1574544069.3801665 - INFO - <Event(4-MouseMotion {'rel': (24, 17), 'buttons': (0, 0, 0), 'pos': (642, 392), 'window': None})>
2019-11-23 21:21:36,263 - BDM-WAM 1574544069.3801665 - INFO - <Event(4-MouseMotion {'rel': (55, 28), 'buttons': (0, 0, 0), 'pos': (697, 420), 'window': None})>
2019-11-23 21:21:36,279 - BDM-WAM 1574544069.3801665 - INFO - <Event(4-MouseMotion {'rel': (43, 31), 'buttons': (0, 0, 0), 'pos': (740, 451), 'window': None})>
2019-11-23 21:21:36,296 - BDM-WAM 1574544069.3801665 - INFO - <Event(4-MouseMotion {'rel': (20, 19), 'buttons': (0, 0, 0), 'pos': (760, 470), 'window': None})>
2019-11-23 21:21:36,313 - BDM-WAM 1574544069.3801665 - INFO - <Event(4-MouseMotion {'rel': (6, 14), 'buttons': (0, 0, 0), 'pos': (766, 484), 'window': None})>
2019-11-23 21:21:36,330 - BDM-WAM 1574544069.3801665 - INFO - <Event(4-MouseMotion {'rel': (11, 9), 'buttons': (0, 0, 0), 'pos': (777, 493), 'window': None})>
2019-11-23 21:21:36,432 - BDM-WAM 1574544069.3801665 - INFO - <Event(4-MouseMotion {'rel': (-1, 0), 'buttons': (0, 0, 0), 'pos': (776, 493), 'window': None})>
2019-11-23 21:21:36,449 - BDM-WAM 1574544069.3801665 - INFO - <Event(4-MouseMotion {'rel': (-2, -1), 'buttons': (0, 0, 0), 'pos': (774, 492), 'window': None})>
2019-11-23 21:21:36,466 - BDM-WAM 1574544069.3801665 - INFO - <Event(4-MouseMotion {'rel': (-6, -1), 'buttons': (0, 0, 0), 'pos': (768, 491), 'window': None})>
2019-11-23 21:21:36,483 - BDM-WAM 1574544069.3801665 - INFO - <Event(4-MouseMotion {'rel': (-26, -14), 'buttons': (0, 0, 0), 'pos': (742, 477), 'window': None})>
2019-11-23 21:21:36,500 - BDM-WAM 1574544069.3801665 - INFO - <Event(4-MouseMotion {'rel': (-33, -17), 'buttons': (0, 0, 0), 'pos': (709, 460), 'window': None})>
2019-11-23 21:21:36,517 - BDM-WAM 1574544069.3801665 - INFO - <Event(4-MouseMotion {'rel': (-23, -15), 'buttons': (0, 0, 0), 'pos': (686, 445), 'window': None})>
2019-11-23 21:21:36,535 - BDM-WAM 1574544069.3801665 - INFO - <Event(4-MouseMotion {'rel': (-24, -20), 'buttons': (0, 0, 0), 'pos': (662, 425), 'window': None})>
2019-11-23 21:21:36,551 - BDM-WAM 1574544069.3801665 - INFO - <Event(4-MouseMotion {'rel': (-8, -7), 'buttons': (0, 0, 0), 'pos': (654, 418), 'window': None})>
2019-11-23 21:21:36,568 - BDM-WAM 1574544069.3801665 - INFO - <Event(4-MouseMotion {'rel': (-3, -4), 'buttons': (0, 0, 0), 'pos': (651, 414), 'window': None})>
2019-11-23 21:21:36,585 - BDM-WAM 1574544069.3801665 - INFO - <Event(4-MouseMotion {'rel': (-1, -4), 'buttons': (0, 0, 0), 'pos': (650, 410), 'window': None})>
2019-11-23 21:21:36,603 - BDM-WAM 1574544069.3801665 - INFO - <Event(4-MouseMotion {'rel': (-2, -2), 'buttons': (0, 0, 0), 'pos': (648, 408), 'window': None})>
2019-11-23 21:21:36,620 - BDM-WAM 1574544069.3801665 - INFO - <Event(4-MouseMotion {'rel': (0, -1), 'buttons': (0, 0, 0), 'pos': (648, 407), 'window': None})>
2019-11-23 21:21:36,705 - BDM-WAM 1574544069.3801665 - INFO - <Event(5-MouseButtonDown {'button': 1, 'pos': (648, 407), 'window': None})>
2019-11-23 21:21:36,707 - BDM-WAM 1574544069.3801665 - INFO - <Event(8-Pause {'reason': <bound method GameManager.pause of <game.GameManager object at 0x000001C8588E7F98>> })>
2019-11-23 21:21:38,220 - BDM-WAM 1574544069.3801665 - INFO - <Event(9.1-True Hit {'pos': (650,410),'distance: 46.17358552246078,'relative_loc: (14, 44),'window': None})>
2019-11-23 21:21:38,396 - BDM-WAM 1574544069.3801665 - INFO - <Event(3-KeyUp {'scancode': 46, 'key': 99, 'window': None, 'mod': 0})>
2019-11-23 21:21:38,930 - BDM-WAM 1574544069.3801665 - INFO - <Event(4-MouseMotion {'rel': (24, -14), 'buttons': (0, 0, 0), 'pos': (674, 396), 'window': None})>
2019-11-23 21:21:38,946 - BDM-WAM 1574544069.3801665 - INFO - <Event(4-MouseMotion {'rel': (0, -1), 'buttons': (0, 0, 0), 'pos': (674, 395), 'window': None})>
2019-11-23 21:21:38,963 - BDM-WAM 1574544069.3801665 - INFO - <Event(4-MouseMotion {'rel': (0, -2), 'buttons': (0, 0, 0), 'pos': (674, 393), 'window': None})>
2019-11-23 21:21:38,980 - BDM-WAM 1574544069.3801665 - INFO - <Event(4-MouseMotion {'rel': (-2, -2), 'buttons': (0, 0, 0), 'pos': (672, 391), 'window': None})>
2019-11-23 21:21:38,997 - BDM-WAM 1574544069.3801665 - INFO - <Event(4-MouseMotion {'rel': (-1, -1), 'buttons': (0, 0, 0), 'pos': (671, 390), 'window': None})>
2019-11-23 21:21:39,014 - BDM-WAM 1574544069.3801665 - INFO - <Event(4-MouseMotion {'rel': (0, -1), 'buttons': (0, 0, 0), 'pos': (671, 389), 'window': None})>
2019-11-23 21:21:39,048 - BDM-WAM 1574544069.3801665 - INFO - <Event(4-MouseMotion {'rel': (-1, 0), 'buttons': (0, 0, 0), 'pos': (670, 389), 'window': None})>
2019-11-23 21:21:39,437 - BDM-WAM 1574544069.3801665 - INFO - <Event(4-MouseMotion {'rel': (-1, 0), 'buttons': (0, 0, 0), 'pos': (669, 389), 'window': None})>
2019-11-23 21:21:39,442 - BDM-WAM 1574544069.3801665 - INFO - <Event(4-MouseMotion {'rel': (-1, 0), 'buttons': (0, 0, 0), 'pos': (668, 389), 'window': None})>
2019-11-23 21:21:39,456 - BDM-WAM 1574544069.3801665 - INFO - <Event(4-MouseMotion {'rel': (-1, 0), 'buttons': (0, 0, 0), 'pos': (667, 389), 'window': None})>
2019-11-23 21:21:39,473 - BDM-WAM 1574544069.3801665 - INFO - <Event(4-MouseMotion {'rel': (-4, 0), 'buttons': (0, 0, 0), 'pos': (663, 389), 'window': None})>
2019-11-23 21:21:39,490 - BDM-WAM 1574544069.3801665 - INFO - <Event(4-MouseMotion {'rel': (-4, -1), 'buttons': (0, 0, 0), 'pos': (659, 388), 'window': None})>
2019-11-23 21:21:39,508 - BDM-WAM 1574544069.3801665 - INFO - <Event(4-MouseMotion {'rel': (6, -21), 'buttons': (0, 0, 0), 'pos': (665, 367), 'window': None})>
2019-11-23 21:21:39,524 - BDM-WAM 1574544069.3801665 - INFO - <Event(4-MouseMotion {'rel': (-71, -209), 'buttons': (0, 0, 0), 'pos': (594, 158), 'window': None})>
2019-11-23 21:21:39,541 - BDM-WAM 1574544069.3801665 - INFO - <Event(4-MouseMotion {'rel': (-60, -73), 'buttons': (0, 0, 0), 'pos': (534, 85), 'window': None})>
2019-11-23 21:21:39,558 - BDM-WAM 1574544069.3801665 - INFO - <Event(4-MouseMotion {'rel': (-16, -9), 'buttons': (0, 0, 0), 'pos': (518, 76), 'window': None})>
2019-11-23 21:21:40,086 - BDM-WAM 1574544069.3801665 - INFO - <Event(2-KeyDown {'scancode': 25, 'key': 112, 'window': None, 'mod': 0, 'unicode': 'p'})>
2019-11-23 21:21:40,086 - BDM-WAM 1574544069.3801665 - INFO - <Event(8-Pause {'reason': <bound method GameManager.pause of <game.GameManager object at 0x000001C8588E7F98>> })>
2019-11-23 21:21:40,251 - BDM-WAM 1574544069.3801665 - INFO - ************* HAPPY ANALYSING... LOG COMPLETE!!! ************* 
