2020-01-21 21:19:39,076 - BDM-WAM 1579641578.9672062 - INFO - <Event(17-VideoExpose {})>
2020-01-21 21:19:41,448 - BDM-WAM 1579641578.9672062 - INFO - <Event(1-ActiveEvent {'gain': 0, 'state': 1})>
2020-01-21 21:19:41,448 - BDM-WAM 1579641578.9672062 - INFO - <Event(4-MouseMotion {'pos': (416, 699), 'rel': (417, 700), 'buttons': (0, 0, 0), 'window': None})>
2020-01-21 21:19:41,482 - BDM-WAM 1579641578.9672062 - INFO - <Event(10-MoleUp) {'loc': (179,169)})>
2020-01-21 21:19:41,518 - BDM-WAM 1579641578.9672062 - INFO - <Event(4-MouseMotion {'pos': (525, 343), 'rel': (30, -55), 'buttons': (0, 0, 0), 'window': None})>
2020-01-21 21:19:41,527 - BDM-WAM 1579641578.9672062 - INFO - <Event(4-MouseMotion {'pos': (534, 324), 'rel': (9, -19), 'buttons': (0, 0, 0), 'window': None})>
2020-01-21 21:19:41,544 - BDM-WAM 1579641578.9672062 - INFO - <Event(4-MouseMotion {'pos': (537, 316), 'rel': (3, -8), 'buttons': (0, 0, 0), 'window': None})>
2020-01-21 21:19:41,578 - BDM-WAM 1579641578.9672062 - INFO - <Event(3-KeyUp {'key': 99, 'mod': 0, 'scancode': 46, 'window': None})>
2020-01-21 21:19:41,662 - BDM-WAM 1579641578.9672062 - INFO - <Event(4-MouseMotion {'pos': (537, 317), 'rel': (0, 1), 'buttons': (0, 0, 0), 'window': None})>
2020-01-21 21:19:41,664 - BDM-WAM 1579641578.9672062 - INFO - <Event(4-MouseMotion {'pos': (537, 318), 'rel': (0, 1), 'buttons': (0, 0, 0), 'window': None})>
2020-01-21 21:19:41,680 - BDM-WAM 1579641578.9672062 - INFO - <Event(4-MouseMotion {'pos': (537, 321), 'rel': (0, 3), 'buttons': (0, 0, 0), 'window': None})>
2020-01-21 21:19:41,763 - BDM-WAM 1579641578.9672062 - INFO - <Event(4-MouseMotion {'pos': (537, 322), 'rel': (0, 1), 'buttons': (0, 0, 0), 'window': None})>
2020-01-21 21:19:41,832 - BDM-WAM 1579641578.9672062 - INFO - <Event(4-MouseMotion {'pos': (528, 315), 'rel': (-9, -7), 'buttons': (0, 0, 0), 'window': None})>
2020-01-21 21:19:41,849 - BDM-WAM 1579641578.9672062 - INFO - <Event(4-MouseMotion {'pos': (482, 275), 'rel': (-46, -40), 'buttons': (0, 0, 0), 'window': None})>
2020-01-21 21:19:41,866 - BDM-WAM 1579641578.9672062 - INFO - <Event(4-MouseMotion {'pos': (455, 250), 'rel': (-27, -25), 'buttons': (0, 0, 0), 'window': None})>
2020-01-21 21:19:41,883 - BDM-WAM 1579641578.9672062 - INFO - <Event(4-MouseMotion {'pos': (432, 226), 'rel': (-23, -24), 'buttons': (0, 0, 0), 'window': None})>
2020-01-21 21:19:41,900 - BDM-WAM 1579641578.9672062 - INFO - <Event(4-MouseMotion {'pos': (415, 211), 'rel': (-17, -15), 'buttons': (0, 0, 0), 'window': None})>
2020-01-21 21:19:41,917 - BDM-WAM 1579641578.9672062 - INFO - <Event(4-MouseMotion {'pos': (409, 206), 'rel': (-6, -5), 'buttons': (0, 0, 0), 'window': None})>
2020-01-21 21:19:41,934 - BDM-WAM 1579641578.9672062 - INFO - <Event(4-MouseMotion {'pos': (403, 203), 'rel': (-6, -3), 'buttons': (0, 0, 0), 'window': None})>
2020-01-21 21:19:41,951 - BDM-WAM 1579641578.9672062 - INFO - <Event(4-MouseMotion {'pos': (388, 199), 'rel': (-15, -4), 'buttons': (0, 0, 0), 'window': None})>
2020-01-21 21:19:41,968 - BDM-WAM 1579641578.9672062 - INFO - <Event(4-MouseMotion {'pos': (370, 196), 'rel': (-18, -3), 'buttons': (0, 0, 0), 'window': None})>
2020-01-21 21:19:41,986 - BDM-WAM 1579641578.9672062 - INFO - <Event(4-MouseMotion {'pos': (350, 193), 'rel': (-20, -3), 'buttons': (0, 0, 0), 'window': None})>
2020-01-21 21:19:42,003 - BDM-WAM 1579641578.9672062 - INFO - <Event(4-MouseMotion {'pos': (330, 193), 'rel': (-20, 0), 'buttons': (0, 0, 0), 'window': None})>
2020-01-21 21:19:42,020 - BDM-WAM 1579641578.9672062 - INFO - <Event(4-MouseMotion {'pos': (317, 192), 'rel': (-13, -1), 'buttons': (0, 0, 0), 'window': None})>
2020-01-21 21:19:42,037 - BDM-WAM 1579641578.9672062 - INFO - <Event(4-MouseMotion {'pos': (304, 191), 'rel': (-13, -1), 'buttons': (0, 0, 0), 'window': None})>
2020-01-21 21:19:42,054 - BDM-WAM 1579641578.9672062 - INFO - <Event(4-MouseMotion {'pos': (284, 188), 'rel': (-20, -3), 'buttons': (0, 0, 0), 'window': None})>
2020-01-21 21:19:42,071 - BDM-WAM 1579641578.9672062 - INFO - <Event(4-MouseMotion {'pos': (274, 186), 'rel': (-10, -2), 'buttons': (0, 0, 0), 'window': None})>
2020-01-21 21:19:42,088 - BDM-WAM 1579641578.9672062 - INFO - <Event(4-MouseMotion {'pos': (270, 185), 'rel': (-4, -1), 'buttons': (0, 0, 0), 'window': None})>
2020-01-21 21:19:42,122 - BDM-WAM 1579641578.9672062 - INFO - <Event(4-MouseMotion {'pos': (269, 185), 'rel': (-1, 0), 'buttons': (0, 0, 0), 'window': None})>
2020-01-21 21:19:42,140 - BDM-WAM 1579641578.9672062 - INFO - <Event(4-MouseMotion {'pos': (264, 185), 'rel': (-5, 0), 'buttons': (0, 0, 0), 'window': None})>
2020-01-21 21:19:42,156 - BDM-WAM 1579641578.9672062 - INFO - <Event(4-MouseMotion {'pos': (259, 185), 'rel': (-5, 0), 'buttons': (0, 0, 0), 'window': None})>
2020-01-21 21:19:42,173 - BDM-WAM 1579641578.9672062 - INFO - <Event(4-MouseMotion {'pos': (257, 185), 'rel': (-2, 0), 'buttons': (0, 0, 0), 'window': None})>
2020-01-21 21:19:42,242 - BDM-WAM 1579641578.9672062 - INFO - <Event(4-MouseMotion {'pos': (255, 185), 'rel': (-2, 0), 'buttons': (0, 0, 0), 'window': None})>
2020-01-21 21:19:42,260 - BDM-WAM 1579641578.9672062 - INFO - <Event(4-MouseMotion {'pos': (249, 192), 'rel': (-6, 7), 'buttons': (0, 0, 0), 'window': None})>
2020-01-21 21:19:42,277 - BDM-WAM 1579641578.9672062 - INFO - <Event(4-MouseMotion {'pos': (246, 195), 'rel': (-3, 3), 'buttons': (0, 0, 0), 'window': None})>
2020-01-21 21:19:42,293 - BDM-WAM 1579641578.9672062 - INFO - <Event(4-MouseMotion {'pos': (245, 197), 'rel': (-1, 2), 'buttons': (0, 0, 0), 'window': None})>
2020-01-21 21:19:42,310 - BDM-WAM 1579641578.9672062 - INFO - <Event(4-MouseMotion {'pos': (244, 198), 'rel': (-1, 1), 'buttons': (0, 0, 0), 'window': None})>
2020-01-21 21:19:42,428 - BDM-WAM 1579641578.9672062 - INFO - <Event(5-MouseButtonDown {'pos': (244, 198), 'button': 1, 'window': None})>
2020-01-21 21:19:42,429 - BDM-WAM 1579641578.9672062 - INFO - <Event(8-Pause {'reason': hit_conf })>
2020-01-21 21:19:42,650 - BDM-WAM 1579641578.9672062 - INFO - <Event(7-Rate {'hit_conf': 2 })>
2020-01-21 21:19:42,813 - BDM-WAM 1579641578.9672062 - INFO - <Event(7-Rate {'reward_conf': 2 })>
2020-01-21 21:19:42,968 - BDM-WAM 1579641578.9672062 - INFO - <Event(7-Rate {'player_skill': 2 })>
2020-01-21 21:19:42,968 - BDM-WAM 1579641578.9672062 - INFO - <Event(9.1-TrueHit {'pos': (244,198),'distance: 71.17583859709698,'relative_loc: (65, 29),'window': None})>
2020-01-21 21:19:42,969 - BDM-WAM 1579641578.9672062 - INFO - <Event(11-Score {score_inc: 5,score: 5})>
2020-01-21 21:19:43,009 - BDM-WAM 1579641578.9672062 - INFO - <Event(4-MouseMotion {'pos': (248, 200), 'rel': (4, 1), 'buttons': (0, 0, 0), 'window': None})>
2020-01-21 21:19:43,029 - BDM-WAM 1579641578.9672062 - INFO - <Event(4-MouseMotion {'pos': (253, 201), 'rel': (5, 1), 'buttons': (0, 0, 0), 'window': None})>
2020-01-21 21:19:43,046 - BDM-WAM 1579641578.9672062 - INFO - <Event(4-MouseMotion {'pos': (266, 204), 'rel': (13, 3), 'buttons': (0, 0, 0), 'window': None})>
2020-01-21 21:19:43,074 - BDM-WAM 1579641578.9672062 - INFO - <Event(3-KeyUp {'key': 50, 'mod': 0, 'scancode': 3, 'window': None})>
2020-01-21 21:19:43,074 - BDM-WAM 1579641578.9672062 - INFO - <Event(4-MouseMotion {'pos': (318, 225), 'rel': (52, 21), 'buttons': (0, 0, 0), 'window': None})>
2020-01-21 21:19:43,079 - BDM-WAM 1579641578.9672062 - INFO - <Event(4-MouseMotion {'pos': (332, 232), 'rel': (14, 7), 'buttons': (0, 0, 0), 'window': None})>
2020-01-21 21:19:43,096 - BDM-WAM 1579641578.9672062 - INFO - <Event(4-MouseMotion {'pos': (361, 251), 'rel': (29, 19), 'buttons': (0, 0, 0), 'window': None})>
2020-01-21 21:19:43,113 - BDM-WAM 1579641578.9672062 - INFO - <Event(4-MouseMotion {'pos': (381, 268), 'rel': (20, 17), 'buttons': (0, 0, 0), 'window': None})>
2020-01-21 21:19:43,129 - BDM-WAM 1579641578.9672062 - INFO - <Event(4-MouseMotion {'pos': (397, 286), 'rel': (16, 18), 'buttons': (0, 0, 0), 'window': None})>
2020-01-21 21:19:43,146 - BDM-WAM 1579641578.9672062 - INFO - <Event(4-MouseMotion {'pos': (414, 309), 'rel': (17, 23), 'buttons': (0, 0, 0), 'window': None})>
2020-01-21 21:19:43,163 - BDM-WAM 1579641578.9672062 - INFO - <Event(4-MouseMotion {'pos': (421, 317), 'rel': (7, 8), 'buttons': (0, 0, 0), 'window': None})>
2020-01-21 21:19:43,180 - BDM-WAM 1579641578.9672062 - INFO - <Event(4-MouseMotion {'pos': (423, 319), 'rel': (2, 2), 'buttons': (0, 0, 0), 'window': None})>
2020-01-21 21:19:43,197 - BDM-WAM 1579641578.9672062 - INFO - <Event(4-MouseMotion {'pos': (425, 320), 'rel': (2, 1), 'buttons': (0, 0, 0), 'window': None})>
2020-01-21 21:19:43,214 - BDM-WAM 1579641578.9672062 - INFO - <Event(4-MouseMotion {'pos': (432, 324), 'rel': (7, 4), 'buttons': (0, 0, 0), 'window': None})>
2020-01-21 21:19:43,231 - BDM-WAM 1579641578.9672062 - INFO - <Event(4-MouseMotion {'pos': (442, 331), 'rel': (10, 7), 'buttons': (0, 0, 0), 'window': None})>
2020-01-21 21:19:43,248 - BDM-WAM 1579641578.9672062 - INFO - <Event(4-MouseMotion {'pos': (444, 334), 'rel': (2, 3), 'buttons': (0, 0, 0), 'window': None})>
2020-01-21 21:19:43,265 - BDM-WAM 1579641578.9672062 - INFO - <Event(4-MouseMotion {'pos': (445, 335), 'rel': (1, 1), 'buttons': (0, 0, 0), 'window': None})>
2020-01-21 21:19:43,316 - BDM-WAM 1579641578.9672062 - INFO - <Event(4-MouseMotion {'pos': (446, 337), 'rel': (1, 2), 'buttons': (0, 0, 0), 'window': None})>
2020-01-21 21:19:43,334 - BDM-WAM 1579641578.9672062 - INFO - <Event(4-MouseMotion {'pos': (443, 339), 'rel': (-3, 2), 'buttons': (0, 0, 0), 'window': None})>
2020-01-21 21:19:43,351 - BDM-WAM 1579641578.9672062 - INFO - <Event(4-MouseMotion {'pos': (432, 342), 'rel': (-11, 3), 'buttons': (0, 0, 0), 'window': None})>
2020-01-21 21:19:43,368 - BDM-WAM 1579641578.9672062 - INFO - <Event(4-MouseMotion {'pos': (418, 347), 'rel': (-14, 5), 'buttons': (0, 0, 0), 'window': None})>
2020-01-21 21:19:43,417 - BDM-WAM 1579641578.9672062 - INFO - <Event(4-MouseMotion {'pos': (358, 346), 'rel': (-60, -1), 'buttons': (0, 0, 0), 'window': None})>
2020-01-21 21:19:43,487 - BDM-WAM 1579641578.9672062 - INFO - <Event(10-MoleUp) {'loc': (179,169)})>
2020-01-21 21:19:43,488 - BDM-WAM 1579641578.9672062 - INFO - <Event(4-MouseMotion {'pos': (295, 318), 'rel': (-63, -28), 'buttons': (0, 0, 0), 'window': None})>
2020-01-21 21:19:43,590 - BDM-WAM 1579641578.9672062 - INFO - <Event(4-MouseMotion {'pos': (295, 353), 'rel': (0, 35), 'buttons': (0, 0, 0), 'window': None})>
2020-01-21 21:19:43,607 - BDM-WAM 1579641578.9672062 - INFO - <Event(4-MouseMotion {'pos': (302, 397), 'rel': (7, 44), 'buttons': (0, 0, 0), 'window': None})>
2020-01-21 21:19:43,625 - BDM-WAM 1579641578.9672062 - INFO - <Event(4-MouseMotion {'pos': (310, 440), 'rel': (8, 43), 'buttons': (0, 0, 0), 'window': None})>
2020-01-21 21:19:43,642 - BDM-WAM 1579641578.9672062 - INFO - <Event(4-MouseMotion {'pos': (320, 473), 'rel': (10, 33), 'buttons': (0, 0, 0), 'window': None})>
2020-01-21 21:19:43,659 - BDM-WAM 1579641578.9672062 - INFO - <Event(4-MouseMotion {'pos': (334, 504), 'rel': (14, 31), 'buttons': (0, 0, 0), 'window': None})>
2020-01-21 21:19:43,678 - BDM-WAM 1579641578.9672062 - INFO - <Event(4-MouseMotion {'pos': (352, 531), 'rel': (18, 27), 'buttons': (0, 0, 0), 'window': None})>
2020-01-21 21:19:43,695 - BDM-WAM 1579641578.9672062 - INFO - <Event(4-MouseMotion {'pos': (360, 539), 'rel': (8, 8), 'buttons': (0, 0, 0), 'window': None})>
2020-01-21 21:19:43,712 - BDM-WAM 1579641578.9672062 - INFO - <Event(4-MouseMotion {'pos': (365, 542), 'rel': (5, 3), 'buttons': (0, 0, 0), 'window': None})>
2020-01-21 21:19:43,729 - BDM-WAM 1579641578.9672062 - INFO - <Event(4-MouseMotion {'pos': (388, 551), 'rel': (23, 9), 'buttons': (0, 0, 0), 'window': None})>
2020-01-21 21:19:43,746 - BDM-WAM 1579641578.9672062 - INFO - <Event(4-MouseMotion {'pos': (438, 565), 'rel': (50, 14), 'buttons': (0, 0, 0), 'window': None})>
2020-01-21 21:19:43,762 - BDM-WAM 1579641578.9672062 - INFO - <Event(4-MouseMotion {'pos': (489, 577), 'rel': (51, 12), 'buttons': (0, 0, 0), 'window': None})>
2020-01-21 21:19:43,780 - BDM-WAM 1579641578.9672062 - INFO - <Event(4-MouseMotion {'pos': (528, 583), 'rel': (39, 6), 'buttons': (0, 0, 0), 'window': None})>
2020-01-21 21:19:43,796 - BDM-WAM 1579641578.9672062 - INFO - <Event(4-MouseMotion {'pos': (547, 585), 'rel': (19, 2), 'buttons': (0, 0, 0), 'window': None})>
2020-01-21 21:19:43,812 - BDM-WAM 1579641578.9672062 - INFO - <Event(4-MouseMotion {'pos': (560, 586), 'rel': (13, 1), 'buttons': (0, 0, 0), 'window': None})>
2020-01-21 21:19:43,830 - BDM-WAM 1579641578.9672062 - INFO - <Event(4-MouseMotion {'pos': (580, 586), 'rel': (20, 0), 'buttons': (0, 0, 0), 'window': None})>
2020-01-21 21:19:43,846 - BDM-WAM 1579641578.9672062 - INFO - <Event(4-MouseMotion {'pos': (592, 586), 'rel': (12, 0), 'buttons': (0, 0, 0), 'window': None})>
2020-01-21 21:19:43,863 - BDM-WAM 1579641578.9672062 - INFO - <Event(4-MouseMotion {'pos': (599, 586), 'rel': (7, 0), 'buttons': (0, 0, 0), 'window': None})>
2020-01-21 21:19:43,880 - BDM-WAM 1579641578.9672062 - INFO - <Event(4-MouseMotion {'pos': (606, 586), 'rel': (7, 0), 'buttons': (0, 0, 0), 'window': None})>
2020-01-21 21:19:43,932 - BDM-WAM 1579641578.9672062 - INFO - <Event(4-MouseMotion {'pos': (623, 585), 'rel': (17, -1), 'buttons': (0, 0, 0), 'window': None})>
2020-01-21 21:19:43,952 - BDM-WAM 1579641578.9672062 - INFO - <Event(4-MouseMotion {'pos': (627, 583), 'rel': (4, -2), 'buttons': (0, 0, 0), 'window': None})>
2020-01-21 21:19:43,969 - BDM-WAM 1579641578.9672062 - INFO - <Event(4-MouseMotion {'pos': (629, 582), 'rel': (2, -1), 'buttons': (0, 0, 0), 'window': None})>
2020-01-21 21:19:43,986 - BDM-WAM 1579641578.9672062 - INFO - <Event(4-MouseMotion {'pos': (631, 580), 'rel': (2, -2), 'buttons': (0, 0, 0), 'window': None})>
2020-01-21 21:19:44,041 - BDM-WAM 1579641578.9672062 - INFO - <Event(4-MouseMotion {'pos': (631, 559), 'rel': (0, -21), 'buttons': (0, 0, 0), 'window': None})>
2020-01-21 21:19:44,044 - BDM-WAM 1579641578.9672062 - INFO - <Event(4-MouseMotion {'pos': (630, 555), 'rel': (-1, -4), 'buttons': (0, 0, 0), 'window': None})>
2020-01-21 21:19:44,062 - BDM-WAM 1579641578.9672062 - INFO - <Event(4-MouseMotion {'pos': (626, 540), 'rel': (-4, -15), 'buttons': (0, 0, 0), 'window': None})>
2020-01-21 21:19:44,076 - BDM-WAM 1579641578.9672062 - INFO - <Event(4-MouseMotion {'pos': (624, 530), 'rel': (-2, -10), 'buttons': (0, 0, 0), 'window': None})>
2020-01-21 21:19:44,094 - BDM-WAM 1579641578.9672062 - INFO - <Event(4-MouseMotion {'pos': (619, 512), 'rel': (-5, -18), 'buttons': (0, 0, 0), 'window': None})>
2020-01-21 21:19:44,144 - BDM-WAM 1579641578.9672062 - INFO - <Event(4-MouseMotion {'pos': (612, 490), 'rel': (-7, -22), 'buttons': (0, 0, 0), 'window': None})>
2020-01-21 21:19:44,164 - BDM-WAM 1579641578.9672062 - INFO - <Event(4-MouseMotion {'pos': (611, 486), 'rel': (-1, -4), 'buttons': (0, 0, 0), 'window': None})>
2020-01-21 21:19:44,180 - BDM-WAM 1579641578.9672062 - INFO - <Event(4-MouseMotion {'pos': (611, 485), 'rel': (0, -1), 'buttons': (0, 0, 0), 'window': None})>
2020-01-21 21:19:44,214 - BDM-WAM 1579641578.9672062 - INFO - <Event(4-MouseMotion {'pos': (611, 484), 'rel': (0, -1), 'buttons': (0, 0, 0), 'window': None})>
2020-01-21 21:19:44,236 - BDM-WAM 1579641578.9672062 - INFO - <Event(4-MouseMotion {'pos': (613, 478), 'rel': (2, -6), 'buttons': (0, 0, 0), 'window': None})>
2020-01-21 21:19:44,248 - BDM-WAM 1579641578.9672062 - INFO - <Event(4-MouseMotion {'pos': (614, 473), 'rel': (1, -5), 'buttons': (0, 0, 0), 'window': None})>
2020-01-21 21:19:44,264 - BDM-WAM 1579641578.9672062 - INFO - <Event(4-MouseMotion {'pos': (610, 459), 'rel': (-4, -14), 'buttons': (0, 0, 0), 'window': None})>
2020-01-21 21:19:44,281 - BDM-WAM 1579641578.9672062 - INFO - <Event(4-MouseMotion {'pos': (585, 429), 'rel': (-25, -30), 'buttons': (0, 0, 0), 'window': None})>
2020-01-21 21:19:44,298 - BDM-WAM 1579641578.9672062 - INFO - <Event(4-MouseMotion {'pos': (541, 392), 'rel': (-44, -37), 'buttons': (0, 0, 0), 'window': None})>
2020-01-21 21:19:44,317 - BDM-WAM 1579641578.9672062 - INFO - <Event(4-MouseMotion {'pos': (478, 352), 'rel': (-63, -40), 'buttons': (0, 0, 0), 'window': None})>
2020-01-21 21:19:44,333 - BDM-WAM 1579641578.9672062 - INFO - <Event(4-MouseMotion {'pos': (427, 320), 'rel': (-51, -32), 'buttons': (0, 0, 0), 'window': None})>
2020-01-21 21:19:44,350 - BDM-WAM 1579641578.9672062 - INFO - <Event(4-MouseMotion {'pos': (389, 300), 'rel': (-38, -20), 'buttons': (0, 0, 0), 'window': None})>
2020-01-21 21:19:44,367 - BDM-WAM 1579641578.9672062 - INFO - <Event(4-MouseMotion {'pos': (383, 295), 'rel': (-6, -5), 'buttons': (0, 0, 0), 'window': None})>
2020-01-21 21:19:44,384 - BDM-WAM 1579641578.9672062 - INFO - <Event(4-MouseMotion {'pos': (382, 295), 'rel': (-1, 0), 'buttons': (0, 0, 0), 'window': None})>
2020-01-21 21:19:44,401 - BDM-WAM 1579641578.9672062 - INFO - <Event(4-MouseMotion {'pos': (380, 295), 'rel': (-2, 0), 'buttons': (0, 0, 0), 'window': None})>
2020-01-21 21:19:44,418 - BDM-WAM 1579641578.9672062 - INFO - <Event(4-MouseMotion {'pos': (377, 294), 'rel': (-3, -1), 'buttons': (0, 0, 0), 'window': None})>
2020-01-21 21:19:44,436 - BDM-WAM 1579641578.9672062 - INFO - <Event(4-MouseMotion {'pos': (374, 293), 'rel': (-3, -1), 'buttons': (0, 0, 0), 'window': None})>
2020-01-21 21:19:44,453 - BDM-WAM 1579641578.9672062 - INFO - <Event(4-MouseMotion {'pos': (371, 292), 'rel': (-3, -1), 'buttons': (0, 0, 0), 'window': None})>
2020-01-21 21:19:44,470 - BDM-WAM 1579641578.9672062 - INFO - <Event(4-MouseMotion {'pos': (366, 291), 'rel': (-5, -1), 'buttons': (0, 0, 0), 'window': None})>
2020-01-21 21:19:44,487 - BDM-WAM 1579641578.9672062 - INFO - <Event(4-MouseMotion {'pos': (361, 290), 'rel': (-5, -1), 'buttons': (0, 0, 0), 'window': None})>
2020-01-21 21:19:44,504 - BDM-WAM 1579641578.9672062 - INFO - <Event(4-MouseMotion {'pos': (355, 288), 'rel': (-6, -2), 'buttons': (0, 0, 0), 'window': None})>
2020-01-21 21:19:44,521 - BDM-WAM 1579641578.9672062 - INFO - <Event(4-MouseMotion {'pos': (351, 287), 'rel': (-4, -1), 'buttons': (0, 0, 0), 'window': None})>
2020-01-21 21:19:44,537 - BDM-WAM 1579641578.9672062 - INFO - <Event(4-MouseMotion {'pos': (345, 284), 'rel': (-6, -3), 'buttons': (0, 0, 0), 'window': None})>
2020-01-21 21:19:44,554 - BDM-WAM 1579641578.9672062 - INFO - <Event(4-MouseMotion {'pos': (340, 283), 'rel': (-5, -1), 'buttons': (0, 0, 0), 'window': None})>
2020-01-21 21:19:44,571 - BDM-WAM 1579641578.9672062 - INFO - <Event(4-MouseMotion {'pos': (332, 281), 'rel': (-8, -2), 'buttons': (0, 0, 0), 'window': None})>
2020-01-21 21:19:44,588 - BDM-WAM 1579641578.9672062 - INFO - <Event(4-MouseMotion {'pos': (322, 278), 'rel': (-10, -3), 'buttons': (0, 0, 0), 'window': None})>
2020-01-21 21:19:44,605 - BDM-WAM 1579641578.9672062 - INFO - <Event(4-MouseMotion {'pos': (311, 273), 'rel': (-11, -5), 'buttons': (0, 0, 0), 'window': None})>
2020-01-21 21:19:44,622 - BDM-WAM 1579641578.9672062 - INFO - <Event(4-MouseMotion {'pos': (309, 271), 'rel': (-2, -2), 'buttons': (0, 0, 0), 'window': None})>
2020-01-21 21:19:44,639 - BDM-WAM 1579641578.9672062 - INFO - <Event(4-MouseMotion {'pos': (307, 270), 'rel': (-2, -1), 'buttons': (0, 0, 0), 'window': None})>
2020-01-21 21:19:44,656 - BDM-WAM 1579641578.9672062 - INFO - <Event(4-MouseMotion {'pos': (302, 267), 'rel': (-5, -3), 'buttons': (0, 0, 0), 'window': None})>
2020-01-21 21:19:44,673 - BDM-WAM 1579641578.9672062 - INFO - <Event(4-MouseMotion {'pos': (283, 252), 'rel': (-19, -15), 'buttons': (0, 0, 0), 'window': None})>
2020-01-21 21:19:44,689 - BDM-WAM 1579641578.9672062 - INFO - <Event(4-MouseMotion {'pos': (262, 236), 'rel': (-21, -16), 'buttons': (0, 0, 0), 'window': None})>
2020-01-21 21:19:44,706 - BDM-WAM 1579641578.9672062 - INFO - <Event(4-MouseMotion {'pos': (233, 214), 'rel': (-29, -22), 'buttons': (0, 0, 0), 'window': None})>
2020-01-21 21:19:44,724 - BDM-WAM 1579641578.9672062 - INFO - <Event(4-MouseMotion {'pos': (211, 196), 'rel': (-22, -18), 'buttons': (0, 0, 0), 'window': None})>
2020-01-21 21:19:44,741 - BDM-WAM 1579641578.9672062 - INFO - <Event(4-MouseMotion {'pos': (206, 193), 'rel': (-5, -3), 'buttons': (0, 0, 0), 'window': None})>
2020-01-21 21:19:44,758 - BDM-WAM 1579641578.9672062 - INFO - <Event(4-MouseMotion {'pos': (204, 191), 'rel': (-2, -2), 'buttons': (0, 0, 0), 'window': None})>
2020-01-21 21:19:44,775 - BDM-WAM 1579641578.9672062 - INFO - <Event(4-MouseMotion {'pos': (202, 190), 'rel': (-2, -1), 'buttons': (0, 0, 0), 'window': None})>
2020-01-21 21:19:44,792 - BDM-WAM 1579641578.9672062 - INFO - <Event(4-MouseMotion {'pos': (200, 188), 'rel': (-2, -2), 'buttons': (0, 0, 0), 'window': None})>
2020-01-21 21:19:44,809 - BDM-WAM 1579641578.9672062 - INFO - <Event(4-MouseMotion {'pos': (197, 186), 'rel': (-3, -2), 'buttons': (0, 0, 0), 'window': None})>
2020-01-21 21:19:44,826 - BDM-WAM 1579641578.9672062 - INFO - <Event(4-MouseMotion {'pos': (194, 183), 'rel': (-3, -3), 'buttons': (0, 0, 0), 'window': None})>
2020-01-21 21:19:44,843 - BDM-WAM 1579641578.9672062 - INFO - <Event(4-MouseMotion {'pos': (191, 181), 'rel': (-3, -2), 'buttons': (0, 0, 0), 'window': None})>
2020-01-21 21:19:44,859 - BDM-WAM 1579641578.9672062 - INFO - <Event(4-MouseMotion {'pos': (190, 180), 'rel': (-1, -1), 'buttons': (0, 0, 0), 'window': None})>
2020-01-21 21:19:44,911 - BDM-WAM 1579641578.9672062 - INFO - <Event(5-MouseButtonDown {'pos': (190, 180), 'button': 1, 'window': None})>
2020-01-21 21:19:44,912 - BDM-WAM 1579641578.9672062 - INFO - <Event(8-Pause {'reason': hit_conf })>
2020-01-21 21:19:45,296 - BDM-WAM 1579641578.9672062 - INFO - <Event(7-Rate {'hit_conf': 2 })>
2020-01-21 21:19:45,472 - BDM-WAM 1579641578.9672062 - INFO - <Event(7-Rate {'reward_conf': 2 })>
2020-01-21 21:19:45,635 - BDM-WAM 1579641578.9672062 - INFO - <Event(7-Rate {'player_skill': 2 })>
2020-01-21 21:19:45,636 - BDM-WAM 1579641578.9672062 - INFO - <Event(9.1-TrueHit {'pos': (190,180),'distance: 15.556349186104045,'relative_loc: (11, 11),'window': None})>
2020-01-21 21:19:45,636 - BDM-WAM 1579641578.9672062 - INFO - <Event(11-Score {score_inc: 3,score: 8})>
2020-01-21 21:19:45,674 - BDM-WAM 1579641578.9672062 - INFO - <Event(4-MouseMotion {'pos': (274, 226), 'rel': (1, 0), 'buttons': (0, 0, 0), 'window': None})>
2020-01-21 21:19:45,709 - BDM-WAM 1579641578.9672062 - INFO - <Event(4-MouseMotion {'pos': (275, 226), 'rel': (1, 0), 'buttons': (0, 0, 0), 'window': None})>
2020-01-21 21:19:45,726 - BDM-WAM 1579641578.9672062 - INFO - <Event(4-MouseMotion {'pos': (276, 226), 'rel': (1, 0), 'buttons': (0, 0, 0), 'window': None})>
2020-01-21 21:19:45,743 - BDM-WAM 1579641578.9672062 - INFO - <Event(3-KeyUp {'key': 50, 'mod': 0, 'scancode': 3, 'window': None})>
2020-01-21 21:19:45,743 - BDM-WAM 1579641578.9672062 - INFO - <Event(4-MouseMotion {'pos': (277, 226), 'rel': (1, 0), 'buttons': (0, 0, 0), 'window': None})>
2020-01-21 21:19:45,856 - BDM-WAM 1579641578.9672062 - INFO - <Event(4-MouseMotion {'pos': (285, 226), 'rel': (8, 0), 'buttons': (0, 0, 0), 'window': None})>
2020-01-21 21:19:45,870 - BDM-WAM 1579641578.9672062 - INFO - <Event(4-MouseMotion {'pos': (328, 224), 'rel': (43, -2), 'buttons': (0, 0, 0), 'window': None})>
2020-01-21 21:19:45,881 - BDM-WAM 1579641578.9672062 - INFO - <Event(4-MouseMotion {'pos': (349, 222), 'rel': (21, -2), 'buttons': (0, 0, 0), 'window': None})>
2020-01-21 21:19:45,900 - BDM-WAM 1579641578.9672062 - INFO - <Event(4-MouseMotion {'pos': (361, 220), 'rel': (12, -2), 'buttons': (0, 0, 0), 'window': None})>
2020-01-21 21:19:45,915 - BDM-WAM 1579641578.9672062 - INFO - <Event(4-MouseMotion {'pos': (365, 219), 'rel': (4, -1), 'buttons': (0, 0, 0), 'window': None})>
2020-01-21 21:19:46,034 - BDM-WAM 1579641578.9672062 - INFO - <Event(4-MouseMotion {'pos': (351, 218), 'rel': (-14, -1), 'buttons': (0, 0, 0), 'window': None})>
2020-01-21 21:19:46,087 - BDM-WAM 1579641578.9672062 - INFO - <Event(4-MouseMotion {'pos': (287, 210), 'rel': (-64, -8), 'buttons': (0, 0, 0), 'window': None})>
2020-01-21 21:19:46,148 - BDM-WAM 1579641578.9672062 - INFO - <Event(10-MoleUp) {'loc': (119,366)})>
2020-01-21 21:19:46,150 - BDM-WAM 1579641578.9672062 - INFO - <Event(4-MouseMotion {'pos': (283, 209), 'rel': (-4, -1), 'buttons': (0, 0, 0), 'window': None})>
2020-01-21 21:19:46,269 - BDM-WAM 1579641578.9672062 - INFO - <Event(4-MouseMotion {'pos': (284, 210), 'rel': (1, 1), 'buttons': (0, 0, 0), 'window': None})>
2020-01-21 21:19:46,286 - BDM-WAM 1579641578.9672062 - INFO - <Event(4-MouseMotion {'pos': (298, 220), 'rel': (14, 10), 'buttons': (0, 0, 0), 'window': None})>
2020-01-21 21:19:46,303 - BDM-WAM 1579641578.9672062 - INFO - <Event(4-MouseMotion {'pos': (307, 226), 'rel': (9, 6), 'buttons': (0, 0, 0), 'window': None})>
2020-01-21 21:19:46,321 - BDM-WAM 1579641578.9672062 - INFO - <Event(4-MouseMotion {'pos': (316, 231), 'rel': (9, 5), 'buttons': (0, 0, 0), 'window': None})>
2020-01-21 21:19:46,338 - BDM-WAM 1579641578.9672062 - INFO - <Event(4-MouseMotion {'pos': (332, 239), 'rel': (16, 8), 'buttons': (0, 0, 0), 'window': None})>
2020-01-21 21:19:46,355 - BDM-WAM 1579641578.9672062 - INFO - <Event(4-MouseMotion {'pos': (352, 247), 'rel': (20, 8), 'buttons': (0, 0, 0), 'window': None})>
2020-01-21 21:19:46,373 - BDM-WAM 1579641578.9672062 - INFO - <Event(4-MouseMotion {'pos': (374, 255), 'rel': (22, 8), 'buttons': (0, 0, 0), 'window': None})>
2020-01-21 21:19:46,390 - BDM-WAM 1579641578.9672062 - INFO - <Event(4-MouseMotion {'pos': (393, 261), 'rel': (19, 6), 'buttons': (0, 0, 0), 'window': None})>
2020-01-21 21:19:46,407 - BDM-WAM 1579641578.9672062 - INFO - <Event(4-MouseMotion {'pos': (407, 264), 'rel': (14, 3), 'buttons': (0, 0, 0), 'window': None})>
2020-01-21 21:19:46,424 - BDM-WAM 1579641578.9672062 - INFO - <Event(4-MouseMotion {'pos': (414, 266), 'rel': (7, 2), 'buttons': (0, 0, 0), 'window': None})>
2020-01-21 21:19:46,441 - BDM-WAM 1579641578.9672062 - INFO - <Event(4-MouseMotion {'pos': (418, 266), 'rel': (4, 0), 'buttons': (0, 0, 0), 'window': None})>
2020-01-21 21:19:46,458 - BDM-WAM 1579641578.9672062 - INFO - <Event(4-MouseMotion {'pos': (422, 266), 'rel': (4, 0), 'buttons': (0, 0, 0), 'window': None})>
2020-01-21 21:19:46,475 - BDM-WAM 1579641578.9672062 - INFO - <Event(4-MouseMotion {'pos': (431, 266), 'rel': (9, 0), 'buttons': (0, 0, 0), 'window': None})>
2020-01-21 21:19:46,492 - BDM-WAM 1579641578.9672062 - INFO - <Event(4-MouseMotion {'pos': (444, 262), 'rel': (13, -4), 'buttons': (0, 0, 0), 'window': None})>
2020-01-21 21:19:46,509 - BDM-WAM 1579641578.9672062 - INFO - <Event(4-MouseMotion {'pos': (450, 258), 'rel': (6, -4), 'buttons': (0, 0, 0), 'window': None})>
2020-01-21 21:19:46,526 - BDM-WAM 1579641578.9672062 - INFO - <Event(4-MouseMotion {'pos': (455, 254), 'rel': (5, -4), 'buttons': (0, 0, 0), 'window': None})>
2020-01-21 21:19:46,558 - BDM-WAM 1579641578.9672062 - INFO - <Event(4-MouseMotion {'pos': (468, 237), 'rel': (13, -17), 'buttons': (0, 0, 0), 'window': None})>
2020-01-21 21:19:46,597 - BDM-WAM 1579641578.9672062 - INFO - <Event(4-MouseMotion {'pos': (476, 196), 'rel': (8, -41), 'buttons': (0, 0, 0), 'window': None})>
2020-01-21 21:19:46,615 - BDM-WAM 1579641578.9672062 - INFO - <Event(4-MouseMotion {'pos': (476, 179), 'rel': (0, -17), 'buttons': (0, 0, 0), 'window': None})>
2020-01-21 21:19:46,632 - BDM-WAM 1579641578.9672062 - INFO - <Event(4-MouseMotion {'pos': (476, 167), 'rel': (0, -12), 'buttons': (0, 0, 0), 'window': None})>
2020-01-21 21:19:46,649 - BDM-WAM 1579641578.9672062 - INFO - <Event(4-MouseMotion {'pos': (476, 156), 'rel': (0, -11), 'buttons': (0, 0, 0), 'window': None})>
2020-01-21 21:19:46,698 - BDM-WAM 1579641578.9672062 - INFO - <Event(4-MouseMotion {'pos': (476, 152), 'rel': (0, -4), 'buttons': (0, 0, 0), 'window': None})>
2020-01-21 21:19:46,832 - BDM-WAM 1579641578.9672062 - INFO - <Event(4-MouseMotion {'pos': (473, 152), 'rel': (-3, 0), 'buttons': (0, 0, 0), 'window': None})>
2020-01-21 21:19:46,849 - BDM-WAM 1579641578.9672062 - INFO - <Event(4-MouseMotion {'pos': (426, 173), 'rel': (-47, 21), 'buttons': (0, 0, 0), 'window': None})>
2020-01-21 21:19:46,866 - BDM-WAM 1579641578.9672062 - INFO - <Event(4-MouseMotion {'pos': (332, 234), 'rel': (-94, 61), 'buttons': (0, 0, 0), 'window': None})>
2020-01-21 21:19:46,882 - BDM-WAM 1579641578.9672062 - INFO - <Event(4-MouseMotion {'pos': (244, 309), 'rel': (-88, 75), 'buttons': (0, 0, 0), 'window': None})>
2020-01-21 21:19:46,899 - BDM-WAM 1579641578.9672062 - INFO - <Event(4-MouseMotion {'pos': (198, 360), 'rel': (-46, 51), 'buttons': (0, 0, 0), 'window': None})>
2020-01-21 21:19:46,916 - BDM-WAM 1579641578.9672062 - INFO - <Event(4-MouseMotion {'pos': (178, 387), 'rel': (-20, 27), 'buttons': (0, 0, 0), 'window': None})>
2020-01-21 21:19:46,933 - BDM-WAM 1579641578.9672062 - INFO - <Event(4-MouseMotion {'pos': (162, 416), 'rel': (-16, 29), 'buttons': (0, 0, 0), 'window': None})>
2020-01-21 21:19:46,950 - BDM-WAM 1579641578.9672062 - INFO - <Event(4-MouseMotion {'pos': (157, 432), 'rel': (-5, 16), 'buttons': (0, 0, 0), 'window': None})>
2020-01-21 21:19:46,967 - BDM-WAM 1579641578.9672062 - INFO - <Event(4-MouseMotion {'pos': (157, 436), 'rel': (0, 4), 'buttons': (0, 0, 0), 'window': None})>
2020-01-21 21:19:46,984 - BDM-WAM 1579641578.9672062 - INFO - <Event(4-MouseMotion {'pos': (157, 437), 'rel': (0, 1), 'buttons': (0, 0, 0), 'window': None})>
2020-01-21 21:19:47,036 - BDM-WAM 1579641578.9672062 - INFO - <Event(4-MouseMotion {'pos': (157, 438), 'rel': (0, 1), 'buttons': (0, 0, 0), 'window': None})>
2020-01-21 21:19:47,239 - BDM-WAM 1579641578.9672062 - INFO - <Event(5-MouseButtonDown {'pos': (157, 438), 'button': 1, 'window': None})>
2020-01-21 21:19:47,239 - BDM-WAM 1579641578.9672062 - INFO - <Event(8-Pause {'reason': hit_conf })>
2020-01-21 21:19:47,451 - BDM-WAM 1579641578.9672062 - INFO - <Event(7-Rate {'hit_conf': 2 })>
2020-01-21 21:19:47,615 - BDM-WAM 1579641578.9672062 - INFO - <Event(7-Rate {'reward_conf': 2 })>
2020-01-21 21:19:47,777 - BDM-WAM 1579641578.9672062 - INFO - <Event(7-Rate {'player_skill': 2 })>
2020-01-21 21:19:47,778 - BDM-WAM 1579641578.9672062 - INFO - <Event(9.1-TrueHit {'pos': (157,438),'distance: 81.41252974819048,'relative_loc: (38, 72),'window': None})>
2020-01-21 21:19:47,778 - BDM-WAM 1579641578.9672062 - INFO - <Event(11-Score {score_inc: 4,score: 12})>
2020-01-21 21:19:47,812 - BDM-WAM 1579641578.9672062 - INFO - <Event(4-MouseMotion {'pos': (178, 425), 'rel': (1, 0), 'buttons': (0, 0, 0), 'window': None})>
2020-01-21 21:19:47,833 - BDM-WAM 1579641578.9672062 - INFO - <Event(4-MouseMotion {'pos': (180, 422), 'rel': (2, -3), 'buttons': (0, 0, 0), 'window': None})>
2020-01-21 21:19:47,849 - BDM-WAM 1579641578.9672062 - INFO - <Event(4-MouseMotion {'pos': (181, 420), 'rel': (1, -2), 'buttons': (0, 0, 0), 'window': None})>
2020-01-21 21:19:47,866 - BDM-WAM 1579641578.9672062 - INFO - <Event(4-MouseMotion {'pos': (182, 419), 'rel': (1, -1), 'buttons': (0, 0, 0), 'window': None})>
2020-01-21 21:19:47,882 - BDM-WAM 1579641578.9672062 - INFO - <Event(4-MouseMotion {'pos': (182, 418), 'rel': (0, -1), 'buttons': (0, 0, 0), 'window': None})>
2020-01-21 21:19:47,899 - BDM-WAM 1579641578.9672062 - INFO - <Event(3-KeyUp {'key': 50, 'mod': 0, 'scancode': 3, 'window': None})>
2020-01-21 21:19:47,933 - BDM-WAM 1579641578.9672062 - INFO - <Event(4-MouseMotion {'pos': (183, 418), 'rel': (1, 0), 'buttons': (0, 0, 0), 'window': None})>
2020-01-21 21:19:47,950 - BDM-WAM 1579641578.9672062 - INFO - <Event(4-MouseMotion {'pos': (186, 416), 'rel': (3, -2), 'buttons': (0, 0, 0), 'window': None})>
2020-01-21 21:19:47,966 - BDM-WAM 1579641578.9672062 - INFO - <Event(4-MouseMotion {'pos': (191, 412), 'rel': (5, -4), 'buttons': (0, 0, 0), 'window': None})>
2020-01-21 21:19:47,983 - BDM-WAM 1579641578.9672062 - INFO - <Event(4-MouseMotion {'pos': (196, 407), 'rel': (5, -5), 'buttons': (0, 0, 0), 'window': None})>
2020-01-21 21:19:48,000 - BDM-WAM 1579641578.9672062 - INFO - <Event(4-MouseMotion {'pos': (199, 403), 'rel': (3, -4), 'buttons': (0, 0, 0), 'window': None})>
2020-01-21 21:19:48,017 - BDM-WAM 1579641578.9672062 - INFO - <Event(4-MouseMotion {'pos': (201, 400), 'rel': (2, -3), 'buttons': (0, 0, 0), 'window': None})>
2020-01-21 21:19:48,035 - BDM-WAM 1579641578.9672062 - INFO - <Event(4-MouseMotion {'pos': (202, 399), 'rel': (1, -1), 'buttons': (0, 0, 0), 'window': None})>
2020-01-21 21:19:48,052 - BDM-WAM 1579641578.9672062 - INFO - <Event(4-MouseMotion {'pos': (216, 391), 'rel': (14, -8), 'buttons': (0, 0, 0), 'window': None})>
2020-01-21 21:19:48,069 - BDM-WAM 1579641578.9672062 - INFO - <Event(4-MouseMotion {'pos': (248, 377), 'rel': (32, -14), 'buttons': (0, 0, 0), 'window': None})>
2020-01-21 21:19:48,125 - BDM-WAM 1579641578.9672062 - INFO - <Event(4-MouseMotion {'pos': (262, 368), 'rel': (14, -9), 'buttons': (0, 0, 0), 'window': None})>
2020-01-21 21:19:48,298 - BDM-WAM 1579641578.9672062 - INFO - <Event(10-MoleUp) {'loc': (95,43)})>
2020-01-21 21:19:48,334 - BDM-WAM 1579641578.9672062 - INFO - <Event(4-MouseMotion {'pos': (259, 372), 'rel': (-3, 4), 'buttons': (0, 0, 0), 'window': None})>
2020-01-21 21:19:48,352 - BDM-WAM 1579641578.9672062 - INFO - <Event(4-MouseMotion {'pos': (258, 374), 'rel': (-1, 2), 'buttons': (0, 0, 0), 'window': None})>
2020-01-21 21:19:48,369 - BDM-WAM 1579641578.9672062 - INFO - <Event(4-MouseMotion {'pos': (258, 376), 'rel': (0, 2), 'buttons': (0, 0, 0), 'window': None})>
2020-01-21 21:19:48,384 - BDM-WAM 1579641578.9672062 - INFO - <Event(4-MouseMotion {'pos': (261, 380), 'rel': (3, 4), 'buttons': (0, 0, 0), 'window': None})>
2020-01-21 21:19:48,403 - BDM-WAM 1579641578.9672062 - INFO - <Event(4-MouseMotion {'pos': (276, 391), 'rel': (15, 11), 'buttons': (0, 0, 0), 'window': None})>
2020-01-21 21:19:48,418 - BDM-WAM 1579641578.9672062 - INFO - <Event(4-MouseMotion {'pos': (294, 403), 'rel': (18, 12), 'buttons': (0, 0, 0), 'window': None})>
2020-01-21 21:19:48,435 - BDM-WAM 1579641578.9672062 - INFO - <Event(4-MouseMotion {'pos': (307, 410), 'rel': (13, 7), 'buttons': (0, 0, 0), 'window': None})>
2020-01-21 21:19:48,452 - BDM-WAM 1579641578.9672062 - INFO - <Event(4-MouseMotion {'pos': (336, 423), 'rel': (29, 13), 'buttons': (0, 0, 0), 'window': None})>
2020-01-21 21:19:48,470 - BDM-WAM 1579641578.9672062 - INFO - <Event(4-MouseMotion {'pos': (380, 433), 'rel': (44, 10), 'buttons': (0, 0, 0), 'window': None})>
2020-01-21 21:19:48,486 - BDM-WAM 1579641578.9672062 - INFO - <Event(4-MouseMotion {'pos': (422, 444), 'rel': (42, 11), 'buttons': (0, 0, 0), 'window': None})>
2020-01-21 21:19:48,503 - BDM-WAM 1579641578.9672062 - INFO - <Event(4-MouseMotion {'pos': (460, 451), 'rel': (38, 7), 'buttons': (0, 0, 0), 'window': None})>
2020-01-21 21:19:48,520 - BDM-WAM 1579641578.9672062 - INFO - <Event(4-MouseMotion {'pos': (481, 455), 'rel': (21, 4), 'buttons': (0, 0, 0), 'window': None})>
2020-01-21 21:19:48,537 - BDM-WAM 1579641578.9672062 - INFO - <Event(4-MouseMotion {'pos': (494, 458), 'rel': (13, 3), 'buttons': (0, 0, 0), 'window': None})>
2020-01-21 21:19:48,554 - BDM-WAM 1579641578.9672062 - INFO - <Event(4-MouseMotion {'pos': (506, 459), 'rel': (12, 1), 'buttons': (0, 0, 0), 'window': None})>
2020-01-21 21:19:48,571 - BDM-WAM 1579641578.9672062 - INFO - <Event(4-MouseMotion {'pos': (516, 460), 'rel': (10, 1), 'buttons': (0, 0, 0), 'window': None})>
2020-01-21 21:19:48,588 - BDM-WAM 1579641578.9672062 - INFO - <Event(4-MouseMotion {'pos': (526, 462), 'rel': (10, 2), 'buttons': (0, 0, 0), 'window': None})>
2020-01-21 21:19:48,605 - BDM-WAM 1579641578.9672062 - INFO - <Event(4-MouseMotion {'pos': (535, 463), 'rel': (9, 1), 'buttons': (0, 0, 0), 'window': None})>
2020-01-21 21:19:48,622 - BDM-WAM 1579641578.9672062 - INFO - <Event(4-MouseMotion {'pos': (552, 466), 'rel': (17, 3), 'buttons': (0, 0, 0), 'window': None})>
2020-01-21 21:19:48,639 - BDM-WAM 1579641578.9672062 - INFO - <Event(4-MouseMotion {'pos': (574, 469), 'rel': (22, 3), 'buttons': (0, 0, 0), 'window': None})>
2020-01-21 21:19:48,656 - BDM-WAM 1579641578.9672062 - INFO - <Event(4-MouseMotion {'pos': (593, 470), 'rel': (19, 1), 'buttons': (0, 0, 0), 'window': None})>
2020-01-21 21:19:48,674 - BDM-WAM 1579641578.9672062 - INFO - <Event(4-MouseMotion {'pos': (597, 470), 'rel': (4, 0), 'buttons': (0, 0, 0), 'window': None})>
2020-01-21 21:19:48,692 - BDM-WAM 1579641578.9672062 - INFO - <Event(4-MouseMotion {'pos': (599, 470), 'rel': (2, 0), 'buttons': (0, 0, 0), 'window': None})>
2020-01-21 21:19:48,745 - BDM-WAM 1579641578.9672062 - INFO - <Event(4-MouseMotion {'pos': (618, 469), 'rel': (19, -1), 'buttons': (0, 0, 0), 'window': None})>
2020-01-21 21:19:48,764 - BDM-WAM 1579641578.9672062 - INFO - <Event(4-MouseMotion {'pos': (632, 464), 'rel': (14, -5), 'buttons': (0, 0, 0), 'window': None})>
2020-01-21 21:19:48,781 - BDM-WAM 1579641578.9672062 - INFO - <Event(4-MouseMotion {'pos': (637, 463), 'rel': (5, -1), 'buttons': (0, 0, 0), 'window': None})>
2020-01-21 21:19:48,796 - BDM-WAM 1579641578.9672062 - INFO - <Event(4-MouseMotion {'pos': (641, 460), 'rel': (4, -3), 'buttons': (0, 0, 0), 'window': None})>
2020-01-21 21:19:48,845 - BDM-WAM 1579641578.9672062 - INFO - <Event(4-MouseMotion {'pos': (645, 448), 'rel': (4, -12), 'buttons': (0, 0, 0), 'window': None})>
2020-01-21 21:19:48,848 - BDM-WAM 1579641578.9672062 - INFO - <Event(4-MouseMotion {'pos': (645, 447), 'rel': (0, -1), 'buttons': (0, 0, 0), 'window': None})>
2020-01-21 21:19:48,864 - BDM-WAM 1579641578.9672062 - INFO - <Event(4-MouseMotion {'pos': (645, 446), 'rel': (0, -1), 'buttons': (0, 0, 0), 'window': None})>
2020-01-21 21:19:48,880 - BDM-WAM 1579641578.9672062 - INFO - <Event(4-MouseMotion {'pos': (645, 444), 'rel': (0, -2), 'buttons': (0, 0, 0), 'window': None})>
2020-01-21 21:19:48,899 - BDM-WAM 1579641578.9672062 - INFO - <Event(4-MouseMotion {'pos': (646, 439), 'rel': (1, -5), 'buttons': (0, 0, 0), 'window': None})>
2020-01-21 21:19:48,949 - BDM-WAM 1579641578.9672062 - INFO - <Event(4-MouseMotion {'pos': (652, 420), 'rel': (6, -19), 'buttons': (0, 0, 0), 'window': None})>
2020-01-21 21:19:48,953 - BDM-WAM 1579641578.9672062 - INFO - <Event(4-MouseMotion {'pos': (654, 416), 'rel': (2, -4), 'buttons': (0, 0, 0), 'window': None})>
2020-01-21 21:19:48,967 - BDM-WAM 1579641578.9672062 - INFO - <Event(4-MouseMotion {'pos': (655, 401), 'rel': (1, -15), 'buttons': (0, 0, 0), 'window': None})>
2020-01-21 21:19:48,989 - BDM-WAM 1579641578.9672062 - INFO - <Event(4-MouseMotion {'pos': (638, 362), 'rel': (-17, -39), 'buttons': (0, 0, 0), 'window': None})>
2020-01-21 21:19:49,000 - BDM-WAM 1579641578.9672062 - INFO - <Event(4-MouseMotion {'pos': (600, 322), 'rel': (-38, -40), 'buttons': (0, 0, 0), 'window': None})>
2020-01-21 21:19:49,017 - BDM-WAM 1579641578.9672062 - INFO - <Event(4-MouseMotion {'pos': (525, 251), 'rel': (-75, -71), 'buttons': (0, 0, 0), 'window': None})>
2020-01-21 21:19:49,034 - BDM-WAM 1579641578.9672062 - INFO - <Event(4-MouseMotion {'pos': (435, 170), 'rel': (-90, -81), 'buttons': (0, 0, 0), 'window': None})>
2020-01-21 21:19:49,051 - BDM-WAM 1579641578.9672062 - INFO - <Event(4-MouseMotion {'pos': (367, 128), 'rel': (-68, -42), 'buttons': (0, 0, 0), 'window': None})>
2020-01-21 21:19:49,068 - BDM-WAM 1579641578.9672062 - INFO - <Event(4-MouseMotion {'pos': (330, 113), 'rel': (-37, -15), 'buttons': (0, 0, 0), 'window': None})>
2020-01-21 21:19:49,085 - BDM-WAM 1579641578.9672062 - INFO - <Event(4-MouseMotion {'pos': (319, 110), 'rel': (-11, -3), 'buttons': (0, 0, 0), 'window': None})>
2020-01-21 21:19:49,102 - BDM-WAM 1579641578.9672062 - INFO - <Event(4-MouseMotion {'pos': (317, 110), 'rel': (-2, 0), 'buttons': (0, 0, 0), 'window': None})>
2020-01-21 21:19:49,119 - BDM-WAM 1579641578.9672062 - INFO - <Event(4-MouseMotion {'pos': (309, 109), 'rel': (-8, -1), 'buttons': (0, 0, 0), 'window': None})>
2020-01-21 21:19:49,136 - BDM-WAM 1579641578.9672062 - INFO - <Event(4-MouseMotion {'pos': (303, 108), 'rel': (-6, -1), 'buttons': (0, 0, 0), 'window': None})>
2020-01-21 21:19:49,153 - BDM-WAM 1579641578.9672062 - INFO - <Event(4-MouseMotion {'pos': (298, 108), 'rel': (-5, 0), 'buttons': (0, 0, 0), 'window': None})>
2020-01-21 21:19:49,170 - BDM-WAM 1579641578.9672062 - INFO - <Event(4-MouseMotion {'pos': (278, 106), 'rel': (-20, -2), 'buttons': (0, 0, 0), 'window': None})>
2020-01-21 21:19:49,187 - BDM-WAM 1579641578.9672062 - INFO - <Event(4-MouseMotion {'pos': (261, 104), 'rel': (-17, -2), 'buttons': (0, 0, 0), 'window': None})>
2020-01-21 21:19:49,204 - BDM-WAM 1579641578.9672062 - INFO - <Event(4-MouseMotion {'pos': (240, 99), 'rel': (-21, -5), 'buttons': (0, 0, 0), 'window': None})>
2020-01-21 21:19:49,221 - BDM-WAM 1579641578.9672062 - INFO - <Event(4-MouseMotion {'pos': (222, 92), 'rel': (-18, -7), 'buttons': (0, 0, 0), 'window': None})>
2020-01-21 21:19:49,239 - BDM-WAM 1579641578.9672062 - INFO - <Event(4-MouseMotion {'pos': (209, 88), 'rel': (-13, -4), 'buttons': (0, 0, 0), 'window': None})>
2020-01-21 21:19:49,255 - BDM-WAM 1579641578.9672062 - INFO - <Event(4-MouseMotion {'pos': (206, 88), 'rel': (-3, 0), 'buttons': (0, 0, 0), 'window': None})>
2020-01-21 21:19:49,306 - BDM-WAM 1579641578.9672062 - INFO - <Event(4-MouseMotion {'pos': (205, 88), 'rel': (-1, 0), 'buttons': (0, 0, 0), 'window': None})>
2020-01-21 21:19:49,323 - BDM-WAM 1579641578.9672062 - INFO - <Event(4-MouseMotion {'pos': (195, 88), 'rel': (-10, 0), 'buttons': (0, 0, 0), 'window': None})>
2020-01-21 21:19:49,340 - BDM-WAM 1579641578.9672062 - INFO - <Event(4-MouseMotion {'pos': (190, 88), 'rel': (-5, 0), 'buttons': (0, 0, 0), 'window': None})>
2020-01-21 21:19:49,357 - BDM-WAM 1579641578.9672062 - INFO - <Event(4-MouseMotion {'pos': (185, 89), 'rel': (-5, 1), 'buttons': (0, 0, 0), 'window': None})>
2020-01-21 21:19:49,374 - BDM-WAM 1579641578.9672062 - INFO - <Event(4-MouseMotion {'pos': (181, 90), 'rel': (-4, 1), 'buttons': (0, 0, 0), 'window': None})>
2020-01-21 21:19:49,391 - BDM-WAM 1579641578.9672062 - INFO - <Event(4-MouseMotion {'pos': (180, 91), 'rel': (-1, 1), 'buttons': (0, 0, 0), 'window': None})>
2020-01-21 21:19:49,408 - BDM-WAM 1579641578.9672062 - INFO - <Event(4-MouseMotion {'pos': (177, 92), 'rel': (-3, 1), 'buttons': (0, 0, 0), 'window': None})>
2020-01-21 21:19:49,426 - BDM-WAM 1579641578.9672062 - INFO - <Event(4-MouseMotion {'pos': (170, 94), 'rel': (-7, 2), 'buttons': (0, 0, 0), 'window': None})>
2020-01-21 21:19:49,443 - BDM-WAM 1579641578.9672062 - INFO - <Event(4-MouseMotion {'pos': (163, 95), 'rel': (-7, 1), 'buttons': (0, 0, 0), 'window': None})>
2020-01-21 21:19:49,460 - BDM-WAM 1579641578.9672062 - INFO - <Event(4-MouseMotion {'pos': (159, 97), 'rel': (-4, 2), 'buttons': (0, 0, 0), 'window': None})>
2020-01-21 21:19:49,477 - BDM-WAM 1579641578.9672062 - INFO - <Event(4-MouseMotion {'pos': (158, 97), 'rel': (-1, 0), 'buttons': (0, 0, 0), 'window': None})>
2020-01-21 21:19:49,562 - BDM-WAM 1579641578.9672062 - INFO - <Event(5-MouseButtonDown {'pos': (158, 97), 'button': 1, 'window': None})>
2020-01-21 21:19:49,562 - BDM-WAM 1579641578.9672062 - INFO - <Event(8-Pause {'reason': hit_conf })>
2020-01-21 21:19:49,725 - BDM-WAM 1579641578.9672062 - INFO - <Event(7-Rate {'hit_conf': 2 })>
2020-01-21 21:19:49,895 - BDM-WAM 1579641578.9672062 - INFO - <Event(7-Rate {'reward_conf': 2 })>
2020-01-21 21:19:50,062 - BDM-WAM 1579641578.9672062 - INFO - <Event(7-Rate {'player_skill': 2 })>
2020-01-21 21:19:50,063 - BDM-WAM 1579641578.9672062 - INFO - <Event(9.1-TrueHit {'pos': (158,97),'distance: 82.97590011563598,'relative_loc: (63, 54),'window': None})>
2020-01-21 21:19:50,063 - BDM-WAM 1579641578.9672062 - INFO - <Event(11-Score {score_inc: 0,score: 12})>
2020-01-21 21:19:50,106 - BDM-WAM 1579641578.9672062 - INFO - <Event(4-MouseMotion {'pos': (317, 133), 'rel': (19, 3), 'buttons': (0, 0, 0), 'window': None})>
2020-01-21 21:19:50,109 - BDM-WAM 1579641578.9672062 - INFO - <Event(4-MouseMotion {'pos': (322, 134), 'rel': (5, 1), 'buttons': (0, 0, 0), 'window': None})>
2020-01-21 21:19:50,124 - BDM-WAM 1579641578.9672062 - INFO - <Event(4-MouseMotion {'pos': (366, 138), 'rel': (44, 4), 'buttons': (0, 0, 0), 'window': None})>
2020-01-21 21:19:50,141 - BDM-WAM 1579641578.9672062 - INFO - <Event(4-MouseMotion {'pos': (405, 141), 'rel': (39, 3), 'buttons': (0, 0, 0), 'window': None})>
2020-01-21 21:19:50,158 - BDM-WAM 1579641578.9672062 - INFO - <Event(4-MouseMotion {'pos': (421, 143), 'rel': (16, 2), 'buttons': (0, 0, 0), 'window': None})>
2020-01-21 21:19:50,177 - BDM-WAM 1579641578.9672062 - INFO - <Event(3-KeyUp {'key': 50, 'mod': 0, 'scancode': 3, 'window': None})>
2020-01-21 21:19:50,177 - BDM-WAM 1579641578.9672062 - INFO - <Event(4-MouseMotion {'pos': (425, 145), 'rel': (4, 2), 'buttons': (0, 0, 0), 'window': None})>
2020-01-21 21:19:50,193 - BDM-WAM 1579641578.9672062 - INFO - <Event(4-MouseMotion {'pos': (426, 146), 'rel': (1, 1), 'buttons': (0, 0, 0), 'window': None})>
2020-01-21 21:19:50,274 - BDM-WAM 1579641578.9672062 - INFO - <Event(4-MouseMotion {'pos': (435, 152), 'rel': (9, 6), 'buttons': (0, 0, 0), 'window': None})>
2020-01-21 21:19:50,277 - BDM-WAM 1579641578.9672062 - INFO - <Event(4-MouseMotion {'pos': (436, 153), 'rel': (1, 1), 'buttons': (0, 0, 0), 'window': None})>
2020-01-21 21:19:50,294 - BDM-WAM 1579641578.9672062 - INFO - <Event(4-MouseMotion {'pos': (437, 154), 'rel': (1, 1), 'buttons': (0, 0, 0), 'window': None})>
2020-01-21 21:19:50,311 - BDM-WAM 1579641578.9672062 - INFO - <Event(4-MouseMotion {'pos': (440, 156), 'rel': (3, 2), 'buttons': (0, 0, 0), 'window': None})>
2020-01-21 21:19:50,328 - BDM-WAM 1579641578.9672062 - INFO - <Event(4-MouseMotion {'pos': (443, 158), 'rel': (3, 2), 'buttons': (0, 0, 0), 'window': None})>
2020-01-21 21:19:50,345 - BDM-WAM 1579641578.9672062 - INFO - <Event(4-MouseMotion {'pos': (445, 160), 'rel': (2, 2), 'buttons': (0, 0, 0), 'window': None})>
2020-01-21 21:19:50,362 - BDM-WAM 1579641578.9672062 - INFO - <Event(4-MouseMotion {'pos': (446, 160), 'rel': (1, 0), 'buttons': (0, 0, 0), 'window': None})>
2020-01-21 21:19:50,445 - BDM-WAM 1579641578.9672062 - INFO - <Event(4-MouseMotion {'pos': (457, 162), 'rel': (11, 2), 'buttons': (0, 0, 0), 'window': None})>
2020-01-21 21:19:50,463 - BDM-WAM 1579641578.9672062 - INFO - <Event(4-MouseMotion {'pos': (467, 162), 'rel': (10, 0), 'buttons': (0, 0, 0), 'window': None})>
2020-01-21 21:19:50,517 - BDM-WAM 1579641578.9672062 - INFO - <Event(4-MouseMotion {'pos': (498, 160), 'rel': (31, -2), 'buttons': (0, 0, 0), 'window': None})>
2020-01-21 21:19:50,587 - BDM-WAM 1579641578.9672062 - INFO - <Event(10-MoleUp) {'loc': (119,366)})>
2020-01-21 21:19:50,657 - BDM-WAM 1579641578.9672062 - INFO - <Event(4-MouseMotion {'pos': (495, 160), 'rel': (-3, 0), 'buttons': (0, 0, 0), 'window': None})>
2020-01-21 21:19:50,674 - BDM-WAM 1579641578.9672062 - INFO - <Event(4-MouseMotion {'pos': (490, 160), 'rel': (-5, 0), 'buttons': (0, 0, 0), 'window': None})>
2020-01-21 21:19:50,691 - BDM-WAM 1579641578.9672062 - INFO - <Event(4-MouseMotion {'pos': (482, 162), 'rel': (-8, 2), 'buttons': (0, 0, 0), 'window': None})>
2020-01-21 21:19:50,708 - BDM-WAM 1579641578.9672062 - INFO - <Event(4-MouseMotion {'pos': (469, 165), 'rel': (-13, 3), 'buttons': (0, 0, 0), 'window': None})>
2020-01-21 21:19:50,725 - BDM-WAM 1579641578.9672062 - INFO - <Event(4-MouseMotion {'pos': (453, 169), 'rel': (-16, 4), 'buttons': (0, 0, 0), 'window': None})>
2020-01-21 21:19:50,742 - BDM-WAM 1579641578.9672062 - INFO - <Event(4-MouseMotion {'pos': (440, 173), 'rel': (-13, 4), 'buttons': (0, 0, 0), 'window': None})>
2020-01-21 21:19:50,759 - BDM-WAM 1579641578.9672062 - INFO - <Event(4-MouseMotion {'pos': (430, 178), 'rel': (-10, 5), 'buttons': (0, 0, 0), 'window': None})>
2020-01-21 21:19:50,776 - BDM-WAM 1579641578.9672062 - INFO - <Event(4-MouseMotion {'pos': (419, 184), 'rel': (-11, 6), 'buttons': (0, 0, 0), 'window': None})>
2020-01-21 21:19:50,793 - BDM-WAM 1579641578.9672062 - INFO - <Event(4-MouseMotion {'pos': (410, 189), 'rel': (-9, 5), 'buttons': (0, 0, 0), 'window': None})>
2020-01-21 21:19:50,810 - BDM-WAM 1579641578.9672062 - INFO - <Event(4-MouseMotion {'pos': (402, 197), 'rel': (-8, 8), 'buttons': (0, 0, 0), 'window': None})>
2020-01-21 21:19:50,827 - BDM-WAM 1579641578.9672062 - INFO - <Event(4-MouseMotion {'pos': (393, 208), 'rel': (-9, 11), 'buttons': (0, 0, 0), 'window': None})>
2020-01-21 21:19:50,845 - BDM-WAM 1579641578.9672062 - INFO - <Event(4-MouseMotion {'pos': (382, 220), 'rel': (-11, 12), 'buttons': (0, 0, 0), 'window': None})>
2020-01-21 21:19:50,861 - BDM-WAM 1579641578.9672062 - INFO - <Event(4-MouseMotion {'pos': (366, 235), 'rel': (-16, 15), 'buttons': (0, 0, 0), 'window': None})>
2020-01-21 21:19:50,878 - BDM-WAM 1579641578.9672062 - INFO - <Event(4-MouseMotion {'pos': (338, 257), 'rel': (-28, 22), 'buttons': (0, 0, 0), 'window': None})>
2020-01-21 21:19:50,895 - BDM-WAM 1579641578.9672062 - INFO - <Event(4-MouseMotion {'pos': (296, 281), 'rel': (-42, 24), 'buttons': (0, 0, 0), 'window': None})>
2020-01-21 21:19:50,912 - BDM-WAM 1579641578.9672062 - INFO - <Event(4-MouseMotion {'pos': (223, 307), 'rel': (-73, 26), 'buttons': (0, 0, 0), 'window': None})>
2020-01-21 21:19:50,930 - BDM-WAM 1579641578.9672062 - INFO - <Event(4-MouseMotion {'pos': (142, 321), 'rel': (-81, 14), 'buttons': (0, 0, 0), 'window': None})>
2020-01-21 21:19:50,947 - BDM-WAM 1579641578.9672062 - INFO - <Event(4-MouseMotion {'pos': (66, 331), 'rel': (-76, 10), 'buttons': (0, 0, 0), 'window': None})>
2020-01-21 21:19:50,966 - BDM-WAM 1579641578.9672062 - INFO - <Event(4-MouseMotion {'pos': (45, 333), 'rel': (-21, 2), 'buttons': (0, 0, 0), 'window': None})>
2020-01-21 21:19:51,067 - BDM-WAM 1579641578.9672062 - INFO - <Event(4-MouseMotion {'pos': (56, 331), 'rel': (11, -2), 'buttons': (0, 0, 0), 'window': None})>
2020-01-21 21:19:51,117 - BDM-WAM 1579641578.9672062 - INFO - <Event(4-MouseMotion {'pos': (127, 309), 'rel': (71, -22), 'buttons': (0, 0, 0), 'window': None})>
2020-01-21 21:19:51,136 - BDM-WAM 1579641578.9672062 - INFO - <Event(4-MouseMotion {'pos': (140, 304), 'rel': (13, -5), 'buttons': (0, 0, 0), 'window': None})>
2020-01-21 21:19:51,152 - BDM-WAM 1579641578.9672062 - INFO - <Event(4-MouseMotion {'pos': (147, 303), 'rel': (7, -1), 'buttons': (0, 0, 0), 'window': None})>
2020-01-21 21:19:51,191 - BDM-WAM 1579641578.9672062 - INFO - <Event(4-MouseMotion {'pos': (159, 304), 'rel': (12, 1), 'buttons': (0, 0, 0), 'window': None})>
2020-01-21 21:19:51,235 - BDM-WAM 1579641578.9672062 - INFO - <Event(4-MouseMotion {'pos': (188, 358), 'rel': (29, 54), 'buttons': (0, 0, 0), 'window': None})>
2020-01-21 21:19:51,237 - BDM-WAM 1579641578.9672062 - INFO - <Event(4-MouseMotion {'pos': (189, 363), 'rel': (1, 5), 'buttons': (0, 0, 0), 'window': None})>
2020-01-21 21:19:51,255 - BDM-WAM 1579641578.9672062 - INFO - <Event(4-MouseMotion {'pos': (202, 414), 'rel': (13, 51), 'buttons': (0, 0, 0), 'window': None})>
2020-01-21 21:19:51,270 - BDM-WAM 1579641578.9672062 - INFO - <Event(4-MouseMotion {'pos': (209, 440), 'rel': (7, 26), 'buttons': (0, 0, 0), 'window': None})>
2020-01-21 21:19:51,289 - BDM-WAM 1579641578.9672062 - INFO - <Event(4-MouseMotion {'pos': (210, 451), 'rel': (1, 11), 'buttons': (0, 0, 0), 'window': None})>
2020-01-21 21:19:51,305 - BDM-WAM 1579641578.9672062 - INFO - <Event(4-MouseMotion {'pos': (210, 455), 'rel': (0, 4), 'buttons': (0, 0, 0), 'window': None})>
2020-01-21 21:19:51,322 - BDM-WAM 1579641578.9672062 - INFO - <Event(4-MouseMotion {'pos': (210, 457), 'rel': (0, 2), 'buttons': (0, 0, 0), 'window': None})>
2020-01-21 21:19:51,339 - BDM-WAM 1579641578.9672062 - INFO - <Event(4-MouseMotion {'pos': (210, 458), 'rel': (0, 1), 'buttons': (0, 0, 0), 'window': None})>
2020-01-21 21:19:51,359 - BDM-WAM 1579641578.9672062 - INFO - <Event(4-MouseMotion {'pos': (210, 459), 'rel': (0, 1), 'buttons': (0, 0, 0), 'window': None})>
2020-01-21 21:19:51,375 - BDM-WAM 1579641578.9672062 - INFO - <Event(4-MouseMotion {'pos': (211, 460), 'rel': (1, 1), 'buttons': (0, 0, 0), 'window': None})>
2020-01-21 21:19:51,541 - BDM-WAM 1579641578.9672062 - INFO - <Event(4-MouseMotion {'pos': (196, 449), 'rel': (-15, -11), 'buttons': (0, 0, 0), 'window': None})>
2020-01-21 21:19:51,558 - BDM-WAM 1579641578.9672062 - INFO - <Event(4-MouseMotion {'pos': (158, 416), 'rel': (-38, -33), 'buttons': (0, 0, 0), 'window': None})>
2020-01-21 21:19:51,575 - BDM-WAM 1579641578.9672062 - INFO - <Event(4-MouseMotion {'pos': (144, 404), 'rel': (-14, -12), 'buttons': (0, 0, 0), 'window': None})>
2020-01-21 21:19:51,592 - BDM-WAM 1579641578.9672062 - INFO - <Event(4-MouseMotion {'pos': (136, 394), 'rel': (-8, -10), 'buttons': (0, 0, 0), 'window': None})>
2020-01-21 21:19:51,609 - BDM-WAM 1579641578.9672062 - INFO - <Event(4-MouseMotion {'pos': (136, 392), 'rel': (0, -2), 'buttons': (0, 0, 0), 'window': None})>
2020-01-21 21:19:51,728 - BDM-WAM 1579641578.9672062 - INFO - <Event(5-MouseButtonDown {'pos': (136, 392), 'button': 1, 'window': None})>
2020-01-21 21:19:51,729 - BDM-WAM 1579641578.9672062 - INFO - <Event(8-Pause {'reason': hit_conf })>
2020-01-21 21:19:52,070 - BDM-WAM 1579641578.9672062 - INFO - <Event(7-Rate {'hit_conf': 2 })>
2020-01-21 21:19:52,238 - BDM-WAM 1579641578.9672062 - INFO - <Event(7-Rate {'reward_conf': 2 })>
2020-01-21 21:19:52,409 - BDM-WAM 1579641578.9672062 - INFO - <Event(7-Rate {'player_skill': 2 })>
2020-01-21 21:19:52,409 - BDM-WAM 1579641578.9672062 - INFO - <Event(9.1-TrueHit {'pos': (136,392),'distance: 31.064449134018133,'relative_loc: (17, 26),'window': None})>
2020-01-21 21:19:52,409 - BDM-WAM 1579641578.9672062 - INFO - <Event(11-Score {score_inc: 5,score: 17})>
2020-01-21 21:19:52,410 - BDM-WAM 1579641578.9672062 - INFO - <Event(8-Pause {'reason': demo })>
2020-01-21 21:19:54,190 - BDM-WAM 1579641578.9672062 - INFO - <Event(4-MouseMotion {'pos': (179, 418), 'rel': (2, -1), 'buttons': (0, 0, 0), 'window': None})>
2020-01-21 21:19:54,206 - BDM-WAM 1579641578.9672062 - INFO - <Event(4-MouseMotion {'pos': (183, 418), 'rel': (4, 0), 'buttons': (0, 0, 0), 'window': None})>
2020-01-21 21:19:54,232 - BDM-WAM 1579641578.9672062 - INFO - <Event(3-KeyUp {'key': 99, 'mod': 0, 'scancode': 46, 'window': None})>
2020-01-21 21:19:54,232 - BDM-WAM 1579641578.9672062 - INFO - <Event(4-MouseMotion {'pos': (186, 418), 'rel': (3, 0), 'buttons': (0, 0, 0), 'window': None})>
2020-01-21 21:19:54,240 - BDM-WAM 1579641578.9672062 - INFO - <Event(4-MouseMotion {'pos': (189, 418), 'rel': (3, 0), 'buttons': (0, 0, 0), 'window': None})>
2020-01-21 21:19:54,257 - BDM-WAM 1579641578.9672062 - INFO - <Event(4-MouseMotion {'pos': (192, 418), 'rel': (3, 0), 'buttons': (0, 0, 0), 'window': None})>
2020-01-21 21:19:54,274 - BDM-WAM 1579641578.9672062 - INFO - <Event(4-MouseMotion {'pos': (193, 417), 'rel': (1, -1), 'buttons': (0, 0, 0), 'window': None})>
2020-01-21 21:19:54,291 - BDM-WAM 1579641578.9672062 - INFO - <Event(4-MouseMotion {'pos': (201, 415), 'rel': (8, -2), 'buttons': (0, 0, 0), 'window': None})>
2020-01-21 21:19:54,319 - BDM-WAM 1579641578.9672062 - INFO - <Event(4-MouseMotion {'pos': (212, 413), 'rel': (11, -2), 'buttons': (0, 0, 0), 'window': None})>
2020-01-21 21:19:54,326 - BDM-WAM 1579641578.9672062 - INFO - <Event(4-MouseMotion {'pos': (214, 413), 'rel': (2, 0), 'buttons': (0, 0, 0), 'window': None})>
2020-01-21 21:19:54,341 - BDM-WAM 1579641578.9672062 - INFO - <Event(4-MouseMotion {'pos': (216, 412), 'rel': (2, -1), 'buttons': (0, 0, 0), 'window': None})>
2020-01-21 21:19:54,359 - BDM-WAM 1579641578.9672062 - INFO - <Event(4-MouseMotion {'pos': (220, 412), 'rel': (4, 0), 'buttons': (0, 0, 0), 'window': None})>
2020-01-21 21:19:54,375 - BDM-WAM 1579641578.9672062 - INFO - <Event(4-MouseMotion {'pos': (230, 412), 'rel': (10, 0), 'buttons': (0, 0, 0), 'window': None})>
2020-01-21 21:19:54,430 - BDM-WAM 1579641578.9672062 - INFO - <Event(4-MouseMotion {'pos': (307, 408), 'rel': (77, -4), 'buttons': (0, 0, 0), 'window': None})>
2020-01-21 21:19:54,457 - BDM-WAM 1579641578.9672062 - INFO - <Event(4-MouseMotion {'pos': (340, 401), 'rel': (33, -7), 'buttons': (0, 0, 0), 'window': None})>
2020-01-21 21:19:54,466 - BDM-WAM 1579641578.9672062 - INFO - <Event(4-MouseMotion {'pos': (344, 399), 'rel': (4, -2), 'buttons': (0, 0, 0), 'window': None})>
2020-01-21 21:19:54,482 - BDM-WAM 1579641578.9672062 - INFO - <Event(4-MouseMotion {'pos': (347, 397), 'rel': (3, -2), 'buttons': (0, 0, 0), 'window': None})>
2020-01-21 21:19:54,536 - BDM-WAM 1579641578.9672062 - INFO - <Event(4-MouseMotion {'pos': (345, 356), 'rel': (-2, -41), 'buttons': (0, 0, 0), 'window': None})>
2020-01-21 21:19:54,611 - BDM-WAM 1579641578.9672062 - INFO - <Event(10-MoleUp) {'loc': (404,479)})>
2020-01-21 21:19:54,612 - BDM-WAM 1579641578.9672062 - INFO - <Event(4-MouseMotion {'pos': (290, 231), 'rel': (-55, -125), 'buttons': (0, 0, 0), 'window': None})>
2020-01-21 21:19:54,678 - BDM-WAM 1579641578.9672062 - INFO - <Event(4-MouseMotion {'pos': (288, 231), 'rel': (-2, 0), 'buttons': (0, 0, 0), 'window': None})>
2020-01-21 21:19:54,707 - BDM-WAM 1579641578.9672062 - INFO - <Event(4-MouseMotion {'pos': (278, 256), 'rel': (-10, 25), 'buttons': (0, 0, 0), 'window': None})>
2020-01-21 21:19:54,712 - BDM-WAM 1579641578.9672062 - INFO - <Event(4-MouseMotion {'pos': (277, 264), 'rel': (-1, 8), 'buttons': (0, 0, 0), 'window': None})>
2020-01-21 21:19:54,730 - BDM-WAM 1579641578.9672062 - INFO - <Event(4-MouseMotion {'pos': (284, 312), 'rel': (7, 48), 'buttons': (0, 0, 0), 'window': None})>
2020-01-21 21:19:54,747 - BDM-WAM 1579641578.9672062 - INFO - <Event(4-MouseMotion {'pos': (303, 368), 'rel': (19, 56), 'buttons': (0, 0, 0), 'window': None})>
2020-01-21 21:19:54,764 - BDM-WAM 1579641578.9672062 - INFO - <Event(4-MouseMotion {'pos': (319, 411), 'rel': (16, 43), 'buttons': (0, 0, 0), 'window': None})>
2020-01-21 21:19:54,781 - BDM-WAM 1579641578.9672062 - INFO - <Event(4-MouseMotion {'pos': (328, 424), 'rel': (9, 13), 'buttons': (0, 0, 0), 'window': None})>
2020-01-21 21:19:54,798 - BDM-WAM 1579641578.9672062 - INFO - <Event(4-MouseMotion {'pos': (335, 433), 'rel': (7, 9), 'buttons': (0, 0, 0), 'window': None})>
2020-01-21 21:19:54,815 - BDM-WAM 1579641578.9672062 - INFO - <Event(4-MouseMotion {'pos': (341, 439), 'rel': (6, 6), 'buttons': (0, 0, 0), 'window': None})>
2020-01-21 21:19:54,832 - BDM-WAM 1579641578.9672062 - INFO - <Event(4-MouseMotion {'pos': (354, 444), 'rel': (13, 5), 'buttons': (0, 0, 0), 'window': None})>
2020-01-21 21:19:54,849 - BDM-WAM 1579641578.9672062 - INFO - <Event(4-MouseMotion {'pos': (369, 448), 'rel': (15, 4), 'buttons': (0, 0, 0), 'window': None})>
2020-01-21 21:19:54,867 - BDM-WAM 1579641578.9672062 - INFO - <Event(4-MouseMotion {'pos': (375, 448), 'rel': (6, 0), 'buttons': (0, 0, 0), 'window': None})>
2020-01-21 21:19:54,883 - BDM-WAM 1579641578.9672062 - INFO - <Event(4-MouseMotion {'pos': (377, 448), 'rel': (2, 0), 'buttons': (0, 0, 0), 'window': None})>
2020-01-21 21:19:54,900 - BDM-WAM 1579641578.9672062 - INFO - <Event(4-MouseMotion {'pos': (379, 448), 'rel': (2, 0), 'buttons': (0, 0, 0), 'window': None})>
2020-01-21 21:19:54,917 - BDM-WAM 1579641578.9672062 - INFO - <Event(4-MouseMotion {'pos': (383, 448), 'rel': (4, 0), 'buttons': (0, 0, 0), 'window': None})>
2020-01-21 21:19:54,934 - BDM-WAM 1579641578.9672062 - INFO - <Event(4-MouseMotion {'pos': (389, 443), 'rel': (6, -5), 'buttons': (0, 0, 0), 'window': None})>
2020-01-21 21:19:54,951 - BDM-WAM 1579641578.9672062 - INFO - <Event(4-MouseMotion {'pos': (394, 434), 'rel': (5, -9), 'buttons': (0, 0, 0), 'window': None})>
2020-01-21 21:19:54,968 - BDM-WAM 1579641578.9672062 - INFO - <Event(4-MouseMotion {'pos': (394, 421), 'rel': (0, -13), 'buttons': (0, 0, 0), 'window': None})>
2020-01-21 21:19:54,986 - BDM-WAM 1579641578.9672062 - INFO - <Event(4-MouseMotion {'pos': (385, 396), 'rel': (-9, -25), 'buttons': (0, 0, 0), 'window': None})>
2020-01-21 21:19:55,039 - BDM-WAM 1579641578.9672062 - INFO - <Event(4-MouseMotion {'pos': (333, 286), 'rel': (-52, -110), 'buttons': (0, 0, 0), 'window': None})>
2020-01-21 21:19:55,042 - BDM-WAM 1579641578.9672062 - INFO - <Event(4-MouseMotion {'pos': (327, 277), 'rel': (-6, -9), 'buttons': (0, 0, 0), 'window': None})>
2020-01-21 21:19:55,058 - BDM-WAM 1579641578.9672062 - INFO - <Event(4-MouseMotion {'pos': (313, 257), 'rel': (-14, -20), 'buttons': (0, 0, 0), 'window': None})>
2020-01-21 21:19:55,074 - BDM-WAM 1579641578.9672062 - INFO - <Event(4-MouseMotion {'pos': (302, 247), 'rel': (-11, -10), 'buttons': (0, 0, 0), 'window': None})>
2020-01-21 21:19:55,091 - BDM-WAM 1579641578.9672062 - INFO - <Event(4-MouseMotion {'pos': (300, 246), 'rel': (-2, -1), 'buttons': (0, 0, 0), 'window': None})>
2020-01-21 21:19:55,148 - BDM-WAM 1579641578.9672062 - INFO - <Event(4-MouseMotion {'pos': (282, 245), 'rel': (-18, -1), 'buttons': (0, 0, 0), 'window': None})>
2020-01-21 21:19:55,166 - BDM-WAM 1579641578.9672062 - INFO - <Event(4-MouseMotion {'pos': (275, 245), 'rel': (-7, 0), 'buttons': (0, 0, 0), 'window': None})>
2020-01-21 21:19:55,183 - BDM-WAM 1579641578.9672062 - INFO - <Event(4-MouseMotion {'pos': (269, 244), 'rel': (-6, -1), 'buttons': (0, 0, 0), 'window': None})>
2020-01-21 21:19:55,199 - BDM-WAM 1579641578.9672062 - INFO - <Event(4-MouseMotion {'pos': (255, 237), 'rel': (-14, -7), 'buttons': (0, 0, 0), 'window': None})>
2020-01-21 21:19:55,248 - BDM-WAM 1579641578.9672062 - INFO - <Event(4-MouseMotion {'pos': (240, 229), 'rel': (-15, -8), 'buttons': (0, 0, 0), 'window': None})>
2020-01-21 21:19:55,327 - BDM-WAM 1579641578.9672062 - INFO - <Event(4-MouseMotion {'pos': (242, 250), 'rel': (2, 21), 'buttons': (0, 0, 0), 'window': None})>
2020-01-21 21:19:55,336 - BDM-WAM 1579641578.9672062 - INFO - <Event(4-MouseMotion {'pos': (253, 280), 'rel': (11, 30), 'buttons': (0, 0, 0), 'window': None})>
2020-01-21 21:19:55,355 - BDM-WAM 1579641578.9672062 - INFO - <Event(4-MouseMotion {'pos': (254, 282), 'rel': (1, 2), 'buttons': (0, 0, 0), 'window': None})>
2020-01-21 21:19:55,373 - BDM-WAM 1579641578.9672062 - INFO - <Event(4-MouseMotion {'pos': (256, 285), 'rel': (2, 3), 'buttons': (0, 0, 0), 'window': None})>
2020-01-21 21:19:55,388 - BDM-WAM 1579641578.9672062 - INFO - <Event(4-MouseMotion {'pos': (260, 290), 'rel': (4, 5), 'buttons': (0, 0, 0), 'window': None})>
2020-01-21 21:19:55,406 - BDM-WAM 1579641578.9672062 - INFO - <Event(4-MouseMotion {'pos': (276, 308), 'rel': (16, 18), 'buttons': (0, 0, 0), 'window': None})>
2020-01-21 21:19:55,423 - BDM-WAM 1579641578.9672062 - INFO - <Event(4-MouseMotion {'pos': (299, 339), 'rel': (23, 31), 'buttons': (0, 0, 0), 'window': None})>
2020-01-21 21:19:55,441 - BDM-WAM 1579641578.9672062 - INFO - <Event(4-MouseMotion {'pos': (327, 392), 'rel': (28, 53), 'buttons': (0, 0, 0), 'window': None})>
2020-01-21 21:19:55,457 - BDM-WAM 1579641578.9672062 - INFO - <Event(4-MouseMotion {'pos': (355, 446), 'rel': (28, 54), 'buttons': (0, 0, 0), 'window': None})>
2020-01-21 21:19:55,474 - BDM-WAM 1579641578.9672062 - INFO - <Event(4-MouseMotion {'pos': (375, 485), 'rel': (20, 39), 'buttons': (0, 0, 0), 'window': None})>
2020-01-21 21:19:55,490 - BDM-WAM 1579641578.9672062 - INFO - <Event(4-MouseMotion {'pos': (385, 501), 'rel': (10, 16), 'buttons': (0, 0, 0), 'window': None})>
2020-01-21 21:19:55,507 - BDM-WAM 1579641578.9672062 - INFO - <Event(4-MouseMotion {'pos': (396, 514), 'rel': (11, 13), 'buttons': (0, 0, 0), 'window': None})>
2020-01-21 21:19:55,524 - BDM-WAM 1579641578.9672062 - INFO - <Event(4-MouseMotion {'pos': (402, 522), 'rel': (6, 8), 'buttons': (0, 0, 0), 'window': None})>
2020-01-21 21:19:55,546 - BDM-WAM 1579641578.9672062 - INFO - <Event(4-MouseMotion {'pos': (406, 527), 'rel': (4, 5), 'buttons': (0, 0, 0), 'window': None})>
2020-01-21 21:19:55,558 - BDM-WAM 1579641578.9672062 - INFO - <Event(4-MouseMotion {'pos': (407, 528), 'rel': (1, 1), 'buttons': (0, 0, 0), 'window': None})>
2020-01-21 21:19:55,574 - BDM-WAM 1579641578.9672062 - INFO - <Event(4-MouseMotion {'pos': (408, 531), 'rel': (1, 3), 'buttons': (0, 0, 0), 'window': None})>
2020-01-21 21:19:55,591 - BDM-WAM 1579641578.9672062 - INFO - <Event(4-MouseMotion {'pos': (409, 542), 'rel': (1, 11), 'buttons': (0, 0, 0), 'window': None})>
2020-01-21 21:19:55,608 - BDM-WAM 1579641578.9672062 - INFO - <Event(4-MouseMotion {'pos': (415, 565), 'rel': (6, 23), 'buttons': (0, 0, 0), 'window': None})>
2020-01-21 21:19:55,625 - BDM-WAM 1579641578.9672062 - INFO - <Event(4-MouseMotion {'pos': (419, 578), 'rel': (4, 13), 'buttons': (0, 0, 0), 'window': None})>
2020-01-21 21:19:55,642 - BDM-WAM 1579641578.9672062 - INFO - <Event(4-MouseMotion {'pos': (420, 580), 'rel': (1, 2), 'buttons': (0, 0, 0), 'window': None})>
2020-01-21 21:19:55,694 - BDM-WAM 1579641578.9672062 - INFO - <Event(4-MouseMotion {'pos': (421, 580), 'rel': (1, 0), 'buttons': (0, 0, 0), 'window': None})>
2020-01-21 21:19:55,728 - BDM-WAM 1579641578.9672062 - INFO - <Event(4-MouseMotion {'pos': (422, 579), 'rel': (1, -1), 'buttons': (0, 0, 0), 'window': None})>
2020-01-21 21:19:55,745 - BDM-WAM 1579641578.9672062 - INFO - <Event(4-MouseMotion {'pos': (431, 565), 'rel': (9, -14), 'buttons': (0, 0, 0), 'window': None})>
2020-01-21 21:19:55,762 - BDM-WAM 1579641578.9672062 - INFO - <Event(4-MouseMotion {'pos': (437, 548), 'rel': (6, -17), 'buttons': (0, 0, 0), 'window': None})>
2020-01-21 21:19:55,779 - BDM-WAM 1579641578.9672062 - INFO - <Event(4-MouseMotion {'pos': (439, 530), 'rel': (2, -18), 'buttons': (0, 0, 0), 'window': None})>
2020-01-21 21:19:55,796 - BDM-WAM 1579641578.9672062 - INFO - <Event(4-MouseMotion {'pos': (439, 527), 'rel': (0, -3), 'buttons': (0, 0, 0), 'window': None})>
2020-01-21 21:19:55,814 - BDM-WAM 1579641578.9672062 - INFO - <Event(4-MouseMotion {'pos': (439, 526), 'rel': (0, -1), 'buttons': (0, 0, 0), 'window': None})>
2020-01-21 21:19:55,830 - BDM-WAM 1579641578.9672062 - INFO - <Event(4-MouseMotion {'pos': (439, 525), 'rel': (0, -1), 'buttons': (0, 0, 0), 'window': None})>
2020-01-21 21:19:55,917 - BDM-WAM 1579641578.9672062 - INFO - <Event(5-MouseButtonDown {'pos': (439, 525), 'button': 1, 'window': None})>
2020-01-21 21:19:55,917 - BDM-WAM 1579641578.9672062 - INFO - <Event(8-Pause {'reason': hit_conf })>
2020-01-21 21:19:56,111 - BDM-WAM 1579641578.9672062 - INFO - <Event(7-Rate {'hit_conf': 2 })>
2020-01-21 21:19:56,277 - BDM-WAM 1579641578.9672062 - INFO - <Event(7-Rate {'reward_conf': 2 })>
2020-01-21 21:19:56,443 - BDM-WAM 1579641578.9672062 - INFO - <Event(7-Rate {'player_skill': 2 })>
2020-01-21 21:19:56,444 - BDM-WAM 1579641578.9672062 - INFO - <Event(9.1-TrueHit {'pos': (439,525),'distance: 57.8013840664737,'relative_loc: (35, 46),'window': None})>
2020-01-21 21:19:56,444 - BDM-WAM 1579641578.9672062 - INFO - <Event(11-Score {score_inc: 4,score: 4})>
2020-01-21 21:19:56,565 - BDM-WAM 1579641578.9672062 - INFO - <Event(3-KeyUp {'key': 50, 'mod': 0, 'scancode': 3, 'window': None})>
2020-01-21 21:19:56,616 - BDM-WAM 1579641578.9672062 - INFO - <Event(4-MouseMotion {'pos': (439, 523), 'rel': (0, -2), 'buttons': (0, 0, 0), 'window': None})>
2020-01-21 21:19:56,633 - BDM-WAM 1579641578.9672062 - INFO - <Event(4-MouseMotion {'pos': (439, 521), 'rel': (0, -2), 'buttons': (0, 0, 0), 'window': None})>
2020-01-21 21:19:56,650 - BDM-WAM 1579641578.9672062 - INFO - <Event(4-MouseMotion {'pos': (439, 516), 'rel': (0, -5), 'buttons': (0, 0, 0), 'window': None})>
2020-01-21 21:19:56,668 - BDM-WAM 1579641578.9672062 - INFO - <Event(4-MouseMotion {'pos': (435, 509), 'rel': (-4, -7), 'buttons': (0, 0, 0), 'window': None})>
2020-01-21 21:19:56,685 - BDM-WAM 1579641578.9672062 - INFO - <Event(4-MouseMotion {'pos': (433, 505), 'rel': (-2, -4), 'buttons': (0, 0, 0), 'window': None})>
2020-01-21 21:19:56,702 - BDM-WAM 1579641578.9672062 - INFO - <Event(4-MouseMotion {'pos': (435, 496), 'rel': (2, -9), 'buttons': (0, 0, 0), 'window': None})>
2020-01-21 21:19:56,719 - BDM-WAM 1579641578.9672062 - INFO - <Event(4-MouseMotion {'pos': (437, 492), 'rel': (2, -4), 'buttons': (0, 0, 0), 'window': None})>
2020-01-21 21:19:56,736 - BDM-WAM 1579641578.9672062 - INFO - <Event(4-MouseMotion {'pos': (437, 487), 'rel': (0, -5), 'buttons': (0, 0, 0), 'window': None})>
2020-01-21 21:19:56,786 - BDM-WAM 1579641578.9672062 - INFO - <Event(4-MouseMotion {'pos': (435, 478), 'rel': (-2, -9), 'buttons': (0, 0, 0), 'window': None})>
2020-01-21 21:19:56,789 - BDM-WAM 1579641578.9672062 - INFO - <Event(4-MouseMotion {'pos': (435, 477), 'rel': (0, -1), 'buttons': (0, 0, 0), 'window': None})>
2020-01-21 21:19:56,807 - BDM-WAM 1579641578.9672062 - INFO - <Event(4-MouseMotion {'pos': (435, 473), 'rel': (0, -4), 'buttons': (0, 0, 0), 'window': None})>
2020-01-21 21:19:56,825 - BDM-WAM 1579641578.9672062 - INFO - <Event(4-MouseMotion {'pos': (470, 444), 'rel': (35, -29), 'buttons': (0, 0, 0), 'window': None})>
2020-01-21 21:19:56,844 - BDM-WAM 1579641578.9672062 - INFO - <Event(4-MouseMotion {'pos': (504, 409), 'rel': (34, -35), 'buttons': (0, 0, 0), 'window': None})>
2020-01-21 21:19:56,890 - BDM-WAM 1579641578.9672062 - INFO - <Event(4-MouseMotion {'pos': (531, 354), 'rel': (27, -55), 'buttons': (0, 0, 0), 'window': None})>
2020-01-21 21:19:56,966 - BDM-WAM 1579641578.9672062 - INFO - <Event(10-MoleUp) {'loc': (119,366)})>
2020-01-21 21:19:56,968 - BDM-WAM 1579641578.9672062 - INFO - <Event(4-MouseMotion {'pos': (531, 327), 'rel': (0, -27), 'buttons': (0, 0, 0), 'window': None})>
2020-01-21 21:19:56,983 - BDM-WAM 1579641578.9672062 - INFO - <Event(4-MouseMotion {'pos': (530, 324), 'rel': (-1, -3), 'buttons': (0, 0, 0), 'window': None})>
2020-01-21 21:19:57,001 - BDM-WAM 1579641578.9672062 - INFO - <Event(4-MouseMotion {'pos': (530, 323), 'rel': (0, -1), 'buttons': (0, 0, 0), 'window': None})>
2020-01-21 21:19:57,017 - BDM-WAM 1579641578.9672062 - INFO - <Event(4-MouseMotion {'pos': (530, 322), 'rel': (0, -1), 'buttons': (0, 0, 0), 'window': None})>
2020-01-21 21:19:57,051 - BDM-WAM 1579641578.9672062 - INFO - <Event(4-MouseMotion {'pos': (530, 321), 'rel': (0, -1), 'buttons': (0, 0, 0), 'window': None})>
2020-01-21 21:19:57,068 - BDM-WAM 1579641578.9672062 - INFO - <Event(4-MouseMotion {'pos': (530, 319), 'rel': (0, -2), 'buttons': (0, 0, 0), 'window': None})>
2020-01-21 21:19:57,087 - BDM-WAM 1579641578.9672062 - INFO - <Event(4-MouseMotion {'pos': (531, 318), 'rel': (1, -1), 'buttons': (0, 0, 0), 'window': None})>
2020-01-21 21:19:57,103 - BDM-WAM 1579641578.9672062 - INFO - <Event(4-MouseMotion {'pos': (532, 315), 'rel': (1, -3), 'buttons': (0, 0, 0), 'window': None})>
2020-01-21 21:19:57,119 - BDM-WAM 1579641578.9672062 - INFO - <Event(4-MouseMotion {'pos': (536, 310), 'rel': (4, -5), 'buttons': (0, 0, 0), 'window': None})>
2020-01-21 21:19:57,137 - BDM-WAM 1579641578.9672062 - INFO - <Event(4-MouseMotion {'pos': (541, 304), 'rel': (5, -6), 'buttons': (0, 0, 0), 'window': None})>
2020-01-21 21:19:57,153 - BDM-WAM 1579641578.9672062 - INFO - <Event(4-MouseMotion {'pos': (544, 300), 'rel': (3, -4), 'buttons': (0, 0, 0), 'window': None})>
2020-01-21 21:19:57,171 - BDM-WAM 1579641578.9672062 - INFO - <Event(4-MouseMotion {'pos': (550, 295), 'rel': (6, -5), 'buttons': (0, 0, 0), 'window': None})>
2020-01-21 21:19:57,187 - BDM-WAM 1579641578.9672062 - INFO - <Event(4-MouseMotion {'pos': (556, 288), 'rel': (6, -7), 'buttons': (0, 0, 0), 'window': None})>
2020-01-21 21:19:57,204 - BDM-WAM 1579641578.9672062 - INFO - <Event(4-MouseMotion {'pos': (562, 282), 'rel': (6, -6), 'buttons': (0, 0, 0), 'window': None})>
2020-01-21 21:19:57,221 - BDM-WAM 1579641578.9672062 - INFO - <Event(4-MouseMotion {'pos': (565, 278), 'rel': (3, -4), 'buttons': (0, 0, 0), 'window': None})>
2020-01-21 21:19:57,241 - BDM-WAM 1579641578.9672062 - INFO - <Event(4-MouseMotion {'pos': (566, 273), 'rel': (1, -5), 'buttons': (0, 0, 0), 'window': None})>
2020-01-21 21:19:57,257 - BDM-WAM 1579641578.9672062 - INFO - <Event(4-MouseMotion {'pos': (566, 270), 'rel': (0, -3), 'buttons': (0, 0, 0), 'window': None})>
2020-01-21 21:19:57,275 - BDM-WAM 1579641578.9672062 - INFO - <Event(4-MouseMotion {'pos': (566, 268), 'rel': (0, -2), 'buttons': (0, 0, 0), 'window': None})>
2020-01-21 21:19:57,291 - BDM-WAM 1579641578.9672062 - INFO - <Event(4-MouseMotion {'pos': (564, 263), 'rel': (-2, -5), 'buttons': (0, 0, 0), 'window': None})>
2020-01-21 21:19:57,309 - BDM-WAM 1579641578.9672062 - INFO - <Event(4-MouseMotion {'pos': (554, 254), 'rel': (-10, -9), 'buttons': (0, 0, 0), 'window': None})>
2020-01-21 21:19:57,330 - BDM-WAM 1579641578.9672062 - INFO - <Event(4-MouseMotion {'pos': (545, 245), 'rel': (-9, -9), 'buttons': (0, 0, 0), 'window': None})>
2020-01-21 21:19:57,343 - BDM-WAM 1579641578.9672062 - INFO - <Event(4-MouseMotion {'pos': (540, 241), 'rel': (-5, -4), 'buttons': (0, 0, 0), 'window': None})>
2020-01-21 21:19:57,390 - BDM-WAM 1579641578.9672062 - INFO - <Event(4-MouseMotion {'pos': (522, 229), 'rel': (-18, -12), 'buttons': (0, 0, 0), 'window': None})>
2020-01-21 21:19:57,393 - BDM-WAM 1579641578.9672062 - INFO - <Event(4-MouseMotion {'pos': (521, 229), 'rel': (-1, 0), 'buttons': (0, 0, 0), 'window': None})>
2020-01-21 21:19:57,411 - BDM-WAM 1579641578.9672062 - INFO - <Event(4-MouseMotion {'pos': (519, 228), 'rel': (-2, -1), 'buttons': (0, 0, 0), 'window': None})>
2020-01-21 21:19:57,426 - BDM-WAM 1579641578.9672062 - INFO - <Event(4-MouseMotion {'pos': (516, 226), 'rel': (-3, -2), 'buttons': (0, 0, 0), 'window': None})>
2020-01-21 21:19:57,443 - BDM-WAM 1579641578.9672062 - INFO - <Event(4-MouseMotion {'pos': (514, 225), 'rel': (-2, -1), 'buttons': (0, 0, 0), 'window': None})>
2020-01-21 21:19:57,491 - BDM-WAM 1579641578.9672062 - INFO - <Event(4-MouseMotion {'pos': (514, 224), 'rel': (0, -1), 'buttons': (0, 0, 0), 'window': None})>
2020-01-21 21:19:57,509 - BDM-WAM 1579641578.9672062 - INFO - <Event(4-MouseMotion {'pos': (512, 223), 'rel': (-2, -1), 'buttons': (0, 0, 0), 'window': None})>
2020-01-21 21:19:57,526 - BDM-WAM 1579641578.9672062 - INFO - <Event(4-MouseMotion {'pos': (509, 221), 'rel': (-3, -2), 'buttons': (0, 0, 0), 'window': None})>
2020-01-21 21:19:57,543 - BDM-WAM 1579641578.9672062 - INFO - <Event(4-MouseMotion {'pos': (506, 219), 'rel': (-3, -2), 'buttons': (0, 0, 0), 'window': None})>
2020-01-21 21:19:57,560 - BDM-WAM 1579641578.9672062 - INFO - <Event(4-MouseMotion {'pos': (502, 216), 'rel': (-4, -3), 'buttons': (0, 0, 0), 'window': None})>
2020-01-21 21:19:57,622 - BDM-WAM 1579641578.9672062 - INFO - <Event(4-MouseMotion {'pos': (434, 220), 'rel': (-68, 4), 'buttons': (0, 0, 0), 'window': None})>
2020-01-21 21:19:57,641 - BDM-WAM 1579641578.9672062 - INFO - <Event(4-MouseMotion {'pos': (336, 239), 'rel': (-98, 19), 'buttons': (0, 0, 0), 'window': None})>
2020-01-21 21:19:57,671 - BDM-WAM 1579641578.9672062 - INFO - <Event(4-MouseMotion {'pos': (167, 301), 'rel': (-169, 62), 'buttons': (0, 0, 0), 'window': None})>
2020-01-21 21:19:57,678 - BDM-WAM 1579641578.9672062 - INFO - <Event(4-MouseMotion {'pos': (136, 315), 'rel': (-31, 14), 'buttons': (0, 0, 0), 'window': None})>
2020-01-21 21:19:57,693 - BDM-WAM 1579641578.9672062 - INFO - <Event(4-MouseMotion {'pos': (76, 355), 'rel': (-60, 40), 'buttons': (0, 0, 0), 'window': None})>
2020-01-21 21:19:57,709 - BDM-WAM 1579641578.9672062 - INFO - <Event(4-MouseMotion {'pos': (34, 385), 'rel': (-42, 30), 'buttons': (0, 0, 0), 'window': None})>
2020-01-21 21:19:57,728 - BDM-WAM 1579641578.9672062 - INFO - <Event(4-MouseMotion {'pos': (16, 404), 'rel': (-18, 19), 'buttons': (0, 0, 0), 'window': None})>
2020-01-21 21:19:57,743 - BDM-WAM 1579641578.9672062 - INFO - <Event(4-MouseMotion {'pos': (14, 408), 'rel': (-2, 4), 'buttons': (0, 0, 0), 'window': None})>
2020-01-21 21:19:57,760 - BDM-WAM 1579641578.9672062 - INFO - <Event(4-MouseMotion {'pos': (14, 410), 'rel': (0, 2), 'buttons': (0, 0, 0), 'window': None})>
2020-01-21 21:19:57,777 - BDM-WAM 1579641578.9672062 - INFO - <Event(4-MouseMotion {'pos': (16, 414), 'rel': (2, 4), 'buttons': (0, 0, 0), 'window': None})>
2020-01-21 21:19:57,794 - BDM-WAM 1579641578.9672062 - INFO - <Event(4-MouseMotion {'pos': (17, 416), 'rel': (1, 2), 'buttons': (0, 0, 0), 'window': None})>
2020-01-21 21:19:57,811 - BDM-WAM 1579641578.9672062 - INFO - <Event(4-MouseMotion {'pos': (25, 421), 'rel': (8, 5), 'buttons': (0, 0, 0), 'window': None})>
2020-01-21 21:19:57,828 - BDM-WAM 1579641578.9672062 - INFO - <Event(4-MouseMotion {'pos': (35, 429), 'rel': (10, 8), 'buttons': (0, 0, 0), 'window': None})>
2020-01-21 21:19:57,845 - BDM-WAM 1579641578.9672062 - INFO - <Event(4-MouseMotion {'pos': (42, 434), 'rel': (7, 5), 'buttons': (0, 0, 0), 'window': None})>
2020-01-21 21:19:57,862 - BDM-WAM 1579641578.9672062 - INFO - <Event(4-MouseMotion {'pos': (50, 439), 'rel': (8, 5), 'buttons': (0, 0, 0), 'window': None})>
2020-01-21 21:19:57,879 - BDM-WAM 1579641578.9672062 - INFO - <Event(4-MouseMotion {'pos': (60, 446), 'rel': (10, 7), 'buttons': (0, 0, 0), 'window': None})>
2020-01-21 21:19:57,896 - BDM-WAM 1579641578.9672062 - INFO - <Event(4-MouseMotion {'pos': (75, 455), 'rel': (15, 9), 'buttons': (0, 0, 0), 'window': None})>
2020-01-21 21:19:57,913 - BDM-WAM 1579641578.9672062 - INFO - <Event(4-MouseMotion {'pos': (83, 458), 'rel': (8, 3), 'buttons': (0, 0, 0), 'window': None})>
2020-01-21 21:19:57,930 - BDM-WAM 1579641578.9672062 - INFO - <Event(4-MouseMotion {'pos': (89, 458), 'rel': (6, 0), 'buttons': (0, 0, 0), 'window': None})>
2020-01-21 21:19:57,947 - BDM-WAM 1579641578.9672062 - INFO - <Event(4-MouseMotion {'pos': (93, 457), 'rel': (4, -1), 'buttons': (0, 0, 0), 'window': None})>
2020-01-21 21:19:57,965 - BDM-WAM 1579641578.9672062 - INFO - <Event(4-MouseMotion {'pos': (99, 455), 'rel': (6, -2), 'buttons': (0, 0, 0), 'window': None})>
2020-01-21 21:19:57,982 - BDM-WAM 1579641578.9672062 - INFO - <Event(4-MouseMotion {'pos': (102, 452), 'rel': (3, -3), 'buttons': (0, 0, 0), 'window': None})>
2020-01-21 21:19:57,998 - BDM-WAM 1579641578.9672062 - INFO - <Event(4-MouseMotion {'pos': (108, 446), 'rel': (6, -6), 'buttons': (0, 0, 0), 'window': None})>
2020-01-21 21:19:58,015 - BDM-WAM 1579641578.9672062 - INFO - <Event(4-MouseMotion {'pos': (115, 436), 'rel': (7, -10), 'buttons': (0, 0, 0), 'window': None})>
2020-01-21 21:19:58,033 - BDM-WAM 1579641578.9672062 - INFO - <Event(4-MouseMotion {'pos': (125, 423), 'rel': (10, -13), 'buttons': (0, 0, 0), 'window': None})>
2020-01-21 21:19:58,050 - BDM-WAM 1579641578.9672062 - INFO - <Event(4-MouseMotion {'pos': (134, 410), 'rel': (9, -13), 'buttons': (0, 0, 0), 'window': None})>
2020-01-21 21:19:58,067 - BDM-WAM 1579641578.9672062 - INFO - <Event(4-MouseMotion {'pos': (138, 405), 'rel': (4, -5), 'buttons': (0, 0, 0), 'window': None})>
2020-01-21 21:19:58,084 - BDM-WAM 1579641578.9672062 - INFO - <Event(4-MouseMotion {'pos': (139, 404), 'rel': (1, -1), 'buttons': (0, 0, 0), 'window': None})>
2020-01-21 21:19:58,101 - BDM-WAM 1579641578.9672062 - INFO - <Event(4-MouseMotion {'pos': (141, 402), 'rel': (2, -2), 'buttons': (0, 0, 0), 'window': None})>
2020-01-21 21:19:58,118 - BDM-WAM 1579641578.9672062 - INFO - <Event(4-MouseMotion {'pos': (144, 401), 'rel': (3, -1), 'buttons': (0, 0, 0), 'window': None})>
2020-01-21 21:19:58,135 - BDM-WAM 1579641578.9672062 - INFO - <Event(4-MouseMotion {'pos': (150, 399), 'rel': (6, -2), 'buttons': (0, 0, 0), 'window': None})>
2020-01-21 21:19:58,152 - BDM-WAM 1579641578.9672062 - INFO - <Event(4-MouseMotion {'pos': (162, 395), 'rel': (12, -4), 'buttons': (0, 0, 0), 'window': None})>
2020-01-21 21:19:58,170 - BDM-WAM 1579641578.9672062 - INFO - <Event(4-MouseMotion {'pos': (168, 394), 'rel': (6, -1), 'buttons': (0, 0, 0), 'window': None})>
2020-01-21 21:19:58,186 - BDM-WAM 1579641578.9672062 - INFO - <Event(4-MouseMotion {'pos': (169, 394), 'rel': (1, 0), 'buttons': (0, 0, 0), 'window': None})>
2020-01-21 21:19:58,220 - BDM-WAM 1579641578.9672062 - INFO - <Event(4-MouseMotion {'pos': (170, 394), 'rel': (1, 0), 'buttons': (0, 0, 0), 'window': None})>
2020-01-21 21:19:58,237 - BDM-WAM 1579641578.9672062 - INFO - <Event(4-MouseMotion {'pos': (171, 394), 'rel': (1, 0), 'buttons': (0, 0, 0), 'window': None})>
2020-01-21 21:19:58,254 - BDM-WAM 1579641578.9672062 - INFO - <Event(5-MouseButtonDown {'pos': (171, 394), 'button': 1, 'window': None})>
2020-01-21 21:19:58,254 - BDM-WAM 1579641578.9672062 - INFO - <Event(8-Pause {'reason': hit_conf })>
2020-01-21 21:19:58,486 - BDM-WAM 1579641578.9672062 - INFO - <Event(7-Rate {'hit_conf': 2 })>
2020-01-21 21:19:58,664 - BDM-WAM 1579641578.9672062 - INFO - <Event(7-Rate {'reward_conf': 2 })>
2020-01-21 21:19:58,840 - BDM-WAM 1579641578.9672062 - INFO - <Event(7-Rate {'player_skill': 2 })>
2020-01-21 21:19:58,841 - BDM-WAM 1579641578.9672062 - INFO - <Event(9.1-TrueHit {'pos': (171,394),'distance: 59.0592922409336,'relative_loc: (52, 28),'window': None})>
2020-01-21 21:19:58,841 - BDM-WAM 1579641578.9672062 - INFO - <Event(11-Score {score_inc: 5,score: 9})>
2020-01-21 21:19:58,958 - BDM-WAM 1579641578.9672062 - INFO - <Event(3-KeyUp {'key': 50, 'mod': 0, 'scancode': 3, 'window': None})>
2020-01-21 21:19:59,094 - BDM-WAM 1579641578.9672062 - INFO - <Event(4-MouseMotion {'pos': (180, 393), 'rel': (9, -1), 'buttons': (0, 0, 0), 'window': None})>
2020-01-21 21:19:59,114 - BDM-WAM 1579641578.9672062 - INFO - <Event(4-MouseMotion {'pos': (207, 390), 'rel': (27, -3), 'buttons': (0, 0, 0), 'window': None})>
2020-01-21 21:19:59,127 - BDM-WAM 1579641578.9672062 - INFO - <Event(4-MouseMotion {'pos': (219, 388), 'rel': (12, -2), 'buttons': (0, 0, 0), 'window': None})>
2020-01-21 21:19:59,143 - BDM-WAM 1579641578.9672062 - INFO - <Event(4-MouseMotion {'pos': (225, 388), 'rel': (6, 0), 'buttons': (0, 0, 0), 'window': None})>
2020-01-21 21:19:59,199 - BDM-WAM 1579641578.9672062 - INFO - <Event(4-MouseMotion {'pos': (227, 388), 'rel': (2, 0), 'buttons': (0, 0, 0), 'window': None})>
2020-01-21 21:19:59,216 - BDM-WAM 1579641578.9672062 - INFO - <Event(4-MouseMotion {'pos': (233, 388), 'rel': (6, 0), 'buttons': (0, 0, 0), 'window': None})>
2020-01-21 21:19:59,233 - BDM-WAM 1579641578.9672062 - INFO - <Event(4-MouseMotion {'pos': (237, 388), 'rel': (4, 0), 'buttons': (0, 0, 0), 'window': None})>
2020-01-21 21:19:59,250 - BDM-WAM 1579641578.9672062 - INFO - <Event(4-MouseMotion {'pos': (239, 388), 'rel': (2, 0), 'buttons': (0, 0, 0), 'window': None})>
2020-01-21 21:19:59,307 - BDM-WAM 1579641578.9672062 - INFO - <Event(4-MouseMotion {'pos': (241, 387), 'rel': (2, -1), 'buttons': (0, 0, 0), 'window': None})>
2020-01-21 21:19:59,390 - BDM-WAM 1579641578.9672062 - INFO - <Event(10-MoleUp) {'loc': (658,232)})>
2020-01-21 21:19:59,392 - BDM-WAM 1579641578.9672062 - INFO - <Event(4-MouseMotion {'pos': (247, 379), 'rel': (6, -8), 'buttons': (0, 0, 0), 'window': None})>
2020-01-21 21:19:59,410 - BDM-WAM 1579641578.9672062 - INFO - <Event(4-MouseMotion {'pos': (251, 373), 'rel': (4, -6), 'buttons': (0, 0, 0), 'window': None})>
2020-01-21 21:19:59,427 - BDM-WAM 1579641578.9672062 - INFO - <Event(4-MouseMotion {'pos': (254, 368), 'rel': (3, -5), 'buttons': (0, 0, 0), 'window': None})>
2020-01-21 21:19:59,444 - BDM-WAM 1579641578.9672062 - INFO - <Event(4-MouseMotion {'pos': (257, 364), 'rel': (3, -4), 'buttons': (0, 0, 0), 'window': None})>
2020-01-21 21:19:59,460 - BDM-WAM 1579641578.9672062 - INFO - <Event(4-MouseMotion {'pos': (261, 361), 'rel': (4, -3), 'buttons': (0, 0, 0), 'window': None})>
2020-01-21 21:19:59,477 - BDM-WAM 1579641578.9672062 - INFO - <Event(4-MouseMotion {'pos': (264, 356), 'rel': (3, -5), 'buttons': (0, 0, 0), 'window': None})>
2020-01-21 21:19:59,494 - BDM-WAM 1579641578.9672062 - INFO - <Event(4-MouseMotion {'pos': (267, 353), 'rel': (3, -3), 'buttons': (0, 0, 0), 'window': None})>
2020-01-21 21:19:59,511 - BDM-WAM 1579641578.9672062 - INFO - <Event(4-MouseMotion {'pos': (271, 348), 'rel': (4, -5), 'buttons': (0, 0, 0), 'window': None})>
2020-01-21 21:19:59,527 - BDM-WAM 1579641578.9672062 - INFO - <Event(4-MouseMotion {'pos': (275, 342), 'rel': (4, -6), 'buttons': (0, 0, 0), 'window': None})>
2020-01-21 21:19:59,545 - BDM-WAM 1579641578.9672062 - INFO - <Event(4-MouseMotion {'pos': (277, 338), 'rel': (2, -4), 'buttons': (0, 0, 0), 'window': None})>
2020-01-21 21:19:59,562 - BDM-WAM 1579641578.9672062 - INFO - <Event(4-MouseMotion {'pos': (277, 335), 'rel': (0, -3), 'buttons': (0, 0, 0), 'window': None})>
2020-01-21 21:19:59,579 - BDM-WAM 1579641578.9672062 - INFO - <Event(4-MouseMotion {'pos': (277, 327), 'rel': (0, -8), 'buttons': (0, 0, 0), 'window': None})>
2020-01-21 21:19:59,595 - BDM-WAM 1579641578.9672062 - INFO - <Event(4-MouseMotion {'pos': (276, 320), 'rel': (-1, -7), 'buttons': (0, 0, 0), 'window': None})>
2020-01-21 21:19:59,612 - BDM-WAM 1579641578.9672062 - INFO - <Event(4-MouseMotion {'pos': (273, 306), 'rel': (-3, -14), 'buttons': (0, 0, 0), 'window': None})>
2020-01-21 21:19:59,629 - BDM-WAM 1579641578.9672062 - INFO - <Event(4-MouseMotion {'pos': (269, 295), 'rel': (-4, -11), 'buttons': (0, 0, 0), 'window': None})>
2020-01-21 21:19:59,647 - BDM-WAM 1579641578.9672062 - INFO - <Event(4-MouseMotion {'pos': (266, 289), 'rel': (-3, -6), 'buttons': (0, 0, 0), 'window': None})>
2020-01-21 21:19:59,663 - BDM-WAM 1579641578.9672062 - INFO - <Event(4-MouseMotion {'pos': (265, 284), 'rel': (-1, -5), 'buttons': (0, 0, 0), 'window': None})>
2020-01-21 21:19:59,681 - BDM-WAM 1579641578.9672062 - INFO - <Event(4-MouseMotion {'pos': (265, 281), 'rel': (0, -3), 'buttons': (0, 0, 0), 'window': None})>
2020-01-21 21:19:59,697 - BDM-WAM 1579641578.9672062 - INFO - <Event(4-MouseMotion {'pos': (265, 280), 'rel': (0, -1), 'buttons': (0, 0, 0), 'window': None})>
2020-01-21 21:19:59,714 - BDM-WAM 1579641578.9672062 - INFO - <Event(4-MouseMotion {'pos': (265, 275), 'rel': (0, -5), 'buttons': (0, 0, 0), 'window': None})>
2020-01-21 21:19:59,731 - BDM-WAM 1579641578.9672062 - INFO - <Event(4-MouseMotion {'pos': (265, 272), 'rel': (0, -3), 'buttons': (0, 0, 0), 'window': None})>
2020-01-21 21:19:59,748 - BDM-WAM 1579641578.9672062 - INFO - <Event(4-MouseMotion {'pos': (265, 269), 'rel': (0, -3), 'buttons': (0, 0, 0), 'window': None})>
2020-01-21 21:19:59,828 - BDM-WAM 1579641578.9672062 - INFO - <Event(4-MouseMotion {'pos': (255, 262), 'rel': (-10, -7), 'buttons': (0, 0, 0), 'window': None})>
2020-01-21 21:19:59,831 - BDM-WAM 1579641578.9672062 - INFO - <Event(4-MouseMotion {'pos': (254, 262), 'rel': (-1, 0), 'buttons': (0, 0, 0), 'window': None})>
2020-01-21 21:19:59,846 - BDM-WAM 1579641578.9672062 - INFO - <Event(4-MouseMotion {'pos': (250, 260), 'rel': (-4, -2), 'buttons': (0, 0, 0), 'window': None})>
2020-01-21 21:19:59,863 - BDM-WAM 1579641578.9672062 - INFO - <Event(4-MouseMotion {'pos': (250, 259), 'rel': (0, -1), 'buttons': (0, 0, 0), 'window': None})>
2020-01-21 21:19:59,940 - BDM-WAM 1579641578.9672062 - INFO - <Event(4-MouseMotion {'pos': (271, 241), 'rel': (21, -18), 'buttons': (0, 0, 0), 'window': None})>
2020-01-21 21:19:59,942 - BDM-WAM 1579641578.9672062 - INFO - <Event(4-MouseMotion {'pos': (275, 238), 'rel': (4, -3), 'buttons': (0, 0, 0), 'window': None})>
2020-01-21 21:19:59,959 - BDM-WAM 1579641578.9672062 - INFO - <Event(4-MouseMotion {'pos': (309, 222), 'rel': (34, -16), 'buttons': (0, 0, 0), 'window': None})>
2020-01-21 21:19:59,978 - BDM-WAM 1579641578.9672062 - INFO - <Event(4-MouseMotion {'pos': (325, 215), 'rel': (16, -7), 'buttons': (0, 0, 0), 'window': None})>
2020-01-21 21:19:59,994 - BDM-WAM 1579641578.9672062 - INFO - <Event(4-MouseMotion {'pos': (327, 215), 'rel': (2, 0), 'buttons': (0, 0, 0), 'window': None})>
2020-01-21 21:20:00,052 - BDM-WAM 1579641578.9672062 - INFO - <Event(4-MouseMotion {'pos': (329, 215), 'rel': (2, 0), 'buttons': (0, 0, 0), 'window': None})>
2020-01-21 21:20:00,070 - BDM-WAM 1579641578.9672062 - INFO - <Event(4-MouseMotion {'pos': (331, 214), 'rel': (2, -1), 'buttons': (0, 0, 0), 'window': None})>
2020-01-21 21:20:00,087 - BDM-WAM 1579641578.9672062 - INFO - <Event(4-MouseMotion {'pos': (358, 213), 'rel': (27, -1), 'buttons': (0, 0, 0), 'window': None})>
2020-01-21 21:20:00,104 - BDM-WAM 1579641578.9672062 - INFO - <Event(4-MouseMotion {'pos': (390, 223), 'rel': (32, 10), 'buttons': (0, 0, 0), 'window': None})>
2020-01-21 21:20:00,121 - BDM-WAM 1579641578.9672062 - INFO - <Event(4-MouseMotion {'pos': (446, 243), 'rel': (56, 20), 'buttons': (0, 0, 0), 'window': None})>
2020-01-21 21:20:00,140 - BDM-WAM 1579641578.9672062 - INFO - <Event(4-MouseMotion {'pos': (480, 255), 'rel': (34, 12), 'buttons': (0, 0, 0), 'window': None})>
2020-01-21 21:20:00,157 - BDM-WAM 1579641578.9672062 - INFO - <Event(4-MouseMotion {'pos': (506, 264), 'rel': (26, 9), 'buttons': (0, 0, 0), 'window': None})>
2020-01-21 21:20:00,173 - BDM-WAM 1579641578.9672062 - INFO - <Event(4-MouseMotion {'pos': (530, 271), 'rel': (24, 7), 'buttons': (0, 0, 0), 'window': None})>
2020-01-21 21:20:00,189 - BDM-WAM 1579641578.9672062 - INFO - <Event(4-MouseMotion {'pos': (543, 275), 'rel': (13, 4), 'buttons': (0, 0, 0), 'window': None})>
2020-01-21 21:20:00,206 - BDM-WAM 1579641578.9672062 - INFO - <Event(4-MouseMotion {'pos': (552, 276), 'rel': (9, 1), 'buttons': (0, 0, 0), 'window': None})>
2020-01-21 21:20:00,223 - BDM-WAM 1579641578.9672062 - INFO - <Event(4-MouseMotion {'pos': (561, 278), 'rel': (9, 2), 'buttons': (0, 0, 0), 'window': None})>
2020-01-21 21:20:00,240 - BDM-WAM 1579641578.9672062 - INFO - <Event(4-MouseMotion {'pos': (563, 278), 'rel': (2, 0), 'buttons': (0, 0, 0), 'window': None})>
2020-01-21 21:20:00,293 - BDM-WAM 1579641578.9672062 - INFO - <Event(4-MouseMotion {'pos': (564, 278), 'rel': (1, 0), 'buttons': (0, 0, 0), 'window': None})>
2020-01-21 21:20:00,312 - BDM-WAM 1579641578.9672062 - INFO - <Event(4-MouseMotion {'pos': (573, 277), 'rel': (9, -1), 'buttons': (0, 0, 0), 'window': None})>
2020-01-21 21:20:00,328 - BDM-WAM 1579641578.9672062 - INFO - <Event(4-MouseMotion {'pos': (578, 275), 'rel': (5, -2), 'buttons': (0, 0, 0), 'window': None})>
2020-01-21 21:20:00,346 - BDM-WAM 1579641578.9672062 - INFO - <Event(4-MouseMotion {'pos': (582, 274), 'rel': (4, -1), 'buttons': (0, 0, 0), 'window': None})>
2020-01-21 21:20:00,362 - BDM-WAM 1579641578.9672062 - INFO - <Event(4-MouseMotion {'pos': (584, 273), 'rel': (2, -1), 'buttons': (0, 0, 0), 'window': None})>
2020-01-21 21:20:00,379 - BDM-WAM 1579641578.9672062 - INFO - <Event(4-MouseMotion {'pos': (588, 271), 'rel': (4, -2), 'buttons': (0, 0, 0), 'window': None})>
2020-01-21 21:20:00,395 - BDM-WAM 1579641578.9672062 - INFO - <Event(4-MouseMotion {'pos': (595, 270), 'rel': (7, -1), 'buttons': (0, 0, 0), 'window': None})>
2020-01-21 21:20:00,412 - BDM-WAM 1579641578.9672062 - INFO - <Event(4-MouseMotion {'pos': (600, 270), 'rel': (5, 0), 'buttons': (0, 0, 0), 'window': None})>
2020-01-21 21:20:00,429 - BDM-WAM 1579641578.9672062 - INFO - <Event(4-MouseMotion {'pos': (607, 270), 'rel': (7, 0), 'buttons': (0, 0, 0), 'window': None})>
2020-01-21 21:20:00,445 - BDM-WAM 1579641578.9672062 - INFO - <Event(4-MouseMotion {'pos': (613, 270), 'rel': (6, 0), 'buttons': (0, 0, 0), 'window': None})>
2020-01-21 21:20:00,462 - BDM-WAM 1579641578.9672062 - INFO - <Event(4-MouseMotion {'pos': (622, 274), 'rel': (9, 4), 'buttons': (0, 0, 0), 'window': None})>
2020-01-21 21:20:00,479 - BDM-WAM 1579641578.9672062 - INFO - <Event(4-MouseMotion {'pos': (629, 277), 'rel': (7, 3), 'buttons': (0, 0, 0), 'window': None})>
2020-01-21 21:20:00,496 - BDM-WAM 1579641578.9672062 - INFO - <Event(4-MouseMotion {'pos': (630, 278), 'rel': (1, 1), 'buttons': (0, 0, 0), 'window': None})>
2020-01-21 21:20:00,531 - BDM-WAM 1579641578.9672062 - INFO - <Event(4-MouseMotion {'pos': (643, 285), 'rel': (13, 7), 'buttons': (0, 0, 0), 'window': None})>
2020-01-21 21:20:00,550 - BDM-WAM 1579641578.9672062 - INFO - <Event(4-MouseMotion {'pos': (655, 294), 'rel': (12, 9), 'buttons': (0, 0, 0), 'window': None})>
2020-01-21 21:20:00,565 - BDM-WAM 1579641578.9672062 - INFO - <Event(4-MouseMotion {'pos': (663, 299), 'rel': (8, 5), 'buttons': (0, 0, 0), 'window': None})>
2020-01-21 21:20:00,581 - BDM-WAM 1579641578.9672062 - INFO - <Event(4-MouseMotion {'pos': (676, 307), 'rel': (13, 8), 'buttons': (0, 0, 0), 'window': None})>
2020-01-21 21:20:00,599 - BDM-WAM 1579641578.9672062 - INFO - <Event(4-MouseMotion {'pos': (717, 336), 'rel': (41, 29), 'buttons': (0, 0, 0), 'window': None})>
2020-01-21 21:20:00,615 - BDM-WAM 1579641578.9672062 - INFO - <Event(4-MouseMotion {'pos': (733, 343), 'rel': (16, 7), 'buttons': (0, 0, 0), 'window': None})>
2020-01-21 21:20:00,632 - BDM-WAM 1579641578.9672062 - INFO - <Event(4-MouseMotion {'pos': (745, 349), 'rel': (12, 6), 'buttons': (0, 0, 0), 'window': None})>
2020-01-21 21:20:00,649 - BDM-WAM 1579641578.9672062 - INFO - <Event(4-MouseMotion {'pos': (758, 355), 'rel': (13, 6), 'buttons': (0, 0, 0), 'window': None})>
2020-01-21 21:20:00,667 - BDM-WAM 1579641578.9672062 - INFO - <Event(4-MouseMotion {'pos': (761, 356), 'rel': (3, 1), 'buttons': (0, 0, 0), 'window': None})>
2020-01-21 21:20:00,684 - BDM-WAM 1579641578.9672062 - INFO - <Event(4-MouseMotion {'pos': (762, 356), 'rel': (1, 0), 'buttons': (0, 0, 0), 'window': None})>
2020-01-21 21:20:00,701 - BDM-WAM 1579641578.9672062 - INFO - <Event(4-MouseMotion {'pos': (763, 356), 'rel': (1, 0), 'buttons': (0, 0, 0), 'window': None})>
2020-01-21 21:20:00,718 - BDM-WAM 1579641578.9672062 - INFO - <Event(4-MouseMotion {'pos': (764, 356), 'rel': (1, 0), 'buttons': (0, 0, 0), 'window': None})>
2020-01-21 21:20:00,820 - BDM-WAM 1579641578.9672062 - INFO - <Event(4-MouseMotion {'pos': (749, 331), 'rel': (-15, -25), 'buttons': (0, 0, 0), 'window': None})>
2020-01-21 21:20:00,837 - BDM-WAM 1579641578.9672062 - INFO - <Event(4-MouseMotion {'pos': (723, 289), 'rel': (-26, -42), 'buttons': (0, 0, 0), 'window': None})>
2020-01-21 21:20:00,855 - BDM-WAM 1579641578.9672062 - INFO - <Event(4-MouseMotion {'pos': (677, 234), 'rel': (-46, -55), 'buttons': (0, 0, 0), 'window': None})>
2020-01-21 21:20:00,871 - BDM-WAM 1579641578.9672062 - INFO - <Event(4-MouseMotion {'pos': (656, 208), 'rel': (-21, -26), 'buttons': (0, 0, 0), 'window': None})>
2020-01-21 21:20:00,888 - BDM-WAM 1579641578.9672062 - INFO - <Event(4-MouseMotion {'pos': (650, 198), 'rel': (-6, -10), 'buttons': (0, 0, 0), 'window': None})>
2020-01-21 21:20:00,905 - BDM-WAM 1579641578.9672062 - INFO - <Event(4-MouseMotion {'pos': (648, 196), 'rel': (-2, -2), 'buttons': (0, 0, 0), 'window': None})>
2020-01-21 21:20:01,061 - BDM-WAM 1579641578.9672062 - INFO - <Event(5-MouseButtonDown {'pos': (648, 196), 'button': 1, 'window': None})>
2020-01-21 21:20:01,061 - BDM-WAM 1579641578.9672062 - INFO - <Event(8-Pause {'reason': hit_conf })>
2020-01-21 21:20:02,636 - BDM-WAM 1579641578.9672062 - INFO - ************* HAPPY ANALYSING... LOG COMPLETE!!! ************* 
