2020-01-21 20:48:14,278 - BDM-WAM 1579639694.174831 - INFO - <Event(17-VideoExpose {})>
2020-01-21 20:48:15,219 - BDM-WAM 1579639694.174831 - INFO - <Event(1-ActiveEvent {'gain': 0, 'state': 1})>
2020-01-21 20:48:15,220 - BDM-WAM 1579639694.174831 - INFO - <Event(4-MouseMotion {'pos': (574, 699), 'rel': (575, 700), 'buttons': (0, 0, 0), 'window': None})>
2020-01-21 20:48:15,254 - BDM-WAM 1579639694.174831 - INFO - <Event(10-MoleUp) {'loc': (179,169)})>
2020-01-21 20:48:15,330 - BDM-WAM 1579639694.174831 - INFO - <Event(3-KeyUp {'key': 99, 'mod': 0, 'scancode': 46, 'window': None})>
2020-01-21 20:48:15,412 - BDM-WAM 1579639694.174831 - INFO - <Event(1-ActiveEvent {'gain': 1, 'state': 1})>
2020-01-21 20:48:15,412 - BDM-WAM 1579639694.174831 - INFO - <Event(4-MouseMotion {'pos': (522, 625), 'rel': (-52, -74), 'buttons': (0, 0, 0), 'window': None})>
2020-01-21 20:48:15,416 - BDM-WAM 1579639694.174831 - INFO - <Event(4-MouseMotion {'pos': (521, 624), 'rel': (-1, -1), 'buttons': (0, 0, 0), 'window': None})>
2020-01-21 20:48:15,430 - BDM-WAM 1579639694.174831 - INFO - <Event(4-MouseMotion {'pos': (521, 623), 'rel': (0, -1), 'buttons': (0, 0, 0), 'window': None})>
2020-01-21 20:48:15,525 - BDM-WAM 1579639694.174831 - INFO - <Event(4-MouseMotion {'pos': (528, 594), 'rel': (7, -29), 'buttons': (0, 0, 0), 'window': None})>
2020-01-21 20:48:15,528 - BDM-WAM 1579639694.174831 - INFO - <Event(4-MouseMotion {'pos': (530, 589), 'rel': (2, -5), 'buttons': (0, 0, 0), 'window': None})>
2020-01-21 20:48:15,543 - BDM-WAM 1579639694.174831 - INFO - <Event(4-MouseMotion {'pos': (541, 559), 'rel': (11, -30), 'buttons': (0, 0, 0), 'window': None})>
2020-01-21 20:48:15,560 - BDM-WAM 1579639694.174831 - INFO - <Event(4-MouseMotion {'pos': (559, 506), 'rel': (18, -53), 'buttons': (0, 0, 0), 'window': None})>
2020-01-21 20:48:15,577 - BDM-WAM 1579639694.174831 - INFO - <Event(4-MouseMotion {'pos': (573, 449), 'rel': (14, -57), 'buttons': (0, 0, 0), 'window': None})>
2020-01-21 20:48:15,594 - BDM-WAM 1579639694.174831 - INFO - <Event(4-MouseMotion {'pos': (580, 395), 'rel': (7, -54), 'buttons': (0, 0, 0), 'window': None})>
2020-01-21 20:48:15,611 - BDM-WAM 1579639694.174831 - INFO - <Event(4-MouseMotion {'pos': (581, 376), 'rel': (1, -19), 'buttons': (0, 0, 0), 'window': None})>
2020-01-21 20:48:15,628 - BDM-WAM 1579639694.174831 - INFO - <Event(4-MouseMotion {'pos': (581, 375), 'rel': (0, -1), 'buttons': (0, 0, 0), 'window': None})>
2020-01-21 20:48:15,713 - BDM-WAM 1579639694.174831 - INFO - <Event(4-MouseMotion {'pos': (579, 375), 'rel': (-2, 0), 'buttons': (0, 0, 0), 'window': None})>
2020-01-21 20:48:15,730 - BDM-WAM 1579639694.174831 - INFO - <Event(4-MouseMotion {'pos': (561, 374), 'rel': (-18, -1), 'buttons': (0, 0, 0), 'window': None})>
2020-01-21 20:48:15,749 - BDM-WAM 1579639694.174831 - INFO - <Event(4-MouseMotion {'pos': (547, 371), 'rel': (-14, -3), 'buttons': (0, 0, 0), 'window': None})>
2020-01-21 20:48:15,766 - BDM-WAM 1579639694.174831 - INFO - <Event(4-MouseMotion {'pos': (530, 367), 'rel': (-17, -4), 'buttons': (0, 0, 0), 'window': None})>
2020-01-21 20:48:15,782 - BDM-WAM 1579639694.174831 - INFO - <Event(4-MouseMotion {'pos': (497, 357), 'rel': (-33, -10), 'buttons': (0, 0, 0), 'window': None})>
2020-01-21 20:48:15,798 - BDM-WAM 1579639694.174831 - INFO - <Event(4-MouseMotion {'pos': (482, 350), 'rel': (-15, -7), 'buttons': (0, 0, 0), 'window': None})>
2020-01-21 20:48:15,815 - BDM-WAM 1579639694.174831 - INFO - <Event(4-MouseMotion {'pos': (455, 339), 'rel': (-27, -11), 'buttons': (0, 0, 0), 'window': None})>
2020-01-21 20:48:15,832 - BDM-WAM 1579639694.174831 - INFO - <Event(4-MouseMotion {'pos': (383, 304), 'rel': (-72, -35), 'buttons': (0, 0, 0), 'window': None})>
2020-01-21 20:48:15,849 - BDM-WAM 1579639694.174831 - INFO - <Event(4-MouseMotion {'pos': (240, 213), 'rel': (-143, -91), 'buttons': (0, 0, 0), 'window': None})>
2020-01-21 20:48:15,866 - BDM-WAM 1579639694.174831 - INFO - <Event(4-MouseMotion {'pos': (161, 157), 'rel': (-79, -56), 'buttons': (0, 0, 0), 'window': None})>
2020-01-21 20:48:15,883 - BDM-WAM 1579639694.174831 - INFO - <Event(4-MouseMotion {'pos': (114, 127), 'rel': (-47, -30), 'buttons': (0, 0, 0), 'window': None})>
2020-01-21 20:48:15,900 - BDM-WAM 1579639694.174831 - INFO - <Event(4-MouseMotion {'pos': (104, 120), 'rel': (-10, -7), 'buttons': (0, 0, 0), 'window': None})>
2020-01-21 20:48:16,038 - BDM-WAM 1579639694.174831 - INFO - <Event(4-MouseMotion {'pos': (111, 132), 'rel': (7, 12), 'buttons': (0, 0, 0), 'window': None})>
2020-01-21 20:48:16,055 - BDM-WAM 1579639694.174831 - INFO - <Event(4-MouseMotion {'pos': (136, 155), 'rel': (25, 23), 'buttons': (0, 0, 0), 'window': None})>
2020-01-21 20:48:16,071 - BDM-WAM 1579639694.174831 - INFO - <Event(4-MouseMotion {'pos': (169, 179), 'rel': (33, 24), 'buttons': (0, 0, 0), 'window': None})>
2020-01-21 20:48:16,090 - BDM-WAM 1579639694.174831 - INFO - <Event(4-MouseMotion {'pos': (203, 202), 'rel': (34, 23), 'buttons': (0, 0, 0), 'window': None})>
2020-01-21 20:48:16,104 - BDM-WAM 1579639694.174831 - INFO - <Event(4-MouseMotion {'pos': (212, 209), 'rel': (9, 7), 'buttons': (0, 0, 0), 'window': None})>
2020-01-21 20:48:16,122 - BDM-WAM 1579639694.174831 - INFO - <Event(4-MouseMotion {'pos': (215, 213), 'rel': (3, 4), 'buttons': (0, 0, 0), 'window': None})>
2020-01-21 20:48:16,358 - BDM-WAM 1579639694.174831 - INFO - <Event(5-MouseButtonDown {'pos': (215, 213), 'button': 1, 'window': None})>
2020-01-21 20:48:16,359 - BDM-WAM 1579639694.174831 - INFO - <Event(8-Pause {'reason': hit_conf })>
2020-01-21 20:48:16,703 - BDM-WAM 1579639694.174831 - INFO - <Event(7-Rate {'hit_conf': 2 })>
2020-01-21 20:48:16,875 - BDM-WAM 1579639694.174831 - INFO - <Event(7-Rate {'reward_conf': 2 })>
2020-01-21 20:48:17,037 - BDM-WAM 1579639694.174831 - INFO - <Event(7-Rate {'player_skill': 2 })>
2020-01-21 20:48:17,037 - BDM-WAM 1579639694.174831 - INFO - <Event(9.1-TrueHit {'pos': (215,214),'distance: 57.62811813689564,'relative_loc: (36, 45),'window': None})>
2020-01-21 20:48:17,038 - BDM-WAM 1579639694.174831 - INFO - <Event(11-Score {score_inc: 3,score: 3})>
2020-01-21 20:48:17,039 - BDM-WAM 1579639694.174831 - INFO - <Event(4-MouseMotion {'pos': (215, 214), 'rel': (0, 1), 'buttons': (1, 0, 0), 'window': None})>
2020-01-21 20:48:17,128 - BDM-WAM 1579639694.174831 - INFO - <Event(4-MouseMotion {'pos': (224, 226), 'rel': (1, 0), 'buttons': (0, 0, 0), 'window': None})>
2020-01-21 20:48:17,145 - BDM-WAM 1579639694.174831 - INFO - <Event(3-KeyUp {'key': 50, 'mod': 0, 'scancode': 3, 'window': None})>
2020-01-21 20:48:17,145 - BDM-WAM 1579639694.174831 - INFO - <Event(4-MouseMotion {'pos': (226, 225), 'rel': (2, -1), 'buttons': (0, 0, 0), 'window': None})>
2020-01-21 20:48:17,162 - BDM-WAM 1579639694.174831 - INFO - <Event(4-MouseMotion {'pos': (227, 225), 'rel': (1, 0), 'buttons': (0, 0, 0), 'window': None})>
2020-01-21 20:48:17,195 - BDM-WAM 1579639694.174831 - INFO - <Event(4-MouseMotion {'pos': (228, 225), 'rel': (1, 0), 'buttons': (0, 0, 0), 'window': None})>
2020-01-21 20:48:17,212 - BDM-WAM 1579639694.174831 - INFO - <Event(4-MouseMotion {'pos': (230, 225), 'rel': (2, 0), 'buttons': (0, 0, 0), 'window': None})>
2020-01-21 20:48:17,229 - BDM-WAM 1579639694.174831 - INFO - <Event(4-MouseMotion {'pos': (235, 224), 'rel': (5, -1), 'buttons': (0, 0, 0), 'window': None})>
2020-01-21 20:48:17,247 - BDM-WAM 1579639694.174831 - INFO - <Event(4-MouseMotion {'pos': (242, 221), 'rel': (7, -3), 'buttons': (0, 0, 0), 'window': None})>
2020-01-21 20:48:17,265 - BDM-WAM 1579639694.174831 - INFO - <Event(4-MouseMotion {'pos': (251, 219), 'rel': (9, -2), 'buttons': (0, 0, 0), 'window': None})>
2020-01-21 20:48:17,282 - BDM-WAM 1579639694.174831 - INFO - <Event(4-MouseMotion {'pos': (254, 218), 'rel': (3, -1), 'buttons': (0, 0, 0), 'window': None})>
2020-01-21 20:48:17,299 - BDM-WAM 1579639694.174831 - INFO - <Event(4-MouseMotion {'pos': (256, 218), 'rel': (2, 0), 'buttons': (0, 0, 0), 'window': None})>
2020-01-21 20:48:17,317 - BDM-WAM 1579639694.174831 - INFO - <Event(4-MouseMotion {'pos': (258, 218), 'rel': (2, 0), 'buttons': (0, 0, 0), 'window': None})>
2020-01-21 20:48:17,332 - BDM-WAM 1579639694.174831 - INFO - <Event(4-MouseMotion {'pos': (265, 216), 'rel': (7, -2), 'buttons': (0, 0, 0), 'window': None})>
2020-01-21 20:48:17,385 - BDM-WAM 1579639694.174831 - INFO - <Event(4-MouseMotion {'pos': (302, 204), 'rel': (37, -12), 'buttons': (0, 0, 0), 'window': None})>
2020-01-21 20:48:17,388 - BDM-WAM 1579639694.174831 - INFO - <Event(4-MouseMotion {'pos': (304, 203), 'rel': (2, -1), 'buttons': (0, 0, 0), 'window': None})>
2020-01-21 20:48:17,404 - BDM-WAM 1579639694.174831 - INFO - <Event(4-MouseMotion {'pos': (309, 201), 'rel': (5, -2), 'buttons': (0, 0, 0), 'window': None})>
2020-01-21 20:48:17,422 - BDM-WAM 1579639694.174831 - INFO - <Event(4-MouseMotion {'pos': (311, 201), 'rel': (2, 0), 'buttons': (0, 0, 0), 'window': None})>
2020-01-21 20:48:17,556 - BDM-WAM 1579639694.174831 - INFO - <Event(10-MoleUp) {'loc': (404,479)})>
2020-01-21 20:48:17,557 - BDM-WAM 1579639694.174831 - INFO - <Event(4-MouseMotion {'pos': (444, 281), 'rel': (133, 80), 'buttons': (0, 0, 0), 'window': None})>
2020-01-21 20:48:17,574 - BDM-WAM 1579639694.174831 - INFO - <Event(4-MouseMotion {'pos': (462, 293), 'rel': (18, 12), 'buttons': (0, 0, 0), 'window': None})>
2020-01-21 20:48:17,592 - BDM-WAM 1579639694.174831 - INFO - <Event(4-MouseMotion {'pos': (469, 297), 'rel': (7, 4), 'buttons': (0, 0, 0), 'window': None})>
2020-01-21 20:48:17,643 - BDM-WAM 1579639694.174831 - INFO - <Event(4-MouseMotion {'pos': (472, 299), 'rel': (3, 2), 'buttons': (0, 0, 0), 'window': None})>
2020-01-21 20:48:17,661 - BDM-WAM 1579639694.174831 - INFO - <Event(4-MouseMotion {'pos': (474, 300), 'rel': (2, 1), 'buttons': (0, 0, 0), 'window': None})>
2020-01-21 20:48:17,678 - BDM-WAM 1579639694.174831 - INFO - <Event(4-MouseMotion {'pos': (475, 300), 'rel': (1, 0), 'buttons': (0, 0, 0), 'window': None})>
2020-01-21 20:48:17,694 - BDM-WAM 1579639694.174831 - INFO - <Event(4-MouseMotion {'pos': (479, 301), 'rel': (4, 1), 'buttons': (0, 0, 0), 'window': None})>
2020-01-21 20:48:17,711 - BDM-WAM 1579639694.174831 - INFO - <Event(4-MouseMotion {'pos': (492, 301), 'rel': (13, 0), 'buttons': (0, 0, 0), 'window': None})>
2020-01-21 20:48:17,728 - BDM-WAM 1579639694.174831 - INFO - <Event(4-MouseMotion {'pos': (509, 298), 'rel': (17, -3), 'buttons': (0, 0, 0), 'window': None})>
2020-01-21 20:48:17,745 - BDM-WAM 1579639694.174831 - INFO - <Event(4-MouseMotion {'pos': (528, 292), 'rel': (19, -6), 'buttons': (0, 0, 0), 'window': None})>
2020-01-21 20:48:17,762 - BDM-WAM 1579639694.174831 - INFO - <Event(4-MouseMotion {'pos': (546, 282), 'rel': (18, -10), 'buttons': (0, 0, 0), 'window': None})>
2020-01-21 20:48:17,779 - BDM-WAM 1579639694.174831 - INFO - <Event(4-MouseMotion {'pos': (558, 271), 'rel': (12, -11), 'buttons': (0, 0, 0), 'window': None})>
2020-01-21 20:48:17,798 - BDM-WAM 1579639694.174831 - INFO - <Event(4-MouseMotion {'pos': (564, 258), 'rel': (6, -13), 'buttons': (0, 0, 0), 'window': None})>
2020-01-21 20:48:17,813 - BDM-WAM 1579639694.174831 - INFO - <Event(4-MouseMotion {'pos': (564, 247), 'rel': (0, -11), 'buttons': (0, 0, 0), 'window': None})>
2020-01-21 20:48:17,830 - BDM-WAM 1579639694.174831 - INFO - <Event(4-MouseMotion {'pos': (560, 233), 'rel': (-4, -14), 'buttons': (0, 0, 0), 'window': None})>
2020-01-21 20:48:17,847 - BDM-WAM 1579639694.174831 - INFO - <Event(4-MouseMotion {'pos': (555, 220), 'rel': (-5, -13), 'buttons': (0, 0, 0), 'window': None})>
2020-01-21 20:48:17,865 - BDM-WAM 1579639694.174831 - INFO - <Event(4-MouseMotion {'pos': (551, 211), 'rel': (-4, -9), 'buttons': (0, 0, 0), 'window': None})>
2020-01-21 20:48:17,881 - BDM-WAM 1579639694.174831 - INFO - <Event(4-MouseMotion {'pos': (548, 206), 'rel': (-3, -5), 'buttons': (0, 0, 0), 'window': None})>
2020-01-21 20:48:17,897 - BDM-WAM 1579639694.174831 - INFO - <Event(4-MouseMotion {'pos': (544, 202), 'rel': (-4, -4), 'buttons': (0, 0, 0), 'window': None})>
2020-01-21 20:48:17,915 - BDM-WAM 1579639694.174831 - INFO - <Event(4-MouseMotion {'pos': (538, 198), 'rel': (-6, -4), 'buttons': (0, 0, 0), 'window': None})>
2020-01-21 20:48:17,931 - BDM-WAM 1579639694.174831 - INFO - <Event(4-MouseMotion {'pos': (536, 197), 'rel': (-2, -1), 'buttons': (0, 0, 0), 'window': None})>
2020-01-21 20:48:17,948 - BDM-WAM 1579639694.174831 - INFO - <Event(4-MouseMotion {'pos': (534, 195), 'rel': (-2, -2), 'buttons': (0, 0, 0), 'window': None})>
2020-01-21 20:48:18,004 - BDM-WAM 1579639694.174831 - INFO - <Event(4-MouseMotion {'pos': (529, 193), 'rel': (-5, -2), 'buttons': (0, 0, 0), 'window': None})>
2020-01-21 20:48:18,023 - BDM-WAM 1579639694.174831 - INFO - <Event(4-MouseMotion {'pos': (528, 191), 'rel': (-1, -2), 'buttons': (0, 0, 0), 'window': None})>
2020-01-21 20:48:18,045 - BDM-WAM 1579639694.174831 - INFO - <Event(4-MouseMotion {'pos': (526, 191), 'rel': (-2, 0), 'buttons': (0, 0, 0), 'window': None})>
2020-01-21 20:48:18,112 - BDM-WAM 1579639694.174831 - INFO - <Event(4-MouseMotion {'pos': (523, 190), 'rel': (-3, -1), 'buttons': (0, 0, 0), 'window': None})>
2020-01-21 20:48:18,130 - BDM-WAM 1579639694.174831 - INFO - <Event(4-MouseMotion {'pos': (522, 189), 'rel': (-1, -1), 'buttons': (0, 0, 0), 'window': None})>
2020-01-21 20:48:18,164 - BDM-WAM 1579639694.174831 - INFO - <Event(4-MouseMotion {'pos': (521, 189), 'rel': (-1, 0), 'buttons': (0, 0, 0), 'window': None})>
2020-01-21 20:48:18,282 - BDM-WAM 1579639694.174831 - INFO - <Event(4-MouseMotion {'pos': (534, 253), 'rel': (13, 64), 'buttons': (0, 0, 0), 'window': None})>
2020-01-21 20:48:18,300 - BDM-WAM 1579639694.174831 - INFO - <Event(4-MouseMotion {'pos': (541, 335), 'rel': (7, 82), 'buttons': (0, 0, 0), 'window': None})>
2020-01-21 20:48:18,317 - BDM-WAM 1579639694.174831 - INFO - <Event(4-MouseMotion {'pos': (532, 390), 'rel': (-9, 55), 'buttons': (0, 0, 0), 'window': None})>
2020-01-21 20:48:18,334 - BDM-WAM 1579639694.174831 - INFO - <Event(4-MouseMotion {'pos': (524, 419), 'rel': (-8, 29), 'buttons': (0, 0, 0), 'window': None})>
2020-01-21 20:48:18,350 - BDM-WAM 1579639694.174831 - INFO - <Event(4-MouseMotion {'pos': (522, 432), 'rel': (-2, 13), 'buttons': (0, 0, 0), 'window': None})>
2020-01-21 20:48:18,367 - BDM-WAM 1579639694.174831 - INFO - <Event(4-MouseMotion {'pos': (521, 438), 'rel': (-1, 6), 'buttons': (0, 0, 0), 'window': None})>
2020-01-21 20:48:18,384 - BDM-WAM 1579639694.174831 - INFO - <Event(4-MouseMotion {'pos': (520, 441), 'rel': (-1, 3), 'buttons': (0, 0, 0), 'window': None})>
2020-01-21 20:48:18,401 - BDM-WAM 1579639694.174831 - INFO - <Event(4-MouseMotion {'pos': (519, 443), 'rel': (-1, 2), 'buttons': (0, 0, 0), 'window': None})>
2020-01-21 20:48:18,485 - BDM-WAM 1579639694.174831 - INFO - <Event(4-MouseMotion {'pos': (519, 444), 'rel': (0, 1), 'buttons': (0, 0, 0), 'window': None})>
2020-01-21 20:48:18,502 - BDM-WAM 1579639694.174831 - INFO - <Event(4-MouseMotion {'pos': (518, 447), 'rel': (-1, 3), 'buttons': (0, 0, 0), 'window': None})>
2020-01-21 20:48:18,519 - BDM-WAM 1579639694.174831 - INFO - <Event(4-MouseMotion {'pos': (514, 450), 'rel': (-4, 3), 'buttons': (0, 0, 0), 'window': None})>
2020-01-21 20:48:18,544 - BDM-WAM 1579639694.174831 - INFO - <Event(4-MouseMotion {'pos': (501, 458), 'rel': (-13, 8), 'buttons': (0, 0, 0), 'window': None})>
2020-01-21 20:48:18,554 - BDM-WAM 1579639694.174831 - INFO - <Event(4-MouseMotion {'pos': (490, 463), 'rel': (-11, 5), 'buttons': (0, 0, 0), 'window': None})>
2020-01-21 20:48:18,575 - BDM-WAM 1579639694.174831 - INFO - <Event(4-MouseMotion {'pos': (444, 489), 'rel': (-46, 26), 'buttons': (0, 0, 0), 'window': None})>
2020-01-21 20:48:18,592 - BDM-WAM 1579639694.174831 - INFO - <Event(4-MouseMotion {'pos': (392, 524), 'rel': (-52, 35), 'buttons': (0, 0, 0), 'window': None})>
2020-01-21 20:48:18,607 - BDM-WAM 1579639694.174831 - INFO - <Event(4-MouseMotion {'pos': (369, 545), 'rel': (-23, 21), 'buttons': (0, 0, 0), 'window': None})>
2020-01-21 20:48:18,624 - BDM-WAM 1579639694.174831 - INFO - <Event(4-MouseMotion {'pos': (363, 552), 'rel': (-6, 7), 'buttons': (0, 0, 0), 'window': None})>
2020-01-21 20:48:18,641 - BDM-WAM 1579639694.174831 - INFO - <Event(4-MouseMotion {'pos': (362, 554), 'rel': (-1, 2), 'buttons': (0, 0, 0), 'window': None})>
2020-01-21 20:48:18,741 - BDM-WAM 1579639694.174831 - INFO - <Event(4-MouseMotion {'pos': (375, 559), 'rel': (13, 5), 'buttons': (0, 0, 0), 'window': None})>
2020-01-21 20:48:18,758 - BDM-WAM 1579639694.174831 - INFO - <Event(4-MouseMotion {'pos': (385, 564), 'rel': (10, 5), 'buttons': (0, 0, 0), 'window': None})>
2020-01-21 20:48:18,775 - BDM-WAM 1579639694.174831 - INFO - <Event(4-MouseMotion {'pos': (389, 565), 'rel': (4, 1), 'buttons': (0, 0, 0), 'window': None})>
2020-01-21 20:48:18,792 - BDM-WAM 1579639694.174831 - INFO - <Event(4-MouseMotion {'pos': (397, 566), 'rel': (8, 1), 'buttons': (0, 0, 0), 'window': None})>
2020-01-21 20:48:18,809 - BDM-WAM 1579639694.174831 - INFO - <Event(4-MouseMotion {'pos': (401, 566), 'rel': (4, 0), 'buttons': (0, 0, 0), 'window': None})>
2020-01-21 20:48:18,826 - BDM-WAM 1579639694.174831 - INFO - <Event(4-MouseMotion {'pos': (402, 566), 'rel': (1, 0), 'buttons': (0, 0, 0), 'window': None})>
2020-01-21 20:48:18,877 - BDM-WAM 1579639694.174831 - INFO - <Event(4-MouseMotion {'pos': (403, 566), 'rel': (1, 0), 'buttons': (0, 0, 0), 'window': None})>
2020-01-21 20:48:18,895 - BDM-WAM 1579639694.174831 - INFO - <Event(4-MouseMotion {'pos': (405, 566), 'rel': (2, 0), 'buttons': (0, 0, 0), 'window': None})>
2020-01-21 20:48:18,912 - BDM-WAM 1579639694.174831 - INFO - <Event(4-MouseMotion {'pos': (419, 562), 'rel': (14, -4), 'buttons': (0, 0, 0), 'window': None})>
2020-01-21 20:48:18,929 - BDM-WAM 1579639694.174831 - INFO - <Event(4-MouseMotion {'pos': (432, 557), 'rel': (13, -5), 'buttons': (0, 0, 0), 'window': None})>
2020-01-21 20:48:18,947 - BDM-WAM 1579639694.174831 - INFO - <Event(4-MouseMotion {'pos': (439, 553), 'rel': (7, -4), 'buttons': (0, 0, 0), 'window': None})>
2020-01-21 20:48:18,964 - BDM-WAM 1579639694.174831 - INFO - <Event(4-MouseMotion {'pos': (450, 547), 'rel': (11, -6), 'buttons': (0, 0, 0), 'window': None})>
2020-01-21 20:48:18,980 - BDM-WAM 1579639694.174831 - INFO - <Event(4-MouseMotion {'pos': (473, 537), 'rel': (23, -10), 'buttons': (0, 0, 0), 'window': None})>
2020-01-21 20:48:18,997 - BDM-WAM 1579639694.174831 - INFO - <Event(4-MouseMotion {'pos': (487, 531), 'rel': (14, -6), 'buttons': (0, 0, 0), 'window': None})>
2020-01-21 20:48:19,014 - BDM-WAM 1579639694.174831 - INFO - <Event(4-MouseMotion {'pos': (497, 525), 'rel': (10, -6), 'buttons': (0, 0, 0), 'window': None})>
2020-01-21 20:48:19,031 - BDM-WAM 1579639694.174831 - INFO - <Event(4-MouseMotion {'pos': (502, 522), 'rel': (5, -3), 'buttons': (0, 0, 0), 'window': None})>
2020-01-21 20:48:19,048 - BDM-WAM 1579639694.174831 - INFO - <Event(4-MouseMotion {'pos': (505, 519), 'rel': (3, -3), 'buttons': (0, 0, 0), 'window': None})>
2020-01-21 20:48:19,065 - BDM-WAM 1579639694.174831 - INFO - <Event(4-MouseMotion {'pos': (506, 519), 'rel': (1, 0), 'buttons': (0, 0, 0), 'window': None})>
2020-01-21 20:48:19,082 - BDM-WAM 1579639694.174831 - INFO - <Event(4-MouseMotion {'pos': (507, 519), 'rel': (1, 0), 'buttons': (0, 0, 0), 'window': None})>
2020-01-21 20:48:19,099 - BDM-WAM 1579639694.174831 - INFO - <Event(5-MouseButtonDown {'pos': (507, 519), 'button': 1, 'window': None})>
2020-01-21 20:48:19,099 - BDM-WAM 1579639694.174831 - INFO - <Event(8-Pause {'reason': hit_conf })>
2020-01-21 20:48:19,617 - BDM-WAM 1579639694.174831 - INFO - <Event(7-Rate {'hit_conf': 2 })>
2020-01-21 20:48:19,794 - BDM-WAM 1579639694.174831 - INFO - <Event(7-Rate {'reward_conf': 2 })>
2020-01-21 20:48:19,952 - BDM-WAM 1579639694.174831 - INFO - <Event(7-Rate {'player_skill': 2 })>
2020-01-21 20:48:19,953 - BDM-WAM 1579639694.174831 - INFO - <Event(9.4-TrueMiss {'pos': (507,519),'distance: 110.4943437466371,'relative_loc: (103, 40),'window': None})>
2020-01-21 20:48:20,008 - BDM-WAM 1579639694.174831 - INFO - <Event(4-MouseMotion {'pos': (455, 526), 'rel': (12, -3), 'buttons': (0, 0, 0), 'window': None})>
2020-01-21 20:48:20,026 - BDM-WAM 1579639694.174831 - INFO - <Event(4-MouseMotion {'pos': (464, 521), 'rel': (9, -5), 'buttons': (0, 0, 0), 'window': None})>
2020-01-21 20:48:20,054 - BDM-WAM 1579639694.174831 - INFO - <Event(4-MouseMotion {'pos': (475, 517), 'rel': (11, -4), 'buttons': (0, 0, 0), 'window': None})>
2020-01-21 20:48:20,097 - BDM-WAM 1579639694.174831 - INFO - <Event(3-KeyUp {'key': 50, 'mod': 0, 'scancode': 3, 'window': None})>
2020-01-21 20:48:20,097 - BDM-WAM 1579639694.174831 - INFO - <Event(4-MouseMotion {'pos': (481, 515), 'rel': (6, -2), 'buttons': (0, 0, 0), 'window': None})>
2020-01-21 20:48:20,210 - BDM-WAM 1579639694.174831 - INFO - <Event(4-MouseMotion {'pos': (489, 508), 'rel': (8, -7), 'buttons': (0, 0, 0), 'window': None})>
2020-01-21 20:48:20,241 - BDM-WAM 1579639694.174831 - INFO - <Event(10-MoleUp) {'loc': (603,11)})>
2020-01-21 20:48:20,243 - BDM-WAM 1579639694.174831 - INFO - <Event(4-MouseMotion {'pos': (490, 505), 'rel': (1, -3), 'buttons': (0, 0, 0), 'window': None})>
2020-01-21 20:48:20,260 - BDM-WAM 1579639694.174831 - INFO - <Event(4-MouseMotion {'pos': (491, 504), 'rel': (1, -1), 'buttons': (0, 0, 0), 'window': None})>
2020-01-21 20:48:20,311 - BDM-WAM 1579639694.174831 - INFO - <Event(4-MouseMotion {'pos': (491, 501), 'rel': (0, -3), 'buttons': (0, 0, 0), 'window': None})>
2020-01-21 20:48:20,328 - BDM-WAM 1579639694.174831 - INFO - <Event(4-MouseMotion {'pos': (491, 496), 'rel': (0, -5), 'buttons': (0, 0, 0), 'window': None})>
2020-01-21 20:48:20,345 - BDM-WAM 1579639694.174831 - INFO - <Event(4-MouseMotion {'pos': (490, 488), 'rel': (-1, -8), 'buttons': (0, 0, 0), 'window': None})>
2020-01-21 20:48:20,362 - BDM-WAM 1579639694.174831 - INFO - <Event(4-MouseMotion {'pos': (489, 472), 'rel': (-1, -16), 'buttons': (0, 0, 0), 'window': None})>
2020-01-21 20:48:20,379 - BDM-WAM 1579639694.174831 - INFO - <Event(4-MouseMotion {'pos': (486, 449), 'rel': (-3, -23), 'buttons': (0, 0, 0), 'window': None})>
2020-01-21 20:48:20,397 - BDM-WAM 1579639694.174831 - INFO - <Event(4-MouseMotion {'pos': (481, 425), 'rel': (-5, -24), 'buttons': (0, 0, 0), 'window': None})>
2020-01-21 20:48:20,415 - BDM-WAM 1579639694.174831 - INFO - <Event(4-MouseMotion {'pos': (472, 399), 'rel': (-9, -26), 'buttons': (0, 0, 0), 'window': None})>
2020-01-21 20:48:20,431 - BDM-WAM 1579639694.174831 - INFO - <Event(4-MouseMotion {'pos': (464, 382), 'rel': (-8, -17), 'buttons': (0, 0, 0), 'window': None})>
2020-01-21 20:48:20,448 - BDM-WAM 1579639694.174831 - INFO - <Event(4-MouseMotion {'pos': (457, 367), 'rel': (-7, -15), 'buttons': (0, 0, 0), 'window': None})>
2020-01-21 20:48:20,465 - BDM-WAM 1579639694.174831 - INFO - <Event(4-MouseMotion {'pos': (451, 357), 'rel': (-6, -10), 'buttons': (0, 0, 0), 'window': None})>
2020-01-21 20:48:20,482 - BDM-WAM 1579639694.174831 - INFO - <Event(4-MouseMotion {'pos': (447, 352), 'rel': (-4, -5), 'buttons': (0, 0, 0), 'window': None})>
2020-01-21 20:48:20,499 - BDM-WAM 1579639694.174831 - INFO - <Event(4-MouseMotion {'pos': (446, 350), 'rel': (-1, -2), 'buttons': (0, 0, 0), 'window': None})>
2020-01-21 20:48:20,516 - BDM-WAM 1579639694.174831 - INFO - <Event(4-MouseMotion {'pos': (444, 349), 'rel': (-2, -1), 'buttons': (0, 0, 0), 'window': None})>
2020-01-21 20:48:20,533 - BDM-WAM 1579639694.174831 - INFO - <Event(4-MouseMotion {'pos': (443, 348), 'rel': (-1, -1), 'buttons': (0, 0, 0), 'window': None})>
2020-01-21 20:48:20,584 - BDM-WAM 1579639694.174831 - INFO - <Event(4-MouseMotion {'pos': (442, 348), 'rel': (-1, 0), 'buttons': (0, 0, 0), 'window': None})>
2020-01-21 20:48:20,602 - BDM-WAM 1579639694.174831 - INFO - <Event(4-MouseMotion {'pos': (442, 347), 'rel': (0, -1), 'buttons': (0, 0, 0), 'window': None})>
2020-01-21 20:48:20,618 - BDM-WAM 1579639694.174831 - INFO - <Event(4-MouseMotion {'pos': (439, 345), 'rel': (-3, -2), 'buttons': (0, 0, 0), 'window': None})>
2020-01-21 20:48:20,639 - BDM-WAM 1579639694.174831 - INFO - <Event(4-MouseMotion {'pos': (435, 340), 'rel': (-4, -5), 'buttons': (0, 0, 0), 'window': None})>
2020-01-21 20:48:20,652 - BDM-WAM 1579639694.174831 - INFO - <Event(4-MouseMotion {'pos': (432, 337), 'rel': (-3, -3), 'buttons': (0, 0, 0), 'window': None})>
2020-01-21 20:48:20,706 - BDM-WAM 1579639694.174831 - INFO - <Event(4-MouseMotion {'pos': (429, 333), 'rel': (-3, -4), 'buttons': (0, 0, 0), 'window': None})>
2020-01-21 20:48:20,743 - BDM-WAM 1579639694.174831 - INFO - <Event(4-MouseMotion {'pos': (428, 333), 'rel': (-1, 0), 'buttons': (0, 0, 0), 'window': None})>
2020-01-21 20:48:20,828 - BDM-WAM 1579639694.174831 - INFO - <Event(4-MouseMotion {'pos': (428, 332), 'rel': (0, -1), 'buttons': (0, 0, 0), 'window': None})>
2020-01-21 20:48:20,851 - BDM-WAM 1579639694.174831 - INFO - <Event(4-MouseMotion {'pos': (433, 324), 'rel': (5, -8), 'buttons': (0, 0, 0), 'window': None})>
2020-01-21 20:48:20,864 - BDM-WAM 1579639694.174831 - INFO - <Event(4-MouseMotion {'pos': (440, 319), 'rel': (7, -5), 'buttons': (0, 0, 0), 'window': None})>
2020-01-21 20:48:20,912 - BDM-WAM 1579639694.174831 - INFO - <Event(4-MouseMotion {'pos': (446, 313), 'rel': (6, -6), 'buttons': (0, 0, 0), 'window': None})>
2020-01-21 20:48:20,915 - BDM-WAM 1579639694.174831 - INFO - <Event(4-MouseMotion {'pos': (447, 312), 'rel': (1, -1), 'buttons': (0, 0, 0), 'window': None})>
2020-01-21 20:48:20,930 - BDM-WAM 1579639694.174831 - INFO - <Event(4-MouseMotion {'pos': (454, 302), 'rel': (7, -10), 'buttons': (0, 0, 0), 'window': None})>
2020-01-21 20:48:20,950 - BDM-WAM 1579639694.174831 - INFO - <Event(4-MouseMotion {'pos': (467, 281), 'rel': (13, -21), 'buttons': (0, 0, 0), 'window': None})>
2020-01-21 20:48:20,965 - BDM-WAM 1579639694.174831 - INFO - <Event(4-MouseMotion {'pos': (481, 254), 'rel': (14, -27), 'buttons': (0, 0, 0), 'window': None})>
2020-01-21 20:48:20,982 - BDM-WAM 1579639694.174831 - INFO - <Event(4-MouseMotion {'pos': (498, 219), 'rel': (17, -35), 'buttons': (0, 0, 0), 'window': None})>
2020-01-21 20:48:20,998 - BDM-WAM 1579639694.174831 - INFO - <Event(4-MouseMotion {'pos': (514, 177), 'rel': (16, -42), 'buttons': (0, 0, 0), 'window': None})>
2020-01-21 20:48:21,015 - BDM-WAM 1579639694.174831 - INFO - <Event(4-MouseMotion {'pos': (528, 145), 'rel': (14, -32), 'buttons': (0, 0, 0), 'window': None})>
2020-01-21 20:48:21,034 - BDM-WAM 1579639694.174831 - INFO - <Event(4-MouseMotion {'pos': (546, 115), 'rel': (18, -30), 'buttons': (0, 0, 0), 'window': None})>
2020-01-21 20:48:21,050 - BDM-WAM 1579639694.174831 - INFO - <Event(4-MouseMotion {'pos': (556, 101), 'rel': (10, -14), 'buttons': (0, 0, 0), 'window': None})>
2020-01-21 20:48:21,066 - BDM-WAM 1579639694.174831 - INFO - <Event(4-MouseMotion {'pos': (565, 88), 'rel': (9, -13), 'buttons': (0, 0, 0), 'window': None})>
2020-01-21 20:48:21,084 - BDM-WAM 1579639694.174831 - INFO - <Event(4-MouseMotion {'pos': (576, 73), 'rel': (11, -15), 'buttons': (0, 0, 0), 'window': None})>
2020-01-21 20:48:21,100 - BDM-WAM 1579639694.174831 - INFO - <Event(4-MouseMotion {'pos': (590, 60), 'rel': (14, -13), 'buttons': (0, 0, 0), 'window': None})>
2020-01-21 20:48:21,117 - BDM-WAM 1579639694.174831 - INFO - <Event(4-MouseMotion {'pos': (601, 51), 'rel': (11, -9), 'buttons': (0, 0, 0), 'window': None})>
2020-01-21 20:48:21,134 - BDM-WAM 1579639694.174831 - INFO - <Event(4-MouseMotion {'pos': (610, 45), 'rel': (9, -6), 'buttons': (0, 0, 0), 'window': None})>
2020-01-21 20:48:21,170 - BDM-WAM 1579639694.174831 - INFO - <Event(4-MouseMotion {'pos': (628, 35), 'rel': (18, -10), 'buttons': (0, 0, 0), 'window': None})>
2020-01-21 20:48:21,172 - BDM-WAM 1579639694.174831 - INFO - <Event(4-MouseMotion {'pos': (628, 34), 'rel': (0, -1), 'buttons': (0, 0, 0), 'window': None})>
2020-01-21 20:48:21,188 - BDM-WAM 1579639694.174831 - INFO - <Event(4-MouseMotion {'pos': (629, 34), 'rel': (1, 0), 'buttons': (0, 0, 0), 'window': None})>
2020-01-21 20:48:21,264 - BDM-WAM 1579639694.174831 - INFO - <Event(4-MouseMotion {'pos': (632, 34), 'rel': (3, 0), 'buttons': (0, 0, 0), 'window': None})>
2020-01-21 20:48:21,275 - BDM-WAM 1579639694.174831 - INFO - <Event(4-MouseMotion {'pos': (635, 34), 'rel': (3, 0), 'buttons': (0, 0, 0), 'window': None})>
2020-01-21 20:48:21,291 - BDM-WAM 1579639694.174831 - INFO - <Event(4-MouseMotion {'pos': (636, 35), 'rel': (1, 1), 'buttons': (0, 0, 0), 'window': None})>
2020-01-21 20:48:21,309 - BDM-WAM 1579639694.174831 - INFO - <Event(4-MouseMotion {'pos': (637, 35), 'rel': (1, 0), 'buttons': (0, 0, 0), 'window': None})>
2020-01-21 20:48:21,393 - BDM-WAM 1579639694.174831 - INFO - <Event(4-MouseMotion {'pos': (639, 37), 'rel': (2, 2), 'buttons': (0, 0, 0), 'window': None})>
2020-01-21 20:48:21,409 - BDM-WAM 1579639694.174831 - INFO - <Event(5-MouseButtonDown {'pos': (640, 38), 'button': 1, 'window': None})>
2020-01-21 20:48:21,410 - BDM-WAM 1579639694.174831 - INFO - <Event(8-Pause {'reason': hit_conf })>
2020-01-21 20:48:21,708 - BDM-WAM 1579639694.174831 - INFO - <Event(7-Rate {'hit_conf': 3 })>
2020-01-21 20:48:21,885 - BDM-WAM 1579639694.174831 - INFO - <Event(7-Rate {'reward_conf': 3 })>
2020-01-21 20:48:22,054 - BDM-WAM 1579639694.174831 - INFO - <Event(7-Rate {'player_skill': 3 })>
2020-01-21 20:48:22,054 - BDM-WAM 1579639694.174831 - INFO - <Event(9.1-TrueHit {'pos': (640,38),'distance: 45.803929962395145,'relative_loc: (37, 27),'window': None})>
2020-01-21 20:48:22,054 - BDM-WAM 1579639694.174831 - INFO - <Event(11-Score {score_inc: 4,score: 7})>
2020-01-21 20:48:22,093 - BDM-WAM 1579639694.174831 - INFO - <Event(4-MouseMotion {'pos': (655, 92), 'rel': (10, 25), 'buttons': (0, 0, 0), 'window': None})>
2020-01-21 20:48:22,112 - BDM-WAM 1579639694.174831 - INFO - <Event(4-MouseMotion {'pos': (660, 102), 'rel': (5, 10), 'buttons': (0, 0, 0), 'window': None})>
2020-01-21 20:48:22,128 - BDM-WAM 1579639694.174831 - INFO - <Event(4-MouseMotion {'pos': (663, 109), 'rel': (3, 7), 'buttons': (0, 0, 0), 'window': None})>
2020-01-21 20:48:22,145 - BDM-WAM 1579639694.174831 - INFO - <Event(4-MouseMotion {'pos': (665, 114), 'rel': (2, 5), 'buttons': (0, 0, 0), 'window': None})>
2020-01-21 20:48:22,162 - BDM-WAM 1579639694.174831 - INFO - <Event(3-KeyUp {'key': 51, 'mod': 0, 'scancode': 4, 'window': None})>
2020-01-21 20:48:22,162 - BDM-WAM 1579639694.174831 - INFO - <Event(4-MouseMotion {'pos': (667, 122), 'rel': (2, 8), 'buttons': (0, 0, 0), 'window': None})>
2020-01-21 20:48:22,179 - BDM-WAM 1579639694.174831 - INFO - <Event(4-MouseMotion {'pos': (669, 132), 'rel': (2, 10), 'buttons': (0, 0, 0), 'window': None})>
2020-01-21 20:48:22,198 - BDM-WAM 1579639694.174831 - INFO - <Event(4-MouseMotion {'pos': (669, 141), 'rel': (0, 9), 'buttons': (0, 0, 0), 'window': None})>
2020-01-21 20:48:22,215 - BDM-WAM 1579639694.174831 - INFO - <Event(4-MouseMotion {'pos': (671, 154), 'rel': (2, 13), 'buttons': (0, 0, 0), 'window': None})>
2020-01-21 20:48:22,231 - BDM-WAM 1579639694.174831 - INFO - <Event(4-MouseMotion {'pos': (672, 164), 'rel': (1, 10), 'buttons': (0, 0, 0), 'window': None})>
2020-01-21 20:48:22,253 - BDM-WAM 1579639694.174831 - INFO - <Event(4-MouseMotion {'pos': (672, 169), 'rel': (0, 5), 'buttons': (0, 0, 0), 'window': None})>
2020-01-21 20:48:22,265 - BDM-WAM 1579639694.174831 - INFO - <Event(4-MouseMotion {'pos': (672, 170), 'rel': (0, 1), 'buttons': (0, 0, 0), 'window': None})>
2020-01-21 20:48:22,302 - BDM-WAM 1579639694.174831 - INFO - <Event(4-MouseMotion {'pos': (672, 171), 'rel': (0, 1), 'buttons': (0, 0, 0), 'window': None})>
2020-01-21 20:48:22,316 - BDM-WAM 1579639694.174831 - INFO - <Event(4-MouseMotion {'pos': (671, 174), 'rel': (-1, 3), 'buttons': (0, 0, 0), 'window': None})>
2020-01-21 20:48:22,334 - BDM-WAM 1579639694.174831 - INFO - <Event(4-MouseMotion {'pos': (668, 180), 'rel': (-3, 6), 'buttons': (0, 0, 0), 'window': None})>
2020-01-21 20:48:22,349 - BDM-WAM 1579639694.174831 - INFO - <Event(4-MouseMotion {'pos': (663, 187), 'rel': (-5, 7), 'buttons': (0, 0, 0), 'window': None})>
2020-01-21 20:48:22,413 - BDM-WAM 1579639694.174831 - INFO - <Event(4-MouseMotion {'pos': (652, 201), 'rel': (-11, 14), 'buttons': (0, 0, 0), 'window': None})>
2020-01-21 20:48:22,517 - BDM-WAM 1579639694.174831 - INFO - <Event(4-MouseMotion {'pos': (638, 94), 'rel': (-14, -107), 'buttons': (0, 0, 0), 'window': None})>
2020-01-21 20:48:22,590 - BDM-WAM 1579639694.174831 - INFO - <Event(10-MoleUp) {'loc': (381,295)})>
2020-01-21 20:48:22,592 - BDM-WAM 1579639694.174831 - INFO - <Event(4-MouseMotion {'pos': (651, 61), 'rel': (13, -33), 'buttons': (0, 0, 0), 'window': None})>
2020-01-21 20:48:22,712 - BDM-WAM 1579639694.174831 - INFO - <Event(4-MouseMotion {'pos': (644, 68), 'rel': (-7, 7), 'buttons': (0, 0, 0), 'window': None})>
2020-01-21 20:48:22,729 - BDM-WAM 1579639694.174831 - INFO - <Event(4-MouseMotion {'pos': (617, 93), 'rel': (-27, 25), 'buttons': (0, 0, 0), 'window': None})>
2020-01-21 20:48:22,745 - BDM-WAM 1579639694.174831 - INFO - <Event(4-MouseMotion {'pos': (579, 128), 'rel': (-38, 35), 'buttons': (0, 0, 0), 'window': None})>
2020-01-21 20:48:22,761 - BDM-WAM 1579639694.174831 - INFO - <Event(4-MouseMotion {'pos': (551, 157), 'rel': (-28, 29), 'buttons': (0, 0, 0), 'window': None})>
2020-01-21 20:48:22,778 - BDM-WAM 1579639694.174831 - INFO - <Event(4-MouseMotion {'pos': (531, 180), 'rel': (-20, 23), 'buttons': (0, 0, 0), 'window': None})>
2020-01-21 20:48:22,795 - BDM-WAM 1579639694.174831 - INFO - <Event(4-MouseMotion {'pos': (516, 197), 'rel': (-15, 17), 'buttons': (0, 0, 0), 'window': None})>
2020-01-21 20:48:22,813 - BDM-WAM 1579639694.174831 - INFO - <Event(4-MouseMotion {'pos': (509, 206), 'rel': (-7, 9), 'buttons': (0, 0, 0), 'window': None})>
2020-01-21 20:48:22,829 - BDM-WAM 1579639694.174831 - INFO - <Event(4-MouseMotion {'pos': (507, 209), 'rel': (-2, 3), 'buttons': (0, 0, 0), 'window': None})>
2020-01-21 20:48:22,846 - BDM-WAM 1579639694.174831 - INFO - <Event(4-MouseMotion {'pos': (506, 210), 'rel': (-1, 1), 'buttons': (0, 0, 0), 'window': None})>
2020-01-21 20:48:22,863 - BDM-WAM 1579639694.174831 - INFO - <Event(4-MouseMotion {'pos': (506, 211), 'rel': (0, 1), 'buttons': (0, 0, 0), 'window': None})>
2020-01-21 20:48:22,880 - BDM-WAM 1579639694.174831 - INFO - <Event(4-MouseMotion {'pos': (505, 213), 'rel': (-1, 2), 'buttons': (0, 0, 0), 'window': None})>
2020-01-21 20:48:22,897 - BDM-WAM 1579639694.174831 - INFO - <Event(4-MouseMotion {'pos': (503, 218), 'rel': (-2, 5), 'buttons': (0, 0, 0), 'window': None})>
2020-01-21 20:48:22,915 - BDM-WAM 1579639694.174831 - INFO - <Event(4-MouseMotion {'pos': (501, 224), 'rel': (-2, 6), 'buttons': (0, 0, 0), 'window': None})>
2020-01-21 20:48:22,932 - BDM-WAM 1579639694.174831 - INFO - <Event(4-MouseMotion {'pos': (500, 226), 'rel': (-1, 2), 'buttons': (0, 0, 0), 'window': None})>
2020-01-21 20:48:23,058 - BDM-WAM 1579639694.174831 - INFO - <Event(4-MouseMotion {'pos': (501, 227), 'rel': (1, 1), 'buttons': (0, 0, 0), 'window': None})>
2020-01-21 20:48:23,074 - BDM-WAM 1579639694.174831 - INFO - <Event(4-MouseMotion {'pos': (509, 231), 'rel': (8, 4), 'buttons': (0, 0, 0), 'window': None})>
2020-01-21 20:48:23,127 - BDM-WAM 1579639694.174831 - INFO - <Event(4-MouseMotion {'pos': (547, 228), 'rel': (38, -3), 'buttons': (0, 0, 0), 'window': None})>
2020-01-21 20:48:23,145 - BDM-WAM 1579639694.174831 - INFO - <Event(4-MouseMotion {'pos': (550, 226), 'rel': (3, -2), 'buttons': (0, 0, 0), 'window': None})>
2020-01-21 20:48:23,226 - BDM-WAM 1579639694.174831 - INFO - <Event(4-MouseMotion {'pos': (550, 225), 'rel': (0, -1), 'buttons': (0, 0, 0), 'window': None})>
2020-01-21 20:48:23,346 - BDM-WAM 1579639694.174831 - INFO - <Event(4-MouseMotion {'pos': (545, 230), 'rel': (-5, 5), 'buttons': (0, 0, 0), 'window': None})>
2020-01-21 20:48:23,363 - BDM-WAM 1579639694.174831 - INFO - <Event(4-MouseMotion {'pos': (495, 257), 'rel': (-50, 27), 'buttons': (0, 0, 0), 'window': None})>
2020-01-21 20:48:23,380 - BDM-WAM 1579639694.174831 - INFO - <Event(4-MouseMotion {'pos': (432, 297), 'rel': (-63, 40), 'buttons': (0, 0, 0), 'window': None})>
2020-01-21 20:48:23,397 - BDM-WAM 1579639694.174831 - INFO - <Event(4-MouseMotion {'pos': (398, 324), 'rel': (-34, 27), 'buttons': (0, 0, 0), 'window': None})>
2020-01-21 20:48:23,414 - BDM-WAM 1579639694.174831 - INFO - <Event(4-MouseMotion {'pos': (379, 344), 'rel': (-19, 20), 'buttons': (0, 0, 0), 'window': None})>
2020-01-21 20:48:23,431 - BDM-WAM 1579639694.174831 - INFO - <Event(4-MouseMotion {'pos': (371, 354), 'rel': (-8, 10), 'buttons': (0, 0, 0), 'window': None})>
2020-01-21 20:48:23,448 - BDM-WAM 1579639694.174831 - INFO - <Event(4-MouseMotion {'pos': (370, 356), 'rel': (-1, 2), 'buttons': (0, 0, 0), 'window': None})>
2020-01-21 20:48:23,584 - BDM-WAM 1579639694.174831 - INFO - <Event(4-MouseMotion {'pos': (373, 359), 'rel': (3, 3), 'buttons': (0, 0, 0), 'window': None})>
2020-01-21 20:48:23,602 - BDM-WAM 1579639694.174831 - INFO - <Event(4-MouseMotion {'pos': (378, 361), 'rel': (5, 2), 'buttons': (0, 0, 0), 'window': None})>
2020-01-21 20:48:23,619 - BDM-WAM 1579639694.174831 - INFO - <Event(4-MouseMotion {'pos': (380, 361), 'rel': (2, 0), 'buttons': (0, 0, 0), 'window': None})>
2020-01-21 20:48:23,636 - BDM-WAM 1579639694.174831 - INFO - <Event(4-MouseMotion {'pos': (381, 361), 'rel': (1, 0), 'buttons': (0, 0, 0), 'window': None})>
2020-01-21 20:48:23,653 - BDM-WAM 1579639694.174831 - INFO - <Event(4-MouseMotion {'pos': (386, 357), 'rel': (5, -4), 'buttons': (0, 0, 0), 'window': None})>
2020-01-21 20:48:23,670 - BDM-WAM 1579639694.174831 - INFO - <Event(4-MouseMotion {'pos': (396, 348), 'rel': (10, -9), 'buttons': (0, 0, 0), 'window': None})>
2020-01-21 20:48:23,687 - BDM-WAM 1579639694.174831 - INFO - <Event(4-MouseMotion {'pos': (409, 336), 'rel': (13, -12), 'buttons': (0, 0, 0), 'window': None})>
2020-01-21 20:48:23,705 - BDM-WAM 1579639694.174831 - INFO - <Event(4-MouseMotion {'pos': (414, 330), 'rel': (5, -6), 'buttons': (0, 0, 0), 'window': None})>
2020-01-21 20:48:23,722 - BDM-WAM 1579639694.174831 - INFO - <Event(4-MouseMotion {'pos': (416, 327), 'rel': (2, -3), 'buttons': (0, 0, 0), 'window': None})>
2020-01-21 20:48:23,772 - BDM-WAM 1579639694.174831 - INFO - <Event(4-MouseMotion {'pos': (418, 326), 'rel': (2, -1), 'buttons': (0, 0, 0), 'window': None})>
2020-01-21 20:48:23,789 - BDM-WAM 1579639694.174831 - INFO - <Event(4-MouseMotion {'pos': (420, 325), 'rel': (2, -1), 'buttons': (0, 0, 0), 'window': None})>
2020-01-21 20:48:23,841 - BDM-WAM 1579639694.174831 - INFO - <Event(5-MouseButtonDown {'pos': (420, 325), 'button': 1, 'window': None})>
2020-01-21 20:48:23,841 - BDM-WAM 1579639694.174831 - INFO - <Event(8-Pause {'reason': hit_conf })>
2020-01-21 20:48:24,204 - BDM-WAM 1579639694.174831 - INFO - <Event(7-Rate {'hit_conf': 2 })>
2020-01-21 20:48:24,399 - BDM-WAM 1579639694.174831 - INFO - <Event(7-Rate {'reward_conf': 2 })>
2020-01-21 20:48:24,557 - BDM-WAM 1579639694.174831 - INFO - <Event(7-Rate {'player_skill': 2 })>
2020-01-21 20:48:24,558 - BDM-WAM 1579639694.174831 - INFO - <Event(9.1-TrueHit {'pos': (420,325),'distance: 49.20365840057018,'relative_loc: (39, 30),'window': None})>
2020-01-21 20:48:24,558 - BDM-WAM 1579639694.174831 - INFO - <Event(11-Score {score_inc: 3,score: 10})>
2020-01-21 20:48:24,646 - BDM-WAM 1579639694.174831 - INFO - <Event(4-MouseMotion {'pos': (425, 325), 'rel': (5, 0), 'buttons': (0, 0, 0), 'window': None})>
2020-01-21 20:48:24,662 - BDM-WAM 1579639694.174831 - INFO - <Event(4-MouseMotion {'pos': (428, 325), 'rel': (3, 0), 'buttons': (0, 0, 0), 'window': None})>
2020-01-21 20:48:24,679 - BDM-WAM 1579639694.174831 - INFO - <Event(3-KeyUp {'key': 50, 'mod': 0, 'scancode': 3, 'window': None})>
2020-01-21 20:48:24,679 - BDM-WAM 1579639694.174831 - INFO - <Event(4-MouseMotion {'pos': (429, 325), 'rel': (1, 0), 'buttons': (0, 0, 0), 'window': None})>
2020-01-21 20:48:24,696 - BDM-WAM 1579639694.174831 - INFO - <Event(4-MouseMotion {'pos': (430, 325), 'rel': (1, 0), 'buttons': (0, 0, 0), 'window': None})>
2020-01-21 20:48:24,717 - BDM-WAM 1579639694.174831 - INFO - <Event(4-MouseMotion {'pos': (431, 325), 'rel': (1, 0), 'buttons': (0, 0, 0), 'window': None})>
2020-01-21 20:48:24,733 - BDM-WAM 1579639694.174831 - INFO - <Event(4-MouseMotion {'pos': (432, 326), 'rel': (1, 1), 'buttons': (0, 0, 0), 'window': None})>
2020-01-21 20:48:24,747 - BDM-WAM 1579639694.174831 - INFO - <Event(4-MouseMotion {'pos': (433, 326), 'rel': (1, 0), 'buttons': (0, 0, 0), 'window': None})>
2020-01-21 20:48:24,766 - BDM-WAM 1579639694.174831 - INFO - <Event(4-MouseMotion {'pos': (434, 326), 'rel': (1, 0), 'buttons': (0, 0, 0), 'window': None})>
2020-01-21 20:48:24,780 - BDM-WAM 1579639694.174831 - INFO - <Event(4-MouseMotion {'pos': (435, 327), 'rel': (1, 1), 'buttons': (0, 0, 0), 'window': None})>
2020-01-21 20:48:24,910 - BDM-WAM 1579639694.174831 - INFO - <Event(4-MouseMotion {'pos': (436, 327), 'rel': (1, 0), 'buttons': (0, 0, 0), 'window': None})>
2020-01-21 20:48:24,963 - BDM-WAM 1579639694.174831 - INFO - <Event(4-MouseMotion {'pos': (439, 329), 'rel': (3, 2), 'buttons': (0, 0, 0), 'window': None})>
2020-01-21 20:48:25,018 - BDM-WAM 1579639694.174831 - INFO - <Event(4-MouseMotion {'pos': (453, 343), 'rel': (14, 14), 'buttons': (0, 0, 0), 'window': None})>
2020-01-21 20:48:25,088 - BDM-WAM 1579639694.174831 - INFO - <Event(10-MoleUp) {'loc': (636,366)})>
2020-01-21 20:48:25,091 - BDM-WAM 1579639694.174831 - INFO - <Event(4-MouseMotion {'pos': (469, 361), 'rel': (16, 18), 'buttons': (0, 0, 0), 'window': None})>
2020-01-21 20:48:25,114 - BDM-WAM 1579639694.174831 - INFO - <Event(4-MouseMotion {'pos': (476, 365), 'rel': (7, 4), 'buttons': (0, 0, 0), 'window': None})>
2020-01-21 20:48:25,125 - BDM-WAM 1579639694.174831 - INFO - <Event(4-MouseMotion {'pos': (484, 369), 'rel': (8, 4), 'buttons': (0, 0, 0), 'window': None})>
2020-01-21 20:48:25,151 - BDM-WAM 1579639694.174831 - INFO - <Event(4-MouseMotion {'pos': (504, 377), 'rel': (20, 8), 'buttons': (0, 0, 0), 'window': None})>
2020-01-21 20:48:25,159 - BDM-WAM 1579639694.174831 - INFO - <Event(4-MouseMotion {'pos': (507, 377), 'rel': (3, 0), 'buttons': (0, 0, 0), 'window': None})>
2020-01-21 20:48:25,176 - BDM-WAM 1579639694.174831 - INFO - <Event(4-MouseMotion {'pos': (510, 379), 'rel': (3, 2), 'buttons': (0, 0, 0), 'window': None})>
2020-01-21 20:48:25,193 - BDM-WAM 1579639694.174831 - INFO - <Event(4-MouseMotion {'pos': (517, 380), 'rel': (7, 1), 'buttons': (0, 0, 0), 'window': None})>
2020-01-21 20:48:25,210 - BDM-WAM 1579639694.174831 - INFO - <Event(4-MouseMotion {'pos': (528, 385), 'rel': (11, 5), 'buttons': (0, 0, 0), 'window': None})>
2020-01-21 20:48:25,228 - BDM-WAM 1579639694.174831 - INFO - <Event(4-MouseMotion {'pos': (543, 393), 'rel': (15, 8), 'buttons': (0, 0, 0), 'window': None})>
2020-01-21 20:48:25,244 - BDM-WAM 1579639694.174831 - INFO - <Event(4-MouseMotion {'pos': (559, 401), 'rel': (16, 8), 'buttons': (0, 0, 0), 'window': None})>
2020-01-21 20:48:25,262 - BDM-WAM 1579639694.174831 - INFO - <Event(4-MouseMotion {'pos': (576, 412), 'rel': (17, 11), 'buttons': (0, 0, 0), 'window': None})>
2020-01-21 20:48:25,291 - BDM-WAM 1579639694.174831 - INFO - <Event(4-MouseMotion {'pos': (609, 431), 'rel': (33, 19), 'buttons': (0, 0, 0), 'window': None})>
2020-01-21 20:48:25,298 - BDM-WAM 1579639694.174831 - INFO - <Event(4-MouseMotion {'pos': (618, 436), 'rel': (9, 5), 'buttons': (0, 0, 0), 'window': None})>
2020-01-21 20:48:25,314 - BDM-WAM 1579639694.174831 - INFO - <Event(4-MouseMotion {'pos': (632, 444), 'rel': (14, 8), 'buttons': (0, 0, 0), 'window': None})>
2020-01-21 20:48:25,330 - BDM-WAM 1579639694.174831 - INFO - <Event(4-MouseMotion {'pos': (647, 452), 'rel': (15, 8), 'buttons': (0, 0, 0), 'window': None})>
2020-01-21 20:48:25,346 - BDM-WAM 1579639694.174831 - INFO - <Event(4-MouseMotion {'pos': (662, 461), 'rel': (15, 9), 'buttons': (0, 0, 0), 'window': None})>
2020-01-21 20:48:25,363 - BDM-WAM 1579639694.174831 - INFO - <Event(4-MouseMotion {'pos': (676, 471), 'rel': (14, 10), 'buttons': (0, 0, 0), 'window': None})>
2020-01-21 20:48:25,381 - BDM-WAM 1579639694.174831 - INFO - <Event(4-MouseMotion {'pos': (685, 476), 'rel': (9, 5), 'buttons': (0, 0, 0), 'window': None})>
2020-01-21 20:48:25,397 - BDM-WAM 1579639694.174831 - INFO - <Event(4-MouseMotion {'pos': (686, 477), 'rel': (1, 1), 'buttons': (0, 0, 0), 'window': None})>
2020-01-21 20:48:25,515 - BDM-WAM 1579639694.174831 - INFO - <Event(4-MouseMotion {'pos': (680, 471), 'rel': (-6, -6), 'buttons': (0, 0, 0), 'window': None})>
2020-01-21 20:48:25,518 - BDM-WAM 1579639694.174831 - INFO - <Event(4-MouseMotion {'pos': (679, 469), 'rel': (-1, -2), 'buttons': (0, 0, 0), 'window': None})>
2020-01-21 20:48:25,534 - BDM-WAM 1579639694.174831 - INFO - <Event(4-MouseMotion {'pos': (675, 459), 'rel': (-4, -10), 'buttons': (0, 0, 0), 'window': None})>
2020-01-21 20:48:25,565 - BDM-WAM 1579639694.174831 - INFO - <Event(4-MouseMotion {'pos': (673, 450), 'rel': (-2, -9), 'buttons': (0, 0, 0), 'window': None})>
2020-01-21 20:48:25,634 - BDM-WAM 1579639694.174831 - INFO - <Event(4-MouseMotion {'pos': (673, 449), 'rel': (0, -1), 'buttons': (0, 0, 0), 'window': None})>
2020-01-21 20:48:25,756 - BDM-WAM 1579639694.174831 - INFO - <Event(4-MouseMotion {'pos': (673, 448), 'rel': (0, -1), 'buttons': (0, 0, 0), 'window': None})>
2020-01-21 20:48:25,772 - BDM-WAM 1579639694.174831 - INFO - <Event(4-MouseMotion {'pos': (678, 442), 'rel': (5, -6), 'buttons': (0, 0, 0), 'window': None})>
2020-01-21 20:48:25,789 - BDM-WAM 1579639694.174831 - INFO - <Event(4-MouseMotion {'pos': (681, 425), 'rel': (3, -17), 'buttons': (0, 0, 0), 'window': None})>
2020-01-21 20:48:25,806 - BDM-WAM 1579639694.174831 - INFO - <Event(4-MouseMotion {'pos': (683, 414), 'rel': (2, -11), 'buttons': (0, 0, 0), 'window': None})>
2020-01-21 20:48:25,908 - BDM-WAM 1579639694.174831 - INFO - <Event(5-MouseButtonDown {'pos': (683, 414), 'button': 1, 'window': None})>
2020-01-21 20:48:25,908 - BDM-WAM 1579639694.174831 - INFO - <Event(8-Pause {'reason': hit_conf })>
2020-01-21 20:48:26,487 - BDM-WAM 1579639694.174831 - INFO - <Event(7-Rate {'hit_conf': 2 })>
2020-01-21 20:48:26,638 - BDM-WAM 1579639694.174831 - INFO - <Event(7-Rate {'reward_conf': 2 })>
2020-01-21 20:48:26,803 - BDM-WAM 1579639694.174831 - INFO - <Event(7-Rate {'player_skill': 2 })>
2020-01-21 20:48:26,804 - BDM-WAM 1579639694.174831 - INFO - <Event(9.1-TrueHit {'pos': (683,414),'distance: 67.17886572427373,'relative_loc: (47, 48),'window': None})>
2020-01-21 20:48:26,804 - BDM-WAM 1579639694.174831 - INFO - <Event(11-Score {score_inc: 4,score: 14})>
2020-01-21 20:48:26,805 - BDM-WAM 1579639694.174831 - INFO - <Event(8-Pause {'reason': demo })>
2020-01-21 20:48:28,587 - BDM-WAM 1579639694.174831 - INFO - <Event(3-KeyUp {'key': 99, 'mod': 0, 'scancode': 46, 'window': None})>
2020-01-21 20:48:28,721 - BDM-WAM 1579639694.174831 - INFO - <Event(4-MouseMotion {'pos': (650, 392), 'rel': (-1, -2), 'buttons': (0, 0, 0), 'window': None})>
2020-01-21 20:48:28,738 - BDM-WAM 1579639694.174831 - INFO - <Event(4-MouseMotion {'pos': (642, 380), 'rel': (-8, -12), 'buttons': (0, 0, 0), 'window': None})>
2020-01-21 20:48:28,755 - BDM-WAM 1579639694.174831 - INFO - <Event(4-MouseMotion {'pos': (639, 376), 'rel': (-3, -4), 'buttons': (0, 0, 0), 'window': None})>
2020-01-21 20:48:28,805 - BDM-WAM 1579639694.174831 - INFO - <Event(4-MouseMotion {'pos': (634, 367), 'rel': (-5, -9), 'buttons': (0, 0, 0), 'window': None})>
2020-01-21 20:48:28,823 - BDM-WAM 1579639694.174831 - INFO - <Event(4-MouseMotion {'pos': (633, 366), 'rel': (-1, -1), 'buttons': (0, 0, 0), 'window': None})>
2020-01-21 20:48:28,841 - BDM-WAM 1579639694.174831 - INFO - <Event(4-MouseMotion {'pos': (632, 364), 'rel': (-1, -2), 'buttons': (0, 0, 0), 'window': None})>
2020-01-21 20:48:28,858 - BDM-WAM 1579639694.174831 - INFO - <Event(4-MouseMotion {'pos': (631, 364), 'rel': (-1, 0), 'buttons': (0, 0, 0), 'window': None})>
2020-01-21 20:48:28,989 - BDM-WAM 1579639694.174831 - INFO - <Event(10-MoleUp) {'loc': (381,295)})>
2020-01-21 20:48:29,041 - BDM-WAM 1579639694.174831 - INFO - <Event(4-MouseMotion {'pos': (632, 364), 'rel': (1, 0), 'buttons': (0, 0, 0), 'window': None})>
2020-01-21 20:48:29,058 - BDM-WAM 1579639694.174831 - INFO - <Event(4-MouseMotion {'pos': (632, 365), 'rel': (0, 1), 'buttons': (0, 0, 0), 'window': None})>
2020-01-21 20:48:29,075 - BDM-WAM 1579639694.174831 - INFO - <Event(4-MouseMotion {'pos': (633, 365), 'rel': (1, 0), 'buttons': (0, 0, 0), 'window': None})>
2020-01-21 20:48:29,092 - BDM-WAM 1579639694.174831 - INFO - <Event(4-MouseMotion {'pos': (634, 366), 'rel': (1, 1), 'buttons': (0, 0, 0), 'window': None})>
2020-01-21 20:48:29,346 - BDM-WAM 1579639694.174831 - INFO - <Event(4-MouseMotion {'pos': (632, 365), 'rel': (-2, -1), 'buttons': (0, 0, 0), 'window': None})>
2020-01-21 20:48:29,364 - BDM-WAM 1579639694.174831 - INFO - <Event(4-MouseMotion {'pos': (630, 364), 'rel': (-2, -1), 'buttons': (0, 0, 0), 'window': None})>
2020-01-21 20:48:29,415 - BDM-WAM 1579639694.174831 - INFO - <Event(4-MouseMotion {'pos': (616, 357), 'rel': (-14, -7), 'buttons': (0, 0, 0), 'window': None})>
2020-01-21 20:48:29,519 - BDM-WAM 1579639694.174831 - INFO - <Event(4-MouseMotion {'pos': (614, 357), 'rel': (-2, 0), 'buttons': (0, 0, 0), 'window': None})>
2020-01-21 20:48:29,729 - BDM-WAM 1579639694.174831 - INFO - <Event(4-MouseMotion {'pos': (612, 356), 'rel': (-2, -1), 'buttons': (0, 0, 0), 'window': None})>
2020-01-21 20:48:29,746 - BDM-WAM 1579639694.174831 - INFO - <Event(4-MouseMotion {'pos': (580, 349), 'rel': (-32, -7), 'buttons': (0, 0, 0), 'window': None})>
2020-01-21 20:48:29,763 - BDM-WAM 1579639694.174831 - INFO - <Event(4-MouseMotion {'pos': (560, 346), 'rel': (-20, -3), 'buttons': (0, 0, 0), 'window': None})>
2020-01-21 20:48:29,780 - BDM-WAM 1579639694.174831 - INFO - <Event(4-MouseMotion {'pos': (549, 344), 'rel': (-11, -2), 'buttons': (0, 0, 0), 'window': None})>
2020-01-21 20:48:29,797 - BDM-WAM 1579639694.174831 - INFO - <Event(4-MouseMotion {'pos': (536, 344), 'rel': (-13, 0), 'buttons': (0, 0, 0), 'window': None})>
2020-01-21 20:48:29,814 - BDM-WAM 1579639694.174831 - INFO - <Event(4-MouseMotion {'pos': (523, 344), 'rel': (-13, 0), 'buttons': (0, 0, 0), 'window': None})>
2020-01-21 20:48:29,832 - BDM-WAM 1579639694.174831 - INFO - <Event(4-MouseMotion {'pos': (507, 344), 'rel': (-16, 0), 'buttons': (0, 0, 0), 'window': None})>
2020-01-21 20:48:29,850 - BDM-WAM 1579639694.174831 - INFO - <Event(4-MouseMotion {'pos': (492, 344), 'rel': (-15, 0), 'buttons': (0, 0, 0), 'window': None})>
2020-01-21 20:48:29,867 - BDM-WAM 1579639694.174831 - INFO - <Event(4-MouseMotion {'pos': (481, 343), 'rel': (-11, -1), 'buttons': (0, 0, 0), 'window': None})>
2020-01-21 20:48:29,884 - BDM-WAM 1579639694.174831 - INFO - <Event(4-MouseMotion {'pos': (475, 342), 'rel': (-6, -1), 'buttons': (0, 0, 0), 'window': None})>
2020-01-21 20:48:29,901 - BDM-WAM 1579639694.174831 - INFO - <Event(4-MouseMotion {'pos': (471, 341), 'rel': (-4, -1), 'buttons': (0, 0, 0), 'window': None})>
2020-01-21 20:48:29,918 - BDM-WAM 1579639694.174831 - INFO - <Event(4-MouseMotion {'pos': (466, 339), 'rel': (-5, -2), 'buttons': (0, 0, 0), 'window': None})>
2020-01-21 20:48:29,935 - BDM-WAM 1579639694.174831 - INFO - <Event(4-MouseMotion {'pos': (460, 337), 'rel': (-6, -2), 'buttons': (0, 0, 0), 'window': None})>
2020-01-21 20:48:29,951 - BDM-WAM 1579639694.174831 - INFO - <Event(4-MouseMotion {'pos': (458, 337), 'rel': (-2, 0), 'buttons': (0, 0, 0), 'window': None})>
2020-01-21 20:48:29,968 - BDM-WAM 1579639694.174831 - INFO - <Event(4-MouseMotion {'pos': (456, 336), 'rel': (-2, -1), 'buttons': (0, 0, 0), 'window': None})>
2020-01-21 20:48:29,984 - BDM-WAM 1579639694.174831 - INFO - <Event(4-MouseMotion {'pos': (454, 336), 'rel': (-2, 0), 'buttons': (0, 0, 0), 'window': None})>
2020-01-21 20:48:30,001 - BDM-WAM 1579639694.174831 - INFO - <Event(4-MouseMotion {'pos': (454, 335), 'rel': (0, -1), 'buttons': (0, 0, 0), 'window': None})>
2020-01-21 20:48:30,139 - BDM-WAM 1579639694.174831 - INFO - <Event(4-MouseMotion {'pos': (495, 323), 'rel': (41, -12), 'buttons': (0, 0, 0), 'window': None})>
2020-01-21 20:48:30,155 - BDM-WAM 1579639694.174831 - INFO - <Event(4-MouseMotion {'pos': (615, 333), 'rel': (120, 10), 'buttons': (0, 0, 0), 'window': None})>
2020-01-21 20:48:30,172 - BDM-WAM 1579639694.174831 - INFO - <Event(4-MouseMotion {'pos': (706, 351), 'rel': (91, 18), 'buttons': (0, 0, 0), 'window': None})>
2020-01-21 20:48:30,189 - BDM-WAM 1579639694.174831 - INFO - <Event(4-MouseMotion {'pos': (613, 154), 'rel': (-93, -197), 'buttons': (0, 0, 0), 'window': None})>
2020-01-21 20:48:30,206 - BDM-WAM 1579639694.174831 - INFO - <Event(4-MouseMotion {'pos': (619, 156), 'rel': (6, 2), 'buttons': (0, 0, 0), 'window': None})>
2020-01-21 20:48:30,744 - BDM-WAM 1579639694.174831 - INFO - <Event(2-KeyDown {'unicode': 'p', 'key': 112, 'mod': 0, 'scancode': 25, 'window': None})>
2020-01-21 20:48:30,744 - BDM-WAM 1579639694.174831 - INFO - <Event(8-Pause {'reason': pause })>
2020-01-21 20:48:32,146 - BDM-WAM 1579639694.174831 - INFO - <Event(10-MoleUp) {'loc': (95,43)})>
2020-01-21 20:48:32,198 - BDM-WAM 1579639694.174831 - INFO - <Event(3-KeyUp {'key': 99, 'mod': 0, 'scancode': 46, 'window': None})>
2020-01-21 20:48:33,104 - BDM-WAM 1579639694.174831 - INFO - <Event(2-KeyDown {'unicode': 'p', 'key': 112, 'mod': 0, 'scancode': 25, 'window': None})>
2020-01-21 20:48:33,105 - BDM-WAM 1579639694.174831 - INFO - <Event(8-Pause {'reason': pause })>
2020-01-21 20:48:35,731 - BDM-WAM 1579639694.174831 - INFO - ************* HAPPY ANALYSING... LOG COMPLETE!!! ************* 
