2019-07-17 10:09:16,895 - BDM-WAM 1563354556.886465 - INFO - <Event(17-VideoExpose {})>
2019-07-17 10:09:18,460 - BDM-WAM 1563354556.886465 - INFO - <Event(16-VideoResize {'size': (800, 600), 'w': 800, 'h': 600})>
2019-07-17 10:09:18,460 - BDM-WAM 1563354556.886465 - INFO - <Event(1-ActiveEvent {'gain': 0, 'state': 1})>
2019-07-17 10:09:18,460 - BDM-WAM 1563354556.886465 - INFO - <Event(4-MouseMotion {'pos': (683, 341), 'rel': (684, 342), 'buttons': (0, 0, 0), 'window': None})>
2019-07-17 10:09:18,460 - BDM-WAM 1563354556.886465 - INFO - <Event(1-ActiveEvent {'gain': 1, 'state': 1})>
2019-07-17 10:09:18,467 - BDM-WAM 1563354556.886465 - INFO - <Event(4-MouseMotion {'pos': (696, 357), 'rel': (13, 16), 'buttons': (0, 0, 0), 'window': None})>
2019-07-17 10:09:18,583 - BDM-WAM 1563354556.886465 - INFO - <Event(3-KeyUp {'key': 99, 'mod': 0, 'scancode': 46, 'window': None})>
2019-07-17 10:09:19,084 - BDM-WAM 1563354556.886465 - INFO - <Event(4-MouseMotion {'pos': (590, 389), 'rel': (14, -2), 'buttons': (0, 0, 0), 'window': None})>
2019-07-17 10:09:19,102 - BDM-WAM 1563354556.886465 - INFO - <Event(4-MouseMotion {'pos': (629, 397), 'rel': (39, 8), 'buttons': (0, 0, 0), 'window': None})>
2019-07-17 10:09:19,117 - BDM-WAM 1563354556.886465 - INFO - <Event(4-MouseMotion {'pos': (644, 408), 'rel': (15, 11), 'buttons': (0, 0, 0), 'window': None})>
2019-07-17 10:09:19,133 - BDM-WAM 1563354556.886465 - INFO - <Event(4-MouseMotion {'pos': (654, 421), 'rel': (10, 13), 'buttons': (0, 0, 0), 'window': None})>
2019-07-17 10:09:19,149 - BDM-WAM 1563354556.886465 - INFO - <Event(4-MouseMotion {'pos': (662, 440), 'rel': (8, 19), 'buttons': (0, 0, 0), 'window': None})>
2019-07-17 10:09:19,166 - BDM-WAM 1563354556.886465 - INFO - <Event(4-MouseMotion {'pos': (665, 455), 'rel': (3, 15), 'buttons': (0, 0, 0), 'window': None})>
2019-07-17 10:09:19,183 - BDM-WAM 1563354556.886465 - INFO - <Event(4-MouseMotion {'pos': (665, 471), 'rel': (0, 16), 'buttons': (0, 0, 0), 'window': None})>
2019-07-17 10:09:19,201 - BDM-WAM 1563354556.886465 - INFO - <Event(4-MouseMotion {'pos': (664, 481), 'rel': (-1, 10), 'buttons': (0, 0, 0), 'window': None})>
2019-07-17 10:09:19,217 - BDM-WAM 1563354556.886465 - INFO - <Event(4-MouseMotion {'pos': (660, 491), 'rel': (-4, 10), 'buttons': (0, 0, 0), 'window': None})>
2019-07-17 10:09:19,233 - BDM-WAM 1563354556.886465 - INFO - <Event(4-MouseMotion {'pos': (658, 494), 'rel': (-2, 3), 'buttons': (0, 0, 0), 'window': None})>
2019-07-17 10:09:19,251 - BDM-WAM 1563354556.886465 - INFO - <Event(4-MouseMotion {'pos': (656, 496), 'rel': (-2, 2), 'buttons': (0, 0, 0), 'window': None})>
2019-07-17 10:09:19,267 - BDM-WAM 1563354556.886465 - INFO - <Event(4-MouseMotion {'pos': (652, 497), 'rel': (-4, 1), 'buttons': (0, 0, 0), 'window': None})>
2019-07-17 10:09:19,284 - BDM-WAM 1563354556.886465 - INFO - <Event(4-MouseMotion {'pos': (645, 498), 'rel': (-7, 1), 'buttons': (0, 0, 0), 'window': None})>
2019-07-17 10:09:19,301 - BDM-WAM 1563354556.886465 - INFO - <Event(4-MouseMotion {'pos': (633, 494), 'rel': (-12, -4), 'buttons': (0, 0, 0), 'window': None})>
2019-07-17 10:09:19,318 - BDM-WAM 1563354556.886465 - INFO - <Event(4-MouseMotion {'pos': (628, 489), 'rel': (-5, -5), 'buttons': (0, 0, 0), 'window': None})>
2019-07-17 10:09:19,334 - BDM-WAM 1563354556.886465 - INFO - <Event(4-MouseMotion {'pos': (621, 477), 'rel': (-7, -12), 'buttons': (0, 0, 0), 'window': None})>
2019-07-17 10:09:19,352 - BDM-WAM 1563354556.886465 - INFO - <Event(4-MouseMotion {'pos': (619, 464), 'rel': (-2, -13), 'buttons': (0, 0, 0), 'window': None})>
2019-07-17 10:09:19,368 - BDM-WAM 1563354556.886465 - INFO - <Event(4-MouseMotion {'pos': (623, 445), 'rel': (4, -19), 'buttons': (0, 0, 0), 'window': None})>
2019-07-17 10:09:19,385 - BDM-WAM 1563354556.886465 - INFO - <Event(4-MouseMotion {'pos': (635, 422), 'rel': (12, -23), 'buttons': (0, 0, 0), 'window': None})>
2019-07-17 10:09:19,401 - BDM-WAM 1563354556.886465 - INFO - <Event(4-MouseMotion {'pos': (658, 391), 'rel': (23, -31), 'buttons': (0, 0, 0), 'window': None})>
2019-07-17 10:09:19,417 - BDM-WAM 1563354556.886465 - INFO - <Event(4-MouseMotion {'pos': (670, 379), 'rel': (12, -12), 'buttons': (0, 0, 0), 'window': None})>
2019-07-17 10:09:19,433 - BDM-WAM 1563354556.886465 - INFO - <Event(4-MouseMotion {'pos': (681, 369), 'rel': (11, -10), 'buttons': (0, 0, 0), 'window': None})>
2019-07-17 10:09:19,450 - BDM-WAM 1563354556.886465 - INFO - <Event(4-MouseMotion {'pos': (692, 363), 'rel': (11, -6), 'buttons': (0, 0, 0), 'window': None})>
2019-07-17 10:09:19,467 - BDM-WAM 1563354556.886465 - INFO - <Event(4-MouseMotion {'pos': (702, 360), 'rel': (10, -3), 'buttons': (0, 0, 0), 'window': None})>
2019-07-17 10:09:19,483 - BDM-WAM 1563354556.886465 - INFO - <Event(4-MouseMotion {'pos': (708, 357), 'rel': (6, -3), 'buttons': (0, 0, 0), 'window': None})>
2019-07-17 10:09:19,500 - BDM-WAM 1563354556.886465 - INFO - <Event(4-MouseMotion {'pos': (711, 356), 'rel': (3, -1), 'buttons': (0, 0, 0), 'window': None})>
2019-07-17 10:09:19,517 - BDM-WAM 1563354556.886465 - INFO - <Event(4-MouseMotion {'pos': (716, 351), 'rel': (5, -5), 'buttons': (0, 0, 0), 'window': None})>
2019-07-17 10:09:19,533 - BDM-WAM 1563354556.886465 - INFO - <Event(4-MouseMotion {'pos': (720, 347), 'rel': (4, -4), 'buttons': (0, 0, 0), 'window': None})>
2019-07-17 10:09:19,550 - BDM-WAM 1563354556.886465 - INFO - <Event(4-MouseMotion {'pos': (724, 341), 'rel': (4, -6), 'buttons': (0, 0, 0), 'window': None})>
2019-07-17 10:09:19,579 - BDM-WAM 1563354556.886465 - INFO - <Event(4-MouseMotion {'pos': (732, 314), 'rel': (8, -27), 'buttons': (0, 0, 0), 'window': None})>
2019-07-17 10:09:19,600 - BDM-WAM 1563354556.886465 - INFO - <Event(4-MouseMotion {'pos': (732, 304), 'rel': (0, -10), 'buttons': (0, 0, 0), 'window': None})>
2019-07-17 10:09:19,617 - BDM-WAM 1563354556.886465 - INFO - <Event(4-MouseMotion {'pos': (732, 295), 'rel': (0, -9), 'buttons': (0, 0, 0), 'window': None})>
2019-07-17 10:09:19,634 - BDM-WAM 1563354556.886465 - INFO - <Event(4-MouseMotion {'pos': (732, 290), 'rel': (0, -5), 'buttons': (0, 0, 0), 'window': None})>
2019-07-17 10:09:19,651 - BDM-WAM 1563354556.886465 - INFO - <Event(4-MouseMotion {'pos': (731, 288), 'rel': (-1, -2), 'buttons': (0, 0, 0), 'window': None})>
2019-07-17 10:09:19,677 - BDM-WAM 1563354556.886465 - INFO - <Event(4-MouseMotion {'pos': (728, 284), 'rel': (-3, -4), 'buttons': (0, 0, 0), 'window': None})>
2019-07-17 10:09:19,701 - BDM-WAM 1563354556.886465 - INFO - <Event(4-MouseMotion {'pos': (725, 281), 'rel': (-3, -3), 'buttons': (0, 0, 0), 'window': None})>
2019-07-17 10:09:19,717 - BDM-WAM 1563354556.886465 - INFO - <Event(4-MouseMotion {'pos': (722, 277), 'rel': (-3, -4), 'buttons': (0, 0, 0), 'window': None})>
2019-07-17 10:09:19,734 - BDM-WAM 1563354556.886465 - INFO - <Event(4-MouseMotion {'pos': (718, 272), 'rel': (-4, -5), 'buttons': (0, 0, 0), 'window': None})>
2019-07-17 10:09:21,108 - BDM-WAM 1563354556.886465 - INFO - <Event(5-MouseButtonDown {'pos': (470, 541), 'button': 1, 'window': None})>
2019-07-17 10:09:21,108 - BDM-WAM 1563354556.886465 - INFO - <Event(6-MouseButtonUp {'pos': (470, 541), 'button': 1, 'window': None})>
2019-07-17 10:09:22,956 - BDM-WAM 1563354556.886465 - INFO - <Event(5-MouseButtonDown {'pos': (658, 69), 'button': 1, 'window': None})>
2019-07-17 10:09:22,957 - BDM-WAM 1563354556.886465 - INFO - <Event(6-MouseButtonUp {'pos': (658, 69), 'button': 1, 'window': None})>
2019-07-17 10:09:24,682 - BDM-WAM 1563354556.886465 - INFO - <Event(5-MouseButtonDown {'pos': (652, 61), 'button': 1, 'window': None})>
2019-07-17 10:09:24,683 - BDM-WAM 1563354556.886465 - INFO - <Event(6-MouseButtonUp {'pos': (652, 61), 'button': 1, 'window': None})>
2019-07-17 10:09:26,352 - BDM-WAM 1563354556.886465 - INFO - <Event(5-MouseButtonDown {'pos': (213, 234), 'button': 1, 'window': None})>
2019-07-17 10:09:26,352 - BDM-WAM 1563354556.886465 - INFO - <Event(6-MouseButtonUp {'pos': (213, 234), 'button': 1, 'window': None})>
2019-07-17 10:09:27,952 - BDM-WAM 1563354556.886465 - INFO - <Event(5-MouseButtonDown {'pos': (666, 45), 'button': 1, 'window': None})>
2019-07-17 10:09:27,952 - BDM-WAM 1563354556.886465 - INFO - <Event(6-MouseButtonUp {'pos': (666, 45), 'button': 1, 'window': None})>
2019-07-17 10:09:29,688 - BDM-WAM 1563354556.886465 - INFO - <Event(5-MouseButtonDown {'pos': (518, 155), 'button': 1, 'window': None})>
2019-07-17 10:09:29,688 - BDM-WAM 1563354556.886465 - INFO - <Event(6-MouseButtonUp {'pos': (518, 155), 'button': 1, 'window': None})>
2019-07-17 10:09:31,228 - BDM-WAM 1563354556.886465 - INFO - <Event(5-MouseButtonDown {'pos': (524, 165), 'button': 1, 'window': None})>
2019-07-17 10:09:31,229 - BDM-WAM 1563354556.886465 - INFO - <Event(6-MouseButtonUp {'pos': (524, 165), 'button': 1, 'window': None})>
2019-07-17 10:09:33,182 - BDM-WAM 1563354556.886465 - INFO - <Event(5-MouseButtonDown {'pos': (154, 421), 'button': 1, 'window': None})>
2019-07-17 10:09:33,183 - BDM-WAM 1563354556.886465 - INFO - <Event(6-MouseButtonUp {'pos': (154, 421), 'button': 1, 'window': None})>
2019-07-17 10:09:34,944 - BDM-WAM 1563354556.886465 - INFO - <Event(5-MouseButtonDown {'pos': (654, 78), 'button': 1, 'window': None})>
2019-07-17 10:09:34,945 - BDM-WAM 1563354556.886465 - INFO - <Event(6-MouseButtonUp {'pos': (654, 78), 'button': 1, 'window': None})>
2019-07-17 10:09:36,751 - BDM-WAM 1563354556.886465 - INFO - <Event(5-MouseButtonDown {'pos': (710, 280), 'button': 1, 'window': None})>
2019-07-17 10:09:36,752 - BDM-WAM 1563354556.886465 - INFO - <Event(6-MouseButtonUp {'pos': (710, 280), 'button': 1, 'window': None})>
2019-07-17 10:09:38,314 - BDM-WAM 1563354556.886465 - INFO - <Event(5-MouseButtonDown {'pos': (466, 511), 'button': 1, 'window': None})>
2019-07-17 10:09:38,314 - BDM-WAM 1563354556.886465 - INFO - <Event(6-MouseButtonUp {'pos': (466, 511), 'button': 1, 'window': None})>
2019-07-17 10:09:39,954 - BDM-WAM 1563354556.886465 - INFO - <Event(5-MouseButtonDown {'pos': (166, 400), 'button': 1, 'window': None})>
2019-07-17 10:09:39,955 - BDM-WAM 1563354556.886465 - INFO - <Event(6-MouseButtonUp {'pos': (166, 400), 'button': 1, 'window': None})>
2019-07-17 10:09:41,491 - BDM-WAM 1563354556.886465 - INFO - <Event(5-MouseButtonDown {'pos': (675, 61), 'button': 1, 'window': None})>
2019-07-17 10:09:41,492 - BDM-WAM 1563354556.886465 - INFO - <Event(6-MouseButtonUp {'pos': (675, 61), 'button': 1, 'window': None})>
2019-07-17 10:09:42,220 - BDM-WAM 1563354556.886465 - INFO - <Event(5-MouseButtonDown {'pos': (639, 68), 'button': 1, 'window': None})>
2019-07-17 10:09:42,220 - BDM-WAM 1563354556.886465 - INFO - <Event(6-MouseButtonUp {'pos': (639, 68), 'button': 1, 'window': None})>
2019-07-17 10:09:43,170 - BDM-WAM 1563354556.886465 - INFO - <Event(5-MouseButtonDown {'pos': (438, 336), 'button': 1, 'window': None})>
2019-07-17 10:09:43,170 - BDM-WAM 1563354556.886465 - INFO - <Event(6-MouseButtonUp {'pos': (438, 336), 'button': 1, 'window': None})>
2019-07-17 10:09:44,700 - BDM-WAM 1563354556.886465 - INFO - <Event(5-MouseButtonDown {'pos': (720, 283), 'button': 1, 'window': None})>
2019-07-17 10:09:44,700 - BDM-WAM 1563354556.886465 - INFO - <Event(4-MouseMotion {'pos': (714, 297), 'rel': (-6, 14), 'buttons': (1, 0, 0), 'window': None})>
2019-07-17 10:09:44,748 - BDM-WAM 1563354556.886465 - INFO - <Event(6-MouseButtonUp {'pos': (714, 297), 'button': 1, 'window': None})>
2019-07-17 10:09:46,256 - BDM-WAM 1563354556.886465 - INFO - <Event(5-MouseButtonDown {'pos': (443, 321), 'button': 1, 'window': None})>
2019-07-17 10:09:46,256 - BDM-WAM 1563354556.886465 - INFO - <Event(6-MouseButtonUp {'pos': (443, 321), 'button': 1, 'window': None})>
2019-07-17 10:09:47,830 - BDM-WAM 1563354556.886465 - INFO - <Event(5-MouseButtonDown {'pos': (132, 107), 'button': 1, 'window': None})>
2019-07-17 10:09:47,831 - BDM-WAM 1563354556.886465 - INFO - <Event(6-MouseButtonUp {'pos': (132, 107), 'button': 1, 'window': None})>
2019-07-17 10:09:49,382 - BDM-WAM 1563354556.886465 - INFO - <Event(5-MouseButtonDown {'pos': (627, 86), 'button': 1, 'window': None})>
2019-07-17 10:09:49,382 - BDM-WAM 1563354556.886465 - INFO - <Event(6-MouseButtonUp {'pos': (627, 86), 'button': 1, 'window': None})>
2019-07-17 10:09:50,951 - BDM-WAM 1563354556.886465 - INFO - <Event(5-MouseButtonDown {'pos': (236, 213), 'button': 1, 'window': None})>
2019-07-17 10:09:50,951 - BDM-WAM 1563354556.886465 - INFO - <Event(6-MouseButtonUp {'pos': (236, 213), 'button': 1, 'window': None})>
2019-07-17 10:09:52,607 - BDM-WAM 1563354556.886465 - INFO - <Event(5-MouseButtonDown {'pos': (704, 277), 'button': 1, 'window': None})>
2019-07-17 10:09:52,608 - BDM-WAM 1563354556.886465 - INFO - <Event(6-MouseButtonUp {'pos': (704, 277), 'button': 1, 'window': None})>
2019-07-17 10:09:54,275 - BDM-WAM 1563354556.886465 - INFO - <Event(5-MouseButtonDown {'pos': (675, 65), 'button': 1, 'window': None})>
2019-07-17 10:09:54,275 - BDM-WAM 1563354556.886465 - INFO - <Event(6-MouseButtonUp {'pos': (675, 65), 'button': 1, 'window': None})>
2019-07-17 10:09:55,676 - BDM-WAM 1563354556.886465 - INFO - <Event(5-MouseButtonDown {'pos': (519, 164), 'button': 1, 'window': None})>
2019-07-17 10:09:55,676 - BDM-WAM 1563354556.886465 - INFO - <Event(6-MouseButtonUp {'pos': (519, 164), 'button': 1, 'window': None})>
2019-07-17 10:09:57,317 - BDM-WAM 1563354556.886465 - INFO - <Event(5-MouseButtonDown {'pos': (448, 526), 'button': 1, 'window': None})>
2019-07-17 10:09:57,317 - BDM-WAM 1563354556.886465 - INFO - <Event(6-MouseButtonUp {'pos': (448, 526), 'button': 1, 'window': None})>
2019-07-17 10:09:57,485 - BDM-WAM 1563354556.886465 - INFO - <Event(5-MouseButtonDown {'pos': (464, 551), 'button': 1, 'window': None})>
2019-07-17 10:09:57,486 - BDM-WAM 1563354556.886465 - INFO - <Event(6-MouseButtonUp {'pos': (464, 551), 'button': 1, 'window': None})>
2019-07-17 10:09:57,552 - BDM-WAM 1563354556.886465 - INFO - <Event(5-MouseButtonDown {'pos': (464, 551), 'button': 1, 'window': None})>
2019-07-17 10:09:57,553 - BDM-WAM 1563354556.886465 - INFO - <Event(4-MouseMotion {'pos': (468, 541), 'rel': (4, -10), 'buttons': (1, 0, 0), 'window': None})>
2019-07-17 10:09:57,636 - BDM-WAM 1563354556.886465 - INFO - <Event(6-MouseButtonUp {'pos': (468, 541), 'button': 1, 'window': None})>
2019-07-17 10:09:58,698 - BDM-WAM 1563354556.886465 - INFO - <Event(5-MouseButtonDown {'pos': (721, 270), 'button': 1, 'window': None})>
2019-07-17 10:09:58,698 - BDM-WAM 1563354556.886465 - INFO - <Event(6-MouseButtonUp {'pos': (721, 270), 'button': 1, 'window': None})>
2019-07-17 10:09:58,884 - BDM-WAM 1563354556.886465 - INFO - <Event(5-MouseButtonDown {'pos': (712, 301), 'button': 1, 'window': None})>
2019-07-17 10:09:58,885 - BDM-WAM 1563354556.886465 - INFO - <Event(6-MouseButtonUp {'pos': (712, 301), 'button': 1, 'window': None})>
2019-07-17 10:09:58,935 - BDM-WAM 1563354556.886465 - INFO - <Event(5-MouseButtonDown {'pos': (712, 301), 'button': 1, 'window': None})>
2019-07-17 10:09:58,935 - BDM-WAM 1563354556.886465 - INFO - <Event(4-MouseMotion {'pos': (716, 300), 'rel': (4, -1), 'buttons': (1, 0, 0), 'window': None})>
2019-07-17 10:09:59,036 - BDM-WAM 1563354556.886465 - INFO - <Event(6-MouseButtonUp {'pos': (716, 300), 'button': 1, 'window': None})>
2019-07-17 10:09:59,906 - BDM-WAM 1563354556.886465 - INFO - <Event(5-MouseButtonDown {'pos': (436, 347), 'button': 1, 'window': None})>
2019-07-17 10:09:59,907 - BDM-WAM 1563354556.886465 - INFO - <Event(6-MouseButtonUp {'pos': (436, 347), 'button': 1, 'window': None})>
2019-07-17 10:10:01,272 - BDM-WAM 1563354556.886465 - INFO - <Event(5-MouseButtonDown {'pos': (652, 76), 'button': 1, 'window': None})>
2019-07-17 10:10:01,272 - BDM-WAM 1563354556.886465 - INFO - <Event(6-MouseButtonUp {'pos': (652, 76), 'button': 1, 'window': None})>
2019-07-17 10:10:02,773 - BDM-WAM 1563354556.886465 - INFO - <Event(5-MouseButtonDown {'pos': (172, 101), 'button': 1, 'window': None})>
2019-07-17 10:10:02,774 - BDM-WAM 1563354556.886465 - INFO - <Event(6-MouseButtonUp {'pos': (172, 101), 'button': 1, 'window': None})>
2019-07-17 10:10:03,759 - BDM-WAM 1563354556.886465 - INFO - <Event(2-KeyDown {'unicode': 'p', 'key': 112, 'mod': 0, 'scancode': 25, 'window': None})>
2019-07-17 10:10:04,188 - BDM-WAM 1563354556.886465 - INFO - ************* HAPPY ANALYSING... LOG COMPLETE!!! ************* 
