2019-11-23 22:09:06,654 - BDM-WAM 1574546946.426891 - INFO - <Event(17-VideoExpose {})>
2019-11-23 22:09:08,185 - BDM-WAM 1574546946.426891 - INFO - <Event(1-ActiveEvent {'gain': 0, 'state': 1})>
2019-11-23 22:09:08,185 - BDM-WAM 1574546946.426891 - INFO - <Event(4-MouseMotion {'rel': (826, 899), 'buttons': (0, 0, 0), 'pos': (825, 898), 'window': None})>
2019-11-23 22:09:08,185 - BDM-WAM 1574546946.426891 - INFO - <Event(1-ActiveEvent {'gain': 1, 'state': 1})>
2019-11-23 22:09:08,185 - BDM-WAM 1574546946.426891 - INFO - <Event(4-MouseMotion {'rel': (-45, -11), 'buttons': (0, 0, 0), 'pos': (780, 887), 'window': None})>
2019-11-23 22:09:08,459 - BDM-WAM 1574546946.426891 - INFO - <Event(3-KeyUp {'scancode': 46, 'key': 99, 'window': None, 'mod': 0})>
2019-11-23 22:09:08,459 - BDM-WAM 1574546946.426891 - INFO - <Event(4-MouseMotion {'rel': (-124, -332), 'buttons': (0, 0, 0), 'pos': (190, 557), 'window': None})>
2019-11-23 22:09:08,565 - BDM-WAM 1574546946.426891 - INFO - <Event(4-MouseMotion {'rel': (35, -459), 'buttons': (0, 0, 0), 'pos': (225, 98), 'window': None})>
2019-11-23 22:09:08,708 - BDM-WAM 1574546946.426891 - INFO - <Event(4-MouseMotion {'rel': (9, -64), 'buttons': (0, 0, 0), 'pos': (234, 34), 'window': None})>
2019-11-23 22:09:08,764 - BDM-WAM 1574546946.426891 - INFO - <Event(1-ActiveEvent {'gain': 0, 'state': 1})>
2019-11-23 22:09:08,900 - BDM-WAM 1574546946.426891 - INFO - <Event(1-ActiveEvent {'gain': 1, 'state': 1})>
2019-11-23 22:09:08,901 - BDM-WAM 1574546946.426891 - INFO - <Event(4-MouseMotion {'rel': (-135, -20), 'buttons': (0, 0, 0), 'pos': (99, 14), 'window': None})>
2019-11-23 22:09:08,919 - BDM-WAM 1574546946.426891 - INFO - <Event(4-MouseMotion {'rel': (0, 42), 'buttons': (0, 0, 0), 'pos': (99, 56), 'window': None})>
2019-11-23 22:09:08,936 - BDM-WAM 1574546946.426891 - INFO - <Event(4-MouseMotion {'rel': (-1, 6), 'buttons': (0, 0, 0), 'pos': (98, 62), 'window': None})>
2019-11-23 22:09:09,051 - BDM-WAM 1574546946.426891 - INFO - <Event(4-MouseMotion {'rel': (-1, 2), 'buttons': (0, 0, 0), 'pos': (97, 64), 'window': None})>
2019-11-23 22:09:09,068 - BDM-WAM 1574546946.426891 - INFO - <Event(4-MouseMotion {'rel': (-1, 4), 'buttons': (0, 0, 0), 'pos': (96, 68), 'window': None})>
2019-11-23 22:09:09,085 - BDM-WAM 1574546946.426891 - INFO - <Event(4-MouseMotion {'rel': (-1, 3), 'buttons': (0, 0, 0), 'pos': (95, 71), 'window': None})>
2019-11-23 22:09:09,102 - BDM-WAM 1574546946.426891 - INFO - <Event(4-MouseMotion {'rel': (0, 2), 'buttons': (0, 0, 0), 'pos': (95, 73), 'window': None})>
2019-11-23 22:09:09,237 - BDM-WAM 1574546946.426891 - INFO - <Event(4-MouseMotion {'rel': (-13, -9), 'buttons': (0, 0, 0), 'pos': (82, 64), 'window': None})>
2019-11-23 22:09:09,254 - BDM-WAM 1574546946.426891 - INFO - <Event(4-MouseMotion {'rel': (-11, -7), 'buttons': (0, 0, 0), 'pos': (71, 57), 'window': None})>
2019-11-23 22:09:09,270 - BDM-WAM 1574546946.426891 - INFO - <Event(4-MouseMotion {'rel': (0, -1), 'buttons': (0, 0, 0), 'pos': (71, 56), 'window': None})>
2019-11-23 22:09:09,304 - BDM-WAM 1574546946.426891 - INFO - <Event(4-MouseMotion {'rel': (-1, 0), 'buttons': (0, 0, 0), 'pos': (70, 56), 'window': None})>
2019-11-23 22:09:09,321 - BDM-WAM 1574546946.426891 - INFO - <Event(4-MouseMotion {'rel': (-1, -2), 'buttons': (0, 0, 0), 'pos': (69, 54), 'window': None})>
2019-11-23 22:09:09,338 - BDM-WAM 1574546946.426891 - INFO - <Event(4-MouseMotion {'rel': (0, -1), 'buttons': (0, 0, 0), 'pos': (69, 53), 'window': None})>
2019-11-23 22:09:09,389 - BDM-WAM 1574546946.426891 - INFO - <Event(4-MouseMotion {'rel': (-2, -1), 'buttons': (0, 0, 0), 'pos': (67, 52), 'window': None})>
2019-11-23 22:09:09,406 - BDM-WAM 1574546946.426891 - INFO - <Event(4-MouseMotion {'rel': (-4, -3), 'buttons': (0, 0, 0), 'pos': (63, 49), 'window': None})>
2019-11-23 22:09:09,423 - BDM-WAM 1574546946.426891 - INFO - <Event(4-MouseMotion {'rel': (-2, -1), 'buttons': (0, 0, 0), 'pos': (61, 48), 'window': None})>
2019-11-23 22:09:09,460 - BDM-WAM 1574546946.426891 - INFO - <Event(4-MouseMotion {'rel': (-6, -2), 'buttons': (0, 0, 0), 'pos': (55, 46), 'window': None})>
2019-11-23 22:09:09,475 - BDM-WAM 1574546946.426891 - INFO - <Event(4-MouseMotion {'rel': (-14, -6), 'buttons': (0, 0, 0), 'pos': (41, 40), 'window': None})>
2019-11-23 22:09:09,492 - BDM-WAM 1574546946.426891 - INFO - <Event(4-MouseMotion {'rel': (-12, -6), 'buttons': (0, 0, 0), 'pos': (29, 34), 'window': None})>
2019-11-23 22:09:09,509 - BDM-WAM 1574546946.426891 - INFO - <Event(4-MouseMotion {'rel': (-4, -2), 'buttons': (0, 0, 0), 'pos': (25, 32), 'window': None})>
2019-11-23 22:09:09,526 - BDM-WAM 1574546946.426891 - INFO - <Event(4-MouseMotion {'rel': (-4, -3), 'buttons': (0, 0, 0), 'pos': (21, 29), 'window': None})>
2019-11-23 22:09:09,543 - BDM-WAM 1574546946.426891 - INFO - <Event(4-MouseMotion {'rel': (-2, -1), 'buttons': (0, 0, 0), 'pos': (19, 28), 'window': None})>
2019-11-23 22:09:09,560 - BDM-WAM 1574546946.426891 - INFO - <Event(4-MouseMotion {'rel': (-1, -1), 'buttons': (0, 0, 0), 'pos': (18, 27), 'window': None})>
2019-11-23 22:09:09,675 - BDM-WAM 1574546946.426891 - INFO - <Event(4-MouseMotion {'rel': (-1, 0), 'buttons': (0, 0, 0), 'pos': (17, 27), 'window': None})>
2019-11-23 22:09:09,818 - BDM-WAM 1574546946.426891 - INFO - <Event(4-MouseMotion {'rel': (-4, -4), 'buttons': (0, 0, 0), 'pos': (13, 23), 'window': None})>
2019-11-23 22:09:09,926 - BDM-WAM 1574546946.426891 - INFO - <Event(4-MouseMotion {'rel': (-6, -7), 'buttons': (0, 0, 0), 'pos': (7, 16), 'window': None})>
2019-11-23 22:09:10,036 - BDM-WAM 1574546946.426891 - INFO - <Event(5-MouseButtonDown {'button': 1, 'pos': (7, 16), 'window': None})>
2019-11-23 22:09:10,037 - BDM-WAM 1574546946.426891 - INFO - <Event(9.4-True Miss {'pos': (7,16),'distance: 596.0209727853543,'relative_loc: (-596, 5),'window': None})>
2019-11-23 22:09:10,119 - BDM-WAM 1574546946.426891 - INFO - <Event(6-MouseButtonUp {'button': 1, 'pos': (7, 16), 'window': None})>
2019-11-23 22:09:10,427 - BDM-WAM 1574546946.426891 - INFO - <Event(5-MouseButtonDown {'button': 1, 'pos': (7, 16), 'window': None})>
2019-11-23 22:09:10,428 - BDM-WAM 1574546946.426891 - INFO - <Event(8-Pause {'reason': <bound method GameManager.pause of <game.GameManager object at 0x000001C858A9CDD8>> })>
2019-11-23 22:09:12,349 - BDM-WAM 1574546946.426891 - INFO - <Event(7-Rate {'hit_conf': 3 })>
2019-11-23 22:09:12,599 - BDM-WAM 1574546946.426891 - INFO - <Event(7-Rate {'reward_conf': 3 })>
2019-11-23 22:09:12,817 - BDM-WAM 1574546946.426891 - INFO - <Event(7-Rate {'player_skill': 3 })>
2019-11-23 22:09:12,817 - BDM-WAM 1574546946.426891 - INFO - <Event(9.4-True Miss {'pos': (7,16),'distance: 596.0209727853543,'relative_loc: (-596, 5),'window': None})>
2019-11-23 22:09:13,023 - BDM-WAM 1574546946.426891 - INFO - <Event(3-KeyUp {'scancode': 4, 'key': 51, 'window': None, 'mod': 0})>
2019-11-23 22:09:13,450 - BDM-WAM 1574546946.426891 - INFO - <Event(5-MouseButtonDown {'button': 1, 'pos': (7, 16), 'window': None})>
2019-11-23 22:09:13,451 - BDM-WAM 1574546946.426891 - INFO - <Event(9.4-True Miss {'pos': (7,16),'distance: 596.0209727853543,'relative_loc: (-596, 5),'window': None})>
2019-11-23 22:09:13,606 - BDM-WAM 1574546946.426891 - INFO - <Event(6-MouseButtonUp {'button': 1, 'pos': (7, 16), 'window': None})>
2019-11-23 22:09:13,740 - BDM-WAM 1574546946.426891 - INFO - <Event(5-MouseButtonDown {'button': 1, 'pos': (7, 16), 'window': None})>
2019-11-23 22:09:13,740 - BDM-WAM 1574546946.426891 - INFO - <Event(8-Pause {'reason': <bound method GameManager.pause of <game.GameManager object at 0x000001C858A9CDD8>> })>
2019-11-23 22:09:14,784 - BDM-WAM 1574546946.426891 - INFO - <Event(7-Rate {'hit_conf': 1 })>
2019-11-23 22:09:15,012 - BDM-WAM 1574546946.426891 - INFO - <Event(7-Rate {'reward_conf': 1 })>
2019-11-23 22:09:15,175 - BDM-WAM 1574546946.426891 - INFO - <Event(7-Rate {'player_skill': 1 })>
2019-11-23 22:09:15,175 - BDM-WAM 1574546946.426891 - INFO - <Event(9.4-True Miss {'pos': (7,16),'distance: 596.0209727853543,'relative_loc: (-596, 5),'window': None})>
2019-11-23 22:09:15,369 - BDM-WAM 1574546946.426891 - INFO - <Event(3-KeyUp {'scancode': 2, 'key': 49, 'window': None, 'mod': 0})>
2019-11-23 22:09:15,880 - BDM-WAM 1574546946.426891 - INFO - <Event(5-MouseButtonDown {'button': 1, 'pos': (7, 16), 'window': None})>
2019-11-23 22:09:15,880 - BDM-WAM 1574546946.426891 - INFO - <Event(9.4-True Miss {'pos': (7,16),'distance: 609.8999918019347,'relative_loc: (-397, -463),'window': None})>
2019-11-23 22:09:16,088 - BDM-WAM 1574546946.426891 - INFO - <Event(6-MouseButtonUp {'button': 1, 'pos': (7, 16), 'window': None})>
2019-11-23 22:09:16,193 - BDM-WAM 1574546946.426891 - INFO - <Event(5-MouseButtonDown {'button': 1, 'pos': (7, 16), 'window': None})>
2019-11-23 22:09:16,194 - BDM-WAM 1574546946.426891 - INFO - <Event(8-Pause {'reason': <bound method GameManager.pause of <game.GameManager object at 0x000001C858A9CDD8>> })>
2019-11-23 22:09:18,032 - BDM-WAM 1574546946.426891 - INFO - <Event(8-Pause {'reason': <bound method GameManager.pause of <game.GameManager object at 0x000001C858A9CDD8>> })>
2019-11-23 22:09:19,073 - BDM-WAM 1574546946.426891 - INFO - <Event(7-Rate {'hit_conf': 1 })>
2019-11-23 22:09:19,292 - BDM-WAM 1574546946.426891 - INFO - <Event(7-Rate {'reward_conf': 1 })>
2019-11-23 22:09:19,465 - BDM-WAM 1574546946.426891 - INFO - <Event(7-Rate {'player_skill': 1 })>
2019-11-23 22:09:19,465 - BDM-WAM 1574546946.426891 - INFO - <Event(9.4-True Miss {'pos': (7,16),'distance: 609.8999918019347,'relative_loc: (-397, -463),'window': None})>
2019-11-23 22:09:19,666 - BDM-WAM 1574546946.426891 - INFO - <Event(3-KeyUp {'scancode': 2, 'key': 49, 'window': None, 'mod': 0})>
2019-11-23 22:09:20,284 - BDM-WAM 1574546946.426891 - INFO - <Event(4-MouseMotion {'rel': (10, -4), 'buttons': (0, 0, 0), 'pos': (17, 12), 'window': None})>
2019-11-23 22:09:20,381 - BDM-WAM 1574546946.426891 - INFO - <Event(5-MouseButtonDown {'button': 1, 'pos': (17, 12), 'window': None})>
2019-11-23 22:09:20,381 - BDM-WAM 1574546946.426891 - INFO - <Event(9.4-True Miss {'pos': (17,12),'distance: 459.6281105415551,'relative_loc: (-447, -107),'window': None})>
2019-11-23 22:09:20,400 - BDM-WAM 1574546946.426891 - INFO - <Event(4-MouseMotion {'rel': (1, 0), 'buttons': (1, 0, 0), 'pos': (18, 12), 'window': None})>
2019-11-23 22:09:20,496 - BDM-WAM 1574546946.426891 - INFO - <Event(6-MouseButtonUp {'button': 1, 'pos': (18, 12), 'window': None})>
2019-11-23 22:09:20,515 - BDM-WAM 1574546946.426891 - INFO - <Event(5-MouseButtonDown {'button': 1, 'pos': (18, 12), 'window': None})>
2019-11-23 22:09:20,515 - BDM-WAM 1574546946.426891 - INFO - <Event(8-Pause {'reason': <bound method GameManager.pause of <game.GameManager object at 0x000001C858A9CDD8>> })>
2019-11-23 22:09:21,802 - BDM-WAM 1574546946.426891 - INFO - <Event(7-Rate {'hit_conf': 1 })>
2019-11-23 22:09:22,123 - BDM-WAM 1574546946.426891 - INFO - <Event(7-Rate {'reward_conf': 2 })>
2019-11-23 22:09:22,507 - BDM-WAM 1574546946.426891 - INFO - <Event(7-Rate {'player_skill': 2 })>
2019-11-23 22:09:22,507 - BDM-WAM 1574546946.426891 - INFO - <Event(9.4-True Miss {'pos': (18,12),'distance: 458.6556442474027,'relative_loc: (-446, -107),'window': None})>
2019-11-23 22:09:22,716 - BDM-WAM 1574546946.426891 - INFO - <Event(3-KeyUp {'scancode': 3, 'key': 50, 'window': None, 'mod': 0})>
2019-11-23 22:09:23,129 - BDM-WAM 1574546946.426891 - INFO - <Event(2-KeyDown {'scancode': 46, 'key': 99, 'window': None, 'mod': 0, 'unicode': 'c'})>
2019-11-23 22:09:23,336 - BDM-WAM 1574546946.426891 - INFO - <Event(3-KeyUp {'scancode': 46, 'key': 99, 'window': None, 'mod': 0})>
2019-11-23 22:09:23,833 - BDM-WAM 1574546946.426891 - INFO - <Event(4-MouseMotion {'rel': (7, 9), 'buttons': (0, 0, 0), 'pos': (25, 21), 'window': None})>
2019-11-23 22:09:23,849 - BDM-WAM 1574546946.426891 - INFO - <Event(4-MouseMotion {'rel': (16, 23), 'buttons': (0, 0, 0), 'pos': (41, 44), 'window': None})>
2019-11-23 22:09:23,866 - BDM-WAM 1574546946.426891 - INFO - <Event(4-MouseMotion {'rel': (14, 20), 'buttons': (0, 0, 0), 'pos': (55, 64), 'window': None})>
2019-11-23 22:09:23,883 - BDM-WAM 1574546946.426891 - INFO - <Event(4-MouseMotion {'rel': (5, 9), 'buttons': (0, 0, 0), 'pos': (60, 73), 'window': None})>
2019-11-23 22:09:24,088 - BDM-WAM 1574546946.426891 - INFO - <Event(4-MouseMotion {'rel': (-4, -16), 'buttons': (0, 0, 0), 'pos': (56, 57), 'window': None})>
2019-11-23 22:09:24,106 - BDM-WAM 1574546946.426891 - INFO - <Event(4-MouseMotion {'rel': (-4, -11), 'buttons': (0, 0, 0), 'pos': (52, 46), 'window': None})>
2019-11-23 22:09:24,122 - BDM-WAM 1574546946.426891 - INFO - <Event(4-MouseMotion {'rel': (-1, -7), 'buttons': (0, 0, 0), 'pos': (51, 39), 'window': None})>
2019-11-23 22:09:24,139 - BDM-WAM 1574546946.426891 - INFO - <Event(4-MouseMotion {'rel': (-2, -5), 'buttons': (0, 0, 0), 'pos': (49, 34), 'window': None})>
2019-11-23 22:09:24,156 - BDM-WAM 1574546946.426891 - INFO - <Event(4-MouseMotion {'rel': (-1, -3), 'buttons': (0, 0, 0), 'pos': (48, 31), 'window': None})>
2019-11-23 22:09:24,174 - BDM-WAM 1574546946.426891 - INFO - <Event(4-MouseMotion {'rel': (-1, -3), 'buttons': (0, 0, 0), 'pos': (47, 28), 'window': None})>
2019-11-23 22:09:24,190 - BDM-WAM 1574546946.426891 - INFO - <Event(4-MouseMotion {'rel': (0, -1), 'buttons': (0, 0, 0), 'pos': (47, 27), 'window': None})>
2019-11-23 22:09:24,258 - BDM-WAM 1574546946.426891 - INFO - <Event(5-MouseButtonDown {'button': 1, 'pos': (47, 27), 'window': None})>
2019-11-23 22:09:24,258 - BDM-WAM 1574546946.426891 - INFO - <Event(9.4-True Miss {'pos': (47,27),'distance: 50.59644256269407,'relative_loc: (-48, -16),'window': None})>
2019-11-23 22:09:24,395 - BDM-WAM 1574546946.426891 - INFO - <Event(6-MouseButtonUp {'button': 1, 'pos': (47, 27), 'window': None})>
2019-11-23 22:09:24,554 - BDM-WAM 1574546946.426891 - INFO - <Event(5-MouseButtonDown {'button': 1, 'pos': (47, 27), 'window': None})>
2019-11-23 22:09:24,555 - BDM-WAM 1574546946.426891 - INFO - <Event(8-Pause {'reason': <bound method GameManager.pause of <game.GameManager object at 0x000001C858A9CDD8>> })>
2019-11-23 22:09:25,761 - BDM-WAM 1574546946.426891 - INFO - <Event(7-Rate {'hit_conf': 2 })>
2019-11-23 22:09:25,973 - BDM-WAM 1574546946.426891 - INFO - <Event(7-Rate {'reward_conf': 2 })>
2019-11-23 22:09:26,110 - BDM-WAM 1574546946.426891 - INFO - <Event(7-Rate {'player_skill': 2 })>
2019-11-23 22:09:26,118 - BDM-WAM 1574546946.426891 - INFO - <Event(9.4-True Miss {'pos': (47,27),'distance: 50.59644256269407,'relative_loc: (-48, -16),'window': None})>
2019-11-23 22:09:26,325 - BDM-WAM 1574546946.426891 - INFO - <Event(3-KeyUp {'scancode': 3, 'key': 50, 'window': None, 'mod': 0})>
2019-11-23 22:09:26,325 - BDM-WAM 1574546946.426891 - INFO - <Event(2-KeyDown {'scancode': 3, 'key': 50, 'window': None, 'mod': 0, 'unicode': '2'})>
2019-11-23 22:09:26,439 - BDM-WAM 1574546946.426891 - INFO - <Event(3-KeyUp {'scancode': 3, 'key': 50, 'window': None, 'mod': 0})>
2019-11-23 22:09:26,473 - BDM-WAM 1574546946.426891 - INFO - <Event(4-MouseMotion {'rel': (-3, 0), 'buttons': (0, 0, 0), 'pos': (44, 27), 'window': None})>
2019-11-23 22:09:27,059 - BDM-WAM 1574546946.426891 - INFO - <Event(2-KeyDown {'scancode': 25, 'key': 112, 'window': None, 'mod': 0, 'unicode': 'p'})>
2019-11-23 22:09:27,059 - BDM-WAM 1574546946.426891 - INFO - <Event(8-Pause {'reason': <bound method GameManager.pause of <game.GameManager object at 0x000001C858A9CDD8>> })>
2019-11-23 22:09:27,226 - BDM-WAM 1574546946.426891 - INFO - ************* HAPPY ANALYSING... LOG COMPLETE!!! ************* 
