2020-01-21 20:18:51,434 - BDM-WAM 1579637931.329721 - INFO - <Event(17-VideoExpose {})>
2020-01-21 20:18:52,601 - BDM-WAM 1579637931.329721 - INFO - <Event(1-ActiveEvent {'gain': 0, 'state': 1})>
2020-01-21 20:18:52,601 - BDM-WAM 1579637931.329721 - INFO - <Event(4-MouseMotion {'pos': (1081, 453), 'rel': (1082, 454), 'buttons': (0, 0, 0), 'window': None})>
2020-01-21 20:18:52,651 - BDM-WAM 1579637931.329721 - INFO - <Event(10-MoleUp) {'loc': (95,43)})>
2020-01-21 20:18:52,723 - BDM-WAM 1579637931.329721 - INFO - <Event(3-KeyUp {'key': 99, 'mod': 0, 'scancode': 46, 'window': None})>
2020-01-21 20:18:52,732 - BDM-WAM 1579637931.329721 - INFO - <Event(4-MouseMotion {'pos': (822, 517), 'rel': (-98, 4), 'buttons': (0, 0, 0), 'window': None})>
2020-01-21 20:18:52,733 - BDM-WAM 1579637931.329721 - INFO - <Event(4-MouseMotion {'pos': (763, 515), 'rel': (-59, -2), 'buttons': (0, 0, 0), 'window': None})>
2020-01-21 20:18:52,754 - BDM-WAM 1579637931.329721 - INFO - <Event(4-MouseMotion {'pos': (641, 509), 'rel': (-122, -6), 'buttons': (0, 0, 0), 'window': None})>
2020-01-21 20:18:52,818 - BDM-WAM 1579637931.329721 - INFO - <Event(4-MouseMotion {'pos': (358, 432), 'rel': (-283, -77), 'buttons': (0, 0, 0), 'window': None})>
2020-01-21 20:18:52,824 - BDM-WAM 1579637931.329721 - INFO - <Event(4-MouseMotion {'pos': (348, 426), 'rel': (-10, -6), 'buttons': (0, 0, 0), 'window': None})>
2020-01-21 20:18:52,839 - BDM-WAM 1579637931.329721 - INFO - <Event(4-MouseMotion {'pos': (340, 419), 'rel': (-8, -7), 'buttons': (0, 0, 0), 'window': None})>
2020-01-21 20:18:52,856 - BDM-WAM 1579637931.329721 - INFO - <Event(4-MouseMotion {'pos': (339, 418), 'rel': (-1, -1), 'buttons': (0, 0, 0), 'window': None})>
2020-01-21 20:18:52,923 - BDM-WAM 1579637931.329721 - INFO - <Event(4-MouseMotion {'pos': (343, 399), 'rel': (4, -19), 'buttons': (0, 0, 0), 'window': None})>
2020-01-21 20:18:52,956 - BDM-WAM 1579637931.329721 - INFO - <Event(4-MouseMotion {'pos': (346, 394), 'rel': (3, -5), 'buttons': (0, 0, 0), 'window': None})>
2020-01-21 20:18:53,015 - BDM-WAM 1579637931.329721 - INFO - <Event(4-MouseMotion {'pos': (346, 392), 'rel': (0, -2), 'buttons': (0, 0, 0), 'window': None})>
2020-01-21 20:18:53,031 - BDM-WAM 1579637931.329721 - INFO - <Event(4-MouseMotion {'pos': (345, 386), 'rel': (-1, -6), 'buttons': (0, 0, 0), 'window': None})>
2020-01-21 20:18:53,048 - BDM-WAM 1579637931.329721 - INFO - <Event(4-MouseMotion {'pos': (344, 385), 'rel': (-1, -1), 'buttons': (0, 0, 0), 'window': None})>
2020-01-21 20:18:53,064 - BDM-WAM 1579637931.329721 - INFO - <Event(4-MouseMotion {'pos': (344, 382), 'rel': (0, -3), 'buttons': (0, 0, 0), 'window': None})>
2020-01-21 20:18:53,081 - BDM-WAM 1579637931.329721 - INFO - <Event(4-MouseMotion {'pos': (341, 377), 'rel': (-3, -5), 'buttons': (0, 0, 0), 'window': None})>
2020-01-21 20:18:53,098 - BDM-WAM 1579637931.329721 - INFO - <Event(4-MouseMotion {'pos': (337, 369), 'rel': (-4, -8), 'buttons': (0, 0, 0), 'window': None})>
2020-01-21 20:18:53,115 - BDM-WAM 1579637931.329721 - INFO - <Event(4-MouseMotion {'pos': (324, 355), 'rel': (-13, -14), 'buttons': (0, 0, 0), 'window': None})>
2020-01-21 20:18:53,132 - BDM-WAM 1579637931.329721 - INFO - <Event(4-MouseMotion {'pos': (305, 336), 'rel': (-19, -19), 'buttons': (0, 0, 0), 'window': None})>
2020-01-21 20:18:53,149 - BDM-WAM 1579637931.329721 - INFO - <Event(4-MouseMotion {'pos': (262, 289), 'rel': (-43, -47), 'buttons': (0, 0, 0), 'window': None})>
2020-01-21 20:18:53,166 - BDM-WAM 1579637931.329721 - INFO - <Event(4-MouseMotion {'pos': (192, 227), 'rel': (-70, -62), 'buttons': (0, 0, 0), 'window': None})>
2020-01-21 20:18:53,184 - BDM-WAM 1579637931.329721 - INFO - <Event(4-MouseMotion {'pos': (127, 179), 'rel': (-65, -48), 'buttons': (0, 0, 0), 'window': None})>
2020-01-21 20:18:53,200 - BDM-WAM 1579637931.329721 - INFO - <Event(4-MouseMotion {'pos': (95, 157), 'rel': (-32, -22), 'buttons': (0, 0, 0), 'window': None})>
2020-01-21 20:18:53,217 - BDM-WAM 1579637931.329721 - INFO - <Event(4-MouseMotion {'pos': (81, 146), 'rel': (-14, -11), 'buttons': (0, 0, 0), 'window': None})>
2020-01-21 20:18:53,234 - BDM-WAM 1579637931.329721 - INFO - <Event(4-MouseMotion {'pos': (81, 145), 'rel': (0, -1), 'buttons': (0, 0, 0), 'window': None})>
2020-01-21 20:18:53,302 - BDM-WAM 1579637931.329721 - INFO - <Event(4-MouseMotion {'pos': (79, 143), 'rel': (-2, -2), 'buttons': (0, 0, 0), 'window': None})>
2020-01-21 20:18:53,319 - BDM-WAM 1579637931.329721 - INFO - <Event(4-MouseMotion {'pos': (78, 143), 'rel': (-1, 0), 'buttons': (0, 0, 0), 'window': None})>
2020-01-21 20:18:53,387 - BDM-WAM 1579637931.329721 - INFO - <Event(4-MouseMotion {'pos': (79, 142), 'rel': (1, -1), 'buttons': (0, 0, 0), 'window': None})>
2020-01-21 20:18:53,405 - BDM-WAM 1579637931.329721 - INFO - <Event(4-MouseMotion {'pos': (81, 141), 'rel': (2, -1), 'buttons': (0, 0, 0), 'window': None})>
2020-01-21 20:18:53,421 - BDM-WAM 1579637931.329721 - INFO - <Event(4-MouseMotion {'pos': (85, 139), 'rel': (4, -2), 'buttons': (0, 0, 0), 'window': None})>
2020-01-21 20:18:53,438 - BDM-WAM 1579637931.329721 - INFO - <Event(4-MouseMotion {'pos': (90, 137), 'rel': (5, -2), 'buttons': (0, 0, 0), 'window': None})>
2020-01-21 20:18:53,455 - BDM-WAM 1579637931.329721 - INFO - <Event(4-MouseMotion {'pos': (95, 135), 'rel': (5, -2), 'buttons': (0, 0, 0), 'window': None})>
2020-01-21 20:18:53,473 - BDM-WAM 1579637931.329721 - INFO - <Event(4-MouseMotion {'pos': (100, 133), 'rel': (5, -2), 'buttons': (0, 0, 0), 'window': None})>
2020-01-21 20:18:53,489 - BDM-WAM 1579637931.329721 - INFO - <Event(4-MouseMotion {'pos': (101, 131), 'rel': (1, -2), 'buttons': (0, 0, 0), 'window': None})>
2020-01-21 20:18:53,509 - BDM-WAM 1579637931.329721 - INFO - <Event(4-MouseMotion {'pos': (103, 130), 'rel': (2, -1), 'buttons': (0, 0, 0), 'window': None})>
2020-01-21 20:18:53,524 - BDM-WAM 1579637931.329721 - INFO - <Event(4-MouseMotion {'pos': (105, 127), 'rel': (2, -3), 'buttons': (0, 0, 0), 'window': None})>
2020-01-21 20:18:53,541 - BDM-WAM 1579637931.329721 - INFO - <Event(4-MouseMotion {'pos': (107, 125), 'rel': (2, -2), 'buttons': (0, 0, 0), 'window': None})>
2020-01-21 20:18:53,558 - BDM-WAM 1579637931.329721 - INFO - <Event(4-MouseMotion {'pos': (108, 125), 'rel': (1, 0), 'buttons': (0, 0, 0), 'window': None})>
2020-01-21 20:18:53,626 - BDM-WAM 1579637931.329721 - INFO - <Event(4-MouseMotion {'pos': (110, 117), 'rel': (2, -8), 'buttons': (0, 0, 0), 'window': None})>
2020-01-21 20:18:53,644 - BDM-WAM 1579637931.329721 - INFO - <Event(4-MouseMotion {'pos': (116, 102), 'rel': (6, -15), 'buttons': (0, 0, 0), 'window': None})>
2020-01-21 20:18:53,660 - BDM-WAM 1579637931.329721 - INFO - <Event(4-MouseMotion {'pos': (127, 80), 'rel': (11, -22), 'buttons': (0, 0, 0), 'window': None})>
2020-01-21 20:18:53,677 - BDM-WAM 1579637931.329721 - INFO - <Event(4-MouseMotion {'pos': (138, 53), 'rel': (11, -27), 'buttons': (0, 0, 0), 'window': None})>
2020-01-21 20:18:53,694 - BDM-WAM 1579637931.329721 - INFO - <Event(4-MouseMotion {'pos': (141, 42), 'rel': (3, -11), 'buttons': (0, 0, 0), 'window': None})>
2020-01-21 20:18:53,765 - BDM-WAM 1579637931.329721 - INFO - <Event(5-MouseButtonDown {'pos': (141, 42), 'button': 1, 'window': None})>
2020-01-21 20:18:53,765 - BDM-WAM 1579637931.329721 - INFO - <Event(8-Pause {'reason': hit_conf })>
2020-01-21 20:18:54,204 - BDM-WAM 1579637931.329721 - INFO - <Event(7-Rate {'hit_conf': 2 })>
2020-01-21 20:18:54,358 - BDM-WAM 1579637931.329721 - INFO - <Event(7-Rate {'reward_conf': 2 })>
2020-01-21 20:18:54,533 - BDM-WAM 1579637931.329721 - INFO - <Event(7-Rate {'player_skill': 2 })>
2020-01-21 20:18:54,534 - BDM-WAM 1579637931.329721 - INFO - <Event(9.2-FakeMiss {'pos': (141,42),'distance: 46.010868281309364,'relative_loc: (46, -1),'window': None})>
2020-01-21 20:18:54,628 - BDM-WAM 1579637931.329721 - INFO - <Event(3-KeyUp {'key': 50, 'mod': 0, 'scancode': 3, 'window': None})>
2020-01-21 20:18:54,628 - BDM-WAM 1579637931.329721 - INFO - <Event(4-MouseMotion {'pos': (200, 68), 'rel': (60, 5), 'buttons': (0, 0, 0), 'window': None})>
2020-01-21 20:18:54,682 - BDM-WAM 1579637931.329721 - INFO - <Event(4-MouseMotion {'pos': (528, 102), 'rel': (328, 34), 'buttons': (0, 0, 0), 'window': None})>
2020-01-21 20:18:54,685 - BDM-WAM 1579637931.329721 - INFO - <Event(4-MouseMotion {'pos': (543, 103), 'rel': (15, 1), 'buttons': (0, 0, 0), 'window': None})>
2020-01-21 20:18:54,700 - BDM-WAM 1579637931.329721 - INFO - <Event(4-MouseMotion {'pos': (584, 104), 'rel': (41, 1), 'buttons': (0, 0, 0), 'window': None})>
2020-01-21 20:18:54,717 - BDM-WAM 1579637931.329721 - INFO - <Event(4-MouseMotion {'pos': (603, 103), 'rel': (19, -1), 'buttons': (0, 0, 0), 'window': None})>
2020-01-21 20:18:54,734 - BDM-WAM 1579637931.329721 - INFO - <Event(4-MouseMotion {'pos': (614, 101), 'rel': (11, -2), 'buttons': (0, 0, 0), 'window': None})>
2020-01-21 20:18:54,793 - BDM-WAM 1579637931.329721 - INFO - <Event(4-MouseMotion {'pos': (646, 98), 'rel': (32, -3), 'buttons': (0, 0, 0), 'window': None})>
2020-01-21 20:18:54,843 - BDM-WAM 1579637931.329721 - INFO - <Event(10-MoleUp) {'loc': (95,43)})>
2020-01-21 20:18:54,844 - BDM-WAM 1579637931.329721 - INFO - <Event(4-MouseMotion {'pos': (718, 102), 'rel': (72, 4), 'buttons': (0, 0, 0), 'window': None})>
2020-01-21 20:18:54,861 - BDM-WAM 1579637931.329721 - INFO - <Event(4-MouseMotion {'pos': (743, 104), 'rel': (25, 2), 'buttons': (0, 0, 0), 'window': None})>
2020-01-21 20:18:54,878 - BDM-WAM 1579637931.329721 - INFO - <Event(4-MouseMotion {'pos': (756, 106), 'rel': (13, 2), 'buttons': (0, 0, 0), 'window': None})>
2020-01-21 20:18:54,895 - BDM-WAM 1579637931.329721 - INFO - <Event(4-MouseMotion {'pos': (762, 107), 'rel': (6, 1), 'buttons': (0, 0, 0), 'window': None})>
2020-01-21 20:18:54,912 - BDM-WAM 1579637931.329721 - INFO - <Event(4-MouseMotion {'pos': (774, 110), 'rel': (12, 3), 'buttons': (0, 0, 0), 'window': None})>
2020-01-21 20:18:54,929 - BDM-WAM 1579637931.329721 - INFO - <Event(4-MouseMotion {'pos': (813, 118), 'rel': (39, 8), 'buttons': (0, 0, 0), 'window': None})>
2020-01-21 20:18:54,949 - BDM-WAM 1579637931.329721 - INFO - <Event(4-MouseMotion {'pos': (857, 124), 'rel': (44, 6), 'buttons': (0, 0, 0), 'window': None})>
2020-01-21 20:18:54,967 - BDM-WAM 1579637931.329721 - INFO - <Event(4-MouseMotion {'pos': (882, 128), 'rel': (25, 4), 'buttons': (0, 0, 0), 'window': None})>
2020-01-21 20:18:54,983 - BDM-WAM 1579637931.329721 - INFO - <Event(4-MouseMotion {'pos': (898, 128), 'rel': (16, 0), 'buttons': (0, 0, 0), 'window': None})>
2020-01-21 20:18:55,001 - BDM-WAM 1579637931.329721 - INFO - <Event(4-MouseMotion {'pos': (918, 128), 'rel': (20, 0), 'buttons': (0, 0, 0), 'window': None})>
2020-01-21 20:18:55,017 - BDM-WAM 1579637931.329721 - INFO - <Event(4-MouseMotion {'pos': (945, 125), 'rel': (27, -3), 'buttons': (0, 0, 0), 'window': None})>
2020-01-21 20:18:55,033 - BDM-WAM 1579637931.329721 - INFO - <Event(4-MouseMotion {'pos': (988, 122), 'rel': (43, -3), 'buttons': (0, 0, 0), 'window': None})>
2020-01-21 20:18:55,050 - BDM-WAM 1579637931.329721 - INFO - <Event(4-MouseMotion {'pos': (1001, 119), 'rel': (13, -3), 'buttons': (0, 0, 0), 'window': None})>
2020-01-21 20:18:55,067 - BDM-WAM 1579637931.329721 - INFO - <Event(4-MouseMotion {'pos': (1003, 118), 'rel': (2, -1), 'buttons': (0, 0, 0), 'window': None})>
2020-01-21 20:18:55,150 - BDM-WAM 1579637931.329721 - INFO - <Event(4-MouseMotion {'pos': (997, 120), 'rel': (-6, 2), 'buttons': (0, 0, 0), 'window': None})>
2020-01-21 20:18:55,167 - BDM-WAM 1579637931.329721 - INFO - <Event(4-MouseMotion {'pos': (973, 128), 'rel': (-24, 8), 'buttons': (0, 0, 0), 'window': None})>
2020-01-21 20:18:55,184 - BDM-WAM 1579637931.329721 - INFO - <Event(4-MouseMotion {'pos': (918, 146), 'rel': (-55, 18), 'buttons': (0, 0, 0), 'window': None})>
2020-01-21 20:18:55,201 - BDM-WAM 1579637931.329721 - INFO - <Event(4-MouseMotion {'pos': (876, 163), 'rel': (-42, 17), 'buttons': (0, 0, 0), 'window': None})>
2020-01-21 20:18:55,218 - BDM-WAM 1579637931.329721 - INFO - <Event(4-MouseMotion {'pos': (836, 179), 'rel': (-40, 16), 'buttons': (0, 0, 0), 'window': None})>
2020-01-21 20:18:55,236 - BDM-WAM 1579637931.329721 - INFO - <Event(4-MouseMotion {'pos': (788, 195), 'rel': (-48, 16), 'buttons': (0, 0, 0), 'window': None})>
2020-01-21 20:18:55,311 - BDM-WAM 1579637931.329721 - INFO - <Event(4-MouseMotion {'pos': (638, 225), 'rel': (-150, 30), 'buttons': (0, 0, 0), 'window': None})>
2020-01-21 20:18:55,315 - BDM-WAM 1579637931.329721 - INFO - <Event(4-MouseMotion {'pos': (631, 226), 'rel': (-7, 1), 'buttons': (0, 0, 0), 'window': None})>
2020-01-21 20:18:55,333 - BDM-WAM 1579637931.329721 - INFO - <Event(4-MouseMotion {'pos': (611, 226), 'rel': (-20, 0), 'buttons': (0, 0, 0), 'window': None})>
2020-01-21 20:18:55,347 - BDM-WAM 1579637931.329721 - INFO - <Event(4-MouseMotion {'pos': (605, 226), 'rel': (-6, 0), 'buttons': (0, 0, 0), 'window': None})>
2020-01-21 20:18:55,412 - BDM-WAM 1579637931.329721 - INFO - <Event(4-MouseMotion {'pos': (469, 230), 'rel': (-136, 4), 'buttons': (0, 0, 0), 'window': None})>
2020-01-21 20:18:55,551 - BDM-WAM 1579637931.329721 - INFO - <Event(4-MouseMotion {'pos': (468, 230), 'rel': (-1, 0), 'buttons': (0, 0, 0), 'window': None})>
2020-01-21 20:18:55,568 - BDM-WAM 1579637931.329721 - INFO - <Event(4-MouseMotion {'pos': (461, 233), 'rel': (-7, 3), 'buttons': (0, 0, 0), 'window': None})>
2020-01-21 20:18:55,585 - BDM-WAM 1579637931.329721 - INFO - <Event(4-MouseMotion {'pos': (449, 236), 'rel': (-12, 3), 'buttons': (0, 0, 0), 'window': None})>
2020-01-21 20:18:55,602 - BDM-WAM 1579637931.329721 - INFO - <Event(4-MouseMotion {'pos': (366, 234), 'rel': (-83, -2), 'buttons': (0, 0, 0), 'window': None})>
2020-01-21 20:18:55,619 - BDM-WAM 1579637931.329721 - INFO - <Event(4-MouseMotion {'pos': (259, 217), 'rel': (-107, -17), 'buttons': (0, 0, 0), 'window': None})>
2020-01-21 20:18:55,636 - BDM-WAM 1579637931.329721 - INFO - <Event(4-MouseMotion {'pos': (179, 197), 'rel': (-80, -20), 'buttons': (0, 0, 0), 'window': None})>
2020-01-21 20:18:55,654 - BDM-WAM 1579637931.329721 - INFO - <Event(4-MouseMotion {'pos': (126, 178), 'rel': (-53, -19), 'buttons': (0, 0, 0), 'window': None})>
2020-01-21 20:18:55,670 - BDM-WAM 1579637931.329721 - INFO - <Event(4-MouseMotion {'pos': (116, 175), 'rel': (-10, -3), 'buttons': (0, 0, 0), 'window': None})>
2020-01-21 20:18:55,790 - BDM-WAM 1579637931.329721 - INFO - <Event(4-MouseMotion {'pos': (116, 173), 'rel': (0, -2), 'buttons': (0, 0, 0), 'window': None})>
2020-01-21 20:18:55,807 - BDM-WAM 1579637931.329721 - INFO - <Event(4-MouseMotion {'pos': (111, 165), 'rel': (-5, -8), 'buttons': (0, 0, 0), 'window': None})>
2020-01-21 20:18:55,824 - BDM-WAM 1579637931.329721 - INFO - <Event(4-MouseMotion {'pos': (108, 163), 'rel': (-3, -2), 'buttons': (0, 0, 0), 'window': None})>
2020-01-21 20:18:55,909 - BDM-WAM 1579637931.329721 - INFO - <Event(4-MouseMotion {'pos': (108, 161), 'rel': (0, -2), 'buttons': (0, 0, 0), 'window': None})>
2020-01-21 20:18:55,926 - BDM-WAM 1579637931.329721 - INFO - <Event(4-MouseMotion {'pos': (114, 150), 'rel': (6, -11), 'buttons': (0, 0, 0), 'window': None})>
2020-01-21 20:18:55,943 - BDM-WAM 1579637931.329721 - INFO - <Event(4-MouseMotion {'pos': (123, 139), 'rel': (9, -11), 'buttons': (0, 0, 0), 'window': None})>
2020-01-21 20:18:55,965 - BDM-WAM 1579637931.329721 - INFO - <Event(4-MouseMotion {'pos': (134, 127), 'rel': (11, -12), 'buttons': (0, 0, 0), 'window': None})>
2020-01-21 20:18:55,979 - BDM-WAM 1579637931.329721 - INFO - <Event(4-MouseMotion {'pos': (137, 122), 'rel': (3, -5), 'buttons': (0, 0, 0), 'window': None})>
2020-01-21 20:18:55,994 - BDM-WAM 1579637931.329721 - INFO - <Event(4-MouseMotion {'pos': (142, 118), 'rel': (5, -4), 'buttons': (0, 0, 0), 'window': None})>
2020-01-21 20:18:56,013 - BDM-WAM 1579637931.329721 - INFO - <Event(4-MouseMotion {'pos': (149, 113), 'rel': (7, -5), 'buttons': (0, 0, 0), 'window': None})>
2020-01-21 20:18:56,028 - BDM-WAM 1579637931.329721 - INFO - <Event(4-MouseMotion {'pos': (152, 111), 'rel': (3, -2), 'buttons': (0, 0, 0), 'window': None})>
2020-01-21 20:18:56,046 - BDM-WAM 1579637931.329721 - INFO - <Event(4-MouseMotion {'pos': (153, 109), 'rel': (1, -2), 'buttons': (0, 0, 0), 'window': None})>
2020-01-21 20:18:56,062 - BDM-WAM 1579637931.329721 - INFO - <Event(4-MouseMotion {'pos': (155, 106), 'rel': (2, -3), 'buttons': (0, 0, 0), 'window': None})>
2020-01-21 20:18:56,080 - BDM-WAM 1579637931.329721 - INFO - <Event(4-MouseMotion {'pos': (156, 102), 'rel': (1, -4), 'buttons': (0, 0, 0), 'window': None})>
2020-01-21 20:18:56,096 - BDM-WAM 1579637931.329721 - INFO - <Event(4-MouseMotion {'pos': (157, 100), 'rel': (1, -2), 'buttons': (0, 0, 0), 'window': None})>
2020-01-21 20:18:56,185 - BDM-WAM 1579637931.329721 - INFO - <Event(4-MouseMotion {'pos': (157, 99), 'rel': (0, -1), 'buttons': (0, 0, 0), 'window': None})>
2020-01-21 20:18:56,234 - BDM-WAM 1579637931.329721 - INFO - <Event(5-MouseButtonDown {'pos': (157, 99), 'button': 1, 'window': None})>
2020-01-21 20:18:56,234 - BDM-WAM 1579637931.329721 - INFO - <Event(8-Pause {'reason': hit_conf })>
2020-01-21 20:18:56,463 - BDM-WAM 1579637931.329721 - INFO - <Event(7-Rate {'hit_conf': 2 })>
2020-01-21 20:18:56,656 - BDM-WAM 1579637931.329721 - INFO - <Event(7-Rate {'reward_conf': 2 })>
2020-01-21 20:18:56,812 - BDM-WAM 1579637931.329721 - INFO - <Event(7-Rate {'player_skill': 2 })>
2020-01-21 20:18:56,812 - BDM-WAM 1579637931.329721 - INFO - <Event(9.1-TrueHit {'pos': (157,99),'distance: 83.54639429682169,'relative_loc: (62, 56),'window': None})>
2020-01-21 20:18:56,812 - BDM-WAM 1579637931.329721 - INFO - <Event(11-Score {score_inc: 3,score: 3})>
2020-01-21 20:18:56,874 - BDM-WAM 1579637931.329721 - INFO - <Event(4-MouseMotion {'pos': (235, 101), 'rel': (77, 2), 'buttons': (0, 0, 0), 'window': None})>
2020-01-21 20:18:56,877 - BDM-WAM 1579637931.329721 - INFO - <Event(4-MouseMotion {'pos': (264, 103), 'rel': (29, 2), 'buttons': (0, 0, 0), 'window': None})>
2020-01-21 20:18:56,892 - BDM-WAM 1579637931.329721 - INFO - <Event(3-KeyUp {'key': 50, 'mod': 0, 'scancode': 3, 'window': None})>
2020-01-21 20:18:56,892 - BDM-WAM 1579637931.329721 - INFO - <Event(4-MouseMotion {'pos': (312, 112), 'rel': (48, 9), 'buttons': (0, 0, 0), 'window': None})>
2020-01-21 20:18:56,909 - BDM-WAM 1579637931.329721 - INFO - <Event(4-MouseMotion {'pos': (342, 120), 'rel': (30, 8), 'buttons': (0, 0, 0), 'window': None})>
2020-01-21 20:18:56,926 - BDM-WAM 1579637931.329721 - INFO - <Event(4-MouseMotion {'pos': (361, 128), 'rel': (19, 8), 'buttons': (0, 0, 0), 'window': None})>
2020-01-21 20:18:56,943 - BDM-WAM 1579637931.329721 - INFO - <Event(4-MouseMotion {'pos': (383, 134), 'rel': (22, 6), 'buttons': (0, 0, 0), 'window': None})>
2020-01-21 20:18:56,961 - BDM-WAM 1579637931.329721 - INFO - <Event(4-MouseMotion {'pos': (398, 138), 'rel': (15, 4), 'buttons': (0, 0, 0), 'window': None})>
2020-01-21 20:18:56,977 - BDM-WAM 1579637931.329721 - INFO - <Event(4-MouseMotion {'pos': (401, 138), 'rel': (3, 0), 'buttons': (0, 0, 0), 'window': None})>
2020-01-21 20:18:57,174 - BDM-WAM 1579637931.329721 - INFO - <Event(4-MouseMotion {'pos': (418, 140), 'rel': (17, 2), 'buttons': (0, 0, 0), 'window': None})>
2020-01-21 20:18:57,177 - BDM-WAM 1579637931.329721 - INFO - <Event(4-MouseMotion {'pos': (422, 140), 'rel': (4, 0), 'buttons': (0, 0, 0), 'window': None})>
2020-01-21 20:18:57,192 - BDM-WAM 1579637931.329721 - INFO - <Event(4-MouseMotion {'pos': (525, 139), 'rel': (103, -1), 'buttons': (0, 0, 0), 'window': None})>
2020-01-21 20:18:57,211 - BDM-WAM 1579637931.329721 - INFO - <Event(4-MouseMotion {'pos': (773, 129), 'rel': (248, -10), 'buttons': (0, 0, 0), 'window': None})>
2020-01-21 20:18:57,227 - BDM-WAM 1579637931.329721 - INFO - <Event(4-MouseMotion {'pos': (976, 112), 'rel': (203, -17), 'buttons': (0, 0, 0), 'window': None})>
2020-01-21 20:18:57,291 - BDM-WAM 1579637931.329721 - INFO - <Event(4-MouseMotion {'pos': (1053, 95), 'rel': (77, -17), 'buttons': (0, 0, 0), 'window': None})>
2020-01-21 20:18:57,377 - BDM-WAM 1579637931.329721 - INFO - <Event(10-MoleUp) {'loc': (179,169)})>
2020-01-21 20:18:57,379 - BDM-WAM 1579637931.329721 - INFO - <Event(4-MouseMotion {'pos': (1065, 67), 'rel': (12, -28), 'buttons': (0, 0, 0), 'window': None})>
2020-01-21 20:18:57,396 - BDM-WAM 1579637931.329721 - INFO - <Event(4-MouseMotion {'pos': (1069, 62), 'rel': (4, -5), 'buttons': (0, 0, 0), 'window': None})>
2020-01-21 20:18:57,413 - BDM-WAM 1579637931.329721 - INFO - <Event(4-MouseMotion {'pos': (1072, 58), 'rel': (3, -4), 'buttons': (0, 0, 0), 'window': None})>
2020-01-21 20:18:57,430 - BDM-WAM 1579637931.329721 - INFO - <Event(4-MouseMotion {'pos': (1076, 56), 'rel': (4, -2), 'buttons': (0, 0, 0), 'window': None})>
2020-01-21 20:18:57,447 - BDM-WAM 1579637931.329721 - INFO - <Event(4-MouseMotion {'pos': (1084, 53), 'rel': (8, -3), 'buttons': (0, 0, 0), 'window': None})>
2020-01-21 20:18:57,464 - BDM-WAM 1579637931.329721 - INFO - <Event(4-MouseMotion {'pos': (1102, 51), 'rel': (18, -2), 'buttons': (0, 0, 0), 'window': None})>
2020-01-21 20:18:57,481 - BDM-WAM 1579637931.329721 - INFO - <Event(4-MouseMotion {'pos': (1126, 51), 'rel': (24, 0), 'buttons': (0, 0, 0), 'window': None})>
2020-01-21 20:18:57,498 - BDM-WAM 1579637931.329721 - INFO - <Event(4-MouseMotion {'pos': (1169, 55), 'rel': (43, 4), 'buttons': (0, 0, 0), 'window': None})>
2020-01-21 20:18:57,516 - BDM-WAM 1579637931.329721 - INFO - <Event(4-MouseMotion {'pos': (1200, 60), 'rel': (31, 5), 'buttons': (0, 0, 0), 'window': None})>
2020-01-21 20:18:57,535 - BDM-WAM 1579637931.329721 - INFO - <Event(4-MouseMotion {'pos': (1234, 67), 'rel': (34, 7), 'buttons': (0, 0, 0), 'window': None})>
2020-01-21 20:18:57,552 - BDM-WAM 1579637931.329721 - INFO - <Event(4-MouseMotion {'pos': (1295, 74), 'rel': (61, 7), 'buttons': (0, 0, 0), 'window': None})>
2020-01-21 20:18:57,568 - BDM-WAM 1579637931.329721 - INFO - <Event(4-MouseMotion {'pos': (1358, 76), 'rel': (63, 2), 'buttons': (0, 0, 0), 'window': None})>
2020-01-21 20:18:57,586 - BDM-WAM 1579637931.329721 - INFO - <Event(4-MouseMotion {'pos': (1389, 74), 'rel': (31, -2), 'buttons': (0, 0, 0), 'window': None})>
2020-01-21 20:18:57,603 - BDM-WAM 1579637931.329721 - INFO - <Event(4-MouseMotion {'pos': (1401, 71), 'rel': (12, -3), 'buttons': (0, 0, 0), 'window': None})>
2020-01-21 20:18:57,619 - BDM-WAM 1579637931.329721 - INFO - <Event(4-MouseMotion {'pos': (1413, 66), 'rel': (12, -5), 'buttons': (0, 0, 0), 'window': None})>
2020-01-21 20:18:57,636 - BDM-WAM 1579637931.329721 - INFO - <Event(4-MouseMotion {'pos': (1418, 62), 'rel': (5, -4), 'buttons': (0, 0, 0), 'window': None})>
2020-01-21 20:18:57,652 - BDM-WAM 1579637931.329721 - INFO - <Event(4-MouseMotion {'pos': (1423, 50), 'rel': (5, -12), 'buttons': (0, 0, 0), 'window': None})>
2020-01-21 20:18:57,670 - BDM-WAM 1579637931.329721 - INFO - <Event(1-ActiveEvent {'gain': 0, 'state': 1})>
2020-01-21 20:18:58,439 - BDM-WAM 1579637931.329721 - INFO - <Event(12-Quit {})>
