2020-01-21 19:56:30,775 - BDM-WAM 1579636589.7700918 - INFO - <Event(17-VideoExpose {})>
2020-01-21 19:56:31,880 - BDM-WAM 1579636589.7700918 - INFO - <Event(16-VideoResize {'size': (800, 700), 'w': 800, 'h': 700})>
2020-01-21 19:56:31,880 - BDM-WAM 1579636589.7700918 - INFO - <Event(1-ActiveEvent {'gain': 0, 'state': 1})>
2020-01-21 19:56:31,880 - BDM-WAM 1579636589.7700918 - INFO - <Event(4-MouseMotion {'pos': (631, 556), 'rel': (632, 557), 'buttons': (0, 0, 0), 'window': None})>
2020-01-21 19:56:31,906 - BDM-WAM 1579636589.7700918 - INFO - <Event(10-MoleUp) {'loc': (119,366)})>
2020-01-21 19:56:31,926 - BDM-WAM 1579636589.7700918 - INFO - <Event(4-MouseMotion {'pos': (434, 318), 'rel': (-4, -17), 'buttons': (0, 0, 0), 'window': None})>
2020-01-21 19:56:31,945 - BDM-WAM 1579636589.7700918 - INFO - <Event(4-MouseMotion {'pos': (433, 308), 'rel': (-1, -10), 'buttons': (0, 0, 0), 'window': None})>
2020-01-21 19:56:31,961 - BDM-WAM 1579636589.7700918 - INFO - <Event(4-MouseMotion {'pos': (433, 302), 'rel': (0, -6), 'buttons': (0, 0, 0), 'window': None})>
2020-01-21 19:56:32,048 - BDM-WAM 1579636589.7700918 - INFO - <Event(3-KeyUp {'key': 99, 'mod': 0, 'scancode': 46, 'window': None})>
2020-01-21 19:56:32,065 - BDM-WAM 1579636589.7700918 - INFO - <Event(4-MouseMotion {'pos': (433, 297), 'rel': (0, -5), 'buttons': (0, 0, 0), 'window': None})>
2020-01-21 19:56:32,082 - BDM-WAM 1579636589.7700918 - INFO - <Event(4-MouseMotion {'pos': (432, 292), 'rel': (-1, -5), 'buttons': (0, 0, 0), 'window': None})>
2020-01-21 19:56:32,288 - BDM-WAM 1579636589.7700918 - INFO - <Event(4-MouseMotion {'pos': (432, 295), 'rel': (0, 3), 'buttons': (0, 0, 0), 'window': None})>
2020-01-21 19:56:32,305 - BDM-WAM 1579636589.7700918 - INFO - <Event(4-MouseMotion {'pos': (431, 299), 'rel': (-1, 4), 'buttons': (0, 0, 0), 'window': None})>
2020-01-21 19:56:32,324 - BDM-WAM 1579636589.7700918 - INFO - <Event(4-MouseMotion {'pos': (428, 311), 'rel': (-3, 12), 'buttons': (0, 0, 0), 'window': None})>
2020-01-21 19:56:32,339 - BDM-WAM 1579636589.7700918 - INFO - <Event(4-MouseMotion {'pos': (425, 320), 'rel': (-3, 9), 'buttons': (0, 0, 0), 'window': None})>
2020-01-21 19:56:32,356 - BDM-WAM 1579636589.7700918 - INFO - <Event(4-MouseMotion {'pos': (422, 329), 'rel': (-3, 9), 'buttons': (0, 0, 0), 'window': None})>
2020-01-21 19:56:32,372 - BDM-WAM 1579636589.7700918 - INFO - <Event(4-MouseMotion {'pos': (419, 336), 'rel': (-3, 7), 'buttons': (0, 0, 0), 'window': None})>
2020-01-21 19:56:32,388 - BDM-WAM 1579636589.7700918 - INFO - <Event(4-MouseMotion {'pos': (417, 341), 'rel': (-2, 5), 'buttons': (0, 0, 0), 'window': None})>
2020-01-21 19:56:32,404 - BDM-WAM 1579636589.7700918 - INFO - <Event(4-MouseMotion {'pos': (406, 355), 'rel': (-11, 14), 'buttons': (0, 0, 0), 'window': None})>
2020-01-21 19:56:32,421 - BDM-WAM 1579636589.7700918 - INFO - <Event(4-MouseMotion {'pos': (385, 380), 'rel': (-21, 25), 'buttons': (0, 0, 0), 'window': None})>
2020-01-21 19:56:32,440 - BDM-WAM 1579636589.7700918 - INFO - <Event(4-MouseMotion {'pos': (365, 401), 'rel': (-20, 21), 'buttons': (0, 0, 0), 'window': None})>
2020-01-21 19:56:32,456 - BDM-WAM 1579636589.7700918 - INFO - <Event(4-MouseMotion {'pos': (361, 405), 'rel': (-4, 4), 'buttons': (0, 0, 0), 'window': None})>
2020-01-21 19:56:32,472 - BDM-WAM 1579636589.7700918 - INFO - <Event(4-MouseMotion {'pos': (360, 406), 'rel': (-1, 1), 'buttons': (0, 0, 0), 'window': None})>
2020-01-21 19:56:32,487 - BDM-WAM 1579636589.7700918 - INFO - <Event(4-MouseMotion {'pos': (359, 407), 'rel': (-1, 1), 'buttons': (0, 0, 0), 'window': None})>
2020-01-21 19:56:32,570 - BDM-WAM 1579636589.7700918 - INFO - <Event(4-MouseMotion {'pos': (316, 405), 'rel': (-43, -2), 'buttons': (0, 0, 0), 'window': None})>
2020-01-21 19:56:32,588 - BDM-WAM 1579636589.7700918 - INFO - <Event(4-MouseMotion {'pos': (244, 389), 'rel': (-72, -16), 'buttons': (0, 0, 0), 'window': None})>
2020-01-21 19:56:32,606 - BDM-WAM 1579636589.7700918 - INFO - <Event(4-MouseMotion {'pos': (185, 371), 'rel': (-59, -18), 'buttons': (0, 0, 0), 'window': None})>
2020-01-21 19:56:32,622 - BDM-WAM 1579636589.7700918 - INFO - <Event(4-MouseMotion {'pos': (128, 355), 'rel': (-57, -16), 'buttons': (0, 0, 0), 'window': None})>
2020-01-21 19:56:32,639 - BDM-WAM 1579636589.7700918 - INFO - <Event(4-MouseMotion {'pos': (100, 347), 'rel': (-28, -8), 'buttons': (0, 0, 0), 'window': None})>
2020-01-21 19:56:32,656 - BDM-WAM 1579636589.7700918 - INFO - <Event(4-MouseMotion {'pos': (97, 346), 'rel': (-3, -1), 'buttons': (0, 0, 0), 'window': None})>
2020-01-21 19:56:32,795 - BDM-WAM 1579636589.7700918 - INFO - <Event(4-MouseMotion {'pos': (118, 375), 'rel': (21, 29), 'buttons': (0, 0, 0), 'window': None})>
2020-01-21 19:56:32,806 - BDM-WAM 1579636589.7700918 - INFO - <Event(4-MouseMotion {'pos': (136, 394), 'rel': (18, 19), 'buttons': (0, 0, 0), 'window': None})>
2020-01-21 19:56:32,824 - BDM-WAM 1579636589.7700918 - INFO - <Event(4-MouseMotion {'pos': (155, 415), 'rel': (19, 21), 'buttons': (0, 0, 0), 'window': None})>
2020-01-21 19:56:32,841 - BDM-WAM 1579636589.7700918 - INFO - <Event(4-MouseMotion {'pos': (164, 425), 'rel': (9, 10), 'buttons': (0, 0, 0), 'window': None})>
2020-01-21 19:56:32,856 - BDM-WAM 1579636589.7700918 - INFO - <Event(4-MouseMotion {'pos': (166, 427), 'rel': (2, 2), 'buttons': (0, 0, 0), 'window': None})>
2020-01-21 19:56:32,939 - BDM-WAM 1579636589.7700918 - INFO - <Event(5-MouseButtonDown {'pos': (166, 427), 'button': 1, 'window': None})>
2020-01-21 19:56:32,939 - BDM-WAM 1579636589.7700918 - INFO - <Event(8-Pause {'reason': hit_conf })>
2020-01-21 19:56:34,735 - BDM-WAM 1579636589.7700918 - INFO - ************* HAPPY ANALYSING... LOG COMPLETE!!! ************* 
