2019-07-17 10:27:07,354 - BDM-WAM 1563355627.3458624 - INFO - <Event(17-VideoExpose {})>
2019-07-17 10:27:08,556 - BDM-WAM 1563355627.3458624 - INFO - <Event(16-VideoResize {'size': (800, 600), 'w': 800, 'h': 600})>
2019-07-17 10:27:08,556 - BDM-WAM 1563355627.3458624 - INFO - <Event(1-ActiveEvent {'gain': 0, 'state': 1})>
2019-07-17 10:27:08,556 - BDM-WAM 1563355627.3458624 - INFO - <Event(4-MouseMotion {'pos': (656, 377), 'rel': (657, 378), 'buttons': (0, 0, 0), 'window': None})>
2019-07-17 10:27:08,556 - BDM-WAM 1563355627.3458624 - INFO - <Event(1-ActiveEvent {'gain': 1, 'state': 1})>
2019-07-17 10:27:08,557 - BDM-WAM 1563355627.3458624 - INFO - <Event(4-MouseMotion {'pos': (544, 331), 'rel': (-112, -46), 'buttons': (0, 0, 0), 'window': None})>
2019-07-17 10:27:08,632 - BDM-WAM 1563355627.3458624 - INFO - <Event(3-KeyUp {'key': 99, 'mod': 0, 'scancode': 46, 'window': None})>
2019-07-17 10:27:09,128 - BDM-WAM 1563355627.3458624 - INFO - <Event(4-MouseMotion {'pos': (533, 329), 'rel': (-6, -6), 'buttons': (0, 0, 0), 'window': None})>
2019-07-17 10:27:09,144 - BDM-WAM 1563355627.3458624 - INFO - <Event(4-MouseMotion {'pos': (507, 300), 'rel': (-26, -29), 'buttons': (0, 0, 0), 'window': None})>
2019-07-17 10:27:09,161 - BDM-WAM 1563355627.3458624 - INFO - <Event(4-MouseMotion {'pos': (492, 279), 'rel': (-15, -21), 'buttons': (0, 0, 0), 'window': None})>
2019-07-17 10:27:09,177 - BDM-WAM 1563355627.3458624 - INFO - <Event(4-MouseMotion {'pos': (481, 261), 'rel': (-11, -18), 'buttons': (0, 0, 0), 'window': None})>
2019-07-17 10:27:09,193 - BDM-WAM 1563355627.3458624 - INFO - <Event(4-MouseMotion {'pos': (474, 245), 'rel': (-7, -16), 'buttons': (0, 0, 0), 'window': None})>
2019-07-17 10:27:09,209 - BDM-WAM 1563355627.3458624 - INFO - <Event(4-MouseMotion {'pos': (473, 242), 'rel': (-1, -3), 'buttons': (0, 0, 0), 'window': None})>
2019-07-17 10:27:09,443 - BDM-WAM 1563355627.3458624 - INFO - <Event(4-MouseMotion {'pos': (451, 237), 'rel': (-22, -5), 'buttons': (0, 0, 0), 'window': None})>
2019-07-17 10:27:09,459 - BDM-WAM 1563355627.3458624 - INFO - <Event(4-MouseMotion {'pos': (430, 229), 'rel': (-21, -8), 'buttons': (0, 0, 0), 'window': None})>
2019-07-17 10:27:09,476 - BDM-WAM 1563355627.3458624 - INFO - <Event(5-MouseButtonDown {'pos': (430, 229), 'button': 1, 'window': None})>
2019-07-17 10:27:09,476 - BDM-WAM 1563355627.3458624 - INFO - <Event(9-Fake Hit {'pos': (424,227), 'window': None})>
2019-07-17 10:27:09,476 - BDM-WAM 1563355627.3458624 - INFO - <Event(4-MouseMotion {'pos': (424, 227), 'rel': (-6, -2), 'buttons': (1, 0, 0), 'window': None})>
2019-07-17 10:27:09,492 - BDM-WAM 1563355627.3458624 - INFO - <Event(4-MouseMotion {'pos': (416, 223), 'rel': (-8, -4), 'buttons': (1, 0, 0), 'window': None})>
2019-07-17 10:27:09,509 - BDM-WAM 1563355627.3458624 - INFO - <Event(4-MouseMotion {'pos': (413, 221), 'rel': (-3, -2), 'buttons': (1, 0, 0), 'window': None})>
2019-07-17 10:27:09,591 - BDM-WAM 1563355627.3458624 - INFO - <Event(6-MouseButtonUp {'pos': (413, 221), 'button': 1, 'window': None})>
2019-07-17 10:27:09,826 - BDM-WAM 1563355627.3458624 - INFO - <Event(4-MouseMotion {'pos': (375, 210), 'rel': (-38, -11), 'buttons': (0, 0, 0), 'window': None})>
2019-07-17 10:27:09,843 - BDM-WAM 1563355627.3458624 - INFO - <Event(4-MouseMotion {'pos': (312, 185), 'rel': (-63, -25), 'buttons': (0, 0, 0), 'window': None})>
2019-07-17 10:27:09,860 - BDM-WAM 1563355627.3458624 - INFO - <Event(4-MouseMotion {'pos': (283, 169), 'rel': (-29, -16), 'buttons': (0, 0, 0), 'window': None})>
2019-07-17 10:27:09,887 - BDM-WAM 1563355627.3458624 - INFO - <Event(4-MouseMotion {'pos': (255, 152), 'rel': (-28, -17), 'buttons': (0, 0, 0), 'window': None})>
2019-07-17 10:27:09,899 - BDM-WAM 1563355627.3458624 - INFO - <Event(4-MouseMotion {'pos': (245, 145), 'rel': (-10, -7), 'buttons': (0, 0, 0), 'window': None})>
2019-07-17 10:27:09,914 - BDM-WAM 1563355627.3458624 - INFO - <Event(4-MouseMotion {'pos': (241, 143), 'rel': (-4, -2), 'buttons': (0, 0, 0), 'window': None})>
2019-07-17 10:27:09,930 - BDM-WAM 1563355627.3458624 - INFO - <Event(4-MouseMotion {'pos': (240, 141), 'rel': (-1, -2), 'buttons': (0, 0, 0), 'window': None})>
2019-07-17 10:27:09,946 - BDM-WAM 1563355627.3458624 - INFO - <Event(4-MouseMotion {'pos': (238, 140), 'rel': (-2, -1), 'buttons': (0, 0, 0), 'window': None})>
2019-07-17 10:27:09,962 - BDM-WAM 1563355627.3458624 - INFO - <Event(4-MouseMotion {'pos': (237, 140), 'rel': (-1, 0), 'buttons': (0, 0, 0), 'window': None})>
2019-07-17 10:27:09,979 - BDM-WAM 1563355627.3458624 - INFO - <Event(4-MouseMotion {'pos': (236, 139), 'rel': (-1, -1), 'buttons': (0, 0, 0), 'window': None})>
2019-07-17 10:27:09,996 - BDM-WAM 1563355627.3458624 - INFO - <Event(4-MouseMotion {'pos': (236, 137), 'rel': (0, -2), 'buttons': (0, 0, 0), 'window': None})>
2019-07-17 10:27:10,013 - BDM-WAM 1563355627.3458624 - INFO - <Event(5-MouseButtonDown {'pos': (236, 137), 'button': 1, 'window': None})>
2019-07-17 10:27:10,014 - BDM-WAM 1563355627.3458624 - INFO - <Event(9-Fake Hit {'pos': (236,137), 'window': None})>
2019-07-17 10:27:10,063 - BDM-WAM 1563355627.3458624 - INFO - <Event(4-MouseMotion {'pos': (236, 136), 'rel': (0, -1), 'buttons': (1, 0, 0), 'window': None})>
2019-07-17 10:27:10,114 - BDM-WAM 1563355627.3458624 - INFO - <Event(6-MouseButtonUp {'pos': (236, 136), 'button': 1, 'window': None})>
2019-07-17 10:27:10,229 - BDM-WAM 1563355627.3458624 - INFO - <Event(4-MouseMotion {'pos': (241, 136), 'rel': (5, 0), 'buttons': (0, 0, 0), 'window': None})>
2019-07-17 10:27:10,245 - BDM-WAM 1563355627.3458624 - INFO - <Event(4-MouseMotion {'pos': (252, 138), 'rel': (11, 2), 'buttons': (0, 0, 0), 'window': None})>
2019-07-17 10:27:10,261 - BDM-WAM 1563355627.3458624 - INFO - <Event(4-MouseMotion {'pos': (268, 141), 'rel': (16, 3), 'buttons': (0, 0, 0), 'window': None})>
2019-07-17 10:27:10,277 - BDM-WAM 1563355627.3458624 - INFO - <Event(4-MouseMotion {'pos': (285, 145), 'rel': (17, 4), 'buttons': (0, 0, 0), 'window': None})>
2019-07-17 10:27:10,294 - BDM-WAM 1563355627.3458624 - INFO - <Event(4-MouseMotion {'pos': (304, 150), 'rel': (19, 5), 'buttons': (0, 0, 0), 'window': None})>
2019-07-17 10:27:10,311 - BDM-WAM 1563355627.3458624 - INFO - <Event(4-MouseMotion {'pos': (333, 157), 'rel': (29, 7), 'buttons': (0, 0, 0), 'window': None})>
2019-07-17 10:27:10,328 - BDM-WAM 1563355627.3458624 - INFO - <Event(4-MouseMotion {'pos': (358, 163), 'rel': (25, 6), 'buttons': (0, 0, 0), 'window': None})>
2019-07-17 10:27:10,344 - BDM-WAM 1563355627.3458624 - INFO - <Event(4-MouseMotion {'pos': (384, 168), 'rel': (26, 5), 'buttons': (0, 0, 0), 'window': None})>
2019-07-17 10:27:10,360 - BDM-WAM 1563355627.3458624 - INFO - <Event(4-MouseMotion {'pos': (405, 174), 'rel': (21, 6), 'buttons': (0, 0, 0), 'window': None})>
2019-07-17 10:27:10,387 - BDM-WAM 1563355627.3458624 - INFO - <Event(4-MouseMotion {'pos': (422, 181), 'rel': (17, 7), 'buttons': (0, 0, 0), 'window': None})>
2019-07-17 10:27:10,393 - BDM-WAM 1563355627.3458624 - INFO - <Event(4-MouseMotion {'pos': (424, 181), 'rel': (2, 0), 'buttons': (0, 0, 0), 'window': None})>
2019-07-17 10:27:10,411 - BDM-WAM 1563355627.3458624 - INFO - <Event(4-MouseMotion {'pos': (427, 188), 'rel': (3, 7), 'buttons': (0, 0, 0), 'window': None})>
2019-07-17 10:27:10,444 - BDM-WAM 1563355627.3458624 - INFO - <Event(5-MouseButtonDown {'pos': (427, 188), 'button': 1, 'window': None})>
2019-07-17 10:27:10,444 - BDM-WAM 1563355627.3458624 - INFO - <Event(9-Fake Hit {'pos': (427,188), 'window': None})>
2019-07-17 10:27:10,543 - BDM-WAM 1563355627.3458624 - INFO - <Event(6-MouseButtonUp {'pos': (427, 188), 'button': 1, 'window': None})>
2019-07-17 10:27:10,644 - BDM-WAM 1563355627.3458624 - INFO - <Event(5-MouseButtonDown {'pos': (427, 188), 'button': 1, 'window': None})>
2019-07-17 10:27:10,645 - BDM-WAM 1563355627.3458624 - INFO - <Event(9-Fake Hit {'pos': (427,188), 'window': None})>
2019-07-17 10:27:10,726 - BDM-WAM 1563355627.3458624 - INFO - <Event(6-MouseButtonUp {'pos': (427, 188), 'button': 1, 'window': None})>
2019-07-17 10:27:10,825 - BDM-WAM 1563355627.3458624 - INFO - <Event(4-MouseMotion {'pos': (446, 188), 'rel': (19, 0), 'buttons': (0, 0, 0), 'window': None})>
2019-07-17 10:27:10,842 - BDM-WAM 1563355627.3458624 - INFO - <Event(4-MouseMotion {'pos': (568, 201), 'rel': (122, 13), 'buttons': (0, 0, 0), 'window': None})>
2019-07-17 10:27:10,859 - BDM-WAM 1563355627.3458624 - INFO - <Event(4-MouseMotion {'pos': (660, 217), 'rel': (92, 16), 'buttons': (0, 0, 0), 'window': None})>
2019-07-17 10:27:10,877 - BDM-WAM 1563355627.3458624 - INFO - <Event(4-MouseMotion {'pos': (723, 228), 'rel': (63, 11), 'buttons': (0, 0, 0), 'window': None})>
2019-07-17 10:27:10,894 - BDM-WAM 1563355627.3458624 - INFO - <Event(4-MouseMotion {'pos': (757, 232), 'rel': (34, 4), 'buttons': (0, 0, 0), 'window': None})>
2019-07-17 10:27:10,910 - BDM-WAM 1563355627.3458624 - INFO - <Event(4-MouseMotion {'pos': (776, 236), 'rel': (19, 4), 'buttons': (0, 0, 0), 'window': None})>
2019-07-17 10:27:10,929 - BDM-WAM 1563355627.3458624 - INFO - <Event(4-MouseMotion {'pos': (784, 237), 'rel': (8, 1), 'buttons': (0, 0, 0), 'window': None})>
2019-07-17 10:27:10,944 - BDM-WAM 1563355627.3458624 - INFO - <Event(4-MouseMotion {'pos': (785, 238), 'rel': (1, 1), 'buttons': (0, 0, 0), 'window': None})>
2019-07-17 10:27:10,973 - BDM-WAM 1563355627.3458624 - INFO - <Event(4-MouseMotion {'pos': (787, 245), 'rel': (2, 7), 'buttons': (0, 0, 0), 'window': None})>
2019-07-17 10:27:10,994 - BDM-WAM 1563355627.3458624 - INFO - <Event(4-MouseMotion {'pos': (786, 249), 'rel': (-1, 4), 'buttons': (0, 0, 0), 'window': None})>
2019-07-17 10:27:11,010 - BDM-WAM 1563355627.3458624 - INFO - <Event(4-MouseMotion {'pos': (784, 257), 'rel': (-2, 8), 'buttons': (0, 0, 0), 'window': None})>
2019-07-17 10:27:11,027 - BDM-WAM 1563355627.3458624 - INFO - <Event(4-MouseMotion {'pos': (783, 260), 'rel': (-1, 3), 'buttons': (0, 0, 0), 'window': None})>
2019-07-17 10:27:11,043 - BDM-WAM 1563355627.3458624 - INFO - <Event(4-MouseMotion {'pos': (782, 262), 'rel': (-1, 2), 'buttons': (0, 0, 0), 'window': None})>
2019-07-17 10:27:11,059 - BDM-WAM 1563355627.3458624 - INFO - <Event(4-MouseMotion {'pos': (780, 265), 'rel': (-2, 3), 'buttons': (0, 0, 0), 'window': None})>
2019-07-17 10:27:11,088 - BDM-WAM 1563355627.3458624 - INFO - <Event(4-MouseMotion {'pos': (776, 272), 'rel': (-4, 7), 'buttons': (0, 0, 0), 'window': None})>
2019-07-17 10:27:11,106 - BDM-WAM 1563355627.3458624 - INFO - <Event(4-MouseMotion {'pos': (771, 277), 'rel': (-5, 5), 'buttons': (0, 0, 0), 'window': None})>
2019-07-17 10:27:11,123 - BDM-WAM 1563355627.3458624 - INFO - <Event(4-MouseMotion {'pos': (761, 283), 'rel': (-10, 6), 'buttons': (0, 0, 0), 'window': None})>
2019-07-17 10:27:11,139 - BDM-WAM 1563355627.3458624 - INFO - <Event(4-MouseMotion {'pos': (748, 290), 'rel': (-13, 7), 'buttons': (0, 0, 0), 'window': None})>
2019-07-17 10:27:11,157 - BDM-WAM 1563355627.3458624 - INFO - <Event(4-MouseMotion {'pos': (732, 292), 'rel': (-16, 2), 'buttons': (0, 0, 0), 'window': None})>
2019-07-17 10:27:11,172 - BDM-WAM 1563355627.3458624 - INFO - <Event(4-MouseMotion {'pos': (711, 292), 'rel': (-21, 0), 'buttons': (0, 0, 0), 'window': None})>
2019-07-17 10:27:11,188 - BDM-WAM 1563355627.3458624 - INFO - <Event(4-MouseMotion {'pos': (699, 289), 'rel': (-12, -3), 'buttons': (0, 0, 0), 'window': None})>
2019-07-17 10:27:11,205 - BDM-WAM 1563355627.3458624 - INFO - <Event(4-MouseMotion {'pos': (692, 287), 'rel': (-7, -2), 'buttons': (0, 0, 0), 'window': None})>
2019-07-17 10:27:11,222 - BDM-WAM 1563355627.3458624 - INFO - <Event(4-MouseMotion {'pos': (686, 285), 'rel': (-6, -2), 'buttons': (0, 0, 0), 'window': None})>
2019-07-17 10:27:11,239 - BDM-WAM 1563355627.3458624 - INFO - <Event(4-MouseMotion {'pos': (684, 285), 'rel': (-2, 0), 'buttons': (0, 0, 0), 'window': None})>
2019-07-17 10:27:11,256 - BDM-WAM 1563355627.3458624 - INFO - <Event(4-MouseMotion {'pos': (682, 283), 'rel': (-2, -2), 'buttons': (0, 0, 0), 'window': None})>
2019-07-17 10:27:11,272 - BDM-WAM 1563355627.3458624 - INFO - <Event(4-MouseMotion {'pos': (681, 281), 'rel': (-1, -2), 'buttons': (0, 0, 0), 'window': None})>
2019-07-17 10:27:11,289 - BDM-WAM 1563355627.3458624 - INFO - <Event(4-MouseMotion {'pos': (680, 280), 'rel': (-1, -1), 'buttons': (0, 0, 0), 'window': None})>
2019-07-17 10:27:11,305 - BDM-WAM 1563355627.3458624 - INFO - <Event(4-MouseMotion {'pos': (679, 279), 'rel': (-1, -1), 'buttons': (0, 0, 0), 'window': None})>
2019-07-17 10:27:11,322 - BDM-WAM 1563355627.3458624 - INFO - <Event(4-MouseMotion {'pos': (679, 278), 'rel': (0, -1), 'buttons': (0, 0, 0), 'window': None})>
2019-07-17 10:27:11,338 - BDM-WAM 1563355627.3458624 - INFO - <Event(4-MouseMotion {'pos': (678, 277), 'rel': (-1, -1), 'buttons': (0, 0, 0), 'window': None})>
2019-07-17 10:27:11,354 - BDM-WAM 1563355627.3458624 - INFO - <Event(4-MouseMotion {'pos': (676, 277), 'rel': (-2, 0), 'buttons': (0, 0, 0), 'window': None})>
2019-07-17 10:27:11,372 - BDM-WAM 1563355627.3458624 - INFO - <Event(4-MouseMotion {'pos': (675, 277), 'rel': (-1, 0), 'buttons': (0, 0, 0), 'window': None})>
2019-07-17 10:27:11,387 - BDM-WAM 1563355627.3458624 - INFO - <Event(4-MouseMotion {'pos': (671, 278), 'rel': (-4, 1), 'buttons': (0, 0, 0), 'window': None})>
2019-07-17 10:27:11,403 - BDM-WAM 1563355627.3458624 - INFO - <Event(4-MouseMotion {'pos': (663, 283), 'rel': (-8, 5), 'buttons': (0, 0, 0), 'window': None})>
2019-07-17 10:27:11,420 - BDM-WAM 1563355627.3458624 - INFO - <Event(4-MouseMotion {'pos': (648, 290), 'rel': (-15, 7), 'buttons': (0, 0, 0), 'window': None})>
2019-07-17 10:27:11,437 - BDM-WAM 1563355627.3458624 - INFO - <Event(4-MouseMotion {'pos': (630, 301), 'rel': (-18, 11), 'buttons': (0, 0, 0), 'window': None})>
2019-07-17 10:27:11,454 - BDM-WAM 1563355627.3458624 - INFO - <Event(4-MouseMotion {'pos': (612, 310), 'rel': (-18, 9), 'buttons': (0, 0, 0), 'window': None})>
2019-07-17 10:27:11,471 - BDM-WAM 1563355627.3458624 - INFO - <Event(4-MouseMotion {'pos': (591, 325), 'rel': (-21, 15), 'buttons': (0, 0, 0), 'window': None})>
2019-07-17 10:27:11,487 - BDM-WAM 1563355627.3458624 - INFO - <Event(4-MouseMotion {'pos': (583, 329), 'rel': (-8, 4), 'buttons': (0, 0, 0), 'window': None})>
2019-07-17 10:27:11,504 - BDM-WAM 1563355627.3458624 - INFO - <Event(4-MouseMotion {'pos': (580, 331), 'rel': (-3, 2), 'buttons': (0, 0, 0), 'window': None})>
2019-07-17 10:27:11,521 - BDM-WAM 1563355627.3458624 - INFO - <Event(4-MouseMotion {'pos': (578, 332), 'rel': (-2, 1), 'buttons': (0, 0, 0), 'window': None})>
2019-07-17 10:27:11,538 - BDM-WAM 1563355627.3458624 - INFO - <Event(4-MouseMotion {'pos': (576, 333), 'rel': (-2, 1), 'buttons': (0, 0, 0), 'window': None})>
2019-07-17 10:27:11,554 - BDM-WAM 1563355627.3458624 - INFO - <Event(4-MouseMotion {'pos': (576, 334), 'rel': (0, 1), 'buttons': (0, 0, 0), 'window': None})>
2019-07-17 10:27:11,570 - BDM-WAM 1563355627.3458624 - INFO - <Event(4-MouseMotion {'pos': (575, 335), 'rel': (-1, 1), 'buttons': (0, 0, 0), 'window': None})>
2019-07-17 10:27:11,604 - BDM-WAM 1563355627.3458624 - INFO - <Event(4-MouseMotion {'pos': (574, 336), 'rel': (-1, 1), 'buttons': (0, 0, 0), 'window': None})>
2019-07-17 10:27:11,638 - BDM-WAM 1563355627.3458624 - INFO - <Event(4-MouseMotion {'pos': (572, 337), 'rel': (-2, 1), 'buttons': (0, 0, 0), 'window': None})>
2019-07-17 10:27:11,654 - BDM-WAM 1563355627.3458624 - INFO - <Event(4-MouseMotion {'pos': (568, 337), 'rel': (-4, 0), 'buttons': (0, 0, 0), 'window': None})>
2019-07-17 10:27:11,670 - BDM-WAM 1563355627.3458624 - INFO - <Event(4-MouseMotion {'pos': (566, 337), 'rel': (-2, 0), 'buttons': (0, 0, 0), 'window': None})>
2019-07-17 10:27:11,687 - BDM-WAM 1563355627.3458624 - INFO - <Event(4-MouseMotion {'pos': (564, 335), 'rel': (-2, -2), 'buttons': (0, 0, 0), 'window': None})>
2019-07-17 10:27:11,713 - BDM-WAM 1563355627.3458624 - INFO - <Event(4-MouseMotion {'pos': (563, 335), 'rel': (-1, 0), 'buttons': (0, 0, 0), 'window': None})>
2019-07-17 10:27:11,721 - BDM-WAM 1563355627.3458624 - INFO - <Event(4-MouseMotion {'pos': (562, 335), 'rel': (-1, 0), 'buttons': (0, 0, 0), 'window': None})>
2019-07-17 10:27:11,754 - BDM-WAM 1563355627.3458624 - INFO - <Event(4-MouseMotion {'pos': (561, 335), 'rel': (-1, 0), 'buttons': (0, 0, 0), 'window': None})>
2019-07-17 10:27:11,786 - BDM-WAM 1563355627.3458624 - INFO - <Event(4-MouseMotion {'pos': (560, 335), 'rel': (-1, 0), 'buttons': (0, 0, 0), 'window': None})>
2019-07-17 10:27:11,828 - BDM-WAM 1563355627.3458624 - INFO - <Event(4-MouseMotion {'pos': (552, 330), 'rel': (-8, -5), 'buttons': (0, 0, 0), 'window': None})>
2019-07-17 10:27:11,837 - BDM-WAM 1563355627.3458624 - INFO - <Event(4-MouseMotion {'pos': (545, 325), 'rel': (-7, -5), 'buttons': (0, 0, 0), 'window': None})>
2019-07-17 10:27:11,854 - BDM-WAM 1563355627.3458624 - INFO - <Event(4-MouseMotion {'pos': (520, 317), 'rel': (-25, -8), 'buttons': (0, 0, 0), 'window': None})>
2019-07-17 10:27:11,871 - BDM-WAM 1563355627.3458624 - INFO - <Event(4-MouseMotion {'pos': (458, 291), 'rel': (-62, -26), 'buttons': (0, 0, 0), 'window': None})>
2019-07-17 10:27:11,888 - BDM-WAM 1563355627.3458624 - INFO - <Event(4-MouseMotion {'pos': (385, 265), 'rel': (-73, -26), 'buttons': (0, 0, 0), 'window': None})>
2019-07-17 10:27:11,904 - BDM-WAM 1563355627.3458624 - INFO - <Event(4-MouseMotion {'pos': (322, 231), 'rel': (-63, -34), 'buttons': (0, 0, 0), 'window': None})>
2019-07-17 10:27:11,921 - BDM-WAM 1563355627.3458624 - INFO - <Event(4-MouseMotion {'pos': (275, 195), 'rel': (-47, -36), 'buttons': (0, 0, 0), 'window': None})>
2019-07-17 10:27:11,938 - BDM-WAM 1563355627.3458624 - INFO - <Event(4-MouseMotion {'pos': (236, 163), 'rel': (-39, -32), 'buttons': (0, 0, 0), 'window': None})>
2019-07-17 10:27:11,956 - BDM-WAM 1563355627.3458624 - INFO - <Event(4-MouseMotion {'pos': (184, 105), 'rel': (-52, -58), 'buttons': (0, 0, 0), 'window': None})>
2019-07-17 10:27:11,972 - BDM-WAM 1563355627.3458624 - INFO - <Event(4-MouseMotion {'pos': (168, 85), 'rel': (-16, -20), 'buttons': (0, 0, 0), 'window': None})>
2019-07-17 10:27:11,988 - BDM-WAM 1563355627.3458624 - INFO - <Event(4-MouseMotion {'pos': (160, 76), 'rel': (-8, -9), 'buttons': (0, 0, 0), 'window': None})>
2019-07-17 10:27:12,004 - BDM-WAM 1563355627.3458624 - INFO - <Event(4-MouseMotion {'pos': (154, 72), 'rel': (-6, -4), 'buttons': (0, 0, 0), 'window': None})>
2019-07-17 10:27:12,021 - BDM-WAM 1563355627.3458624 - INFO - <Event(4-MouseMotion {'pos': (152, 67), 'rel': (-2, -5), 'buttons': (0, 0, 0), 'window': None})>
2019-07-17 10:27:12,037 - BDM-WAM 1563355627.3458624 - INFO - <Event(4-MouseMotion {'pos': (151, 62), 'rel': (-1, -5), 'buttons': (0, 0, 0), 'window': None})>
2019-07-17 10:27:12,269 - BDM-WAM 1563355627.3458624 - INFO - <Event(5-MouseButtonDown {'pos': (151, 62), 'button': 1, 'window': None})>
2019-07-17 10:27:12,269 - BDM-WAM 1563355627.3458624 - INFO - <Event(9-Fake Hit {'pos': (151,62), 'window': None})>
2019-07-17 10:27:12,299 - BDM-WAM 1563355627.3458624 - INFO - <Event(4-MouseMotion {'pos': (150, 62), 'rel': (-1, 0), 'buttons': (1, 0, 0), 'window': None})>
2019-07-17 10:27:12,303 - BDM-WAM 1563355627.3458624 - INFO - <Event(4-MouseMotion {'pos': (149, 63), 'rel': (-1, 1), 'buttons': (1, 0, 0), 'window': None})>
2019-07-17 10:27:12,320 - BDM-WAM 1563355627.3458624 - INFO - <Event(4-MouseMotion {'pos': (148, 64), 'rel': (-1, 1), 'buttons': (1, 0, 0), 'window': None})>
2019-07-17 10:27:12,336 - BDM-WAM 1563355627.3458624 - INFO - <Event(4-MouseMotion {'pos': (148, 65), 'rel': (0, 1), 'buttons': (1, 0, 0), 'window': None})>
2019-07-17 10:27:12,385 - BDM-WAM 1563355627.3458624 - INFO - <Event(6-MouseButtonUp {'pos': (148, 65), 'button': 1, 'window': None})>
2019-07-17 10:27:12,568 - BDM-WAM 1563355627.3458624 - INFO - <Event(4-MouseMotion {'pos': (150, 67), 'rel': (2, 2), 'buttons': (0, 0, 0), 'window': None})>
2019-07-17 10:27:12,584 - BDM-WAM 1563355627.3458624 - INFO - <Event(4-MouseMotion {'pos': (163, 74), 'rel': (13, 7), 'buttons': (0, 0, 0), 'window': None})>
2019-07-17 10:27:12,612 - BDM-WAM 1563355627.3458624 - INFO - <Event(4-MouseMotion {'pos': (219, 104), 'rel': (56, 30), 'buttons': (0, 0, 0), 'window': None})>
2019-07-17 10:27:12,617 - BDM-WAM 1563355627.3458624 - INFO - <Event(4-MouseMotion {'pos': (232, 113), 'rel': (13, 9), 'buttons': (0, 0, 0), 'window': None})>
2019-07-17 10:27:12,633 - BDM-WAM 1563355627.3458624 - INFO - <Event(4-MouseMotion {'pos': (272, 136), 'rel': (40, 23), 'buttons': (0, 0, 0), 'window': None})>
2019-07-17 10:27:12,649 - BDM-WAM 1563355627.3458624 - INFO - <Event(4-MouseMotion {'pos': (309, 156), 'rel': (37, 20), 'buttons': (0, 0, 0), 'window': None})>
2019-07-17 10:27:12,664 - BDM-WAM 1563355627.3458624 - INFO - <Event(4-MouseMotion {'pos': (344, 173), 'rel': (35, 17), 'buttons': (0, 0, 0), 'window': None})>
2019-07-17 10:27:12,681 - BDM-WAM 1563355627.3458624 - INFO - <Event(4-MouseMotion {'pos': (370, 189), 'rel': (26, 16), 'buttons': (0, 0, 0), 'window': None})>
2019-07-17 10:27:12,697 - BDM-WAM 1563355627.3458624 - INFO - <Event(4-MouseMotion {'pos': (388, 200), 'rel': (18, 11), 'buttons': (0, 0, 0), 'window': None})>
2019-07-17 10:27:12,721 - BDM-WAM 1563355627.3458624 - INFO - <Event(4-MouseMotion {'pos': (404, 209), 'rel': (16, 9), 'buttons': (0, 0, 0), 'window': None})>
2019-07-17 10:27:12,741 - BDM-WAM 1563355627.3458624 - INFO - <Event(4-MouseMotion {'pos': (408, 215), 'rel': (4, 6), 'buttons': (0, 0, 0), 'window': None})>
2019-07-17 10:27:12,757 - BDM-WAM 1563355627.3458624 - INFO - <Event(4-MouseMotion {'pos': (410, 216), 'rel': (2, 1), 'buttons': (0, 0, 0), 'window': None})>
2019-07-17 10:27:12,774 - BDM-WAM 1563355627.3458624 - INFO - <Event(4-MouseMotion {'pos': (410, 217), 'rel': (0, 1), 'buttons': (0, 0, 0), 'window': None})>
2019-07-17 10:27:12,824 - BDM-WAM 1563355627.3458624 - INFO - <Event(5-MouseButtonDown {'pos': (410, 217), 'button': 1, 'window': None})>
2019-07-17 10:27:12,825 - BDM-WAM 1563355627.3458624 - INFO - <Event(9-Fake Hit {'pos': (410,217), 'window': None})>
2019-07-17 10:27:12,906 - BDM-WAM 1563355627.3458624 - INFO - <Event(6-MouseButtonUp {'pos': (410, 217), 'button': 1, 'window': None})>
2019-07-17 10:27:13,250 - BDM-WAM 1563355627.3458624 - INFO - <Event(4-MouseMotion {'pos': (406, 221), 'rel': (-4, 4), 'buttons': (0, 0, 0), 'window': None})>
2019-07-17 10:27:13,267 - BDM-WAM 1563355627.3458624 - INFO - <Event(4-MouseMotion {'pos': (403, 222), 'rel': (-3, 1), 'buttons': (0, 0, 0), 'window': None})>
2019-07-17 10:27:13,284 - BDM-WAM 1563355627.3458624 - INFO - <Event(4-MouseMotion {'pos': (400, 225), 'rel': (-3, 3), 'buttons': (0, 0, 0), 'window': None})>
2019-07-17 10:27:13,301 - BDM-WAM 1563355627.3458624 - INFO - <Event(4-MouseMotion {'pos': (398, 226), 'rel': (-2, 1), 'buttons': (0, 0, 0), 'window': None})>
2019-07-17 10:27:13,318 - BDM-WAM 1563355627.3458624 - INFO - <Event(4-MouseMotion {'pos': (396, 227), 'rel': (-2, 1), 'buttons': (0, 0, 0), 'window': None})>
2019-07-17 10:27:13,367 - BDM-WAM 1563355627.3458624 - INFO - <Event(5-MouseButtonDown {'pos': (396, 227), 'button': 1, 'window': None})>
2019-07-17 10:27:13,368 - BDM-WAM 1563355627.3458624 - INFO - <Event(9-Fake Hit {'pos': (396,227), 'window': None})>
2019-07-17 10:27:13,467 - BDM-WAM 1563355627.3458624 - INFO - <Event(6-MouseButtonUp {'pos': (396, 227), 'button': 1, 'window': None})>
2019-07-17 10:27:13,563 - BDM-WAM 1563355627.3458624 - INFO - <Event(5-MouseButtonDown {'pos': (396, 227), 'button': 1, 'window': None})>
2019-07-17 10:27:13,564 - BDM-WAM 1563355627.3458624 - INFO - <Event(9-Fake Hit {'pos': (396,227), 'window': None})>
2019-07-17 10:27:13,647 - BDM-WAM 1563355627.3458624 - INFO - <Event(6-MouseButtonUp {'pos': (396, 227), 'button': 1, 'window': None})>
2019-07-17 10:27:13,728 - BDM-WAM 1563355627.3458624 - INFO - <Event(5-MouseButtonDown {'pos': (396, 227), 'button': 1, 'window': None})>
2019-07-17 10:27:13,729 - BDM-WAM 1563355627.3458624 - INFO - <Event(9-Fake Hit {'pos': (396,227), 'window': None})>
2019-07-17 10:27:13,793 - BDM-WAM 1563355627.3458624 - INFO - <Event(6-MouseButtonUp {'pos': (396, 227), 'button': 1, 'window': None})>
2019-07-17 10:27:14,054 - BDM-WAM 1563355627.3458624 - INFO - <Event(5-MouseButtonDown {'pos': (396, 227), 'button': 1, 'window': None})>
2019-07-17 10:27:14,055 - BDM-WAM 1563355627.3458624 - INFO - <Event(9-Fake Hit {'pos': (396,227), 'window': None})>
2019-07-17 10:27:14,136 - BDM-WAM 1563355627.3458624 - INFO - <Event(6-MouseButtonUp {'pos': (396, 227), 'button': 1, 'window': None})>
2019-07-17 10:27:14,234 - BDM-WAM 1563355627.3458624 - INFO - <Event(5-MouseButtonDown {'pos': (396, 227), 'button': 1, 'window': None})>
2019-07-17 10:27:14,234 - BDM-WAM 1563355627.3458624 - INFO - <Event(9-Fake Hit {'pos': (396,227), 'window': None})>
2019-07-17 10:27:14,299 - BDM-WAM 1563355627.3458624 - INFO - <Event(6-MouseButtonUp {'pos': (396, 227), 'button': 1, 'window': None})>
2019-07-17 10:27:14,416 - BDM-WAM 1563355627.3458624 - INFO - <Event(5-MouseButtonDown {'pos': (396, 227), 'button': 1, 'window': None})>
2019-07-17 10:27:14,416 - BDM-WAM 1563355627.3458624 - INFO - <Event(9-Fake Hit {'pos': (396,227), 'window': None})>
2019-07-17 10:27:14,465 - BDM-WAM 1563355627.3458624 - INFO - <Event(6-MouseButtonUp {'pos': (396, 227), 'button': 1, 'window': None})>
2019-07-17 10:27:14,632 - BDM-WAM 1563355627.3458624 - INFO - <Event(5-MouseButtonDown {'pos': (396, 227), 'button': 1, 'window': None})>
2019-07-17 10:27:14,632 - BDM-WAM 1563355627.3458624 - INFO - <Event(9-Fake Hit {'pos': (396,227), 'window': None})>
2019-07-17 10:27:14,649 - BDM-WAM 1563355627.3458624 - INFO - <Event(6-MouseButtonUp {'pos': (396, 227), 'button': 1, 'window': None})>
2019-07-17 10:27:14,765 - BDM-WAM 1563355627.3458624 - INFO - <Event(5-MouseButtonDown {'pos': (396, 227), 'button': 1, 'window': None})>
2019-07-17 10:27:14,766 - BDM-WAM 1563355627.3458624 - INFO - <Event(9-Fake Hit {'pos': (396,227), 'window': None})>
2019-07-17 10:27:14,800 - BDM-WAM 1563355627.3458624 - INFO - <Event(6-MouseButtonUp {'pos': (396, 227), 'button': 1, 'window': None})>
2019-07-17 10:27:14,901 - BDM-WAM 1563355627.3458624 - INFO - <Event(5-MouseButtonDown {'pos': (396, 227), 'button': 1, 'window': None})>
2019-07-17 10:27:14,901 - BDM-WAM 1563355627.3458624 - INFO - <Event(9-Fake Hit {'pos': (396,227), 'window': None})>
2019-07-17 10:27:14,966 - BDM-WAM 1563355627.3458624 - INFO - <Event(6-MouseButtonUp {'pos': (396, 227), 'button': 1, 'window': None})>
2019-07-17 10:27:15,067 - BDM-WAM 1563355627.3458624 - INFO - <Event(5-MouseButtonDown {'pos': (396, 227), 'button': 1, 'window': None})>
2019-07-17 10:27:15,067 - BDM-WAM 1563355627.3458624 - INFO - <Event(9-Fake Hit {'pos': (396,227), 'window': None})>
2019-07-17 10:27:15,133 - BDM-WAM 1563355627.3458624 - INFO - <Event(6-MouseButtonUp {'pos': (396, 227), 'button': 1, 'window': None})>
2019-07-17 10:27:15,232 - BDM-WAM 1563355627.3458624 - INFO - <Event(5-MouseButtonDown {'pos': (396, 227), 'button': 1, 'window': None})>
2019-07-17 10:27:15,232 - BDM-WAM 1563355627.3458624 - INFO - <Event(9-Fake Hit {'pos': (396,227), 'window': None})>
2019-07-17 10:27:15,299 - BDM-WAM 1563355627.3458624 - INFO - <Event(6-MouseButtonUp {'pos': (396, 227), 'button': 1, 'window': None})>
2019-07-17 10:27:15,415 - BDM-WAM 1563355627.3458624 - INFO - <Event(5-MouseButtonDown {'pos': (396, 227), 'button': 1, 'window': None})>
2019-07-17 10:27:15,415 - BDM-WAM 1563355627.3458624 - INFO - <Event(9-Fake Hit {'pos': (396,227), 'window': None})>
2019-07-17 10:27:15,468 - BDM-WAM 1563355627.3458624 - INFO - <Event(6-MouseButtonUp {'pos': (396, 227), 'button': 1, 'window': None})>
2019-07-17 10:27:15,593 - BDM-WAM 1563355627.3458624 - INFO - <Event(5-MouseButtonDown {'pos': (396, 227), 'button': 1, 'window': None})>
2019-07-17 10:27:15,593 - BDM-WAM 1563355627.3458624 - INFO - <Event(9-Fake Hit {'pos': (396,227), 'window': None})>
2019-07-17 10:27:15,610 - BDM-WAM 1563355627.3458624 - INFO - <Event(6-MouseButtonUp {'pos': (396, 227), 'button': 1, 'window': None})>
2019-07-17 10:27:16,295 - BDM-WAM 1563355627.3458624 - INFO - <Event(4-MouseMotion {'pos': (412, 221), 'rel': (16, -6), 'buttons': (0, 0, 0), 'window': None})>
2019-07-17 10:27:16,313 - BDM-WAM 1563355627.3458624 - INFO - <Event(4-MouseMotion {'pos': (524, 153), 'rel': (112, -68), 'buttons': (0, 0, 0), 'window': None})>
2019-07-17 10:27:16,328 - BDM-WAM 1563355627.3458624 - INFO - <Event(4-MouseMotion {'pos': (599, 104), 'rel': (75, -49), 'buttons': (0, 0, 0), 'window': None})>
2019-07-17 10:27:16,344 - BDM-WAM 1563355627.3458624 - INFO - <Event(4-MouseMotion {'pos': (651, 57), 'rel': (52, -47), 'buttons': (0, 0, 0), 'window': None})>
2019-07-17 10:27:16,362 - BDM-WAM 1563355627.3458624 - INFO - <Event(4-MouseMotion {'pos': (689, 17), 'rel': (38, -40), 'buttons': (0, 0, 0), 'window': None})>
2019-07-17 10:27:16,380 - BDM-WAM 1563355627.3458624 - INFO - <Event(1-ActiveEvent {'gain': 0, 'state': 1})>
2019-07-17 10:27:16,582 - BDM-WAM 1563355627.3458624 - INFO - <Event(1-ActiveEvent {'gain': 1, 'state': 1})>
2019-07-17 10:27:16,582 - BDM-WAM 1563355627.3458624 - INFO - <Event(4-MouseMotion {'pos': (770, 16), 'rel': (81, -1), 'buttons': (0, 0, 0), 'window': None})>
2019-07-17 10:27:16,598 - BDM-WAM 1563355627.3458624 - INFO - <Event(4-MouseMotion {'pos': (769, 37), 'rel': (-1, 21), 'buttons': (0, 0, 0), 'window': None})>
2019-07-17 10:27:16,615 - BDM-WAM 1563355627.3458624 - INFO - <Event(4-MouseMotion {'pos': (769, 51), 'rel': (0, 14), 'buttons': (0, 0, 0), 'window': None})>
2019-07-17 10:27:16,631 - BDM-WAM 1563355627.3458624 - INFO - <Event(4-MouseMotion {'pos': (769, 57), 'rel': (0, 6), 'buttons': (0, 0, 0), 'window': None})>
2019-07-17 10:27:16,648 - BDM-WAM 1563355627.3458624 - INFO - <Event(4-MouseMotion {'pos': (770, 61), 'rel': (1, 4), 'buttons': (0, 0, 0), 'window': None})>
2019-07-17 10:27:16,666 - BDM-WAM 1563355627.3458624 - INFO - <Event(4-MouseMotion {'pos': (770, 63), 'rel': (0, 2), 'buttons': (0, 0, 0), 'window': None})>
2019-07-17 10:27:16,682 - BDM-WAM 1563355627.3458624 - INFO - <Event(4-MouseMotion {'pos': (772, 65), 'rel': (2, 2), 'buttons': (0, 0, 0), 'window': None})>
2019-07-17 10:27:16,716 - BDM-WAM 1563355627.3458624 - INFO - <Event(4-MouseMotion {'pos': (774, 65), 'rel': (2, 0), 'buttons': (0, 0, 0), 'window': None})>
2019-07-17 10:27:16,732 - BDM-WAM 1563355627.3458624 - INFO - <Event(4-MouseMotion {'pos': (776, 65), 'rel': (2, 0), 'buttons': (0, 0, 0), 'window': None})>
2019-07-17 10:27:16,751 - BDM-WAM 1563355627.3458624 - INFO - <Event(4-MouseMotion {'pos': (779, 63), 'rel': (3, -2), 'buttons': (0, 0, 0), 'window': None})>
2019-07-17 10:27:16,766 - BDM-WAM 1563355627.3458624 - INFO - <Event(4-MouseMotion {'pos': (781, 62), 'rel': (2, -1), 'buttons': (0, 0, 0), 'window': None})>
2019-07-17 10:27:16,782 - BDM-WAM 1563355627.3458624 - INFO - <Event(4-MouseMotion {'pos': (783, 60), 'rel': (2, -2), 'buttons': (0, 0, 0), 'window': None})>
2019-07-17 10:27:16,799 - BDM-WAM 1563355627.3458624 - INFO - <Event(4-MouseMotion {'pos': (785, 57), 'rel': (2, -3), 'buttons': (0, 0, 0), 'window': None})>
2019-07-17 10:27:16,816 - BDM-WAM 1563355627.3458624 - INFO - <Event(4-MouseMotion {'pos': (786, 53), 'rel': (1, -4), 'buttons': (0, 0, 0), 'window': None})>
2019-07-17 10:27:16,834 - BDM-WAM 1563355627.3458624 - INFO - <Event(4-MouseMotion {'pos': (788, 48), 'rel': (2, -5), 'buttons': (0, 0, 0), 'window': None})>
2019-07-17 10:27:16,851 - BDM-WAM 1563355627.3458624 - INFO - <Event(4-MouseMotion {'pos': (788, 41), 'rel': (0, -7), 'buttons': (0, 0, 0), 'window': None})>
2019-07-17 10:27:16,868 - BDM-WAM 1563355627.3458624 - INFO - <Event(4-MouseMotion {'pos': (788, 35), 'rel': (0, -6), 'buttons': (0, 0, 0), 'window': None})>
2019-07-17 10:27:16,885 - BDM-WAM 1563355627.3458624 - INFO - <Event(4-MouseMotion {'pos': (788, 30), 'rel': (0, -5), 'buttons': (0, 0, 0), 'window': None})>
2019-07-17 10:27:16,902 - BDM-WAM 1563355627.3458624 - INFO - <Event(4-MouseMotion {'pos': (787, 23), 'rel': (-1, -7), 'buttons': (0, 0, 0), 'window': None})>
2019-07-17 10:27:16,920 - BDM-WAM 1563355627.3458624 - INFO - <Event(4-MouseMotion {'pos': (786, 17), 'rel': (-1, -6), 'buttons': (0, 0, 0), 'window': None})>
2019-07-17 10:27:16,944 - BDM-WAM 1563355627.3458624 - INFO - <Event(4-MouseMotion {'pos': (784, 11), 'rel': (-2, -6), 'buttons': (0, 0, 0), 'window': None})>
2019-07-17 10:27:16,952 - BDM-WAM 1563355627.3458624 - INFO - <Event(4-MouseMotion {'pos': (784, 9), 'rel': (0, -2), 'buttons': (0, 0, 0), 'window': None})>
2019-07-17 10:27:16,968 - BDM-WAM 1563355627.3458624 - INFO - <Event(4-MouseMotion {'pos': (784, 8), 'rel': (0, -1), 'buttons': (0, 0, 0), 'window': None})>
2019-07-17 10:27:16,986 - BDM-WAM 1563355627.3458624 - INFO - <Event(4-MouseMotion {'pos': (784, 7), 'rel': (0, -1), 'buttons': (0, 0, 0), 'window': None})>
2019-07-17 10:27:17,003 - BDM-WAM 1563355627.3458624 - INFO - <Event(4-MouseMotion {'pos': (784, 6), 'rel': (0, -1), 'buttons': (0, 0, 0), 'window': None})>
2019-07-17 10:27:17,020 - BDM-WAM 1563355627.3458624 - INFO - <Event(4-MouseMotion {'pos': (784, 5), 'rel': (0, -1), 'buttons': (0, 0, 0), 'window': None})>
2019-07-17 10:27:17,047 - BDM-WAM 1563355627.3458624 - INFO - <Event(4-MouseMotion {'pos': (784, 4), 'rel': (0, -1), 'buttons': (0, 0, 0), 'window': None})>
2019-07-17 10:27:17,088 - BDM-WAM 1563355627.3458624 - INFO - <Event(4-MouseMotion {'pos': (784, 3), 'rel': (0, -1), 'buttons': (0, 0, 0), 'window': None})>
2019-07-17 10:27:17,105 - BDM-WAM 1563355627.3458624 - INFO - <Event(4-MouseMotion {'pos': (782, 1), 'rel': (-2, -2), 'buttons': (0, 0, 0), 'window': None})>
2019-07-17 10:27:17,121 - BDM-WAM 1563355627.3458624 - INFO - <Event(1-ActiveEvent {'gain': 0, 'state': 1})>
2019-07-17 10:27:18,170 - BDM-WAM 1563355627.3458624 - INFO - <Event(2-KeyDown {'unicode': 'p', 'key': 112, 'mod': 0, 'scancode': 25, 'window': None})>
2019-07-17 10:27:18,411 - BDM-WAM 1563355627.3458624 - INFO - ************* HAPPY ANALYSING... LOG COMPLETE!!! ************* 
