2019-07-18 09:17:27,315 - BDM-WAM 1563437846.0017154 - INFO - <Event(17-VideoExpose {})>
2019-07-18 09:17:31,130 - BDM-WAM 1563437846.0017154 - INFO - <Event(16-VideoResize {'size': (800, 600), 'w': 800, 'h': 600})>
2019-07-18 09:17:31,130 - BDM-WAM 1563437846.0017154 - INFO - <Event(1-ActiveEvent {'gain': 0, 'state': 1})>
2019-07-18 09:17:31,130 - BDM-WAM 1563437846.0017154 - INFO - <Event(4-MouseMotion {'pos': (573, 599), 'rel': (574, 600), 'buttons': (0, 0, 0), 'window': None})>
2019-07-18 09:17:31,273 - BDM-WAM 1563437846.0017154 - INFO - <Event(3-KeyUp {'key': 99, 'mod': 0, 'scancode': 46, 'window': None})>
2019-07-18 09:17:32,236 - BDM-WAM 1563437846.0017154 - INFO - <Event(1-ActiveEvent {'gain': 1, 'state': 1})>
2019-07-18 09:17:32,236 - BDM-WAM 1563437846.0017154 - INFO - <Event(4-MouseMotion {'pos': (608, 590), 'rel': (35, -9), 'buttons': (0, 0, 0), 'window': None})>
2019-07-18 09:17:32,253 - BDM-WAM 1563437846.0017154 - INFO - <Event(4-MouseMotion {'pos': (616, 557), 'rel': (8, -33), 'buttons': (0, 0, 0), 'window': None})>
2019-07-18 09:17:32,270 - BDM-WAM 1563437846.0017154 - INFO - <Event(4-MouseMotion {'pos': (616, 520), 'rel': (0, -37), 'buttons': (0, 0, 0), 'window': None})>
2019-07-18 09:17:32,286 - BDM-WAM 1563437846.0017154 - INFO - <Event(4-MouseMotion {'pos': (607, 497), 'rel': (-9, -23), 'buttons': (0, 0, 0), 'window': None})>
2019-07-18 09:17:32,303 - BDM-WAM 1563437846.0017154 - INFO - <Event(4-MouseMotion {'pos': (578, 469), 'rel': (-29, -28), 'buttons': (0, 0, 0), 'window': None})>
2019-07-18 09:17:32,320 - BDM-WAM 1563437846.0017154 - INFO - <Event(4-MouseMotion {'pos': (545, 444), 'rel': (-33, -25), 'buttons': (0, 0, 0), 'window': None})>
2019-07-18 09:17:32,337 - BDM-WAM 1563437846.0017154 - INFO - <Event(4-MouseMotion {'pos': (509, 419), 'rel': (-36, -25), 'buttons': (0, 0, 0), 'window': None})>
2019-07-18 09:17:32,354 - BDM-WAM 1563437846.0017154 - INFO - <Event(4-MouseMotion {'pos': (471, 393), 'rel': (-38, -26), 'buttons': (0, 0, 0), 'window': None})>
2019-07-18 09:17:32,370 - BDM-WAM 1563437846.0017154 - INFO - <Event(4-MouseMotion {'pos': (436, 371), 'rel': (-35, -22), 'buttons': (0, 0, 0), 'window': None})>
2019-07-18 09:17:32,397 - BDM-WAM 1563437846.0017154 - INFO - <Event(4-MouseMotion {'pos': (397, 346), 'rel': (-39, -25), 'buttons': (0, 0, 0), 'window': None})>
2019-07-18 09:17:32,403 - BDM-WAM 1563437846.0017154 - INFO - <Event(4-MouseMotion {'pos': (390, 342), 'rel': (-7, -4), 'buttons': (0, 0, 0), 'window': None})>
2019-07-18 09:17:32,420 - BDM-WAM 1563437846.0017154 - INFO - <Event(4-MouseMotion {'pos': (381, 335), 'rel': (-9, -7), 'buttons': (0, 0, 0), 'window': None})>
2019-07-18 09:17:32,436 - BDM-WAM 1563437846.0017154 - INFO - <Event(4-MouseMotion {'pos': (376, 330), 'rel': (-5, -5), 'buttons': (0, 0, 0), 'window': None})>
2019-07-18 09:17:32,454 - BDM-WAM 1563437846.0017154 - INFO - <Event(4-MouseMotion {'pos': (371, 324), 'rel': (-5, -6), 'buttons': (0, 0, 0), 'window': None})>
2019-07-18 09:17:32,470 - BDM-WAM 1563437846.0017154 - INFO - <Event(4-MouseMotion {'pos': (366, 319), 'rel': (-5, -5), 'buttons': (0, 0, 0), 'window': None})>
2019-07-18 09:17:32,487 - BDM-WAM 1563437846.0017154 - INFO - <Event(4-MouseMotion {'pos': (361, 315), 'rel': (-5, -4), 'buttons': (0, 0, 0), 'window': None})>
2019-07-18 09:17:32,513 - BDM-WAM 1563437846.0017154 - INFO - <Event(4-MouseMotion {'pos': (356, 307), 'rel': (-5, -8), 'buttons': (0, 0, 0), 'window': None})>
2019-07-18 09:17:32,519 - BDM-WAM 1563437846.0017154 - INFO - <Event(4-MouseMotion {'pos': (355, 306), 'rel': (-1, -1), 'buttons': (0, 0, 0), 'window': None})>
2019-07-18 09:17:32,536 - BDM-WAM 1563437846.0017154 - INFO - <Event(4-MouseMotion {'pos': (352, 300), 'rel': (-3, -6), 'buttons': (0, 0, 0), 'window': None})>
2019-07-18 09:17:32,552 - BDM-WAM 1563437846.0017154 - INFO - <Event(4-MouseMotion {'pos': (350, 296), 'rel': (-2, -4), 'buttons': (0, 0, 0), 'window': None})>
2019-07-18 09:17:32,568 - BDM-WAM 1563437846.0017154 - INFO - <Event(4-MouseMotion {'pos': (348, 290), 'rel': (-2, -6), 'buttons': (0, 0, 0), 'window': None})>
2019-07-18 09:17:32,584 - BDM-WAM 1563437846.0017154 - INFO - <Event(4-MouseMotion {'pos': (347, 282), 'rel': (-1, -8), 'buttons': (0, 0, 0), 'window': None})>
2019-07-18 09:17:32,600 - BDM-WAM 1563437846.0017154 - INFO - <Event(4-MouseMotion {'pos': (343, 269), 'rel': (-4, -13), 'buttons': (0, 0, 0), 'window': None})>
2019-07-18 09:17:32,626 - BDM-WAM 1563437846.0017154 - INFO - <Event(4-MouseMotion {'pos': (331, 245), 'rel': (-12, -24), 'buttons': (0, 0, 0), 'window': None})>
2019-07-18 09:17:32,638 - BDM-WAM 1563437846.0017154 - INFO - <Event(4-MouseMotion {'pos': (324, 237), 'rel': (-7, -8), 'buttons': (0, 0, 0), 'window': None})>
2019-07-18 09:17:32,655 - BDM-WAM 1563437846.0017154 - INFO - <Event(4-MouseMotion {'pos': (311, 226), 'rel': (-13, -11), 'buttons': (0, 0, 0), 'window': None})>
2019-07-18 09:17:32,672 - BDM-WAM 1563437846.0017154 - INFO - <Event(4-MouseMotion {'pos': (298, 219), 'rel': (-13, -7), 'buttons': (0, 0, 0), 'window': None})>
2019-07-18 09:17:32,688 - BDM-WAM 1563437846.0017154 - INFO - <Event(4-MouseMotion {'pos': (289, 216), 'rel': (-9, -3), 'buttons': (0, 0, 0), 'window': None})>
2019-07-18 09:17:32,704 - BDM-WAM 1563437846.0017154 - INFO - <Event(4-MouseMotion {'pos': (282, 216), 'rel': (-7, 0), 'buttons': (0, 0, 0), 'window': None})>
2019-07-18 09:17:32,721 - BDM-WAM 1563437846.0017154 - INFO - <Event(4-MouseMotion {'pos': (277, 217), 'rel': (-5, 1), 'buttons': (0, 0, 0), 'window': None})>
2019-07-18 09:17:32,737 - BDM-WAM 1563437846.0017154 - INFO - <Event(4-MouseMotion {'pos': (273, 219), 'rel': (-4, 2), 'buttons': (0, 0, 0), 'window': None})>
2019-07-18 09:17:32,754 - BDM-WAM 1563437846.0017154 - INFO - <Event(4-MouseMotion {'pos': (271, 222), 'rel': (-2, 3), 'buttons': (0, 0, 0), 'window': None})>
2019-07-18 09:17:32,771 - BDM-WAM 1563437846.0017154 - INFO - <Event(4-MouseMotion {'pos': (267, 226), 'rel': (-4, 4), 'buttons': (0, 0, 0), 'window': None})>
2019-07-18 09:17:32,788 - BDM-WAM 1563437846.0017154 - INFO - <Event(4-MouseMotion {'pos': (264, 230), 'rel': (-3, 4), 'buttons': (0, 0, 0), 'window': None})>
2019-07-18 09:17:32,804 - BDM-WAM 1563437846.0017154 - INFO - <Event(4-MouseMotion {'pos': (262, 232), 'rel': (-2, 2), 'buttons': (0, 0, 0), 'window': None})>
2019-07-18 09:17:32,821 - BDM-WAM 1563437846.0017154 - INFO - <Event(4-MouseMotion {'pos': (260, 235), 'rel': (-2, 3), 'buttons': (0, 0, 0), 'window': None})>
2019-07-18 09:17:32,837 - BDM-WAM 1563437846.0017154 - INFO - <Event(4-MouseMotion {'pos': (260, 236), 'rel': (0, 1), 'buttons': (0, 0, 0), 'window': None})>
2019-07-18 09:17:32,955 - BDM-WAM 1563437846.0017154 - INFO - <Event(4-MouseMotion {'pos': (287, 234), 'rel': (27, -2), 'buttons': (0, 0, 0), 'window': None})>
2019-07-18 09:17:32,971 - BDM-WAM 1563437846.0017154 - INFO - <Event(4-MouseMotion {'pos': (336, 229), 'rel': (49, -5), 'buttons': (0, 0, 0), 'window': None})>
2019-07-18 09:17:32,989 - BDM-WAM 1563437846.0017154 - INFO - <Event(4-MouseMotion {'pos': (403, 227), 'rel': (67, -2), 'buttons': (0, 0, 0), 'window': None})>
2019-07-18 09:17:33,005 - BDM-WAM 1563437846.0017154 - INFO - <Event(4-MouseMotion {'pos': (458, 225), 'rel': (55, -2), 'buttons': (0, 0, 0), 'window': None})>
2019-07-18 09:17:33,022 - BDM-WAM 1563437846.0017154 - INFO - <Event(4-MouseMotion {'pos': (504, 222), 'rel': (46, -3), 'buttons': (0, 0, 0), 'window': None})>
2019-07-18 09:17:33,038 - BDM-WAM 1563437846.0017154 - INFO - <Event(4-MouseMotion {'pos': (534, 219), 'rel': (30, -3), 'buttons': (0, 0, 0), 'window': None})>
2019-07-18 09:17:33,054 - BDM-WAM 1563437846.0017154 - INFO - <Event(4-MouseMotion {'pos': (549, 216), 'rel': (15, -3), 'buttons': (0, 0, 0), 'window': None})>
2019-07-18 09:17:33,070 - BDM-WAM 1563437846.0017154 - INFO - <Event(4-MouseMotion {'pos': (553, 215), 'rel': (4, -1), 'buttons': (0, 0, 0), 'window': None})>
2019-07-18 09:17:33,188 - BDM-WAM 1563437846.0017154 - INFO - <Event(4-MouseMotion {'pos': (553, 216), 'rel': (0, 1), 'buttons': (0, 0, 0), 'window': None})>
2019-07-18 09:17:33,204 - BDM-WAM 1563437846.0017154 - INFO - <Event(4-MouseMotion {'pos': (553, 217), 'rel': (0, 1), 'buttons': (0, 0, 0), 'window': None})>
2019-07-18 09:17:33,221 - BDM-WAM 1563437846.0017154 - INFO - <Event(4-MouseMotion {'pos': (553, 218), 'rel': (0, 1), 'buttons': (0, 0, 0), 'window': None})>
2019-07-18 09:17:33,249 - BDM-WAM 1563437846.0017154 - INFO - <Event(4-MouseMotion {'pos': (557, 220), 'rel': (4, 2), 'buttons': (0, 0, 0), 'window': None})>
2019-07-18 09:17:33,255 - BDM-WAM 1563437846.0017154 - INFO - <Event(4-MouseMotion {'pos': (560, 221), 'rel': (3, 1), 'buttons': (0, 0, 0), 'window': None})>
2019-07-18 09:17:33,272 - BDM-WAM 1563437846.0017154 - INFO - <Event(4-MouseMotion {'pos': (567, 223), 'rel': (7, 2), 'buttons': (0, 0, 0), 'window': None})>
2019-07-18 09:17:33,289 - BDM-WAM 1563437846.0017154 - INFO - <Event(4-MouseMotion {'pos': (576, 225), 'rel': (9, 2), 'buttons': (0, 0, 0), 'window': None})>
2019-07-18 09:17:33,305 - BDM-WAM 1563437846.0017154 - INFO - <Event(4-MouseMotion {'pos': (582, 226), 'rel': (6, 1), 'buttons': (0, 0, 0), 'window': None})>
2019-07-18 09:17:33,322 - BDM-WAM 1563437846.0017154 - INFO - <Event(4-MouseMotion {'pos': (587, 226), 'rel': (5, 0), 'buttons': (0, 0, 0), 'window': None})>
2019-07-18 09:17:33,353 - BDM-WAM 1563437846.0017154 - INFO - <Event(4-MouseMotion {'pos': (588, 226), 'rel': (1, 0), 'buttons': (0, 0, 0), 'window': None})>
2019-07-18 09:17:33,390 - BDM-WAM 1563437846.0017154 - INFO - <Event(4-MouseMotion {'pos': (584, 227), 'rel': (-4, 1), 'buttons': (0, 0, 0), 'window': None})>
2019-07-18 09:17:33,407 - BDM-WAM 1563437846.0017154 - INFO - <Event(4-MouseMotion {'pos': (574, 233), 'rel': (-10, 6), 'buttons': (0, 0, 0), 'window': None})>
2019-07-18 09:17:33,423 - BDM-WAM 1563437846.0017154 - INFO - <Event(4-MouseMotion {'pos': (561, 242), 'rel': (-13, 9), 'buttons': (0, 0, 0), 'window': None})>
2019-07-18 09:17:33,440 - BDM-WAM 1563437846.0017154 - INFO - <Event(4-MouseMotion {'pos': (541, 257), 'rel': (-20, 15), 'buttons': (0, 0, 0), 'window': None})>
2019-07-18 09:17:33,457 - BDM-WAM 1563437846.0017154 - INFO - <Event(4-MouseMotion {'pos': (523, 270), 'rel': (-18, 13), 'buttons': (0, 0, 0), 'window': None})>
2019-07-18 09:17:33,474 - BDM-WAM 1563437846.0017154 - INFO - <Event(4-MouseMotion {'pos': (505, 284), 'rel': (-18, 14), 'buttons': (0, 0, 0), 'window': None})>
2019-07-18 09:17:33,490 - BDM-WAM 1563437846.0017154 - INFO - <Event(4-MouseMotion {'pos': (493, 294), 'rel': (-12, 10), 'buttons': (0, 0, 0), 'window': None})>
2019-07-18 09:17:33,506 - BDM-WAM 1563437846.0017154 - INFO - <Event(4-MouseMotion {'pos': (485, 304), 'rel': (-8, 10), 'buttons': (0, 0, 0), 'window': None})>
2019-07-18 09:17:33,522 - BDM-WAM 1563437846.0017154 - INFO - <Event(4-MouseMotion {'pos': (477, 313), 'rel': (-8, 9), 'buttons': (0, 0, 0), 'window': None})>
2019-07-18 09:17:33,539 - BDM-WAM 1563437846.0017154 - INFO - <Event(4-MouseMotion {'pos': (471, 318), 'rel': (-6, 5), 'buttons': (0, 0, 0), 'window': None})>
2019-07-18 09:17:33,556 - BDM-WAM 1563437846.0017154 - INFO - <Event(4-MouseMotion {'pos': (465, 322), 'rel': (-6, 4), 'buttons': (0, 0, 0), 'window': None})>
2019-07-18 09:17:33,572 - BDM-WAM 1563437846.0017154 - INFO - <Event(4-MouseMotion {'pos': (463, 324), 'rel': (-2, 2), 'buttons': (0, 0, 0), 'window': None})>
2019-07-18 09:17:33,589 - BDM-WAM 1563437846.0017154 - INFO - <Event(4-MouseMotion {'pos': (461, 325), 'rel': (-2, 1), 'buttons': (0, 0, 0), 'window': None})>
2019-07-18 09:17:33,605 - BDM-WAM 1563437846.0017154 - INFO - <Event(4-MouseMotion {'pos': (459, 326), 'rel': (-2, 1), 'buttons': (0, 0, 0), 'window': None})>
2019-07-18 09:17:33,638 - BDM-WAM 1563437846.0017154 - INFO - <Event(4-MouseMotion {'pos': (458, 326), 'rel': (-1, 0), 'buttons': (0, 0, 0), 'window': None})>
2019-07-18 09:17:33,656 - BDM-WAM 1563437846.0017154 - INFO - <Event(4-MouseMotion {'pos': (454, 328), 'rel': (-4, 2), 'buttons': (0, 0, 0), 'window': None})>
2019-07-18 09:17:33,672 - BDM-WAM 1563437846.0017154 - INFO - <Event(4-MouseMotion {'pos': (448, 330), 'rel': (-6, 2), 'buttons': (0, 0, 0), 'window': None})>
2019-07-18 09:17:33,689 - BDM-WAM 1563437846.0017154 - INFO - <Event(4-MouseMotion {'pos': (440, 334), 'rel': (-8, 4), 'buttons': (0, 0, 0), 'window': None})>
2019-07-18 09:17:33,706 - BDM-WAM 1563437846.0017154 - INFO - <Event(4-MouseMotion {'pos': (434, 337), 'rel': (-6, 3), 'buttons': (0, 0, 0), 'window': None})>
2019-07-18 09:17:33,722 - BDM-WAM 1563437846.0017154 - INFO - <Event(4-MouseMotion {'pos': (429, 340), 'rel': (-5, 3), 'buttons': (0, 0, 0), 'window': None})>
2019-07-18 09:17:33,738 - BDM-WAM 1563437846.0017154 - INFO - <Event(4-MouseMotion {'pos': (428, 341), 'rel': (-1, 1), 'buttons': (0, 0, 0), 'window': None})>
2019-07-18 09:17:33,772 - BDM-WAM 1563437846.0017154 - INFO - <Event(5-MouseButtonDown {'pos': (428, 341), 'button': 1, 'window': None})>
2019-07-18 09:17:33,773 - BDM-WAM 1563437846.0017154 - INFO - <Event(9.1-True Hit {'pos': (428,341), 'window': None})>
2019-07-18 09:17:33,889 - BDM-WAM 1563437846.0017154 - INFO - <Event(6-MouseButtonUp {'pos': (428, 341), 'button': 1, 'window': None})>
2019-07-18 09:17:33,989 - BDM-WAM 1563437846.0017154 - INFO - <Event(4-MouseMotion {'pos': (432, 341), 'rel': (4, 0), 'buttons': (0, 0, 0), 'window': None})>
2019-07-18 09:17:34,005 - BDM-WAM 1563437846.0017154 - INFO - <Event(4-MouseMotion {'pos': (440, 346), 'rel': (8, 5), 'buttons': (0, 0, 0), 'window': None})>
2019-07-18 09:17:34,021 - BDM-WAM 1563437846.0017154 - INFO - <Event(4-MouseMotion {'pos': (457, 360), 'rel': (17, 14), 'buttons': (0, 0, 0), 'window': None})>
2019-07-18 09:17:34,280 - BDM-WAM 1563437846.0017154 - INFO - <Event(4-MouseMotion {'pos': (455, 357), 'rel': (-2, -3), 'buttons': (0, 0, 0), 'window': None})>
2019-07-18 09:17:34,296 - BDM-WAM 1563437846.0017154 - INFO - <Event(4-MouseMotion {'pos': (452, 353), 'rel': (-3, -4), 'buttons': (0, 0, 0), 'window': None})>
2019-07-18 09:17:34,312 - BDM-WAM 1563437846.0017154 - INFO - <Event(4-MouseMotion {'pos': (450, 351), 'rel': (-2, -2), 'buttons': (0, 0, 0), 'window': None})>
2019-07-18 09:17:34,328 - BDM-WAM 1563437846.0017154 - INFO - <Event(4-MouseMotion {'pos': (450, 349), 'rel': (0, -2), 'buttons': (0, 0, 0), 'window': None})>
2019-07-18 09:17:34,344 - BDM-WAM 1563437846.0017154 - INFO - <Event(4-MouseMotion {'pos': (450, 345), 'rel': (0, -4), 'buttons': (0, 0, 0), 'window': None})>
2019-07-18 09:17:34,360 - BDM-WAM 1563437846.0017154 - INFO - <Event(4-MouseMotion {'pos': (450, 341), 'rel': (0, -4), 'buttons': (0, 0, 0), 'window': None})>
2019-07-18 09:17:34,376 - BDM-WAM 1563437846.0017154 - INFO - <Event(4-MouseMotion {'pos': (451, 337), 'rel': (1, -4), 'buttons': (0, 0, 0), 'window': None})>
2019-07-18 09:17:34,392 - BDM-WAM 1563437846.0017154 - INFO - <Event(4-MouseMotion {'pos': (451, 330), 'rel': (0, -7), 'buttons': (0, 0, 0), 'window': None})>
2019-07-18 09:17:34,409 - BDM-WAM 1563437846.0017154 - INFO - <Event(4-MouseMotion {'pos': (451, 323), 'rel': (0, -7), 'buttons': (0, 0, 0), 'window': None})>
2019-07-18 09:17:34,426 - BDM-WAM 1563437846.0017154 - INFO - <Event(4-MouseMotion {'pos': (451, 315), 'rel': (0, -8), 'buttons': (0, 0, 0), 'window': None})>
2019-07-18 09:17:34,442 - BDM-WAM 1563437846.0017154 - INFO - <Event(4-MouseMotion {'pos': (451, 307), 'rel': (0, -8), 'buttons': (0, 0, 0), 'window': None})>
2019-07-18 09:17:34,459 - BDM-WAM 1563437846.0017154 - INFO - <Event(4-MouseMotion {'pos': (451, 299), 'rel': (0, -8), 'buttons': (0, 0, 0), 'window': None})>
2019-07-18 09:17:34,475 - BDM-WAM 1563437846.0017154 - INFO - <Event(4-MouseMotion {'pos': (452, 294), 'rel': (1, -5), 'buttons': (0, 0, 0), 'window': None})>
2019-07-18 09:17:34,493 - BDM-WAM 1563437846.0017154 - INFO - <Event(4-MouseMotion {'pos': (453, 292), 'rel': (1, -2), 'buttons': (0, 0, 0), 'window': None})>
2019-07-18 09:17:34,509 - BDM-WAM 1563437846.0017154 - INFO - <Event(4-MouseMotion {'pos': (457, 294), 'rel': (4, 2), 'buttons': (0, 0, 0), 'window': None})>
2019-07-18 09:17:34,525 - BDM-WAM 1563437846.0017154 - INFO - <Event(4-MouseMotion {'pos': (465, 300), 'rel': (8, 6), 'buttons': (0, 0, 0), 'window': None})>
2019-07-18 09:17:34,707 - BDM-WAM 1563437846.0017154 - INFO - <Event(4-MouseMotion {'pos': (463, 301), 'rel': (-2, 1), 'buttons': (0, 0, 0), 'window': None})>
2019-07-18 09:17:34,733 - BDM-WAM 1563437846.0017154 - INFO - <Event(4-MouseMotion {'pos': (461, 301), 'rel': (-2, 0), 'buttons': (0, 0, 0), 'window': None})>
2019-07-18 09:17:34,741 - BDM-WAM 1563437846.0017154 - INFO - <Event(4-MouseMotion {'pos': (460, 300), 'rel': (-1, -1), 'buttons': (0, 0, 0), 'window': None})>
2019-07-18 09:17:34,757 - BDM-WAM 1563437846.0017154 - INFO - <Event(4-MouseMotion {'pos': (458, 299), 'rel': (-2, -1), 'buttons': (0, 0, 0), 'window': None})>
2019-07-18 09:17:34,774 - BDM-WAM 1563437846.0017154 - INFO - <Event(4-MouseMotion {'pos': (456, 298), 'rel': (-2, -1), 'buttons': (0, 0, 0), 'window': None})>
2019-07-18 09:17:34,791 - BDM-WAM 1563437846.0017154 - INFO - <Event(4-MouseMotion {'pos': (452, 298), 'rel': (-4, 0), 'buttons': (0, 0, 0), 'window': None})>
2019-07-18 09:17:34,807 - BDM-WAM 1563437846.0017154 - INFO - <Event(4-MouseMotion {'pos': (449, 298), 'rel': (-3, 0), 'buttons': (0, 0, 0), 'window': None})>
2019-07-18 09:17:34,823 - BDM-WAM 1563437846.0017154 - INFO - <Event(4-MouseMotion {'pos': (444, 301), 'rel': (-5, 3), 'buttons': (0, 0, 0), 'window': None})>
2019-07-18 09:17:34,851 - BDM-WAM 1563437846.0017154 - INFO - <Event(4-MouseMotion {'pos': (426, 313), 'rel': (-18, 12), 'buttons': (0, 0, 0), 'window': None})>
2019-07-18 09:17:34,856 - BDM-WAM 1563437846.0017154 - INFO - <Event(4-MouseMotion {'pos': (422, 315), 'rel': (-4, 2), 'buttons': (0, 0, 0), 'window': None})>
2019-07-18 09:17:34,873 - BDM-WAM 1563437846.0017154 - INFO - <Event(4-MouseMotion {'pos': (403, 326), 'rel': (-19, 11), 'buttons': (0, 0, 0), 'window': None})>
2019-07-18 09:17:34,891 - BDM-WAM 1563437846.0017154 - INFO - <Event(4-MouseMotion {'pos': (378, 337), 'rel': (-25, 11), 'buttons': (0, 0, 0), 'window': None})>
2019-07-18 09:17:34,907 - BDM-WAM 1563437846.0017154 - INFO - <Event(4-MouseMotion {'pos': (358, 344), 'rel': (-20, 7), 'buttons': (0, 0, 0), 'window': None})>
2019-07-18 09:17:34,924 - BDM-WAM 1563437846.0017154 - INFO - <Event(4-MouseMotion {'pos': (337, 354), 'rel': (-21, 10), 'buttons': (0, 0, 0), 'window': None})>
2019-07-18 09:17:34,940 - BDM-WAM 1563437846.0017154 - INFO - <Event(4-MouseMotion {'pos': (329, 361), 'rel': (-8, 7), 'buttons': (0, 0, 0), 'window': None})>
2019-07-18 09:17:34,967 - BDM-WAM 1563437846.0017154 - INFO - <Event(4-MouseMotion {'pos': (332, 370), 'rel': (3, 9), 'buttons': (0, 0, 0), 'window': None})>
2019-07-18 09:17:34,973 - BDM-WAM 1563437846.0017154 - INFO - <Event(4-MouseMotion {'pos': (335, 371), 'rel': (3, 1), 'buttons': (0, 0, 0), 'window': None})>
2019-07-18 09:17:34,990 - BDM-WAM 1563437846.0017154 - INFO - <Event(4-MouseMotion {'pos': (357, 376), 'rel': (22, 5), 'buttons': (0, 0, 0), 'window': None})>
2019-07-18 09:17:35,007 - BDM-WAM 1563437846.0017154 - INFO - <Event(4-MouseMotion {'pos': (399, 378), 'rel': (42, 2), 'buttons': (0, 0, 0), 'window': None})>
2019-07-18 09:17:35,023 - BDM-WAM 1563437846.0017154 - INFO - <Event(4-MouseMotion {'pos': (461, 380), 'rel': (62, 2), 'buttons': (0, 0, 0), 'window': None})>
2019-07-18 09:17:35,039 - BDM-WAM 1563437846.0017154 - INFO - <Event(4-MouseMotion {'pos': (529, 380), 'rel': (68, 0), 'buttons': (0, 0, 0), 'window': None})>
2019-07-18 09:17:35,054 - BDM-WAM 1563437846.0017154 - INFO - <Event(4-MouseMotion {'pos': (595, 380), 'rel': (66, 0), 'buttons': (0, 0, 0), 'window': None})>
2019-07-18 09:17:35,071 - BDM-WAM 1563437846.0017154 - INFO - <Event(4-MouseMotion {'pos': (646, 381), 'rel': (51, 1), 'buttons': (0, 0, 0), 'window': None})>
2019-07-18 09:17:35,088 - BDM-WAM 1563437846.0017154 - INFO - <Event(4-MouseMotion {'pos': (682, 385), 'rel': (36, 4), 'buttons': (0, 0, 0), 'window': None})>
2019-07-18 09:17:35,104 - BDM-WAM 1563437846.0017154 - INFO - <Event(4-MouseMotion {'pos': (704, 389), 'rel': (22, 4), 'buttons': (0, 0, 0), 'window': None})>
2019-07-18 09:17:35,120 - BDM-WAM 1563437846.0017154 - INFO - <Event(4-MouseMotion {'pos': (711, 391), 'rel': (7, 2), 'buttons': (0, 0, 0), 'window': None})>
2019-07-18 09:17:35,136 - BDM-WAM 1563437846.0017154 - INFO - <Event(4-MouseMotion {'pos': (711, 394), 'rel': (0, 3), 'buttons': (0, 0, 0), 'window': None})>
2019-07-18 09:17:35,153 - BDM-WAM 1563437846.0017154 - INFO - <Event(4-MouseMotion {'pos': (710, 397), 'rel': (-1, 3), 'buttons': (0, 0, 0), 'window': None})>
2019-07-18 09:17:35,170 - BDM-WAM 1563437846.0017154 - INFO - <Event(4-MouseMotion {'pos': (708, 401), 'rel': (-2, 4), 'buttons': (0, 0, 0), 'window': None})>
2019-07-18 09:17:35,187 - BDM-WAM 1563437846.0017154 - INFO - <Event(4-MouseMotion {'pos': (704, 406), 'rel': (-4, 5), 'buttons': (0, 0, 0), 'window': None})>
2019-07-18 09:17:35,203 - BDM-WAM 1563437846.0017154 - INFO - <Event(4-MouseMotion {'pos': (702, 410), 'rel': (-2, 4), 'buttons': (0, 0, 0), 'window': None})>
2019-07-18 09:17:35,219 - BDM-WAM 1563437846.0017154 - INFO - <Event(4-MouseMotion {'pos': (702, 416), 'rel': (0, 6), 'buttons': (0, 0, 0), 'window': None})>
2019-07-18 09:17:35,236 - BDM-WAM 1563437846.0017154 - INFO - <Event(4-MouseMotion {'pos': (705, 421), 'rel': (3, 5), 'buttons': (0, 0, 0), 'window': None})>
2019-07-18 09:17:35,252 - BDM-WAM 1563437846.0017154 - INFO - <Event(4-MouseMotion {'pos': (710, 424), 'rel': (5, 3), 'buttons': (0, 0, 0), 'window': None})>
2019-07-18 09:17:35,269 - BDM-WAM 1563437846.0017154 - INFO - <Event(4-MouseMotion {'pos': (715, 424), 'rel': (5, 0), 'buttons': (0, 0, 0), 'window': None})>
2019-07-18 09:17:35,286 - BDM-WAM 1563437846.0017154 - INFO - <Event(4-MouseMotion {'pos': (718, 424), 'rel': (3, 0), 'buttons': (0, 0, 0), 'window': None})>
2019-07-18 09:17:35,303 - BDM-WAM 1563437846.0017154 - INFO - <Event(4-MouseMotion {'pos': (719, 422), 'rel': (1, -2), 'buttons': (0, 0, 0), 'window': None})>
2019-07-18 09:17:35,319 - BDM-WAM 1563437846.0017154 - INFO - <Event(4-MouseMotion {'pos': (719, 420), 'rel': (0, -2), 'buttons': (0, 0, 0), 'window': None})>
2019-07-18 09:17:35,336 - BDM-WAM 1563437846.0017154 - INFO - <Event(4-MouseMotion {'pos': (716, 417), 'rel': (-3, -3), 'buttons': (0, 0, 0), 'window': None})>
2019-07-18 09:17:35,353 - BDM-WAM 1563437846.0017154 - INFO - <Event(4-MouseMotion {'pos': (711, 412), 'rel': (-5, -5), 'buttons': (0, 0, 0), 'window': None})>
2019-07-18 09:17:35,369 - BDM-WAM 1563437846.0017154 - INFO - <Event(4-MouseMotion {'pos': (705, 409), 'rel': (-6, -3), 'buttons': (0, 0, 0), 'window': None})>
2019-07-18 09:17:35,385 - BDM-WAM 1563437846.0017154 - INFO - <Event(4-MouseMotion {'pos': (700, 408), 'rel': (-5, -1), 'buttons': (0, 0, 0), 'window': None})>
2019-07-18 09:17:35,402 - BDM-WAM 1563437846.0017154 - INFO - <Event(4-MouseMotion {'pos': (698, 408), 'rel': (-2, 0), 'buttons': (0, 0, 0), 'window': None})>
2019-07-18 09:17:35,435 - BDM-WAM 1563437846.0017154 - INFO - <Event(5-MouseButtonDown {'pos': (698, 408), 'button': 1, 'window': None})>
2019-07-18 09:17:35,435 - BDM-WAM 1563437846.0017154 - INFO - <Event(9.2-Fake Miss {'pos': (698,408), 'window': None})>
2019-07-18 09:17:35,552 - BDM-WAM 1563437846.0017154 - INFO - <Event(6-MouseButtonUp {'pos': (698, 408), 'button': 1, 'window': None})>
2019-07-18 09:17:35,670 - BDM-WAM 1563437846.0017154 - INFO - <Event(4-MouseMotion {'pos': (697, 408), 'rel': (-1, 0), 'buttons': (0, 0, 0), 'window': None})>
2019-07-18 09:17:35,686 - BDM-WAM 1563437846.0017154 - INFO - <Event(4-MouseMotion {'pos': (693, 408), 'rel': (-4, 0), 'buttons': (0, 0, 0), 'window': None})>
2019-07-18 09:17:35,702 - BDM-WAM 1563437846.0017154 - INFO - <Event(4-MouseMotion {'pos': (685, 409), 'rel': (-8, 1), 'buttons': (0, 0, 0), 'window': None})>
2019-07-18 09:17:35,719 - BDM-WAM 1563437846.0017154 - INFO - <Event(4-MouseMotion {'pos': (673, 411), 'rel': (-12, 2), 'buttons': (0, 0, 0), 'window': None})>
2019-07-18 09:17:35,735 - BDM-WAM 1563437846.0017154 - INFO - <Event(4-MouseMotion {'pos': (658, 414), 'rel': (-15, 3), 'buttons': (0, 0, 0), 'window': None})>
2019-07-18 09:17:35,752 - BDM-WAM 1563437846.0017154 - INFO - <Event(4-MouseMotion {'pos': (640, 416), 'rel': (-18, 2), 'buttons': (0, 0, 0), 'window': None})>
2019-07-18 09:17:35,768 - BDM-WAM 1563437846.0017154 - INFO - <Event(4-MouseMotion {'pos': (624, 419), 'rel': (-16, 3), 'buttons': (0, 0, 0), 'window': None})>
2019-07-18 09:17:35,785 - BDM-WAM 1563437846.0017154 - INFO - <Event(4-MouseMotion {'pos': (604, 420), 'rel': (-20, 1), 'buttons': (0, 0, 0), 'window': None})>
2019-07-18 09:17:35,801 - BDM-WAM 1563437846.0017154 - INFO - <Event(4-MouseMotion {'pos': (586, 421), 'rel': (-18, 1), 'buttons': (0, 0, 0), 'window': None})>
2019-07-18 09:17:35,818 - BDM-WAM 1563437846.0017154 - INFO - <Event(4-MouseMotion {'pos': (570, 421), 'rel': (-16, 0), 'buttons': (0, 0, 0), 'window': None})>
2019-07-18 09:17:35,835 - BDM-WAM 1563437846.0017154 - INFO - <Event(4-MouseMotion {'pos': (555, 420), 'rel': (-15, -1), 'buttons': (0, 0, 0), 'window': None})>
2019-07-18 09:17:35,851 - BDM-WAM 1563437846.0017154 - INFO - <Event(4-MouseMotion {'pos': (545, 419), 'rel': (-10, -1), 'buttons': (0, 0, 0), 'window': None})>
2019-07-18 09:17:35,868 - BDM-WAM 1563437846.0017154 - INFO - <Event(4-MouseMotion {'pos': (537, 418), 'rel': (-8, -1), 'buttons': (0, 0, 0), 'window': None})>
2019-07-18 09:17:35,884 - BDM-WAM 1563437846.0017154 - INFO - <Event(4-MouseMotion {'pos': (531, 416), 'rel': (-6, -2), 'buttons': (0, 0, 0), 'window': None})>
2019-07-18 09:17:35,901 - BDM-WAM 1563437846.0017154 - INFO - <Event(4-MouseMotion {'pos': (524, 412), 'rel': (-7, -4), 'buttons': (0, 0, 0), 'window': None})>
2019-07-18 09:17:35,917 - BDM-WAM 1563437846.0017154 - INFO - <Event(4-MouseMotion {'pos': (517, 408), 'rel': (-7, -4), 'buttons': (0, 0, 0), 'window': None})>
2019-07-18 09:17:35,934 - BDM-WAM 1563437846.0017154 - INFO - <Event(4-MouseMotion {'pos': (506, 404), 'rel': (-11, -4), 'buttons': (0, 0, 0), 'window': None})>
2019-07-18 09:17:35,951 - BDM-WAM 1563437846.0017154 - INFO - <Event(4-MouseMotion {'pos': (492, 399), 'rel': (-14, -5), 'buttons': (0, 0, 0), 'window': None})>
2019-07-18 09:17:35,979 - BDM-WAM 1563437846.0017154 - INFO - <Event(4-MouseMotion {'pos': (471, 399), 'rel': (-21, 0), 'buttons': (0, 0, 0), 'window': None})>
2019-07-18 09:17:35,984 - BDM-WAM 1563437846.0017154 - INFO - <Event(4-MouseMotion {'pos': (467, 399), 'rel': (-4, 0), 'buttons': (0, 0, 0), 'window': None})>
2019-07-18 09:17:36,002 - BDM-WAM 1563437846.0017154 - INFO - <Event(4-MouseMotion {'pos': (450, 400), 'rel': (-17, 1), 'buttons': (0, 0, 0), 'window': None})>
2019-07-18 09:17:36,018 - BDM-WAM 1563437846.0017154 - INFO - <Event(4-MouseMotion {'pos': (432, 401), 'rel': (-18, 1), 'buttons': (0, 0, 0), 'window': None})>
2019-07-18 09:17:36,035 - BDM-WAM 1563437846.0017154 - INFO - <Event(4-MouseMotion {'pos': (417, 401), 'rel': (-15, 0), 'buttons': (0, 0, 0), 'window': None})>
2019-07-18 09:17:36,052 - BDM-WAM 1563437846.0017154 - INFO - <Event(4-MouseMotion {'pos': (406, 401), 'rel': (-11, 0), 'buttons': (0, 0, 0), 'window': None})>
2019-07-18 09:17:36,081 - BDM-WAM 1563437846.0017154 - INFO - <Event(4-MouseMotion {'pos': (400, 401), 'rel': (-6, 0), 'buttons': (0, 0, 0), 'window': None})>
2019-07-18 09:17:36,152 - BDM-WAM 1563437846.0017154 - INFO - <Event(4-MouseMotion {'pos': (403, 396), 'rel': (3, -5), 'buttons': (0, 0, 0), 'window': None})>
2019-07-18 09:17:36,169 - BDM-WAM 1563437846.0017154 - INFO - <Event(4-MouseMotion {'pos': (408, 389), 'rel': (5, -7), 'buttons': (0, 0, 0), 'window': None})>
2019-07-18 09:17:36,195 - BDM-WAM 1563437846.0017154 - INFO - <Event(4-MouseMotion {'pos': (413, 380), 'rel': (5, -9), 'buttons': (0, 0, 0), 'window': None})>
2019-07-18 09:17:36,207 - BDM-WAM 1563437846.0017154 - INFO - <Event(4-MouseMotion {'pos': (415, 377), 'rel': (2, -3), 'buttons': (0, 0, 0), 'window': None})>
2019-07-18 09:17:36,224 - BDM-WAM 1563437846.0017154 - INFO - <Event(4-MouseMotion {'pos': (420, 371), 'rel': (5, -6), 'buttons': (0, 0, 0), 'window': None})>
2019-07-18 09:17:36,241 - BDM-WAM 1563437846.0017154 - INFO - <Event(4-MouseMotion {'pos': (426, 364), 'rel': (6, -7), 'buttons': (0, 0, 0), 'window': None})>
2019-07-18 09:17:36,257 - BDM-WAM 1563437846.0017154 - INFO - <Event(4-MouseMotion {'pos': (431, 357), 'rel': (5, -7), 'buttons': (0, 0, 0), 'window': None})>
2019-07-18 09:17:36,274 - BDM-WAM 1563437846.0017154 - INFO - <Event(4-MouseMotion {'pos': (435, 351), 'rel': (4, -6), 'buttons': (0, 0, 0), 'window': None})>
2019-07-18 09:17:36,290 - BDM-WAM 1563437846.0017154 - INFO - <Event(4-MouseMotion {'pos': (437, 349), 'rel': (2, -2), 'buttons': (0, 0, 0), 'window': None})>
2019-07-18 09:17:36,306 - BDM-WAM 1563437846.0017154 - INFO - <Event(4-MouseMotion {'pos': (437, 348), 'rel': (0, -1), 'buttons': (0, 0, 0), 'window': None})>
2019-07-18 09:17:36,355 - BDM-WAM 1563437846.0017154 - INFO - <Event(4-MouseMotion {'pos': (437, 347), 'rel': (0, -1), 'buttons': (0, 0, 0), 'window': None})>
2019-07-18 09:17:36,372 - BDM-WAM 1563437846.0017154 - INFO - <Event(4-MouseMotion {'pos': (436, 347), 'rel': (-1, 0), 'buttons': (0, 0, 0), 'window': None})>
2019-07-18 09:17:36,390 - BDM-WAM 1563437846.0017154 - INFO - <Event(4-MouseMotion {'pos': (429, 347), 'rel': (-7, 0), 'buttons': (0, 0, 0), 'window': None})>
2019-07-18 09:17:36,408 - BDM-WAM 1563437846.0017154 - INFO - <Event(4-MouseMotion {'pos': (419, 347), 'rel': (-10, 0), 'buttons': (0, 0, 0), 'window': None})>
2019-07-18 09:17:36,424 - BDM-WAM 1563437846.0017154 - INFO - <Event(4-MouseMotion {'pos': (410, 347), 'rel': (-9, 0), 'buttons': (0, 0, 0), 'window': None})>
2019-07-18 09:17:36,440 - BDM-WAM 1563437846.0017154 - INFO - <Event(4-MouseMotion {'pos': (403, 348), 'rel': (-7, 1), 'buttons': (0, 0, 0), 'window': None})>
2019-07-18 09:17:36,457 - BDM-WAM 1563437846.0017154 - INFO - <Event(4-MouseMotion {'pos': (398, 348), 'rel': (-5, 0), 'buttons': (0, 0, 0), 'window': None})>
2019-07-18 09:17:36,474 - BDM-WAM 1563437846.0017154 - INFO - <Event(4-MouseMotion {'pos': (397, 348), 'rel': (-1, 0), 'buttons': (0, 0, 0), 'window': None})>
2019-07-18 09:17:36,539 - BDM-WAM 1563437846.0017154 - INFO - <Event(4-MouseMotion {'pos': (401, 348), 'rel': (4, 0), 'buttons': (0, 0, 0), 'window': None})>
2019-07-18 09:17:36,554 - BDM-WAM 1563437846.0017154 - INFO - <Event(4-MouseMotion {'pos': (407, 349), 'rel': (6, 1), 'buttons': (0, 0, 0), 'window': None})>
2019-07-18 09:17:36,571 - BDM-WAM 1563437846.0017154 - INFO - <Event(4-MouseMotion {'pos': (417, 350), 'rel': (10, 1), 'buttons': (0, 0, 0), 'window': None})>
2019-07-18 09:17:36,587 - BDM-WAM 1563437846.0017154 - INFO - <Event(4-MouseMotion {'pos': (431, 353), 'rel': (14, 3), 'buttons': (0, 0, 0), 'window': None})>
2019-07-18 09:17:36,604 - BDM-WAM 1563437846.0017154 - INFO - <Event(4-MouseMotion {'pos': (444, 355), 'rel': (13, 2), 'buttons': (0, 0, 0), 'window': None})>
2019-07-18 09:17:36,620 - BDM-WAM 1563437846.0017154 - INFO - <Event(4-MouseMotion {'pos': (454, 356), 'rel': (10, 1), 'buttons': (0, 0, 0), 'window': None})>
2019-07-18 09:17:36,636 - BDM-WAM 1563437846.0017154 - INFO - <Event(4-MouseMotion {'pos': (458, 356), 'rel': (4, 0), 'buttons': (0, 0, 0), 'window': None})>
2019-07-18 09:17:36,668 - BDM-WAM 1563437846.0017154 - INFO - <Event(4-MouseMotion {'pos': (458, 357), 'rel': (0, 1), 'buttons': (0, 0, 0), 'window': None})>
2019-07-18 09:17:36,685 - BDM-WAM 1563437846.0017154 - INFO - <Event(4-MouseMotion {'pos': (457, 359), 'rel': (-1, 2), 'buttons': (0, 0, 0), 'window': None})>
2019-07-18 09:17:36,712 - BDM-WAM 1563437846.0017154 - INFO - <Event(4-MouseMotion {'pos': (448, 366), 'rel': (-9, 7), 'buttons': (0, 0, 0), 'window': None})>
2019-07-18 09:17:36,718 - BDM-WAM 1563437846.0017154 - INFO - <Event(4-MouseMotion {'pos': (446, 367), 'rel': (-2, 1), 'buttons': (0, 0, 0), 'window': None})>
2019-07-18 09:17:36,734 - BDM-WAM 1563437846.0017154 - INFO - <Event(4-MouseMotion {'pos': (439, 375), 'rel': (-7, 8), 'buttons': (0, 0, 0), 'window': None})>
2019-07-18 09:17:36,751 - BDM-WAM 1563437846.0017154 - INFO - <Event(4-MouseMotion {'pos': (433, 382), 'rel': (-6, 7), 'buttons': (0, 0, 0), 'window': None})>
2019-07-18 09:17:36,767 - BDM-WAM 1563437846.0017154 - INFO - <Event(4-MouseMotion {'pos': (429, 388), 'rel': (-4, 6), 'buttons': (0, 0, 0), 'window': None})>
2019-07-18 09:17:36,784 - BDM-WAM 1563437846.0017154 - INFO - <Event(4-MouseMotion {'pos': (426, 394), 'rel': (-3, 6), 'buttons': (0, 0, 0), 'window': None})>
2019-07-18 09:17:36,800 - BDM-WAM 1563437846.0017154 - INFO - <Event(4-MouseMotion {'pos': (425, 397), 'rel': (-1, 3), 'buttons': (0, 0, 0), 'window': None})>
2019-07-18 09:17:36,866 - BDM-WAM 1563437846.0017154 - INFO - <Event(4-MouseMotion {'pos': (428, 394), 'rel': (3, -3), 'buttons': (0, 0, 0), 'window': None})>
2019-07-18 09:17:36,883 - BDM-WAM 1563437846.0017154 - INFO - <Event(4-MouseMotion {'pos': (433, 385), 'rel': (5, -9), 'buttons': (0, 0, 0), 'window': None})>
2019-07-18 09:17:36,900 - BDM-WAM 1563437846.0017154 - INFO - <Event(4-MouseMotion {'pos': (437, 374), 'rel': (4, -11), 'buttons': (0, 0, 0), 'window': None})>
2019-07-18 09:17:36,916 - BDM-WAM 1563437846.0017154 - INFO - <Event(4-MouseMotion {'pos': (439, 360), 'rel': (2, -14), 'buttons': (0, 0, 0), 'window': None})>
2019-07-18 09:17:36,943 - BDM-WAM 1563437846.0017154 - INFO - <Event(4-MouseMotion {'pos': (434, 349), 'rel': (-5, -11), 'buttons': (0, 0, 0), 'window': None})>
2019-07-18 09:17:36,949 - BDM-WAM 1563437846.0017154 - INFO - <Event(4-MouseMotion {'pos': (432, 348), 'rel': (-2, -1), 'buttons': (0, 0, 0), 'window': None})>
2019-07-18 09:17:36,965 - BDM-WAM 1563437846.0017154 - INFO - <Event(4-MouseMotion {'pos': (421, 348), 'rel': (-11, 0), 'buttons': (0, 0, 0), 'window': None})>
2019-07-18 09:17:36,981 - BDM-WAM 1563437846.0017154 - INFO - <Event(4-MouseMotion {'pos': (399, 350), 'rel': (-22, 2), 'buttons': (0, 0, 0), 'window': None})>
2019-07-18 09:17:36,997 - BDM-WAM 1563437846.0017154 - INFO - <Event(4-MouseMotion {'pos': (364, 358), 'rel': (-35, 8), 'buttons': (0, 0, 0), 'window': None})>
2019-07-18 09:17:37,013 - BDM-WAM 1563437846.0017154 - INFO - <Event(4-MouseMotion {'pos': (318, 372), 'rel': (-46, 14), 'buttons': (0, 0, 0), 'window': None})>
2019-07-18 09:17:37,029 - BDM-WAM 1563437846.0017154 - INFO - <Event(4-MouseMotion {'pos': (271, 388), 'rel': (-47, 16), 'buttons': (0, 0, 0), 'window': None})>
2019-07-18 09:17:37,045 - BDM-WAM 1563437846.0017154 - INFO - <Event(4-MouseMotion {'pos': (226, 403), 'rel': (-45, 15), 'buttons': (0, 0, 0), 'window': None})>
2019-07-18 09:17:37,062 - BDM-WAM 1563437846.0017154 - INFO - <Event(4-MouseMotion {'pos': (191, 415), 'rel': (-35, 12), 'buttons': (0, 0, 0), 'window': None})>
2019-07-18 09:17:37,079 - BDM-WAM 1563437846.0017154 - INFO - <Event(4-MouseMotion {'pos': (166, 426), 'rel': (-25, 11), 'buttons': (0, 0, 0), 'window': None})>
2019-07-18 09:17:37,096 - BDM-WAM 1563437846.0017154 - INFO - <Event(4-MouseMotion {'pos': (153, 435), 'rel': (-13, 9), 'buttons': (0, 0, 0), 'window': None})>
2019-07-18 09:17:37,114 - BDM-WAM 1563437846.0017154 - INFO - <Event(4-MouseMotion {'pos': (148, 440), 'rel': (-5, 5), 'buttons': (0, 0, 0), 'window': None})>
2019-07-18 09:17:37,131 - BDM-WAM 1563437846.0017154 - INFO - <Event(4-MouseMotion {'pos': (146, 443), 'rel': (-2, 3), 'buttons': (0, 0, 0), 'window': None})>
2019-07-18 09:17:37,147 - BDM-WAM 1563437846.0017154 - INFO - <Event(4-MouseMotion {'pos': (146, 444), 'rel': (0, 1), 'buttons': (0, 0, 0), 'window': None})>
2019-07-18 09:17:37,246 - BDM-WAM 1563437846.0017154 - INFO - <Event(4-MouseMotion {'pos': (145, 444), 'rel': (-1, 0), 'buttons': (0, 0, 0), 'window': None})>
2019-07-18 09:17:37,263 - BDM-WAM 1563437846.0017154 - INFO - <Event(4-MouseMotion {'pos': (145, 443), 'rel': (0, -1), 'buttons': (0, 0, 0), 'window': None})>
2019-07-18 09:17:37,280 - BDM-WAM 1563437846.0017154 - INFO - <Event(4-MouseMotion {'pos': (145, 441), 'rel': (0, -2), 'buttons': (0, 0, 0), 'window': None})>
2019-07-18 09:17:37,296 - BDM-WAM 1563437846.0017154 - INFO - <Event(4-MouseMotion {'pos': (146, 438), 'rel': (1, -3), 'buttons': (0, 0, 0), 'window': None})>
2019-07-18 09:17:37,312 - BDM-WAM 1563437846.0017154 - INFO - <Event(4-MouseMotion {'pos': (147, 434), 'rel': (1, -4), 'buttons': (0, 0, 0), 'window': None})>
2019-07-18 09:17:37,328 - BDM-WAM 1563437846.0017154 - INFO - <Event(4-MouseMotion {'pos': (150, 428), 'rel': (3, -6), 'buttons': (0, 0, 0), 'window': None})>
2019-07-18 09:17:37,344 - BDM-WAM 1563437846.0017154 - INFO - <Event(4-MouseMotion {'pos': (153, 423), 'rel': (3, -5), 'buttons': (0, 0, 0), 'window': None})>
2019-07-18 09:17:37,361 - BDM-WAM 1563437846.0017154 - INFO - <Event(4-MouseMotion {'pos': (156, 416), 'rel': (3, -7), 'buttons': (0, 0, 0), 'window': None})>
2019-07-18 09:17:37,378 - BDM-WAM 1563437846.0017154 - INFO - <Event(4-MouseMotion {'pos': (159, 412), 'rel': (3, -4), 'buttons': (0, 0, 0), 'window': None})>
2019-07-18 09:17:37,395 - BDM-WAM 1563437846.0017154 - INFO - <Event(5-MouseButtonDown {'pos': (160, 410), 'button': 1, 'window': None})>
2019-07-18 09:17:37,395 - BDM-WAM 1563437846.0017154 - INFO - <Event(9.2-Fake Miss {'pos': (161,409), 'window': None})>
2019-07-18 09:17:37,395 - BDM-WAM 1563437846.0017154 - INFO - <Event(4-MouseMotion {'pos': (161, 409), 'rel': (1, -1), 'buttons': (1, 0, 0), 'window': None})>
2019-07-18 09:17:37,411 - BDM-WAM 1563437846.0017154 - INFO - <Event(4-MouseMotion {'pos': (161, 408), 'rel': (0, -1), 'buttons': (1, 0, 0), 'window': None})>
2019-07-18 09:17:37,526 - BDM-WAM 1563437846.0017154 - INFO - <Event(6-MouseButtonUp {'pos': (161, 408), 'button': 1, 'window': None})>
2019-07-18 09:17:37,643 - BDM-WAM 1563437846.0017154 - INFO - <Event(4-MouseMotion {'pos': (164, 408), 'rel': (3, 0), 'buttons': (0, 0, 0), 'window': None})>
2019-07-18 09:17:37,659 - BDM-WAM 1563437846.0017154 - INFO - <Event(4-MouseMotion {'pos': (170, 408), 'rel': (6, 0), 'buttons': (0, 0, 0), 'window': None})>
2019-07-18 09:17:37,677 - BDM-WAM 1563437846.0017154 - INFO - <Event(4-MouseMotion {'pos': (184, 408), 'rel': (14, 0), 'buttons': (0, 0, 0), 'window': None})>
2019-07-18 09:17:37,693 - BDM-WAM 1563437846.0017154 - INFO - <Event(4-MouseMotion {'pos': (202, 409), 'rel': (18, 1), 'buttons': (0, 0, 0), 'window': None})>
2019-07-18 09:17:37,710 - BDM-WAM 1563437846.0017154 - INFO - <Event(4-MouseMotion {'pos': (218, 409), 'rel': (16, 0), 'buttons': (0, 0, 0), 'window': None})>
2019-07-18 09:17:37,726 - BDM-WAM 1563437846.0017154 - INFO - <Event(4-MouseMotion {'pos': (232, 409), 'rel': (14, 0), 'buttons': (0, 0, 0), 'window': None})>
2019-07-18 09:17:37,744 - BDM-WAM 1563437846.0017154 - INFO - <Event(4-MouseMotion {'pos': (245, 410), 'rel': (13, 1), 'buttons': (0, 0, 0), 'window': None})>
2019-07-18 09:17:37,760 - BDM-WAM 1563437846.0017154 - INFO - <Event(4-MouseMotion {'pos': (256, 414), 'rel': (11, 4), 'buttons': (0, 0, 0), 'window': None})>
2019-07-18 09:17:37,777 - BDM-WAM 1563437846.0017154 - INFO - <Event(4-MouseMotion {'pos': (268, 420), 'rel': (12, 6), 'buttons': (0, 0, 0), 'window': None})>
2019-07-18 09:17:38,008 - BDM-WAM 1563437846.0017154 - INFO - <Event(4-MouseMotion {'pos': (274, 413), 'rel': (6, -7), 'buttons': (0, 0, 0), 'window': None})>
2019-07-18 09:17:38,025 - BDM-WAM 1563437846.0017154 - INFO - <Event(4-MouseMotion {'pos': (281, 403), 'rel': (7, -10), 'buttons': (0, 0, 0), 'window': None})>
2019-07-18 09:17:38,041 - BDM-WAM 1563437846.0017154 - INFO - <Event(4-MouseMotion {'pos': (286, 396), 'rel': (5, -7), 'buttons': (0, 0, 0), 'window': None})>
2019-07-18 09:17:38,069 - BDM-WAM 1563437846.0017154 - INFO - <Event(4-MouseMotion {'pos': (301, 378), 'rel': (15, -18), 'buttons': (0, 0, 0), 'window': None})>
2019-07-18 09:17:38,076 - BDM-WAM 1563437846.0017154 - INFO - <Event(4-MouseMotion {'pos': (304, 373), 'rel': (3, -5), 'buttons': (0, 0, 0), 'window': None})>
2019-07-18 09:17:38,092 - BDM-WAM 1563437846.0017154 - INFO - <Event(4-MouseMotion {'pos': (314, 360), 'rel': (10, -13), 'buttons': (0, 0, 0), 'window': None})>
2019-07-18 09:17:38,109 - BDM-WAM 1563437846.0017154 - INFO - <Event(4-MouseMotion {'pos': (322, 346), 'rel': (8, -14), 'buttons': (0, 0, 0), 'window': None})>
2019-07-18 09:17:38,124 - BDM-WAM 1563437846.0017154 - INFO - <Event(4-MouseMotion {'pos': (330, 335), 'rel': (8, -11), 'buttons': (0, 0, 0), 'window': None})>
2019-07-18 09:17:38,141 - BDM-WAM 1563437846.0017154 - INFO - <Event(4-MouseMotion {'pos': (335, 326), 'rel': (5, -9), 'buttons': (0, 0, 0), 'window': None})>
2019-07-18 09:17:38,157 - BDM-WAM 1563437846.0017154 - INFO - <Event(4-MouseMotion {'pos': (342, 315), 'rel': (7, -11), 'buttons': (0, 0, 0), 'window': None})>
2019-07-18 09:17:38,187 - BDM-WAM 1563437846.0017154 - INFO - <Event(4-MouseMotion {'pos': (349, 296), 'rel': (7, -19), 'buttons': (0, 0, 0), 'window': None})>
2019-07-18 09:17:38,198 - BDM-WAM 1563437846.0017154 - INFO - <Event(4-MouseMotion {'pos': (351, 291), 'rel': (2, -5), 'buttons': (0, 0, 0), 'window': None})>
2019-07-18 09:17:38,214 - BDM-WAM 1563437846.0017154 - INFO - <Event(4-MouseMotion {'pos': (353, 285), 'rel': (2, -6), 'buttons': (0, 0, 0), 'window': None})>
2019-07-18 09:17:38,232 - BDM-WAM 1563437846.0017154 - INFO - <Event(4-MouseMotion {'pos': (354, 279), 'rel': (1, -6), 'buttons': (0, 0, 0), 'window': None})>
2019-07-18 09:17:38,249 - BDM-WAM 1563437846.0017154 - INFO - <Event(4-MouseMotion {'pos': (355, 275), 'rel': (1, -4), 'buttons': (0, 0, 0), 'window': None})>
2019-07-18 09:17:38,266 - BDM-WAM 1563437846.0017154 - INFO - <Event(4-MouseMotion {'pos': (355, 271), 'rel': (0, -4), 'buttons': (0, 0, 0), 'window': None})>
2019-07-18 09:17:38,283 - BDM-WAM 1563437846.0017154 - INFO - <Event(4-MouseMotion {'pos': (357, 269), 'rel': (2, -2), 'buttons': (0, 0, 0), 'window': None})>
2019-07-18 09:17:38,300 - BDM-WAM 1563437846.0017154 - INFO - <Event(4-MouseMotion {'pos': (358, 267), 'rel': (1, -2), 'buttons': (0, 0, 0), 'window': None})>
2019-07-18 09:17:38,316 - BDM-WAM 1563437846.0017154 - INFO - <Event(4-MouseMotion {'pos': (360, 266), 'rel': (2, -1), 'buttons': (0, 0, 0), 'window': None})>
2019-07-18 09:17:38,333 - BDM-WAM 1563437846.0017154 - INFO - <Event(4-MouseMotion {'pos': (363, 263), 'rel': (3, -3), 'buttons': (0, 0, 0), 'window': None})>
2019-07-18 09:17:38,350 - BDM-WAM 1563437846.0017154 - INFO - <Event(4-MouseMotion {'pos': (366, 262), 'rel': (3, -1), 'buttons': (0, 0, 0), 'window': None})>
2019-07-18 09:17:38,367 - BDM-WAM 1563437846.0017154 - INFO - <Event(4-MouseMotion {'pos': (370, 259), 'rel': (4, -3), 'buttons': (0, 0, 0), 'window': None})>
2019-07-18 09:17:38,383 - BDM-WAM 1563437846.0017154 - INFO - <Event(4-MouseMotion {'pos': (375, 257), 'rel': (5, -2), 'buttons': (0, 0, 0), 'window': None})>
2019-07-18 09:17:38,399 - BDM-WAM 1563437846.0017154 - INFO - <Event(4-MouseMotion {'pos': (381, 255), 'rel': (6, -2), 'buttons': (0, 0, 0), 'window': None})>
2019-07-18 09:17:38,416 - BDM-WAM 1563437846.0017154 - INFO - <Event(4-MouseMotion {'pos': (387, 253), 'rel': (6, -2), 'buttons': (0, 0, 0), 'window': None})>
2019-07-18 09:17:38,433 - BDM-WAM 1563437846.0017154 - INFO - <Event(4-MouseMotion {'pos': (390, 252), 'rel': (3, -1), 'buttons': (0, 0, 0), 'window': None})>
2019-07-18 09:17:38,449 - BDM-WAM 1563437846.0017154 - INFO - <Event(4-MouseMotion {'pos': (392, 252), 'rel': (2, 0), 'buttons': (0, 0, 0), 'window': None})>
2019-07-18 09:17:38,529 - BDM-WAM 1563437846.0017154 - INFO - <Event(4-MouseMotion {'pos': (390, 251), 'rel': (-2, -1), 'buttons': (0, 0, 0), 'window': None})>
2019-07-18 09:17:38,546 - BDM-WAM 1563437846.0017154 - INFO - <Event(4-MouseMotion {'pos': (383, 251), 'rel': (-7, 0), 'buttons': (0, 0, 0), 'window': None})>
2019-07-18 09:17:38,563 - BDM-WAM 1563437846.0017154 - INFO - <Event(4-MouseMotion {'pos': (367, 249), 'rel': (-16, -2), 'buttons': (0, 0, 0), 'window': None})>
2019-07-18 09:17:38,579 - BDM-WAM 1563437846.0017154 - INFO - <Event(4-MouseMotion {'pos': (348, 246), 'rel': (-19, -3), 'buttons': (0, 0, 0), 'window': None})>
2019-07-18 09:17:38,595 - BDM-WAM 1563437846.0017154 - INFO - <Event(4-MouseMotion {'pos': (328, 243), 'rel': (-20, -3), 'buttons': (0, 0, 0), 'window': None})>
2019-07-18 09:17:38,613 - BDM-WAM 1563437846.0017154 - INFO - <Event(4-MouseMotion {'pos': (300, 241), 'rel': (-28, -2), 'buttons': (0, 0, 0), 'window': None})>
2019-07-18 09:17:38,629 - BDM-WAM 1563437846.0017154 - INFO - <Event(4-MouseMotion {'pos': (274, 240), 'rel': (-26, -1), 'buttons': (0, 0, 0), 'window': None})>
2019-07-18 09:17:38,645 - BDM-WAM 1563437846.0017154 - INFO - <Event(4-MouseMotion {'pos': (260, 239), 'rel': (-14, -1), 'buttons': (0, 0, 0), 'window': None})>
2019-07-18 09:17:38,661 - BDM-WAM 1563437846.0017154 - INFO - <Event(4-MouseMotion {'pos': (253, 239), 'rel': (-7, 0), 'buttons': (0, 0, 0), 'window': None})>
2019-07-18 09:17:38,696 - BDM-WAM 1563437846.0017154 - INFO - <Event(4-MouseMotion {'pos': (251, 239), 'rel': (-2, 0), 'buttons': (0, 0, 0), 'window': None})>
2019-07-18 09:17:38,745 - BDM-WAM 1563437846.0017154 - INFO - <Event(4-MouseMotion {'pos': (251, 238), 'rel': (0, -1), 'buttons': (0, 0, 0), 'window': None})>
2019-07-18 09:17:38,796 - BDM-WAM 1563437846.0017154 - INFO - <Event(4-MouseMotion {'pos': (252, 238), 'rel': (1, 0), 'buttons': (0, 0, 0), 'window': None})>
2019-07-18 09:17:38,812 - BDM-WAM 1563437846.0017154 - INFO - <Event(4-MouseMotion {'pos': (254, 240), 'rel': (2, 2), 'buttons': (0, 0, 0), 'window': None})>
2019-07-18 09:17:38,828 - BDM-WAM 1563437846.0017154 - INFO - <Event(4-MouseMotion {'pos': (259, 245), 'rel': (5, 5), 'buttons': (0, 0, 0), 'window': None})>
2019-07-18 09:17:38,845 - BDM-WAM 1563437846.0017154 - INFO - <Event(4-MouseMotion {'pos': (265, 249), 'rel': (6, 4), 'buttons': (0, 0, 0), 'window': None})>
2019-07-18 09:17:38,862 - BDM-WAM 1563437846.0017154 - INFO - <Event(4-MouseMotion {'pos': (270, 251), 'rel': (5, 2), 'buttons': (0, 0, 0), 'window': None})>
2019-07-18 09:17:38,879 - BDM-WAM 1563437846.0017154 - INFO - <Event(4-MouseMotion {'pos': (271, 252), 'rel': (1, 1), 'buttons': (0, 0, 0), 'window': None})>
2019-07-18 09:17:38,913 - BDM-WAM 1563437846.0017154 - INFO - <Event(4-MouseMotion {'pos': (272, 252), 'rel': (1, 0), 'buttons': (0, 0, 0), 'window': None})>
2019-07-18 09:17:38,929 - BDM-WAM 1563437846.0017154 - INFO - <Event(4-MouseMotion {'pos': (274, 252), 'rel': (2, 0), 'buttons': (0, 0, 0), 'window': None})>
2019-07-18 09:17:38,945 - BDM-WAM 1563437846.0017154 - INFO - <Event(4-MouseMotion {'pos': (277, 252), 'rel': (3, 0), 'buttons': (0, 0, 0), 'window': None})>
2019-07-18 09:17:38,962 - BDM-WAM 1563437846.0017154 - INFO - <Event(4-MouseMotion {'pos': (283, 254), 'rel': (6, 2), 'buttons': (0, 0, 0), 'window': None})>
2019-07-18 09:17:38,979 - BDM-WAM 1563437846.0017154 - INFO - <Event(4-MouseMotion {'pos': (298, 266), 'rel': (15, 12), 'buttons': (0, 0, 0), 'window': None})>
2019-07-18 09:17:38,995 - BDM-WAM 1563437846.0017154 - INFO - <Event(4-MouseMotion {'pos': (325, 293), 'rel': (27, 27), 'buttons': (0, 0, 0), 'window': None})>
2019-07-18 09:17:39,011 - BDM-WAM 1563437846.0017154 - INFO - <Event(4-MouseMotion {'pos': (355, 326), 'rel': (30, 33), 'buttons': (0, 0, 0), 'window': None})>
2019-07-18 09:17:39,028 - BDM-WAM 1563437846.0017154 - INFO - <Event(4-MouseMotion {'pos': (382, 360), 'rel': (27, 34), 'buttons': (0, 0, 0), 'window': None})>
2019-07-18 09:17:39,044 - BDM-WAM 1563437846.0017154 - INFO - <Event(4-MouseMotion {'pos': (406, 395), 'rel': (24, 35), 'buttons': (0, 0, 0), 'window': None})>
2019-07-18 09:17:39,061 - BDM-WAM 1563437846.0017154 - INFO - <Event(4-MouseMotion {'pos': (424, 421), 'rel': (18, 26), 'buttons': (0, 0, 0), 'window': None})>
2019-07-18 09:17:39,078 - BDM-WAM 1563437846.0017154 - INFO - <Event(4-MouseMotion {'pos': (438, 441), 'rel': (14, 20), 'buttons': (0, 0, 0), 'window': None})>
2019-07-18 09:17:39,095 - BDM-WAM 1563437846.0017154 - INFO - <Event(4-MouseMotion {'pos': (447, 453), 'rel': (9, 12), 'buttons': (0, 0, 0), 'window': None})>
2019-07-18 09:17:39,112 - BDM-WAM 1563437846.0017154 - INFO - <Event(4-MouseMotion {'pos': (451, 458), 'rel': (4, 5), 'buttons': (0, 0, 0), 'window': None})>
2019-07-18 09:17:39,128 - BDM-WAM 1563437846.0017154 - INFO - <Event(4-MouseMotion {'pos': (451, 459), 'rel': (0, 1), 'buttons': (0, 0, 0), 'window': None})>
2019-07-18 09:17:39,194 - BDM-WAM 1563437846.0017154 - INFO - <Event(4-MouseMotion {'pos': (451, 460), 'rel': (0, 1), 'buttons': (0, 0, 0), 'window': None})>
2019-07-18 09:17:39,210 - BDM-WAM 1563437846.0017154 - INFO - <Event(4-MouseMotion {'pos': (449, 463), 'rel': (-2, 3), 'buttons': (0, 0, 0), 'window': None})>
2019-07-18 09:17:39,227 - BDM-WAM 1563437846.0017154 - INFO - <Event(4-MouseMotion {'pos': (445, 468), 'rel': (-4, 5), 'buttons': (0, 0, 0), 'window': None})>
2019-07-18 09:17:39,243 - BDM-WAM 1563437846.0017154 - INFO - <Event(4-MouseMotion {'pos': (440, 473), 'rel': (-5, 5), 'buttons': (0, 0, 0), 'window': None})>
2019-07-18 09:17:39,260 - BDM-WAM 1563437846.0017154 - INFO - <Event(4-MouseMotion {'pos': (436, 475), 'rel': (-4, 2), 'buttons': (0, 0, 0), 'window': None})>
2019-07-18 09:17:39,276 - BDM-WAM 1563437846.0017154 - INFO - <Event(4-MouseMotion {'pos': (432, 479), 'rel': (-4, 4), 'buttons': (0, 0, 0), 'window': None})>
2019-07-18 09:17:39,293 - BDM-WAM 1563437846.0017154 - INFO - <Event(4-MouseMotion {'pos': (429, 485), 'rel': (-3, 6), 'buttons': (0, 0, 0), 'window': None})>
2019-07-18 09:17:39,309 - BDM-WAM 1563437846.0017154 - INFO - <Event(4-MouseMotion {'pos': (428, 494), 'rel': (-1, 9), 'buttons': (0, 0, 0), 'window': None})>
2019-07-18 09:17:39,325 - BDM-WAM 1563437846.0017154 - INFO - <Event(4-MouseMotion {'pos': (428, 504), 'rel': (0, 10), 'buttons': (0, 0, 0), 'window': None})>
2019-07-18 09:17:39,340 - BDM-WAM 1563437846.0017154 - INFO - <Event(4-MouseMotion {'pos': (430, 511), 'rel': (2, 7), 'buttons': (0, 0, 0), 'window': None})>
2019-07-18 09:17:39,357 - BDM-WAM 1563437846.0017154 - INFO - <Event(4-MouseMotion {'pos': (432, 514), 'rel': (2, 3), 'buttons': (0, 0, 0), 'window': None})>
2019-07-18 09:17:39,373 - BDM-WAM 1563437846.0017154 - INFO - <Event(4-MouseMotion {'pos': (433, 514), 'rel': (1, 0), 'buttons': (0, 0, 0), 'window': None})>
2019-07-18 09:17:39,406 - BDM-WAM 1563437846.0017154 - INFO - <Event(5-MouseButtonDown {'pos': (433, 514), 'button': 1, 'window': None})>
2019-07-18 09:17:39,407 - BDM-WAM 1563437846.0017154 - INFO - <Event(9.2-Fake Miss {'pos': (433,514), 'window': None})>
2019-07-18 09:17:39,537 - BDM-WAM 1563437846.0017154 - INFO - <Event(6-MouseButtonUp {'pos': (433, 514), 'button': 1, 'window': None})>
2019-07-18 09:17:39,636 - BDM-WAM 1563437846.0017154 - INFO - <Event(4-MouseMotion {'pos': (434, 514), 'rel': (1, 0), 'buttons': (0, 0, 0), 'window': None})>
2019-07-18 09:17:39,653 - BDM-WAM 1563437846.0017154 - INFO - <Event(4-MouseMotion {'pos': (435, 514), 'rel': (1, 0), 'buttons': (0, 0, 0), 'window': None})>
2019-07-18 09:17:39,669 - BDM-WAM 1563437846.0017154 - INFO - <Event(4-MouseMotion {'pos': (439, 515), 'rel': (4, 1), 'buttons': (0, 0, 0), 'window': None})>
2019-07-18 09:17:39,685 - BDM-WAM 1563437846.0017154 - INFO - <Event(4-MouseMotion {'pos': (448, 517), 'rel': (9, 2), 'buttons': (0, 0, 0), 'window': None})>
2019-07-18 09:17:39,701 - BDM-WAM 1563437846.0017154 - INFO - <Event(4-MouseMotion {'pos': (459, 518), 'rel': (11, 1), 'buttons': (0, 0, 0), 'window': None})>
2019-07-18 09:17:39,718 - BDM-WAM 1563437846.0017154 - INFO - <Event(4-MouseMotion {'pos': (471, 519), 'rel': (12, 1), 'buttons': (0, 0, 0), 'window': None})>
2019-07-18 09:17:39,734 - BDM-WAM 1563437846.0017154 - INFO - <Event(4-MouseMotion {'pos': (481, 519), 'rel': (10, 0), 'buttons': (0, 0, 0), 'window': None})>
2019-07-18 09:17:39,751 - BDM-WAM 1563437846.0017154 - INFO - <Event(4-MouseMotion {'pos': (485, 520), 'rel': (4, 1), 'buttons': (0, 0, 0), 'window': None})>
2019-07-18 09:17:39,768 - BDM-WAM 1563437846.0017154 - INFO - <Event(4-MouseMotion {'pos': (487, 520), 'rel': (2, 0), 'buttons': (0, 0, 0), 'window': None})>
2019-07-18 09:17:39,800 - BDM-WAM 1563437846.0017154 - INFO - <Event(5-MouseButtonDown {'pos': (487, 520), 'button': 1, 'window': None})>
2019-07-18 09:17:39,801 - BDM-WAM 1563437846.0017154 - INFO - <Event(9.1-True Hit {'pos': (487,520), 'window': None})>
2019-07-18 09:17:39,883 - BDM-WAM 1563437846.0017154 - INFO - <Event(4-MouseMotion {'pos': (487, 521), 'rel': (0, 1), 'buttons': (1, 0, 0), 'window': None})>
2019-07-18 09:17:39,899 - BDM-WAM 1563437846.0017154 - INFO - <Event(4-MouseMotion {'pos': (484, 521), 'rel': (-3, 0), 'buttons': (1, 0, 0), 'window': None})>
2019-07-18 09:17:39,917 - BDM-WAM 1563437846.0017154 - INFO - <Event(6-MouseButtonUp {'pos': (479, 522), 'button': 1, 'window': None})>
2019-07-18 09:17:39,917 - BDM-WAM 1563437846.0017154 - INFO - <Event(4-MouseMotion {'pos': (478, 522), 'rel': (-1, 0), 'buttons': (0, 0, 0), 'window': None})>
2019-07-18 09:17:39,933 - BDM-WAM 1563437846.0017154 - INFO - <Event(4-MouseMotion {'pos': (472, 523), 'rel': (-6, 1), 'buttons': (0, 0, 0), 'window': None})>
2019-07-18 09:17:39,949 - BDM-WAM 1563437846.0017154 - INFO - <Event(4-MouseMotion {'pos': (465, 524), 'rel': (-7, 1), 'buttons': (0, 0, 0), 'window': None})>
2019-07-18 09:17:39,965 - BDM-WAM 1563437846.0017154 - INFO - <Event(4-MouseMotion {'pos': (459, 524), 'rel': (-6, 0), 'buttons': (0, 0, 0), 'window': None})>
2019-07-18 09:17:39,981 - BDM-WAM 1563437846.0017154 - INFO - <Event(4-MouseMotion {'pos': (455, 524), 'rel': (-4, 0), 'buttons': (0, 0, 0), 'window': None})>
2019-07-18 09:17:39,997 - BDM-WAM 1563437846.0017154 - INFO - <Event(4-MouseMotion {'pos': (452, 524), 'rel': (-3, 0), 'buttons': (0, 0, 0), 'window': None})>
2019-07-18 09:17:40,013 - BDM-WAM 1563437846.0017154 - INFO - <Event(4-MouseMotion {'pos': (450, 524), 'rel': (-2, 0), 'buttons': (0, 0, 0), 'window': None})>
2019-07-18 09:17:40,141 - BDM-WAM 1563437846.0017154 - INFO - <Event(4-MouseMotion {'pos': (450, 523), 'rel': (0, -1), 'buttons': (0, 0, 0), 'window': None})>
2019-07-18 09:17:40,162 - BDM-WAM 1563437846.0017154 - INFO - <Event(4-MouseMotion {'pos': (448, 522), 'rel': (-2, -1), 'buttons': (0, 0, 0), 'window': None})>
2019-07-18 09:17:40,179 - BDM-WAM 1563437846.0017154 - INFO - <Event(4-MouseMotion {'pos': (447, 520), 'rel': (-1, -2), 'buttons': (0, 0, 0), 'window': None})>
2019-07-18 09:17:40,196 - BDM-WAM 1563437846.0017154 - INFO - <Event(4-MouseMotion {'pos': (446, 517), 'rel': (-1, -3), 'buttons': (0, 0, 0), 'window': None})>
2019-07-18 09:17:40,212 - BDM-WAM 1563437846.0017154 - INFO - <Event(4-MouseMotion {'pos': (446, 512), 'rel': (0, -5), 'buttons': (0, 0, 0), 'window': None})>
2019-07-18 09:17:40,229 - BDM-WAM 1563437846.0017154 - INFO - <Event(4-MouseMotion {'pos': (448, 505), 'rel': (2, -7), 'buttons': (0, 0, 0), 'window': None})>
2019-07-18 09:17:40,257 - BDM-WAM 1563437846.0017154 - INFO - <Event(4-MouseMotion {'pos': (457, 483), 'rel': (9, -22), 'buttons': (0, 0, 0), 'window': None})>
2019-07-18 09:17:40,282 - BDM-WAM 1563437846.0017154 - INFO - <Event(4-MouseMotion {'pos': (471, 456), 'rel': (14, -27), 'buttons': (0, 0, 0), 'window': None})>
2019-07-18 09:17:40,298 - BDM-WAM 1563437846.0017154 - INFO - <Event(4-MouseMotion {'pos': (483, 437), 'rel': (12, -19), 'buttons': (0, 0, 0), 'window': None})>
2019-07-18 09:17:40,314 - BDM-WAM 1563437846.0017154 - INFO - <Event(4-MouseMotion {'pos': (495, 418), 'rel': (12, -19), 'buttons': (0, 0, 0), 'window': None})>
2019-07-18 09:17:40,330 - BDM-WAM 1563437846.0017154 - INFO - <Event(4-MouseMotion {'pos': (505, 404), 'rel': (10, -14), 'buttons': (0, 0, 0), 'window': None})>
2019-07-18 09:17:40,346 - BDM-WAM 1563437846.0017154 - INFO - <Event(4-MouseMotion {'pos': (515, 388), 'rel': (10, -16), 'buttons': (0, 0, 0), 'window': None})>
2019-07-18 09:17:40,362 - BDM-WAM 1563437846.0017154 - INFO - <Event(4-MouseMotion {'pos': (520, 378), 'rel': (5, -10), 'buttons': (0, 0, 0), 'window': None})>
2019-07-18 09:17:40,379 - BDM-WAM 1563437846.0017154 - INFO - <Event(4-MouseMotion {'pos': (524, 365), 'rel': (4, -13), 'buttons': (0, 0, 0), 'window': None})>
2019-07-18 09:17:40,396 - BDM-WAM 1563437846.0017154 - INFO - <Event(4-MouseMotion {'pos': (527, 353), 'rel': (3, -12), 'buttons': (0, 0, 0), 'window': None})>
2019-07-18 09:17:40,412 - BDM-WAM 1563437846.0017154 - INFO - <Event(4-MouseMotion {'pos': (529, 343), 'rel': (2, -10), 'buttons': (0, 0, 0), 'window': None})>
2019-07-18 09:17:40,428 - BDM-WAM 1563437846.0017154 - INFO - <Event(4-MouseMotion {'pos': (532, 332), 'rel': (3, -11), 'buttons': (0, 0, 0), 'window': None})>
2019-07-18 09:17:40,444 - BDM-WAM 1563437846.0017154 - INFO - <Event(4-MouseMotion {'pos': (534, 324), 'rel': (2, -8), 'buttons': (0, 0, 0), 'window': None})>
2019-07-18 09:17:40,461 - BDM-WAM 1563437846.0017154 - INFO - <Event(4-MouseMotion {'pos': (535, 317), 'rel': (1, -7), 'buttons': (0, 0, 0), 'window': None})>
2019-07-18 09:17:40,478 - BDM-WAM 1563437846.0017154 - INFO - <Event(4-MouseMotion {'pos': (536, 311), 'rel': (1, -6), 'buttons': (0, 0, 0), 'window': None})>
2019-07-18 09:17:40,496 - BDM-WAM 1563437846.0017154 - INFO - <Event(4-MouseMotion {'pos': (536, 306), 'rel': (0, -5), 'buttons': (0, 0, 0), 'window': None})>
2019-07-18 09:17:40,512 - BDM-WAM 1563437846.0017154 - INFO - <Event(4-MouseMotion {'pos': (536, 301), 'rel': (0, -5), 'buttons': (0, 0, 0), 'window': None})>
2019-07-18 09:17:40,529 - BDM-WAM 1563437846.0017154 - INFO - <Event(4-MouseMotion {'pos': (536, 297), 'rel': (0, -4), 'buttons': (0, 0, 0), 'window': None})>
2019-07-18 09:17:40,546 - BDM-WAM 1563437846.0017154 - INFO - <Event(4-MouseMotion {'pos': (538, 292), 'rel': (2, -5), 'buttons': (0, 0, 0), 'window': None})>
2019-07-18 09:17:40,563 - BDM-WAM 1563437846.0017154 - INFO - <Event(4-MouseMotion {'pos': (539, 287), 'rel': (1, -5), 'buttons': (0, 0, 0), 'window': None})>
2019-07-18 09:17:40,579 - BDM-WAM 1563437846.0017154 - INFO - <Event(4-MouseMotion {'pos': (540, 284), 'rel': (1, -3), 'buttons': (0, 0, 0), 'window': None})>
2019-07-18 09:17:40,595 - BDM-WAM 1563437846.0017154 - INFO - <Event(4-MouseMotion {'pos': (546, 290), 'rel': (6, 6), 'buttons': (0, 0, 0), 'window': None})>
2019-07-18 09:17:40,859 - BDM-WAM 1563437846.0017154 - INFO - <Event(4-MouseMotion {'pos': (540, 279), 'rel': (-6, -11), 'buttons': (0, 0, 0), 'window': None})>
2019-07-18 09:17:40,863 - BDM-WAM 1563437846.0017154 - INFO - <Event(4-MouseMotion {'pos': (539, 278), 'rel': (-1, -1), 'buttons': (0, 0, 0), 'window': None})>
2019-07-18 09:17:40,880 - BDM-WAM 1563437846.0017154 - INFO - <Event(4-MouseMotion {'pos': (533, 268), 'rel': (-6, -10), 'buttons': (0, 0, 0), 'window': None})>
2019-07-18 09:17:40,896 - BDM-WAM 1563437846.0017154 - INFO - <Event(4-MouseMotion {'pos': (528, 256), 'rel': (-5, -12), 'buttons': (0, 0, 0), 'window': None})>
2019-07-18 09:17:40,913 - BDM-WAM 1563437846.0017154 - INFO - <Event(4-MouseMotion {'pos': (525, 243), 'rel': (-3, -13), 'buttons': (0, 0, 0), 'window': None})>
2019-07-18 09:17:40,929 - BDM-WAM 1563437846.0017154 - INFO - <Event(4-MouseMotion {'pos': (521, 232), 'rel': (-4, -11), 'buttons': (0, 0, 0), 'window': None})>
2019-07-18 09:17:40,945 - BDM-WAM 1563437846.0017154 - INFO - <Event(4-MouseMotion {'pos': (518, 224), 'rel': (-3, -8), 'buttons': (0, 0, 0), 'window': None})>
2019-07-18 09:17:40,970 - BDM-WAM 1563437846.0017154 - INFO - <Event(4-MouseMotion {'pos': (506, 217), 'rel': (-12, -7), 'buttons': (0, 0, 0), 'window': None})>
2019-07-18 09:17:40,978 - BDM-WAM 1563437846.0017154 - INFO - <Event(4-MouseMotion {'pos': (499, 216), 'rel': (-7, -1), 'buttons': (0, 0, 0), 'window': None})>
2019-07-18 09:17:40,996 - BDM-WAM 1563437846.0017154 - INFO - <Event(4-MouseMotion {'pos': (472, 215), 'rel': (-27, -1), 'buttons': (0, 0, 0), 'window': None})>
2019-07-18 09:17:41,012 - BDM-WAM 1563437846.0017154 - INFO - <Event(4-MouseMotion {'pos': (429, 218), 'rel': (-43, 3), 'buttons': (0, 0, 0), 'window': None})>
2019-07-18 09:17:41,029 - BDM-WAM 1563437846.0017154 - INFO - <Event(4-MouseMotion {'pos': (379, 219), 'rel': (-50, 1), 'buttons': (0, 0, 0), 'window': None})>
2019-07-18 09:17:41,046 - BDM-WAM 1563437846.0017154 - INFO - <Event(4-MouseMotion {'pos': (327, 214), 'rel': (-52, -5), 'buttons': (0, 0, 0), 'window': None})>
2019-07-18 09:17:41,062 - BDM-WAM 1563437846.0017154 - INFO - <Event(4-MouseMotion {'pos': (281, 201), 'rel': (-46, -13), 'buttons': (0, 0, 0), 'window': None})>
2019-07-18 09:17:41,079 - BDM-WAM 1563437846.0017154 - INFO - <Event(4-MouseMotion {'pos': (245, 183), 'rel': (-36, -18), 'buttons': (0, 0, 0), 'window': None})>
2019-07-18 09:17:41,095 - BDM-WAM 1563437846.0017154 - INFO - <Event(4-MouseMotion {'pos': (223, 165), 'rel': (-22, -18), 'buttons': (0, 0, 0), 'window': None})>
2019-07-18 09:17:41,112 - BDM-WAM 1563437846.0017154 - INFO - <Event(4-MouseMotion {'pos': (207, 147), 'rel': (-16, -18), 'buttons': (0, 0, 0), 'window': None})>
2019-07-18 09:17:41,128 - BDM-WAM 1563437846.0017154 - INFO - <Event(4-MouseMotion {'pos': (193, 128), 'rel': (-14, -19), 'buttons': (0, 0, 0), 'window': None})>
2019-07-18 09:17:41,145 - BDM-WAM 1563437846.0017154 - INFO - <Event(4-MouseMotion {'pos': (185, 112), 'rel': (-8, -16), 'buttons': (0, 0, 0), 'window': None})>
2019-07-18 09:17:41,161 - BDM-WAM 1563437846.0017154 - INFO - <Event(4-MouseMotion {'pos': (184, 104), 'rel': (-1, -8), 'buttons': (0, 0, 0), 'window': None})>
2019-07-18 09:17:41,178 - BDM-WAM 1563437846.0017154 - INFO - <Event(4-MouseMotion {'pos': (182, 97), 'rel': (-2, -7), 'buttons': (0, 0, 0), 'window': None})>
2019-07-18 09:17:41,195 - BDM-WAM 1563437846.0017154 - INFO - <Event(4-MouseMotion {'pos': (182, 94), 'rel': (0, -3), 'buttons': (0, 0, 0), 'window': None})>
2019-07-18 09:17:41,212 - BDM-WAM 1563437846.0017154 - INFO - <Event(4-MouseMotion {'pos': (181, 92), 'rel': (-1, -2), 'buttons': (0, 0, 0), 'window': None})>
2019-07-18 09:17:41,228 - BDM-WAM 1563437846.0017154 - INFO - <Event(4-MouseMotion {'pos': (181, 91), 'rel': (0, -1), 'buttons': (0, 0, 0), 'window': None})>
2019-07-18 09:17:41,244 - BDM-WAM 1563437846.0017154 - INFO - <Event(4-MouseMotion {'pos': (179, 91), 'rel': (-2, 0), 'buttons': (0, 0, 0), 'window': None})>
2019-07-18 09:17:41,260 - BDM-WAM 1563437846.0017154 - INFO - <Event(4-MouseMotion {'pos': (177, 91), 'rel': (-2, 0), 'buttons': (0, 0, 0), 'window': None})>
2019-07-18 09:17:41,276 - BDM-WAM 1563437846.0017154 - INFO - <Event(4-MouseMotion {'pos': (173, 91), 'rel': (-4, 0), 'buttons': (0, 0, 0), 'window': None})>
2019-07-18 09:17:41,292 - BDM-WAM 1563437846.0017154 - INFO - <Event(4-MouseMotion {'pos': (169, 91), 'rel': (-4, 0), 'buttons': (0, 0, 0), 'window': None})>
2019-07-18 09:17:41,309 - BDM-WAM 1563437846.0017154 - INFO - <Event(4-MouseMotion {'pos': (163, 92), 'rel': (-6, 1), 'buttons': (0, 0, 0), 'window': None})>
2019-07-18 09:17:41,325 - BDM-WAM 1563437846.0017154 - INFO - <Event(4-MouseMotion {'pos': (155, 95), 'rel': (-8, 3), 'buttons': (0, 0, 0), 'window': None})>
2019-07-18 09:17:41,342 - BDM-WAM 1563437846.0017154 - INFO - <Event(4-MouseMotion {'pos': (147, 96), 'rel': (-8, 1), 'buttons': (0, 0, 0), 'window': None})>
2019-07-18 09:17:41,359 - BDM-WAM 1563437846.0017154 - INFO - <Event(4-MouseMotion {'pos': (143, 96), 'rel': (-4, 0), 'buttons': (0, 0, 0), 'window': None})>
2019-07-18 09:17:41,375 - BDM-WAM 1563437846.0017154 - INFO - <Event(4-MouseMotion {'pos': (141, 96), 'rel': (-2, 0), 'buttons': (0, 0, 0), 'window': None})>
2019-07-18 09:17:41,424 - BDM-WAM 1563437846.0017154 - INFO - <Event(5-MouseButtonDown {'pos': (141, 96), 'button': 1, 'window': None})>
2019-07-18 09:17:41,424 - BDM-WAM 1563437846.0017154 - INFO - <Event(9.2-Fake Miss {'pos': (141,96), 'window': None})>
2019-07-18 09:17:41,571 - BDM-WAM 1563437846.0017154 - INFO - <Event(6-MouseButtonUp {'pos': (141, 96), 'button': 1, 'window': None})>
2019-07-18 09:17:41,687 - BDM-WAM 1563437846.0017154 - INFO - <Event(4-MouseMotion {'pos': (142, 96), 'rel': (1, 0), 'buttons': (0, 0, 0), 'window': None})>
2019-07-18 09:17:41,704 - BDM-WAM 1563437846.0017154 - INFO - <Event(4-MouseMotion {'pos': (146, 96), 'rel': (4, 0), 'buttons': (0, 0, 0), 'window': None})>
2019-07-18 09:17:41,721 - BDM-WAM 1563437846.0017154 - INFO - <Event(4-MouseMotion {'pos': (153, 95), 'rel': (7, -1), 'buttons': (0, 0, 0), 'window': None})>
2019-07-18 09:17:41,737 - BDM-WAM 1563437846.0017154 - INFO - <Event(4-MouseMotion {'pos': (163, 93), 'rel': (10, -2), 'buttons': (0, 0, 0), 'window': None})>
2019-07-18 09:17:41,753 - BDM-WAM 1563437846.0017154 - INFO - <Event(4-MouseMotion {'pos': (174, 92), 'rel': (11, -1), 'buttons': (0, 0, 0), 'window': None})>
2019-07-18 09:17:41,770 - BDM-WAM 1563437846.0017154 - INFO - <Event(4-MouseMotion {'pos': (185, 91), 'rel': (11, -1), 'buttons': (0, 0, 0), 'window': None})>
2019-07-18 09:17:41,786 - BDM-WAM 1563437846.0017154 - INFO - <Event(4-MouseMotion {'pos': (200, 91), 'rel': (15, 0), 'buttons': (0, 0, 0), 'window': None})>
2019-07-18 09:17:41,802 - BDM-WAM 1563437846.0017154 - INFO - <Event(4-MouseMotion {'pos': (214, 91), 'rel': (14, 0), 'buttons': (0, 0, 0), 'window': None})>
2019-07-18 09:17:41,818 - BDM-WAM 1563437846.0017154 - INFO - <Event(4-MouseMotion {'pos': (232, 93), 'rel': (18, 2), 'buttons': (0, 0, 0), 'window': None})>
2019-07-18 09:17:41,834 - BDM-WAM 1563437846.0017154 - INFO - <Event(4-MouseMotion {'pos': (247, 97), 'rel': (15, 4), 'buttons': (0, 0, 0), 'window': None})>
2019-07-18 09:17:41,851 - BDM-WAM 1563437846.0017154 - INFO - <Event(4-MouseMotion {'pos': (261, 103), 'rel': (14, 6), 'buttons': (0, 0, 0), 'window': None})>
2019-07-18 09:17:41,868 - BDM-WAM 1563437846.0017154 - INFO - <Event(4-MouseMotion {'pos': (273, 111), 'rel': (12, 8), 'buttons': (0, 0, 0), 'window': None})>
2019-07-18 09:17:41,885 - BDM-WAM 1563437846.0017154 - INFO - <Event(4-MouseMotion {'pos': (284, 117), 'rel': (11, 6), 'buttons': (0, 0, 0), 'window': None})>
2019-07-18 09:17:41,901 - BDM-WAM 1563437846.0017154 - INFO - <Event(4-MouseMotion {'pos': (297, 123), 'rel': (13, 6), 'buttons': (0, 0, 0), 'window': None})>
2019-07-18 09:17:41,918 - BDM-WAM 1563437846.0017154 - INFO - <Event(4-MouseMotion {'pos': (313, 134), 'rel': (16, 11), 'buttons': (0, 0, 0), 'window': None})>
2019-07-18 09:17:41,935 - BDM-WAM 1563437846.0017154 - INFO - <Event(4-MouseMotion {'pos': (335, 146), 'rel': (22, 12), 'buttons': (0, 0, 0), 'window': None})>
2019-07-18 09:17:41,952 - BDM-WAM 1563437846.0017154 - INFO - <Event(4-MouseMotion {'pos': (356, 157), 'rel': (21, 11), 'buttons': (0, 0, 0), 'window': None})>
2019-07-18 09:17:41,979 - BDM-WAM 1563437846.0017154 - INFO - <Event(4-MouseMotion {'pos': (399, 171), 'rel': (43, 14), 'buttons': (0, 0, 0), 'window': None})>
2019-07-18 09:17:41,983 - BDM-WAM 1563437846.0017154 - INFO - <Event(4-MouseMotion {'pos': (405, 174), 'rel': (6, 3), 'buttons': (0, 0, 0), 'window': None})>
2019-07-18 09:17:42,000 - BDM-WAM 1563437846.0017154 - INFO - <Event(4-MouseMotion {'pos': (436, 185), 'rel': (31, 11), 'buttons': (0, 0, 0), 'window': None})>
2019-07-18 09:17:42,016 - BDM-WAM 1563437846.0017154 - INFO - <Event(4-MouseMotion {'pos': (458, 191), 'rel': (22, 6), 'buttons': (0, 0, 0), 'window': None})>
2019-07-18 09:17:42,032 - BDM-WAM 1563437846.0017154 - INFO - <Event(4-MouseMotion {'pos': (483, 199), 'rel': (25, 8), 'buttons': (0, 0, 0), 'window': None})>
2019-07-18 09:17:42,048 - BDM-WAM 1563437846.0017154 - INFO - <Event(4-MouseMotion {'pos': (504, 203), 'rel': (21, 4), 'buttons': (0, 0, 0), 'window': None})>
2019-07-18 09:17:42,064 - BDM-WAM 1563437846.0017154 - INFO - <Event(4-MouseMotion {'pos': (520, 207), 'rel': (16, 4), 'buttons': (0, 0, 0), 'window': None})>
2019-07-18 09:17:42,092 - BDM-WAM 1563437846.0017154 - INFO - <Event(4-MouseMotion {'pos': (541, 210), 'rel': (21, 3), 'buttons': (0, 0, 0), 'window': None})>
2019-07-18 09:17:42,098 - BDM-WAM 1563437846.0017154 - INFO - <Event(4-MouseMotion {'pos': (544, 210), 'rel': (3, 0), 'buttons': (0, 0, 0), 'window': None})>
2019-07-18 09:17:42,115 - BDM-WAM 1563437846.0017154 - INFO - <Event(4-MouseMotion {'pos': (551, 211), 'rel': (7, 1), 'buttons': (0, 0, 0), 'window': None})>
2019-07-18 09:17:42,132 - BDM-WAM 1563437846.0017154 - INFO - <Event(4-MouseMotion {'pos': (555, 211), 'rel': (4, 0), 'buttons': (0, 0, 0), 'window': None})>
2019-07-18 09:17:42,149 - BDM-WAM 1563437846.0017154 - INFO - <Event(4-MouseMotion {'pos': (557, 211), 'rel': (2, 0), 'buttons': (0, 0, 0), 'window': None})>
2019-07-18 09:17:42,233 - BDM-WAM 1563437846.0017154 - INFO - <Event(4-MouseMotion {'pos': (556, 211), 'rel': (-1, 0), 'buttons': (0, 0, 0), 'window': None})>
2019-07-18 09:17:42,249 - BDM-WAM 1563437846.0017154 - INFO - <Event(4-MouseMotion {'pos': (551, 210), 'rel': (-5, -1), 'buttons': (0, 0, 0), 'window': None})>
2019-07-18 09:17:42,265 - BDM-WAM 1563437846.0017154 - INFO - <Event(4-MouseMotion {'pos': (542, 208), 'rel': (-9, -2), 'buttons': (0, 0, 0), 'window': None})>
2019-07-18 09:17:42,281 - BDM-WAM 1563437846.0017154 - INFO - <Event(4-MouseMotion {'pos': (527, 205), 'rel': (-15, -3), 'buttons': (0, 0, 0), 'window': None})>
2019-07-18 09:17:42,298 - BDM-WAM 1563437846.0017154 - INFO - <Event(4-MouseMotion {'pos': (508, 204), 'rel': (-19, -1), 'buttons': (0, 0, 0), 'window': None})>
2019-07-18 09:17:42,314 - BDM-WAM 1563437846.0017154 - INFO - <Event(4-MouseMotion {'pos': (486, 203), 'rel': (-22, -1), 'buttons': (0, 0, 0), 'window': None})>
2019-07-18 09:17:42,331 - BDM-WAM 1563437846.0017154 - INFO - <Event(4-MouseMotion {'pos': (463, 202), 'rel': (-23, -1), 'buttons': (0, 0, 0), 'window': None})>
2019-07-18 09:17:42,348 - BDM-WAM 1563437846.0017154 - INFO - <Event(4-MouseMotion {'pos': (437, 202), 'rel': (-26, 0), 'buttons': (0, 0, 0), 'window': None})>
2019-07-18 09:17:42,364 - BDM-WAM 1563437846.0017154 - INFO - <Event(4-MouseMotion {'pos': (418, 202), 'rel': (-19, 0), 'buttons': (0, 0, 0), 'window': None})>
2019-07-18 09:17:42,381 - BDM-WAM 1563437846.0017154 - INFO - <Event(4-MouseMotion {'pos': (403, 201), 'rel': (-15, -1), 'buttons': (0, 0, 0), 'window': None})>
2019-07-18 09:17:42,397 - BDM-WAM 1563437846.0017154 - INFO - <Event(4-MouseMotion {'pos': (393, 200), 'rel': (-10, -1), 'buttons': (0, 0, 0), 'window': None})>
2019-07-18 09:17:42,414 - BDM-WAM 1563437846.0017154 - INFO - <Event(4-MouseMotion {'pos': (389, 200), 'rel': (-4, 0), 'buttons': (0, 0, 0), 'window': None})>
2019-07-18 09:17:42,430 - BDM-WAM 1563437846.0017154 - INFO - <Event(4-MouseMotion {'pos': (387, 200), 'rel': (-2, 0), 'buttons': (0, 0, 0), 'window': None})>
2019-07-18 09:17:42,496 - BDM-WAM 1563437846.0017154 - INFO - <Event(4-MouseMotion {'pos': (386, 200), 'rel': (-1, 0), 'buttons': (0, 0, 0), 'window': None})>
2019-07-18 09:17:42,514 - BDM-WAM 1563437846.0017154 - INFO - <Event(4-MouseMotion {'pos': (382, 199), 'rel': (-4, -1), 'buttons': (0, 0, 0), 'window': None})>
2019-07-18 09:17:42,531 - BDM-WAM 1563437846.0017154 - INFO - <Event(4-MouseMotion {'pos': (376, 197), 'rel': (-6, -2), 'buttons': (0, 0, 0), 'window': None})>
2019-07-18 09:17:42,547 - BDM-WAM 1563437846.0017154 - INFO - <Event(4-MouseMotion {'pos': (370, 195), 'rel': (-6, -2), 'buttons': (0, 0, 0), 'window': None})>
2019-07-18 09:17:42,564 - BDM-WAM 1563437846.0017154 - INFO - <Event(4-MouseMotion {'pos': (362, 194), 'rel': (-8, -1), 'buttons': (0, 0, 0), 'window': None})>
2019-07-18 09:17:42,580 - BDM-WAM 1563437846.0017154 - INFO - <Event(4-MouseMotion {'pos': (352, 193), 'rel': (-10, -1), 'buttons': (0, 0, 0), 'window': None})>
2019-07-18 09:17:42,597 - BDM-WAM 1563437846.0017154 - INFO - <Event(4-MouseMotion {'pos': (343, 194), 'rel': (-9, 1), 'buttons': (0, 0, 0), 'window': None})>
2019-07-18 09:17:42,613 - BDM-WAM 1563437846.0017154 - INFO - <Event(4-MouseMotion {'pos': (333, 196), 'rel': (-10, 2), 'buttons': (0, 0, 0), 'window': None})>
2019-07-18 09:17:42,629 - BDM-WAM 1563437846.0017154 - INFO - <Event(4-MouseMotion {'pos': (327, 199), 'rel': (-6, 3), 'buttons': (0, 0, 0), 'window': None})>
2019-07-18 09:17:42,647 - BDM-WAM 1563437846.0017154 - INFO - <Event(4-MouseMotion {'pos': (321, 208), 'rel': (-6, 9), 'buttons': (0, 0, 0), 'window': None})>
2019-07-18 09:17:42,664 - BDM-WAM 1563437846.0017154 - INFO - <Event(4-MouseMotion {'pos': (319, 219), 'rel': (-2, 11), 'buttons': (0, 0, 0), 'window': None})>
2019-07-18 09:17:42,678 - BDM-WAM 1563437846.0017154 - INFO - <Event(4-MouseMotion {'pos': (319, 229), 'rel': (0, 10), 'buttons': (0, 0, 0), 'window': None})>
2019-07-18 09:17:42,695 - BDM-WAM 1563437846.0017154 - INFO - <Event(4-MouseMotion {'pos': (320, 239), 'rel': (1, 10), 'buttons': (0, 0, 0), 'window': None})>
2019-07-18 09:17:42,722 - BDM-WAM 1563437846.0017154 - INFO - <Event(4-MouseMotion {'pos': (327, 252), 'rel': (7, 13), 'buttons': (0, 0, 0), 'window': None})>
2019-07-18 09:17:42,728 - BDM-WAM 1563437846.0017154 - INFO - <Event(4-MouseMotion {'pos': (329, 254), 'rel': (2, 2), 'buttons': (0, 0, 0), 'window': None})>
2019-07-18 09:17:42,744 - BDM-WAM 1563437846.0017154 - INFO - <Event(4-MouseMotion {'pos': (331, 258), 'rel': (2, 4), 'buttons': (0, 0, 0), 'window': None})>
2019-07-18 09:17:42,760 - BDM-WAM 1563437846.0017154 - INFO - <Event(4-MouseMotion {'pos': (332, 260), 'rel': (1, 2), 'buttons': (0, 0, 0), 'window': None})>
2019-07-18 09:17:42,776 - BDM-WAM 1563437846.0017154 - INFO - <Event(4-MouseMotion {'pos': (332, 263), 'rel': (0, 3), 'buttons': (0, 0, 0), 'window': None})>
2019-07-18 09:17:42,793 - BDM-WAM 1563437846.0017154 - INFO - <Event(4-MouseMotion {'pos': (332, 268), 'rel': (0, 5), 'buttons': (0, 0, 0), 'window': None})>
2019-07-18 09:17:42,809 - BDM-WAM 1563437846.0017154 - INFO - <Event(4-MouseMotion {'pos': (330, 275), 'rel': (-2, 7), 'buttons': (0, 0, 0), 'window': None})>
2019-07-18 09:17:42,837 - BDM-WAM 1563437846.0017154 - INFO - <Event(4-MouseMotion {'pos': (327, 288), 'rel': (-3, 13), 'buttons': (0, 0, 0), 'window': None})>
2019-07-18 09:17:42,843 - BDM-WAM 1563437846.0017154 - INFO - <Event(4-MouseMotion {'pos': (326, 289), 'rel': (-1, 1), 'buttons': (0, 0, 0), 'window': None})>
2019-07-18 09:17:42,858 - BDM-WAM 1563437846.0017154 - INFO - <Event(4-MouseMotion {'pos': (324, 293), 'rel': (-2, 4), 'buttons': (0, 0, 0), 'window': None})>
2019-07-18 09:17:42,875 - BDM-WAM 1563437846.0017154 - INFO - <Event(4-MouseMotion {'pos': (322, 297), 'rel': (-2, 4), 'buttons': (0, 0, 0), 'window': None})>
2019-07-18 09:17:42,892 - BDM-WAM 1563437846.0017154 - INFO - <Event(4-MouseMotion {'pos': (322, 301), 'rel': (0, 4), 'buttons': (0, 0, 0), 'window': None})>
2019-07-18 09:17:42,908 - BDM-WAM 1563437846.0017154 - INFO - <Event(4-MouseMotion {'pos': (322, 305), 'rel': (0, 4), 'buttons': (0, 0, 0), 'window': None})>
2019-07-18 09:17:42,925 - BDM-WAM 1563437846.0017154 - INFO - <Event(4-MouseMotion {'pos': (324, 310), 'rel': (2, 5), 'buttons': (0, 0, 0), 'window': None})>
2019-07-18 09:17:42,952 - BDM-WAM 1563437846.0017154 - INFO - <Event(4-MouseMotion {'pos': (335, 322), 'rel': (11, 12), 'buttons': (0, 0, 0), 'window': None})>
2019-07-18 09:17:42,959 - BDM-WAM 1563437846.0017154 - INFO - <Event(4-MouseMotion {'pos': (339, 325), 'rel': (4, 3), 'buttons': (0, 0, 0), 'window': None})>
2019-07-18 09:17:42,976 - BDM-WAM 1563437846.0017154 - INFO - <Event(4-MouseMotion {'pos': (360, 337), 'rel': (21, 12), 'buttons': (0, 0, 0), 'window': None})>
2019-07-18 09:17:42,992 - BDM-WAM 1563437846.0017154 - INFO - <Event(4-MouseMotion {'pos': (391, 348), 'rel': (31, 11), 'buttons': (0, 0, 0), 'window': None})>
2019-07-18 09:17:43,009 - BDM-WAM 1563437846.0017154 - INFO - <Event(4-MouseMotion {'pos': (433, 361), 'rel': (42, 13), 'buttons': (0, 0, 0), 'window': None})>
2019-07-18 09:17:43,025 - BDM-WAM 1563437846.0017154 - INFO - <Event(4-MouseMotion {'pos': (489, 368), 'rel': (56, 7), 'buttons': (0, 0, 0), 'window': None})>
2019-07-18 09:17:43,042 - BDM-WAM 1563437846.0017154 - INFO - <Event(4-MouseMotion {'pos': (550, 368), 'rel': (61, 0), 'buttons': (0, 0, 0), 'window': None})>
2019-07-18 09:17:43,059 - BDM-WAM 1563437846.0017154 - INFO - <Event(4-MouseMotion {'pos': (591, 366), 'rel': (41, -2), 'buttons': (0, 0, 0), 'window': None})>
2019-07-18 09:17:43,077 - BDM-WAM 1563437846.0017154 - INFO - <Event(4-MouseMotion {'pos': (634, 359), 'rel': (43, -7), 'buttons': (0, 0, 0), 'window': None})>
2019-07-18 09:17:43,092 - BDM-WAM 1563437846.0017154 - INFO - <Event(4-MouseMotion {'pos': (655, 354), 'rel': (21, -5), 'buttons': (0, 0, 0), 'window': None})>
2019-07-18 09:17:43,108 - BDM-WAM 1563437846.0017154 - INFO - <Event(4-MouseMotion {'pos': (665, 351), 'rel': (10, -3), 'buttons': (0, 0, 0), 'window': None})>
2019-07-18 09:17:43,124 - BDM-WAM 1563437846.0017154 - INFO - <Event(4-MouseMotion {'pos': (669, 349), 'rel': (4, -2), 'buttons': (0, 0, 0), 'window': None})>
2019-07-18 09:17:43,140 - BDM-WAM 1563437846.0017154 - INFO - <Event(4-MouseMotion {'pos': (669, 348), 'rel': (0, -1), 'buttons': (0, 0, 0), 'window': None})>
2019-07-18 09:17:43,172 - BDM-WAM 1563437846.0017154 - INFO - <Event(4-MouseMotion {'pos': (666, 347), 'rel': (-3, -1), 'buttons': (0, 0, 0), 'window': None})>
2019-07-18 09:17:43,188 - BDM-WAM 1563437846.0017154 - INFO - <Event(4-MouseMotion {'pos': (662, 347), 'rel': (-4, 0), 'buttons': (0, 0, 0), 'window': None})>
2019-07-18 09:17:43,205 - BDM-WAM 1563437846.0017154 - INFO - <Event(4-MouseMotion {'pos': (658, 347), 'rel': (-4, 0), 'buttons': (0, 0, 0), 'window': None})>
2019-07-18 09:17:43,222 - BDM-WAM 1563437846.0017154 - INFO - <Event(4-MouseMotion {'pos': (656, 348), 'rel': (-2, 1), 'buttons': (0, 0, 0), 'window': None})>
2019-07-18 09:17:43,239 - BDM-WAM 1563437846.0017154 - INFO - <Event(4-MouseMotion {'pos': (655, 349), 'rel': (-1, 1), 'buttons': (0, 0, 0), 'window': None})>
2019-07-18 09:17:43,256 - BDM-WAM 1563437846.0017154 - INFO - <Event(4-MouseMotion {'pos': (654, 350), 'rel': (-1, 1), 'buttons': (0, 0, 0), 'window': None})>
2019-07-18 09:17:43,273 - BDM-WAM 1563437846.0017154 - INFO - <Event(4-MouseMotion {'pos': (654, 352), 'rel': (0, 2), 'buttons': (0, 0, 0), 'window': None})>
2019-07-18 09:17:43,290 - BDM-WAM 1563437846.0017154 - INFO - <Event(4-MouseMotion {'pos': (655, 357), 'rel': (1, 5), 'buttons': (0, 0, 0), 'window': None})>
2019-07-18 09:17:43,306 - BDM-WAM 1563437846.0017154 - INFO - <Event(4-MouseMotion {'pos': (660, 364), 'rel': (5, 7), 'buttons': (0, 0, 0), 'window': None})>
2019-07-18 09:17:43,322 - BDM-WAM 1563437846.0017154 - INFO - <Event(4-MouseMotion {'pos': (664, 368), 'rel': (4, 4), 'buttons': (0, 0, 0), 'window': None})>
2019-07-18 09:17:43,338 - BDM-WAM 1563437846.0017154 - INFO - <Event(4-MouseMotion {'pos': (667, 372), 'rel': (3, 4), 'buttons': (0, 0, 0), 'window': None})>
2019-07-18 09:17:43,354 - BDM-WAM 1563437846.0017154 - INFO - <Event(4-MouseMotion {'pos': (668, 376), 'rel': (1, 4), 'buttons': (0, 0, 0), 'window': None})>
2019-07-18 09:17:43,370 - BDM-WAM 1563437846.0017154 - INFO - <Event(4-MouseMotion {'pos': (670, 381), 'rel': (2, 5), 'buttons': (0, 0, 0), 'window': None})>
2019-07-18 09:17:43,386 - BDM-WAM 1563437846.0017154 - INFO - <Event(4-MouseMotion {'pos': (671, 385), 'rel': (1, 4), 'buttons': (0, 0, 0), 'window': None})>
2019-07-18 09:17:43,403 - BDM-WAM 1563437846.0017154 - INFO - <Event(5-MouseButtonDown {'pos': (671, 387), 'button': 1, 'window': None})>
2019-07-18 09:17:43,403 - BDM-WAM 1563437846.0017154 - INFO - <Event(9.1-True Hit {'pos': (671,387), 'window': None})>
2019-07-18 09:17:43,432 - BDM-WAM 1563437846.0017154 - INFO - <Event(4-MouseMotion {'pos': (672, 390), 'rel': (1, 3), 'buttons': (1, 0, 0), 'window': None})>
2019-07-18 09:17:43,435 - BDM-WAM 1563437846.0017154 - INFO - <Event(4-MouseMotion {'pos': (673, 390), 'rel': (1, 0), 'buttons': (1, 0, 0), 'window': None})>
2019-07-18 09:17:43,550 - BDM-WAM 1563437846.0017154 - INFO - <Event(6-MouseButtonUp {'pos': (673, 390), 'button': 1, 'window': None})>
2019-07-18 09:17:43,682 - BDM-WAM 1563437846.0017154 - INFO - <Event(4-MouseMotion {'pos': (673, 391), 'rel': (0, 1), 'buttons': (0, 0, 0), 'window': None})>
2019-07-18 09:17:43,765 - BDM-WAM 1563437846.0017154 - INFO - <Event(4-MouseMotion {'pos': (672, 392), 'rel': (-1, 1), 'buttons': (0, 0, 0), 'window': None})>
2019-07-18 09:17:43,782 - BDM-WAM 1563437846.0017154 - INFO - <Event(4-MouseMotion {'pos': (670, 392), 'rel': (-2, 0), 'buttons': (0, 0, 0), 'window': None})>
2019-07-18 09:17:43,799 - BDM-WAM 1563437846.0017154 - INFO - <Event(4-MouseMotion {'pos': (664, 392), 'rel': (-6, 0), 'buttons': (0, 0, 0), 'window': None})>
2019-07-18 09:17:43,816 - BDM-WAM 1563437846.0017154 - INFO - <Event(4-MouseMotion {'pos': (655, 390), 'rel': (-9, -2), 'buttons': (0, 0, 0), 'window': None})>
2019-07-18 09:17:43,842 - BDM-WAM 1563437846.0017154 - INFO - <Event(4-MouseMotion {'pos': (637, 385), 'rel': (-18, -5), 'buttons': (0, 0, 0), 'window': None})>
2019-07-18 09:17:43,867 - BDM-WAM 1563437846.0017154 - INFO - <Event(4-MouseMotion {'pos': (612, 378), 'rel': (-25, -7), 'buttons': (0, 0, 0), 'window': None})>
2019-07-18 09:17:43,883 - BDM-WAM 1563437846.0017154 - INFO - <Event(4-MouseMotion {'pos': (592, 371), 'rel': (-20, -7), 'buttons': (0, 0, 0), 'window': None})>
2019-07-18 09:17:43,899 - BDM-WAM 1563437846.0017154 - INFO - <Event(4-MouseMotion {'pos': (571, 364), 'rel': (-21, -7), 'buttons': (0, 0, 0), 'window': None})>
2019-07-18 09:17:43,916 - BDM-WAM 1563437846.0017154 - INFO - <Event(4-MouseMotion {'pos': (554, 359), 'rel': (-17, -5), 'buttons': (0, 0, 0), 'window': None})>
2019-07-18 09:17:43,932 - BDM-WAM 1563437846.0017154 - INFO - <Event(4-MouseMotion {'pos': (539, 355), 'rel': (-15, -4), 'buttons': (0, 0, 0), 'window': None})>
2019-07-18 09:17:43,949 - BDM-WAM 1563437846.0017154 - INFO - <Event(4-MouseMotion {'pos': (525, 351), 'rel': (-14, -4), 'buttons': (0, 0, 0), 'window': None})>
2019-07-18 09:17:43,965 - BDM-WAM 1563437846.0017154 - INFO - <Event(4-MouseMotion {'pos': (514, 347), 'rel': (-11, -4), 'buttons': (0, 0, 0), 'window': None})>
2019-07-18 09:17:43,982 - BDM-WAM 1563437846.0017154 - INFO - <Event(4-MouseMotion {'pos': (505, 345), 'rel': (-9, -2), 'buttons': (0, 0, 0), 'window': None})>
2019-07-18 09:17:43,999 - BDM-WAM 1563437846.0017154 - INFO - <Event(4-MouseMotion {'pos': (496, 342), 'rel': (-9, -3), 'buttons': (0, 0, 0), 'window': None})>
2019-07-18 09:17:44,016 - BDM-WAM 1563437846.0017154 - INFO - <Event(4-MouseMotion {'pos': (490, 340), 'rel': (-6, -2), 'buttons': (0, 0, 0), 'window': None})>
2019-07-18 09:17:44,033 - BDM-WAM 1563437846.0017154 - INFO - <Event(4-MouseMotion {'pos': (484, 338), 'rel': (-6, -2), 'buttons': (0, 0, 0), 'window': None})>
2019-07-18 09:17:44,049 - BDM-WAM 1563437846.0017154 - INFO - <Event(4-MouseMotion {'pos': (480, 337), 'rel': (-4, -1), 'buttons': (0, 0, 0), 'window': None})>
2019-07-18 09:17:44,065 - BDM-WAM 1563437846.0017154 - INFO - <Event(4-MouseMotion {'pos': (477, 334), 'rel': (-3, -3), 'buttons': (0, 0, 0), 'window': None})>
2019-07-18 09:17:44,082 - BDM-WAM 1563437846.0017154 - INFO - <Event(4-MouseMotion {'pos': (472, 332), 'rel': (-5, -2), 'buttons': (0, 0, 0), 'window': None})>
2019-07-18 09:17:44,098 - BDM-WAM 1563437846.0017154 - INFO - <Event(4-MouseMotion {'pos': (468, 330), 'rel': (-4, -2), 'buttons': (0, 0, 0), 'window': None})>
2019-07-18 09:17:44,115 - BDM-WAM 1563437846.0017154 - INFO - <Event(4-MouseMotion {'pos': (463, 327), 'rel': (-5, -3), 'buttons': (0, 0, 0), 'window': None})>
2019-07-18 09:17:44,132 - BDM-WAM 1563437846.0017154 - INFO - <Event(4-MouseMotion {'pos': (459, 325), 'rel': (-4, -2), 'buttons': (0, 0, 0), 'window': None})>
2019-07-18 09:17:44,148 - BDM-WAM 1563437846.0017154 - INFO - <Event(4-MouseMotion {'pos': (453, 322), 'rel': (-6, -3), 'buttons': (0, 0, 0), 'window': None})>
2019-07-18 09:17:44,165 - BDM-WAM 1563437846.0017154 - INFO - <Event(4-MouseMotion {'pos': (446, 318), 'rel': (-7, -4), 'buttons': (0, 0, 0), 'window': None})>
2019-07-18 09:17:44,182 - BDM-WAM 1563437846.0017154 - INFO - <Event(4-MouseMotion {'pos': (439, 314), 'rel': (-7, -4), 'buttons': (0, 0, 0), 'window': None})>
2019-07-18 09:17:44,199 - BDM-WAM 1563437846.0017154 - INFO - <Event(4-MouseMotion {'pos': (433, 311), 'rel': (-6, -3), 'buttons': (0, 0, 0), 'window': None})>
2019-07-18 09:17:44,215 - BDM-WAM 1563437846.0017154 - INFO - <Event(4-MouseMotion {'pos': (427, 307), 'rel': (-6, -4), 'buttons': (0, 0, 0), 'window': None})>
2019-07-18 09:17:44,232 - BDM-WAM 1563437846.0017154 - INFO - <Event(4-MouseMotion {'pos': (422, 305), 'rel': (-5, -2), 'buttons': (0, 0, 0), 'window': None})>
2019-07-18 09:17:44,248 - BDM-WAM 1563437846.0017154 - INFO - <Event(4-MouseMotion {'pos': (418, 303), 'rel': (-4, -2), 'buttons': (0, 0, 0), 'window': None})>
2019-07-18 09:17:44,264 - BDM-WAM 1563437846.0017154 - INFO - <Event(4-MouseMotion {'pos': (417, 302), 'rel': (-1, -1), 'buttons': (0, 0, 0), 'window': None})>
2019-07-18 09:17:44,314 - BDM-WAM 1563437846.0017154 - INFO - <Event(4-MouseMotion {'pos': (418, 299), 'rel': (1, -3), 'buttons': (0, 0, 0), 'window': None})>
2019-07-18 09:17:44,328 - BDM-WAM 1563437846.0017154 - INFO - <Event(4-MouseMotion {'pos': (423, 294), 'rel': (5, -5), 'buttons': (0, 0, 0), 'window': None})>
2019-07-18 09:17:44,356 - BDM-WAM 1563437846.0017154 - INFO - <Event(4-MouseMotion {'pos': (445, 282), 'rel': (22, -12), 'buttons': (0, 0, 0), 'window': None})>
2019-07-18 09:17:44,361 - BDM-WAM 1563437846.0017154 - INFO - <Event(4-MouseMotion {'pos': (449, 280), 'rel': (4, -2), 'buttons': (0, 0, 0), 'window': None})>
2019-07-18 09:17:44,377 - BDM-WAM 1563437846.0017154 - INFO - <Event(4-MouseMotion {'pos': (466, 274), 'rel': (17, -6), 'buttons': (0, 0, 0), 'window': None})>
2019-07-18 09:17:44,393 - BDM-WAM 1563437846.0017154 - INFO - <Event(4-MouseMotion {'pos': (486, 269), 'rel': (20, -5), 'buttons': (0, 0, 0), 'window': None})>
2019-07-18 09:17:44,409 - BDM-WAM 1563437846.0017154 - INFO - <Event(4-MouseMotion {'pos': (501, 263), 'rel': (15, -6), 'buttons': (0, 0, 0), 'window': None})>
2019-07-18 09:17:44,425 - BDM-WAM 1563437846.0017154 - INFO - <Event(4-MouseMotion {'pos': (518, 258), 'rel': (17, -5), 'buttons': (0, 0, 0), 'window': None})>
2019-07-18 09:17:44,441 - BDM-WAM 1563437846.0017154 - INFO - <Event(4-MouseMotion {'pos': (527, 256), 'rel': (9, -2), 'buttons': (0, 0, 0), 'window': None})>
2019-07-18 09:17:44,469 - BDM-WAM 1563437846.0017154 - INFO - <Event(4-MouseMotion {'pos': (538, 251), 'rel': (11, -5), 'buttons': (0, 0, 0), 'window': None})>
2019-07-18 09:17:44,474 - BDM-WAM 1563437846.0017154 - INFO - <Event(4-MouseMotion {'pos': (540, 250), 'rel': (2, -1), 'buttons': (0, 0, 0), 'window': None})>
2019-07-18 09:17:44,490 - BDM-WAM 1563437846.0017154 - INFO - <Event(4-MouseMotion {'pos': (543, 249), 'rel': (3, -1), 'buttons': (0, 0, 0), 'window': None})>
2019-07-18 09:17:44,506 - BDM-WAM 1563437846.0017154 - INFO - <Event(4-MouseMotion {'pos': (545, 248), 'rel': (2, -1), 'buttons': (0, 0, 0), 'window': None})>
2019-07-18 09:17:44,522 - BDM-WAM 1563437846.0017154 - INFO - <Event(4-MouseMotion {'pos': (548, 248), 'rel': (3, 0), 'buttons': (0, 0, 0), 'window': None})>
2019-07-18 09:17:44,538 - BDM-WAM 1563437846.0017154 - INFO - <Event(4-MouseMotion {'pos': (549, 248), 'rel': (1, 0), 'buttons': (0, 0, 0), 'window': None})>
2019-07-18 09:17:44,619 - BDM-WAM 1563437846.0017154 - INFO - <Event(4-MouseMotion {'pos': (549, 245), 'rel': (0, -3), 'buttons': (0, 0, 0), 'window': None})>
2019-07-18 09:17:44,636 - BDM-WAM 1563437846.0017154 - INFO - <Event(4-MouseMotion {'pos': (549, 233), 'rel': (0, -12), 'buttons': (0, 0, 0), 'window': None})>
2019-07-18 09:17:44,652 - BDM-WAM 1563437846.0017154 - INFO - <Event(4-MouseMotion {'pos': (545, 215), 'rel': (-4, -18), 'buttons': (0, 0, 0), 'window': None})>
2019-07-18 09:17:44,668 - BDM-WAM 1563437846.0017154 - INFO - <Event(4-MouseMotion {'pos': (540, 200), 'rel': (-5, -15), 'buttons': (0, 0, 0), 'window': None})>
2019-07-18 09:17:44,684 - BDM-WAM 1563437846.0017154 - INFO - <Event(4-MouseMotion {'pos': (536, 190), 'rel': (-4, -10), 'buttons': (0, 0, 0), 'window': None})>
2019-07-18 09:17:44,701 - BDM-WAM 1563437846.0017154 - INFO - <Event(4-MouseMotion {'pos': (531, 179), 'rel': (-5, -11), 'buttons': (0, 0, 0), 'window': None})>
2019-07-18 09:17:44,717 - BDM-WAM 1563437846.0017154 - INFO - <Event(4-MouseMotion {'pos': (528, 173), 'rel': (-3, -6), 'buttons': (0, 0, 0), 'window': None})>
2019-07-18 09:17:44,734 - BDM-WAM 1563437846.0017154 - INFO - <Event(4-MouseMotion {'pos': (524, 168), 'rel': (-4, -5), 'buttons': (0, 0, 0), 'window': None})>
2019-07-18 09:17:44,751 - BDM-WAM 1563437846.0017154 - INFO - <Event(4-MouseMotion {'pos': (521, 164), 'rel': (-3, -4), 'buttons': (0, 0, 0), 'window': None})>
2019-07-18 09:17:44,768 - BDM-WAM 1563437846.0017154 - INFO - <Event(4-MouseMotion {'pos': (517, 161), 'rel': (-4, -3), 'buttons': (0, 0, 0), 'window': None})>
2019-07-18 09:17:44,785 - BDM-WAM 1563437846.0017154 - INFO - <Event(4-MouseMotion {'pos': (514, 158), 'rel': (-3, -3), 'buttons': (0, 0, 0), 'window': None})>
2019-07-18 09:17:44,802 - BDM-WAM 1563437846.0017154 - INFO - <Event(4-MouseMotion {'pos': (511, 156), 'rel': (-3, -2), 'buttons': (0, 0, 0), 'window': None})>
2019-07-18 09:17:44,818 - BDM-WAM 1563437846.0017154 - INFO - <Event(4-MouseMotion {'pos': (509, 154), 'rel': (-2, -2), 'buttons': (0, 0, 0), 'window': None})>
2019-07-18 09:17:44,834 - BDM-WAM 1563437846.0017154 - INFO - <Event(4-MouseMotion {'pos': (508, 153), 'rel': (-1, -1), 'buttons': (0, 0, 0), 'window': None})>
2019-07-18 09:17:44,867 - BDM-WAM 1563437846.0017154 - INFO - <Event(5-MouseButtonDown {'pos': (508, 153), 'button': 1, 'window': None})>
2019-07-18 09:17:44,867 - BDM-WAM 1563437846.0017154 - INFO - <Event(9.1-True Hit {'pos': (508,153), 'window': None})>
