2020-01-21 18:49:21,116 - BDM-WAM 1579632557.7361097 - INFO - []
2020-01-21 18:49:21,165 - BDM-WAM 1579632557.7361097 - INFO - <Event(10-MoleUp) {'loc': (603,11)})>
2020-01-21 18:49:21,230 - BDM-WAM 1579632557.7361097 - INFO - [<Event(3-KeyUp {'key': 99, 'mod': 0, 'scancode': 46, 'window': None})>]
2020-01-21 18:49:21,273 - BDM-WAM 1579632557.7361097 - INFO - []
2020-01-21 18:49:21,275 - BDM-WAM 1579632557.7361097 - INFO - []
2020-01-21 18:49:21,324 - BDM-WAM 1579632557.7361097 - INFO - []
2020-01-21 18:49:21,325 - BDM-WAM 1579632557.7361097 - INFO - []
2020-01-21 18:49:21,341 - BDM-WAM 1579632557.7361097 - INFO - []
2020-01-21 18:49:21,359 - BDM-WAM 1579632557.7361097 - INFO - [<Event(4-MouseMotion {'pos': (481, 652), 'rel': (12, -9), 'buttons': (0, 0, 0), 'window': None})>]
2020-01-21 18:49:21,375 - BDM-WAM 1579632557.7361097 - INFO - [<Event(4-MouseMotion {'pos': (529, 612), 'rel': (48, -40), 'buttons': (0, 0, 0), 'window': None})>]
2020-01-21 18:49:21,394 - BDM-WAM 1579632557.7361097 - INFO - [<Event(4-MouseMotion {'pos': (548, 599), 'rel': (19, -13), 'buttons': (0, 0, 0), 'window': None})>]
2020-01-21 18:49:21,409 - BDM-WAM 1579632557.7361097 - INFO - [<Event(4-MouseMotion {'pos': (551, 597), 'rel': (3, -2), 'buttons': (0, 0, 0), 'window': None})>]
2020-01-21 18:49:21,430 - BDM-WAM 1579632557.7361097 - INFO - [<Event(4-MouseMotion {'pos': (555, 593), 'rel': (4, -4), 'buttons': (0, 0, 0), 'window': None})>]
2020-01-21 18:49:21,445 - BDM-WAM 1579632557.7361097 - INFO - [<Event(4-MouseMotion {'pos': (567, 582), 'rel': (12, -11), 'buttons': (0, 0, 0), 'window': None})>]
2020-01-21 18:49:21,461 - BDM-WAM 1579632557.7361097 - INFO - [<Event(4-MouseMotion {'pos': (578, 573), 'rel': (11, -9), 'buttons': (0, 0, 0), 'window': None})>]
2020-01-21 18:49:21,478 - BDM-WAM 1579632557.7361097 - INFO - [<Event(4-MouseMotion {'pos': (580, 571), 'rel': (2, -2), 'buttons': (0, 0, 0), 'window': None})>]
2020-01-21 18:49:21,502 - BDM-WAM 1579632557.7361097 - INFO - [<Event(4-MouseMotion {'pos': (583, 567), 'rel': (3, -4), 'buttons': (0, 0, 0), 'window': None})>]
2020-01-21 18:49:21,517 - BDM-WAM 1579632557.7361097 - INFO - [<Event(4-MouseMotion {'pos': (585, 566), 'rel': (2, -1), 'buttons': (0, 0, 0), 'window': None})>]
2020-01-21 18:49:21,530 - BDM-WAM 1579632557.7361097 - INFO - [<Event(4-MouseMotion {'pos': (586, 565), 'rel': (1, -1), 'buttons': (0, 0, 0), 'window': None})>]
2020-01-21 18:49:21,547 - BDM-WAM 1579632557.7361097 - INFO - [<Event(4-MouseMotion {'pos': (590, 560), 'rel': (4, -5), 'buttons': (0, 0, 0), 'window': None})>]
2020-01-21 18:49:21,566 - BDM-WAM 1579632557.7361097 - INFO - [<Event(4-MouseMotion {'pos': (595, 555), 'rel': (5, -5), 'buttons': (0, 0, 0), 'window': None})>]
2020-01-21 18:49:21,582 - BDM-WAM 1579632557.7361097 - INFO - [<Event(4-MouseMotion {'pos': (597, 553), 'rel': (2, -2), 'buttons': (0, 0, 0), 'window': None})>]
2020-01-21 18:49:21,599 - BDM-WAM 1579632557.7361097 - INFO - [<Event(4-MouseMotion {'pos': (599, 551), 'rel': (2, -2), 'buttons': (0, 0, 0), 'window': None})>]
2020-01-21 18:49:21,623 - BDM-WAM 1579632557.7361097 - INFO - [<Event(4-MouseMotion {'pos': (604, 545), 'rel': (5, -6), 'buttons': (0, 0, 0), 'window': None})>]
2020-01-21 18:49:21,633 - BDM-WAM 1579632557.7361097 - INFO - [<Event(4-MouseMotion {'pos': (606, 543), 'rel': (2, -2), 'buttons': (0, 0, 0), 'window': None})>]
2020-01-21 18:49:21,649 - BDM-WAM 1579632557.7361097 - INFO - [<Event(4-MouseMotion {'pos': (607, 543), 'rel': (1, 0), 'buttons': (0, 0, 0), 'window': None})>]
2020-01-21 18:49:21,665 - BDM-WAM 1579632557.7361097 - INFO - []
2020-01-21 18:49:21,683 - BDM-WAM 1579632557.7361097 - INFO - [<Event(4-MouseMotion {'pos': (608, 542), 'rel': (1, -1), 'buttons': (0, 0, 0), 'window': None})>]
2020-01-21 18:49:21,699 - BDM-WAM 1579632557.7361097 - INFO - [<Event(4-MouseMotion {'pos': (612, 537), 'rel': (4, -5), 'buttons': (0, 0, 0), 'window': None})>]
2020-01-21 18:49:21,716 - BDM-WAM 1579632557.7361097 - INFO - [<Event(4-MouseMotion {'pos': (618, 527), 'rel': (6, -10), 'buttons': (0, 0, 0), 'window': None})>]
2020-01-21 18:49:21,733 - BDM-WAM 1579632557.7361097 - INFO - [<Event(4-MouseMotion {'pos': (619, 525), 'rel': (1, -2), 'buttons': (0, 0, 0), 'window': None})>]
2020-01-21 18:49:21,750 - BDM-WAM 1579632557.7361097 - INFO - [<Event(4-MouseMotion {'pos': (620, 522), 'rel': (1, -3), 'buttons': (0, 0, 0), 'window': None})>]
2020-01-21 18:49:21,768 - BDM-WAM 1579632557.7361097 - INFO - [<Event(4-MouseMotion {'pos': (629, 501), 'rel': (9, -21), 'buttons': (0, 0, 0), 'window': None})>]
2020-01-21 18:49:21,784 - BDM-WAM 1579632557.7361097 - INFO - [<Event(4-MouseMotion {'pos': (639, 478), 'rel': (10, -23), 'buttons': (0, 0, 0), 'window': None})>]
2020-01-21 18:49:21,801 - BDM-WAM 1579632557.7361097 - INFO - [<Event(4-MouseMotion {'pos': (641, 468), 'rel': (2, -10), 'buttons': (0, 0, 0), 'window': None})>]
2020-01-21 18:49:21,819 - BDM-WAM 1579632557.7361097 - INFO - [<Event(4-MouseMotion {'pos': (643, 460), 'rel': (2, -8), 'buttons': (0, 0, 0), 'window': None})>]
2020-01-21 18:49:21,836 - BDM-WAM 1579632557.7361097 - INFO - [<Event(4-MouseMotion {'pos': (645, 447), 'rel': (2, -13), 'buttons': (0, 0, 0), 'window': None})>]
2020-01-21 18:49:21,853 - BDM-WAM 1579632557.7361097 - INFO - [<Event(4-MouseMotion {'pos': (647, 424), 'rel': (2, -23), 'buttons': (0, 0, 0), 'window': None})>]
2020-01-21 18:49:21,870 - BDM-WAM 1579632557.7361097 - INFO - [<Event(4-MouseMotion {'pos': (650, 376), 'rel': (3, -48), 'buttons': (0, 0, 0), 'window': None})>]
2020-01-21 18:49:21,887 - BDM-WAM 1579632557.7361097 - INFO - [<Event(4-MouseMotion {'pos': (650, 336), 'rel': (0, -40), 'buttons': (0, 0, 0), 'window': None})>]
2020-01-21 18:49:21,905 - BDM-WAM 1579632557.7361097 - INFO - [<Event(4-MouseMotion {'pos': (650, 317), 'rel': (0, -19), 'buttons': (0, 0, 0), 'window': None})>]
2020-01-21 18:49:21,921 - BDM-WAM 1579632557.7361097 - INFO - [<Event(4-MouseMotion {'pos': (650, 296), 'rel': (0, -21), 'buttons': (0, 0, 0), 'window': None})>]
2020-01-21 18:49:21,940 - BDM-WAM 1579632557.7361097 - INFO - [<Event(4-MouseMotion {'pos': (651, 269), 'rel': (1, -27), 'buttons': (0, 0, 0), 'window': None})>]
2020-01-21 18:49:21,956 - BDM-WAM 1579632557.7361097 - INFO - [<Event(4-MouseMotion {'pos': (652, 252), 'rel': (1, -17), 'buttons': (0, 0, 0), 'window': None})>]
2020-01-21 18:49:21,972 - BDM-WAM 1579632557.7361097 - INFO - [<Event(4-MouseMotion {'pos': (652, 240), 'rel': (0, -12), 'buttons': (0, 0, 0), 'window': None})>]
2020-01-21 18:49:21,989 - BDM-WAM 1579632557.7361097 - INFO - [<Event(4-MouseMotion {'pos': (652, 233), 'rel': (0, -7), 'buttons': (0, 0, 0), 'window': None})>]
2020-01-21 18:49:22,006 - BDM-WAM 1579632557.7361097 - INFO - [<Event(4-MouseMotion {'pos': (652, 225), 'rel': (0, -8), 'buttons': (0, 0, 0), 'window': None})>]
2020-01-21 18:49:22,023 - BDM-WAM 1579632557.7361097 - INFO - [<Event(4-MouseMotion {'pos': (652, 220), 'rel': (0, -5), 'buttons': (0, 0, 0), 'window': None})>]
2020-01-21 18:49:22,040 - BDM-WAM 1579632557.7361097 - INFO - [<Event(4-MouseMotion {'pos': (652, 216), 'rel': (0, -4), 'buttons': (0, 0, 0), 'window': None})>]
2020-01-21 18:49:22,057 - BDM-WAM 1579632557.7361097 - INFO - [<Event(4-MouseMotion {'pos': (652, 214), 'rel': (0, -2), 'buttons': (0, 0, 0), 'window': None})>]
2020-01-21 18:49:22,075 - BDM-WAM 1579632557.7361097 - INFO - [<Event(4-MouseMotion {'pos': (652, 212), 'rel': (0, -2), 'buttons': (0, 0, 0), 'window': None})>]
2020-01-21 18:49:22,091 - BDM-WAM 1579632557.7361097 - INFO - [<Event(4-MouseMotion {'pos': (652, 208), 'rel': (0, -4), 'buttons': (0, 0, 0), 'window': None})>]
2020-01-21 18:49:22,108 - BDM-WAM 1579632557.7361097 - INFO - [<Event(4-MouseMotion {'pos': (651, 202), 'rel': (-1, -6), 'buttons': (0, 0, 0), 'window': None})>]
2020-01-21 18:49:22,124 - BDM-WAM 1579632557.7361097 - INFO - [<Event(4-MouseMotion {'pos': (649, 193), 'rel': (-2, -9), 'buttons': (0, 0, 0), 'window': None})>]
2020-01-21 18:49:22,141 - BDM-WAM 1579632557.7361097 - INFO - [<Event(4-MouseMotion {'pos': (647, 173), 'rel': (-2, -20), 'buttons': (0, 0, 0), 'window': None})>]
2020-01-21 18:49:22,158 - BDM-WAM 1579632557.7361097 - INFO - [<Event(4-MouseMotion {'pos': (643, 149), 'rel': (-4, -24), 'buttons': (0, 0, 0), 'window': None})>]
2020-01-21 18:49:22,176 - BDM-WAM 1579632557.7361097 - INFO - [<Event(4-MouseMotion {'pos': (641, 128), 'rel': (-2, -21), 'buttons': (0, 0, 0), 'window': None})>]
2020-01-21 18:49:22,195 - BDM-WAM 1579632557.7361097 - INFO - [<Event(4-MouseMotion {'pos': (639, 108), 'rel': (-2, -20), 'buttons': (0, 0, 0), 'window': None})>]
2020-01-21 18:49:22,210 - BDM-WAM 1579632557.7361097 - INFO - [<Event(4-MouseMotion {'pos': (639, 94), 'rel': (0, -14), 'buttons': (0, 0, 0), 'window': None})>]
2020-01-21 18:49:22,227 - BDM-WAM 1579632557.7361097 - INFO - [<Event(4-MouseMotion {'pos': (639, 80), 'rel': (0, -14), 'buttons': (0, 0, 0), 'window': None})>]
2020-01-21 18:49:22,244 - BDM-WAM 1579632557.7361097 - INFO - [<Event(4-MouseMotion {'pos': (638, 67), 'rel': (-1, -13), 'buttons': (0, 0, 0), 'window': None})>]
2020-01-21 18:49:22,261 - BDM-WAM 1579632557.7361097 - INFO - [<Event(4-MouseMotion {'pos': (638, 53), 'rel': (0, -14), 'buttons': (0, 0, 0), 'window': None})>]
2020-01-21 18:49:22,280 - BDM-WAM 1579632557.7361097 - INFO - [<Event(4-MouseMotion {'pos': (638, 43), 'rel': (0, -10), 'buttons': (0, 0, 0), 'window': None})>]
2020-01-21 18:49:22,334 - BDM-WAM 1579632557.7361097 - INFO - [<Event(4-MouseMotion {'pos': (637, 22), 'rel': (-1, -21), 'buttons': (0, 0, 0), 'window': None})>]
2020-01-21 18:49:22,335 - BDM-WAM 1579632557.7361097 - INFO - []
2020-01-21 18:49:22,389 - BDM-WAM 1579632557.7361097 - INFO - [<Event(4-MouseMotion {'pos': (637, 17), 'rel': (0, -5), 'buttons': (0, 0, 0), 'window': None})>]
2020-01-21 18:49:22,390 - BDM-WAM 1579632557.7361097 - INFO - []
2020-01-21 18:49:22,456 - BDM-WAM 1579632557.7361097 - INFO - []
2020-01-21 18:49:22,495 - BDM-WAM 1579632557.7361097 - INFO - <Event(10-MoleUp) {'loc': (179,169)})>
2020-01-21 18:49:22,497 - BDM-WAM 1579632557.7361097 - INFO - [<Event(4-MouseMotion {'pos': (638, 17), 'rel': (1, 0), 'buttons': (0, 0, 0), 'window': None})>]
2020-01-21 18:49:22,550 - BDM-WAM 1579632557.7361097 - INFO - [<Event(4-MouseMotion {'pos': (649, 20), 'rel': (11, 3), 'buttons': (0, 0, 0), 'window': None})>]
2020-01-21 18:49:22,552 - BDM-WAM 1579632557.7361097 - INFO - []
2020-01-21 18:49:22,600 - BDM-WAM 1579632557.7361097 - INFO - []
2020-01-21 18:49:22,601 - BDM-WAM 1579632557.7361097 - INFO - []
2020-01-21 18:49:22,619 - BDM-WAM 1579632557.7361097 - INFO - []
2020-01-21 18:49:22,673 - BDM-WAM 1579632557.7361097 - INFO - []
2020-01-21 18:49:22,675 - BDM-WAM 1579632557.7361097 - INFO - []
2020-01-21 18:49:22,692 - BDM-WAM 1579632557.7361097 - INFO - [<Event(4-MouseMotion {'pos': (648, 26), 'rel': (-1, 6), 'buttons': (0, 0, 0), 'window': None})>]
2020-01-21 18:49:22,709 - BDM-WAM 1579632557.7361097 - INFO - [<Event(4-MouseMotion {'pos': (643, 36), 'rel': (-5, 10), 'buttons': (0, 0, 0), 'window': None})>]
2020-01-21 18:49:22,726 - BDM-WAM 1579632557.7361097 - INFO - [<Event(4-MouseMotion {'pos': (641, 40), 'rel': (-2, 4), 'buttons': (0, 0, 0), 'window': None})>]
2020-01-21 18:49:22,743 - BDM-WAM 1579632557.7361097 - INFO - [<Event(4-MouseMotion {'pos': (640, 42), 'rel': (-1, 2), 'buttons': (0, 0, 0), 'window': None})>]
2020-01-21 18:49:22,760 - BDM-WAM 1579632557.7361097 - INFO - [<Event(4-MouseMotion {'pos': (640, 43), 'rel': (0, 1), 'buttons': (0, 0, 0), 'window': None})>]
2020-01-21 18:49:22,777 - BDM-WAM 1579632557.7361097 - INFO - []
2020-01-21 18:49:22,794 - BDM-WAM 1579632557.7361097 - INFO - []
2020-01-21 18:49:22,811 - BDM-WAM 1579632557.7361097 - INFO - [<Event(4-MouseMotion {'pos': (640, 44), 'rel': (0, 1), 'buttons': (0, 0, 0), 'window': None})>]
2020-01-21 18:49:22,828 - BDM-WAM 1579632557.7361097 - INFO - [<Event(4-MouseMotion {'pos': (633, 53), 'rel': (-7, 9), 'buttons': (0, 0, 0), 'window': None})>]
2020-01-21 18:49:22,845 - BDM-WAM 1579632557.7361097 - INFO - [<Event(4-MouseMotion {'pos': (612, 76), 'rel': (-21, 23), 'buttons': (0, 0, 0), 'window': None})>]
2020-01-21 18:49:22,864 - BDM-WAM 1579632557.7361097 - INFO - [<Event(4-MouseMotion {'pos': (567, 107), 'rel': (-45, 31), 'buttons': (0, 0, 0), 'window': None})>]
2020-01-21 18:49:22,881 - BDM-WAM 1579632557.7361097 - INFO - [<Event(4-MouseMotion {'pos': (518, 134), 'rel': (-49, 27), 'buttons': (0, 0, 0), 'window': None})>]
2020-01-21 18:49:22,897 - BDM-WAM 1579632557.7361097 - INFO - [<Event(4-MouseMotion {'pos': (491, 145), 'rel': (-27, 11), 'buttons': (0, 0, 0), 'window': None})>]
2020-01-21 18:49:22,915 - BDM-WAM 1579632557.7361097 - INFO - [<Event(4-MouseMotion {'pos': (469, 154), 'rel': (-22, 9), 'buttons': (0, 0, 0), 'window': None})>]
2020-01-21 18:49:22,936 - BDM-WAM 1579632557.7361097 - INFO - [<Event(4-MouseMotion {'pos': (460, 157), 'rel': (-9, 3), 'buttons': (0, 0, 0), 'window': None})>]
2020-01-21 18:49:22,951 - BDM-WAM 1579632557.7361097 - INFO - []
2020-01-21 18:49:22,967 - BDM-WAM 1579632557.7361097 - INFO - []
2020-01-21 18:49:22,984 - BDM-WAM 1579632557.7361097 - INFO - []
2020-01-21 18:49:23,000 - BDM-WAM 1579632557.7361097 - INFO - []
2020-01-21 18:49:23,017 - BDM-WAM 1579632557.7361097 - INFO - []
2020-01-21 18:49:23,033 - BDM-WAM 1579632557.7361097 - INFO - []
2020-01-21 18:49:23,050 - BDM-WAM 1579632557.7361097 - INFO - []
2020-01-21 18:49:23,068 - BDM-WAM 1579632557.7361097 - INFO - [<Event(4-MouseMotion {'pos': (449, 156), 'rel': (-11, -1), 'buttons': (0, 0, 0), 'window': None})>]
2020-01-21 18:49:23,084 - BDM-WAM 1579632557.7361097 - INFO - [<Event(4-MouseMotion {'pos': (420, 156), 'rel': (-29, 0), 'buttons': (0, 0, 0), 'window': None})>]
2020-01-21 18:49:23,101 - BDM-WAM 1579632557.7361097 - INFO - [<Event(4-MouseMotion {'pos': (389, 156), 'rel': (-31, 0), 'buttons': (0, 0, 0), 'window': None})>]
2020-01-21 18:49:23,119 - BDM-WAM 1579632557.7361097 - INFO - [<Event(4-MouseMotion {'pos': (373, 156), 'rel': (-16, 0), 'buttons': (0, 0, 0), 'window': None})>]
2020-01-21 18:49:23,135 - BDM-WAM 1579632557.7361097 - INFO - [<Event(4-MouseMotion {'pos': (365, 157), 'rel': (-8, 1), 'buttons': (0, 0, 0), 'window': None})>]
2020-01-21 18:49:23,152 - BDM-WAM 1579632557.7361097 - INFO - [<Event(4-MouseMotion {'pos': (361, 158), 'rel': (-4, 1), 'buttons': (0, 0, 0), 'window': None})>]
2020-01-21 18:49:23,169 - BDM-WAM 1579632557.7361097 - INFO - [<Event(4-MouseMotion {'pos': (359, 159), 'rel': (-2, 1), 'buttons': (0, 0, 0), 'window': None})>]
2020-01-21 18:49:23,186 - BDM-WAM 1579632557.7361097 - INFO - []
2020-01-21 18:49:23,203 - BDM-WAM 1579632557.7361097 - INFO - []
2020-01-21 18:49:23,220 - BDM-WAM 1579632557.7361097 - INFO - [<Event(4-MouseMotion {'pos': (355, 161), 'rel': (-4, 2), 'buttons': (0, 0, 0), 'window': None})>]
2020-01-21 18:49:23,237 - BDM-WAM 1579632557.7361097 - INFO - [<Event(4-MouseMotion {'pos': (340, 171), 'rel': (-15, 10), 'buttons': (0, 0, 0), 'window': None})>]
2020-01-21 18:49:23,254 - BDM-WAM 1579632557.7361097 - INFO - [<Event(4-MouseMotion {'pos': (320, 181), 'rel': (-20, 10), 'buttons': (0, 0, 0), 'window': None})>]
2020-01-21 18:49:23,271 - BDM-WAM 1579632557.7361097 - INFO - [<Event(4-MouseMotion {'pos': (303, 188), 'rel': (-17, 7), 'buttons': (0, 0, 0), 'window': None})>]
2020-01-21 18:49:23,288 - BDM-WAM 1579632557.7361097 - INFO - [<Event(4-MouseMotion {'pos': (280, 196), 'rel': (-23, 8), 'buttons': (0, 0, 0), 'window': None})>]
2020-01-21 18:49:23,305 - BDM-WAM 1579632557.7361097 - INFO - [<Event(4-MouseMotion {'pos': (251, 207), 'rel': (-29, 11), 'buttons': (0, 0, 0), 'window': None})>]
2020-01-21 18:49:23,324 - BDM-WAM 1579632557.7361097 - INFO - [<Event(4-MouseMotion {'pos': (237, 212), 'rel': (-14, 5), 'buttons': (0, 0, 0), 'window': None})>]
2020-01-21 18:49:23,340 - BDM-WAM 1579632557.7361097 - INFO - [<Event(4-MouseMotion {'pos': (235, 212), 'rel': (-2, 0), 'buttons': (0, 0, 0), 'window': None})>]
2020-01-21 18:49:23,357 - BDM-WAM 1579632557.7361097 - INFO - []
2020-01-21 18:49:23,374 - BDM-WAM 1579632557.7361097 - INFO - []
2020-01-21 18:49:23,390 - BDM-WAM 1579632557.7361097 - INFO - []
2020-01-21 18:49:23,408 - BDM-WAM 1579632557.7361097 - INFO - []
2020-01-21 18:49:23,425 - BDM-WAM 1579632557.7361097 - INFO - []
2020-01-21 18:49:23,442 - BDM-WAM 1579632557.7361097 - INFO - []
2020-01-21 18:49:23,459 - BDM-WAM 1579632557.7361097 - INFO - []
2020-01-21 18:49:23,476 - BDM-WAM 1579632557.7361097 - INFO - []
2020-01-21 18:49:23,492 - BDM-WAM 1579632557.7361097 - INFO - []
2020-01-21 18:49:23,510 - BDM-WAM 1579632557.7361097 - INFO - []
2020-01-21 18:49:23,527 - BDM-WAM 1579632557.7361097 - INFO - []
2020-01-21 18:49:23,543 - BDM-WAM 1579632557.7361097 - INFO - []
2020-01-21 18:49:23,561 - BDM-WAM 1579632557.7361097 - INFO - [<Event(5-MouseButtonDown {'pos': (235, 212), 'button': 1, 'window': None})>]
2020-01-21 18:49:23,562 - BDM-WAM 1579632557.7361097 - INFO - <Event(8-Pause {'reason': hit_conf })>
2020-01-21 18:49:24,450 - BDM-WAM 1579632557.7361097 - INFO - <Event(7-Rate {'hit_conf': 3 })>
2020-01-21 18:49:24,671 - BDM-WAM 1579632557.7361097 - INFO - <Event(7-Rate {'reward_conf': 3 })>
2020-01-21 18:49:24,865 - BDM-WAM 1579632557.7361097 - INFO - <Event(7-Rate {'player_skill': 3 })>
2020-01-21 18:49:24,865 - BDM-WAM 1579632557.7361097 - INFO - <Event(9.1-TrueHit {'pos': (235,212),'distance: 70.60453243241541,'relative_loc: (56, 43),'window': None})>
2020-01-21 18:49:24,866 - BDM-WAM 1579632557.7361097 - INFO - <Event(11-Score {score_inc: 0,score: 0})>
2020-01-21 18:49:24,901 - BDM-WAM 1579632557.7361097 - INFO - []
2020-01-21 18:49:24,902 - BDM-WAM 1579632557.7361097 - INFO - []
2020-01-21 18:49:24,954 - BDM-WAM 1579632557.7361097 - INFO - []
2020-01-21 18:49:24,956 - BDM-WAM 1579632557.7361097 - INFO - []
2020-01-21 18:49:25,004 - BDM-WAM 1579632557.7361097 - INFO - []
2020-01-21 18:49:25,067 - BDM-WAM 1579632557.7361097 - INFO - <Event(10-MoleUp) {'loc': (119,366)})>
2020-01-21 18:49:25,068 - BDM-WAM 1579632557.7361097 - INFO - [<Event(3-KeyUp {'key': 51, 'mod': 0, 'scancode': 4, 'window': None})>]
2020-01-21 18:49:25,129 - BDM-WAM 1579632557.7361097 - INFO - [<Event(4-MouseMotion {'pos': (392, 316), 'rel': (-2, 3), 'buttons': (0, 0, 0), 'window': None})>]
2020-01-21 18:49:25,132 - BDM-WAM 1579632557.7361097 - INFO - [<Event(4-MouseMotion {'pos': (391, 316), 'rel': (-1, 0), 'buttons': (0, 0, 0), 'window': None})>]
2020-01-21 18:49:25,180 - BDM-WAM 1579632557.7361097 - INFO - [<Event(4-MouseMotion {'pos': (361, 324), 'rel': (-30, 8), 'buttons': (0, 0, 0), 'window': None})>]
2020-01-21 18:49:25,183 - BDM-WAM 1579632557.7361097 - INFO - []
2020-01-21 18:49:25,232 - BDM-WAM 1579632557.7361097 - INFO - [<Event(4-MouseMotion {'pos': (312, 326), 'rel': (-49, 2), 'buttons': (0, 0, 0), 'window': None})>]
2020-01-21 18:49:25,234 - BDM-WAM 1579632557.7361097 - INFO - []
2020-01-21 18:49:25,252 - BDM-WAM 1579632557.7361097 - INFO - [<Event(4-MouseMotion {'pos': (305, 324), 'rel': (-7, -2), 'buttons': (0, 0, 0), 'window': None})>]
2020-01-21 18:49:25,269 - BDM-WAM 1579632557.7361097 - INFO - []
2020-01-21 18:49:25,286 - BDM-WAM 1579632557.7361097 - INFO - []
2020-01-21 18:49:25,303 - BDM-WAM 1579632557.7361097 - INFO - []
2020-01-21 18:49:25,320 - BDM-WAM 1579632557.7361097 - INFO - []
2020-01-21 18:49:25,337 - BDM-WAM 1579632557.7361097 - INFO - []
2020-01-21 18:49:25,353 - BDM-WAM 1579632557.7361097 - INFO - []
2020-01-21 18:49:25,370 - BDM-WAM 1579632557.7361097 - INFO - []
2020-01-21 18:49:25,386 - BDM-WAM 1579632557.7361097 - INFO - []
2020-01-21 18:49:25,404 - BDM-WAM 1579632557.7361097 - INFO - []
2020-01-21 18:49:25,420 - BDM-WAM 1579632557.7361097 - INFO - []
2020-01-21 18:49:25,437 - BDM-WAM 1579632557.7361097 - INFO - []
2020-01-21 18:49:25,454 - BDM-WAM 1579632557.7361097 - INFO - []
2020-01-21 18:49:25,470 - BDM-WAM 1579632557.7361097 - INFO - []
2020-01-21 18:49:25,487 - BDM-WAM 1579632557.7361097 - INFO - []
2020-01-21 18:49:25,505 - BDM-WAM 1579632557.7361097 - INFO - [<Event(4-MouseMotion {'pos': (303, 324), 'rel': (-2, 0), 'buttons': (0, 0, 0), 'window': None})>]
2020-01-21 18:49:25,523 - BDM-WAM 1579632557.7361097 - INFO - [<Event(4-MouseMotion {'pos': (256, 351), 'rel': (-47, 27), 'buttons': (0, 0, 0), 'window': None})>]
2020-01-21 18:49:25,539 - BDM-WAM 1579632557.7361097 - INFO - [<Event(4-MouseMotion {'pos': (204, 379), 'rel': (-52, 28), 'buttons': (0, 0, 0), 'window': None})>]
2020-01-21 18:49:25,557 - BDM-WAM 1579632557.7361097 - INFO - [<Event(4-MouseMotion {'pos': (144, 412), 'rel': (-60, 33), 'buttons': (0, 0, 0), 'window': None})>]
2020-01-21 18:49:25,574 - BDM-WAM 1579632557.7361097 - INFO - [<Event(4-MouseMotion {'pos': (107, 434), 'rel': (-37, 22), 'buttons': (0, 0, 0), 'window': None})>]
2020-01-21 18:49:25,592 - BDM-WAM 1579632557.7361097 - INFO - [<Event(4-MouseMotion {'pos': (87, 447), 'rel': (-20, 13), 'buttons': (0, 0, 0), 'window': None})>]
2020-01-21 18:49:25,609 - BDM-WAM 1579632557.7361097 - INFO - [<Event(4-MouseMotion {'pos': (86, 447), 'rel': (-1, 0), 'buttons': (0, 0, 0), 'window': None})>]
2020-01-21 18:49:25,625 - BDM-WAM 1579632557.7361097 - INFO - []
2020-01-21 18:49:25,641 - BDM-WAM 1579632557.7361097 - INFO - []
2020-01-21 18:49:25,658 - BDM-WAM 1579632557.7361097 - INFO - []
2020-01-21 18:49:25,675 - BDM-WAM 1579632557.7361097 - INFO - []
2020-01-21 18:49:25,693 - BDM-WAM 1579632557.7361097 - INFO - []
2020-01-21 18:49:25,710 - BDM-WAM 1579632557.7361097 - INFO - []
2020-01-21 18:49:25,727 - BDM-WAM 1579632557.7361097 - INFO - []
2020-01-21 18:49:25,744 - BDM-WAM 1579632557.7361097 - INFO - []
2020-01-21 18:49:25,760 - BDM-WAM 1579632557.7361097 - INFO - []
2020-01-21 18:49:25,778 - BDM-WAM 1579632557.7361097 - INFO - [<Event(4-MouseMotion {'pos': (87, 447), 'rel': (1, 0), 'buttons': (0, 0, 0), 'window': None})>]
2020-01-21 18:49:25,795 - BDM-WAM 1579632557.7361097 - INFO - [<Event(4-MouseMotion {'pos': (94, 448), 'rel': (7, 1), 'buttons': (0, 0, 0), 'window': None})>]
2020-01-21 18:49:25,812 - BDM-WAM 1579632557.7361097 - INFO - [<Event(4-MouseMotion {'pos': (109, 442), 'rel': (15, -6), 'buttons': (0, 0, 0), 'window': None})>]
2020-01-21 18:49:25,829 - BDM-WAM 1579632557.7361097 - INFO - [<Event(4-MouseMotion {'pos': (141, 426), 'rel': (32, -16), 'buttons': (0, 0, 0), 'window': None})>]
2020-01-21 18:49:25,845 - BDM-WAM 1579632557.7361097 - INFO - [<Event(4-MouseMotion {'pos': (154, 419), 'rel': (13, -7), 'buttons': (0, 0, 0), 'window': None})>]
2020-01-21 18:49:25,863 - BDM-WAM 1579632557.7361097 - INFO - [<Event(4-MouseMotion {'pos': (163, 413), 'rel': (9, -6), 'buttons': (0, 0, 0), 'window': None})>]
2020-01-21 18:49:25,880 - BDM-WAM 1579632557.7361097 - INFO - [<Event(4-MouseMotion {'pos': (170, 409), 'rel': (7, -4), 'buttons': (0, 0, 0), 'window': None})>]
2020-01-21 18:49:25,898 - BDM-WAM 1579632557.7361097 - INFO - [<Event(4-MouseMotion {'pos': (172, 407), 'rel': (2, -2), 'buttons': (0, 0, 0), 'window': None})>]
2020-01-21 18:49:25,914 - BDM-WAM 1579632557.7361097 - INFO - [<Event(4-MouseMotion {'pos': (173, 407), 'rel': (1, 0), 'buttons': (0, 0, 0), 'window': None})>]
2020-01-21 18:49:25,931 - BDM-WAM 1579632557.7361097 - INFO - []
2020-01-21 18:49:25,948 - BDM-WAM 1579632557.7361097 - INFO - []
2020-01-21 18:49:25,965 - BDM-WAM 1579632557.7361097 - INFO - []
2020-01-21 18:49:25,982 - BDM-WAM 1579632557.7361097 - INFO - []
2020-01-21 18:49:25,998 - BDM-WAM 1579632557.7361097 - INFO - []
2020-01-21 18:49:26,015 - BDM-WAM 1579632557.7361097 - INFO - []
2020-01-21 18:49:26,032 - BDM-WAM 1579632557.7361097 - INFO - []
2020-01-21 18:49:26,049 - BDM-WAM 1579632557.7361097 - INFO - []
2020-01-21 18:49:26,066 - BDM-WAM 1579632557.7361097 - INFO - []
2020-01-21 18:49:26,083 - BDM-WAM 1579632557.7361097 - INFO - []
2020-01-21 18:49:26,103 - BDM-WAM 1579632557.7361097 - INFO - []
2020-01-21 18:49:26,119 - BDM-WAM 1579632557.7361097 - INFO - []
2020-01-21 18:49:26,136 - BDM-WAM 1579632557.7361097 - INFO - []
2020-01-21 18:49:26,153 - BDM-WAM 1579632557.7361097 - INFO - []
2020-01-21 18:49:26,170 - BDM-WAM 1579632557.7361097 - INFO - []
2020-01-21 18:49:26,186 - BDM-WAM 1579632557.7361097 - INFO - []
2020-01-21 18:49:26,238 - BDM-WAM 1579632557.7361097 - INFO - []
2020-01-21 18:49:26,241 - BDM-WAM 1579632557.7361097 - INFO - [<Event(4-MouseMotion {'pos': (173, 406), 'rel': (0, -1), 'buttons': (0, 0, 0), 'window': None})>]
2020-01-21 18:49:26,297 - BDM-WAM 1579632557.7361097 - INFO - [<Event(4-MouseMotion {'pos': (160, 396), 'rel': (-13, -10), 'buttons': (0, 0, 0), 'window': None})>]
2020-01-21 18:49:26,299 - BDM-WAM 1579632557.7361097 - INFO - []
2020-01-21 18:49:26,351 - BDM-WAM 1579632557.7361097 - INFO - []
2020-01-21 18:49:26,382 - BDM-WAM 1579632557.7361097 - INFO - <Event(10-MoleUp) {'loc': (381,295)})>
2020-01-21 18:49:26,383 - BDM-WAM 1579632557.7361097 - INFO - []
2020-01-21 18:49:26,401 - BDM-WAM 1579632557.7361097 - INFO - []
2020-01-21 18:49:26,453 - BDM-WAM 1579632557.7361097 - INFO - []
2020-01-21 18:49:26,455 - BDM-WAM 1579632557.7361097 - INFO - []
2020-01-21 18:49:26,514 - BDM-WAM 1579632557.7361097 - INFO - []
2020-01-21 18:49:26,516 - BDM-WAM 1579632557.7361097 - INFO - []
2020-01-21 18:49:26,571 - BDM-WAM 1579632557.7361097 - INFO - []
2020-01-21 18:49:26,573 - BDM-WAM 1579632557.7361097 - INFO - []
2020-01-21 18:49:26,590 - BDM-WAM 1579632557.7361097 - INFO - []
2020-01-21 18:49:26,607 - BDM-WAM 1579632557.7361097 - INFO - []
2020-01-21 18:49:26,624 - BDM-WAM 1579632557.7361097 - INFO - []
2020-01-21 18:49:26,641 - BDM-WAM 1579632557.7361097 - INFO - []
2020-01-21 18:49:26,658 - BDM-WAM 1579632557.7361097 - INFO - []
2020-01-21 18:49:26,675 - BDM-WAM 1579632557.7361097 - INFO - []
2020-01-21 18:49:26,692 - BDM-WAM 1579632557.7361097 - INFO - []
2020-01-21 18:49:26,708 - BDM-WAM 1579632557.7361097 - INFO - []
2020-01-21 18:49:26,726 - BDM-WAM 1579632557.7361097 - INFO - []
2020-01-21 18:49:26,742 - BDM-WAM 1579632557.7361097 - INFO - []
2020-01-21 18:49:26,760 - BDM-WAM 1579632557.7361097 - INFO - []
2020-01-21 18:49:26,776 - BDM-WAM 1579632557.7361097 - INFO - []
2020-01-21 18:49:26,793 - BDM-WAM 1579632557.7361097 - INFO - []
2020-01-21 18:49:26,811 - BDM-WAM 1579632557.7361097 - INFO - []
2020-01-21 18:49:26,828 - BDM-WAM 1579632557.7361097 - INFO - []
2020-01-21 18:49:26,845 - BDM-WAM 1579632557.7361097 - INFO - []
2020-01-21 18:49:26,862 - BDM-WAM 1579632557.7361097 - INFO - []
2020-01-21 18:49:26,879 - BDM-WAM 1579632557.7361097 - INFO - []
2020-01-21 18:49:26,895 - BDM-WAM 1579632557.7361097 - INFO - []
2020-01-21 18:49:26,913 - BDM-WAM 1579632557.7361097 - INFO - []
2020-01-21 18:49:26,929 - BDM-WAM 1579632557.7361097 - INFO - []
2020-01-21 18:49:26,947 - BDM-WAM 1579632557.7361097 - INFO - []
2020-01-21 18:49:26,965 - BDM-WAM 1579632557.7361097 - INFO - [<Event(2-KeyDown {'unicode': 'p', 'key': 112, 'mod': 0, 'scancode': 25, 'window': None})>]
2020-01-21 18:49:26,965 - BDM-WAM 1579632557.7361097 - INFO - <Event(8-Pause {'reason': pause })>
