2019-11-23 22:07:39,685 - BDM-WAM 1574546859.4667945 - INFO - <Event(17-VideoExpose {})>
2019-11-23 22:07:42,464 - BDM-WAM 1574546859.4667945 - INFO - <Event(1-ActiveEvent {'gain': 0, 'state': 1})>
2019-11-23 22:07:42,465 - BDM-WAM 1574546859.4667945 - INFO - <Event(4-MouseMotion {'rel': (1008, 838), 'buttons': (0, 0, 0), 'pos': (1007, 837), 'window': None})>
2019-11-23 22:07:42,465 - BDM-WAM 1574546859.4667945 - INFO - <Event(1-ActiveEvent {'gain': 1, 'state': 1})>
2019-11-23 22:07:42,466 - BDM-WAM 1574546859.4667945 - INFO - <Event(4-MouseMotion {'rel': (-115, 0), 'buttons': (0, 0, 0), 'pos': (892, 837), 'window': None})>
2019-11-23 22:07:42,685 - BDM-WAM 1574546859.4667945 - INFO - <Event(3-KeyUp {'scancode': 46, 'key': 99, 'window': None, 'mod': 0})>
2019-11-23 22:07:42,788 - BDM-WAM 1574546859.4667945 - INFO - <Event(4-MouseMotion {'rel': (0, -17), 'buttons': (0, 0, 0), 'pos': (805, 701), 'window': None})>
2019-11-23 22:07:42,905 - BDM-WAM 1574546859.4667945 - INFO - <Event(4-MouseMotion {'rel': (27, -187), 'buttons': (0, 0, 0), 'pos': (832, 514), 'window': None})>
2019-11-23 22:07:42,910 - BDM-WAM 1574546859.4667945 - INFO - <Event(4-MouseMotion {'rel': (1, -4), 'buttons': (0, 0, 0), 'pos': (833, 510), 'window': None})>
2019-11-23 22:07:42,925 - BDM-WAM 1574546859.4667945 - INFO - <Event(4-MouseMotion {'rel': (0, -21), 'buttons': (0, 0, 0), 'pos': (833, 489), 'window': None})>
2019-11-23 22:07:42,941 - BDM-WAM 1574546859.4667945 - INFO - <Event(4-MouseMotion {'rel': (-4, -25), 'buttons': (0, 0, 0), 'pos': (829, 464), 'window': None})>
2019-11-23 22:07:42,958 - BDM-WAM 1574546859.4667945 - INFO - <Event(4-MouseMotion {'rel': (0, -2), 'buttons': (0, 0, 0), 'pos': (829, 462), 'window': None})>
2019-11-23 22:07:43,042 - BDM-WAM 1574546859.4667945 - INFO - <Event(4-MouseMotion {'rel': (-1, 0), 'buttons': (0, 0, 0), 'pos': (828, 462), 'window': None})>
2019-11-23 22:07:43,060 - BDM-WAM 1574546859.4667945 - INFO - <Event(4-MouseMotion {'rel': (-35, -11), 'buttons': (0, 0, 0), 'pos': (793, 451), 'window': None})>
2019-11-23 22:07:43,076 - BDM-WAM 1574546859.4667945 - INFO - <Event(4-MouseMotion {'rel': (-56, -8), 'buttons': (0, 0, 0), 'pos': (737, 443), 'window': None})>
2019-11-23 22:07:43,092 - BDM-WAM 1574546859.4667945 - INFO - <Event(4-MouseMotion {'rel': (-54, 2), 'buttons': (0, 0, 0), 'pos': (683, 445), 'window': None})>
2019-11-23 22:07:43,109 - BDM-WAM 1574546859.4667945 - INFO - <Event(4-MouseMotion {'rel': (-53, 5), 'buttons': (0, 0, 0), 'pos': (630, 450), 'window': None})>
2019-11-23 22:07:43,127 - BDM-WAM 1574546859.4667945 - INFO - <Event(4-MouseMotion {'rel': (-63, 9), 'buttons': (0, 0, 0), 'pos': (567, 459), 'window': None})>
2019-11-23 22:07:43,143 - BDM-WAM 1574546859.4667945 - INFO - <Event(4-MouseMotion {'rel': (-30, 6), 'buttons': (0, 0, 0), 'pos': (537, 465), 'window': None})>
2019-11-23 22:07:43,160 - BDM-WAM 1574546859.4667945 - INFO - <Event(4-MouseMotion {'rel': (-8, 2), 'buttons': (0, 0, 0), 'pos': (529, 467), 'window': None})>
2019-11-23 22:07:43,297 - BDM-WAM 1574546859.4667945 - INFO - <Event(4-MouseMotion {'rel': (0, 1), 'buttons': (0, 0, 0), 'pos': (529, 468), 'window': None})>
2019-11-23 22:07:43,313 - BDM-WAM 1574546859.4667945 - INFO - <Event(4-MouseMotion {'rel': (11, 12), 'buttons': (0, 0, 0), 'pos': (540, 480), 'window': None})>
2019-11-23 22:07:43,330 - BDM-WAM 1574546859.4667945 - INFO - <Event(4-MouseMotion {'rel': (27, 28), 'buttons': (0, 0, 0), 'pos': (567, 508), 'window': None})>
2019-11-23 22:07:43,347 - BDM-WAM 1574546859.4667945 - INFO - <Event(4-MouseMotion {'rel': (37, 37), 'buttons': (0, 0, 0), 'pos': (604, 545), 'window': None})>
2019-11-23 22:07:43,367 - BDM-WAM 1574546859.4667945 - INFO - <Event(4-MouseMotion {'rel': (51, 53), 'buttons': (0, 0, 0), 'pos': (655, 598), 'window': None})>
2019-11-23 22:07:43,380 - BDM-WAM 1574546859.4667945 - INFO - <Event(4-MouseMotion {'rel': (24, 26), 'buttons': (0, 0, 0), 'pos': (679, 624), 'window': None})>
2019-11-23 22:07:43,399 - BDM-WAM 1574546859.4667945 - INFO - <Event(4-MouseMotion {'rel': (17, 20), 'buttons': (0, 0, 0), 'pos': (696, 644), 'window': None})>
2019-11-23 22:07:43,417 - BDM-WAM 1574546859.4667945 - INFO - <Event(4-MouseMotion {'rel': (5, 5), 'buttons': (0, 0, 0), 'pos': (701, 649), 'window': None})>
2019-11-23 22:07:43,431 - BDM-WAM 1574546859.4667945 - INFO - <Event(4-MouseMotion {'rel': (1, 1), 'buttons': (0, 0, 0), 'pos': (702, 650), 'window': None})>
2019-11-23 22:07:43,447 - BDM-WAM 1574546859.4667945 - INFO - <Event(5-MouseButtonDown {'button': 1, 'pos': (702, 650), 'window': None})>
2019-11-23 22:07:43,448 - BDM-WAM 1574546859.4667945 - INFO - <Event(9.4-True Miss {'pos': (702,650),'distance: 343.57677453518306,'relative_loc: (298, 171),'window': None})>
2019-11-23 22:07:43,551 - BDM-WAM 1574546859.4667945 - INFO - <Event(4-MouseMotion {'rel': (0, 1), 'buttons': (1, 0, 0), 'pos': (702, 651), 'window': None})>
2019-11-23 22:07:43,602 - BDM-WAM 1574546859.4667945 - INFO - <Event(6-MouseButtonUp {'button': 1, 'pos': (701, 653), 'window': None})>
2019-11-23 22:07:43,602 - BDM-WAM 1574546859.4667945 - INFO - <Event(4-MouseMotion {'rel': (-2, 1), 'buttons': (0, 0, 0), 'pos': (699, 654), 'window': None})>
2019-11-23 22:07:43,635 - BDM-WAM 1574546859.4667945 - INFO - <Event(4-MouseMotion {'rel': (0, 1), 'buttons': (0, 0, 0), 'pos': (699, 655), 'window': None})>
2019-11-23 22:07:43,669 - BDM-WAM 1574546859.4667945 - INFO - <Event(4-MouseMotion {'rel': (-7, 3), 'buttons': (0, 0, 0), 'pos': (692, 658), 'window': None})>
2019-11-23 22:07:43,687 - BDM-WAM 1574546859.4667945 - INFO - <Event(4-MouseMotion {'rel': (-38, 15), 'buttons': (0, 0, 0), 'pos': (654, 673), 'window': None})>
2019-11-23 22:07:43,703 - BDM-WAM 1574546859.4667945 - INFO - <Event(4-MouseMotion {'rel': (-33, 15), 'buttons': (0, 0, 0), 'pos': (621, 688), 'window': None})>
2019-11-23 22:07:43,720 - BDM-WAM 1574546859.4667945 - INFO - <Event(4-MouseMotion {'rel': (-31, 13), 'buttons': (0, 0, 0), 'pos': (590, 701), 'window': None})>
2019-11-23 22:07:43,737 - BDM-WAM 1574546859.4667945 - INFO - <Event(4-MouseMotion {'rel': (-21, 9), 'buttons': (0, 0, 0), 'pos': (569, 710), 'window': None})>
2019-11-23 22:07:43,755 - BDM-WAM 1574546859.4667945 - INFO - <Event(4-MouseMotion {'rel': (-20, 9), 'buttons': (0, 0, 0), 'pos': (549, 719), 'window': None})>
2019-11-23 22:07:43,771 - BDM-WAM 1574546859.4667945 - INFO - <Event(4-MouseMotion {'rel': (-8, 5), 'buttons': (0, 0, 0), 'pos': (541, 724), 'window': None})>
2019-11-23 22:07:43,788 - BDM-WAM 1574546859.4667945 - INFO - <Event(4-MouseMotion {'rel': (-3, 1), 'buttons': (0, 0, 0), 'pos': (538, 725), 'window': None})>
2019-11-23 22:07:43,887 - BDM-WAM 1574546859.4667945 - INFO - <Event(5-MouseButtonDown {'button': 1, 'pos': (538, 725), 'window': None})>
2019-11-23 22:07:43,888 - BDM-WAM 1574546859.4667945 - INFO - <Event(8-Pause {'reason': <bound method GameManager.pause of <game.GameManager object at 0x000001C858A93748>> })>
2019-11-23 22:07:47,720 - BDM-WAM 1574546859.4667945 - INFO - <Event(7-Rate {'hit_conf': 2 })>
2019-11-23 22:07:47,936 - BDM-WAM 1574546859.4667945 - INFO - <Event(7-Rate {'reward_conf': 2 })>
2019-11-23 22:07:48,103 - BDM-WAM 1574546859.4667945 - INFO - <Event(7-Rate {'player_skill': 2 })>
2019-11-23 22:07:48,104 - BDM-WAM 1574546859.4667945 - INFO - <Event(9.4-True Miss {'pos': (538,725),'distance: 280.12854192316786,'relative_loc: (134, 246),'window': None})>
2019-11-23 22:07:48,315 - BDM-WAM 1574546859.4667945 - INFO - <Event(3-KeyUp {'scancode': 3, 'key': 50, 'window': None, 'mod': 0})>
2019-11-23 22:07:48,470 - BDM-WAM 1574546859.4667945 - INFO - <Event(4-MouseMotion {'rel': (0, 3), 'buttons': (0, 0, 0), 'pos': (403, 500), 'window': None})>
2019-11-23 22:07:48,488 - BDM-WAM 1574546859.4667945 - INFO - <Event(4-MouseMotion {'rel': (-9, 7), 'buttons': (0, 0, 0), 'pos': (394, 507), 'window': None})>
2019-11-23 22:07:48,507 - BDM-WAM 1574546859.4667945 - INFO - <Event(4-MouseMotion {'rel': (-14, 9), 'buttons': (0, 0, 0), 'pos': (380, 516), 'window': None})>
2019-11-23 22:07:48,521 - BDM-WAM 1574546859.4667945 - INFO - <Event(4-MouseMotion {'rel': (-7, 5), 'buttons': (0, 0, 0), 'pos': (373, 521), 'window': None})>
2019-11-23 22:07:48,540 - BDM-WAM 1574546859.4667945 - INFO - <Event(4-MouseMotion {'rel': (-6, 3), 'buttons': (0, 0, 0), 'pos': (367, 524), 'window': None})>
2019-11-23 22:07:48,556 - BDM-WAM 1574546859.4667945 - INFO - <Event(4-MouseMotion {'rel': (-2, 1), 'buttons': (0, 0, 0), 'pos': (365, 525), 'window': None})>
2019-11-23 22:07:48,573 - BDM-WAM 1574546859.4667945 - INFO - <Event(4-MouseMotion {'rel': (-1, 0), 'buttons': (0, 0, 0), 'pos': (364, 525), 'window': None})>
2019-11-23 22:07:48,590 - BDM-WAM 1574546859.4667945 - INFO - <Event(4-MouseMotion {'rel': (-4, 1), 'buttons': (0, 0, 0), 'pos': (360, 526), 'window': None})>
2019-11-23 22:07:48,607 - BDM-WAM 1574546859.4667945 - INFO - <Event(4-MouseMotion {'rel': (-2, 1), 'buttons': (0, 0, 0), 'pos': (358, 527), 'window': None})>
2019-11-23 22:07:48,623 - BDM-WAM 1574546859.4667945 - INFO - <Event(4-MouseMotion {'rel': (-2, 1), 'buttons': (0, 0, 0), 'pos': (356, 528), 'window': None})>
2019-11-23 22:07:48,640 - BDM-WAM 1574546859.4667945 - INFO - <Event(4-MouseMotion {'rel': (-3, 1), 'buttons': (0, 0, 0), 'pos': (353, 529), 'window': None})>
2019-11-23 22:07:48,657 - BDM-WAM 1574546859.4667945 - INFO - <Event(4-MouseMotion {'rel': (-2, 0), 'buttons': (0, 0, 0), 'pos': (351, 529), 'window': None})>
2019-11-23 22:07:48,674 - BDM-WAM 1574546859.4667945 - INFO - <Event(4-MouseMotion {'rel': (-3, 1), 'buttons': (0, 0, 0), 'pos': (348, 530), 'window': None})>
2019-11-23 22:07:48,690 - BDM-WAM 1574546859.4667945 - INFO - <Event(4-MouseMotion {'rel': (-1, 1), 'buttons': (0, 0, 0), 'pos': (347, 531), 'window': None})>
2019-11-23 22:07:48,707 - BDM-WAM 1574546859.4667945 - INFO - <Event(4-MouseMotion {'rel': (-1, 0), 'buttons': (0, 0, 0), 'pos': (346, 531), 'window': None})>
2019-11-23 22:07:48,809 - BDM-WAM 1574546859.4667945 - INFO - <Event(4-MouseMotion {'rel': (-17, 17), 'buttons': (0, 0, 0), 'pos': (329, 548), 'window': None})>
2019-11-23 22:07:48,816 - BDM-WAM 1574546859.4667945 - INFO - <Event(4-MouseMotion {'rel': (-2, 2), 'buttons': (0, 0, 0), 'pos': (327, 550), 'window': None})>
2019-11-23 22:07:48,919 - BDM-WAM 1574546859.4667945 - INFO - <Event(4-MouseMotion {'rel': (-15, 20), 'buttons': (0, 0, 0), 'pos': (312, 570), 'window': None})>
2019-11-23 22:07:48,924 - BDM-WAM 1574546859.4667945 - INFO - <Event(4-MouseMotion {'rel': (-2, 0), 'buttons': (0, 0, 0), 'pos': (310, 570), 'window': None})>
2019-11-23 22:07:49,024 - BDM-WAM 1574546859.4667945 - INFO - <Event(4-MouseMotion {'rel': (-23, 3), 'buttons': (0, 0, 0), 'pos': (287, 573), 'window': None})>
2019-11-23 22:07:49,029 - BDM-WAM 1574546859.4667945 - INFO - <Event(4-MouseMotion {'rel': (-3, 0), 'buttons': (0, 0, 0), 'pos': (284, 573), 'window': None})>
2019-11-23 22:07:49,044 - BDM-WAM 1574546859.4667945 - INFO - <Event(4-MouseMotion {'rel': (-10, -1), 'buttons': (0, 0, 0), 'pos': (274, 572), 'window': None})>
2019-11-23 22:07:49,061 - BDM-WAM 1574546859.4667945 - INFO - <Event(4-MouseMotion {'rel': (-19, -3), 'buttons': (0, 0, 0), 'pos': (255, 569), 'window': None})>
2019-11-23 22:07:49,078 - BDM-WAM 1574546859.4667945 - INFO - <Event(4-MouseMotion {'rel': (-15, -4), 'buttons': (0, 0, 0), 'pos': (240, 565), 'window': None})>
2019-11-23 22:07:49,095 - BDM-WAM 1574546859.4667945 - INFO - <Event(4-MouseMotion {'rel': (-8, -3), 'buttons': (0, 0, 0), 'pos': (232, 562), 'window': None})>
2019-11-23 22:07:49,180 - BDM-WAM 1574546859.4667945 - INFO - <Event(5-MouseButtonDown {'button': 1, 'pos': (232, 562), 'window': None})>
2019-11-23 22:07:49,180 - BDM-WAM 1574546859.4667945 - INFO - <Event(9.4-True Miss {'pos': (232,562),'distance: 664.2604910725912,'relative_loc: (-371, 551),'window': None})>
2019-11-23 22:07:49,283 - BDM-WAM 1574546859.4667945 - INFO - <Event(6-MouseButtonUp {'button': 1, 'pos': (232, 562), 'window': None})>
2019-11-23 22:07:49,333 - BDM-WAM 1574546859.4667945 - INFO - <Event(4-MouseMotion {'rel': (2, -3), 'buttons': (0, 0, 0), 'pos': (234, 559), 'window': None})>
2019-11-23 22:07:49,350 - BDM-WAM 1574546859.4667945 - INFO - <Event(4-MouseMotion {'rel': (15, -20), 'buttons': (0, 0, 0), 'pos': (249, 539), 'window': None})>
2019-11-23 22:07:49,367 - BDM-WAM 1574546859.4667945 - INFO - <Event(4-MouseMotion {'rel': (18, -29), 'buttons': (0, 0, 0), 'pos': (267, 510), 'window': None})>
2019-11-23 22:07:49,384 - BDM-WAM 1574546859.4667945 - INFO - <Event(4-MouseMotion {'rel': (15, -31), 'buttons': (0, 0, 0), 'pos': (282, 479), 'window': None})>
2019-11-23 22:07:49,401 - BDM-WAM 1574546859.4667945 - INFO - <Event(4-MouseMotion {'rel': (10, -24), 'buttons': (0, 0, 0), 'pos': (292, 455), 'window': None})>
2019-11-23 22:07:49,418 - BDM-WAM 1574546859.4667945 - INFO - <Event(4-MouseMotion {'rel': (3, -11), 'buttons': (0, 0, 0), 'pos': (295, 444), 'window': None})>
2019-11-23 22:07:49,435 - BDM-WAM 1574546859.4667945 - INFO - <Event(4-MouseMotion {'rel': (2, -6), 'buttons': (0, 0, 0), 'pos': (297, 438), 'window': None})>
2019-11-23 22:07:49,452 - BDM-WAM 1574546859.4667945 - INFO - <Event(4-MouseMotion {'rel': (3, -6), 'buttons': (0, 0, 0), 'pos': (300, 432), 'window': None})>
2019-11-23 22:07:49,470 - BDM-WAM 1574546859.4667945 - INFO - <Event(4-MouseMotion {'rel': (5, -7), 'buttons': (0, 0, 0), 'pos': (305, 425), 'window': None})>
2019-11-23 22:07:49,486 - BDM-WAM 1574546859.4667945 - INFO - <Event(4-MouseMotion {'rel': (5, -8), 'buttons': (0, 0, 0), 'pos': (310, 417), 'window': None})>
2019-11-23 22:07:49,503 - BDM-WAM 1574546859.4667945 - INFO - <Event(4-MouseMotion {'rel': (1, -2), 'buttons': (0, 0, 0), 'pos': (311, 415), 'window': None})>
2019-11-23 22:07:49,539 - BDM-WAM 1574546859.4667945 - INFO - <Event(5-MouseButtonDown {'button': 1, 'pos': (311, 415), 'window': None})>
2019-11-23 22:07:49,539 - BDM-WAM 1574546859.4667945 - INFO - <Event(8-Pause {'reason': <bound method GameManager.pause of <game.GameManager object at 0x000001C858A93748>> })>
2019-11-23 22:07:50,651 - BDM-WAM 1574546859.4667945 - INFO - <Event(7-Rate {'hit_conf': 4 })>
2019-11-23 22:07:50,872 - BDM-WAM 1574546859.4667945 - INFO - <Event(7-Rate {'reward_conf': 4 })>
2019-11-23 22:07:51,089 - BDM-WAM 1574546859.4667945 - INFO - <Event(7-Rate {'player_skill': 4 })>
2019-11-23 22:07:51,090 - BDM-WAM 1574546859.4667945 - INFO - <Event(9.4-True Miss {'pos': (311,415),'distance: 498.47768254958015,'relative_loc: (-292, 404),'window': None})>
2019-11-23 22:07:51,291 - BDM-WAM 1574546859.4667945 - INFO - <Event(3-KeyUp {'scancode': 5, 'key': 52, 'window': None, 'mod': 0})>
2019-11-23 22:07:51,292 - BDM-WAM 1574546859.4667945 - INFO - <Event(4-MouseMotion {'rel': (0, 3), 'buttons': (0, 0, 0), 'pos': (598, 430), 'window': None})>
2019-11-23 22:07:51,487 - BDM-WAM 1574546859.4667945 - INFO - <Event(4-MouseMotion {'rel': (-148, -94), 'buttons': (0, 0, 0), 'pos': (450, 336), 'window': None})>
2019-11-23 22:07:51,504 - BDM-WAM 1574546859.4667945 - INFO - <Event(4-MouseMotion {'rel': (-8, -6), 'buttons': (0, 0, 0), 'pos': (442, 330), 'window': None})>
2019-11-23 22:07:51,521 - BDM-WAM 1574546859.4667945 - INFO - <Event(4-MouseMotion {'rel': (-2, -2), 'buttons': (0, 0, 0), 'pos': (440, 328), 'window': None})>
2019-11-23 22:07:51,538 - BDM-WAM 1574546859.4667945 - INFO - <Event(4-MouseMotion {'rel': (-12, -12), 'buttons': (0, 0, 0), 'pos': (428, 316), 'window': None})>
2019-11-23 22:07:51,555 - BDM-WAM 1574546859.4667945 - INFO - <Event(4-MouseMotion {'rel': (-17, -16), 'buttons': (0, 0, 0), 'pos': (411, 300), 'window': None})>
2019-11-23 22:07:51,572 - BDM-WAM 1574546859.4667945 - INFO - <Event(4-MouseMotion {'rel': (-5, -5), 'buttons': (0, 0, 0), 'pos': (406, 295), 'window': None})>
2019-11-23 22:07:51,709 - BDM-WAM 1574546859.4667945 - INFO - <Event(4-MouseMotion {'rel': (0, -1), 'buttons': (0, 0, 0), 'pos': (406, 294), 'window': None})>
2019-11-23 22:07:51,726 - BDM-WAM 1574546859.4667945 - INFO - <Event(4-MouseMotion {'rel': (-22, -27), 'buttons': (0, 0, 0), 'pos': (384, 267), 'window': None})>
2019-11-23 22:07:51,743 - BDM-WAM 1574546859.4667945 - INFO - <Event(4-MouseMotion {'rel': (-43, -46), 'buttons': (0, 0, 0), 'pos': (341, 221), 'window': None})>
2019-11-23 22:07:51,759 - BDM-WAM 1574546859.4667945 - INFO - <Event(4-MouseMotion {'rel': (-18, -20), 'buttons': (0, 0, 0), 'pos': (323, 201), 'window': None})>
2019-11-23 22:07:51,776 - BDM-WAM 1574546859.4667945 - INFO - <Event(4-MouseMotion {'rel': (-7, -9), 'buttons': (0, 0, 0), 'pos': (316, 192), 'window': None})>
2019-11-23 22:07:51,793 - BDM-WAM 1574546859.4667945 - INFO - <Event(4-MouseMotion {'rel': (-3, -7), 'buttons': (0, 0, 0), 'pos': (313, 185), 'window': None})>
2019-11-23 22:07:51,898 - BDM-WAM 1574546859.4667945 - INFO - <Event(4-MouseMotion {'rel': (-25, -47), 'buttons': (0, 0, 0), 'pos': (288, 138), 'window': None})>
2019-11-23 22:07:52,008 - BDM-WAM 1574546859.4667945 - INFO - <Event(4-MouseMotion {'rel': (-31, -47), 'buttons': (0, 0, 0), 'pos': (257, 91), 'window': None})>
2019-11-23 22:07:52,013 - BDM-WAM 1574546859.4667945 - INFO - <Event(4-MouseMotion {'rel': (-18, -22), 'buttons': (0, 0, 0), 'pos': (239, 69), 'window': None})>
2019-11-23 22:07:52,113 - BDM-WAM 1574546859.4667945 - INFO - <Event(1-ActiveEvent {'gain': 0, 'state': 1})>
2019-11-23 22:07:52,286 - BDM-WAM 1574546859.4667945 - INFO - <Event(1-ActiveEvent {'gain': 1, 'state': 1})>
2019-11-23 22:07:52,286 - BDM-WAM 1574546859.4667945 - INFO - <Event(4-MouseMotion {'rel': (-109, -43), 'buttons': (0, 0, 0), 'pos': (130, 26), 'window': None})>
2019-11-23 22:07:52,303 - BDM-WAM 1574546859.4667945 - INFO - <Event(4-MouseMotion {'rel': (0, 36), 'buttons': (0, 0, 0), 'pos': (130, 62), 'window': None})>
2019-11-23 22:07:52,320 - BDM-WAM 1574546859.4667945 - INFO - <Event(4-MouseMotion {'rel': (0, 6), 'buttons': (0, 0, 0), 'pos': (130, 68), 'window': None})>
2019-11-23 22:07:52,541 - BDM-WAM 1574546859.4667945 - INFO - <Event(4-MouseMotion {'rel': (1, -15), 'buttons': (0, 0, 0), 'pos': (131, 53), 'window': None})>
2019-11-23 22:07:52,556 - BDM-WAM 1574546859.4667945 - INFO - <Event(4-MouseMotion {'rel': (1, -4), 'buttons': (0, 0, 0), 'pos': (132, 49), 'window': None})>
2019-11-23 22:07:52,573 - BDM-WAM 1574546859.4667945 - INFO - <Event(4-MouseMotion {'rel': (1, -2), 'buttons': (0, 0, 0), 'pos': (133, 47), 'window': None})>
2019-11-23 22:07:52,591 - BDM-WAM 1574546859.4667945 - INFO - <Event(4-MouseMotion {'rel': (0, -1), 'buttons': (0, 0, 0), 'pos': (133, 46), 'window': None})>
2019-11-23 22:07:52,694 - BDM-WAM 1574546859.4667945 - INFO - <Event(5-MouseButtonDown {'button': 1, 'pos': (133, 46), 'window': None})>
2019-11-23 22:07:52,694 - BDM-WAM 1574546859.4667945 - INFO - <Event(9.4-True Miss {'pos': (133,46),'distance: 338.9542742022882,'relative_loc: (-331, -73),'window': None})>
2019-11-23 22:07:52,811 - BDM-WAM 1574546859.4667945 - INFO - <Event(6-MouseButtonUp {'button': 1, 'pos': (133, 46), 'window': None})>
2019-11-23 22:07:52,896 - BDM-WAM 1574546859.4667945 - INFO - <Event(5-MouseButtonDown {'button': 1, 'pos': (133, 46), 'window': None})>
2019-11-23 22:07:52,896 - BDM-WAM 1574546859.4667945 - INFO - <Event(8-Pause {'reason': <bound method GameManager.pause of <game.GameManager object at 0x000001C858A93748>> })>
2019-11-23 22:07:55,199 - BDM-WAM 1574546859.4667945 - INFO - <Event(8-Pause {'reason': <bound method GameManager.pause of <game.GameManager object at 0x000001C858A93748>> })>
2019-11-23 22:07:56,190 - BDM-WAM 1574546859.4667945 - INFO - <Event(7-Rate {'hit_conf': 2 })>
2019-11-23 22:07:56,409 - BDM-WAM 1574546859.4667945 - INFO - <Event(7-Rate {'reward_conf': 2 })>
2019-11-23 22:07:56,590 - BDM-WAM 1574546859.4667945 - INFO - <Event(7-Rate {'player_skill': 2 })>
2019-11-23 22:07:56,590 - BDM-WAM 1574546859.4667945 - INFO - <Event(9.4-True Miss {'pos': (132,63),'distance: 336.68976818430343,'relative_loc: (-332, -56),'window': None})>
2019-11-23 22:07:56,783 - BDM-WAM 1574546859.4667945 - INFO - <Event(3-KeyUp {'scancode': 3, 'key': 50, 'window': None, 'mod': 0})>
2019-11-23 22:07:56,993 - BDM-WAM 1574546859.4667945 - INFO - <Event(4-MouseMotion {'rel': (3, -10), 'buttons': (0, 0, 0), 'pos': (135, 53), 'window': None})>
2019-11-23 22:07:57,009 - BDM-WAM 1574546859.4667945 - INFO - <Event(4-MouseMotion {'rel': (1, -2), 'buttons': (0, 0, 0), 'pos': (136, 51), 'window': None})>
2019-11-23 22:07:57,026 - BDM-WAM 1574546859.4667945 - INFO - <Event(4-MouseMotion {'rel': (1, -3), 'buttons': (0, 0, 0), 'pos': (137, 48), 'window': None})>
2019-11-23 22:07:57,266 - BDM-WAM 1574546859.4667945 - INFO - <Event(4-MouseMotion {'rel': (8, 10), 'buttons': (0, 0, 0), 'pos': (145, 58), 'window': None})>
2019-11-23 22:07:57,282 - BDM-WAM 1574546859.4667945 - INFO - <Event(4-MouseMotion {'rel': (48, 64), 'buttons': (0, 0, 0), 'pos': (193, 122), 'window': None})>
2019-11-23 22:07:57,299 - BDM-WAM 1574546859.4667945 - INFO - <Event(4-MouseMotion {'rel': (15, 29), 'buttons': (0, 0, 0), 'pos': (208, 151), 'window': None})>
2019-11-23 22:07:57,316 - BDM-WAM 1574546859.4667945 - INFO - <Event(4-MouseMotion {'rel': (2, 4), 'buttons': (0, 0, 0), 'pos': (210, 155), 'window': None})>
2019-11-23 22:07:57,529 - BDM-WAM 1574546859.4667945 - INFO - <Event(4-MouseMotion {'rel': (-47, -62), 'buttons': (0, 0, 0), 'pos': (163, 93), 'window': None})>
2019-11-23 22:07:57,634 - BDM-WAM 1574546859.4667945 - INFO - <Event(4-MouseMotion {'rel': (2, 14), 'buttons': (0, 0, 0), 'pos': (165, 107), 'window': None})>
2019-11-23 22:07:57,640 - BDM-WAM 1574546859.4667945 - INFO - <Event(4-MouseMotion {'rel': (3, 11), 'buttons': (0, 0, 0), 'pos': (168, 118), 'window': None})>
2019-11-23 22:07:57,654 - BDM-WAM 1574546859.4667945 - INFO - <Event(4-MouseMotion {'rel': (5, 18), 'buttons': (0, 0, 0), 'pos': (173, 136), 'window': None})>
2019-11-23 22:07:57,671 - BDM-WAM 1574546859.4667945 - INFO - <Event(4-MouseMotion {'rel': (4, 20), 'buttons': (0, 0, 0), 'pos': (177, 156), 'window': None})>
2019-11-23 22:07:57,689 - BDM-WAM 1574546859.4667945 - INFO - <Event(4-MouseMotion {'rel': (3, 18), 'buttons': (0, 0, 0), 'pos': (180, 174), 'window': None})>
2019-11-23 22:07:57,705 - BDM-WAM 1574546859.4667945 - INFO - <Event(4-MouseMotion {'rel': (1, 9), 'buttons': (0, 0, 0), 'pos': (181, 183), 'window': None})>
2019-11-23 22:07:57,722 - BDM-WAM 1574546859.4667945 - INFO - <Event(4-MouseMotion {'rel': (0, 3), 'buttons': (0, 0, 0), 'pos': (181, 186), 'window': None})>
2019-11-23 22:07:57,790 - BDM-WAM 1574546859.4667945 - INFO - <Event(4-MouseMotion {'rel': (-7, 14), 'buttons': (0, 0, 0), 'pos': (174, 200), 'window': None})>
2019-11-23 22:07:57,808 - BDM-WAM 1574546859.4667945 - INFO - <Event(4-MouseMotion {'rel': (-9, 15), 'buttons': (0, 0, 0), 'pos': (165, 215), 'window': None})>
2019-11-23 22:07:57,826 - BDM-WAM 1574546859.4667945 - INFO - <Event(4-MouseMotion {'rel': (-11, 19), 'buttons': (0, 0, 0), 'pos': (154, 234), 'window': None})>
2019-11-23 22:07:57,842 - BDM-WAM 1574546859.4667945 - INFO - <Event(4-MouseMotion {'rel': (-7, 16), 'buttons': (0, 0, 0), 'pos': (147, 250), 'window': None})>
2019-11-23 22:07:57,859 - BDM-WAM 1574546859.4667945 - INFO - <Event(4-MouseMotion {'rel': (-6, 42), 'buttons': (0, 0, 0), 'pos': (141, 292), 'window': None})>
2019-11-23 22:07:57,876 - BDM-WAM 1574546859.4667945 - INFO - <Event(4-MouseMotion {'rel': (-2, 20), 'buttons': (0, 0, 0), 'pos': (139, 312), 'window': None})>
2019-11-23 22:07:57,894 - BDM-WAM 1574546859.4667945 - INFO - <Event(4-MouseMotion {'rel': (0, 1), 'buttons': (0, 0, 0), 'pos': (139, 313), 'window': None})>
2019-11-23 22:07:57,927 - BDM-WAM 1574546859.4667945 - INFO - <Event(4-MouseMotion {'rel': (0, 1), 'buttons': (0, 0, 0), 'pos': (139, 314), 'window': None})>
2019-11-23 22:07:57,962 - BDM-WAM 1574546859.4667945 - INFO - <Event(4-MouseMotion {'rel': (0, 4), 'buttons': (0, 0, 0), 'pos': (139, 318), 'window': None})>
2019-11-23 22:07:57,979 - BDM-WAM 1574546859.4667945 - INFO - <Event(4-MouseMotion {'rel': (-3, 8), 'buttons': (0, 0, 0), 'pos': (136, 326), 'window': None})>
2019-11-23 22:07:57,995 - BDM-WAM 1574546859.4667945 - INFO - <Event(4-MouseMotion {'rel': (-1, 6), 'buttons': (0, 0, 0), 'pos': (135, 332), 'window': None})>
2019-11-23 22:07:58,067 - BDM-WAM 1574546859.4667945 - INFO - <Event(5-MouseButtonDown {'button': 1, 'pos': (135, 332), 'window': None})>
2019-11-23 22:07:58,068 - BDM-WAM 1574546859.4667945 - INFO - <Event(9.4-True Miss {'pos': (134,332),'distance: 37.16180835212409,'relative_loc: (15, -34),'window': None})>
2019-11-23 22:07:58,068 - BDM-WAM 1574546859.4667945 - INFO - <Event(4-MouseMotion {'rel': (-1, 0), 'buttons': (1, 0, 0), 'pos': (134, 332), 'window': None})>
2019-11-23 22:07:58,216 - BDM-WAM 1574546859.4667945 - INFO - <Event(6-MouseButtonUp {'button': 1, 'pos': (134, 332), 'window': None})>
2019-11-23 22:07:58,368 - BDM-WAM 1574546859.4667945 - INFO - <Event(4-MouseMotion {'rel': (0, 1), 'buttons': (0, 0, 0), 'pos': (134, 333), 'window': None})>
2019-11-23 22:07:58,385 - BDM-WAM 1574546859.4667945 - INFO - <Event(4-MouseMotion {'rel': (-1, 2), 'buttons': (0, 0, 0), 'pos': (133, 335), 'window': None})>
2019-11-23 22:07:58,402 - BDM-WAM 1574546859.4667945 - INFO - <Event(4-MouseMotion {'rel': (-1, 1), 'buttons': (0, 0, 0), 'pos': (132, 336), 'window': None})>
2019-11-23 22:07:58,469 - BDM-WAM 1574546859.4667945 - INFO - <Event(5-MouseButtonDown {'button': 1, 'pos': (132, 336), 'window': None})>
2019-11-23 22:07:58,470 - BDM-WAM 1574546859.4667945 - INFO - <Event(8-Pause {'reason': <bound method GameManager.pause of <game.GameManager object at 0x000001C858A93748>> })>
2019-11-23 22:07:59,374 - BDM-WAM 1574546859.4667945 - INFO - <Event(7-Rate {'hit_conf': 4 })>
2019-11-23 22:07:59,541 - BDM-WAM 1574546859.4667945 - INFO - <Event(7-Rate {'reward_conf': 4 })>
2019-11-23 22:07:59,744 - BDM-WAM 1574546859.4667945 - INFO - <Event(7-Rate {'player_skill': 4 })>
2019-11-23 22:07:59,744 - BDM-WAM 1574546859.4667945 - INFO - <Event(9.4-True Miss {'pos': (132,336),'distance: 32.69556544854363,'relative_loc: (13, -30),'window': None})>
2019-11-23 22:07:59,951 - BDM-WAM 1574546859.4667945 - INFO - <Event(3-KeyUp {'scancode': 5, 'key': 52, 'window': None, 'mod': 0})>
2019-11-23 22:08:00,066 - BDM-WAM 1574546859.4667945 - INFO - <Event(4-MouseMotion {'rel': (98, -21), 'buttons': (0, 0, 0), 'pos': (228, 319), 'window': None})>
2019-11-23 22:08:00,152 - BDM-WAM 1574546859.4667945 - INFO - <Event(4-MouseMotion {'rel': (27, 0), 'buttons': (0, 0, 0), 'pos': (255, 319), 'window': None})>
2019-11-23 22:08:00,169 - BDM-WAM 1574546859.4667945 - INFO - <Event(4-MouseMotion {'rel': (1, -1), 'buttons': (0, 0, 0), 'pos': (256, 318), 'window': None})>
2019-11-23 22:08:00,186 - BDM-WAM 1574546859.4667945 - INFO - <Event(4-MouseMotion {'rel': (8, -1), 'buttons': (0, 0, 0), 'pos': (264, 317), 'window': None})>
2019-11-23 22:08:00,203 - BDM-WAM 1574546859.4667945 - INFO - <Event(4-MouseMotion {'rel': (12, -3), 'buttons': (0, 0, 0), 'pos': (276, 314), 'window': None})>
2019-11-23 22:08:00,220 - BDM-WAM 1574546859.4667945 - INFO - <Event(4-MouseMotion {'rel': (10, -2), 'buttons': (0, 0, 0), 'pos': (286, 312), 'window': None})>
2019-11-23 22:08:00,237 - BDM-WAM 1574546859.4667945 - INFO - <Event(4-MouseMotion {'rel': (4, -1), 'buttons': (0, 0, 0), 'pos': (290, 311), 'window': None})>
2019-11-23 22:08:00,254 - BDM-WAM 1574546859.4667945 - INFO - <Event(4-MouseMotion {'rel': (5, -1), 'buttons': (0, 0, 0), 'pos': (295, 310), 'window': None})>
2019-11-23 22:08:00,271 - BDM-WAM 1574546859.4667945 - INFO - <Event(4-MouseMotion {'rel': (5, -1), 'buttons': (0, 0, 0), 'pos': (300, 309), 'window': None})>
2019-11-23 22:08:00,288 - BDM-WAM 1574546859.4667945 - INFO - <Event(4-MouseMotion {'rel': (5, 0), 'buttons': (0, 0, 0), 'pos': (305, 309), 'window': None})>
2019-11-23 22:08:00,305 - BDM-WAM 1574546859.4667945 - INFO - <Event(4-MouseMotion {'rel': (7, 0), 'buttons': (0, 0, 0), 'pos': (312, 309), 'window': None})>
2019-11-23 22:08:00,322 - BDM-WAM 1574546859.4667945 - INFO - <Event(4-MouseMotion {'rel': (3, 0), 'buttons': (0, 0, 0), 'pos': (315, 309), 'window': None})>
2019-11-23 22:08:00,339 - BDM-WAM 1574546859.4667945 - INFO - <Event(4-MouseMotion {'rel': (2, 0), 'buttons': (0, 0, 0), 'pos': (317, 309), 'window': None})>
2019-11-23 22:08:00,356 - BDM-WAM 1574546859.4667945 - INFO - <Event(4-MouseMotion {'rel': (2, -1), 'buttons': (0, 0, 0), 'pos': (319, 308), 'window': None})>
2019-11-23 22:08:00,372 - BDM-WAM 1574546859.4667945 - INFO - <Event(4-MouseMotion {'rel': (3, 0), 'buttons': (0, 0, 0), 'pos': (322, 308), 'window': None})>
2019-11-23 22:08:00,389 - BDM-WAM 1574546859.4667945 - INFO - <Event(4-MouseMotion {'rel': (1, 0), 'buttons': (0, 0, 0), 'pos': (323, 308), 'window': None})>
2019-11-23 22:08:00,406 - BDM-WAM 1574546859.4667945 - INFO - <Event(4-MouseMotion {'rel': (3, 0), 'buttons': (0, 0, 0), 'pos': (326, 308), 'window': None})>
2019-11-23 22:08:00,424 - BDM-WAM 1574546859.4667945 - INFO - <Event(4-MouseMotion {'rel': (2, -1), 'buttons': (0, 0, 0), 'pos': (328, 307), 'window': None})>
2019-11-23 22:08:00,441 - BDM-WAM 1574546859.4667945 - INFO - <Event(4-MouseMotion {'rel': (3, -1), 'buttons': (0, 0, 0), 'pos': (331, 306), 'window': None})>
2019-11-23 22:08:00,458 - BDM-WAM 1574546859.4667945 - INFO - <Event(4-MouseMotion {'rel': (4, 0), 'buttons': (0, 0, 0), 'pos': (335, 306), 'window': None})>
2019-11-23 22:08:00,576 - BDM-WAM 1574546859.4667945 - INFO - <Event(4-MouseMotion {'rel': (59, -13), 'buttons': (0, 0, 0), 'pos': (394, 293), 'window': None})>
2019-11-23 22:08:00,739 - BDM-WAM 1574546859.4667945 - INFO - <Event(4-MouseMotion {'rel': (185, -6), 'buttons': (0, 0, 0), 'pos': (579, 287), 'window': None})>
2019-11-23 22:08:00,873 - BDM-WAM 1574546859.4667945 - INFO - <Event(4-MouseMotion {'rel': (100, -24), 'buttons': (0, 0, 0), 'pos': (679, 263), 'window': None})>
2019-11-23 22:08:00,879 - BDM-WAM 1574546859.4667945 - INFO - <Event(4-MouseMotion {'rel': (2, 0), 'buttons': (0, 0, 0), 'pos': (681, 263), 'window': None})>
2019-11-23 22:08:00,893 - BDM-WAM 1574546859.4667945 - INFO - <Event(4-MouseMotion {'rel': (4, -2), 'buttons': (0, 0, 0), 'pos': (685, 261), 'window': None})>
2019-11-23 22:08:00,910 - BDM-WAM 1574546859.4667945 - INFO - <Event(4-MouseMotion {'rel': (1, -1), 'buttons': (0, 0, 0), 'pos': (686, 260), 'window': None})>
2019-11-23 22:08:00,944 - BDM-WAM 1574546859.4667945 - INFO - <Event(4-MouseMotion {'rel': (0, -1), 'buttons': (0, 0, 0), 'pos': (686, 259), 'window': None})>
2019-11-23 22:08:00,995 - BDM-WAM 1574546859.4667945 - INFO - <Event(4-MouseMotion {'rel': (0, -1), 'buttons': (0, 0, 0), 'pos': (686, 258), 'window': None})>
2019-11-23 22:08:01,012 - BDM-WAM 1574546859.4667945 - INFO - <Event(4-MouseMotion {'rel': (0, -1), 'buttons': (0, 0, 0), 'pos': (686, 257), 'window': None})>
2019-11-23 22:08:01,029 - BDM-WAM 1574546859.4667945 - INFO - <Event(4-MouseMotion {'rel': (-1, -1), 'buttons': (0, 0, 0), 'pos': (685, 256), 'window': None})>
2019-11-23 22:08:01,132 - BDM-WAM 1574546859.4667945 - INFO - <Event(4-MouseMotion {'rel': (-7, -11), 'buttons': (0, 0, 0), 'pos': (678, 245), 'window': None})>
2019-11-23 22:08:01,149 - BDM-WAM 1574546859.4667945 - INFO - <Event(4-MouseMotion {'rel': (-3, -7), 'buttons': (0, 0, 0), 'pos': (675, 238), 'window': None})>
2019-11-23 22:08:01,169 - BDM-WAM 1574546859.4667945 - INFO - <Event(4-MouseMotion {'rel': (-3, -18), 'buttons': (0, 0, 0), 'pos': (672, 220), 'window': None})>
2019-11-23 22:08:01,187 - BDM-WAM 1574546859.4667945 - INFO - <Event(4-MouseMotion {'rel': (-4, -12), 'buttons': (0, 0, 0), 'pos': (668, 208), 'window': None})>
2019-11-23 22:08:01,202 - BDM-WAM 1574546859.4667945 - INFO - <Event(4-MouseMotion {'rel': (-1, -5), 'buttons': (0, 0, 0), 'pos': (667, 203), 'window': None})>
2019-11-23 22:08:01,269 - BDM-WAM 1574546859.4667945 - INFO - <Event(5-MouseButtonDown {'button': 1, 'pos': (667, 203), 'window': None})>
2019-11-23 22:08:01,270 - BDM-WAM 1574546859.4667945 - INFO - <Event(9.4-True Miss {'pos': (667,203),'distance: 30.364452901377952,'relative_loc: (9, -29),'window': None})>
2019-11-23 22:08:01,437 - BDM-WAM 1574546859.4667945 - INFO - <Event(6-MouseButtonUp {'button': 1, 'pos': (667, 203), 'window': None})>
2019-11-23 22:08:01,538 - BDM-WAM 1574546859.4667945 - INFO - <Event(5-MouseButtonDown {'button': 1, 'pos': (667, 203), 'window': None})>
2019-11-23 22:08:01,538 - BDM-WAM 1574546859.4667945 - INFO - <Event(8-Pause {'reason': <bound method GameManager.pause of <game.GameManager object at 0x000001C858A93748>> })>
2019-11-23 22:08:01,912 - BDM-WAM 1574546859.4667945 - INFO - <Event(7-Rate {'hit_conf': 5 })>
2019-11-23 22:08:02,116 - BDM-WAM 1574546859.4667945 - INFO - <Event(7-Rate {'reward_conf': 5 })>
2019-11-23 22:08:02,280 - BDM-WAM 1574546859.4667945 - INFO - <Event(7-Rate {'player_skill': 5 })>
2019-11-23 22:08:02,280 - BDM-WAM 1574546859.4667945 - INFO - <Event(9.4-True Miss {'pos': (667,203),'distance: 30.364452901377952,'relative_loc: (9, -29),'window': None})>
2019-11-23 22:08:02,480 - BDM-WAM 1574546859.4667945 - INFO - <Event(3-KeyUp {'scancode': 6, 'key': 53, 'window': None, 'mod': 0})>
2019-11-23 22:08:02,480 - BDM-WAM 1574546859.4667945 - INFO - <Event(4-MouseMotion {'rel': (-1, 2), 'buttons': (0, 0, 0), 'pos': (661, 210), 'window': None})>
2019-11-23 22:08:02,586 - BDM-WAM 1574546859.4667945 - INFO - <Event(4-MouseMotion {'rel': (-8, 13), 'buttons': (0, 0, 0), 'pos': (653, 223), 'window': None})>
2019-11-23 22:08:02,673 - BDM-WAM 1574546859.4667945 - INFO - <Event(4-MouseMotion {'rel': (-7, 9), 'buttons': (0, 0, 0), 'pos': (646, 232), 'window': None})>
2019-11-23 22:08:02,689 - BDM-WAM 1574546859.4667945 - INFO - <Event(4-MouseMotion {'rel': (-2, 1), 'buttons': (0, 0, 0), 'pos': (644, 233), 'window': None})>
2019-11-23 22:08:02,706 - BDM-WAM 1574546859.4667945 - INFO - <Event(4-MouseMotion {'rel': (-1, 1), 'buttons': (0, 0, 0), 'pos': (643, 234), 'window': None})>
2019-11-23 22:08:02,723 - BDM-WAM 1574546859.4667945 - INFO - <Event(4-MouseMotion {'rel': (-2, 2), 'buttons': (0, 0, 0), 'pos': (641, 236), 'window': None})>
2019-11-23 22:08:02,740 - BDM-WAM 1574546859.4667945 - INFO - <Event(4-MouseMotion {'rel': (-2, 1), 'buttons': (0, 0, 0), 'pos': (639, 237), 'window': None})>
2019-11-23 22:08:02,757 - BDM-WAM 1574546859.4667945 - INFO - <Event(4-MouseMotion {'rel': (-1, 1), 'buttons': (0, 0, 0), 'pos': (638, 238), 'window': None})>
2019-11-23 22:08:02,791 - BDM-WAM 1574546859.4667945 - INFO - <Event(4-MouseMotion {'rel': (-1, 1), 'buttons': (0, 0, 0), 'pos': (637, 239), 'window': None})>
2019-11-23 22:08:02,808 - BDM-WAM 1574546859.4667945 - INFO - <Event(4-MouseMotion {'rel': (-2, 0), 'buttons': (0, 0, 0), 'pos': (635, 239), 'window': None})>
2019-11-23 22:08:02,825 - BDM-WAM 1574546859.4667945 - INFO - <Event(4-MouseMotion {'rel': (-1, 1), 'buttons': (0, 0, 0), 'pos': (634, 240), 'window': None})>
2019-11-23 22:08:02,842 - BDM-WAM 1574546859.4667945 - INFO - <Event(4-MouseMotion {'rel': (-3, 2), 'buttons': (0, 0, 0), 'pos': (631, 242), 'window': None})>
2019-11-23 22:08:02,859 - BDM-WAM 1574546859.4667945 - INFO - <Event(4-MouseMotion {'rel': (0, 1), 'buttons': (0, 0, 0), 'pos': (631, 243), 'window': None})>
2019-11-23 22:08:02,893 - BDM-WAM 1574546859.4667945 - INFO - <Event(4-MouseMotion {'rel': (0, 1), 'buttons': (0, 0, 0), 'pos': (631, 244), 'window': None})>
2019-11-23 22:08:02,927 - BDM-WAM 1574546859.4667945 - INFO - <Event(4-MouseMotion {'rel': (0, 2), 'buttons': (0, 0, 0), 'pos': (631, 246), 'window': None})>
2019-11-23 22:08:03,458 - BDM-WAM 1574546859.4667945 - INFO - <Event(2-KeyDown {'scancode': 25, 'key': 112, 'window': None, 'mod': 0, 'unicode': 'p'})>
2019-11-23 22:08:03,458 - BDM-WAM 1574546859.4667945 - INFO - <Event(8-Pause {'reason': <bound method GameManager.pause of <game.GameManager object at 0x000001C858A93748>> })>
2019-11-23 22:08:03,616 - BDM-WAM 1574546859.4667945 - INFO - ************* HAPPY ANALYSING... LOG COMPLETE!!! ************* 
