2020-01-21 18:51:35,725 - BDM-WAM 1579632695.5631375 - INFO - []
2020-01-21 18:51:35,784 - BDM-WAM 1579632695.5631375 - INFO - <Event(10-MoleUp) {'loc': (179,169)})>
2020-01-21 18:51:35,788 - BDM-WAM 1579632695.5631375 - INFO - []
2020-01-21 18:51:35,848 - BDM-WAM 1579632695.5631375 - INFO - []
2020-01-21 18:51:35,850 - BDM-WAM 1579632695.5631375 - INFO - []
2020-01-21 18:51:35,915 - BDM-WAM 1579632695.5631375 - INFO - []
2020-01-21 18:51:35,921 - BDM-WAM 1579632695.5631375 - INFO - []
2020-01-21 18:51:35,990 - BDM-WAM 1579632695.5631375 - INFO - []
2020-01-21 18:51:35,992 - BDM-WAM 1579632695.5631375 - INFO - []
2020-01-21 18:51:36,008 - BDM-WAM 1579632695.5631375 - INFO - []
2020-01-21 18:51:36,024 - BDM-WAM 1579632695.5631375 - INFO - []
2020-01-21 18:51:36,041 - BDM-WAM 1579632695.5631375 - INFO - []
2020-01-21 18:51:36,058 - BDM-WAM 1579632695.5631375 - INFO - []
2020-01-21 18:51:36,075 - BDM-WAM 1579632695.5631375 - INFO - []
2020-01-21 18:51:36,092 - BDM-WAM 1579632695.5631375 - INFO - []
2020-01-21 18:51:36,109 - BDM-WAM 1579632695.5631375 - INFO - []
2020-01-21 18:51:36,126 - BDM-WAM 1579632695.5631375 - INFO - []
2020-01-21 18:51:36,143 - BDM-WAM 1579632695.5631375 - INFO - []
2020-01-21 18:51:36,160 - BDM-WAM 1579632695.5631375 - INFO - []
2020-01-21 18:51:36,177 - BDM-WAM 1579632695.5631375 - INFO - []
2020-01-21 18:51:36,194 - BDM-WAM 1579632695.5631375 - INFO - []
2020-01-21 18:51:36,211 - BDM-WAM 1579632695.5631375 - INFO - []
2020-01-21 18:51:36,228 - BDM-WAM 1579632695.5631375 - INFO - []
2020-01-21 18:51:36,245 - BDM-WAM 1579632695.5631375 - INFO - []
2020-01-21 18:51:36,262 - BDM-WAM 1579632695.5631375 - INFO - []
2020-01-21 18:51:36,280 - BDM-WAM 1579632695.5631375 - INFO - []
2020-01-21 18:51:36,298 - BDM-WAM 1579632695.5631375 - INFO - []
2020-01-21 18:51:36,314 - BDM-WAM 1579632695.5631375 - INFO - []
2020-01-21 18:51:36,331 - BDM-WAM 1579632695.5631375 - INFO - []
2020-01-21 18:51:36,348 - BDM-WAM 1579632695.5631375 - INFO - []
2020-01-21 18:51:36,365 - BDM-WAM 1579632695.5631375 - INFO - []
2020-01-21 18:51:36,382 - BDM-WAM 1579632695.5631375 - INFO - []
2020-01-21 18:51:36,399 - BDM-WAM 1579632695.5631375 - INFO - []
2020-01-21 18:51:36,416 - BDM-WAM 1579632695.5631375 - INFO - []
2020-01-21 18:51:36,433 - BDM-WAM 1579632695.5631375 - INFO - []
2020-01-21 18:51:36,449 - BDM-WAM 1579632695.5631375 - INFO - []
2020-01-21 18:51:36,467 - BDM-WAM 1579632695.5631375 - INFO - []
2020-01-21 18:51:36,485 - BDM-WAM 1579632695.5631375 - INFO - []
2020-01-21 18:51:36,501 - BDM-WAM 1579632695.5631375 - INFO - []
2020-01-21 18:51:36,518 - BDM-WAM 1579632695.5631375 - INFO - []
2020-01-21 18:51:36,536 - BDM-WAM 1579632695.5631375 - INFO - []
2020-01-21 18:51:36,554 - BDM-WAM 1579632695.5631375 - INFO - []
2020-01-21 18:51:36,570 - BDM-WAM 1579632695.5631375 - INFO - []
2020-01-21 18:51:36,587 - BDM-WAM 1579632695.5631375 - INFO - []
2020-01-21 18:51:36,603 - BDM-WAM 1579632695.5631375 - INFO - []
2020-01-21 18:51:36,621 - BDM-WAM 1579632695.5631375 - INFO - []
2020-01-21 18:51:36,637 - BDM-WAM 1579632695.5631375 - INFO - []
2020-01-21 18:51:36,655 - BDM-WAM 1579632695.5631375 - INFO - []
2020-01-21 18:51:36,672 - BDM-WAM 1579632695.5631375 - INFO - []
2020-01-21 18:51:36,689 - BDM-WAM 1579632695.5631375 - INFO - []
2020-01-21 18:51:36,706 - BDM-WAM 1579632695.5631375 - INFO - []
2020-01-21 18:51:36,723 - BDM-WAM 1579632695.5631375 - INFO - []
2020-01-21 18:51:36,741 - BDM-WAM 1579632695.5631375 - INFO - []
2020-01-21 18:51:36,759 - BDM-WAM 1579632695.5631375 - INFO - []
2020-01-21 18:51:36,775 - BDM-WAM 1579632695.5631375 - INFO - []
2020-01-21 18:51:36,792 - BDM-WAM 1579632695.5631375 - INFO - []
2020-01-21 18:51:36,809 - BDM-WAM 1579632695.5631375 - INFO - []
2020-01-21 18:51:36,825 - BDM-WAM 1579632695.5631375 - INFO - []
2020-01-21 18:51:36,842 - BDM-WAM 1579632695.5631375 - INFO - []
2020-01-21 18:51:36,859 - BDM-WAM 1579632695.5631375 - INFO - []
2020-01-21 18:51:36,876 - BDM-WAM 1579632695.5631375 - INFO - []
2020-01-21 18:51:36,892 - BDM-WAM 1579632695.5631375 - INFO - []
2020-01-21 18:51:36,911 - BDM-WAM 1579632695.5631375 - INFO - []
2020-01-21 18:51:36,927 - BDM-WAM 1579632695.5631375 - INFO - []
2020-01-21 18:51:36,981 - BDM-WAM 1579632695.5631375 - INFO - []
2020-01-21 18:51:36,983 - BDM-WAM 1579632695.5631375 - INFO - []
2020-01-21 18:51:37,035 - BDM-WAM 1579632695.5631375 - INFO - []
2020-01-21 18:51:37,036 - BDM-WAM 1579632695.5631375 - INFO - []
2020-01-21 18:51:37,101 - BDM-WAM 1579632695.5631375 - INFO - []
2020-01-21 18:51:37,134 - BDM-WAM 1579632695.5631375 - INFO - <Event(10-MoleUp) {'loc': (636,366)})>
2020-01-21 18:51:37,135 - BDM-WAM 1579632695.5631375 - INFO - []
2020-01-21 18:51:37,152 - BDM-WAM 1579632695.5631375 - INFO - []
2020-01-21 18:51:37,221 - BDM-WAM 1579632695.5631375 - INFO - []
2020-01-21 18:51:37,253 - BDM-WAM 1579632695.5631375 - INFO - []
2020-01-21 18:51:37,254 - BDM-WAM 1579632695.5631375 - INFO - []
2020-01-21 18:51:37,271 - BDM-WAM 1579632695.5631375 - INFO - []
2020-01-21 18:51:37,321 - BDM-WAM 1579632695.5631375 - INFO - []
2020-01-21 18:51:37,323 - BDM-WAM 1579632695.5631375 - INFO - []
2020-01-21 18:51:37,342 - BDM-WAM 1579632695.5631375 - INFO - []
2020-01-21 18:51:37,358 - BDM-WAM 1579632695.5631375 - INFO - []
2020-01-21 18:51:37,375 - BDM-WAM 1579632695.5631375 - INFO - []
2020-01-21 18:51:37,393 - BDM-WAM 1579632695.5631375 - INFO - []
2020-01-21 18:51:37,410 - BDM-WAM 1579632695.5631375 - INFO - []
2020-01-21 18:51:37,426 - BDM-WAM 1579632695.5631375 - INFO - []
2020-01-21 18:51:37,443 - BDM-WAM 1579632695.5631375 - INFO - []
2020-01-21 18:51:37,459 - BDM-WAM 1579632695.5631375 - INFO - []
2020-01-21 18:51:37,478 - BDM-WAM 1579632695.5631375 - INFO - []
2020-01-21 18:51:37,496 - BDM-WAM 1579632695.5631375 - INFO - []
2020-01-21 18:51:37,511 - BDM-WAM 1579632695.5631375 - INFO - []
2020-01-21 18:51:37,528 - BDM-WAM 1579632695.5631375 - INFO - []
2020-01-21 18:51:37,544 - BDM-WAM 1579632695.5631375 - INFO - []
2020-01-21 18:51:37,565 - BDM-WAM 1579632695.5631375 - INFO - [<Event(1-ActiveEvent {'gain': 1, 'state': 6})>]
2020-01-21 18:51:37,579 - BDM-WAM 1579632695.5631375 - INFO - []
2020-01-21 18:51:37,595 - BDM-WAM 1579632695.5631375 - INFO - []
2020-01-21 18:51:37,612 - BDM-WAM 1579632695.5631375 - INFO - []
2020-01-21 18:51:37,628 - BDM-WAM 1579632695.5631375 - INFO - []
2020-01-21 18:51:37,646 - BDM-WAM 1579632695.5631375 - INFO - []
2020-01-21 18:51:37,667 - BDM-WAM 1579632695.5631375 - INFO - []
2020-01-21 18:51:37,680 - BDM-WAM 1579632695.5631375 - INFO - []
2020-01-21 18:51:37,697 - BDM-WAM 1579632695.5631375 - INFO - []
2020-01-21 18:51:37,714 - BDM-WAM 1579632695.5631375 - INFO - []
2020-01-21 18:51:37,731 - BDM-WAM 1579632695.5631375 - INFO - []
2020-01-21 18:51:37,749 - BDM-WAM 1579632695.5631375 - INFO - []
2020-01-21 18:51:37,766 - BDM-WAM 1579632695.5631375 - INFO - []
2020-01-21 18:51:37,783 - BDM-WAM 1579632695.5631375 - INFO - []
2020-01-21 18:51:37,800 - BDM-WAM 1579632695.5631375 - INFO - []
2020-01-21 18:51:37,817 - BDM-WAM 1579632695.5631375 - INFO - []
2020-01-21 18:51:37,834 - BDM-WAM 1579632695.5631375 - INFO - []
2020-01-21 18:51:37,851 - BDM-WAM 1579632695.5631375 - INFO - []
2020-01-21 18:51:37,868 - BDM-WAM 1579632695.5631375 - INFO - []
2020-01-21 18:51:37,885 - BDM-WAM 1579632695.5631375 - INFO - []
2020-01-21 18:51:37,902 - BDM-WAM 1579632695.5631375 - INFO - []
2020-01-21 18:51:37,919 - BDM-WAM 1579632695.5631375 - INFO - []
2020-01-21 18:51:37,936 - BDM-WAM 1579632695.5631375 - INFO - []
2020-01-21 18:51:37,953 - BDM-WAM 1579632695.5631375 - INFO - []
2020-01-21 18:51:37,970 - BDM-WAM 1579632695.5631375 - INFO - []
2020-01-21 18:51:37,987 - BDM-WAM 1579632695.5631375 - INFO - []
2020-01-21 18:51:38,004 - BDM-WAM 1579632695.5631375 - INFO - []
2020-01-21 18:51:38,021 - BDM-WAM 1579632695.5631375 - INFO - []
2020-01-21 18:51:38,038 - BDM-WAM 1579632695.5631375 - INFO - []
2020-01-21 18:51:38,055 - BDM-WAM 1579632695.5631375 - INFO - [<Event(1-ActiveEvent {'gain': 1, 'state': 1})>, <Event(4-MouseMotion {'pos': (440, 684), 'rel': (315, 578), 'buttons': (0, 0, 0), 'window': None})>]
2020-01-21 18:51:38,073 - BDM-WAM 1579632695.5631375 - INFO - [<Event(4-MouseMotion {'pos': (440, 674), 'rel': (0, -10), 'buttons': (0, 0, 0), 'window': None})>]
2020-01-21 18:51:38,089 - BDM-WAM 1579632695.5631375 - INFO - [<Event(4-MouseMotion {'pos': (440, 670), 'rel': (0, -4), 'buttons': (0, 0, 0), 'window': None})>]
2020-01-21 18:51:38,107 - BDM-WAM 1579632695.5631375 - INFO - [<Event(4-MouseMotion {'pos': (440, 668), 'rel': (0, -2), 'buttons': (0, 0, 0), 'window': None})>]
2020-01-21 18:51:38,124 - BDM-WAM 1579632695.5631375 - INFO - [<Event(4-MouseMotion {'pos': (441, 667), 'rel': (1, -1), 'buttons': (0, 0, 0), 'window': None})>]
2020-01-21 18:51:38,142 - BDM-WAM 1579632695.5631375 - INFO - [<Event(4-MouseMotion {'pos': (443, 660), 'rel': (2, -7), 'buttons': (0, 0, 0), 'window': None})>]
2020-01-21 18:51:38,161 - BDM-WAM 1579632695.5631375 - INFO - [<Event(4-MouseMotion {'pos': (454, 644), 'rel': (11, -16), 'buttons': (0, 0, 0), 'window': None})>]
2020-01-21 18:51:38,178 - BDM-WAM 1579632695.5631375 - INFO - [<Event(4-MouseMotion {'pos': (484, 614), 'rel': (30, -30), 'buttons': (0, 0, 0), 'window': None})>]
2020-01-21 18:51:38,195 - BDM-WAM 1579632695.5631375 - INFO - [<Event(4-MouseMotion {'pos': (556, 563), 'rel': (72, -51), 'buttons': (0, 0, 0), 'window': None})>]
2020-01-21 18:51:38,211 - BDM-WAM 1579632695.5631375 - INFO - [<Event(4-MouseMotion {'pos': (641, 505), 'rel': (85, -58), 'buttons': (0, 0, 0), 'window': None})>]
2020-01-21 18:51:38,228 - BDM-WAM 1579632695.5631375 - INFO - [<Event(4-MouseMotion {'pos': (737, 437), 'rel': (96, -68), 'buttons': (0, 0, 0), 'window': None})>]
2020-01-21 18:51:38,245 - BDM-WAM 1579632695.5631375 - INFO - [<Event(4-MouseMotion {'pos': (868, 320), 'rel': (131, -117), 'buttons': (0, 0, 0), 'window': None})>]
2020-01-21 18:51:38,261 - BDM-WAM 1579632695.5631375 - INFO - [<Event(4-MouseMotion {'pos': (948, 220), 'rel': (80, -100), 'buttons': (0, 0, 0), 'window': None})>]
2020-01-21 18:51:38,278 - BDM-WAM 1579632695.5631375 - INFO - [<Event(4-MouseMotion {'pos': (996, 128), 'rel': (48, -92), 'buttons': (0, 0, 0), 'window': None})>]
2020-01-21 18:51:38,352 - BDM-WAM 1579632695.5631375 - INFO - [<Event(4-MouseMotion {'pos': (1190, 0), 'rel': (194, -128), 'buttons': (0, 0, 0), 'window': None})>]
2020-01-21 18:51:38,408 - BDM-WAM 1579632695.5631375 - INFO - [<Event(1-ActiveEvent {'gain': 0, 'state': 1})>]
2020-01-21 18:51:38,450 - BDM-WAM 1579632695.5631375 - INFO - []
2020-01-21 18:51:38,502 - BDM-WAM 1579632695.5631375 - INFO - <Event(10-MoleUp) {'loc': (119,366)})>
2020-01-21 18:51:38,504 - BDM-WAM 1579632695.5631375 - INFO - []
2020-01-21 18:51:38,569 - BDM-WAM 1579632695.5631375 - INFO - []
2020-01-21 18:51:38,572 - BDM-WAM 1579632695.5631375 - INFO - []
2020-01-21 18:51:38,632 - BDM-WAM 1579632695.5631375 - INFO - []
2020-01-21 18:51:38,633 - BDM-WAM 1579632695.5631375 - INFO - []
2020-01-21 18:51:38,693 - BDM-WAM 1579632695.5631375 - INFO - []
2020-01-21 18:51:38,695 - BDM-WAM 1579632695.5631375 - INFO - []
2020-01-21 18:51:38,711 - BDM-WAM 1579632695.5631375 - INFO - []
2020-01-21 18:51:38,728 - BDM-WAM 1579632695.5631375 - INFO - []
2020-01-21 18:51:38,745 - BDM-WAM 1579632695.5631375 - INFO - []
2020-01-21 18:51:38,762 - BDM-WAM 1579632695.5631375 - INFO - []
2020-01-21 18:51:38,779 - BDM-WAM 1579632695.5631375 - INFO - []
2020-01-21 18:51:38,796 - BDM-WAM 1579632695.5631375 - INFO - []
2020-01-21 18:51:38,813 - BDM-WAM 1579632695.5631375 - INFO - []
2020-01-21 18:51:38,830 - BDM-WAM 1579632695.5631375 - INFO - []
2020-01-21 18:51:38,847 - BDM-WAM 1579632695.5631375 - INFO - []
2020-01-21 18:51:38,864 - BDM-WAM 1579632695.5631375 - INFO - []
2020-01-21 18:51:38,882 - BDM-WAM 1579632695.5631375 - INFO - []
2020-01-21 18:51:38,899 - BDM-WAM 1579632695.5631375 - INFO - []
2020-01-21 18:51:38,916 - BDM-WAM 1579632695.5631375 - INFO - []
2020-01-21 18:51:38,933 - BDM-WAM 1579632695.5631375 - INFO - []
2020-01-21 18:51:38,950 - BDM-WAM 1579632695.5631375 - INFO - []
2020-01-21 18:51:38,967 - BDM-WAM 1579632695.5631375 - INFO - []
2020-01-21 18:51:38,984 - BDM-WAM 1579632695.5631375 - INFO - []
2020-01-21 18:51:39,001 - BDM-WAM 1579632695.5631375 - INFO - []
2020-01-21 18:51:39,018 - BDM-WAM 1579632695.5631375 - INFO - []
2020-01-21 18:51:39,035 - BDM-WAM 1579632695.5631375 - INFO - []
2020-01-21 18:51:39,052 - BDM-WAM 1579632695.5631375 - INFO - []
2020-01-21 18:51:39,069 - BDM-WAM 1579632695.5631375 - INFO - []
2020-01-21 18:51:39,086 - BDM-WAM 1579632695.5631375 - INFO - []
2020-01-21 18:51:39,103 - BDM-WAM 1579632695.5631375 - INFO - []
2020-01-21 18:51:39,120 - BDM-WAM 1579632695.5631375 - INFO - []
2020-01-21 18:51:39,137 - BDM-WAM 1579632695.5631375 - INFO - []
2020-01-21 18:51:39,153 - BDM-WAM 1579632695.5631375 - INFO - []
2020-01-21 18:51:39,171 - BDM-WAM 1579632695.5631375 - INFO - []
2020-01-21 18:51:39,188 - BDM-WAM 1579632695.5631375 - INFO - []
2020-01-21 18:51:39,205 - BDM-WAM 1579632695.5631375 - INFO - []
2020-01-21 18:51:39,221 - BDM-WAM 1579632695.5631375 - INFO - []
2020-01-21 18:51:39,240 - BDM-WAM 1579632695.5631375 - INFO - []
2020-01-21 18:51:39,256 - BDM-WAM 1579632695.5631375 - INFO - []
2020-01-21 18:51:39,274 - BDM-WAM 1579632695.5631375 - INFO - []
2020-01-21 18:51:39,291 - BDM-WAM 1579632695.5631375 - INFO - []
2020-01-21 18:51:39,308 - BDM-WAM 1579632695.5631375 - INFO - []
2020-01-21 18:51:39,326 - BDM-WAM 1579632695.5631375 - INFO - []
2020-01-21 18:51:39,342 - BDM-WAM 1579632695.5631375 - INFO - []
2020-01-21 18:51:39,360 - BDM-WAM 1579632695.5631375 - INFO - []
2020-01-21 18:51:39,379 - BDM-WAM 1579632695.5631375 - INFO - []
2020-01-21 18:51:39,394 - BDM-WAM 1579632695.5631375 - INFO - []
2020-01-21 18:51:39,412 - BDM-WAM 1579632695.5631375 - INFO - []
2020-01-21 18:51:39,428 - BDM-WAM 1579632695.5631375 - INFO - []
2020-01-21 18:51:39,445 - BDM-WAM 1579632695.5631375 - INFO - []
2020-01-21 18:51:39,462 - BDM-WAM 1579632695.5631375 - INFO - []
2020-01-21 18:51:39,478 - BDM-WAM 1579632695.5631375 - INFO - []
2020-01-21 18:51:39,496 - BDM-WAM 1579632695.5631375 - INFO - []
2020-01-21 18:51:39,514 - BDM-WAM 1579632695.5631375 - INFO - []
2020-01-21 18:51:39,529 - BDM-WAM 1579632695.5631375 - INFO - []
2020-01-21 18:51:39,546 - BDM-WAM 1579632695.5631375 - INFO - []
2020-01-21 18:51:39,563 - BDM-WAM 1579632695.5631375 - INFO - []
2020-01-21 18:51:39,580 - BDM-WAM 1579632695.5631375 - INFO - []
2020-01-21 18:51:39,596 - BDM-WAM 1579632695.5631375 - INFO - []
2020-01-21 18:51:39,613 - BDM-WAM 1579632695.5631375 - INFO - []
2020-01-21 18:51:39,633 - BDM-WAM 1579632695.5631375 - INFO - []
2020-01-21 18:51:39,648 - BDM-WAM 1579632695.5631375 - INFO - []
2020-01-21 18:51:39,703 - BDM-WAM 1579632695.5631375 - INFO - []
2020-01-21 18:51:39,704 - BDM-WAM 1579632695.5631375 - INFO - []
2020-01-21 18:51:39,769 - BDM-WAM 1579632695.5631375 - INFO - []
2020-01-21 18:51:39,770 - BDM-WAM 1579632695.5631375 - INFO - []
2020-01-21 18:51:39,816 - BDM-WAM 1579632695.5631375 - INFO - []
2020-01-21 18:51:39,848 - BDM-WAM 1579632695.5631375 - INFO - <Event(10-MoleUp) {'loc': (95,43)})>
2020-01-21 18:51:39,849 - BDM-WAM 1579632695.5631375 - INFO - []
2020-01-21 18:51:39,866 - BDM-WAM 1579632695.5631375 - INFO - []
2020-01-21 18:51:39,883 - BDM-WAM 1579632695.5631375 - INFO - []
2020-01-21 18:51:39,937 - BDM-WAM 1579632695.5631375 - INFO - []
2020-01-21 18:51:39,938 - BDM-WAM 1579632695.5631375 - INFO - []
2020-01-21 18:51:39,992 - BDM-WAM 1579632695.5631375 - INFO - []
2020-01-21 18:51:39,995 - BDM-WAM 1579632695.5631375 - INFO - []
2020-01-21 18:51:40,145 - BDM-WAM 1579632695.5631375 - INFO - [<Event(12-Quit {})>]
2020-01-21 18:51:40,145 - BDM-WAM 1579632695.5631375 - INFO - ************* HAPPY ANALYSING... LOG COMPLETE!!! ************* 
