2020-01-21 20:27:38,241 - BDM-WAM 1579638457.2916505 - INFO - <Event(17-VideoExpose {})>
2020-01-21 20:27:39,279 - BDM-WAM 1579638457.2916505 - INFO - <Event(16-VideoResize {'size': (1424, 700), 'w': 1424, 'h': 700})>
2020-01-21 20:27:39,279 - BDM-WAM 1579638457.2916505 - INFO - <Event(1-ActiveEvent {'gain': 0, 'state': 1})>
2020-01-21 20:27:39,280 - BDM-WAM 1579638457.2916505 - INFO - <Event(4-MouseMotion {'pos': (117, 699), 'rel': (118, 700), 'buttons': (0, 0, 0), 'window': None})>
2020-01-21 20:27:39,324 - BDM-WAM 1579638457.2916505 - INFO - <Event(10-MoleUp) {'loc': (179,169)})>
2020-01-21 20:27:39,370 - BDM-WAM 1579638457.2916505 - INFO - <Event(4-MouseMotion {'pos': (344, 377), 'rel': (0, -6), 'buttons': (0, 0, 0), 'window': None})>
2020-01-21 20:27:39,374 - BDM-WAM 1579638457.2916505 - INFO - <Event(4-MouseMotion {'pos': (344, 369), 'rel': (0, -8), 'buttons': (0, 0, 0), 'window': None})>
2020-01-21 20:27:39,395 - BDM-WAM 1579638457.2916505 - INFO - <Event(4-MouseMotion {'pos': (381, 268), 'rel': (37, -101), 'buttons': (0, 0, 0), 'window': None})>
2020-01-21 20:27:39,405 - BDM-WAM 1579638457.2916505 - INFO - <Event(4-MouseMotion {'pos': (401, 225), 'rel': (20, -43), 'buttons': (0, 0, 0), 'window': None})>
2020-01-21 20:27:39,426 - BDM-WAM 1579638457.2916505 - INFO - <Event(3-KeyUp {'key': 99, 'mod': 0, 'scancode': 46, 'window': None})>
2020-01-21 20:27:39,427 - BDM-WAM 1579638457.2916505 - INFO - <Event(4-MouseMotion {'pos': (412, 188), 'rel': (11, -37), 'buttons': (0, 0, 0), 'window': None})>
2020-01-21 20:27:39,489 - BDM-WAM 1579638457.2916505 - INFO - <Event(4-MouseMotion {'pos': (424, 149), 'rel': (12, -39), 'buttons': (0, 0, 0), 'window': None})>
2020-01-21 20:27:39,526 - BDM-WAM 1579638457.2916505 - INFO - <Event(4-MouseMotion {'pos': (427, 148), 'rel': (3, -1), 'buttons': (0, 0, 0), 'window': None})>
2020-01-21 20:27:39,583 - BDM-WAM 1579638457.2916505 - INFO - <Event(4-MouseMotion {'pos': (438, 144), 'rel': (11, -4), 'buttons': (0, 0, 0), 'window': None})>
2020-01-21 20:27:39,652 - BDM-WAM 1579638457.2916505 - INFO - <Event(4-MouseMotion {'pos': (439, 144), 'rel': (1, 0), 'buttons': (0, 0, 0), 'window': None})>
2020-01-21 20:27:39,751 - BDM-WAM 1579638457.2916505 - INFO - <Event(4-MouseMotion {'pos': (423, 149), 'rel': (-16, 5), 'buttons': (0, 0, 0), 'window': None})>
2020-01-21 20:27:39,768 - BDM-WAM 1579638457.2916505 - INFO - <Event(4-MouseMotion {'pos': (389, 163), 'rel': (-34, 14), 'buttons': (0, 0, 0), 'window': None})>
2020-01-21 20:27:39,784 - BDM-WAM 1579638457.2916505 - INFO - <Event(4-MouseMotion {'pos': (357, 181), 'rel': (-32, 18), 'buttons': (0, 0, 0), 'window': None})>
2020-01-21 20:27:39,803 - BDM-WAM 1579638457.2916505 - INFO - <Event(4-MouseMotion {'pos': (334, 193), 'rel': (-23, 12), 'buttons': (0, 0, 0), 'window': None})>
2020-01-21 20:27:39,818 - BDM-WAM 1579638457.2916505 - INFO - <Event(4-MouseMotion {'pos': (332, 194), 'rel': (-2, 1), 'buttons': (0, 0, 0), 'window': None})>
2020-01-21 20:27:39,833 - BDM-WAM 1579638457.2916505 - INFO - <Event(4-MouseMotion {'pos': (331, 194), 'rel': (-1, 0), 'buttons': (0, 0, 0), 'window': None})>
2020-01-21 20:27:39,850 - BDM-WAM 1579638457.2916505 - INFO - <Event(4-MouseMotion {'pos': (329, 194), 'rel': (-2, 0), 'buttons': (0, 0, 0), 'window': None})>
2020-01-21 20:27:39,866 - BDM-WAM 1579638457.2916505 - INFO - <Event(4-MouseMotion {'pos': (327, 194), 'rel': (-2, 0), 'buttons': (0, 0, 0), 'window': None})>
2020-01-21 20:27:39,899 - BDM-WAM 1579638457.2916505 - INFO - <Event(4-MouseMotion {'pos': (325, 194), 'rel': (-2, 0), 'buttons': (0, 0, 0), 'window': None})>
2020-01-21 20:27:39,916 - BDM-WAM 1579638457.2916505 - INFO - <Event(4-MouseMotion {'pos': (323, 193), 'rel': (-2, -1), 'buttons': (0, 0, 0), 'window': None})>
2020-01-21 20:27:39,932 - BDM-WAM 1579638457.2916505 - INFO - <Event(4-MouseMotion {'pos': (321, 193), 'rel': (-2, 0), 'buttons': (0, 0, 0), 'window': None})>
2020-01-21 20:27:39,982 - BDM-WAM 1579638457.2916505 - INFO - <Event(4-MouseMotion {'pos': (318, 193), 'rel': (-3, 0), 'buttons': (0, 0, 0), 'window': None})>
2020-01-21 20:27:39,998 - BDM-WAM 1579638457.2916505 - INFO - <Event(4-MouseMotion {'pos': (306, 195), 'rel': (-12, 2), 'buttons': (0, 0, 0), 'window': None})>
2020-01-21 20:27:40,015 - BDM-WAM 1579638457.2916505 - INFO - <Event(4-MouseMotion {'pos': (286, 201), 'rel': (-20, 6), 'buttons': (0, 0, 0), 'window': None})>
2020-01-21 20:27:40,031 - BDM-WAM 1579638457.2916505 - INFO - <Event(4-MouseMotion {'pos': (262, 208), 'rel': (-24, 7), 'buttons': (0, 0, 0), 'window': None})>
2020-01-21 20:27:40,047 - BDM-WAM 1579638457.2916505 - INFO - <Event(4-MouseMotion {'pos': (251, 211), 'rel': (-11, 3), 'buttons': (0, 0, 0), 'window': None})>
2020-01-21 20:27:40,065 - BDM-WAM 1579638457.2916505 - INFO - <Event(4-MouseMotion {'pos': (247, 213), 'rel': (-4, 2), 'buttons': (0, 0, 0), 'window': None})>
2020-01-21 20:27:40,082 - BDM-WAM 1579638457.2916505 - INFO - <Event(4-MouseMotion {'pos': (243, 214), 'rel': (-4, 1), 'buttons': (0, 0, 0), 'window': None})>
2020-01-21 20:27:40,097 - BDM-WAM 1579638457.2916505 - INFO - <Event(4-MouseMotion {'pos': (239, 216), 'rel': (-4, 2), 'buttons': (0, 0, 0), 'window': None})>
2020-01-21 20:27:40,113 - BDM-WAM 1579638457.2916505 - INFO - <Event(4-MouseMotion {'pos': (238, 217), 'rel': (-1, 1), 'buttons': (0, 0, 0), 'window': None})>
2020-01-21 20:27:40,131 - BDM-WAM 1579638457.2916505 - INFO - <Event(4-MouseMotion {'pos': (237, 218), 'rel': (-1, 1), 'buttons': (0, 0, 0), 'window': None})>
2020-01-21 20:27:40,162 - BDM-WAM 1579638457.2916505 - INFO - <Event(4-MouseMotion {'pos': (235, 219), 'rel': (-2, 1), 'buttons': (0, 0, 0), 'window': None})>
2020-01-21 20:27:40,265 - BDM-WAM 1579638457.2916505 - INFO - <Event(5-MouseButtonDown {'pos': (235, 219), 'button': 1, 'window': None})>
2020-01-21 20:27:40,265 - BDM-WAM 1579638457.2916505 - INFO - <Event(8-Pause {'reason': hit_conf })>
2020-01-21 20:27:40,866 - BDM-WAM 1579638457.2916505 - INFO - <Event(7-Rate {'hit_conf': 3 })>
2020-01-21 20:27:41,032 - BDM-WAM 1579638457.2916505 - INFO - <Event(7-Rate {'reward_conf': 3 })>
2020-01-21 20:27:41,260 - BDM-WAM 1579638457.2916505 - INFO - <Event(7-Rate {'player_skill': 3 })>
2020-01-21 20:27:41,261 - BDM-WAM 1579638457.2916505 - INFO - <Event(9.1-TrueHit {'pos': (235,219),'distance: 75.07329751649384,'relative_loc: (56, 50),'window': None})>
2020-01-21 20:27:41,261 - BDM-WAM 1579638457.2916505 - INFO - <Event(11-Score {score_inc: 4,score: 4})>
2020-01-21 20:27:41,410 - BDM-WAM 1579638457.2916505 - INFO - <Event(3-KeyUp {'key': 51, 'mod': 0, 'scancode': 4, 'window': None})>
2020-01-21 20:27:41,512 - BDM-WAM 1579638457.2916505 - INFO - <Event(4-MouseMotion {'pos': (258, 219), 'rel': (1, 0), 'buttons': (0, 0, 0), 'window': None})>
2020-01-21 20:27:41,528 - BDM-WAM 1579638457.2916505 - INFO - <Event(4-MouseMotion {'pos': (279, 215), 'rel': (21, -4), 'buttons': (0, 0, 0), 'window': None})>
2020-01-21 20:27:41,545 - BDM-WAM 1579638457.2916505 - INFO - <Event(4-MouseMotion {'pos': (299, 211), 'rel': (20, -4), 'buttons': (0, 0, 0), 'window': None})>
2020-01-21 20:27:41,561 - BDM-WAM 1579638457.2916505 - INFO - <Event(4-MouseMotion {'pos': (308, 211), 'rel': (9, 0), 'buttons': (0, 0, 0), 'window': None})>
2020-01-21 20:27:41,608 - BDM-WAM 1579638457.2916505 - INFO - <Event(4-MouseMotion {'pos': (353, 226), 'rel': (45, 15), 'buttons': (0, 0, 0), 'window': None})>
2020-01-21 20:27:41,644 - BDM-WAM 1579638457.2916505 - INFO - <Event(4-MouseMotion {'pos': (353, 227), 'rel': (0, 1), 'buttons': (0, 0, 0), 'window': None})>
2020-01-21 20:27:41,662 - BDM-WAM 1579638457.2916505 - INFO - <Event(4-MouseMotion {'pos': (358, 229), 'rel': (5, 2), 'buttons': (0, 0, 0), 'window': None})>
2020-01-21 20:27:41,677 - BDM-WAM 1579638457.2916505 - INFO - <Event(4-MouseMotion {'pos': (368, 235), 'rel': (10, 6), 'buttons': (0, 0, 0), 'window': None})>
2020-01-21 20:27:41,726 - BDM-WAM 1579638457.2916505 - INFO - <Event(4-MouseMotion {'pos': (397, 252), 'rel': (29, 17), 'buttons': (0, 0, 0), 'window': None})>
2020-01-21 20:27:41,795 - BDM-WAM 1579638457.2916505 - INFO - <Event(10-MoleUp) {'loc': (404,479)})>
2020-01-21 20:27:41,798 - BDM-WAM 1579638457.2916505 - INFO - <Event(4-MouseMotion {'pos': (415, 272), 'rel': (18, 20), 'buttons': (0, 0, 0), 'window': None})>
2020-01-21 20:27:41,814 - BDM-WAM 1579638457.2916505 - INFO - <Event(4-MouseMotion {'pos': (422, 279), 'rel': (7, 7), 'buttons': (0, 0, 0), 'window': None})>
2020-01-21 20:27:41,833 - BDM-WAM 1579638457.2916505 - INFO - <Event(4-MouseMotion {'pos': (426, 284), 'rel': (4, 5), 'buttons': (0, 0, 0), 'window': None})>
2020-01-21 20:27:41,846 - BDM-WAM 1579638457.2916505 - INFO - <Event(4-MouseMotion {'pos': (437, 293), 'rel': (11, 9), 'buttons': (0, 0, 0), 'window': None})>
2020-01-21 20:27:41,863 - BDM-WAM 1579638457.2916505 - INFO - <Event(4-MouseMotion {'pos': (448, 300), 'rel': (11, 7), 'buttons': (0, 0, 0), 'window': None})>
2020-01-21 20:27:41,880 - BDM-WAM 1579638457.2916505 - INFO - <Event(4-MouseMotion {'pos': (452, 303), 'rel': (4, 3), 'buttons': (0, 0, 0), 'window': None})>
2020-01-21 20:27:41,897 - BDM-WAM 1579638457.2916505 - INFO - <Event(4-MouseMotion {'pos': (453, 305), 'rel': (1, 2), 'buttons': (0, 0, 0), 'window': None})>
2020-01-21 20:27:41,930 - BDM-WAM 1579638457.2916505 - INFO - <Event(4-MouseMotion {'pos': (454, 306), 'rel': (1, 1), 'buttons': (0, 0, 0), 'window': None})>
2020-01-21 20:27:41,947 - BDM-WAM 1579638457.2916505 - INFO - <Event(4-MouseMotion {'pos': (457, 308), 'rel': (3, 2), 'buttons': (0, 0, 0), 'window': None})>
2020-01-21 20:27:41,964 - BDM-WAM 1579638457.2916505 - INFO - <Event(4-MouseMotion {'pos': (462, 313), 'rel': (5, 5), 'buttons': (0, 0, 0), 'window': None})>
2020-01-21 20:27:41,980 - BDM-WAM 1579638457.2916505 - INFO - <Event(4-MouseMotion {'pos': (465, 317), 'rel': (3, 4), 'buttons': (0, 0, 0), 'window': None})>
2020-01-21 20:27:41,999 - BDM-WAM 1579638457.2916505 - INFO - <Event(4-MouseMotion {'pos': (470, 322), 'rel': (5, 5), 'buttons': (0, 0, 0), 'window': None})>
2020-01-21 20:27:42,015 - BDM-WAM 1579638457.2916505 - INFO - <Event(4-MouseMotion {'pos': (475, 329), 'rel': (5, 7), 'buttons': (0, 0, 0), 'window': None})>
2020-01-21 20:27:42,031 - BDM-WAM 1579638457.2916505 - INFO - <Event(4-MouseMotion {'pos': (478, 331), 'rel': (3, 2), 'buttons': (0, 0, 0), 'window': None})>
2020-01-21 20:27:42,064 - BDM-WAM 1579638457.2916505 - INFO - <Event(4-MouseMotion {'pos': (480, 332), 'rel': (2, 1), 'buttons': (0, 0, 0), 'window': None})>
2020-01-21 20:27:42,081 - BDM-WAM 1579638457.2916505 - INFO - <Event(4-MouseMotion {'pos': (483, 332), 'rel': (3, 0), 'buttons': (0, 0, 0), 'window': None})>
2020-01-21 20:27:42,097 - BDM-WAM 1579638457.2916505 - INFO - <Event(4-MouseMotion {'pos': (493, 332), 'rel': (10, 0), 'buttons': (0, 0, 0), 'window': None})>
2020-01-21 20:27:42,115 - BDM-WAM 1579638457.2916505 - INFO - <Event(4-MouseMotion {'pos': (518, 326), 'rel': (25, -6), 'buttons': (0, 0, 0), 'window': None})>
2020-01-21 20:27:42,131 - BDM-WAM 1579638457.2916505 - INFO - <Event(4-MouseMotion {'pos': (537, 317), 'rel': (19, -9), 'buttons': (0, 0, 0), 'window': None})>
2020-01-21 20:27:42,150 - BDM-WAM 1579638457.2916505 - INFO - <Event(4-MouseMotion {'pos': (552, 304), 'rel': (15, -13), 'buttons': (0, 0, 0), 'window': None})>
2020-01-21 20:27:42,164 - BDM-WAM 1579638457.2916505 - INFO - <Event(4-MouseMotion {'pos': (556, 298), 'rel': (4, -6), 'buttons': (0, 0, 0), 'window': None})>
2020-01-21 20:27:42,180 - BDM-WAM 1579638457.2916505 - INFO - <Event(4-MouseMotion {'pos': (560, 291), 'rel': (4, -7), 'buttons': (0, 0, 0), 'window': None})>
2020-01-21 20:27:42,232 - BDM-WAM 1579638457.2916505 - INFO - <Event(4-MouseMotion {'pos': (562, 278), 'rel': (2, -13), 'buttons': (0, 0, 0), 'window': None})>
2020-01-21 20:27:42,234 - BDM-WAM 1579638457.2916505 - INFO - <Event(4-MouseMotion {'pos': (561, 278), 'rel': (-1, 0), 'buttons': (0, 0, 0), 'window': None})>
2020-01-21 20:27:42,250 - BDM-WAM 1579638457.2916505 - INFO - <Event(4-MouseMotion {'pos': (560, 277), 'rel': (-1, -1), 'buttons': (0, 0, 0), 'window': None})>
2020-01-21 20:27:42,267 - BDM-WAM 1579638457.2916505 - INFO - <Event(4-MouseMotion {'pos': (558, 276), 'rel': (-2, -1), 'buttons': (0, 0, 0), 'window': None})>
2020-01-21 20:27:42,284 - BDM-WAM 1579638457.2916505 - INFO - <Event(4-MouseMotion {'pos': (554, 273), 'rel': (-4, -3), 'buttons': (0, 0, 0), 'window': None})>
2020-01-21 20:27:42,335 - BDM-WAM 1579638457.2916505 - INFO - <Event(4-MouseMotion {'pos': (510, 242), 'rel': (-44, -31), 'buttons': (0, 0, 0), 'window': None})>
2020-01-21 20:27:42,340 - BDM-WAM 1579638457.2916505 - INFO - <Event(4-MouseMotion {'pos': (507, 240), 'rel': (-3, -2), 'buttons': (0, 0, 0), 'window': None})>
2020-01-21 20:27:42,352 - BDM-WAM 1579638457.2916505 - INFO - <Event(4-MouseMotion {'pos': (486, 228), 'rel': (-21, -12), 'buttons': (0, 0, 0), 'window': None})>
2020-01-21 20:27:42,369 - BDM-WAM 1579638457.2916505 - INFO - <Event(4-MouseMotion {'pos': (472, 220), 'rel': (-14, -8), 'buttons': (0, 0, 0), 'window': None})>
2020-01-21 20:27:42,385 - BDM-WAM 1579638457.2916505 - INFO - <Event(4-MouseMotion {'pos': (467, 219), 'rel': (-5, -1), 'buttons': (0, 0, 0), 'window': None})>
2020-01-21 20:27:42,433 - BDM-WAM 1579638457.2916505 - INFO - <Event(4-MouseMotion {'pos': (464, 219), 'rel': (-3, 0), 'buttons': (0, 0, 0), 'window': None})>
2020-01-21 20:27:42,439 - BDM-WAM 1579638457.2916505 - INFO - <Event(4-MouseMotion {'pos': (461, 222), 'rel': (-3, 3), 'buttons': (0, 0, 0), 'window': None})>
2020-01-21 20:27:42,451 - BDM-WAM 1579638457.2916505 - INFO - <Event(4-MouseMotion {'pos': (455, 226), 'rel': (-6, 4), 'buttons': (0, 0, 0), 'window': None})>
2020-01-21 20:27:42,468 - BDM-WAM 1579638457.2916505 - INFO - <Event(4-MouseMotion {'pos': (441, 239), 'rel': (-14, 13), 'buttons': (0, 0, 0), 'window': None})>
2020-01-21 20:27:42,487 - BDM-WAM 1579638457.2916505 - INFO - <Event(4-MouseMotion {'pos': (421, 277), 'rel': (-20, 38), 'buttons': (0, 0, 0), 'window': None})>
2020-01-21 20:27:42,501 - BDM-WAM 1579638457.2916505 - INFO - <Event(4-MouseMotion {'pos': (423, 328), 'rel': (2, 51), 'buttons': (0, 0, 0), 'window': None})>
2020-01-21 20:27:42,517 - BDM-WAM 1579638457.2916505 - INFO - <Event(4-MouseMotion {'pos': (437, 411), 'rel': (14, 83), 'buttons': (0, 0, 0), 'window': None})>
2020-01-21 20:27:42,534 - BDM-WAM 1579638457.2916505 - INFO - <Event(4-MouseMotion {'pos': (440, 492), 'rel': (3, 81), 'buttons': (0, 0, 0), 'window': None})>
2020-01-21 20:27:42,550 - BDM-WAM 1579638457.2916505 - INFO - <Event(4-MouseMotion {'pos': (440, 572), 'rel': (0, 80), 'buttons': (0, 0, 0), 'window': None})>
2020-01-21 20:27:42,568 - BDM-WAM 1579638457.2916505 - INFO - <Event(4-MouseMotion {'pos': (442, 617), 'rel': (2, 45), 'buttons': (0, 0, 0), 'window': None})>
2020-01-21 20:27:42,584 - BDM-WAM 1579638457.2916505 - INFO - <Event(4-MouseMotion {'pos': (442, 636), 'rel': (0, 19), 'buttons': (0, 0, 0), 'window': None})>
2020-01-21 20:27:42,600 - BDM-WAM 1579638457.2916505 - INFO - <Event(4-MouseMotion {'pos': (442, 639), 'rel': (0, 3), 'buttons': (0, 0, 0), 'window': None})>
2020-01-21 20:27:42,749 - BDM-WAM 1579638457.2916505 - INFO - <Event(4-MouseMotion {'pos': (445, 633), 'rel': (3, -6), 'buttons': (0, 0, 0), 'window': None})>
2020-01-21 20:27:42,766 - BDM-WAM 1579638457.2916505 - INFO - <Event(4-MouseMotion {'pos': (459, 600), 'rel': (14, -33), 'buttons': (0, 0, 0), 'window': None})>
2020-01-21 20:27:42,783 - BDM-WAM 1579638457.2916505 - INFO - <Event(4-MouseMotion {'pos': (463, 571), 'rel': (4, -29), 'buttons': (0, 0, 0), 'window': None})>
2020-01-21 20:27:42,798 - BDM-WAM 1579638457.2916505 - INFO - <Event(4-MouseMotion {'pos': (462, 553), 'rel': (-1, -18), 'buttons': (0, 0, 0), 'window': None})>
2020-01-21 20:27:42,816 - BDM-WAM 1579638457.2916505 - INFO - <Event(4-MouseMotion {'pos': (457, 537), 'rel': (-5, -16), 'buttons': (0, 0, 0), 'window': None})>
2020-01-21 20:27:42,832 - BDM-WAM 1579638457.2916505 - INFO - <Event(4-MouseMotion {'pos': (456, 536), 'rel': (-1, -1), 'buttons': (0, 0, 0), 'window': None})>
2020-01-21 20:27:42,849 - BDM-WAM 1579638457.2916505 - INFO - <Event(4-MouseMotion {'pos': (455, 534), 'rel': (-1, -2), 'buttons': (0, 0, 0), 'window': None})>
2020-01-21 20:27:42,952 - BDM-WAM 1579638457.2916505 - INFO - <Event(4-MouseMotion {'pos': (455, 533), 'rel': (0, -1), 'buttons': (0, 0, 0), 'window': None})>
2020-01-21 20:27:43,037 - BDM-WAM 1579638457.2916505 - INFO - <Event(5-MouseButtonDown {'pos': (455, 533), 'button': 1, 'window': None})>
2020-01-21 20:27:43,037 - BDM-WAM 1579638457.2916505 - INFO - <Event(8-Pause {'reason': hit_conf })>
2020-01-21 20:27:43,443 - BDM-WAM 1579638457.2916505 - INFO - <Event(7-Rate {'hit_conf': 2 })>
2020-01-21 20:27:43,598 - BDM-WAM 1579638457.2916505 - INFO - <Event(7-Rate {'reward_conf': 2 })>
2020-01-21 20:27:43,744 - BDM-WAM 1579638457.2916505 - INFO - <Event(7-Rate {'player_skill': 2 })>
2020-01-21 20:27:43,746 - BDM-WAM 1579638457.2916505 - INFO - <Event(9.1-TrueHit {'pos': (455,533),'distance: 74.27651041883968,'relative_loc: (51, 54),'window': None})>
2020-01-21 20:27:43,746 - BDM-WAM 1579638457.2916505 - INFO - <Event(11-Score {score_inc: 4,score: 8})>
2020-01-21 20:27:43,798 - BDM-WAM 1579638457.2916505 - INFO - <Event(4-MouseMotion {'pos': (453, 533), 'rel': (-2, 0), 'buttons': (0, 0, 0), 'window': None})>
2020-01-21 20:27:43,815 - BDM-WAM 1579638457.2916505 - INFO - <Event(4-MouseMotion {'pos': (443, 526), 'rel': (-10, -7), 'buttons': (0, 0, 0), 'window': None})>
2020-01-21 20:27:43,832 - BDM-WAM 1579638457.2916505 - INFO - <Event(4-MouseMotion {'pos': (435, 515), 'rel': (-8, -11), 'buttons': (0, 0, 0), 'window': None})>
2020-01-21 20:27:43,849 - BDM-WAM 1579638457.2916505 - INFO - <Event(4-MouseMotion {'pos': (433, 509), 'rel': (-2, -6), 'buttons': (0, 0, 0), 'window': None})>
2020-01-21 20:27:43,867 - BDM-WAM 1579638457.2916505 - INFO - <Event(3-KeyUp {'key': 50, 'mod': 0, 'scancode': 3, 'window': None})>
2020-01-21 20:27:43,867 - BDM-WAM 1579638457.2916505 - INFO - <Event(4-MouseMotion {'pos': (431, 507), 'rel': (-2, -2), 'buttons': (0, 0, 0), 'window': None})>
2020-01-21 20:27:43,882 - BDM-WAM 1579638457.2916505 - INFO - <Event(4-MouseMotion {'pos': (430, 506), 'rel': (-1, -1), 'buttons': (0, 0, 0), 'window': None})>
2020-01-21 20:27:43,900 - BDM-WAM 1579638457.2916505 - INFO - <Event(4-MouseMotion {'pos': (425, 503), 'rel': (-5, -3), 'buttons': (0, 0, 0), 'window': None})>
2020-01-21 20:27:43,915 - BDM-WAM 1579638457.2916505 - INFO - <Event(4-MouseMotion {'pos': (422, 496), 'rel': (-3, -7), 'buttons': (0, 0, 0), 'window': None})>
2020-01-21 20:27:43,932 - BDM-WAM 1579638457.2916505 - INFO - <Event(4-MouseMotion {'pos': (419, 482), 'rel': (-3, -14), 'buttons': (0, 0, 0), 'window': None})>
2020-01-21 20:27:43,948 - BDM-WAM 1579638457.2916505 - INFO - <Event(4-MouseMotion {'pos': (410, 460), 'rel': (-9, -22), 'buttons': (0, 0, 0), 'window': None})>
2020-01-21 20:27:43,968 - BDM-WAM 1579638457.2916505 - INFO - <Event(4-MouseMotion {'pos': (408, 456), 'rel': (-2, -4), 'buttons': (0, 0, 0), 'window': None})>
2020-01-21 20:27:43,983 - BDM-WAM 1579638457.2916505 - INFO - <Event(4-MouseMotion {'pos': (407, 452), 'rel': (-1, -4), 'buttons': (0, 0, 0), 'window': None})>
2020-01-21 20:27:43,998 - BDM-WAM 1579638457.2916505 - INFO - <Event(4-MouseMotion {'pos': (406, 447), 'rel': (-1, -5), 'buttons': (0, 0, 0), 'window': None})>
2020-01-21 20:27:44,015 - BDM-WAM 1579638457.2916505 - INFO - <Event(4-MouseMotion {'pos': (404, 443), 'rel': (-2, -4), 'buttons': (0, 0, 0), 'window': None})>
2020-01-21 20:27:44,031 - BDM-WAM 1579638457.2916505 - INFO - <Event(4-MouseMotion {'pos': (404, 442), 'rel': (0, -1), 'buttons': (0, 0, 0), 'window': None})>
2020-01-21 20:27:44,082 - BDM-WAM 1579638457.2916505 - INFO - <Event(4-MouseMotion {'pos': (403, 438), 'rel': (-1, -4), 'buttons': (0, 0, 0), 'window': None})>
2020-01-21 20:27:44,099 - BDM-WAM 1579638457.2916505 - INFO - <Event(4-MouseMotion {'pos': (402, 432), 'rel': (-1, -6), 'buttons': (0, 0, 0), 'window': None})>
2020-01-21 20:27:44,115 - BDM-WAM 1579638457.2916505 - INFO - <Event(4-MouseMotion {'pos': (400, 424), 'rel': (-2, -8), 'buttons': (0, 0, 0), 'window': None})>
2020-01-21 20:27:44,133 - BDM-WAM 1579638457.2916505 - INFO - <Event(4-MouseMotion {'pos': (398, 413), 'rel': (-2, -11), 'buttons': (0, 0, 0), 'window': None})>
2020-01-21 20:27:44,150 - BDM-WAM 1579638457.2916505 - INFO - <Event(4-MouseMotion {'pos': (392, 368), 'rel': (-6, -45), 'buttons': (0, 0, 0), 'window': None})>
2020-01-21 20:27:44,198 - BDM-WAM 1579638457.2916505 - INFO - <Event(4-MouseMotion {'pos': (575, 78), 'rel': (183, -290), 'buttons': (0, 0, 0), 'window': None})>
2020-01-21 20:27:44,257 - BDM-WAM 1579638457.2916505 - INFO - <Event(10-MoleUp) {'loc': (381,295)})>
2020-01-21 20:27:44,259 - BDM-WAM 1579638457.2916505 - INFO - <Event(4-MouseMotion {'pos': (575, 71), 'rel': (0, -7), 'buttons': (0, 0, 0), 'window': None})>
2020-01-21 20:27:44,839 - BDM-WAM 1579638457.2916505 - INFO - <Event(2-KeyDown {'unicode': 'p', 'key': 112, 'mod': 0, 'scancode': 25, 'window': None})>
2020-01-21 20:27:44,839 - BDM-WAM 1579638457.2916505 - INFO - <Event(8-Pause {'reason': pause })>
2020-01-21 20:27:45,940 - BDM-WAM 1579638457.2916505 - INFO - <Event(3-KeyUp {'key': 99, 'mod': 0, 'scancode': 46, 'window': None})>
2020-01-21 20:27:46,656 - BDM-WAM 1579638457.2916505 - INFO - <Event(2-KeyDown {'unicode': 'p', 'key': 112, 'mod': 0, 'scancode': 25, 'window': None})>
2020-01-21 20:27:46,657 - BDM-WAM 1579638457.2916505 - INFO - <Event(8-Pause {'reason': pause })>
2020-01-21 20:27:47,329 - BDM-WAM 1579638457.2916505 - INFO - ************* HAPPY ANALYSING... LOG COMPLETE!!! ************* 
