2019-07-18 08:14:04,630 - BDM-WAM 1563434040.883808 - INFO - <Event(17-VideoExpose {})>
2019-07-18 08:14:05,636 - BDM-WAM 1563434040.883808 - INFO - <Event(16-VideoResize {'size': (800, 600), 'w': 800, 'h': 600})>
2019-07-18 08:14:05,637 - BDM-WAM 1563434040.883808 - INFO - <Event(1-ActiveEvent {'gain': 0, 'state': 1})>
2019-07-18 08:14:05,637 - BDM-WAM 1563434040.883808 - INFO - <Event(4-MouseMotion {'pos': (427, 373), 'rel': (428, 374), 'buttons': (0, 0, 0), 'window': None})>
2019-07-18 08:14:05,637 - BDM-WAM 1563434040.883808 - INFO - <Event(1-ActiveEvent {'gain': 1, 'state': 1})>
2019-07-18 08:14:05,638 - BDM-WAM 1563434040.883808 - INFO - <Event(4-MouseMotion {'pos': (375, 340), 'rel': (-52, -33), 'buttons': (0, 0, 0), 'window': None})>
2019-07-18 08:14:05,782 - BDM-WAM 1563434040.883808 - INFO - <Event(3-KeyUp {'key': 99, 'mod': 0, 'scancode': 46, 'window': None})>
2019-07-18 08:14:05,998 - BDM-WAM 1563434040.883808 - INFO - <Event(4-MouseMotion {'pos': (377, 339), 'rel': (0, -2), 'buttons': (0, 0, 0), 'window': None})>
2019-07-18 08:14:06,016 - BDM-WAM 1563434040.883808 - INFO - <Event(4-MouseMotion {'pos': (377, 337), 'rel': (0, -2), 'buttons': (0, 0, 0), 'window': None})>
2019-07-18 08:14:06,032 - BDM-WAM 1563434040.883808 - INFO - <Event(4-MouseMotion {'pos': (377, 334), 'rel': (0, -3), 'buttons': (0, 0, 0), 'window': None})>
2019-07-18 08:14:06,049 - BDM-WAM 1563434040.883808 - INFO - <Event(4-MouseMotion {'pos': (377, 330), 'rel': (0, -4), 'buttons': (0, 0, 0), 'window': None})>
2019-07-18 08:14:06,066 - BDM-WAM 1563434040.883808 - INFO - <Event(4-MouseMotion {'pos': (377, 327), 'rel': (0, -3), 'buttons': (0, 0, 0), 'window': None})>
2019-07-18 08:14:06,083 - BDM-WAM 1563434040.883808 - INFO - <Event(4-MouseMotion {'pos': (377, 323), 'rel': (0, -4), 'buttons': (0, 0, 0), 'window': None})>
2019-07-18 08:14:06,099 - BDM-WAM 1563434040.883808 - INFO - <Event(4-MouseMotion {'pos': (377, 321), 'rel': (0, -2), 'buttons': (0, 0, 0), 'window': None})>
2019-07-18 08:14:06,115 - BDM-WAM 1563434040.883808 - INFO - <Event(4-MouseMotion {'pos': (377, 320), 'rel': (0, -1), 'buttons': (0, 0, 0), 'window': None})>
2019-07-18 08:14:06,164 - BDM-WAM 1563434040.883808 - INFO - <Event(4-MouseMotion {'pos': (378, 321), 'rel': (1, 1), 'buttons': (0, 0, 0), 'window': None})>
2019-07-18 08:14:06,180 - BDM-WAM 1563434040.883808 - INFO - <Event(4-MouseMotion {'pos': (381, 324), 'rel': (3, 3), 'buttons': (0, 0, 0), 'window': None})>
2019-07-18 08:14:06,197 - BDM-WAM 1563434040.883808 - INFO - <Event(4-MouseMotion {'pos': (383, 327), 'rel': (2, 3), 'buttons': (0, 0, 0), 'window': None})>
2019-07-18 08:14:06,214 - BDM-WAM 1563434040.883808 - INFO - <Event(4-MouseMotion {'pos': (385, 329), 'rel': (2, 2), 'buttons': (0, 0, 0), 'window': None})>
2019-07-18 08:14:06,229 - BDM-WAM 1563434040.883808 - INFO - <Event(4-MouseMotion {'pos': (388, 332), 'rel': (3, 3), 'buttons': (0, 0, 0), 'window': None})>
2019-07-18 08:14:06,246 - BDM-WAM 1563434040.883808 - INFO - <Event(4-MouseMotion {'pos': (395, 335), 'rel': (7, 3), 'buttons': (0, 0, 0), 'window': None})>
2019-07-18 08:14:06,262 - BDM-WAM 1563434040.883808 - INFO - <Event(4-MouseMotion {'pos': (404, 337), 'rel': (9, 2), 'buttons': (0, 0, 0), 'window': None})>
2019-07-18 08:14:06,278 - BDM-WAM 1563434040.883808 - INFO - <Event(4-MouseMotion {'pos': (414, 339), 'rel': (10, 2), 'buttons': (0, 0, 0), 'window': None})>
2019-07-18 08:14:06,296 - BDM-WAM 1563434040.883808 - INFO - <Event(4-MouseMotion {'pos': (423, 339), 'rel': (9, 0), 'buttons': (0, 0, 0), 'window': None})>
2019-07-18 08:14:06,314 - BDM-WAM 1563434040.883808 - INFO - <Event(4-MouseMotion {'pos': (437, 339), 'rel': (14, 0), 'buttons': (0, 0, 0), 'window': None})>
2019-07-18 08:14:06,328 - BDM-WAM 1563434040.883808 - INFO - <Event(4-MouseMotion {'pos': (448, 339), 'rel': (11, 0), 'buttons': (0, 0, 0), 'window': None})>
2019-07-18 08:14:06,346 - BDM-WAM 1563434040.883808 - INFO - <Event(4-MouseMotion {'pos': (461, 339), 'rel': (13, 0), 'buttons': (0, 0, 0), 'window': None})>
2019-07-18 08:14:06,365 - BDM-WAM 1563434040.883808 - INFO - <Event(4-MouseMotion {'pos': (475, 339), 'rel': (14, 0), 'buttons': (0, 0, 0), 'window': None})>
2019-07-18 08:14:06,380 - BDM-WAM 1563434040.883808 - INFO - <Event(4-MouseMotion {'pos': (481, 339), 'rel': (6, 0), 'buttons': (0, 0, 0), 'window': None})>
2019-07-18 08:14:06,397 - BDM-WAM 1563434040.883808 - INFO - <Event(4-MouseMotion {'pos': (484, 339), 'rel': (3, 0), 'buttons': (0, 0, 0), 'window': None})>
2019-07-18 08:14:06,415 - BDM-WAM 1563434040.883808 - INFO - <Event(5-MouseButtonDown {'pos': (484, 339), 'button': 1, 'window': None})>
2019-07-18 08:14:06,416 - BDM-WAM 1563434040.883808 - INFO - <Event(9.4-True Miss {'pos': (484,339), 'window': None})>
2019-07-18 08:14:06,548 - BDM-WAM 1563434040.883808 - INFO - <Event(6-MouseButtonUp {'pos': (484, 339), 'button': 1, 'window': None})>
2019-07-18 08:14:06,565 - BDM-WAM 1563434040.883808 - INFO - <Event(4-MouseMotion {'pos': (482, 338), 'rel': (-2, -1), 'buttons': (0, 0, 0), 'window': None})>
2019-07-18 08:14:06,582 - BDM-WAM 1563434040.883808 - INFO - <Event(4-MouseMotion {'pos': (479, 337), 'rel': (-3, -1), 'buttons': (0, 0, 0), 'window': None})>
2019-07-18 08:14:06,598 - BDM-WAM 1563434040.883808 - INFO - <Event(4-MouseMotion {'pos': (474, 335), 'rel': (-5, -2), 'buttons': (0, 0, 0), 'window': None})>
2019-07-18 08:14:06,617 - BDM-WAM 1563434040.883808 - INFO - <Event(4-MouseMotion {'pos': (466, 335), 'rel': (-8, 0), 'buttons': (0, 0, 0), 'window': None})>
2019-07-18 08:14:06,633 - BDM-WAM 1563434040.883808 - INFO - <Event(4-MouseMotion {'pos': (459, 335), 'rel': (-7, 0), 'buttons': (0, 0, 0), 'window': None})>
2019-07-18 08:14:06,650 - BDM-WAM 1563434040.883808 - INFO - <Event(4-MouseMotion {'pos': (453, 335), 'rel': (-6, 0), 'buttons': (0, 0, 0), 'window': None})>
2019-07-18 08:14:06,667 - BDM-WAM 1563434040.883808 - INFO - <Event(4-MouseMotion {'pos': (449, 335), 'rel': (-4, 0), 'buttons': (0, 0, 0), 'window': None})>
2019-07-18 08:14:06,683 - BDM-WAM 1563434040.883808 - INFO - <Event(4-MouseMotion {'pos': (447, 335), 'rel': (-2, 0), 'buttons': (0, 0, 0), 'window': None})>
2019-07-18 08:14:06,714 - BDM-WAM 1563434040.883808 - INFO - <Event(5-MouseButtonDown {'pos': (447, 335), 'button': 1, 'window': None})>
2019-07-18 08:14:06,715 - BDM-WAM 1563434040.883808 - INFO - <Event(9.1-True Hit {'pos': (447,335), 'window': None})>
2019-07-18 08:14:06,831 - BDM-WAM 1563434040.883808 - INFO - <Event(6-MouseButtonUp {'pos': (447, 335), 'button': 1, 'window': None})>
2019-07-18 08:14:06,865 - BDM-WAM 1563434040.883808 - INFO - <Event(4-MouseMotion {'pos': (448, 335), 'rel': (1, 0), 'buttons': (0, 0, 0), 'window': None})>
2019-07-18 08:14:07,189 - BDM-WAM 1563434040.883808 - INFO - <Event(4-MouseMotion {'pos': (446, 332), 'rel': (-2, -3), 'buttons': (0, 0, 0), 'window': None})>
2019-07-18 08:14:07,203 - BDM-WAM 1563434040.883808 - INFO - <Event(4-MouseMotion {'pos': (445, 329), 'rel': (-1, -3), 'buttons': (0, 0, 0), 'window': None})>
2019-07-18 08:14:07,222 - BDM-WAM 1563434040.883808 - INFO - <Event(4-MouseMotion {'pos': (445, 324), 'rel': (0, -5), 'buttons': (0, 0, 0), 'window': None})>
2019-07-18 08:14:07,238 - BDM-WAM 1563434040.883808 - INFO - <Event(4-MouseMotion {'pos': (445, 318), 'rel': (0, -6), 'buttons': (0, 0, 0), 'window': None})>
2019-07-18 08:14:07,256 - BDM-WAM 1563434040.883808 - INFO - <Event(4-MouseMotion {'pos': (445, 310), 'rel': (0, -8), 'buttons': (0, 0, 0), 'window': None})>
2019-07-18 08:14:07,273 - BDM-WAM 1563434040.883808 - INFO - <Event(4-MouseMotion {'pos': (445, 303), 'rel': (0, -7), 'buttons': (0, 0, 0), 'window': None})>
2019-07-18 08:14:07,289 - BDM-WAM 1563434040.883808 - INFO - <Event(4-MouseMotion {'pos': (445, 295), 'rel': (0, -8), 'buttons': (0, 0, 0), 'window': None})>
2019-07-18 08:14:07,306 - BDM-WAM 1563434040.883808 - INFO - <Event(4-MouseMotion {'pos': (445, 284), 'rel': (0, -11), 'buttons': (0, 0, 0), 'window': None})>
2019-07-18 08:14:07,322 - BDM-WAM 1563434040.883808 - INFO - <Event(4-MouseMotion {'pos': (445, 268), 'rel': (0, -16), 'buttons': (0, 0, 0), 'window': None})>
2019-07-18 08:14:07,339 - BDM-WAM 1563434040.883808 - INFO - <Event(4-MouseMotion {'pos': (445, 253), 'rel': (0, -15), 'buttons': (0, 0, 0), 'window': None})>
2019-07-18 08:14:07,353 - BDM-WAM 1563434040.883808 - INFO - <Event(4-MouseMotion {'pos': (443, 238), 'rel': (-2, -15), 'buttons': (0, 0, 0), 'window': None})>
2019-07-18 08:14:07,371 - BDM-WAM 1563434040.883808 - INFO - <Event(4-MouseMotion {'pos': (440, 220), 'rel': (-3, -18), 'buttons': (0, 0, 0), 'window': None})>
2019-07-18 08:14:07,388 - BDM-WAM 1563434040.883808 - INFO - <Event(4-MouseMotion {'pos': (437, 203), 'rel': (-3, -17), 'buttons': (0, 0, 0), 'window': None})>
2019-07-18 08:14:07,406 - BDM-WAM 1563434040.883808 - INFO - <Event(4-MouseMotion {'pos': (434, 186), 'rel': (-3, -17), 'buttons': (0, 0, 0), 'window': None})>
2019-07-18 08:14:07,422 - BDM-WAM 1563434040.883808 - INFO - <Event(4-MouseMotion {'pos': (431, 172), 'rel': (-3, -14), 'buttons': (0, 0, 0), 'window': None})>
2019-07-18 08:14:07,440 - BDM-WAM 1563434040.883808 - INFO - <Event(4-MouseMotion {'pos': (429, 159), 'rel': (-2, -13), 'buttons': (0, 0, 0), 'window': None})>
2019-07-18 08:14:07,456 - BDM-WAM 1563434040.883808 - INFO - <Event(4-MouseMotion {'pos': (427, 151), 'rel': (-2, -8), 'buttons': (0, 0, 0), 'window': None})>
2019-07-18 08:14:07,473 - BDM-WAM 1563434040.883808 - INFO - <Event(4-MouseMotion {'pos': (424, 148), 'rel': (-3, -3), 'buttons': (0, 0, 0), 'window': None})>
2019-07-18 08:14:07,489 - BDM-WAM 1563434040.883808 - INFO - <Event(4-MouseMotion {'pos': (422, 146), 'rel': (-2, -2), 'buttons': (0, 0, 0), 'window': None})>
2019-07-18 08:14:07,504 - BDM-WAM 1563434040.883808 - INFO - <Event(4-MouseMotion {'pos': (420, 146), 'rel': (-2, 0), 'buttons': (0, 0, 0), 'window': None})>
2019-07-18 08:14:07,521 - BDM-WAM 1563434040.883808 - INFO - <Event(4-MouseMotion {'pos': (417, 146), 'rel': (-3, 0), 'buttons': (0, 0, 0), 'window': None})>
2019-07-18 08:14:07,536 - BDM-WAM 1563434040.883808 - INFO - <Event(4-MouseMotion {'pos': (412, 149), 'rel': (-5, 3), 'buttons': (0, 0, 0), 'window': None})>
2019-07-18 08:14:07,554 - BDM-WAM 1563434040.883808 - INFO - <Event(4-MouseMotion {'pos': (400, 156), 'rel': (-12, 7), 'buttons': (0, 0, 0), 'window': None})>
2019-07-18 08:14:07,570 - BDM-WAM 1563434040.883808 - INFO - <Event(4-MouseMotion {'pos': (383, 164), 'rel': (-17, 8), 'buttons': (0, 0, 0), 'window': None})>
2019-07-18 08:14:07,588 - BDM-WAM 1563434040.883808 - INFO - <Event(4-MouseMotion {'pos': (358, 172), 'rel': (-25, 8), 'buttons': (0, 0, 0), 'window': None})>
2019-07-18 08:14:07,605 - BDM-WAM 1563434040.883808 - INFO - <Event(4-MouseMotion {'pos': (333, 178), 'rel': (-25, 6), 'buttons': (0, 0, 0), 'window': None})>
2019-07-18 08:14:07,621 - BDM-WAM 1563434040.883808 - INFO - <Event(4-MouseMotion {'pos': (311, 182), 'rel': (-22, 4), 'buttons': (0, 0, 0), 'window': None})>
2019-07-18 08:14:07,637 - BDM-WAM 1563434040.883808 - INFO - <Event(4-MouseMotion {'pos': (290, 184), 'rel': (-21, 2), 'buttons': (0, 0, 0), 'window': None})>
2019-07-18 08:14:07,666 - BDM-WAM 1563434040.883808 - INFO - <Event(4-MouseMotion {'pos': (269, 183), 'rel': (-21, -1), 'buttons': (0, 0, 0), 'window': None})>
2019-07-18 08:14:07,669 - BDM-WAM 1563434040.883808 - INFO - <Event(4-MouseMotion {'pos': (268, 183), 'rel': (-1, 0), 'buttons': (0, 0, 0), 'window': None})>
2019-07-18 08:14:07,685 - BDM-WAM 1563434040.883808 - INFO - <Event(4-MouseMotion {'pos': (265, 181), 'rel': (-3, -2), 'buttons': (0, 0, 0), 'window': None})>
2019-07-18 08:14:07,703 - BDM-WAM 1563434040.883808 - INFO - <Event(4-MouseMotion {'pos': (264, 179), 'rel': (-1, -2), 'buttons': (0, 0, 0), 'window': None})>
2019-07-18 08:14:07,718 - BDM-WAM 1563434040.883808 - INFO - <Event(4-MouseMotion {'pos': (262, 176), 'rel': (-2, -3), 'buttons': (0, 0, 0), 'window': None})>
2019-07-18 08:14:07,735 - BDM-WAM 1563434040.883808 - INFO - <Event(4-MouseMotion {'pos': (260, 172), 'rel': (-2, -4), 'buttons': (0, 0, 0), 'window': None})>
2019-07-18 08:14:07,751 - BDM-WAM 1563434040.883808 - INFO - <Event(4-MouseMotion {'pos': (257, 169), 'rel': (-3, -3), 'buttons': (0, 0, 0), 'window': None})>
2019-07-18 08:14:07,780 - BDM-WAM 1563434040.883808 - INFO - <Event(4-MouseMotion {'pos': (253, 165), 'rel': (-4, -4), 'buttons': (0, 0, 0), 'window': None})>
2019-07-18 08:14:07,785 - BDM-WAM 1563434040.883808 - INFO - <Event(4-MouseMotion {'pos': (251, 164), 'rel': (-2, -1), 'buttons': (0, 0, 0), 'window': None})>
2019-07-18 08:14:07,800 - BDM-WAM 1563434040.883808 - INFO - <Event(4-MouseMotion {'pos': (248, 162), 'rel': (-3, -2), 'buttons': (0, 0, 0), 'window': None})>
2019-07-18 08:14:07,817 - BDM-WAM 1563434040.883808 - INFO - <Event(4-MouseMotion {'pos': (243, 160), 'rel': (-5, -2), 'buttons': (0, 0, 0), 'window': None})>
2019-07-18 08:14:07,835 - BDM-WAM 1563434040.883808 - INFO - <Event(4-MouseMotion {'pos': (237, 159), 'rel': (-6, -1), 'buttons': (0, 0, 0), 'window': None})>
2019-07-18 08:14:07,852 - BDM-WAM 1563434040.883808 - INFO - <Event(4-MouseMotion {'pos': (227, 157), 'rel': (-10, -2), 'buttons': (0, 0, 0), 'window': None})>
2019-07-18 08:14:07,881 - BDM-WAM 1563434040.883808 - INFO - <Event(4-MouseMotion {'pos': (206, 151), 'rel': (-21, -6), 'buttons': (0, 0, 0), 'window': None})>
2019-07-18 08:14:07,885 - BDM-WAM 1563434040.883808 - INFO - <Event(4-MouseMotion {'pos': (202, 150), 'rel': (-4, -1), 'buttons': (0, 0, 0), 'window': None})>
2019-07-18 08:14:07,902 - BDM-WAM 1563434040.883808 - INFO - <Event(4-MouseMotion {'pos': (185, 145), 'rel': (-17, -5), 'buttons': (0, 0, 0), 'window': None})>
2019-07-18 08:14:07,919 - BDM-WAM 1563434040.883808 - INFO - <Event(4-MouseMotion {'pos': (168, 141), 'rel': (-17, -4), 'buttons': (0, 0, 0), 'window': None})>
2019-07-18 08:14:07,936 - BDM-WAM 1563434040.883808 - INFO - <Event(4-MouseMotion {'pos': (149, 136), 'rel': (-19, -5), 'buttons': (0, 0, 0), 'window': None})>
2019-07-18 08:14:07,952 - BDM-WAM 1563434040.883808 - INFO - <Event(4-MouseMotion {'pos': (135, 132), 'rel': (-14, -4), 'buttons': (0, 0, 0), 'window': None})>
2019-07-18 08:14:07,968 - BDM-WAM 1563434040.883808 - INFO - <Event(4-MouseMotion {'pos': (124, 127), 'rel': (-11, -5), 'buttons': (0, 0, 0), 'window': None})>
2019-07-18 08:14:07,986 - BDM-WAM 1563434040.883808 - INFO - <Event(4-MouseMotion {'pos': (115, 122), 'rel': (-9, -5), 'buttons': (0, 0, 0), 'window': None})>
2019-07-18 08:14:08,002 - BDM-WAM 1563434040.883808 - INFO - <Event(4-MouseMotion {'pos': (111, 120), 'rel': (-4, -2), 'buttons': (0, 0, 0), 'window': None})>
2019-07-18 08:14:08,018 - BDM-WAM 1563434040.883808 - INFO - <Event(4-MouseMotion {'pos': (109, 119), 'rel': (-2, -1), 'buttons': (0, 0, 0), 'window': None})>
2019-07-18 08:14:08,036 - BDM-WAM 1563434040.883808 - INFO - <Event(4-MouseMotion {'pos': (108, 117), 'rel': (-1, -2), 'buttons': (0, 0, 0), 'window': None})>
2019-07-18 08:14:08,053 - BDM-WAM 1563434040.883808 - INFO - <Event(4-MouseMotion {'pos': (108, 116), 'rel': (0, -1), 'buttons': (0, 0, 0), 'window': None})>
2019-07-18 08:14:08,069 - BDM-WAM 1563434040.883808 - INFO - <Event(4-MouseMotion {'pos': (108, 113), 'rel': (0, -3), 'buttons': (0, 0, 0), 'window': None})>
2019-07-18 08:14:08,086 - BDM-WAM 1563434040.883808 - INFO - <Event(4-MouseMotion {'pos': (108, 111), 'rel': (0, -2), 'buttons': (0, 0, 0), 'window': None})>
2019-07-18 08:14:08,102 - BDM-WAM 1563434040.883808 - INFO - <Event(4-MouseMotion {'pos': (110, 107), 'rel': (2, -4), 'buttons': (0, 0, 0), 'window': None})>
2019-07-18 08:14:08,118 - BDM-WAM 1563434040.883808 - INFO - <Event(4-MouseMotion {'pos': (111, 104), 'rel': (1, -3), 'buttons': (0, 0, 0), 'window': None})>
2019-07-18 08:14:08,135 - BDM-WAM 1563434040.883808 - INFO - <Event(4-MouseMotion {'pos': (112, 101), 'rel': (1, -3), 'buttons': (0, 0, 0), 'window': None})>
2019-07-18 08:14:08,151 - BDM-WAM 1563434040.883808 - INFO - <Event(4-MouseMotion {'pos': (115, 96), 'rel': (3, -5), 'buttons': (0, 0, 0), 'window': None})>
2019-07-18 08:14:08,168 - BDM-WAM 1563434040.883808 - INFO - <Event(4-MouseMotion {'pos': (117, 90), 'rel': (2, -6), 'buttons': (0, 0, 0), 'window': None})>
2019-07-18 08:14:08,185 - BDM-WAM 1563434040.883808 - INFO - <Event(4-MouseMotion {'pos': (120, 87), 'rel': (3, -3), 'buttons': (0, 0, 0), 'window': None})>
2019-07-18 08:14:08,201 - BDM-WAM 1563434040.883808 - INFO - <Event(4-MouseMotion {'pos': (124, 84), 'rel': (4, -3), 'buttons': (0, 0, 0), 'window': None})>
2019-07-18 08:14:08,218 - BDM-WAM 1563434040.883808 - INFO - <Event(4-MouseMotion {'pos': (127, 81), 'rel': (3, -3), 'buttons': (0, 0, 0), 'window': None})>
2019-07-18 08:14:08,234 - BDM-WAM 1563434040.883808 - INFO - <Event(4-MouseMotion {'pos': (129, 80), 'rel': (2, -1), 'buttons': (0, 0, 0), 'window': None})>
2019-07-18 08:14:08,250 - BDM-WAM 1563434040.883808 - INFO - <Event(5-MouseButtonDown {'pos': (129, 79), 'button': 1, 'window': None})>
2019-07-18 08:14:08,250 - BDM-WAM 1563434040.883808 - INFO - <Event(9.1-True Hit {'pos': (129,79), 'window': None})>
2019-07-18 08:14:08,380 - BDM-WAM 1563434040.883808 - INFO - <Event(6-MouseButtonUp {'pos': (129, 79), 'button': 1, 'window': None})>
2019-07-18 08:14:08,447 - BDM-WAM 1563434040.883808 - INFO - <Event(4-MouseMotion {'pos': (130, 79), 'rel': (1, 0), 'buttons': (0, 0, 0), 'window': None})>
2019-07-18 08:14:08,462 - BDM-WAM 1563434040.883808 - INFO - <Event(4-MouseMotion {'pos': (131, 80), 'rel': (1, 1), 'buttons': (0, 0, 0), 'window': None})>
2019-07-18 08:14:08,479 - BDM-WAM 1563434040.883808 - INFO - <Event(4-MouseMotion {'pos': (133, 82), 'rel': (2, 2), 'buttons': (0, 0, 0), 'window': None})>
2019-07-18 08:14:08,495 - BDM-WAM 1563434040.883808 - INFO - <Event(4-MouseMotion {'pos': (137, 85), 'rel': (4, 3), 'buttons': (0, 0, 0), 'window': None})>
2019-07-18 08:14:08,511 - BDM-WAM 1563434040.883808 - INFO - <Event(4-MouseMotion {'pos': (145, 93), 'rel': (8, 8), 'buttons': (0, 0, 0), 'window': None})>
2019-07-18 08:14:08,528 - BDM-WAM 1563434040.883808 - INFO - <Event(4-MouseMotion {'pos': (158, 104), 'rel': (13, 11), 'buttons': (0, 0, 0), 'window': None})>
2019-07-18 08:14:08,545 - BDM-WAM 1563434040.883808 - INFO - <Event(4-MouseMotion {'pos': (167, 113), 'rel': (9, 9), 'buttons': (0, 0, 0), 'window': None})>
2019-07-18 08:14:08,562 - BDM-WAM 1563434040.883808 - INFO - <Event(4-MouseMotion {'pos': (179, 127), 'rel': (12, 14), 'buttons': (0, 0, 0), 'window': None})>
2019-07-18 08:14:08,595 - BDM-WAM 1563434040.883808 - INFO - <Event(4-MouseMotion {'pos': (198, 147), 'rel': (19, 20), 'buttons': (0, 0, 0), 'window': None})>
2019-07-18 08:14:08,598 - BDM-WAM 1563434040.883808 - INFO - <Event(4-MouseMotion {'pos': (200, 149), 'rel': (2, 2), 'buttons': (0, 0, 0), 'window': None})>
2019-07-18 08:14:08,612 - BDM-WAM 1563434040.883808 - INFO - <Event(4-MouseMotion {'pos': (205, 156), 'rel': (5, 7), 'buttons': (0, 0, 0), 'window': None})>
2019-07-18 08:14:08,630 - BDM-WAM 1563434040.883808 - INFO - <Event(4-MouseMotion {'pos': (209, 160), 'rel': (4, 4), 'buttons': (0, 0, 0), 'window': None})>
2019-07-18 08:14:08,645 - BDM-WAM 1563434040.883808 - INFO - <Event(4-MouseMotion {'pos': (212, 164), 'rel': (3, 4), 'buttons': (0, 0, 0), 'window': None})>
2019-07-18 08:14:08,662 - BDM-WAM 1563434040.883808 - INFO - <Event(4-MouseMotion {'pos': (213, 168), 'rel': (1, 4), 'buttons': (0, 0, 0), 'window': None})>
2019-07-18 08:14:08,679 - BDM-WAM 1563434040.883808 - INFO - <Event(4-MouseMotion {'pos': (214, 171), 'rel': (1, 3), 'buttons': (0, 0, 0), 'window': None})>
2019-07-18 08:14:08,708 - BDM-WAM 1563434040.883808 - INFO - <Event(4-MouseMotion {'pos': (216, 175), 'rel': (2, 4), 'buttons': (0, 0, 0), 'window': None})>
2019-07-18 08:14:08,740 - BDM-WAM 1563434040.883808 - INFO - <Event(4-MouseMotion {'pos': (222, 181), 'rel': (6, 6), 'buttons': (0, 0, 0), 'window': None})>
2019-07-18 08:14:08,758 - BDM-WAM 1563434040.883808 - INFO - <Event(4-MouseMotion {'pos': (229, 184), 'rel': (7, 3), 'buttons': (0, 0, 0), 'window': None})>
2019-07-18 08:14:08,774 - BDM-WAM 1563434040.883808 - INFO - <Event(4-MouseMotion {'pos': (236, 186), 'rel': (7, 2), 'buttons': (0, 0, 0), 'window': None})>
2019-07-18 08:14:08,790 - BDM-WAM 1563434040.883808 - INFO - <Event(4-MouseMotion {'pos': (244, 187), 'rel': (8, 1), 'buttons': (0, 0, 0), 'window': None})>
2019-07-18 08:14:08,808 - BDM-WAM 1563434040.883808 - INFO - <Event(4-MouseMotion {'pos': (255, 188), 'rel': (11, 1), 'buttons': (0, 0, 0), 'window': None})>
2019-07-18 08:14:08,824 - BDM-WAM 1563434040.883808 - INFO - <Event(4-MouseMotion {'pos': (269, 189), 'rel': (14, 1), 'buttons': (0, 0, 0), 'window': None})>
2019-07-18 08:14:08,841 - BDM-WAM 1563434040.883808 - INFO - <Event(4-MouseMotion {'pos': (285, 189), 'rel': (16, 0), 'buttons': (0, 0, 0), 'window': None})>
2019-07-18 08:14:08,859 - BDM-WAM 1563434040.883808 - INFO - <Event(4-MouseMotion {'pos': (303, 188), 'rel': (18, -1), 'buttons': (0, 0, 0), 'window': None})>
2019-07-18 08:14:08,875 - BDM-WAM 1563434040.883808 - INFO - <Event(4-MouseMotion {'pos': (320, 187), 'rel': (17, -1), 'buttons': (0, 0, 0), 'window': None})>
2019-07-18 08:14:08,892 - BDM-WAM 1563434040.883808 - INFO - <Event(4-MouseMotion {'pos': (336, 185), 'rel': (16, -2), 'buttons': (0, 0, 0), 'window': None})>
2019-07-18 08:14:08,908 - BDM-WAM 1563434040.883808 - INFO - <Event(4-MouseMotion {'pos': (351, 185), 'rel': (15, 0), 'buttons': (0, 0, 0), 'window': None})>
2019-07-18 08:14:08,926 - BDM-WAM 1563434040.883808 - INFO - <Event(4-MouseMotion {'pos': (367, 185), 'rel': (16, 0), 'buttons': (0, 0, 0), 'window': None})>
2019-07-18 08:14:08,942 - BDM-WAM 1563434040.883808 - INFO - <Event(4-MouseMotion {'pos': (379, 187), 'rel': (12, 2), 'buttons': (0, 0, 0), 'window': None})>
2019-07-18 08:14:08,959 - BDM-WAM 1563434040.883808 - INFO - <Event(4-MouseMotion {'pos': (390, 190), 'rel': (11, 3), 'buttons': (0, 0, 0), 'window': None})>
2019-07-18 08:14:08,976 - BDM-WAM 1563434040.883808 - INFO - <Event(4-MouseMotion {'pos': (391, 193), 'rel': (1, 3), 'buttons': (0, 0, 0), 'window': None})>
2019-07-18 08:14:08,993 - BDM-WAM 1563434040.883808 - INFO - <Event(4-MouseMotion {'pos': (396, 195), 'rel': (5, 2), 'buttons': (0, 0, 0), 'window': None})>
2019-07-18 08:14:09,010 - BDM-WAM 1563434040.883808 - INFO - <Event(4-MouseMotion {'pos': (401, 198), 'rel': (5, 3), 'buttons': (0, 0, 0), 'window': None})>
2019-07-18 08:14:09,026 - BDM-WAM 1563434040.883808 - INFO - <Event(4-MouseMotion {'pos': (406, 202), 'rel': (5, 4), 'buttons': (0, 0, 0), 'window': None})>
2019-07-18 08:14:09,042 - BDM-WAM 1563434040.883808 - INFO - <Event(4-MouseMotion {'pos': (416, 206), 'rel': (10, 4), 'buttons': (0, 0, 0), 'window': None})>
2019-07-18 08:14:09,060 - BDM-WAM 1563434040.883808 - INFO - <Event(4-MouseMotion {'pos': (430, 211), 'rel': (14, 5), 'buttons': (0, 0, 0), 'window': None})>
2019-07-18 08:14:09,076 - BDM-WAM 1563434040.883808 - INFO - <Event(4-MouseMotion {'pos': (443, 215), 'rel': (13, 4), 'buttons': (0, 0, 0), 'window': None})>
2019-07-18 08:14:09,092 - BDM-WAM 1563434040.883808 - INFO - <Event(4-MouseMotion {'pos': (456, 217), 'rel': (13, 2), 'buttons': (0, 0, 0), 'window': None})>
2019-07-18 08:14:09,108 - BDM-WAM 1563434040.883808 - INFO - <Event(4-MouseMotion {'pos': (468, 218), 'rel': (12, 1), 'buttons': (0, 0, 0), 'window': None})>
2019-07-18 08:14:09,125 - BDM-WAM 1563434040.883808 - INFO - <Event(4-MouseMotion {'pos': (481, 218), 'rel': (13, 0), 'buttons': (0, 0, 0), 'window': None})>
2019-07-18 08:14:09,142 - BDM-WAM 1563434040.883808 - INFO - <Event(4-MouseMotion {'pos': (495, 217), 'rel': (14, -1), 'buttons': (0, 0, 0), 'window': None})>
2019-07-18 08:14:09,159 - BDM-WAM 1563434040.883808 - INFO - <Event(4-MouseMotion {'pos': (509, 214), 'rel': (14, -3), 'buttons': (0, 0, 0), 'window': None})>
2019-07-18 08:14:09,175 - BDM-WAM 1563434040.883808 - INFO - <Event(4-MouseMotion {'pos': (522, 210), 'rel': (13, -4), 'buttons': (0, 0, 0), 'window': None})>
2019-07-18 08:14:09,190 - BDM-WAM 1563434040.883808 - INFO - <Event(4-MouseMotion {'pos': (534, 204), 'rel': (12, -6), 'buttons': (0, 0, 0), 'window': None})>
2019-07-18 08:14:09,220 - BDM-WAM 1563434040.883808 - INFO - <Event(4-MouseMotion {'pos': (551, 193), 'rel': (17, -11), 'buttons': (0, 0, 0), 'window': None})>
2019-07-18 08:14:09,224 - BDM-WAM 1563434040.883808 - INFO - <Event(4-MouseMotion {'pos': (553, 192), 'rel': (2, -1), 'buttons': (0, 0, 0), 'window': None})>
2019-07-18 08:14:09,240 - BDM-WAM 1563434040.883808 - INFO - <Event(4-MouseMotion {'pos': (560, 186), 'rel': (7, -6), 'buttons': (0, 0, 0), 'window': None})>
2019-07-18 08:14:09,256 - BDM-WAM 1563434040.883808 - INFO - <Event(4-MouseMotion {'pos': (566, 183), 'rel': (6, -3), 'buttons': (0, 0, 0), 'window': None})>
2019-07-18 08:14:09,272 - BDM-WAM 1563434040.883808 - INFO - <Event(4-MouseMotion {'pos': (570, 181), 'rel': (4, -2), 'buttons': (0, 0, 0), 'window': None})>
2019-07-18 08:14:09,288 - BDM-WAM 1563434040.883808 - INFO - <Event(4-MouseMotion {'pos': (575, 180), 'rel': (5, -1), 'buttons': (0, 0, 0), 'window': None})>
2019-07-18 08:14:09,306 - BDM-WAM 1563434040.883808 - INFO - <Event(4-MouseMotion {'pos': (579, 180), 'rel': (4, 0), 'buttons': (0, 0, 0), 'window': None})>
2019-07-18 08:14:09,335 - BDM-WAM 1563434040.883808 - INFO - <Event(4-MouseMotion {'pos': (580, 179), 'rel': (1, -1), 'buttons': (0, 0, 0), 'window': None})>
2019-07-18 08:14:09,444 - BDM-WAM 1563434040.883808 - INFO - <Event(4-MouseMotion {'pos': (580, 181), 'rel': (0, 2), 'buttons': (0, 0, 0), 'window': None})>
2019-07-18 08:14:09,446 - BDM-WAM 1563434040.883808 - INFO - <Event(4-MouseMotion {'pos': (580, 182), 'rel': (0, 1), 'buttons': (0, 0, 0), 'window': None})>
2019-07-18 08:14:09,464 - BDM-WAM 1563434040.883808 - INFO - <Event(4-MouseMotion {'pos': (580, 187), 'rel': (0, 5), 'buttons': (0, 0, 0), 'window': None})>
2019-07-18 08:14:09,481 - BDM-WAM 1563434040.883808 - INFO - <Event(4-MouseMotion {'pos': (585, 194), 'rel': (5, 7), 'buttons': (0, 0, 0), 'window': None})>
2019-07-18 08:14:09,497 - BDM-WAM 1563434040.883808 - INFO - <Event(4-MouseMotion {'pos': (595, 207), 'rel': (10, 13), 'buttons': (0, 0, 0), 'window': None})>
2019-07-18 08:14:09,514 - BDM-WAM 1563434040.883808 - INFO - <Event(4-MouseMotion {'pos': (610, 220), 'rel': (15, 13), 'buttons': (0, 0, 0), 'window': None})>
2019-07-18 08:14:09,530 - BDM-WAM 1563434040.883808 - INFO - <Event(4-MouseMotion {'pos': (632, 236), 'rel': (22, 16), 'buttons': (0, 0, 0), 'window': None})>
2019-07-18 08:14:09,547 - BDM-WAM 1563434040.883808 - INFO - <Event(4-MouseMotion {'pos': (656, 248), 'rel': (24, 12), 'buttons': (0, 0, 0), 'window': None})>
2019-07-18 08:14:09,562 - BDM-WAM 1563434040.883808 - INFO - <Event(4-MouseMotion {'pos': (677, 257), 'rel': (21, 9), 'buttons': (0, 0, 0), 'window': None})>
2019-07-18 08:14:09,578 - BDM-WAM 1563434040.883808 - INFO - <Event(4-MouseMotion {'pos': (696, 264), 'rel': (19, 7), 'buttons': (0, 0, 0), 'window': None})>
2019-07-18 08:14:09,595 - BDM-WAM 1563434040.883808 - INFO - <Event(4-MouseMotion {'pos': (709, 268), 'rel': (13, 4), 'buttons': (0, 0, 0), 'window': None})>
2019-07-18 08:14:09,612 - BDM-WAM 1563434040.883808 - INFO - <Event(4-MouseMotion {'pos': (716, 270), 'rel': (7, 2), 'buttons': (0, 0, 0), 'window': None})>
2019-07-18 08:14:09,628 - BDM-WAM 1563434040.883808 - INFO - <Event(4-MouseMotion {'pos': (718, 271), 'rel': (2, 1), 'buttons': (0, 0, 0), 'window': None})>
2019-07-18 08:14:09,778 - BDM-WAM 1563434040.883808 - INFO - <Event(5-MouseButtonDown {'pos': (718, 271), 'button': 1, 'window': None})>
2019-07-18 08:14:09,779 - BDM-WAM 1563434040.883808 - INFO - <Event(9.2-Fake Miss {'pos': (718,271), 'window': None})>
2019-07-18 08:14:09,896 - BDM-WAM 1563434040.883808 - INFO - <Event(6-MouseButtonUp {'pos': (718, 271), 'button': 1, 'window': None})>
2019-07-18 08:14:10,028 - BDM-WAM 1563434040.883808 - INFO - <Event(4-MouseMotion {'pos': (718, 272), 'rel': (0, 1), 'buttons': (0, 0, 0), 'window': None})>
2019-07-18 08:14:10,046 - BDM-WAM 1563434040.883808 - INFO - <Event(4-MouseMotion {'pos': (716, 275), 'rel': (-2, 3), 'buttons': (0, 0, 0), 'window': None})>
2019-07-18 08:14:10,062 - BDM-WAM 1563434040.883808 - INFO - <Event(4-MouseMotion {'pos': (713, 278), 'rel': (-3, 3), 'buttons': (0, 0, 0), 'window': None})>
2019-07-18 08:14:10,079 - BDM-WAM 1563434040.883808 - INFO - <Event(4-MouseMotion {'pos': (708, 283), 'rel': (-5, 5), 'buttons': (0, 0, 0), 'window': None})>
2019-07-18 08:14:10,095 - BDM-WAM 1563434040.883808 - INFO - <Event(4-MouseMotion {'pos': (701, 288), 'rel': (-7, 5), 'buttons': (0, 0, 0), 'window': None})>
2019-07-18 08:14:10,112 - BDM-WAM 1563434040.883808 - INFO - <Event(4-MouseMotion {'pos': (692, 295), 'rel': (-9, 7), 'buttons': (0, 0, 0), 'window': None})>
2019-07-18 08:14:10,129 - BDM-WAM 1563434040.883808 - INFO - <Event(4-MouseMotion {'pos': (683, 302), 'rel': (-9, 7), 'buttons': (0, 0, 0), 'window': None})>
2019-07-18 08:14:10,146 - BDM-WAM 1563434040.883808 - INFO - <Event(4-MouseMotion {'pos': (670, 311), 'rel': (-13, 9), 'buttons': (0, 0, 0), 'window': None})>
2019-07-18 08:14:10,163 - BDM-WAM 1563434040.883808 - INFO - <Event(4-MouseMotion {'pos': (658, 319), 'rel': (-12, 8), 'buttons': (0, 0, 0), 'window': None})>
2019-07-18 08:14:10,179 - BDM-WAM 1563434040.883808 - INFO - <Event(4-MouseMotion {'pos': (647, 326), 'rel': (-11, 7), 'buttons': (0, 0, 0), 'window': None})>
2019-07-18 08:14:10,196 - BDM-WAM 1563434040.883808 - INFO - <Event(4-MouseMotion {'pos': (636, 331), 'rel': (-11, 5), 'buttons': (0, 0, 0), 'window': None})>
2019-07-18 08:14:10,212 - BDM-WAM 1563434040.883808 - INFO - <Event(4-MouseMotion {'pos': (627, 335), 'rel': (-9, 4), 'buttons': (0, 0, 0), 'window': None})>
2019-07-18 08:14:10,228 - BDM-WAM 1563434040.883808 - INFO - <Event(4-MouseMotion {'pos': (619, 337), 'rel': (-8, 2), 'buttons': (0, 0, 0), 'window': None})>
2019-07-18 08:14:10,246 - BDM-WAM 1563434040.883808 - INFO - <Event(4-MouseMotion {'pos': (611, 339), 'rel': (-8, 2), 'buttons': (0, 0, 0), 'window': None})>
2019-07-18 08:14:10,263 - BDM-WAM 1563434040.883808 - INFO - <Event(4-MouseMotion {'pos': (603, 340), 'rel': (-8, 1), 'buttons': (0, 0, 0), 'window': None})>
2019-07-18 08:14:10,279 - BDM-WAM 1563434040.883808 - INFO - <Event(4-MouseMotion {'pos': (597, 340), 'rel': (-6, 0), 'buttons': (0, 0, 0), 'window': None})>
2019-07-18 08:14:10,296 - BDM-WAM 1563434040.883808 - INFO - <Event(4-MouseMotion {'pos': (591, 340), 'rel': (-6, 0), 'buttons': (0, 0, 0), 'window': None})>
2019-07-18 08:14:10,314 - BDM-WAM 1563434040.883808 - INFO - <Event(4-MouseMotion {'pos': (588, 340), 'rel': (-3, 0), 'buttons': (0, 0, 0), 'window': None})>
2019-07-18 08:14:10,363 - BDM-WAM 1563434040.883808 - INFO - <Event(4-MouseMotion {'pos': (588, 337), 'rel': (0, -3), 'buttons': (0, 0, 0), 'window': None})>
2019-07-18 08:14:10,380 - BDM-WAM 1563434040.883808 - INFO - <Event(4-MouseMotion {'pos': (589, 333), 'rel': (1, -4), 'buttons': (0, 0, 0), 'window': None})>
2019-07-18 08:14:10,398 - BDM-WAM 1563434040.883808 - INFO - <Event(4-MouseMotion {'pos': (589, 331), 'rel': (0, -2), 'buttons': (0, 0, 0), 'window': None})>
2019-07-18 08:14:10,414 - BDM-WAM 1563434040.883808 - INFO - <Event(4-MouseMotion {'pos': (589, 330), 'rel': (0, -1), 'buttons': (0, 0, 0), 'window': None})>
2019-07-18 08:14:10,498 - BDM-WAM 1563434040.883808 - INFO - <Event(4-MouseMotion {'pos': (589, 329), 'rel': (0, -1), 'buttons': (0, 0, 0), 'window': None})>
2019-07-18 08:14:10,514 - BDM-WAM 1563434040.883808 - INFO - <Event(4-MouseMotion {'pos': (590, 328), 'rel': (1, -1), 'buttons': (0, 0, 0), 'window': None})>
2019-07-18 08:14:10,562 - BDM-WAM 1563434040.883808 - INFO - <Event(4-MouseMotion {'pos': (593, 328), 'rel': (3, 0), 'buttons': (0, 0, 0), 'window': None})>
2019-07-18 08:14:10,566 - BDM-WAM 1563434040.883808 - INFO - <Event(4-MouseMotion {'pos': (594, 328), 'rel': (1, 0), 'buttons': (0, 0, 0), 'window': None})>
2019-07-18 08:14:10,582 - BDM-WAM 1563434040.883808 - INFO - <Event(4-MouseMotion {'pos': (602, 328), 'rel': (8, 0), 'buttons': (0, 0, 0), 'window': None})>
2019-07-18 08:14:10,598 - BDM-WAM 1563434040.883808 - INFO - <Event(4-MouseMotion {'pos': (616, 325), 'rel': (14, -3), 'buttons': (0, 0, 0), 'window': None})>
2019-07-18 08:14:10,616 - BDM-WAM 1563434040.883808 - INFO - <Event(4-MouseMotion {'pos': (637, 320), 'rel': (21, -5), 'buttons': (0, 0, 0), 'window': None})>
2019-07-18 08:14:10,632 - BDM-WAM 1563434040.883808 - INFO - <Event(4-MouseMotion {'pos': (655, 313), 'rel': (18, -7), 'buttons': (0, 0, 0), 'window': None})>
2019-07-18 08:14:10,648 - BDM-WAM 1563434040.883808 - INFO - <Event(4-MouseMotion {'pos': (673, 306), 'rel': (18, -7), 'buttons': (0, 0, 0), 'window': None})>
2019-07-18 08:14:10,679 - BDM-WAM 1563434040.883808 - INFO - <Event(4-MouseMotion {'pos': (700, 291), 'rel': (27, -15), 'buttons': (0, 0, 0), 'window': None})>
2019-07-18 08:14:10,692 - BDM-WAM 1563434040.883808 - INFO - <Event(4-MouseMotion {'pos': (709, 284), 'rel': (9, -7), 'buttons': (0, 0, 0), 'window': None})>
2019-07-18 08:14:10,708 - BDM-WAM 1563434040.883808 - INFO - <Event(4-MouseMotion {'pos': (716, 280), 'rel': (7, -4), 'buttons': (0, 0, 0), 'window': None})>
2019-07-18 08:14:10,726 - BDM-WAM 1563434040.883808 - INFO - <Event(5-MouseButtonDown {'pos': (718, 279), 'button': 1, 'window': None})>
2019-07-18 08:14:10,727 - BDM-WAM 1563434040.883808 - INFO - <Event(9.2-Fake Miss {'pos': (720,277), 'window': None})>
2019-07-18 08:14:10,728 - BDM-WAM 1563434040.883808 - INFO - <Event(4-MouseMotion {'pos': (720, 277), 'rel': (2, -2), 'buttons': (1, 0, 0), 'window': None})>
2019-07-18 08:14:10,743 - BDM-WAM 1563434040.883808 - INFO - <Event(4-MouseMotion {'pos': (721, 277), 'rel': (1, 0), 'buttons': (1, 0, 0), 'window': None})>
2019-07-18 08:14:10,858 - BDM-WAM 1563434040.883808 - INFO - <Event(6-MouseButtonUp {'pos': (721, 277), 'button': 1, 'window': None})>
2019-07-18 08:14:10,940 - BDM-WAM 1563434040.883808 - INFO - <Event(4-MouseMotion {'pos': (720, 277), 'rel': (-1, 0), 'buttons': (0, 0, 0), 'window': None})>
2019-07-18 08:14:10,959 - BDM-WAM 1563434040.883808 - INFO - <Event(4-MouseMotion {'pos': (716, 277), 'rel': (-4, 0), 'buttons': (0, 0, 0), 'window': None})>
2019-07-18 08:14:10,975 - BDM-WAM 1563434040.883808 - INFO - <Event(4-MouseMotion {'pos': (710, 278), 'rel': (-6, 1), 'buttons': (0, 0, 0), 'window': None})>
2019-07-18 08:14:10,992 - BDM-WAM 1563434040.883808 - INFO - <Event(4-MouseMotion {'pos': (700, 279), 'rel': (-10, 1), 'buttons': (0, 0, 0), 'window': None})>
2019-07-18 08:14:11,010 - BDM-WAM 1563434040.883808 - INFO - <Event(4-MouseMotion {'pos': (685, 281), 'rel': (-15, 2), 'buttons': (0, 0, 0), 'window': None})>
2019-07-18 08:14:11,026 - BDM-WAM 1563434040.883808 - INFO - <Event(4-MouseMotion {'pos': (666, 283), 'rel': (-19, 2), 'buttons': (0, 0, 0), 'window': None})>
2019-07-18 08:14:11,043 - BDM-WAM 1563434040.883808 - INFO - <Event(4-MouseMotion {'pos': (645, 285), 'rel': (-21, 2), 'buttons': (0, 0, 0), 'window': None})>
2019-07-18 08:14:11,059 - BDM-WAM 1563434040.883808 - INFO - <Event(4-MouseMotion {'pos': (624, 288), 'rel': (-21, 3), 'buttons': (0, 0, 0), 'window': None})>
2019-07-18 08:14:11,076 - BDM-WAM 1563434040.883808 - INFO - <Event(4-MouseMotion {'pos': (600, 291), 'rel': (-24, 3), 'buttons': (0, 0, 0), 'window': None})>
2019-07-18 08:14:11,092 - BDM-WAM 1563434040.883808 - INFO - <Event(4-MouseMotion {'pos': (580, 292), 'rel': (-20, 1), 'buttons': (0, 0, 0), 'window': None})>
2019-07-18 08:14:11,109 - BDM-WAM 1563434040.883808 - INFO - <Event(4-MouseMotion {'pos': (560, 294), 'rel': (-20, 2), 'buttons': (0, 0, 0), 'window': None})>
2019-07-18 08:14:11,125 - BDM-WAM 1563434040.883808 - INFO - <Event(4-MouseMotion {'pos': (540, 297), 'rel': (-20, 3), 'buttons': (0, 0, 0), 'window': None})>
2019-07-18 08:14:11,142 - BDM-WAM 1563434040.883808 - INFO - <Event(4-MouseMotion {'pos': (527, 300), 'rel': (-13, 3), 'buttons': (0, 0, 0), 'window': None})>
2019-07-18 08:14:11,160 - BDM-WAM 1563434040.883808 - INFO - <Event(4-MouseMotion {'pos': (516, 303), 'rel': (-11, 3), 'buttons': (0, 0, 0), 'window': None})>
2019-07-18 08:14:11,188 - BDM-WAM 1563434040.883808 - INFO - <Event(4-MouseMotion {'pos': (505, 307), 'rel': (-11, 4), 'buttons': (0, 0, 0), 'window': None})>
2019-07-18 08:14:11,193 - BDM-WAM 1563434040.883808 - INFO - <Event(4-MouseMotion {'pos': (503, 308), 'rel': (-2, 1), 'buttons': (0, 0, 0), 'window': None})>
2019-07-18 08:14:11,208 - BDM-WAM 1563434040.883808 - INFO - <Event(4-MouseMotion {'pos': (497, 311), 'rel': (-6, 3), 'buttons': (0, 0, 0), 'window': None})>
2019-07-18 08:14:11,225 - BDM-WAM 1563434040.883808 - INFO - <Event(4-MouseMotion {'pos': (491, 315), 'rel': (-6, 4), 'buttons': (0, 0, 0), 'window': None})>
2019-07-18 08:14:11,242 - BDM-WAM 1563434040.883808 - INFO - <Event(4-MouseMotion {'pos': (485, 319), 'rel': (-6, 4), 'buttons': (0, 0, 0), 'window': None})>
2019-07-18 08:14:11,259 - BDM-WAM 1563434040.883808 - INFO - <Event(4-MouseMotion {'pos': (478, 322), 'rel': (-7, 3), 'buttons': (0, 0, 0), 'window': None})>
2019-07-18 08:14:11,277 - BDM-WAM 1563434040.883808 - INFO - <Event(4-MouseMotion {'pos': (468, 325), 'rel': (-10, 3), 'buttons': (0, 0, 0), 'window': None})>
2019-07-18 08:14:11,306 - BDM-WAM 1563434040.883808 - INFO - <Event(4-MouseMotion {'pos': (448, 330), 'rel': (-20, 5), 'buttons': (0, 0, 0), 'window': None})>
2019-07-18 08:14:11,310 - BDM-WAM 1563434040.883808 - INFO - <Event(4-MouseMotion {'pos': (446, 330), 'rel': (-2, 0), 'buttons': (0, 0, 0), 'window': None})>
2019-07-18 08:14:11,326 - BDM-WAM 1563434040.883808 - INFO - <Event(4-MouseMotion {'pos': (436, 333), 'rel': (-10, 3), 'buttons': (0, 0, 0), 'window': None})>
2019-07-18 08:14:11,343 - BDM-WAM 1563434040.883808 - INFO - <Event(4-MouseMotion {'pos': (429, 337), 'rel': (-7, 4), 'buttons': (0, 0, 0), 'window': None})>
2019-07-18 08:14:11,360 - BDM-WAM 1563434040.883808 - INFO - <Event(4-MouseMotion {'pos': (425, 339), 'rel': (-4, 2), 'buttons': (0, 0, 0), 'window': None})>
2019-07-18 08:14:11,376 - BDM-WAM 1563434040.883808 - INFO - <Event(4-MouseMotion {'pos': (422, 341), 'rel': (-3, 2), 'buttons': (0, 0, 0), 'window': None})>
2019-07-18 08:14:11,394 - BDM-WAM 1563434040.883808 - INFO - <Event(4-MouseMotion {'pos': (421, 342), 'rel': (-1, 1), 'buttons': (0, 0, 0), 'window': None})>
2019-07-18 08:14:11,422 - BDM-WAM 1563434040.883808 - INFO - <Event(4-MouseMotion {'pos': (421, 345), 'rel': (0, 3), 'buttons': (0, 0, 0), 'window': None})>
2019-07-18 08:14:11,426 - BDM-WAM 1563434040.883808 - INFO - <Event(4-MouseMotion {'pos': (421, 346), 'rel': (0, 1), 'buttons': (0, 0, 0), 'window': None})>
2019-07-18 08:14:11,442 - BDM-WAM 1563434040.883808 - INFO - <Event(4-MouseMotion {'pos': (425, 349), 'rel': (4, 3), 'buttons': (0, 0, 0), 'window': None})>
2019-07-18 08:14:11,460 - BDM-WAM 1563434040.883808 - INFO - <Event(4-MouseMotion {'pos': (437, 353), 'rel': (12, 4), 'buttons': (0, 0, 0), 'window': None})>
2019-07-18 08:14:11,476 - BDM-WAM 1563434040.883808 - INFO - <Event(4-MouseMotion {'pos': (458, 354), 'rel': (21, 1), 'buttons': (0, 0, 0), 'window': None})>
2019-07-18 08:14:11,493 - BDM-WAM 1563434040.883808 - INFO - <Event(4-MouseMotion {'pos': (494, 352), 'rel': (36, -2), 'buttons': (0, 0, 0), 'window': None})>
2019-07-18 08:14:11,510 - BDM-WAM 1563434040.883808 - INFO - <Event(4-MouseMotion {'pos': (534, 348), 'rel': (40, -4), 'buttons': (0, 0, 0), 'window': None})>
2019-07-18 08:14:11,526 - BDM-WAM 1563434040.883808 - INFO - <Event(4-MouseMotion {'pos': (580, 338), 'rel': (46, -10), 'buttons': (0, 0, 0), 'window': None})>
2019-07-18 08:14:11,544 - BDM-WAM 1563434040.883808 - INFO - <Event(4-MouseMotion {'pos': (630, 324), 'rel': (50, -14), 'buttons': (0, 0, 0), 'window': None})>
2019-07-18 08:14:11,561 - BDM-WAM 1563434040.883808 - INFO - <Event(4-MouseMotion {'pos': (666, 312), 'rel': (36, -12), 'buttons': (0, 0, 0), 'window': None})>
2019-07-18 08:14:11,577 - BDM-WAM 1563434040.883808 - INFO - <Event(4-MouseMotion {'pos': (683, 305), 'rel': (17, -7), 'buttons': (0, 0, 0), 'window': None})>
2019-07-18 08:14:11,594 - BDM-WAM 1563434040.883808 - INFO - <Event(4-MouseMotion {'pos': (690, 300), 'rel': (7, -5), 'buttons': (0, 0, 0), 'window': None})>
2019-07-18 08:14:11,612 - BDM-WAM 1563434040.883808 - INFO - <Event(4-MouseMotion {'pos': (692, 297), 'rel': (2, -3), 'buttons': (0, 0, 0), 'window': None})>
2019-07-18 08:14:11,628 - BDM-WAM 1563434040.883808 - INFO - <Event(4-MouseMotion {'pos': (692, 296), 'rel': (0, -1), 'buttons': (0, 0, 0), 'window': None})>
2019-07-18 08:14:11,644 - BDM-WAM 1563434040.883808 - INFO - <Event(4-MouseMotion {'pos': (691, 294), 'rel': (-1, -2), 'buttons': (0, 0, 0), 'window': None})>
2019-07-18 08:14:11,661 - BDM-WAM 1563434040.883808 - INFO - <Event(4-MouseMotion {'pos': (690, 293), 'rel': (-1, -1), 'buttons': (0, 0, 0), 'window': None})>
2019-07-18 08:14:11,678 - BDM-WAM 1563434040.883808 - INFO - <Event(4-MouseMotion {'pos': (689, 293), 'rel': (-1, 0), 'buttons': (0, 0, 0), 'window': None})>
2019-07-18 08:14:11,728 - BDM-WAM 1563434040.883808 - INFO - <Event(4-MouseMotion {'pos': (689, 292), 'rel': (0, -1), 'buttons': (0, 0, 0), 'window': None})>
2019-07-18 08:14:11,745 - BDM-WAM 1563434040.883808 - INFO - <Event(4-MouseMotion {'pos': (689, 290), 'rel': (0, -2), 'buttons': (0, 0, 0), 'window': None})>
2019-07-18 08:14:11,763 - BDM-WAM 1563434040.883808 - INFO - <Event(4-MouseMotion {'pos': (690, 287), 'rel': (1, -3), 'buttons': (0, 0, 0), 'window': None})>
2019-07-18 08:14:11,779 - BDM-WAM 1563434040.883808 - INFO - <Event(4-MouseMotion {'pos': (693, 283), 'rel': (3, -4), 'buttons': (0, 0, 0), 'window': None})>
2019-07-18 08:14:11,796 - BDM-WAM 1563434040.883808 - INFO - <Event(4-MouseMotion {'pos': (697, 279), 'rel': (4, -4), 'buttons': (0, 0, 0), 'window': None})>
2019-07-18 08:14:11,812 - BDM-WAM 1563434040.883808 - INFO - <Event(4-MouseMotion {'pos': (703, 274), 'rel': (6, -5), 'buttons': (0, 0, 0), 'window': None})>
2019-07-18 08:14:11,830 - BDM-WAM 1563434040.883808 - INFO - <Event(5-MouseButtonDown {'pos': (708, 272), 'button': 1, 'window': None})>
2019-07-18 08:14:11,831 - BDM-WAM 1563434040.883808 - INFO - <Event(9.1-True Hit {'pos': (708,272), 'window': None})>
2019-07-18 08:14:11,866 - BDM-WAM 1563434040.883808 - INFO - <Event(4-MouseMotion {'pos': (709, 270), 'rel': (1, -2), 'buttons': (1, 0, 0), 'window': None})>
2019-07-18 08:14:12,001 - BDM-WAM 1563434040.883808 - INFO - <Event(6-MouseButtonUp {'pos': (709, 270), 'button': 1, 'window': None})>
2019-07-18 08:14:12,287 - BDM-WAM 1563434040.883808 - INFO - <Event(4-MouseMotion {'pos': (703, 271), 'rel': (-6, 1), 'buttons': (0, 0, 0), 'window': None})>
2019-07-18 08:14:12,315 - BDM-WAM 1563434040.883808 - INFO - <Event(4-MouseMotion {'pos': (693, 272), 'rel': (-10, 1), 'buttons': (0, 0, 0), 'window': None})>
2019-07-18 08:14:12,331 - BDM-WAM 1563434040.883808 - INFO - <Event(4-MouseMotion {'pos': (685, 273), 'rel': (-8, 1), 'buttons': (0, 0, 0), 'window': None})>
2019-07-18 08:14:12,347 - BDM-WAM 1563434040.883808 - INFO - <Event(4-MouseMotion {'pos': (678, 273), 'rel': (-7, 0), 'buttons': (0, 0, 0), 'window': None})>
2019-07-18 08:14:12,364 - BDM-WAM 1563434040.883808 - INFO - <Event(4-MouseMotion {'pos': (668, 274), 'rel': (-10, 1), 'buttons': (0, 0, 0), 'window': None})>
2019-07-18 08:14:12,380 - BDM-WAM 1563434040.883808 - INFO - <Event(4-MouseMotion {'pos': (659, 274), 'rel': (-9, 0), 'buttons': (0, 0, 0), 'window': None})>
2019-07-18 08:14:12,397 - BDM-WAM 1563434040.883808 - INFO - <Event(4-MouseMotion {'pos': (648, 275), 'rel': (-11, 1), 'buttons': (0, 0, 0), 'window': None})>
2019-07-18 08:14:12,413 - BDM-WAM 1563434040.883808 - INFO - <Event(4-MouseMotion {'pos': (636, 276), 'rel': (-12, 1), 'buttons': (0, 0, 0), 'window': None})>
2019-07-18 08:14:12,431 - BDM-WAM 1563434040.883808 - INFO - <Event(4-MouseMotion {'pos': (623, 277), 'rel': (-13, 1), 'buttons': (0, 0, 0), 'window': None})>
2019-07-18 08:14:12,448 - BDM-WAM 1563434040.883808 - INFO - <Event(4-MouseMotion {'pos': (609, 278), 'rel': (-14, 1), 'buttons': (0, 0, 0), 'window': None})>
2019-07-18 08:14:12,464 - BDM-WAM 1563434040.883808 - INFO - <Event(4-MouseMotion {'pos': (596, 280), 'rel': (-13, 2), 'buttons': (0, 0, 0), 'window': None})>
2019-07-18 08:14:12,480 - BDM-WAM 1563434040.883808 - INFO - <Event(4-MouseMotion {'pos': (584, 282), 'rel': (-12, 2), 'buttons': (0, 0, 0), 'window': None})>
2019-07-18 08:14:12,497 - BDM-WAM 1563434040.883808 - INFO - <Event(4-MouseMotion {'pos': (570, 285), 'rel': (-14, 3), 'buttons': (0, 0, 0), 'window': None})>
2019-07-18 08:14:12,515 - BDM-WAM 1563434040.883808 - INFO - <Event(4-MouseMotion {'pos': (553, 290), 'rel': (-17, 5), 'buttons': (0, 0, 0), 'window': None})>
2019-07-18 08:14:12,531 - BDM-WAM 1563434040.883808 - INFO - <Event(4-MouseMotion {'pos': (538, 295), 'rel': (-15, 5), 'buttons': (0, 0, 0), 'window': None})>
2019-07-18 08:14:12,548 - BDM-WAM 1563434040.883808 - INFO - <Event(4-MouseMotion {'pos': (521, 300), 'rel': (-17, 5), 'buttons': (0, 0, 0), 'window': None})>
2019-07-18 08:14:12,564 - BDM-WAM 1563434040.883808 - INFO - <Event(4-MouseMotion {'pos': (507, 303), 'rel': (-14, 3), 'buttons': (0, 0, 0), 'window': None})>
2019-07-18 08:14:12,580 - BDM-WAM 1563434040.883808 - INFO - <Event(4-MouseMotion {'pos': (492, 306), 'rel': (-15, 3), 'buttons': (0, 0, 0), 'window': None})>
2019-07-18 08:14:12,597 - BDM-WAM 1563434040.883808 - INFO - <Event(4-MouseMotion {'pos': (477, 308), 'rel': (-15, 2), 'buttons': (0, 0, 0), 'window': None})>
2019-07-18 08:14:12,614 - BDM-WAM 1563434040.883808 - INFO - <Event(4-MouseMotion {'pos': (463, 309), 'rel': (-14, 1), 'buttons': (0, 0, 0), 'window': None})>
2019-07-18 08:14:12,631 - BDM-WAM 1563434040.883808 - INFO - <Event(4-MouseMotion {'pos': (447, 309), 'rel': (-16, 0), 'buttons': (0, 0, 0), 'window': None})>
2019-07-18 08:14:12,649 - BDM-WAM 1563434040.883808 - INFO - <Event(4-MouseMotion {'pos': (429, 309), 'rel': (-18, 0), 'buttons': (0, 0, 0), 'window': None})>
2019-07-18 08:14:12,665 - BDM-WAM 1563434040.883808 - INFO - <Event(4-MouseMotion {'pos': (414, 308), 'rel': (-15, -1), 'buttons': (0, 0, 0), 'window': None})>
2019-07-18 08:14:12,680 - BDM-WAM 1563434040.883808 - INFO - <Event(4-MouseMotion {'pos': (402, 304), 'rel': (-12, -4), 'buttons': (0, 0, 0), 'window': None})>
2019-07-18 08:14:12,697 - BDM-WAM 1563434040.883808 - INFO - <Event(4-MouseMotion {'pos': (391, 297), 'rel': (-11, -7), 'buttons': (0, 0, 0), 'window': None})>
2019-07-18 08:14:12,713 - BDM-WAM 1563434040.883808 - INFO - <Event(4-MouseMotion {'pos': (380, 289), 'rel': (-11, -8), 'buttons': (0, 0, 0), 'window': None})>
2019-07-18 08:14:12,730 - BDM-WAM 1563434040.883808 - INFO - <Event(4-MouseMotion {'pos': (370, 278), 'rel': (-10, -11), 'buttons': (0, 0, 0), 'window': None})>
2019-07-18 08:14:12,747 - BDM-WAM 1563434040.883808 - INFO - <Event(4-MouseMotion {'pos': (359, 267), 'rel': (-11, -11), 'buttons': (0, 0, 0), 'window': None})>
2019-07-18 08:14:12,778 - BDM-WAM 1563434040.883808 - INFO - <Event(4-MouseMotion {'pos': (344, 245), 'rel': (-15, -22), 'buttons': (0, 0, 0), 'window': None})>
2019-07-18 08:14:12,781 - BDM-WAM 1563434040.883808 - INFO - <Event(4-MouseMotion {'pos': (343, 244), 'rel': (-1, -1), 'buttons': (0, 0, 0), 'window': None})>
2019-07-18 08:14:12,797 - BDM-WAM 1563434040.883808 - INFO - <Event(4-MouseMotion {'pos': (335, 236), 'rel': (-8, -8), 'buttons': (0, 0, 0), 'window': None})>
2019-07-18 08:14:12,814 - BDM-WAM 1563434040.883808 - INFO - <Event(4-MouseMotion {'pos': (328, 230), 'rel': (-7, -6), 'buttons': (0, 0, 0), 'window': None})>
2019-07-18 08:14:12,831 - BDM-WAM 1563434040.883808 - INFO - <Event(4-MouseMotion {'pos': (319, 224), 'rel': (-9, -6), 'buttons': (0, 0, 0), 'window': None})>
2019-07-18 08:14:12,849 - BDM-WAM 1563434040.883808 - INFO - <Event(4-MouseMotion {'pos': (310, 219), 'rel': (-9, -5), 'buttons': (0, 0, 0), 'window': None})>
2019-07-18 08:14:12,879 - BDM-WAM 1563434040.883808 - INFO - <Event(4-MouseMotion {'pos': (295, 213), 'rel': (-15, -6), 'buttons': (0, 0, 0), 'window': None})>
2019-07-18 08:14:12,900 - BDM-WAM 1563434040.883808 - INFO - <Event(4-MouseMotion {'pos': (288, 211), 'rel': (-7, -2), 'buttons': (0, 0, 0), 'window': None})>
2019-07-18 08:14:12,916 - BDM-WAM 1563434040.883808 - INFO - <Event(4-MouseMotion {'pos': (284, 211), 'rel': (-4, 0), 'buttons': (0, 0, 0), 'window': None})>
2019-07-18 08:14:12,934 - BDM-WAM 1563434040.883808 - INFO - <Event(4-MouseMotion {'pos': (281, 211), 'rel': (-3, 0), 'buttons': (0, 0, 0), 'window': None})>
2019-07-18 08:14:12,951 - BDM-WAM 1563434040.883808 - INFO - <Event(4-MouseMotion {'pos': (279, 212), 'rel': (-2, 1), 'buttons': (0, 0, 0), 'window': None})>
2019-07-18 08:14:12,979 - BDM-WAM 1563434040.883808 - INFO - <Event(4-MouseMotion {'pos': (276, 216), 'rel': (-3, 4), 'buttons': (0, 0, 0), 'window': None})>
2019-07-18 08:14:12,983 - BDM-WAM 1563434040.883808 - INFO - <Event(4-MouseMotion {'pos': (276, 217), 'rel': (0, 1), 'buttons': (0, 0, 0), 'window': None})>
2019-07-18 08:14:13,000 - BDM-WAM 1563434040.883808 - INFO - <Event(4-MouseMotion {'pos': (276, 218), 'rel': (0, 1), 'buttons': (0, 0, 0), 'window': None})>
2019-07-18 08:14:13,016 - BDM-WAM 1563434040.883808 - INFO - <Event(4-MouseMotion {'pos': (275, 222), 'rel': (-1, 4), 'buttons': (0, 0, 0), 'window': None})>
2019-07-18 08:14:13,033 - BDM-WAM 1563434040.883808 - INFO - <Event(4-MouseMotion {'pos': (273, 223), 'rel': (-2, 1), 'buttons': (0, 0, 0), 'window': None})>
2019-07-18 08:14:13,050 - BDM-WAM 1563434040.883808 - INFO - <Event(4-MouseMotion {'pos': (272, 227), 'rel': (-1, 4), 'buttons': (0, 0, 0), 'window': None})>
2019-07-18 08:14:13,067 - BDM-WAM 1563434040.883808 - INFO - <Event(4-MouseMotion {'pos': (269, 231), 'rel': (-3, 4), 'buttons': (0, 0, 0), 'window': None})>
2019-07-18 08:14:13,084 - BDM-WAM 1563434040.883808 - INFO - <Event(4-MouseMotion {'pos': (266, 239), 'rel': (-3, 8), 'buttons': (0, 0, 0), 'window': None})>
2019-07-18 08:14:13,100 - BDM-WAM 1563434040.883808 - INFO - <Event(4-MouseMotion {'pos': (263, 249), 'rel': (-3, 10), 'buttons': (0, 0, 0), 'window': None})>
2019-07-18 08:14:13,117 - BDM-WAM 1563434040.883808 - INFO - <Event(4-MouseMotion {'pos': (259, 269), 'rel': (-4, 20), 'buttons': (0, 0, 0), 'window': None})>
2019-07-18 08:14:13,133 - BDM-WAM 1563434040.883808 - INFO - <Event(4-MouseMotion {'pos': (256, 286), 'rel': (-3, 17), 'buttons': (0, 0, 0), 'window': None})>
2019-07-18 08:14:13,149 - BDM-WAM 1563434040.883808 - INFO - <Event(4-MouseMotion {'pos': (258, 307), 'rel': (2, 21), 'buttons': (0, 0, 0), 'window': None})>
2019-07-18 08:14:13,166 - BDM-WAM 1563434040.883808 - INFO - <Event(4-MouseMotion {'pos': (269, 335), 'rel': (11, 28), 'buttons': (0, 0, 0), 'window': None})>
2019-07-18 08:14:13,183 - BDM-WAM 1563434040.883808 - INFO - <Event(4-MouseMotion {'pos': (292, 375), 'rel': (23, 40), 'buttons': (0, 0, 0), 'window': None})>
2019-07-18 08:14:13,198 - BDM-WAM 1563434040.883808 - INFO - <Event(4-MouseMotion {'pos': (319, 412), 'rel': (27, 37), 'buttons': (0, 0, 0), 'window': None})>
2019-07-18 08:14:13,215 - BDM-WAM 1563434040.883808 - INFO - <Event(4-MouseMotion {'pos': (345, 443), 'rel': (26, 31), 'buttons': (0, 0, 0), 'window': None})>
2019-07-18 08:14:13,231 - BDM-WAM 1563434040.883808 - INFO - <Event(4-MouseMotion {'pos': (371, 472), 'rel': (26, 29), 'buttons': (0, 0, 0), 'window': None})>
2019-07-18 08:14:13,248 - BDM-WAM 1563434040.883808 - INFO - <Event(4-MouseMotion {'pos': (396, 496), 'rel': (25, 24), 'buttons': (0, 0, 0), 'window': None})>
2019-07-18 08:14:13,264 - BDM-WAM 1563434040.883808 - INFO - <Event(4-MouseMotion {'pos': (413, 511), 'rel': (17, 15), 'buttons': (0, 0, 0), 'window': None})>
2019-07-18 08:14:13,280 - BDM-WAM 1563434040.883808 - INFO - <Event(4-MouseMotion {'pos': (425, 522), 'rel': (12, 11), 'buttons': (0, 0, 0), 'window': None})>
2019-07-18 08:14:13,297 - BDM-WAM 1563434040.883808 - INFO - <Event(4-MouseMotion {'pos': (432, 527), 'rel': (7, 5), 'buttons': (0, 0, 0), 'window': None})>
2019-07-18 08:14:13,315 - BDM-WAM 1563434040.883808 - INFO - <Event(4-MouseMotion {'pos': (434, 531), 'rel': (2, 4), 'buttons': (0, 0, 0), 'window': None})>
2019-07-18 08:14:13,331 - BDM-WAM 1563434040.883808 - INFO - <Event(4-MouseMotion {'pos': (436, 532), 'rel': (2, 1), 'buttons': (0, 0, 0), 'window': None})>
2019-07-18 08:14:13,348 - BDM-WAM 1563434040.883808 - INFO - <Event(4-MouseMotion {'pos': (437, 533), 'rel': (1, 1), 'buttons': (0, 0, 0), 'window': None})>
2019-07-18 08:14:13,363 - BDM-WAM 1563434040.883808 - INFO - <Event(4-MouseMotion {'pos': (437, 534), 'rel': (0, 1), 'buttons': (0, 0, 0), 'window': None})>
2019-07-18 08:14:13,398 - BDM-WAM 1563434040.883808 - INFO - <Event(4-MouseMotion {'pos': (439, 534), 'rel': (2, 0), 'buttons': (0, 0, 0), 'window': None})>
2019-07-18 08:14:13,415 - BDM-WAM 1563434040.883808 - INFO - <Event(4-MouseMotion {'pos': (444, 534), 'rel': (5, 0), 'buttons': (0, 0, 0), 'window': None})>
2019-07-18 08:14:13,431 - BDM-WAM 1563434040.883808 - INFO - <Event(4-MouseMotion {'pos': (449, 534), 'rel': (5, 0), 'buttons': (0, 0, 0), 'window': None})>
2019-07-18 08:14:13,446 - BDM-WAM 1563434040.883808 - INFO - <Event(4-MouseMotion {'pos': (456, 535), 'rel': (7, 1), 'buttons': (0, 0, 0), 'window': None})>
2019-07-18 08:14:13,462 - BDM-WAM 1563434040.883808 - INFO - <Event(4-MouseMotion {'pos': (462, 535), 'rel': (6, 0), 'buttons': (0, 0, 0), 'window': None})>
2019-07-18 08:14:13,478 - BDM-WAM 1563434040.883808 - INFO - <Event(4-MouseMotion {'pos': (466, 533), 'rel': (4, -2), 'buttons': (0, 0, 0), 'window': None})>
2019-07-18 08:14:13,496 - BDM-WAM 1563434040.883808 - INFO - <Event(4-MouseMotion {'pos': (469, 533), 'rel': (3, 0), 'buttons': (0, 0, 0), 'window': None})>
2019-07-18 08:14:13,512 - BDM-WAM 1563434040.883808 - INFO - <Event(4-MouseMotion {'pos': (473, 533), 'rel': (4, 0), 'buttons': (0, 0, 0), 'window': None})>
2019-07-18 08:14:13,529 - BDM-WAM 1563434040.883808 - INFO - <Event(4-MouseMotion {'pos': (475, 532), 'rel': (2, -1), 'buttons': (0, 0, 0), 'window': None})>
2019-07-18 08:14:13,546 - BDM-WAM 1563434040.883808 - INFO - <Event(4-MouseMotion {'pos': (477, 532), 'rel': (2, 0), 'buttons': (0, 0, 0), 'window': None})>
2019-07-18 08:14:13,579 - BDM-WAM 1563434040.883808 - INFO - <Event(5-MouseButtonDown {'pos': (477, 532), 'button': 1, 'window': None})>
2019-07-18 08:14:13,579 - BDM-WAM 1563434040.883808 - INFO - <Event(9.1-True Hit {'pos': (477,532), 'window': None})>
