2020-01-21 21:04:35,229 - BDM-WAM 1579640675.125191 - INFO - <Event(17-VideoExpose {})>
2020-01-21 21:04:36,988 - BDM-WAM 1579640675.125191 - INFO - <Event(1-ActiveEvent {'gain': 0, 'state': 1})>
2020-01-21 21:04:36,988 - BDM-WAM 1579640675.125191 - INFO - <Event(4-MouseMotion {'pos': (523, 660), 'rel': (524, 661), 'buttons': (0, 0, 0), 'window': None})>
2020-01-21 21:04:36,988 - BDM-WAM 1579640675.125191 - INFO - <Event(1-ActiveEvent {'gain': 1, 'state': 1})>
2020-01-21 21:04:36,988 - BDM-WAM 1579640675.125191 - INFO - <Event(4-MouseMotion {'pos': (522, 666), 'rel': (-1, 6), 'buttons': (0, 0, 0), 'window': None})>
2020-01-21 21:04:37,026 - BDM-WAM 1579640675.125191 - INFO - <Event(10-MoleUp) {'loc': (658,232)})>
2020-01-21 21:04:37,077 - BDM-WAM 1579640675.125191 - INFO - <Event(4-MouseMotion {'pos': (516, 324), 'rel': (1, -1), 'buttons': (0, 0, 0), 'window': None})>
2020-01-21 21:04:37,094 - BDM-WAM 1579640675.125191 - INFO - <Event(4-MouseMotion {'pos': (516, 323), 'rel': (0, -1), 'buttons': (0, 0, 0), 'window': None})>
2020-01-21 21:04:37,111 - BDM-WAM 1579640675.125191 - INFO - <Event(3-KeyUp {'key': 99, 'mod': 0, 'scancode': 46, 'window': None})>
2020-01-21 21:04:37,161 - BDM-WAM 1579640675.125191 - INFO - <Event(4-MouseMotion {'pos': (522, 310), 'rel': (6, -13), 'buttons': (0, 0, 0), 'window': None})>
2020-01-21 21:04:37,181 - BDM-WAM 1579640675.125191 - INFO - <Event(4-MouseMotion {'pos': (530, 292), 'rel': (8, -18), 'buttons': (0, 0, 0), 'window': None})>
2020-01-21 21:04:37,196 - BDM-WAM 1579640675.125191 - INFO - <Event(4-MouseMotion {'pos': (535, 280), 'rel': (5, -12), 'buttons': (0, 0, 0), 'window': None})>
2020-01-21 21:04:37,213 - BDM-WAM 1579640675.125191 - INFO - <Event(4-MouseMotion {'pos': (537, 270), 'rel': (2, -10), 'buttons': (0, 0, 0), 'window': None})>
2020-01-21 21:04:37,292 - BDM-WAM 1579640675.125191 - INFO - <Event(4-MouseMotion {'pos': (544, 252), 'rel': (7, -18), 'buttons': (0, 0, 0), 'window': None})>
2020-01-21 21:04:37,413 - BDM-WAM 1579640675.125191 - INFO - <Event(4-MouseMotion {'pos': (544, 253), 'rel': (0, 1), 'buttons': (0, 0, 0), 'window': None})>
2020-01-21 21:04:37,430 - BDM-WAM 1579640675.125191 - INFO - <Event(4-MouseMotion {'pos': (544, 259), 'rel': (0, 6), 'buttons': (0, 0, 0), 'window': None})>
2020-01-21 21:04:37,447 - BDM-WAM 1579640675.125191 - INFO - <Event(4-MouseMotion {'pos': (543, 264), 'rel': (-1, 5), 'buttons': (0, 0, 0), 'window': None})>
2020-01-21 21:04:37,464 - BDM-WAM 1579640675.125191 - INFO - <Event(4-MouseMotion {'pos': (543, 268), 'rel': (0, 4), 'buttons': (0, 0, 0), 'window': None})>
2020-01-21 21:04:37,582 - BDM-WAM 1579640675.125191 - INFO - <Event(4-MouseMotion {'pos': (543, 270), 'rel': (0, 2), 'buttons': (0, 0, 0), 'window': None})>
2020-01-21 21:04:37,599 - BDM-WAM 1579640675.125191 - INFO - <Event(4-MouseMotion {'pos': (544, 270), 'rel': (1, 0), 'buttons': (0, 0, 0), 'window': None})>
2020-01-21 21:04:37,616 - BDM-WAM 1579640675.125191 - INFO - <Event(4-MouseMotion {'pos': (564, 266), 'rel': (20, -4), 'buttons': (0, 0, 0), 'window': None})>
2020-01-21 21:04:37,633 - BDM-WAM 1579640675.125191 - INFO - <Event(4-MouseMotion {'pos': (558, 265), 'rel': (-6, -1), 'buttons': (0, 0, 0), 'window': None})>
2020-01-21 21:04:38,146 - BDM-WAM 1579640675.125191 - INFO - <Event(2-KeyDown {'unicode': 'p', 'key': 112, 'mod': 0, 'scancode': 25, 'window': None})>
2020-01-21 21:04:38,146 - BDM-WAM 1579640675.125191 - INFO - <Event(8-Pause {'reason': pause })>
2020-01-21 21:04:39,362 - BDM-WAM 1579640675.125191 - INFO - <Event(3-KeyUp {'key': 99, 'mod': 0, 'scancode': 46, 'window': None})>
2020-01-21 21:04:39,480 - BDM-WAM 1579640675.125191 - INFO - <Event(10-MoleUp) {'loc': (179,169)})>
2020-01-21 21:04:40,942 - BDM-WAM 1579640675.125191 - INFO - <Event(4-MouseMotion {'pos': (531, 274), 'rel': (-27, 9), 'buttons': (0, 0, 0), 'window': None})>
2020-01-21 21:04:40,960 - BDM-WAM 1579640675.125191 - INFO - <Event(4-MouseMotion {'pos': (497, 283), 'rel': (-34, 9), 'buttons': (0, 0, 0), 'window': None})>
2020-01-21 21:04:40,977 - BDM-WAM 1579640675.125191 - INFO - <Event(4-MouseMotion {'pos': (472, 282), 'rel': (-25, -1), 'buttons': (0, 0, 0), 'window': None})>
2020-01-21 21:04:40,994 - BDM-WAM 1579640675.125191 - INFO - <Event(4-MouseMotion {'pos': (471, 282), 'rel': (-1, 0), 'buttons': (0, 0, 0), 'window': None})>
2020-01-21 21:04:41,065 - BDM-WAM 1579640675.125191 - INFO - <Event(4-MouseMotion {'pos': (463, 282), 'rel': (-8, 0), 'buttons': (0, 0, 0), 'window': None})>
2020-01-21 21:04:41,081 - BDM-WAM 1579640675.125191 - INFO - <Event(4-MouseMotion {'pos': (432, 282), 'rel': (-31, 0), 'buttons': (0, 0, 0), 'window': None})>
2020-01-21 21:04:41,097 - BDM-WAM 1579640675.125191 - INFO - <Event(4-MouseMotion {'pos': (377, 282), 'rel': (-55, 0), 'buttons': (0, 0, 0), 'window': None})>
2020-01-21 21:04:41,114 - BDM-WAM 1579640675.125191 - INFO - <Event(4-MouseMotion {'pos': (318, 284), 'rel': (-59, 2), 'buttons': (0, 0, 0), 'window': None})>
2020-01-21 21:04:41,131 - BDM-WAM 1579640675.125191 - INFO - <Event(4-MouseMotion {'pos': (275, 287), 'rel': (-43, 3), 'buttons': (0, 0, 0), 'window': None})>
2020-01-21 21:04:41,177 - BDM-WAM 1579640675.125191 - INFO - <Event(4-MouseMotion {'pos': (254, 289), 'rel': (-21, 2), 'buttons': (0, 0, 0), 'window': None})>
2020-01-21 21:04:41,231 - BDM-WAM 1579640675.125191 - INFO - <Event(4-MouseMotion {'pos': (253, 289), 'rel': (-1, 0), 'buttons': (0, 0, 0), 'window': None})>
2020-01-21 21:04:41,247 - BDM-WAM 1579640675.125191 - INFO - <Event(4-MouseMotion {'pos': (249, 284), 'rel': (-4, -5), 'buttons': (0, 0, 0), 'window': None})>
2020-01-21 21:04:41,306 - BDM-WAM 1579640675.125191 - INFO - <Event(4-MouseMotion {'pos': (239, 225), 'rel': (-10, -59), 'buttons': (0, 0, 0), 'window': None})>
2020-01-21 21:04:41,309 - BDM-WAM 1579640675.125191 - INFO - <Event(4-MouseMotion {'pos': (239, 222), 'rel': (0, -3), 'buttons': (0, 0, 0), 'window': None})>
2020-01-21 21:04:41,325 - BDM-WAM 1579640675.125191 - INFO - <Event(4-MouseMotion {'pos': (239, 216), 'rel': (0, -6), 'buttons': (0, 0, 0), 'window': None})>
2020-01-21 21:04:41,342 - BDM-WAM 1579640675.125191 - INFO - <Event(4-MouseMotion {'pos': (239, 213), 'rel': (0, -3), 'buttons': (0, 0, 0), 'window': None})>
2020-01-21 21:04:41,359 - BDM-WAM 1579640675.125191 - INFO - <Event(4-MouseMotion {'pos': (239, 210), 'rel': (0, -3), 'buttons': (0, 0, 0), 'window': None})>
2020-01-21 21:04:41,404 - BDM-WAM 1579640675.125191 - INFO - <Event(4-MouseMotion {'pos': (239, 209), 'rel': (0, -1), 'buttons': (0, 0, 0), 'window': None})>
2020-01-21 21:04:41,441 - BDM-WAM 1579640675.125191 - INFO - <Event(10-MoleUp) {'loc': (603,11)})>
2020-01-21 21:04:41,445 - BDM-WAM 1579640675.125191 - INFO - <Event(4-MouseMotion {'pos': (236, 212), 'rel': (-3, 3), 'buttons': (0, 0, 0), 'window': None})>
2020-01-21 21:04:41,462 - BDM-WAM 1579640675.125191 - INFO - <Event(4-MouseMotion {'pos': (233, 216), 'rel': (-3, 4), 'buttons': (0, 0, 0), 'window': None})>
2020-01-21 21:04:41,483 - BDM-WAM 1579640675.125191 - INFO - <Event(4-MouseMotion {'pos': (233, 218), 'rel': (0, 2), 'buttons': (0, 0, 0), 'window': None})>
2020-01-21 21:04:41,514 - BDM-WAM 1579640675.125191 - INFO - <Event(5-MouseButtonDown {'pos': (233, 218), 'button': 1, 'window': None})>
2020-01-21 21:04:41,514 - BDM-WAM 1579640675.125191 - INFO - <Event(8-Pause {'reason': hit_conf })>
2020-01-21 21:04:42,589 - BDM-WAM 1579640675.125191 - INFO - <Event(7-Rate {'hit_conf': 1 })>
2020-01-21 21:04:42,791 - BDM-WAM 1579640675.125191 - INFO - <Event(7-Rate {'reward_conf': 1 })>
2020-01-21 21:04:42,951 - BDM-WAM 1579640675.125191 - INFO - <Event(7-Rate {'player_skill': 1 })>
2020-01-21 21:04:42,951 - BDM-WAM 1579640675.125191 - INFO - <Event(9.4-TrueMiss {'pos': (233,218),'distance: 423.96815918179516,'relative_loc: (-370, 207),'window': None})>
2020-01-21 21:04:43,022 - BDM-WAM 1579640675.125191 - INFO - <Event(4-MouseMotion {'pos': (513, 209), 'rel': (10, 6), 'buttons': (0, 0, 0), 'window': None})>
2020-01-21 21:04:43,046 - BDM-WAM 1579640675.125191 - INFO - <Event(4-MouseMotion {'pos': (516, 211), 'rel': (3, 2), 'buttons': (0, 0, 0), 'window': None})>
2020-01-21 21:04:43,102 - BDM-WAM 1579640675.125191 - INFO - <Event(3-KeyUp {'key': 49, 'mod': 0, 'scancode': 2, 'window': None})>
2020-01-21 21:04:43,103 - BDM-WAM 1579640675.125191 - INFO - <Event(4-MouseMotion {'pos': (521, 215), 'rel': (5, 4), 'buttons': (0, 0, 0), 'window': None})>
2020-01-21 21:04:43,121 - BDM-WAM 1579640675.125191 - INFO - <Event(4-MouseMotion {'pos': (522, 216), 'rel': (1, 1), 'buttons': (0, 0, 0), 'window': None})>
2020-01-21 21:04:43,137 - BDM-WAM 1579640675.125191 - INFO - <Event(4-MouseMotion {'pos': (524, 217), 'rel': (2, 1), 'buttons': (0, 0, 0), 'window': None})>
2020-01-21 21:04:43,154 - BDM-WAM 1579640675.125191 - INFO - <Event(4-MouseMotion {'pos': (525, 217), 'rel': (1, 0), 'buttons': (0, 0, 0), 'window': None})>
2020-01-21 21:04:43,291 - BDM-WAM 1579640675.125191 - INFO - <Event(4-MouseMotion {'pos': (531, 190), 'rel': (6, -27), 'buttons': (0, 0, 0), 'window': None})>
2020-01-21 21:04:43,307 - BDM-WAM 1579640675.125191 - INFO - <Event(4-MouseMotion {'pos': (543, 148), 'rel': (12, -42), 'buttons': (0, 0, 0), 'window': None})>
2020-01-21 21:04:43,324 - BDM-WAM 1579640675.125191 - INFO - <Event(4-MouseMotion {'pos': (554, 109), 'rel': (11, -39), 'buttons': (0, 0, 0), 'window': None})>
2020-01-21 21:04:43,341 - BDM-WAM 1579640675.125191 - INFO - <Event(4-MouseMotion {'pos': (563, 82), 'rel': (9, -27), 'buttons': (0, 0, 0), 'window': None})>
2020-01-21 21:04:43,358 - BDM-WAM 1579640675.125191 - INFO - <Event(4-MouseMotion {'pos': (566, 77), 'rel': (3, -5), 'buttons': (0, 0, 0), 'window': None})>
2020-01-21 21:04:43,375 - BDM-WAM 1579640675.125191 - INFO - <Event(4-MouseMotion {'pos': (566, 76), 'rel': (0, -1), 'buttons': (0, 0, 0), 'window': None})>
2020-01-21 21:04:43,475 - BDM-WAM 1579640675.125191 - INFO - <Event(4-MouseMotion {'pos': (567, 76), 'rel': (1, 0), 'buttons': (0, 0, 0), 'window': None})>
2020-01-21 21:04:43,492 - BDM-WAM 1579640675.125191 - INFO - <Event(4-MouseMotion {'pos': (578, 75), 'rel': (11, -1), 'buttons': (0, 0, 0), 'window': None})>
2020-01-21 21:04:43,509 - BDM-WAM 1579640675.125191 - INFO - <Event(4-MouseMotion {'pos': (584, 75), 'rel': (6, 0), 'buttons': (0, 0, 0), 'window': None})>
2020-01-21 21:04:43,527 - BDM-WAM 1579640675.125191 - INFO - <Event(4-MouseMotion {'pos': (591, 75), 'rel': (7, 0), 'buttons': (0, 0, 0), 'window': None})>
2020-01-21 21:04:43,545 - BDM-WAM 1579640675.125191 - INFO - <Event(4-MouseMotion {'pos': (601, 76), 'rel': (10, 1), 'buttons': (0, 0, 0), 'window': None})>
2020-01-21 21:04:43,561 - BDM-WAM 1579640675.125191 - INFO - <Event(4-MouseMotion {'pos': (623, 80), 'rel': (22, 4), 'buttons': (0, 0, 0), 'window': None})>
2020-01-21 21:04:43,577 - BDM-WAM 1579640675.125191 - INFO - <Event(4-MouseMotion {'pos': (641, 83), 'rel': (18, 3), 'buttons': (0, 0, 0), 'window': None})>
2020-01-21 21:04:43,594 - BDM-WAM 1579640675.125191 - INFO - <Event(4-MouseMotion {'pos': (653, 83), 'rel': (12, 0), 'buttons': (0, 0, 0), 'window': None})>
2020-01-21 21:04:43,611 - BDM-WAM 1579640675.125191 - INFO - <Event(4-MouseMotion {'pos': (660, 82), 'rel': (7, -1), 'buttons': (0, 0, 0), 'window': None})>
2020-01-21 21:04:43,629 - BDM-WAM 1579640675.125191 - INFO - <Event(4-MouseMotion {'pos': (664, 79), 'rel': (4, -3), 'buttons': (0, 0, 0), 'window': None})>
2020-01-21 21:04:43,766 - BDM-WAM 1579640675.125191 - INFO - <Event(5-MouseButtonDown {'pos': (664, 79), 'button': 1, 'window': None})>
2020-01-21 21:04:43,767 - BDM-WAM 1579640675.125191 - INFO - <Event(8-Pause {'reason': hit_conf })>
2020-01-21 21:04:43,944 - BDM-WAM 1579640675.125191 - INFO - <Event(7-Rate {'hit_conf': 2 })>
2020-01-21 21:04:44,108 - BDM-WAM 1579640675.125191 - INFO - <Event(7-Rate {'reward_conf': 2 })>
2020-01-21 21:04:44,256 - BDM-WAM 1579640675.125191 - INFO - <Event(7-Rate {'player_skill': 2 })>
2020-01-21 21:04:44,256 - BDM-WAM 1579640675.125191 - INFO - <Event(9.1-TrueHit {'pos': (664,79),'distance: 91.35097153287424,'relative_loc: (61, 68),'window': None})>
2020-01-21 21:04:44,256 - BDM-WAM 1579640675.125191 - INFO - <Event(11-Score {score_inc: 4,score: 4})>
2020-01-21 21:04:44,358 - BDM-WAM 1579640675.125191 - INFO - <Event(4-MouseMotion {'pos': (664, 80), 'rel': (0, 1), 'buttons': (0, 0, 0), 'window': None})>
2020-01-21 21:04:44,382 - BDM-WAM 1579640675.125191 - INFO - <Event(3-KeyUp {'key': 50, 'mod': 0, 'scancode': 3, 'window': None})>
2020-01-21 21:04:44,383 - BDM-WAM 1579640675.125191 - INFO - <Event(4-MouseMotion {'pos': (663, 82), 'rel': (-1, 2), 'buttons': (0, 0, 0), 'window': None})>
2020-01-21 21:04:44,392 - BDM-WAM 1579640675.125191 - INFO - <Event(4-MouseMotion {'pos': (663, 83), 'rel': (0, 1), 'buttons': (0, 0, 0), 'window': None})>
2020-01-21 21:04:44,409 - BDM-WAM 1579640675.125191 - INFO - <Event(4-MouseMotion {'pos': (658, 89), 'rel': (-5, 6), 'buttons': (0, 0, 0), 'window': None})>
2020-01-21 21:04:44,425 - BDM-WAM 1579640675.125191 - INFO - <Event(4-MouseMotion {'pos': (654, 95), 'rel': (-4, 6), 'buttons': (0, 0, 0), 'window': None})>
2020-01-21 21:04:44,442 - BDM-WAM 1579640675.125191 - INFO - <Event(4-MouseMotion {'pos': (651, 100), 'rel': (-3, 5), 'buttons': (0, 0, 0), 'window': None})>
2020-01-21 21:04:44,459 - BDM-WAM 1579640675.125191 - INFO - <Event(4-MouseMotion {'pos': (647, 105), 'rel': (-4, 5), 'buttons': (0, 0, 0), 'window': None})>
2020-01-21 21:04:44,476 - BDM-WAM 1579640675.125191 - INFO - <Event(4-MouseMotion {'pos': (643, 110), 'rel': (-4, 5), 'buttons': (0, 0, 0), 'window': None})>
2020-01-21 21:04:44,493 - BDM-WAM 1579640675.125191 - INFO - <Event(4-MouseMotion {'pos': (639, 117), 'rel': (-4, 7), 'buttons': (0, 0, 0), 'window': None})>
2020-01-21 21:04:44,510 - BDM-WAM 1579640675.125191 - INFO - <Event(4-MouseMotion {'pos': (631, 130), 'rel': (-8, 13), 'buttons': (0, 0, 0), 'window': None})>
2020-01-21 21:04:44,527 - BDM-WAM 1579640675.125191 - INFO - <Event(4-MouseMotion {'pos': (625, 139), 'rel': (-6, 9), 'buttons': (0, 0, 0), 'window': None})>
2020-01-21 21:04:44,544 - BDM-WAM 1579640675.125191 - INFO - <Event(4-MouseMotion {'pos': (619, 148), 'rel': (-6, 9), 'buttons': (0, 0, 0), 'window': None})>
2020-01-21 21:04:44,599 - BDM-WAM 1579640675.125191 - INFO - <Event(4-MouseMotion {'pos': (611, 158), 'rel': (-8, 10), 'buttons': (0, 0, 0), 'window': None})>
2020-01-21 21:04:44,618 - BDM-WAM 1579640675.125191 - INFO - <Event(4-MouseMotion {'pos': (606, 162), 'rel': (-5, 4), 'buttons': (0, 0, 0), 'window': None})>
2020-01-21 21:04:44,635 - BDM-WAM 1579640675.125191 - INFO - <Event(4-MouseMotion {'pos': (599, 168), 'rel': (-7, 6), 'buttons': (0, 0, 0), 'window': None})>
2020-01-21 21:04:44,653 - BDM-WAM 1579640675.125191 - INFO - <Event(4-MouseMotion {'pos': (588, 176), 'rel': (-11, 8), 'buttons': (0, 0, 0), 'window': None})>
2020-01-21 21:04:44,706 - BDM-WAM 1579640675.125191 - INFO - <Event(4-MouseMotion {'pos': (560, 190), 'rel': (-28, 14), 'buttons': (0, 0, 0), 'window': None})>
2020-01-21 21:04:44,768 - BDM-WAM 1579640675.125191 - INFO - <Event(10-MoleUp) {'loc': (603,11)})>
2020-01-21 21:04:44,769 - BDM-WAM 1579640675.125191 - INFO - <Event(4-MouseMotion {'pos': (546, 193), 'rel': (-14, 3), 'buttons': (0, 0, 0), 'window': None})>
2020-01-21 21:04:44,786 - BDM-WAM 1579640675.125191 - INFO - <Event(4-MouseMotion {'pos': (541, 193), 'rel': (-5, 0), 'buttons': (0, 0, 0), 'window': None})>
2020-01-21 21:04:44,803 - BDM-WAM 1579640675.125191 - INFO - <Event(4-MouseMotion {'pos': (537, 192), 'rel': (-4, -1), 'buttons': (0, 0, 0), 'window': None})>
2020-01-21 21:04:44,820 - BDM-WAM 1579640675.125191 - INFO - <Event(4-MouseMotion {'pos': (533, 192), 'rel': (-4, 0), 'buttons': (0, 0, 0), 'window': None})>
2020-01-21 21:04:44,840 - BDM-WAM 1579640675.125191 - INFO - <Event(4-MouseMotion {'pos': (529, 192), 'rel': (-4, 0), 'buttons': (0, 0, 0), 'window': None})>
2020-01-21 21:04:44,854 - BDM-WAM 1579640675.125191 - INFO - <Event(4-MouseMotion {'pos': (527, 192), 'rel': (-2, 0), 'buttons': (0, 0, 0), 'window': None})>
2020-01-21 21:04:44,905 - BDM-WAM 1579640675.125191 - INFO - <Event(4-MouseMotion {'pos': (525, 192), 'rel': (-2, 0), 'buttons': (0, 0, 0), 'window': None})>
2020-01-21 21:04:44,922 - BDM-WAM 1579640675.125191 - INFO - <Event(4-MouseMotion {'pos': (523, 192), 'rel': (-2, 0), 'buttons': (0, 0, 0), 'window': None})>
2020-01-21 21:04:44,939 - BDM-WAM 1579640675.125191 - INFO - <Event(4-MouseMotion {'pos': (521, 192), 'rel': (-2, 0), 'buttons': (0, 0, 0), 'window': None})>
2020-01-21 21:04:44,956 - BDM-WAM 1579640675.125191 - INFO - <Event(4-MouseMotion {'pos': (521, 191), 'rel': (0, -1), 'buttons': (0, 0, 0), 'window': None})>
2020-01-21 21:04:45,160 - BDM-WAM 1579640675.125191 - INFO - <Event(4-MouseMotion {'pos': (509, 209), 'rel': (-12, 18), 'buttons': (0, 0, 0), 'window': None})>
2020-01-21 21:04:45,208 - BDM-WAM 1579640675.125191 - INFO - <Event(4-MouseMotion {'pos': (479, 258), 'rel': (-30, 49), 'buttons': (0, 0, 0), 'window': None})>
2020-01-21 21:04:45,335 - BDM-WAM 1579640675.125191 - INFO - <Event(4-MouseMotion {'pos': (479, 256), 'rel': (0, -2), 'buttons': (0, 0, 0), 'window': None})>
2020-01-21 21:04:45,351 - BDM-WAM 1579640675.125191 - INFO - <Event(4-MouseMotion {'pos': (481, 246), 'rel': (2, -10), 'buttons': (0, 0, 0), 'window': None})>
2020-01-21 21:04:45,367 - BDM-WAM 1579640675.125191 - INFO - <Event(4-MouseMotion {'pos': (481, 241), 'rel': (0, -5), 'buttons': (0, 0, 0), 'window': None})>
2020-01-21 21:04:45,485 - BDM-WAM 1579640675.125191 - INFO - <Event(4-MouseMotion {'pos': (519, 226), 'rel': (38, -15), 'buttons': (0, 0, 0), 'window': None})>
2020-01-21 21:04:45,502 - BDM-WAM 1579640675.125191 - INFO - <Event(4-MouseMotion {'pos': (601, 182), 'rel': (82, -44), 'buttons': (0, 0, 0), 'window': None})>
2020-01-21 21:04:45,519 - BDM-WAM 1579640675.125191 - INFO - <Event(4-MouseMotion {'pos': (653, 141), 'rel': (52, -41), 'buttons': (0, 0, 0), 'window': None})>
2020-01-21 21:04:45,536 - BDM-WAM 1579640675.125191 - INFO - <Event(4-MouseMotion {'pos': (681, 103), 'rel': (28, -38), 'buttons': (0, 0, 0), 'window': None})>
2020-01-21 21:04:45,553 - BDM-WAM 1579640675.125191 - INFO - <Event(4-MouseMotion {'pos': (691, 84), 'rel': (10, -19), 'buttons': (0, 0, 0), 'window': None})>
2020-01-21 21:04:45,569 - BDM-WAM 1579640675.125191 - INFO - <Event(4-MouseMotion {'pos': (693, 76), 'rel': (2, -8), 'buttons': (0, 0, 0), 'window': None})>
2020-01-21 21:04:45,603 - BDM-WAM 1579640675.125191 - INFO - <Event(4-MouseMotion {'pos': (693, 75), 'rel': (0, -1), 'buttons': (0, 0, 0), 'window': None})>
2020-01-21 21:04:45,620 - BDM-WAM 1579640675.125191 - INFO - <Event(4-MouseMotion {'pos': (693, 73), 'rel': (0, -2), 'buttons': (0, 0, 0), 'window': None})>
2020-01-21 21:04:45,637 - BDM-WAM 1579640675.125191 - INFO - <Event(4-MouseMotion {'pos': (694, 66), 'rel': (1, -7), 'buttons': (0, 0, 0), 'window': None})>
2020-01-21 21:04:45,654 - BDM-WAM 1579640675.125191 - INFO - <Event(4-MouseMotion {'pos': (695, 59), 'rel': (1, -7), 'buttons': (0, 0, 0), 'window': None})>
2020-01-21 21:04:45,677 - BDM-WAM 1579640675.125191 - INFO - <Event(4-MouseMotion {'pos': (697, 51), 'rel': (2, -8), 'buttons': (0, 0, 0), 'window': None})>
2020-01-21 21:04:45,688 - BDM-WAM 1579640675.125191 - INFO - <Event(4-MouseMotion {'pos': (699, 44), 'rel': (2, -7), 'buttons': (0, 0, 0), 'window': None})>
2020-01-21 21:04:45,705 - BDM-WAM 1579640675.125191 - INFO - <Event(4-MouseMotion {'pos': (700, 34), 'rel': (1, -10), 'buttons': (0, 0, 0), 'window': None})>
2020-01-21 21:04:45,722 - BDM-WAM 1579640675.125191 - INFO - <Event(4-MouseMotion {'pos': (700, 29), 'rel': (0, -5), 'buttons': (0, 0, 0), 'window': None})>
2020-01-21 21:04:45,756 - BDM-WAM 1579640675.125191 - INFO - <Event(4-MouseMotion {'pos': (699, 28), 'rel': (-1, -1), 'buttons': (0, 0, 0), 'window': None})>
2020-01-21 21:04:45,775 - BDM-WAM 1579640675.125191 - INFO - <Event(4-MouseMotion {'pos': (690, 28), 'rel': (-9, 0), 'buttons': (0, 0, 0), 'window': None})>
2020-01-21 21:04:45,791 - BDM-WAM 1579640675.125191 - INFO - <Event(4-MouseMotion {'pos': (680, 28), 'rel': (-10, 0), 'buttons': (0, 0, 0), 'window': None})>
2020-01-21 21:04:45,809 - BDM-WAM 1579640675.125191 - INFO - <Event(4-MouseMotion {'pos': (670, 32), 'rel': (-10, 4), 'buttons': (0, 0, 0), 'window': None})>
2020-01-21 21:04:45,825 - BDM-WAM 1579640675.125191 - INFO - <Event(4-MouseMotion {'pos': (667, 33), 'rel': (-3, 1), 'buttons': (0, 0, 0), 'window': None})>
2020-01-21 21:04:45,842 - BDM-WAM 1579640675.125191 - INFO - <Event(4-MouseMotion {'pos': (663, 35), 'rel': (-4, 2), 'buttons': (0, 0, 0), 'window': None})>
2020-01-21 21:04:45,859 - BDM-WAM 1579640675.125191 - INFO - <Event(4-MouseMotion {'pos': (660, 37), 'rel': (-3, 2), 'buttons': (0, 0, 0), 'window': None})>
2020-01-21 21:04:45,876 - BDM-WAM 1579640675.125191 - INFO - <Event(4-MouseMotion {'pos': (659, 38), 'rel': (-1, 1), 'buttons': (0, 0, 0), 'window': None})>
2020-01-21 21:04:46,029 - BDM-WAM 1579640675.125191 - INFO - <Event(5-MouseButtonDown {'pos': (659, 38), 'button': 1, 'window': None})>
2020-01-21 21:04:46,029 - BDM-WAM 1579640675.125191 - INFO - <Event(8-Pause {'reason': hit_conf })>
2020-01-21 21:04:46,542 - BDM-WAM 1579640675.125191 - INFO - <Event(7-Rate {'hit_conf': 2 })>
2020-01-21 21:04:46,706 - BDM-WAM 1579640675.125191 - INFO - <Event(7-Rate {'reward_conf': 2 })>
2020-01-21 21:04:46,885 - BDM-WAM 1579640675.125191 - INFO - <Event(7-Rate {'player_skill': 2 })>
2020-01-21 21:04:46,886 - BDM-WAM 1579640675.125191 - INFO - <Event(9.1-TrueHit {'pos': (659,38),'distance: 62.16912416947821,'relative_loc: (56, 27),'window': None})>
2020-01-21 21:04:46,886 - BDM-WAM 1579640675.125191 - INFO - <Event(11-Score {score_inc: 4,score: 8})>
2020-01-21 21:04:46,954 - BDM-WAM 1579640675.125191 - INFO - <Event(4-MouseMotion {'pos': (659, 40), 'rel': (0, 2), 'buttons': (0, 0, 0), 'window': None})>
2020-01-21 21:04:46,971 - BDM-WAM 1579640675.125191 - INFO - <Event(4-MouseMotion {'pos': (664, 102), 'rel': (5, 62), 'buttons': (0, 0, 0), 'window': None})>
2020-01-21 21:04:46,989 - BDM-WAM 1579640675.125191 - INFO - <Event(3-KeyUp {'key': 50, 'mod': 0, 'scancode': 3, 'window': None})>
2020-01-21 21:04:46,989 - BDM-WAM 1579640675.125191 - INFO - <Event(4-MouseMotion {'pos': (669, 166), 'rel': (5, 64), 'buttons': (0, 0, 0), 'window': None})>
2020-01-21 21:04:47,005 - BDM-WAM 1579640675.125191 - INFO - <Event(4-MouseMotion {'pos': (669, 193), 'rel': (0, 27), 'buttons': (0, 0, 0), 'window': None})>
2020-01-21 21:04:47,023 - BDM-WAM 1579640675.125191 - INFO - <Event(4-MouseMotion {'pos': (669, 207), 'rel': (0, 14), 'buttons': (0, 0, 0), 'window': None})>
2020-01-21 21:04:47,039 - BDM-WAM 1579640675.125191 - INFO - <Event(4-MouseMotion {'pos': (669, 208), 'rel': (0, 1), 'buttons': (0, 0, 0), 'window': None})>
2020-01-21 21:04:47,057 - BDM-WAM 1579640675.125191 - INFO - <Event(4-MouseMotion {'pos': (669, 209), 'rel': (0, 1), 'buttons': (0, 0, 0), 'window': None})>
2020-01-21 21:04:47,159 - BDM-WAM 1579640675.125191 - INFO - <Event(4-MouseMotion {'pos': (669, 214), 'rel': (0, 5), 'buttons': (0, 0, 0), 'window': None})>
2020-01-21 21:04:47,176 - BDM-WAM 1579640675.125191 - INFO - <Event(4-MouseMotion {'pos': (670, 216), 'rel': (1, 2), 'buttons': (0, 0, 0), 'window': None})>
2020-01-21 21:04:47,243 - BDM-WAM 1579640675.125191 - INFO - <Event(4-MouseMotion {'pos': (674, 222), 'rel': (4, 6), 'buttons': (0, 0, 0), 'window': None})>
2020-01-21 21:04:47,261 - BDM-WAM 1579640675.125191 - INFO - <Event(4-MouseMotion {'pos': (676, 224), 'rel': (2, 2), 'buttons': (0, 0, 0), 'window': None})>
2020-01-21 21:04:47,280 - BDM-WAM 1579640675.125191 - INFO - <Event(4-MouseMotion {'pos': (677, 225), 'rel': (1, 1), 'buttons': (0, 0, 0), 'window': None})>
2020-01-21 21:04:47,334 - BDM-WAM 1579640675.125191 - INFO - <Event(4-MouseMotion {'pos': (696, 277), 'rel': (19, 52), 'buttons': (0, 0, 0), 'window': None})>
2020-01-21 21:04:47,397 - BDM-WAM 1579640675.125191 - INFO - <Event(10-MoleUp) {'loc': (95,43)})>
2020-01-21 21:04:47,398 - BDM-WAM 1579640675.125191 - INFO - <Event(4-MouseMotion {'pos': (701, 300), 'rel': (5, 23), 'buttons': (0, 0, 0), 'window': None})>
2020-01-21 21:04:47,484 - BDM-WAM 1579640675.125191 - INFO - <Event(4-MouseMotion {'pos': (701, 302), 'rel': (0, 2), 'buttons': (0, 0, 0), 'window': None})>
2020-01-21 21:04:47,704 - BDM-WAM 1579640675.125191 - INFO - <Event(4-MouseMotion {'pos': (701, 300), 'rel': (0, -2), 'buttons': (0, 0, 0), 'window': None})>
2020-01-21 21:04:48,070 - BDM-WAM 1579640675.125191 - INFO - <Event(4-MouseMotion {'pos': (647, 206), 'rel': (-54, -94), 'buttons': (0, 0, 0), 'window': None})>
2020-01-21 21:04:48,088 - BDM-WAM 1579640675.125191 - INFO - <Event(4-MouseMotion {'pos': (632, 185), 'rel': (-15, -21), 'buttons': (0, 0, 0), 'window': None})>
2020-01-21 21:04:48,105 - BDM-WAM 1579640675.125191 - INFO - <Event(4-MouseMotion {'pos': (631, 185), 'rel': (-1, 0), 'buttons': (0, 0, 0), 'window': None})>
2020-01-21 21:04:48,141 - BDM-WAM 1579640675.125191 - INFO - <Event(4-MouseMotion {'pos': (620, 185), 'rel': (-11, 0), 'buttons': (0, 0, 0), 'window': None})>
2020-01-21 21:04:48,157 - BDM-WAM 1579640675.125191 - INFO - <Event(4-MouseMotion {'pos': (591, 182), 'rel': (-29, -3), 'buttons': (0, 0, 0), 'window': None})>
2020-01-21 21:04:48,174 - BDM-WAM 1579640675.125191 - INFO - <Event(4-MouseMotion {'pos': (556, 181), 'rel': (-35, -1), 'buttons': (0, 0, 0), 'window': None})>
2020-01-21 21:04:48,191 - BDM-WAM 1579640675.125191 - INFO - <Event(4-MouseMotion {'pos': (526, 177), 'rel': (-30, -4), 'buttons': (0, 0, 0), 'window': None})>
2020-01-21 21:04:48,208 - BDM-WAM 1579640675.125191 - INFO - <Event(4-MouseMotion {'pos': (489, 173), 'rel': (-37, -4), 'buttons': (0, 0, 0), 'window': None})>
2020-01-21 21:04:48,225 - BDM-WAM 1579640675.125191 - INFO - <Event(4-MouseMotion {'pos': (458, 169), 'rel': (-31, -4), 'buttons': (0, 0, 0), 'window': None})>
2020-01-21 21:04:48,242 - BDM-WAM 1579640675.125191 - INFO - <Event(4-MouseMotion {'pos': (438, 165), 'rel': (-20, -4), 'buttons': (0, 0, 0), 'window': None})>
2020-01-21 21:04:48,259 - BDM-WAM 1579640675.125191 - INFO - <Event(4-MouseMotion {'pos': (425, 162), 'rel': (-13, -3), 'buttons': (0, 0, 0), 'window': None})>
2020-01-21 21:04:48,276 - BDM-WAM 1579640675.125191 - INFO - <Event(4-MouseMotion {'pos': (406, 156), 'rel': (-19, -6), 'buttons': (0, 0, 0), 'window': None})>
2020-01-21 21:04:48,293 - BDM-WAM 1579640675.125191 - INFO - <Event(4-MouseMotion {'pos': (390, 149), 'rel': (-16, -7), 'buttons': (0, 0, 0), 'window': None})>
2020-01-21 21:04:48,310 - BDM-WAM 1579640675.125191 - INFO - <Event(4-MouseMotion {'pos': (371, 137), 'rel': (-19, -12), 'buttons': (0, 0, 0), 'window': None})>
2020-01-21 21:04:48,327 - BDM-WAM 1579640675.125191 - INFO - <Event(4-MouseMotion {'pos': (359, 129), 'rel': (-12, -8), 'buttons': (0, 0, 0), 'window': None})>
2020-01-21 21:04:48,344 - BDM-WAM 1579640675.125191 - INFO - <Event(4-MouseMotion {'pos': (358, 128), 'rel': (-1, -1), 'buttons': (0, 0, 0), 'window': None})>
2020-01-21 21:04:48,394 - BDM-WAM 1579640675.125191 - INFO - <Event(4-MouseMotion {'pos': (357, 128), 'rel': (-1, 0), 'buttons': (0, 0, 0), 'window': None})>
2020-01-21 21:04:48,411 - BDM-WAM 1579640675.125191 - INFO - <Event(4-MouseMotion {'pos': (347, 126), 'rel': (-10, -2), 'buttons': (0, 0, 0), 'window': None})>
2020-01-21 21:04:48,428 - BDM-WAM 1579640675.125191 - INFO - <Event(4-MouseMotion {'pos': (319, 123), 'rel': (-28, -3), 'buttons': (0, 0, 0), 'window': None})>
2020-01-21 21:04:48,445 - BDM-WAM 1579640675.125191 - INFO - <Event(4-MouseMotion {'pos': (282, 118), 'rel': (-37, -5), 'buttons': (0, 0, 0), 'window': None})>
2020-01-21 21:04:48,462 - BDM-WAM 1579640675.125191 - INFO - <Event(4-MouseMotion {'pos': (238, 113), 'rel': (-44, -5), 'buttons': (0, 0, 0), 'window': None})>
2020-01-21 21:04:48,479 - BDM-WAM 1579640675.125191 - INFO - <Event(4-MouseMotion {'pos': (182, 103), 'rel': (-56, -10), 'buttons': (0, 0, 0), 'window': None})>
2020-01-21 21:04:48,496 - BDM-WAM 1579640675.125191 - INFO - <Event(4-MouseMotion {'pos': (149, 95), 'rel': (-33, -8), 'buttons': (0, 0, 0), 'window': None})>
2020-01-21 21:04:48,516 - BDM-WAM 1579640675.125191 - INFO - <Event(4-MouseMotion {'pos': (141, 92), 'rel': (-8, -3), 'buttons': (0, 0, 0), 'window': None})>
2020-01-21 21:04:48,531 - BDM-WAM 1579640675.125191 - INFO - <Event(4-MouseMotion {'pos': (140, 92), 'rel': (-1, 0), 'buttons': (0, 0, 0), 'window': None})>
2020-01-21 21:04:48,719 - BDM-WAM 1579640675.125191 - INFO - <Event(5-MouseButtonDown {'pos': (140, 92), 'button': 1, 'window': None})>
2020-01-21 21:04:48,720 - BDM-WAM 1579640675.125191 - INFO - <Event(8-Pause {'reason': hit_conf })>
2020-01-21 21:04:48,911 - BDM-WAM 1579640675.125191 - INFO - <Event(7-Rate {'hit_conf': 3 })>
2020-01-21 21:04:49,089 - BDM-WAM 1579640675.125191 - INFO - <Event(7-Rate {'reward_conf': 3 })>
2020-01-21 21:04:49,243 - BDM-WAM 1579640675.125191 - INFO - <Event(7-Rate {'player_skill': 3 })>
2020-01-21 21:04:49,243 - BDM-WAM 1579640675.125191 - INFO - <Event(9.1-TrueHit {'pos': (140,92),'distance: 66.52818951391959,'relative_loc: (45, 49),'window': None})>
2020-01-21 21:04:49,243 - BDM-WAM 1579640675.125191 - INFO - <Event(11-Score {score_inc: 4,score: 12})>
2020-01-21 21:04:49,303 - BDM-WAM 1579640675.125191 - INFO - <Event(4-MouseMotion {'pos': (147, 95), 'rel': (7, 3), 'buttons': (0, 0, 0), 'window': None})>
2020-01-21 21:04:49,320 - BDM-WAM 1579640675.125191 - INFO - <Event(4-MouseMotion {'pos': (164, 107), 'rel': (17, 12), 'buttons': (0, 0, 0), 'window': None})>
2020-01-21 21:04:49,336 - BDM-WAM 1579640675.125191 - INFO - <Event(4-MouseMotion {'pos': (173, 113), 'rel': (9, 6), 'buttons': (0, 0, 0), 'window': None})>
2020-01-21 21:04:49,353 - BDM-WAM 1579640675.125191 - INFO - <Event(4-MouseMotion {'pos': (177, 117), 'rel': (4, 4), 'buttons': (0, 0, 0), 'window': None})>
2020-01-21 21:04:49,370 - BDM-WAM 1579640675.125191 - INFO - <Event(3-KeyUp {'key': 51, 'mod': 0, 'scancode': 4, 'window': None})>
2020-01-21 21:04:49,371 - BDM-WAM 1579640675.125191 - INFO - <Event(4-MouseMotion {'pos': (181, 123), 'rel': (4, 6), 'buttons': (0, 0, 0), 'window': None})>
2020-01-21 21:04:49,388 - BDM-WAM 1579640675.125191 - INFO - <Event(4-MouseMotion {'pos': (185, 138), 'rel': (4, 15), 'buttons': (0, 0, 0), 'window': None})>
2020-01-21 21:04:49,405 - BDM-WAM 1579640675.125191 - INFO - <Event(4-MouseMotion {'pos': (188, 152), 'rel': (3, 14), 'buttons': (0, 0, 0), 'window': None})>
2020-01-21 21:04:49,435 - BDM-WAM 1579640675.125191 - INFO - <Event(4-MouseMotion {'pos': (190, 171), 'rel': (2, 19), 'buttons': (0, 0, 0), 'window': None})>
2020-01-21 21:04:49,440 - BDM-WAM 1579640675.125191 - INFO - <Event(4-MouseMotion {'pos': (190, 174), 'rel': (0, 3), 'buttons': (0, 0, 0), 'window': None})>
2020-01-21 21:04:49,456 - BDM-WAM 1579640675.125191 - INFO - <Event(4-MouseMotion {'pos': (191, 178), 'rel': (1, 4), 'buttons': (0, 0, 0), 'window': None})>
2020-01-21 21:04:49,473 - BDM-WAM 1579640675.125191 - INFO - <Event(4-MouseMotion {'pos': (192, 179), 'rel': (1, 1), 'buttons': (0, 0, 0), 'window': None})>
2020-01-21 21:04:49,492 - BDM-WAM 1579640675.125191 - INFO - <Event(4-MouseMotion {'pos': (193, 181), 'rel': (1, 2), 'buttons': (0, 0, 0), 'window': None})>
2020-01-21 21:04:49,505 - BDM-WAM 1579640675.125191 - INFO - <Event(4-MouseMotion {'pos': (193, 182), 'rel': (0, 1), 'buttons': (0, 0, 0), 'window': None})>
2020-01-21 21:04:49,523 - BDM-WAM 1579640675.125191 - INFO - <Event(4-MouseMotion {'pos': (195, 185), 'rel': (2, 3), 'buttons': (0, 0, 0), 'window': None})>
2020-01-21 21:04:49,539 - BDM-WAM 1579640675.125191 - INFO - <Event(4-MouseMotion {'pos': (196, 190), 'rel': (1, 5), 'buttons': (0, 0, 0), 'window': None})>
2020-01-21 21:04:49,588 - BDM-WAM 1579640675.125191 - INFO - <Event(4-MouseMotion {'pos': (206, 212), 'rel': (10, 22), 'buttons': (0, 0, 0), 'window': None})>
2020-01-21 21:04:49,590 - BDM-WAM 1579640675.125191 - INFO - <Event(4-MouseMotion {'pos': (207, 213), 'rel': (1, 1), 'buttons': (0, 0, 0), 'window': None})>
2020-01-21 21:04:49,606 - BDM-WAM 1579640675.125191 - INFO - <Event(4-MouseMotion {'pos': (209, 216), 'rel': (2, 3), 'buttons': (0, 0, 0), 'window': None})>
2020-01-21 21:04:49,623 - BDM-WAM 1579640675.125191 - INFO - <Event(4-MouseMotion {'pos': (210, 218), 'rel': (1, 2), 'buttons': (0, 0, 0), 'window': None})>
2020-01-21 21:04:49,641 - BDM-WAM 1579640675.125191 - INFO - <Event(4-MouseMotion {'pos': (212, 222), 'rel': (2, 4), 'buttons': (0, 0, 0), 'window': None})>
2020-01-21 21:04:49,722 - BDM-WAM 1579640675.125191 - INFO - <Event(4-MouseMotion {'pos': (224, 259), 'rel': (12, 37), 'buttons': (0, 0, 0), 'window': None})>
2020-01-21 21:04:49,787 - BDM-WAM 1579640675.125191 - INFO - <Event(10-MoleUp) {'loc': (404,479)})>
2020-01-21 21:04:49,789 - BDM-WAM 1579640675.125191 - INFO - <Event(4-MouseMotion {'pos': (225, 264), 'rel': (1, 5), 'buttons': (0, 0, 0), 'window': None})>
2020-01-21 21:04:49,824 - BDM-WAM 1579640675.125191 - INFO - <Event(4-MouseMotion {'pos': (225, 265), 'rel': (0, 1), 'buttons': (0, 0, 0), 'window': None})>
2020-01-21 21:04:49,840 - BDM-WAM 1579640675.125191 - INFO - <Event(4-MouseMotion {'pos': (226, 265), 'rel': (1, 0), 'buttons': (0, 0, 0), 'window': None})>
2020-01-21 21:04:49,856 - BDM-WAM 1579640675.125191 - INFO - <Event(4-MouseMotion {'pos': (228, 266), 'rel': (2, 1), 'buttons': (0, 0, 0), 'window': None})>
2020-01-21 21:04:49,873 - BDM-WAM 1579640675.125191 - INFO - <Event(4-MouseMotion {'pos': (229, 266), 'rel': (1, 0), 'buttons': (0, 0, 0), 'window': None})>
2020-01-21 21:04:49,891 - BDM-WAM 1579640675.125191 - INFO - <Event(4-MouseMotion {'pos': (230, 267), 'rel': (1, 1), 'buttons': (0, 0, 0), 'window': None})>
2020-01-21 21:04:49,907 - BDM-WAM 1579640675.125191 - INFO - <Event(4-MouseMotion {'pos': (233, 267), 'rel': (3, 0), 'buttons': (0, 0, 0), 'window': None})>
2020-01-21 21:04:49,924 - BDM-WAM 1579640675.125191 - INFO - <Event(4-MouseMotion {'pos': (237, 266), 'rel': (4, -1), 'buttons': (0, 0, 0), 'window': None})>
2020-01-21 21:04:49,942 - BDM-WAM 1579640675.125191 - INFO - <Event(4-MouseMotion {'pos': (240, 265), 'rel': (3, -1), 'buttons': (0, 0, 0), 'window': None})>
2020-01-21 21:04:49,960 - BDM-WAM 1579640675.125191 - INFO - <Event(4-MouseMotion {'pos': (242, 263), 'rel': (2, -2), 'buttons': (0, 0, 0), 'window': None})>
2020-01-21 21:04:49,977 - BDM-WAM 1579640675.125191 - INFO - <Event(4-MouseMotion {'pos': (243, 263), 'rel': (1, 0), 'buttons': (0, 0, 0), 'window': None})>
2020-01-21 21:04:49,994 - BDM-WAM 1579640675.125191 - INFO - <Event(4-MouseMotion {'pos': (244, 263), 'rel': (1, 0), 'buttons': (0, 0, 0), 'window': None})>
2020-01-21 21:04:50,012 - BDM-WAM 1579640675.125191 - INFO - <Event(4-MouseMotion {'pos': (245, 261), 'rel': (1, -2), 'buttons': (0, 0, 0), 'window': None})>
2020-01-21 21:04:50,028 - BDM-WAM 1579640675.125191 - INFO - <Event(4-MouseMotion {'pos': (251, 251), 'rel': (6, -10), 'buttons': (0, 0, 0), 'window': None})>
2020-01-21 21:04:50,046 - BDM-WAM 1579640675.125191 - INFO - <Event(4-MouseMotion {'pos': (256, 228), 'rel': (5, -23), 'buttons': (0, 0, 0), 'window': None})>
2020-01-21 21:04:50,062 - BDM-WAM 1579640675.125191 - INFO - <Event(4-MouseMotion {'pos': (253, 208), 'rel': (-3, -20), 'buttons': (0, 0, 0), 'window': None})>
2020-01-21 21:04:50,079 - BDM-WAM 1579640675.125191 - INFO - <Event(4-MouseMotion {'pos': (240, 188), 'rel': (-13, -20), 'buttons': (0, 0, 0), 'window': None})>
2020-01-21 21:04:50,096 - BDM-WAM 1579640675.125191 - INFO - <Event(4-MouseMotion {'pos': (227, 174), 'rel': (-13, -14), 'buttons': (0, 0, 0), 'window': None})>
2020-01-21 21:04:50,113 - BDM-WAM 1579640675.125191 - INFO - <Event(4-MouseMotion {'pos': (222, 168), 'rel': (-5, -6), 'buttons': (0, 0, 0), 'window': None})>
2020-01-21 21:04:50,131 - BDM-WAM 1579640675.125191 - INFO - <Event(4-MouseMotion {'pos': (221, 168), 'rel': (-1, 0), 'buttons': (0, 0, 0), 'window': None})>
2020-01-21 21:04:50,317 - BDM-WAM 1579640675.125191 - INFO - <Event(4-MouseMotion {'pos': (221, 177), 'rel': (0, 9), 'buttons': (0, 0, 0), 'window': None})>
2020-01-21 21:04:50,336 - BDM-WAM 1579640675.125191 - INFO - <Event(4-MouseMotion {'pos': (220, 194), 'rel': (-1, 17), 'buttons': (0, 0, 0), 'window': None})>
2020-01-21 21:04:50,355 - BDM-WAM 1579640675.125191 - INFO - <Event(4-MouseMotion {'pos': (220, 197), 'rel': (0, 3), 'buttons': (0, 0, 0), 'window': None})>
2020-01-21 21:04:50,370 - BDM-WAM 1579640675.125191 - INFO - <Event(4-MouseMotion {'pos': (220, 198), 'rel': (0, 1), 'buttons': (0, 0, 0), 'window': None})>
2020-01-21 21:04:50,569 - BDM-WAM 1579640675.125191 - INFO - <Event(4-MouseMotion {'pos': (219, 201), 'rel': (-1, 3), 'buttons': (0, 0, 0), 'window': None})>
2020-01-21 21:04:50,585 - BDM-WAM 1579640675.125191 - INFO - <Event(4-MouseMotion {'pos': (212, 221), 'rel': (-7, 20), 'buttons': (0, 0, 0), 'window': None})>
2020-01-21 21:04:50,602 - BDM-WAM 1579640675.125191 - INFO - <Event(4-MouseMotion {'pos': (211, 243), 'rel': (-1, 22), 'buttons': (0, 0, 0), 'window': None})>
2020-01-21 21:04:50,629 - BDM-WAM 1579640675.125191 - INFO - <Event(4-MouseMotion {'pos': (239, 315), 'rel': (28, 72), 'buttons': (0, 0, 0), 'window': None})>
2020-01-21 21:04:50,639 - BDM-WAM 1579640675.125191 - INFO - <Event(4-MouseMotion {'pos': (274, 367), 'rel': (35, 52), 'buttons': (0, 0, 0), 'window': None})>
2020-01-21 21:04:50,656 - BDM-WAM 1579640675.125191 - INFO - <Event(4-MouseMotion {'pos': (320, 442), 'rel': (46, 75), 'buttons': (0, 0, 0), 'window': None})>
2020-01-21 21:04:50,674 - BDM-WAM 1579640675.125191 - INFO - <Event(4-MouseMotion {'pos': (343, 479), 'rel': (23, 37), 'buttons': (0, 0, 0), 'window': None})>
2020-01-21 21:04:50,689 - BDM-WAM 1579640675.125191 - INFO - <Event(4-MouseMotion {'pos': (343, 480), 'rel': (0, 1), 'buttons': (0, 0, 0), 'window': None})>
2020-01-21 21:04:50,841 - BDM-WAM 1579640675.125191 - INFO - <Event(4-MouseMotion {'pos': (344, 481), 'rel': (1, 1), 'buttons': (0, 0, 0), 'window': None})>
2020-01-21 21:04:50,857 - BDM-WAM 1579640675.125191 - INFO - <Event(4-MouseMotion {'pos': (345, 485), 'rel': (1, 4), 'buttons': (0, 0, 0), 'window': None})>
2020-01-21 21:04:50,874 - BDM-WAM 1579640675.125191 - INFO - <Event(4-MouseMotion {'pos': (349, 490), 'rel': (4, 5), 'buttons': (0, 0, 0), 'window': None})>
2020-01-21 21:04:50,891 - BDM-WAM 1579640675.125191 - INFO - <Event(4-MouseMotion {'pos': (358, 497), 'rel': (9, 7), 'buttons': (0, 0, 0), 'window': None})>
2020-01-21 21:04:50,908 - BDM-WAM 1579640675.125191 - INFO - <Event(4-MouseMotion {'pos': (384, 510), 'rel': (26, 13), 'buttons': (0, 0, 0), 'window': None})>
2020-01-21 21:04:50,925 - BDM-WAM 1579640675.125191 - INFO - <Event(4-MouseMotion {'pos': (429, 520), 'rel': (45, 10), 'buttons': (0, 0, 0), 'window': None})>
2020-01-21 21:04:50,943 - BDM-WAM 1579640675.125191 - INFO - <Event(4-MouseMotion {'pos': (449, 522), 'rel': (20, 2), 'buttons': (0, 0, 0), 'window': None})>
2020-01-21 21:04:50,960 - BDM-WAM 1579640675.125191 - INFO - <Event(4-MouseMotion {'pos': (454, 521), 'rel': (5, -1), 'buttons': (0, 0, 0), 'window': None})>
2020-01-21 21:04:50,977 - BDM-WAM 1579640675.125191 - INFO - <Event(4-MouseMotion {'pos': (456, 520), 'rel': (2, -1), 'buttons': (0, 0, 0), 'window': None})>
2020-01-21 21:04:51,079 - BDM-WAM 1579640675.125191 - INFO - <Event(4-MouseMotion {'pos': (457, 520), 'rel': (1, 0), 'buttons': (0, 0, 0), 'window': None})>
2020-01-21 21:04:51,096 - BDM-WAM 1579640675.125191 - INFO - <Event(4-MouseMotion {'pos': (459, 519), 'rel': (2, -1), 'buttons': (0, 0, 0), 'window': None})>
2020-01-21 21:04:51,112 - BDM-WAM 1579640675.125191 - INFO - <Event(4-MouseMotion {'pos': (462, 517), 'rel': (3, -2), 'buttons': (0, 0, 0), 'window': None})>
2020-01-21 21:04:51,129 - BDM-WAM 1579640675.125191 - INFO - <Event(4-MouseMotion {'pos': (463, 517), 'rel': (1, 0), 'buttons': (0, 0, 0), 'window': None})>
2020-01-21 21:04:51,181 - BDM-WAM 1579640675.125191 - INFO - <Event(5-MouseButtonDown {'pos': (463, 517), 'button': 1, 'window': None})>
2020-01-21 21:04:51,181 - BDM-WAM 1579640675.125191 - INFO - <Event(8-Pause {'reason': hit_conf })>
2020-01-21 21:04:51,367 - BDM-WAM 1579640675.125191 - INFO - <Event(7-Rate {'hit_conf': 3 })>
2020-01-21 21:04:51,530 - BDM-WAM 1579640675.125191 - INFO - <Event(7-Rate {'reward_conf': 3 })>
2020-01-21 21:04:51,702 - BDM-WAM 1579640675.125191 - INFO - <Event(7-Rate {'player_skill': 3 })>
2020-01-21 21:04:51,702 - BDM-WAM 1579640675.125191 - INFO - <Event(9.1-TrueHit {'pos': (463,517),'distance: 70.178344238091,'relative_loc: (59, 38),'window': None})>
2020-01-21 21:04:51,703 - BDM-WAM 1579640675.125191 - INFO - <Event(11-Score {score_inc: 5,score: 17})>
2020-01-21 21:04:51,703 - BDM-WAM 1579640675.125191 - INFO - <Event(8-Pause {'reason': stage })>
