2019-11-25 13:06:18,518 - BDM-WAM 1574687178.413433 - INFO - <Event(17-VideoExpose {})>
2019-11-25 13:06:20,003 - BDM-WAM 1574687178.413433 - INFO - <Event(1-ActiveEvent {'state': 1, 'gain': 0})>
2019-11-25 13:06:20,003 - BDM-WAM 1574687178.413433 - INFO - <Event(4-MouseMotion {'pos': (386, 497), 'window': None, 'buttons': (0, 0, 0), 'rel': (387, 498)})>
2019-11-25 13:06:20,034 - BDM-WAM 1574687178.413433 - INFO - <Event(10-MoleUp) {'loc': (404,479)})>
2019-11-25 13:06:20,087 - BDM-WAM 1574687178.413433 - INFO - <Event(3-KeyUp {'mod': 0, 'scancode': 46, 'key': 99, 'window': None})>
2019-11-25 13:06:20,534 - BDM-WAM 1574687178.413433 - INFO - <Event(4-MouseMotion {'pos': (485, 522), 'window': None, 'buttons': (0, 0, 0), 'rel': (1, 14)})>
2019-11-25 13:06:20,551 - BDM-WAM 1574687178.413433 - INFO - <Event(4-MouseMotion {'pos': (487, 551), 'window': None, 'buttons': (0, 0, 0), 'rel': (2, 29)})>
2019-11-25 13:06:20,568 - BDM-WAM 1574687178.413433 - INFO - <Event(4-MouseMotion {'pos': (488, 597), 'window': None, 'buttons': (0, 0, 0), 'rel': (1, 46)})>
2019-11-25 13:06:20,585 - BDM-WAM 1574687178.413433 - INFO - <Event(4-MouseMotion {'pos': (486, 623), 'window': None, 'buttons': (0, 0, 0), 'rel': (-2, 26)})>
2019-11-25 13:06:20,602 - BDM-WAM 1574687178.413433 - INFO - <Event(4-MouseMotion {'pos': (483, 635), 'window': None, 'buttons': (0, 0, 0), 'rel': (-3, 12)})>
2019-11-25 13:06:20,619 - BDM-WAM 1574687178.413433 - INFO - <Event(4-MouseMotion {'pos': (483, 641), 'window': None, 'buttons': (0, 0, 0), 'rel': (0, 6)})>
2019-11-25 13:06:20,637 - BDM-WAM 1574687178.413433 - INFO - <Event(4-MouseMotion {'pos': (481, 644), 'window': None, 'buttons': (0, 0, 0), 'rel': (-2, 3)})>
2019-11-25 13:06:20,653 - BDM-WAM 1574687178.413433 - INFO - <Event(4-MouseMotion {'pos': (479, 647), 'window': None, 'buttons': (0, 0, 0), 'rel': (-2, 3)})>
2019-11-25 13:06:20,671 - BDM-WAM 1574687178.413433 - INFO - <Event(4-MouseMotion {'pos': (475, 649), 'window': None, 'buttons': (0, 0, 0), 'rel': (-4, 2)})>
2019-11-25 13:06:20,688 - BDM-WAM 1574687178.413433 - INFO - <Event(4-MouseMotion {'pos': (464, 650), 'window': None, 'buttons': (0, 0, 0), 'rel': (-11, 1)})>
2019-11-25 13:06:20,705 - BDM-WAM 1574687178.413433 - INFO - <Event(4-MouseMotion {'pos': (456, 650), 'window': None, 'buttons': (0, 0, 0), 'rel': (-8, 0)})>
2019-11-25 13:06:20,722 - BDM-WAM 1574687178.413433 - INFO - <Event(4-MouseMotion {'pos': (447, 646), 'window': None, 'buttons': (0, 0, 0), 'rel': (-9, -4)})>
2019-11-25 13:06:20,739 - BDM-WAM 1574687178.413433 - INFO - <Event(4-MouseMotion {'pos': (443, 643), 'window': None, 'buttons': (0, 0, 0), 'rel': (-4, -3)})>
2019-11-25 13:06:20,755 - BDM-WAM 1574687178.413433 - INFO - <Event(4-MouseMotion {'pos': (440, 639), 'window': None, 'buttons': (0, 0, 0), 'rel': (-3, -4)})>
2019-11-25 13:06:20,773 - BDM-WAM 1574687178.413433 - INFO - <Event(4-MouseMotion {'pos': (438, 629), 'window': None, 'buttons': (0, 0, 0), 'rel': (-2, -10)})>
2019-11-25 13:06:20,789 - BDM-WAM 1574687178.413433 - INFO - <Event(4-MouseMotion {'pos': (439, 615), 'window': None, 'buttons': (0, 0, 0), 'rel': (1, -14)})>
2019-11-25 13:06:20,807 - BDM-WAM 1574687178.413433 - INFO - <Event(4-MouseMotion {'pos': (446, 598), 'window': None, 'buttons': (0, 0, 0), 'rel': (7, -17)})>
2019-11-25 13:06:20,824 - BDM-WAM 1574687178.413433 - INFO - <Event(4-MouseMotion {'pos': (453, 587), 'window': None, 'buttons': (0, 0, 0), 'rel': (7, -11)})>
2019-11-25 13:06:20,841 - BDM-WAM 1574687178.413433 - INFO - <Event(4-MouseMotion {'pos': (459, 578), 'window': None, 'buttons': (0, 0, 0), 'rel': (6, -9)})>
2019-11-25 13:06:20,857 - BDM-WAM 1574687178.413433 - INFO - <Event(4-MouseMotion {'pos': (463, 573), 'window': None, 'buttons': (0, 0, 0), 'rel': (4, -5)})>
2019-11-25 13:06:20,875 - BDM-WAM 1574687178.413433 - INFO - <Event(4-MouseMotion {'pos': (467, 567), 'window': None, 'buttons': (0, 0, 0), 'rel': (4, -6)})>
2019-11-25 13:06:20,892 - BDM-WAM 1574687178.413433 - INFO - <Event(4-MouseMotion {'pos': (467, 566), 'window': None, 'buttons': (0, 0, 0), 'rel': (0, -1)})>
2019-11-25 13:06:20,909 - BDM-WAM 1574687178.413433 - INFO - <Event(4-MouseMotion {'pos': (468, 564), 'window': None, 'buttons': (0, 0, 0), 'rel': (1, -2)})>
2019-11-25 13:06:20,925 - BDM-WAM 1574687178.413433 - INFO - <Event(4-MouseMotion {'pos': (469, 563), 'window': None, 'buttons': (0, 0, 0), 'rel': (1, -1)})>
2019-11-25 13:06:21,027 - BDM-WAM 1574687178.413433 - INFO - <Event(5-MouseButtonDown {'pos': (469, 563), 'button': 1, 'window': None})>
2019-11-25 13:06:21,028 - BDM-WAM 1574687178.413433 - INFO - <Event(8-Pause {'reason': <bound method GameManager.pause of <game.GameManager object at 0x00000234FFEB49E8>> })>
2019-11-25 13:06:21,583 - BDM-WAM 1574687178.413433 - INFO - <Event(7-Rate {'hit_conf': 2 })>
2019-11-25 13:06:21,754 - BDM-WAM 1574687178.413433 - INFO - <Event(7-Rate {'reward_conf': 2 })>
2019-11-25 13:06:21,872 - BDM-WAM 1574687178.413433 - INFO - <Event(7-Rate {'player_skill': 2 })>
2019-11-25 13:06:21,872 - BDM-WAM 1574687178.413433 - INFO - <Event(9.4-True Miss {'pos': (469,563),'distance: 106.21205204683694,'relative_loc: (65, 84),'window': None})>
2019-11-25 13:06:21,985 - BDM-WAM 1574687178.413433 - INFO - <Event(3-KeyUp {'mod': 0, 'scancode': 3, 'key': 50, 'window': None})>
2019-11-25 13:06:22,134 - BDM-WAM 1574687178.413433 - INFO - <Event(4-MouseMotion {'pos': (449, 457), 'window': None, 'buttons': (0, 0, 0), 'rel': (-2, -38)})>
2019-11-25 13:06:22,165 - BDM-WAM 1574687178.413433 - INFO - <Event(10-MoleUp) {'loc': (464,119)})>
2019-11-25 13:06:22,167 - BDM-WAM 1574687178.413433 - INFO - <Event(4-MouseMotion {'pos': (440, 345), 'window': None, 'buttons': (0, 0, 0), 'rel': (-9, -112)})>
2019-11-25 13:06:22,184 - BDM-WAM 1574687178.413433 - INFO - <Event(4-MouseMotion {'pos': (435, 277), 'window': None, 'buttons': (0, 0, 0), 'rel': (-5, -68)})>
2019-11-25 13:06:22,201 - BDM-WAM 1574687178.413433 - INFO - <Event(4-MouseMotion {'pos': (435, 192), 'window': None, 'buttons': (0, 0, 0), 'rel': (0, -85)})>
2019-11-25 13:06:22,218 - BDM-WAM 1574687178.413433 - INFO - <Event(4-MouseMotion {'pos': (435, 167), 'window': None, 'buttons': (0, 0, 0), 'rel': (0, -25)})>
2019-11-25 13:06:22,236 - BDM-WAM 1574687178.413433 - INFO - <Event(4-MouseMotion {'pos': (435, 160), 'window': None, 'buttons': (0, 0, 0), 'rel': (0, -7)})>
2019-11-25 13:06:22,490 - BDM-WAM 1574687178.413433 - INFO - <Event(4-MouseMotion {'pos': (432, 163), 'window': None, 'buttons': (0, 0, 0), 'rel': (-3, 3)})>
2019-11-25 13:06:22,507 - BDM-WAM 1574687178.413433 - INFO - <Event(4-MouseMotion {'pos': (418, 171), 'window': None, 'buttons': (0, 0, 0), 'rel': (-14, 8)})>
2019-11-25 13:06:22,524 - BDM-WAM 1574687178.413433 - INFO - <Event(4-MouseMotion {'pos': (405, 172), 'window': None, 'buttons': (0, 0, 0), 'rel': (-13, 1)})>
2019-11-25 13:06:22,542 - BDM-WAM 1574687178.413433 - INFO - <Event(4-MouseMotion {'pos': (385, 167), 'window': None, 'buttons': (0, 0, 0), 'rel': (-20, -5)})>
2019-11-25 13:06:22,559 - BDM-WAM 1574687178.413433 - INFO - <Event(4-MouseMotion {'pos': (364, 156), 'window': None, 'buttons': (0, 0, 0), 'rel': (-21, -11)})>
2019-11-25 13:06:22,576 - BDM-WAM 1574687178.413433 - INFO - <Event(4-MouseMotion {'pos': (347, 143), 'window': None, 'buttons': (0, 0, 0), 'rel': (-17, -13)})>
2019-11-25 13:06:22,593 - BDM-WAM 1574687178.413433 - INFO - <Event(4-MouseMotion {'pos': (332, 127), 'window': None, 'buttons': (0, 0, 0), 'rel': (-15, -16)})>
2019-11-25 13:06:22,640 - BDM-WAM 1574687178.413433 - INFO - <Event(4-MouseMotion {'pos': (319, 105), 'window': None, 'buttons': (0, 0, 0), 'rel': (-13, -22)})>
2019-11-25 13:06:22,658 - BDM-WAM 1574687178.413433 - INFO - <Event(4-MouseMotion {'pos': (319, 102), 'window': None, 'buttons': (0, 0, 0), 'rel': (0, -3)})>
2019-11-25 13:06:22,674 - BDM-WAM 1574687178.413433 - INFO - <Event(4-MouseMotion {'pos': (319, 99), 'window': None, 'buttons': (0, 0, 0), 'rel': (0, -3)})>
2019-11-25 13:06:22,692 - BDM-WAM 1574687178.413433 - INFO - <Event(4-MouseMotion {'pos': (323, 96), 'window': None, 'buttons': (0, 0, 0), 'rel': (4, -3)})>
2019-11-25 13:06:22,709 - BDM-WAM 1574687178.413433 - INFO - <Event(4-MouseMotion {'pos': (331, 96), 'window': None, 'buttons': (0, 0, 0), 'rel': (8, 0)})>
2019-11-25 13:06:22,757 - BDM-WAM 1574687178.413433 - INFO - <Event(4-MouseMotion {'pos': (359, 113), 'window': None, 'buttons': (0, 0, 0), 'rel': (28, 17)})>
2019-11-25 13:06:22,776 - BDM-WAM 1574687178.413433 - INFO - <Event(4-MouseMotion {'pos': (378, 129), 'window': None, 'buttons': (0, 0, 0), 'rel': (19, 16)})>
2019-11-25 13:06:22,792 - BDM-WAM 1574687178.413433 - INFO - <Event(4-MouseMotion {'pos': (393, 139), 'window': None, 'buttons': (0, 0, 0), 'rel': (15, 10)})>
2019-11-25 13:06:22,809 - BDM-WAM 1574687178.413433 - INFO - <Event(4-MouseMotion {'pos': (408, 148), 'window': None, 'buttons': (0, 0, 0), 'rel': (15, 9)})>
2019-11-25 13:06:22,858 - BDM-WAM 1574687178.413433 - INFO - <Event(4-MouseMotion {'pos': (436, 158), 'window': None, 'buttons': (0, 0, 0), 'rel': (28, 10)})>
2019-11-25 13:06:22,868 - BDM-WAM 1574687178.413433 - INFO - <Event(4-MouseMotion {'pos': (441, 159), 'window': None, 'buttons': (0, 0, 0), 'rel': (5, 1)})>
2019-11-25 13:06:22,885 - BDM-WAM 1574687178.413433 - INFO - <Event(4-MouseMotion {'pos': (444, 159), 'window': None, 'buttons': (0, 0, 0), 'rel': (3, 0)})>
2019-11-25 13:06:22,902 - BDM-WAM 1574687178.413433 - INFO - <Event(4-MouseMotion {'pos': (446, 159), 'window': None, 'buttons': (0, 0, 0), 'rel': (2, 0)})>
2019-11-25 13:06:22,919 - BDM-WAM 1574687178.413433 - INFO - <Event(4-MouseMotion {'pos': (447, 159), 'window': None, 'buttons': (0, 0, 0), 'rel': (1, 0)})>
2019-11-25 13:06:22,952 - BDM-WAM 1574687178.413433 - INFO - <Event(4-MouseMotion {'pos': (450, 159), 'window': None, 'buttons': (0, 0, 0), 'rel': (3, 0)})>
2019-11-25 13:06:22,969 - BDM-WAM 1574687178.413433 - INFO - <Event(4-MouseMotion {'pos': (453, 157), 'window': None, 'buttons': (0, 0, 0), 'rel': (3, -2)})>
2019-11-25 13:06:22,986 - BDM-WAM 1574687178.413433 - INFO - <Event(4-MouseMotion {'pos': (461, 153), 'window': None, 'buttons': (0, 0, 0), 'rel': (8, -4)})>
2019-11-25 13:06:23,003 - BDM-WAM 1574687178.413433 - INFO - <Event(4-MouseMotion {'pos': (471, 147), 'window': None, 'buttons': (0, 0, 0), 'rel': (10, -6)})>
2019-11-25 13:06:23,020 - BDM-WAM 1574687178.413433 - INFO - <Event(4-MouseMotion {'pos': (478, 145), 'window': None, 'buttons': (0, 0, 0), 'rel': (7, -2)})>
2019-11-25 13:06:23,037 - BDM-WAM 1574687178.413433 - INFO - <Event(4-MouseMotion {'pos': (485, 142), 'window': None, 'buttons': (0, 0, 0), 'rel': (7, -3)})>
2019-11-25 13:06:23,054 - BDM-WAM 1574687178.413433 - INFO - <Event(4-MouseMotion {'pos': (487, 142), 'window': None, 'buttons': (0, 0, 0), 'rel': (2, 0)})>
2019-11-25 13:06:23,070 - BDM-WAM 1574687178.413433 - INFO - <Event(4-MouseMotion {'pos': (489, 142), 'window': None, 'buttons': (0, 0, 0), 'rel': (2, 0)})>
2019-11-25 13:06:23,088 - BDM-WAM 1574687178.413433 - INFO - <Event(4-MouseMotion {'pos': (491, 142), 'window': None, 'buttons': (0, 0, 0), 'rel': (2, 0)})>
2019-11-25 13:06:23,105 - BDM-WAM 1574687178.413433 - INFO - <Event(4-MouseMotion {'pos': (495, 143), 'window': None, 'buttons': (0, 0, 0), 'rel': (4, 1)})>
2019-11-25 13:06:23,122 - BDM-WAM 1574687178.413433 - INFO - <Event(4-MouseMotion {'pos': (498, 146), 'window': None, 'buttons': (0, 0, 0), 'rel': (3, 3)})>
2019-11-25 13:06:23,139 - BDM-WAM 1574687178.413433 - INFO - <Event(4-MouseMotion {'pos': (501, 150), 'window': None, 'buttons': (0, 0, 0), 'rel': (3, 4)})>
2019-11-25 13:06:23,156 - BDM-WAM 1574687178.413433 - INFO - <Event(4-MouseMotion {'pos': (506, 158), 'window': None, 'buttons': (0, 0, 0), 'rel': (5, 8)})>
2019-11-25 13:06:23,258 - BDM-WAM 1574687178.413433 - INFO - <Event(5-MouseButtonDown {'pos': (506, 158), 'button': 1, 'window': None})>
2019-11-25 13:06:23,258 - BDM-WAM 1574687178.413433 - INFO - <Event(8-Pause {'reason': <bound method GameManager.pause of <game.GameManager object at 0x00000234FFEB49E8>> })>
2019-11-25 13:06:23,517 - BDM-WAM 1574687178.413433 - INFO - <Event(7-Rate {'hit_conf': 2 })>
2019-11-25 13:06:23,702 - BDM-WAM 1574687178.413433 - INFO - <Event(7-Rate {'reward_conf': 2 })>
2019-11-25 13:06:23,866 - BDM-WAM 1574687178.413433 - INFO - <Event(7-Rate {'player_skill': 2 })>
2019-11-25 13:06:23,867 - BDM-WAM 1574687178.413433 - INFO - <Event(9.1-True Hit {'pos': (506,158),'distance: 57.3149195236284,'relative_loc: (42, 39),'window': None})>
2019-11-25 13:06:23,961 - BDM-WAM 1574687178.413433 - INFO - <Event(3-KeyUp {'mod': 0, 'scancode': 3, 'key': 50, 'window': None})>
2019-11-25 13:06:24,392 - BDM-WAM 1574687178.413433 - INFO - <Event(10-MoleUp) {'loc': (381,295)})>
2019-11-25 13:06:24,448 - BDM-WAM 1574687178.413433 - INFO - <Event(4-MouseMotion {'pos': (496, 164), 'window': None, 'buttons': (0, 0, 0), 'rel': (-10, 6)})>
2019-11-25 13:06:24,465 - BDM-WAM 1574687178.413433 - INFO - <Event(4-MouseMotion {'pos': (478, 173), 'window': None, 'buttons': (0, 0, 0), 'rel': (-18, 9)})>
2019-11-25 13:06:24,481 - BDM-WAM 1574687178.413433 - INFO - <Event(4-MouseMotion {'pos': (463, 176), 'window': None, 'buttons': (0, 0, 0), 'rel': (-15, 3)})>
2019-11-25 13:06:24,498 - BDM-WAM 1574687178.413433 - INFO - <Event(4-MouseMotion {'pos': (452, 176), 'window': None, 'buttons': (0, 0, 0), 'rel': (-11, 0)})>
2019-11-25 13:06:24,515 - BDM-WAM 1574687178.413433 - INFO - <Event(4-MouseMotion {'pos': (447, 175), 'window': None, 'buttons': (0, 0, 0), 'rel': (-5, -1)})>
2019-11-25 13:06:24,532 - BDM-WAM 1574687178.413433 - INFO - <Event(4-MouseMotion {'pos': (440, 171), 'window': None, 'buttons': (0, 0, 0), 'rel': (-7, -4)})>
2019-11-25 13:06:24,549 - BDM-WAM 1574687178.413433 - INFO - <Event(4-MouseMotion {'pos': (436, 164), 'window': None, 'buttons': (0, 0, 0), 'rel': (-4, -7)})>
2019-11-25 13:06:24,567 - BDM-WAM 1574687178.413433 - INFO - <Event(4-MouseMotion {'pos': (435, 158), 'window': None, 'buttons': (0, 0, 0), 'rel': (-1, -6)})>
2019-11-25 13:06:24,584 - BDM-WAM 1574687178.413433 - INFO - <Event(4-MouseMotion {'pos': (433, 151), 'window': None, 'buttons': (0, 0, 0), 'rel': (-2, -7)})>
2019-11-25 13:06:24,600 - BDM-WAM 1574687178.413433 - INFO - <Event(4-MouseMotion {'pos': (433, 148), 'window': None, 'buttons': (0, 0, 0), 'rel': (0, -3)})>
2019-11-25 13:06:24,617 - BDM-WAM 1574687178.413433 - INFO - <Event(4-MouseMotion {'pos': (433, 146), 'window': None, 'buttons': (0, 0, 0), 'rel': (0, -2)})>
2019-11-25 13:06:24,634 - BDM-WAM 1574687178.413433 - INFO - <Event(4-MouseMotion {'pos': (433, 143), 'window': None, 'buttons': (0, 0, 0), 'rel': (0, -3)})>
2019-11-25 13:06:24,650 - BDM-WAM 1574687178.413433 - INFO - <Event(4-MouseMotion {'pos': (435, 142), 'window': None, 'buttons': (0, 0, 0), 'rel': (2, -1)})>
2019-11-25 13:06:24,668 - BDM-WAM 1574687178.413433 - INFO - <Event(4-MouseMotion {'pos': (448, 143), 'window': None, 'buttons': (0, 0, 0), 'rel': (13, 1)})>
2019-11-25 13:06:24,684 - BDM-WAM 1574687178.413433 - INFO - <Event(4-MouseMotion {'pos': (467, 151), 'window': None, 'buttons': (0, 0, 0), 'rel': (19, 8)})>
2019-11-25 13:06:24,702 - BDM-WAM 1574687178.413433 - INFO - <Event(4-MouseMotion {'pos': (482, 163), 'window': None, 'buttons': (0, 0, 0), 'rel': (15, 12)})>
2019-11-25 13:06:24,718 - BDM-WAM 1574687178.413433 - INFO - <Event(4-MouseMotion {'pos': (491, 174), 'window': None, 'buttons': (0, 0, 0), 'rel': (9, 11)})>
2019-11-25 13:06:24,735 - BDM-WAM 1574687178.413433 - INFO - <Event(4-MouseMotion {'pos': (498, 189), 'window': None, 'buttons': (0, 0, 0), 'rel': (7, 15)})>
2019-11-25 13:06:24,753 - BDM-WAM 1574687178.413433 - INFO - <Event(4-MouseMotion {'pos': (496, 219), 'window': None, 'buttons': (0, 0, 0), 'rel': (-2, 30)})>
2019-11-25 13:06:24,771 - BDM-WAM 1574687178.413433 - INFO - <Event(4-MouseMotion {'pos': (489, 232), 'window': None, 'buttons': (0, 0, 0), 'rel': (-7, 13)})>
2019-11-25 13:06:24,787 - BDM-WAM 1574687178.413433 - INFO - <Event(4-MouseMotion {'pos': (470, 248), 'window': None, 'buttons': (0, 0, 0), 'rel': (-19, 16)})>
2019-11-25 13:06:24,835 - BDM-WAM 1574687178.413433 - INFO - <Event(4-MouseMotion {'pos': (353, 262), 'window': None, 'buttons': (0, 0, 0), 'rel': (-117, 14)})>
2019-11-25 13:06:24,838 - BDM-WAM 1574687178.413433 - INFO - <Event(4-MouseMotion {'pos': (340, 258), 'window': None, 'buttons': (0, 0, 0), 'rel': (-13, -4)})>
2019-11-25 13:06:24,854 - BDM-WAM 1574687178.413433 - INFO - <Event(4-MouseMotion {'pos': (318, 249), 'window': None, 'buttons': (0, 0, 0), 'rel': (-22, -9)})>
2019-11-25 13:06:24,870 - BDM-WAM 1574687178.413433 - INFO - <Event(4-MouseMotion {'pos': (304, 242), 'window': None, 'buttons': (0, 0, 0), 'rel': (-14, -7)})>
2019-11-25 13:06:24,887 - BDM-WAM 1574687178.413433 - INFO - <Event(4-MouseMotion {'pos': (299, 239), 'window': None, 'buttons': (0, 0, 0), 'rel': (-5, -3)})>
2019-11-25 13:06:24,904 - BDM-WAM 1574687178.413433 - INFO - <Event(4-MouseMotion {'pos': (297, 237), 'window': None, 'buttons': (0, 0, 0), 'rel': (-2, -2)})>
2019-11-25 13:06:24,952 - BDM-WAM 1574687178.413433 - INFO - <Event(4-MouseMotion {'pos': (350, 214), 'window': None, 'buttons': (0, 0, 0), 'rel': (53, -23)})>
2019-11-25 13:06:24,970 - BDM-WAM 1574687178.413433 - INFO - <Event(4-MouseMotion {'pos': (371, 216), 'window': None, 'buttons': (0, 0, 0), 'rel': (21, 2)})>
2019-11-25 13:06:24,987 - BDM-WAM 1574687178.413433 - INFO - <Event(4-MouseMotion {'pos': (383, 223), 'window': None, 'buttons': (0, 0, 0), 'rel': (12, 7)})>
2019-11-25 13:06:25,005 - BDM-WAM 1574687178.413433 - INFO - <Event(4-MouseMotion {'pos': (388, 231), 'window': None, 'buttons': (0, 0, 0), 'rel': (5, 8)})>
2019-11-25 13:06:25,021 - BDM-WAM 1574687178.413433 - INFO - <Event(4-MouseMotion {'pos': (393, 239), 'window': None, 'buttons': (0, 0, 0), 'rel': (5, 8)})>
2019-11-25 13:06:25,068 - BDM-WAM 1574687178.413433 - INFO - <Event(4-MouseMotion {'pos': (395, 259), 'window': None, 'buttons': (0, 0, 0), 'rel': (2, 20)})>
2019-11-25 13:06:25,089 - BDM-WAM 1574687178.413433 - INFO - <Event(4-MouseMotion {'pos': (395, 263), 'window': None, 'buttons': (0, 0, 0), 'rel': (0, 4)})>
2019-11-25 13:06:25,105 - BDM-WAM 1574687178.413433 - INFO - <Event(4-MouseMotion {'pos': (395, 270), 'window': None, 'buttons': (0, 0, 0), 'rel': (0, 7)})>
2019-11-25 13:06:25,124 - BDM-WAM 1574687178.413433 - INFO - <Event(4-MouseMotion {'pos': (395, 274), 'window': None, 'buttons': (0, 0, 0), 'rel': (0, 4)})>
2019-11-25 13:06:25,140 - BDM-WAM 1574687178.413433 - INFO - <Event(4-MouseMotion {'pos': (395, 279), 'window': None, 'buttons': (0, 0, 0), 'rel': (0, 5)})>
2019-11-25 13:06:25,157 - BDM-WAM 1574687178.413433 - INFO - <Event(4-MouseMotion {'pos': (395, 283), 'window': None, 'buttons': (0, 0, 0), 'rel': (0, 4)})>
2019-11-25 13:06:25,175 - BDM-WAM 1574687178.413433 - INFO - <Event(4-MouseMotion {'pos': (395, 287), 'window': None, 'buttons': (0, 0, 0), 'rel': (0, 4)})>
2019-11-25 13:06:25,208 - BDM-WAM 1574687178.413433 - INFO - <Event(4-MouseMotion {'pos': (395, 288), 'window': None, 'buttons': (0, 0, 0), 'rel': (0, 1)})>
2019-11-25 13:06:25,243 - BDM-WAM 1574687178.413433 - INFO - <Event(4-MouseMotion {'pos': (397, 290), 'window': None, 'buttons': (0, 0, 0), 'rel': (2, 2)})>
2019-11-25 13:06:25,260 - BDM-WAM 1574687178.413433 - INFO - <Event(4-MouseMotion {'pos': (401, 291), 'window': None, 'buttons': (0, 0, 0), 'rel': (4, 1)})>
2019-11-25 13:06:25,277 - BDM-WAM 1574687178.413433 - INFO - <Event(4-MouseMotion {'pos': (406, 295), 'window': None, 'buttons': (0, 0, 0), 'rel': (5, 4)})>
2019-11-25 13:06:25,296 - BDM-WAM 1574687178.413433 - INFO - <Event(4-MouseMotion {'pos': (409, 298), 'window': None, 'buttons': (0, 0, 0), 'rel': (3, 3)})>
2019-11-25 13:06:25,313 - BDM-WAM 1574687178.413433 - INFO - <Event(4-MouseMotion {'pos': (414, 303), 'window': None, 'buttons': (0, 0, 0), 'rel': (5, 5)})>
2019-11-25 13:06:25,330 - BDM-WAM 1574687178.413433 - INFO - <Event(4-MouseMotion {'pos': (417, 306), 'window': None, 'buttons': (0, 0, 0), 'rel': (3, 3)})>
2019-11-25 13:06:25,346 - BDM-WAM 1574687178.413433 - INFO - <Event(4-MouseMotion {'pos': (419, 308), 'window': None, 'buttons': (0, 0, 0), 'rel': (2, 2)})>
2019-11-25 13:06:25,363 - BDM-WAM 1574687178.413433 - INFO - <Event(4-MouseMotion {'pos': (421, 311), 'window': None, 'buttons': (0, 0, 0), 'rel': (2, 3)})>
2019-11-25 13:06:25,380 - BDM-WAM 1574687178.413433 - INFO - <Event(4-MouseMotion {'pos': (421, 312), 'window': None, 'buttons': (0, 0, 0), 'rel': (0, 1)})>
2019-11-25 13:06:25,396 - BDM-WAM 1574687178.413433 - INFO - <Event(4-MouseMotion {'pos': (422, 313), 'window': None, 'buttons': (0, 0, 0), 'rel': (1, 1)})>
2019-11-25 13:06:25,430 - BDM-WAM 1574687178.413433 - INFO - <Event(5-MouseButtonDown {'pos': (422, 313), 'button': 1, 'window': None})>
2019-11-25 13:06:25,431 - BDM-WAM 1574687178.413433 - INFO - <Event(8-Pause {'reason': <bound method GameManager.pause of <game.GameManager object at 0x00000234FFEB49E8>> })>
2019-11-25 13:06:25,720 - BDM-WAM 1574687178.413433 - INFO - <Event(7-Rate {'hit_conf': 3 })>
2019-11-25 13:06:25,962 - BDM-WAM 1574687178.413433 - INFO - <Event(7-Rate {'reward_conf': 3 })>
2019-11-25 13:06:26,031 - BDM-WAM 1574687178.413433 - INFO - <Event(7-Rate {'player_skill': 3 })>
2019-11-25 13:06:26,032 - BDM-WAM 1574687178.413433 - INFO - <Event(9.1-True Hit {'pos': (422,313),'distance: 44.77722635447622,'relative_loc: (41, 18),'window': None})>
2019-11-25 13:06:26,119 - BDM-WAM 1574687178.413433 - INFO - <Event(3-KeyUp {'mod': 0, 'scancode': 4, 'key': 51, 'window': None})>
2019-11-25 13:06:26,274 - BDM-WAM 1574687178.413433 - INFO - <Event(4-MouseMotion {'pos': (433, 323), 'window': None, 'buttons': (0, 0, 0), 'rel': (11, 10)})>
2019-11-25 13:06:26,291 - BDM-WAM 1574687178.413433 - INFO - <Event(4-MouseMotion {'pos': (447, 339), 'window': None, 'buttons': (0, 0, 0), 'rel': (14, 16)})>
2019-11-25 13:06:26,307 - BDM-WAM 1574687178.413433 - INFO - <Event(4-MouseMotion {'pos': (466, 359), 'window': None, 'buttons': (0, 0, 0), 'rel': (19, 20)})>
2019-11-25 13:06:26,325 - BDM-WAM 1574687178.413433 - INFO - <Event(4-MouseMotion {'pos': (492, 391), 'window': None, 'buttons': (0, 0, 0), 'rel': (26, 32)})>
2019-11-25 13:06:26,371 - BDM-WAM 1574687178.413433 - INFO - <Event(4-MouseMotion {'pos': (519, 430), 'window': None, 'buttons': (0, 0, 0), 'rel': (27, 39)})>
2019-11-25 13:06:26,378 - BDM-WAM 1574687178.413433 - INFO - <Event(4-MouseMotion {'pos': (521, 432), 'window': None, 'buttons': (0, 0, 0), 'rel': (2, 2)})>
2019-11-25 13:06:26,393 - BDM-WAM 1574687178.413433 - INFO - <Event(4-MouseMotion {'pos': (523, 437), 'window': None, 'buttons': (0, 0, 0), 'rel': (2, 5)})>
2019-11-25 13:06:26,541 - BDM-WAM 1574687178.413433 - INFO - <Event(10-MoleUp) {'loc': (381,295)})>
2019-11-25 13:06:27,119 - BDM-WAM 1574687178.413433 - INFO - <Event(2-KeyDown {'unicode': 'p', 'mod': 0, 'scancode': 25, 'key': 112, 'window': None})>
2019-11-25 13:06:27,120 - BDM-WAM 1574687178.413433 - INFO - <Event(8-Pause {'reason': <bound method GameManager.pause of <game.GameManager object at 0x00000234FFEB49E8>> })>
2019-11-25 13:06:27,699 - BDM-WAM 1574687178.413433 - INFO - ************* HAPPY ANALYSING... LOG COMPLETE!!! ************* 
