2019-11-20 22:07:34,097 - BDM-WAM 1574287653.9092083 - INFO - <Event(17-VideoExpose {})>
2019-11-20 22:07:38,379 - BDM-WAM 1574287653.9092083 - INFO - <Event(16-VideoResize {'h': 700, 'w': 800, 'size': (800, 700)})>
2019-11-20 22:07:38,380 - BDM-WAM 1574287653.9092083 - INFO - <Event(1-ActiveEvent {'gain': 0, 'state': 1})>
2019-11-20 22:07:38,380 - BDM-WAM 1574287653.9092083 - INFO - <Event(4-MouseMotion {'buttons': (0, 0, 0), 'rel': (216, 460), 'window': None, 'pos': (215, 459)})>
2019-11-20 22:07:38,590 - BDM-WAM 1574287653.9092083 - INFO - <Event(3-KeyUp {'scancode': 46, 'mod': 0, 'window': None, 'key': 99})>
2019-11-20 22:07:41,021 - BDM-WAM 1574287653.9092083 - INFO - <Event(5-MouseButtonDown {'button': 1, 'window': None, 'pos': (236, 193)})>
2019-11-20 22:07:41,022 - BDM-WAM 1574287653.9092083 - INFO - <Event(6-MouseButtonUp {'button': 1, 'window': None, 'pos': (236, 193)})>
2019-11-20 22:07:41,639 - BDM-WAM 1574287653.9092083 - INFO - <Event(5-MouseButtonDown {'button': 1, 'window': None, 'pos': (232, 212)})>
2019-11-20 22:07:41,639 - BDM-WAM 1574287653.9092083 - INFO - <Event(8-Pause {'reason': <bound method GameManager.pause of <game.GameManager object at 0x0000028B67AE4DA0>> })>
2019-11-20 22:07:42,696 - BDM-WAM 1574287653.9092083 - INFO - <Event(7-Rate {'': hit_conf51 })>
2019-11-20 22:07:42,869 - BDM-WAM 1574287653.9092083 - INFO - <Event(7-Rate {'': reward_conf51 })>
2019-11-20 22:07:43,040 - BDM-WAM 1574287653.9092083 - INFO - <Event(7-Rate {'': player_skill51 })>
2019-11-20 22:07:43,041 - BDM-WAM 1574287653.9092083 - INFO - <Event(9.2-Fake Miss {'pos': (232,212), 'window': None})>
2019-11-20 22:07:43,042 - BDM-WAM 1574287653.9092083 - INFO - <Event(6-MouseButtonUp {'button': 1, 'window': None, 'pos': (232, 212)})>
2019-11-20 22:07:43,187 - BDM-WAM 1574287653.9092083 - INFO - <Event(3-KeyUp {'scancode': 4, 'mod': 0, 'window': None, 'key': 51})>
2019-11-20 22:07:44,254 - BDM-WAM 1574287653.9092083 - INFO - <Event(5-MouseButtonDown {'button': 1, 'window': None, 'pos': (730, 297)})>
2019-11-20 22:07:44,256 - BDM-WAM 1574287653.9092083 - INFO - <Event(6-MouseButtonUp {'button': 1, 'window': None, 'pos': (730, 297)})>
2019-11-20 22:07:44,327 - BDM-WAM 1574287653.9092083 - INFO - <Event(5-MouseButtonDown {'button': 1, 'window': None, 'pos': (730, 297)})>
2019-11-20 22:07:44,328 - BDM-WAM 1574287653.9092083 - INFO - <Event(8-Pause {'reason': <bound method GameManager.pause of <game.GameManager object at 0x0000028B67AE4DA0>> })>
2019-11-20 22:07:44,758 - BDM-WAM 1574287653.9092083 - INFO - <Event(7-Rate {'': hit_conf51 })>
2019-11-20 22:07:44,951 - BDM-WAM 1574287653.9092083 - INFO - <Event(7-Rate {'': reward_conf51 })>
2019-11-20 22:07:45,113 - BDM-WAM 1574287653.9092083 - INFO - <Event(7-Rate {'': player_skill51 })>
2019-11-20 22:07:45,114 - BDM-WAM 1574287653.9092083 - INFO - <Event(9.1-True Hit {'pos': (711,289), 'window': None})>
2019-11-20 22:07:45,114 - BDM-WAM 1574287653.9092083 - INFO - <Event(4-MouseMotion {'buttons': (1, 0, 0), 'rel': (-19, -8), 'window': None, 'pos': (711, 289)})>
2019-11-20 22:07:45,212 - BDM-WAM 1574287653.9092083 - INFO - <Event(3-KeyUp {'scancode': 4, 'mod': 0, 'window': None, 'key': 51})>
2019-11-20 22:07:46,870 - BDM-WAM 1574287653.9092083 - INFO - <Event(5-MouseButtonDown {'button': 1, 'window': None, 'pos': (168, 101)})>
2019-11-20 22:07:46,872 - BDM-WAM 1574287653.9092083 - INFO - <Event(6-MouseButtonUp {'button': 1, 'window': None, 'pos': (168, 101)})>
2019-11-20 22:07:46,915 - BDM-WAM 1574287653.9092083 - INFO - <Event(5-MouseButtonDown {'button': 1, 'window': None, 'pos': (168, 101)})>
2019-11-20 22:07:46,915 - BDM-WAM 1574287653.9092083 - INFO - <Event(8-Pause {'reason': <bound method GameManager.pause of <game.GameManager object at 0x0000028B67AE4DA0>> })>
2019-11-20 22:07:47,367 - BDM-WAM 1574287653.9092083 - INFO - <Event(7-Rate {'': hit_conf51 })>
2019-11-20 22:07:47,561 - BDM-WAM 1574287653.9092083 - INFO - <Event(7-Rate {'': reward_conf51 })>
2019-11-20 22:07:48,077 - BDM-WAM 1574287653.9092083 - INFO - <Event(7-Rate {'': player_skill51 })>
2019-11-20 22:07:48,077 - BDM-WAM 1574287653.9092083 - INFO - <Event(9.2-Fake Miss {'pos': (140,100), 'window': None})>
2019-11-20 22:07:48,078 - BDM-WAM 1574287653.9092083 - INFO - <Event(4-MouseMotion {'buttons': (1, 0, 0), 'rel': (-28, -1), 'window': None, 'pos': (140, 100)})>
2019-11-20 22:07:48,177 - BDM-WAM 1574287653.9092083 - INFO - <Event(3-KeyUp {'scancode': 4, 'mod': 0, 'window': None, 'key': 51})>
2019-11-20 22:07:49,388 - BDM-WAM 1574287653.9092083 - INFO - <Event(5-MouseButtonDown {'button': 1, 'window': None, 'pos': (682, 407)})>
2019-11-20 22:07:49,390 - BDM-WAM 1574287653.9092083 - INFO - <Event(6-MouseButtonUp {'button': 1, 'window': None, 'pos': (682, 407)})>
2019-11-20 22:07:49,460 - BDM-WAM 1574287653.9092083 - INFO - <Event(5-MouseButtonDown {'button': 1, 'window': None, 'pos': (682, 407)})>
2019-11-20 22:07:49,460 - BDM-WAM 1574287653.9092083 - INFO - <Event(8-Pause {'reason': <bound method GameManager.pause of <game.GameManager object at 0x0000028B67AE4DA0>> })>
2019-11-20 22:07:49,901 - BDM-WAM 1574287653.9092083 - INFO - <Event(7-Rate {'': hit_conf51 })>
2019-11-20 22:07:50,152 - BDM-WAM 1574287653.9092083 - INFO - <Event(7-Rate {'': reward_conf51 })>
2019-11-20 22:07:50,357 - BDM-WAM 1574287653.9092083 - INFO - <Event(7-Rate {'': player_skill51 })>
2019-11-20 22:07:50,357 - BDM-WAM 1574287653.9092083 - INFO - <Event(9.1-True Hit {'pos': (692,403), 'window': None})>
2019-11-20 22:07:50,357 - BDM-WAM 1574287653.9092083 - INFO - <Event(4-MouseMotion {'buttons': (1, 0, 0), 'rel': (10, -4), 'window': None, 'pos': (692, 403)})>
2019-11-20 22:07:50,391 - BDM-WAM 1574287653.9092083 - INFO - <Event(3-KeyUp {'scancode': 4, 'mod': 0, 'window': None, 'key': 51})>
2019-11-20 22:07:52,062 - BDM-WAM 1574287653.9092083 - INFO - <Event(5-MouseButtonDown {'button': 1, 'window': None, 'pos': (234, 213)})>
2019-11-20 22:07:52,063 - BDM-WAM 1574287653.9092083 - INFO - <Event(6-MouseButtonUp {'button': 1, 'window': None, 'pos': (234, 213)})>
2019-11-20 22:07:52,141 - BDM-WAM 1574287653.9092083 - INFO - <Event(5-MouseButtonDown {'button': 1, 'window': None, 'pos': (234, 213)})>
2019-11-20 22:07:52,141 - BDM-WAM 1574287653.9092083 - INFO - <Event(8-Pause {'reason': <bound method GameManager.pause of <game.GameManager object at 0x0000028B67AE4DA0>> })>
2019-11-20 22:07:52,609 - BDM-WAM 1574287653.9092083 - INFO - <Event(7-Rate {'': hit_conf51 })>
2019-11-20 22:07:53,256 - BDM-WAM 1574287653.9092083 - INFO - <Event(7-Rate {'': reward_conf51 })>
2019-11-20 22:07:53,629 - BDM-WAM 1574287653.9092083 - INFO - <Event(7-Rate {'': player_skill51 })>
2019-11-20 22:07:53,630 - BDM-WAM 1574287653.9092083 - INFO - <Event(9.2-Fake Miss {'pos': (234,213), 'window': None})>
2019-11-20 22:07:53,731 - BDM-WAM 1574287653.9092083 - INFO - <Event(3-KeyUp {'scancode': 4, 'mod': 0, 'window': None, 'key': 51})>
2019-11-20 22:07:55,022 - BDM-WAM 1574287653.9092083 - INFO - <Event(5-MouseButtonDown {'button': 1, 'window': None, 'pos': (452, 353)})>
2019-11-20 22:07:55,022 - BDM-WAM 1574287653.9092083 - INFO - <Event(6-MouseButtonUp {'button': 1, 'window': None, 'pos': (452, 353)})>
2019-11-20 22:07:55,073 - BDM-WAM 1574287653.9092083 - INFO - <Event(5-MouseButtonDown {'button': 1, 'window': None, 'pos': (452, 353)})>
2019-11-20 22:07:55,073 - BDM-WAM 1574287653.9092083 - INFO - <Event(8-Pause {'reason': <bound method GameManager.pause of <game.GameManager object at 0x0000028B67AE4DA0>> })>
2019-11-20 22:07:55,509 - BDM-WAM 1574287653.9092083 - INFO - <Event(7-Rate {'': hit_conf51 })>
2019-11-20 22:07:55,820 - BDM-WAM 1574287653.9092083 - INFO - <Event(7-Rate {'': reward_conf51 })>
2019-11-20 22:07:56,145 - BDM-WAM 1574287653.9092083 - INFO - <Event(7-Rate {'': player_skill51 })>
2019-11-20 22:07:56,145 - BDM-WAM 1574287653.9092083 - INFO - <Event(9.1-True Hit {'pos': (444,349), 'window': None})>
2019-11-20 22:07:56,146 - BDM-WAM 1574287653.9092083 - INFO - <Event(4-MouseMotion {'buttons': (1, 0, 0), 'rel': (-8, -4), 'window': None, 'pos': (444, 349)})>
2019-11-20 22:07:56,246 - BDM-WAM 1574287653.9092083 - INFO - <Event(3-KeyUp {'scancode': 4, 'mod': 0, 'window': None, 'key': 51})>
2019-11-20 22:07:57,673 - BDM-WAM 1574287653.9092083 - INFO - <Event(5-MouseButtonDown {'button': 1, 'window': None, 'pos': (435, 517)})>
2019-11-20 22:07:57,674 - BDM-WAM 1574287653.9092083 - INFO - <Event(6-MouseButtonUp {'button': 1, 'window': None, 'pos': (435, 517)})>
2019-11-20 22:07:57,735 - BDM-WAM 1574287653.9092083 - INFO - <Event(5-MouseButtonDown {'button': 1, 'window': None, 'pos': (435, 517)})>
2019-11-20 22:07:57,735 - BDM-WAM 1574287653.9092083 - INFO - <Event(8-Pause {'reason': <bound method GameManager.pause of <game.GameManager object at 0x0000028B67AE4DA0>> })>
2019-11-20 22:07:58,266 - BDM-WAM 1574287653.9092083 - INFO - <Event(7-Rate {'': hit_conf51 })>
2019-11-20 22:07:58,459 - BDM-WAM 1574287653.9092083 - INFO - <Event(7-Rate {'': reward_conf51 })>
2019-11-20 22:07:58,899 - BDM-WAM 1574287653.9092083 - INFO - <Event(7-Rate {'': player_skill51 })>
2019-11-20 22:07:58,900 - BDM-WAM 1574287653.9092083 - INFO - <Event(9.1-True Hit {'pos': (449,518), 'window': None})>
2019-11-20 22:07:58,901 - BDM-WAM 1574287653.9092083 - INFO - <Event(4-MouseMotion {'buttons': (1, 0, 0), 'rel': (14, 1), 'window': None, 'pos': (449, 518)})>
2019-11-20 22:07:58,999 - BDM-WAM 1574287653.9092083 - INFO - <Event(3-KeyUp {'scancode': 4, 'mod': 0, 'window': None, 'key': 51})>
2019-11-20 22:08:00,569 - BDM-WAM 1574287653.9092083 - INFO - <Event(5-MouseButtonDown {'button': 1, 'window': None, 'pos': (193, 405)})>
2019-11-20 22:08:00,570 - BDM-WAM 1574287653.9092083 - INFO - <Event(6-MouseButtonUp {'button': 1, 'window': None, 'pos': (193, 405)})>
2019-11-20 22:08:00,631 - BDM-WAM 1574287653.9092083 - INFO - <Event(5-MouseButtonDown {'button': 1, 'window': None, 'pos': (193, 405)})>
2019-11-20 22:08:00,632 - BDM-WAM 1574287653.9092083 - INFO - <Event(8-Pause {'reason': <bound method GameManager.pause of <game.GameManager object at 0x0000028B67AE4DA0>> })>
2019-11-20 22:08:01,102 - BDM-WAM 1574287653.9092083 - INFO - <Event(7-Rate {'': hit_conf51 })>
2019-11-20 22:08:01,292 - BDM-WAM 1574287653.9092083 - INFO - <Event(7-Rate {'': reward_conf51 })>
2019-11-20 22:08:01,466 - BDM-WAM 1574287653.9092083 - INFO - <Event(7-Rate {'': player_skill51 })>
2019-11-20 22:08:01,466 - BDM-WAM 1574287653.9092083 - INFO - <Event(9.2-Fake Miss {'pos': (172,406), 'window': None})>
2019-11-20 22:08:01,467 - BDM-WAM 1574287653.9092083 - INFO - <Event(4-MouseMotion {'buttons': (1, 0, 0), 'rel': (-21, 1), 'window': None, 'pos': (172, 406)})>
2019-11-20 22:08:01,563 - BDM-WAM 1574287653.9092083 - INFO - <Event(3-KeyUp {'scancode': 4, 'mod': 0, 'window': None, 'key': 51})>
2019-11-20 22:08:02,947 - BDM-WAM 1574287653.9092083 - INFO - <Event(5-MouseButtonDown {'button': 1, 'window': None, 'pos': (636, 81)})>
2019-11-20 22:08:02,948 - BDM-WAM 1574287653.9092083 - INFO - <Event(6-MouseButtonUp {'button': 1, 'window': None, 'pos': (636, 81)})>
2019-11-20 22:08:03,033 - BDM-WAM 1574287653.9092083 - INFO - <Event(5-MouseButtonDown {'button': 1, 'window': None, 'pos': (636, 81)})>
2019-11-20 22:08:03,033 - BDM-WAM 1574287653.9092083 - INFO - <Event(8-Pause {'reason': <bound method GameManager.pause of <game.GameManager object at 0x0000028B67AE4DA0>> })>
2019-11-20 22:08:03,366 - BDM-WAM 1574287653.9092083 - INFO - <Event(7-Rate {'': hit_conf51 })>
2019-11-20 22:08:03,560 - BDM-WAM 1574287653.9092083 - INFO - <Event(7-Rate {'': reward_conf51 })>
2019-11-20 22:08:03,731 - BDM-WAM 1574287653.9092083 - INFO - <Event(7-Rate {'': player_skill51 })>
2019-11-20 22:08:03,731 - BDM-WAM 1574287653.9092083 - INFO - <Event(9.2-Fake Miss {'pos': (638,77), 'window': None})>
2019-11-20 22:08:03,731 - BDM-WAM 1574287653.9092083 - INFO - <Event(4-MouseMotion {'buttons': (1, 0, 0), 'rel': (2, -4), 'window': None, 'pos': (638, 77)})>
2019-11-20 22:08:03,816 - BDM-WAM 1574287653.9092083 - INFO - <Event(3-KeyUp {'scancode': 4, 'mod': 0, 'window': None, 'key': 51})>
2019-11-20 22:08:05,138 - BDM-WAM 1574287653.9092083 - INFO - <Event(5-MouseButtonDown {'button': 1, 'window': None, 'pos': (467, 538)})>
2019-11-20 22:08:05,141 - BDM-WAM 1574287653.9092083 - INFO - <Event(6-MouseButtonUp {'button': 1, 'window': None, 'pos': (467, 538)})>
2019-11-20 22:08:05,195 - BDM-WAM 1574287653.9092083 - INFO - <Event(5-MouseButtonDown {'button': 1, 'window': None, 'pos': (467, 538)})>
2019-11-20 22:08:05,195 - BDM-WAM 1574287653.9092083 - INFO - <Event(8-Pause {'reason': <bound method GameManager.pause of <game.GameManager object at 0x0000028B67AE4DA0>> })>
2019-11-20 22:08:05,486 - BDM-WAM 1574287653.9092083 - INFO - <Event(7-Rate {'': hit_conf51 })>
2019-11-20 22:08:05,685 - BDM-WAM 1574287653.9092083 - INFO - <Event(7-Rate {'': reward_conf51 })>
2019-11-20 22:08:05,858 - BDM-WAM 1574287653.9092083 - INFO - <Event(7-Rate {'': player_skill51 })>
2019-11-20 22:08:05,858 - BDM-WAM 1574287653.9092083 - INFO - <Event(9.2-Fake Miss {'pos': (449,539), 'window': None})>
2019-11-20 22:08:05,858 - BDM-WAM 1574287653.9092083 - INFO - <Event(4-MouseMotion {'buttons': (1, 0, 0), 'rel': (-18, 1), 'window': None, 'pos': (449, 539)})>
2019-11-20 22:08:05,923 - BDM-WAM 1574287653.9092083 - INFO - <Event(3-KeyUp {'scancode': 4, 'mod': 0, 'window': None, 'key': 51})>
2019-11-20 22:08:07,146 - BDM-WAM 1574287653.9092083 - INFO - <Event(5-MouseButtonDown {'button': 1, 'window': None, 'pos': (456, 501)})>
2019-11-20 22:08:07,147 - BDM-WAM 1574287653.9092083 - INFO - <Event(6-MouseButtonUp {'button': 1, 'window': None, 'pos': (456, 501)})>
2019-11-20 22:08:07,227 - BDM-WAM 1574287653.9092083 - INFO - <Event(5-MouseButtonDown {'button': 1, 'window': None, 'pos': (456, 501)})>
2019-11-20 22:08:07,228 - BDM-WAM 1574287653.9092083 - INFO - <Event(8-Pause {'reason': <bound method GameManager.pause of <game.GameManager object at 0x0000028B67AE4DA0>> })>
2019-11-20 22:08:07,673 - BDM-WAM 1574287653.9092083 - INFO - <Event(7-Rate {'': hit_conf51 })>
2019-11-20 22:08:07,873 - BDM-WAM 1574287653.9092083 - INFO - <Event(7-Rate {'': reward_conf51 })>
2019-11-20 22:08:08,038 - BDM-WAM 1574287653.9092083 - INFO - <Event(7-Rate {'': player_skill51 })>
2019-11-20 22:08:08,038 - BDM-WAM 1574287653.9092083 - INFO - <Event(9.2-Fake Miss {'pos': (458,520), 'window': None})>
2019-11-20 22:08:08,039 - BDM-WAM 1574287653.9092083 - INFO - <Event(4-MouseMotion {'buttons': (1, 0, 0), 'rel': (2, 19), 'window': None, 'pos': (458, 520)})>
2019-11-20 22:08:08,134 - BDM-WAM 1574287653.9092083 - INFO - <Event(3-KeyUp {'scancode': 4, 'mod': 0, 'window': None, 'key': 51})>
2019-11-20 22:08:09,339 - BDM-WAM 1574287653.9092083 - INFO - <Event(5-MouseButtonDown {'button': 1, 'window': None, 'pos': (468, 527)})>
2019-11-20 22:08:09,340 - BDM-WAM 1574287653.9092083 - INFO - <Event(6-MouseButtonUp {'button': 1, 'window': None, 'pos': (468, 527)})>
2019-11-20 22:08:09,424 - BDM-WAM 1574287653.9092083 - INFO - <Event(5-MouseButtonDown {'button': 1, 'window': None, 'pos': (468, 527)})>
2019-11-20 22:08:09,424 - BDM-WAM 1574287653.9092083 - INFO - <Event(8-Pause {'reason': <bound method GameManager.pause of <game.GameManager object at 0x0000028B67AE4DA0>> })>
2019-11-20 22:08:09,920 - BDM-WAM 1574287653.9092083 - INFO - <Event(7-Rate {'': hit_conf51 })>
2019-11-20 22:08:10,104 - BDM-WAM 1574287653.9092083 - INFO - <Event(7-Rate {'': reward_conf51 })>
2019-11-20 22:08:10,326 - BDM-WAM 1574287653.9092083 - INFO - <Event(7-Rate {'': player_skill51 })>
2019-11-20 22:08:10,326 - BDM-WAM 1574287653.9092083 - INFO - <Event(9.2-Fake Miss {'pos': (468,527), 'window': None})>
2019-11-20 22:08:10,391 - BDM-WAM 1574287653.9092083 - INFO - <Event(3-KeyUp {'scancode': 4, 'mod': 0, 'window': None, 'key': 51})>
2019-11-20 22:08:11,770 - BDM-WAM 1574287653.9092083 - INFO - <Event(5-MouseButtonDown {'button': 1, 'window': None, 'pos': (169, 401)})>
2019-11-20 22:08:11,771 - BDM-WAM 1574287653.9092083 - INFO - <Event(6-MouseButtonUp {'button': 1, 'window': None, 'pos': (169, 401)})>
2019-11-20 22:08:11,828 - BDM-WAM 1574287653.9092083 - INFO - <Event(5-MouseButtonDown {'button': 1, 'window': None, 'pos': (169, 401)})>
2019-11-20 22:08:11,829 - BDM-WAM 1574287653.9092083 - INFO - <Event(8-Pause {'reason': <bound method GameManager.pause of <game.GameManager object at 0x0000028B67AE4DA0>> })>
2019-11-20 22:08:12,355 - BDM-WAM 1574287653.9092083 - INFO - <Event(7-Rate {'': hit_conf51 })>
2019-11-20 22:08:12,551 - BDM-WAM 1574287653.9092083 - INFO - <Event(7-Rate {'': reward_conf51 })>
2019-11-20 22:08:12,741 - BDM-WAM 1574287653.9092083 - INFO - <Event(7-Rate {'': player_skill51 })>
2019-11-20 22:08:12,741 - BDM-WAM 1574287653.9092083 - INFO - <Event(9.2-Fake Miss {'pos': (168,409), 'window': None})>
2019-11-20 22:08:12,742 - BDM-WAM 1574287653.9092083 - INFO - <Event(4-MouseMotion {'buttons': (1, 0, 0), 'rel': (-1, 8), 'window': None, 'pos': (168, 409)})>
2019-11-20 22:08:12,842 - BDM-WAM 1574287653.9092083 - INFO - <Event(3-KeyUp {'scancode': 4, 'mod': 0, 'window': None, 'key': 51})>
2019-11-20 22:08:14,051 - BDM-WAM 1574287653.9092083 - INFO - <Event(5-MouseButtonDown {'button': 1, 'window': None, 'pos': (713, 283)})>
2019-11-20 22:08:14,052 - BDM-WAM 1574287653.9092083 - INFO - <Event(6-MouseButtonUp {'button': 1, 'window': None, 'pos': (713, 283)})>
2019-11-20 22:08:14,110 - BDM-WAM 1574287653.9092083 - INFO - <Event(5-MouseButtonDown {'button': 1, 'window': None, 'pos': (713, 283)})>
2019-11-20 22:08:14,111 - BDM-WAM 1574287653.9092083 - INFO - <Event(8-Pause {'reason': <bound method GameManager.pause of <game.GameManager object at 0x0000028B67AE4DA0>> })>
2019-11-20 22:08:14,403 - BDM-WAM 1574287653.9092083 - INFO - <Event(7-Rate {'': hit_conf51 })>
2019-11-20 22:08:14,598 - BDM-WAM 1574287653.9092083 - INFO - <Event(7-Rate {'': reward_conf51 })>
2019-11-20 22:08:14,747 - BDM-WAM 1574287653.9092083 - INFO - <Event(7-Rate {'': player_skill51 })>
2019-11-20 22:08:14,748 - BDM-WAM 1574287653.9092083 - INFO - <Event(9.2-Fake Miss {'pos': (709,293), 'window': None})>
2019-11-20 22:08:14,748 - BDM-WAM 1574287653.9092083 - INFO - <Event(4-MouseMotion {'buttons': (1, 0, 0), 'rel': (-4, 10), 'window': None, 'pos': (709, 293)})>
2019-11-20 22:08:14,847 - BDM-WAM 1574287653.9092083 - INFO - <Event(3-KeyUp {'scancode': 4, 'mod': 0, 'window': None, 'key': 51})>
2019-11-20 22:08:16,162 - BDM-WAM 1574287653.9092083 - INFO - <Event(5-MouseButtonDown {'button': 1, 'window': None, 'pos': (219, 200)})>
2019-11-20 22:08:16,162 - BDM-WAM 1574287653.9092083 - INFO - <Event(6-MouseButtonUp {'button': 1, 'window': None, 'pos': (219, 200)})>
2019-11-20 22:08:16,331 - BDM-WAM 1574287653.9092083 - INFO - <Event(5-MouseButtonDown {'button': 1, 'window': None, 'pos': (218, 232)})>
2019-11-20 22:08:16,332 - BDM-WAM 1574287653.9092083 - INFO - <Event(8-Pause {'reason': <bound method GameManager.pause of <game.GameManager object at 0x0000028B67AE4DA0>> })>
2019-11-20 22:08:16,765 - BDM-WAM 1574287653.9092083 - INFO - <Event(7-Rate {'': hit_conf51 })>
2019-11-20 22:08:17,018 - BDM-WAM 1574287653.9092083 - INFO - <Event(7-Rate {'': reward_conf51 })>
2019-11-20 22:08:17,606 - BDM-WAM 1574287653.9092083 - INFO - <Event(7-Rate {'': player_skill51 })>
2019-11-20 22:08:17,606 - BDM-WAM 1574287653.9092083 - INFO - <Event(9.2-Fake Miss {'pos': (218,232), 'window': None})>
2019-11-20 22:08:17,607 - BDM-WAM 1574287653.9092083 - INFO - <Event(6-MouseButtonUp {'button': 1, 'window': None, 'pos': (218, 232)})>
2019-11-20 22:08:17,708 - BDM-WAM 1574287653.9092083 - INFO - <Event(3-KeyUp {'scancode': 4, 'mod': 0, 'window': None, 'key': 51})>
2019-11-20 22:08:18,998 - BDM-WAM 1574287653.9092083 - INFO - <Event(5-MouseButtonDown {'button': 1, 'window': None, 'pos': (684, 425)})>
2019-11-20 22:08:18,999 - BDM-WAM 1574287653.9092083 - INFO - <Event(6-MouseButtonUp {'button': 1, 'window': None, 'pos': (684, 425)})>
2019-11-20 22:08:19,080 - BDM-WAM 1574287653.9092083 - INFO - <Event(5-MouseButtonDown {'button': 1, 'window': None, 'pos': (684, 425)})>
2019-11-20 22:08:19,080 - BDM-WAM 1574287653.9092083 - INFO - <Event(8-Pause {'reason': <bound method GameManager.pause of <game.GameManager object at 0x0000028B67AE4DA0>> })>
2019-11-20 22:08:19,779 - BDM-WAM 1574287653.9092083 - INFO - <Event(7-Rate {'': hit_conf51 })>
2019-11-20 22:08:19,951 - BDM-WAM 1574287653.9092083 - INFO - <Event(7-Rate {'': reward_conf51 })>
2019-11-20 22:08:20,336 - BDM-WAM 1574287653.9092083 - INFO - <Event(7-Rate {'': player_skill51 })>
2019-11-20 22:08:20,337 - BDM-WAM 1574287653.9092083 - INFO - <Event(9.2-Fake Miss {'pos': (692,410), 'window': None})>
2019-11-20 22:08:20,337 - BDM-WAM 1574287653.9092083 - INFO - <Event(4-MouseMotion {'buttons': (1, 0, 0), 'rel': (8, -15), 'window': None, 'pos': (692, 410)})>
2019-11-20 22:08:20,441 - BDM-WAM 1574287653.9092083 - INFO - <Event(3-KeyUp {'scancode': 4, 'mod': 0, 'window': None, 'key': 51})>
2019-11-20 22:08:21,678 - BDM-WAM 1574287653.9092083 - INFO - <Event(5-MouseButtonDown {'button': 1, 'window': None, 'pos': (536, 173)})>
2019-11-20 22:08:21,679 - BDM-WAM 1574287653.9092083 - INFO - <Event(6-MouseButtonUp {'button': 1, 'window': None, 'pos': (536, 173)})>
2019-11-20 22:08:21,708 - BDM-WAM 1574287653.9092083 - INFO - <Event(5-MouseButtonDown {'button': 1, 'window': None, 'pos': (536, 173)})>
2019-11-20 22:08:21,709 - BDM-WAM 1574287653.9092083 - INFO - <Event(8-Pause {'reason': <bound method GameManager.pause of <game.GameManager object at 0x0000028B67AE4DA0>> })>
2019-11-20 22:08:22,094 - BDM-WAM 1574287653.9092083 - INFO - <Event(7-Rate {'': hit_conf51 })>
2019-11-20 22:08:22,284 - BDM-WAM 1574287653.9092083 - INFO - <Event(7-Rate {'': reward_conf51 })>
2019-11-20 22:08:22,435 - BDM-WAM 1574287653.9092083 - INFO - <Event(7-Rate {'': player_skill51 })>
2019-11-20 22:08:22,436 - BDM-WAM 1574287653.9092083 - INFO - <Event(9.2-Fake Miss {'pos': (521,177), 'window': None})>
2019-11-20 22:08:22,437 - BDM-WAM 1574287653.9092083 - INFO - <Event(4-MouseMotion {'buttons': (1, 0, 0), 'rel': (-15, 4), 'window': None, 'pos': (521, 177)})>
2019-11-20 22:08:22,521 - BDM-WAM 1574287653.9092083 - INFO - <Event(3-KeyUp {'scancode': 4, 'mod': 0, 'window': None, 'key': 51})>
2019-11-20 22:08:23,946 - BDM-WAM 1574287653.9092083 - INFO - <Event(5-MouseButtonDown {'button': 1, 'window': None, 'pos': (247, 225)})>
2019-11-20 22:08:23,946 - BDM-WAM 1574287653.9092083 - INFO - <Event(6-MouseButtonUp {'button': 1, 'window': None, 'pos': (247, 225)})>
2019-11-20 22:08:24,015 - BDM-WAM 1574287653.9092083 - INFO - <Event(5-MouseButtonDown {'button': 1, 'window': None, 'pos': (247, 225)})>
2019-11-20 22:08:24,015 - BDM-WAM 1574287653.9092083 - INFO - <Event(8-Pause {'reason': <bound method GameManager.pause of <game.GameManager object at 0x0000028B67AE4DA0>> })>
2019-11-20 22:08:24,360 - BDM-WAM 1574287653.9092083 - INFO - <Event(7-Rate {'': hit_conf51 })>
2019-11-20 22:08:24,565 - BDM-WAM 1574287653.9092083 - INFO - <Event(7-Rate {'': reward_conf51 })>
2019-11-20 22:08:24,725 - BDM-WAM 1574287653.9092083 - INFO - <Event(7-Rate {'': player_skill51 })>
2019-11-20 22:08:24,726 - BDM-WAM 1574287653.9092083 - INFO - <Event(9.1-True Hit {'pos': (237,229), 'window': None})>
2019-11-20 22:08:24,726 - BDM-WAM 1574287653.9092083 - INFO - <Event(4-MouseMotion {'buttons': (1, 0, 0), 'rel': (-10, 4), 'window': None, 'pos': (237, 229)})>
2019-11-20 22:08:24,841 - BDM-WAM 1574287653.9092083 - INFO - <Event(3-KeyUp {'scancode': 4, 'mod': 0, 'window': None, 'key': 51})>
2019-11-20 22:08:26,632 - BDM-WAM 1574287653.9092083 - INFO - <Event(5-MouseButtonDown {'button': 1, 'window': None, 'pos': (239, 220)})>
2019-11-20 22:08:26,634 - BDM-WAM 1574287653.9092083 - INFO - <Event(6-MouseButtonUp {'button': 1, 'window': None, 'pos': (239, 220)})>
2019-11-20 22:08:26,691 - BDM-WAM 1574287653.9092083 - INFO - <Event(5-MouseButtonDown {'button': 1, 'window': None, 'pos': (239, 220)})>
2019-11-20 22:08:26,691 - BDM-WAM 1574287653.9092083 - INFO - <Event(8-Pause {'reason': <bound method GameManager.pause of <game.GameManager object at 0x0000028B67AE4DA0>> })>
2019-11-20 22:08:26,957 - BDM-WAM 1574287653.9092083 - INFO - <Event(7-Rate {'': hit_conf51 })>
2019-11-20 22:08:27,140 - BDM-WAM 1574287653.9092083 - INFO - <Event(7-Rate {'': reward_conf51 })>
2019-11-20 22:08:27,301 - BDM-WAM 1574287653.9092083 - INFO - <Event(7-Rate {'': player_skill51 })>
2019-11-20 22:08:27,302 - BDM-WAM 1574287653.9092083 - INFO - <Event(9.1-True Hit {'pos': (239,220), 'window': None})>
2019-11-20 22:08:27,403 - BDM-WAM 1574287653.9092083 - INFO - <Event(3-KeyUp {'scancode': 4, 'mod': 0, 'window': None, 'key': 51})>
2019-11-20 22:08:28,270 - BDM-WAM 1574287653.9092083 - INFO - <Event(2-KeyDown {'scancode': 4, 'window': None, 'mod': 0, 'unicode': '3', 'key': 51})>
2019-11-20 22:08:28,415 - BDM-WAM 1574287653.9092083 - INFO - <Event(3-KeyUp {'scancode': 4, 'mod': 0, 'window': None, 'key': 51})>
2019-11-20 22:08:28,531 - BDM-WAM 1574287653.9092083 - INFO - <Event(2-KeyDown {'scancode': 4, 'window': None, 'mod': 0, 'unicode': '3', 'key': 51})>
2019-11-20 22:08:28,615 - BDM-WAM 1574287653.9092083 - INFO - <Event(3-KeyUp {'scancode': 4, 'mod': 0, 'window': None, 'key': 51})>
2019-11-20 22:08:28,991 - BDM-WAM 1574287653.9092083 - INFO - <Event(5-MouseButtonDown {'button': 1, 'window': None, 'pos': (686, 439)})>
2019-11-20 22:08:28,992 - BDM-WAM 1574287653.9092083 - INFO - <Event(6-MouseButtonUp {'button': 1, 'window': None, 'pos': (686, 439)})>
2019-11-20 22:08:29,017 - BDM-WAM 1574287653.9092083 - INFO - <Event(5-MouseButtonDown {'button': 1, 'window': None, 'pos': (686, 439)})>
2019-11-20 22:08:29,017 - BDM-WAM 1574287653.9092083 - INFO - <Event(8-Pause {'reason': <bound method GameManager.pause of <game.GameManager object at 0x0000028B67AE4DA0>> })>
2019-11-20 22:08:29,235 - BDM-WAM 1574287653.9092083 - INFO - <Event(7-Rate {'': hit_conf51 })>
2019-11-20 22:08:29,416 - BDM-WAM 1574287653.9092083 - INFO - <Event(7-Rate {'': reward_conf51 })>
2019-11-20 22:08:29,581 - BDM-WAM 1574287653.9092083 - INFO - <Event(7-Rate {'': player_skill51 })>
2019-11-20 22:08:29,581 - BDM-WAM 1574287653.9092083 - INFO - <Event(9.1-True Hit {'pos': (686,439), 'window': None})>
2019-11-20 22:08:29,581 - BDM-WAM 1574287653.9092083 - INFO - <Event(8-Pause {'reason': <bound method GameManager.pause of <game.GameManager object at 0x0000028B67AE4DA0>> })>
2019-11-20 22:08:32,837 - BDM-WAM 1574287653.9092083 - INFO - <Event(8-Pause {'reason': <bound method GameManager.pause of <game.GameManager object at 0x0000028B67AE4DA0>> })>
2019-11-20 22:08:41,499 - BDM-WAM 1574287653.9092083 - INFO - ************* HAPPY ANALYSING... LOG COMPLETE!!! ************* 
