2019-11-25 12:22:52,453 - BDM-WAM 1574684572.352519 - INFO - <Event(17-VideoExpose {})>
2019-11-25 12:22:54,546 - BDM-WAM 1574684572.352519 - INFO - <Event(1-ActiveEvent {'gain': 0, 'state': 1})>
2019-11-25 12:22:54,546 - BDM-WAM 1574684572.352519 - INFO - <Event(4-MouseMotion {'buttons': (0, 0, 0), 'rel': (310, 526), 'pos': (309, 525), 'window': None})>
2019-11-25 12:22:54,546 - BDM-WAM 1574684572.352519 - INFO - <Event(1-ActiveEvent {'gain': 1, 'state': 1})>
2019-11-25 12:22:54,546 - BDM-WAM 1574684572.352519 - INFO - <Event(4-MouseMotion {'buttons': (0, 0, 0), 'rel': (-65, -4), 'pos': (244, 521), 'window': None})>
2019-11-25 12:22:54,618 - BDM-WAM 1574684572.352519 - INFO - <Event(10-MoleUp) {'loc': (381,295)})>
2019-11-25 12:22:54,679 - BDM-WAM 1574684572.352519 - INFO - <Event(3-KeyUp {'window': None, 'key': 99, 'scancode': 46, 'mod': 0})>
2019-11-25 12:22:54,723 - BDM-WAM 1574684572.352519 - INFO - <Event(10-MoleUp) {'loc': (381,295)})>
2019-11-25 12:22:54,841 - BDM-WAM 1574684572.352519 - INFO - <Event(10-MoleUp) {'loc': (381,295)})>
2019-11-25 12:22:55,200 - BDM-WAM 1574684572.352519 - INFO - <Event(4-MouseMotion {'buttons': (0, 0, 0), 'rel': (0, -4), 'pos': (270, 491), 'window': None})>
2019-11-25 12:22:55,219 - BDM-WAM 1574684572.352519 - INFO - <Event(4-MouseMotion {'buttons': (0, 0, 0), 'rel': (0, -1), 'pos': (270, 490), 'window': None})>
2019-11-25 12:22:55,236 - BDM-WAM 1574684572.352519 - INFO - <Event(4-MouseMotion {'buttons': (0, 0, 0), 'rel': (-4, -3), 'pos': (266, 487), 'window': None})>
2019-11-25 12:22:55,253 - BDM-WAM 1574684572.352519 - INFO - <Event(4-MouseMotion {'buttons': (0, 0, 0), 'rel': (-5, -5), 'pos': (261, 482), 'window': None})>
2019-11-25 12:22:55,269 - BDM-WAM 1574684572.352519 - INFO - <Event(4-MouseMotion {'buttons': (0, 0, 0), 'rel': (-5, -4), 'pos': (256, 478), 'window': None})>
2019-11-25 12:22:55,286 - BDM-WAM 1574684572.352519 - INFO - <Event(4-MouseMotion {'buttons': (0, 0, 0), 'rel': (-3, -3), 'pos': (253, 475), 'window': None})>
2019-11-25 12:22:55,302 - BDM-WAM 1574684572.352519 - INFO - <Event(4-MouseMotion {'buttons': (0, 0, 0), 'rel': (-2, -2), 'pos': (251, 473), 'window': None})>
2019-11-25 12:22:55,319 - BDM-WAM 1574684572.352519 - INFO - <Event(4-MouseMotion {'buttons': (0, 0, 0), 'rel': (0, -6), 'pos': (251, 467), 'window': None})>
2019-11-25 12:22:55,336 - BDM-WAM 1574684572.352519 - INFO - <Event(4-MouseMotion {'buttons': (0, 0, 0), 'rel': (17, -17), 'pos': (268, 450), 'window': None})>
2019-11-25 12:22:55,352 - BDM-WAM 1574684572.352519 - INFO - <Event(4-MouseMotion {'buttons': (0, 0, 0), 'rel': (29, -20), 'pos': (297, 430), 'window': None})>
2019-11-25 12:22:55,369 - BDM-WAM 1574684572.352519 - INFO - <Event(4-MouseMotion {'buttons': (0, 0, 0), 'rel': (56, -16), 'pos': (353, 414), 'window': None})>
2019-11-25 12:22:55,386 - BDM-WAM 1574684572.352519 - INFO - <Event(4-MouseMotion {'buttons': (0, 0, 0), 'rel': (55, -6), 'pos': (408, 408), 'window': None})>
2019-11-25 12:22:55,403 - BDM-WAM 1574684572.352519 - INFO - <Event(4-MouseMotion {'buttons': (0, 0, 0), 'rel': (57, 3), 'pos': (465, 411), 'window': None})>
2019-11-25 12:22:55,420 - BDM-WAM 1574684572.352519 - INFO - <Event(4-MouseMotion {'buttons': (0, 0, 0), 'rel': (42, 1), 'pos': (507, 412), 'window': None})>
2019-11-25 12:22:55,436 - BDM-WAM 1574684572.352519 - INFO - <Event(4-MouseMotion {'buttons': (0, 0, 0), 'rel': (12, -3), 'pos': (519, 409), 'window': None})>
2019-11-25 12:22:55,454 - BDM-WAM 1574684572.352519 - INFO - <Event(4-MouseMotion {'buttons': (0, 0, 0), 'rel': (4, -6), 'pos': (523, 403), 'window': None})>
2019-11-25 12:22:55,471 - BDM-WAM 1574684572.352519 - INFO - <Event(4-MouseMotion {'buttons': (0, 0, 0), 'rel': (0, -4), 'pos': (523, 399), 'window': None})>
2019-11-25 12:22:55,677 - BDM-WAM 1574684572.352519 - INFO - <Event(4-MouseMotion {'buttons': (0, 0, 0), 'rel': (-23, -11), 'pos': (500, 388), 'window': None})>
2019-11-25 12:22:55,694 - BDM-WAM 1574684572.352519 - INFO - <Event(4-MouseMotion {'buttons': (0, 0, 0), 'rel': (-20, -6), 'pos': (480, 382), 'window': None})>
2019-11-25 12:22:55,710 - BDM-WAM 1574684572.352519 - INFO - <Event(4-MouseMotion {'buttons': (0, 0, 0), 'rel': (-16, -3), 'pos': (464, 379), 'window': None})>
2019-11-25 12:22:55,727 - BDM-WAM 1574684572.352519 - INFO - <Event(4-MouseMotion {'buttons': (0, 0, 0), 'rel': (-14, -4), 'pos': (450, 375), 'window': None})>
2019-11-25 12:22:55,744 - BDM-WAM 1574684572.352519 - INFO - <Event(4-MouseMotion {'buttons': (0, 0, 0), 'rel': (-2, 0), 'pos': (448, 375), 'window': None})>
2019-11-25 12:22:55,761 - BDM-WAM 1574684572.352519 - INFO - <Event(4-MouseMotion {'buttons': (0, 0, 0), 'rel': (-1, 0), 'pos': (447, 375), 'window': None})>
2019-11-25 12:22:55,778 - BDM-WAM 1574684572.352519 - INFO - <Event(4-MouseMotion {'buttons': (0, 0, 0), 'rel': (-1, 0), 'pos': (446, 375), 'window': None})>
2019-11-25 12:22:55,795 - BDM-WAM 1574684572.352519 - INFO - <Event(4-MouseMotion {'buttons': (0, 0, 0), 'rel': (-1, 0), 'pos': (445, 375), 'window': None})>
2019-11-25 12:22:55,837 - BDM-WAM 1574684572.352519 - INFO - <Event(10-MoleUp) {'loc': (381,295)})>
2019-11-25 12:22:55,909 - BDM-WAM 1574684572.352519 - INFO - <Event(5-MouseButtonDown {'button': 1, 'pos': (445, 375), 'window': None})>
2019-11-25 12:22:55,909 - BDM-WAM 1574684572.352519 - INFO - <Event(8-Pause {'reason': <bound method GameManager.pause of <game.GameManager object at 0x000001FC57C7D2B0>> })>
2019-11-25 12:22:56,889 - BDM-WAM 1574684572.352519 - INFO - <Event(7-Rate {'hit_conf': 1 })>
2019-11-25 12:22:57,107 - BDM-WAM 1574684572.352519 - INFO - <Event(7-Rate {'reward_conf': 1 })>
2019-11-25 12:22:57,279 - BDM-WAM 1574684572.352519 - INFO - <Event(7-Rate {'player_skill': 1 })>
2019-11-25 12:22:57,279 - BDM-WAM 1574684572.352519 - INFO - <Event(9.1-True Hit {'pos': (445,375),'distance: 102.44998779892558,'relative_loc: (64, 80),'window': None})>
2019-11-25 12:22:57,306 - BDM-WAM 1574684572.352519 - INFO - <Event(10-MoleUp) {'loc': (381,295)})>
2019-11-25 12:22:57,376 - BDM-WAM 1574684572.352519 - INFO - <Event(3-KeyUp {'window': None, 'key': 49, 'scancode': 2, 'mod': 0})>
2019-11-25 12:22:57,602 - BDM-WAM 1574684572.352519 - INFO - <Event(10-MoleUp) {'loc': (381,295)})>
2019-11-25 12:22:57,712 - BDM-WAM 1574684572.352519 - INFO - <Event(10-MoleUp) {'loc': (381,295)})>
2019-11-25 12:22:57,930 - BDM-WAM 1574684572.352519 - INFO - <Event(4-MouseMotion {'buttons': (0, 0, 0), 'rel': (-2, 13), 'pos': (507, 280), 'window': None})>
2019-11-25 12:22:57,948 - BDM-WAM 1574684572.352519 - INFO - <Event(4-MouseMotion {'buttons': (0, 0, 0), 'rel': (-2, 8), 'pos': (505, 288), 'window': None})>
2019-11-25 12:22:57,966 - BDM-WAM 1574684572.352519 - INFO - <Event(4-MouseMotion {'buttons': (0, 0, 0), 'rel': (-4, 7), 'pos': (501, 295), 'window': None})>
2019-11-25 12:22:57,983 - BDM-WAM 1574684572.352519 - INFO - <Event(4-MouseMotion {'buttons': (0, 0, 0), 'rel': (0, 1), 'pos': (501, 296), 'window': None})>
2019-11-25 12:22:57,999 - BDM-WAM 1574684572.352519 - INFO - <Event(4-MouseMotion {'buttons': (0, 0, 0), 'rel': (0, 1), 'pos': (501, 297), 'window': None})>
2019-11-25 12:22:58,034 - BDM-WAM 1574684572.352519 - INFO - <Event(4-MouseMotion {'buttons': (0, 0, 0), 'rel': (7, -3), 'pos': (508, 294), 'window': None})>
2019-11-25 12:22:58,050 - BDM-WAM 1574684572.352519 - INFO - <Event(4-MouseMotion {'buttons': (0, 0, 0), 'rel': (11, -8), 'pos': (519, 286), 'window': None})>
2019-11-25 12:22:58,066 - BDM-WAM 1574684572.352519 - INFO - <Event(4-MouseMotion {'buttons': (0, 0, 0), 'rel': (18, -11), 'pos': (537, 275), 'window': None})>
2019-11-25 12:22:58,083 - BDM-WAM 1574684572.352519 - INFO - <Event(4-MouseMotion {'buttons': (0, 0, 0), 'rel': (19, -13), 'pos': (556, 262), 'window': None})>
2019-11-25 12:22:58,100 - BDM-WAM 1574684572.352519 - INFO - <Event(4-MouseMotion {'buttons': (0, 0, 0), 'rel': (17, -8), 'pos': (573, 254), 'window': None})>
2019-11-25 12:22:58,119 - BDM-WAM 1574684572.352519 - INFO - <Event(4-MouseMotion {'buttons': (0, 0, 0), 'rel': (20, -11), 'pos': (593, 243), 'window': None})>
2019-11-25 12:22:58,135 - BDM-WAM 1574684572.352519 - INFO - <Event(4-MouseMotion {'buttons': (0, 0, 0), 'rel': (9, -4), 'pos': (602, 239), 'window': None})>
2019-11-25 12:22:58,152 - BDM-WAM 1574684572.352519 - INFO - <Event(4-MouseMotion {'buttons': (0, 0, 0), 'rel': (4, -2), 'pos': (606, 237), 'window': None})>
2019-11-25 12:22:58,170 - BDM-WAM 1574684572.352519 - INFO - <Event(4-MouseMotion {'buttons': (0, 0, 0), 'rel': (3, -1), 'pos': (609, 236), 'window': None})>
2019-11-25 12:22:58,187 - BDM-WAM 1574684572.352519 - INFO - <Event(4-MouseMotion {'buttons': (0, 0, 0), 'rel': (0, -1), 'pos': (609, 235), 'window': None})>
2019-11-25 12:22:58,223 - BDM-WAM 1574684572.352519 - INFO - <Event(10-MoleUp) {'loc': (636,366)})>
2019-11-25 12:22:58,224 - BDM-WAM 1574684572.352519 - INFO - <Event(4-MouseMotion {'buttons': (0, 0, 0), 'rel': (-10, -2), 'pos': (599, 233), 'window': None})>
2019-11-25 12:22:58,226 - BDM-WAM 1574684572.352519 - INFO - <Event(4-MouseMotion {'buttons': (0, 0, 0), 'rel': (-7, 0), 'pos': (592, 233), 'window': None})>
2019-11-25 12:22:58,242 - BDM-WAM 1574684572.352519 - INFO - <Event(4-MouseMotion {'buttons': (0, 0, 0), 'rel': (-19, 4), 'pos': (573, 237), 'window': None})>
2019-11-25 12:22:58,258 - BDM-WAM 1574684572.352519 - INFO - <Event(4-MouseMotion {'buttons': (0, 0, 0), 'rel': (-28, 10), 'pos': (545, 247), 'window': None})>
2019-11-25 12:22:58,275 - BDM-WAM 1574684572.352519 - INFO - <Event(4-MouseMotion {'buttons': (0, 0, 0), 'rel': (-24, 16), 'pos': (521, 263), 'window': None})>
2019-11-25 12:22:58,292 - BDM-WAM 1574684572.352519 - INFO - <Event(4-MouseMotion {'buttons': (0, 0, 0), 'rel': (-14, 12), 'pos': (507, 275), 'window': None})>
2019-11-25 12:22:58,335 - BDM-WAM 1574684572.352519 - INFO - <Event(10-MoleUp) {'loc': (636,366)})>
2019-11-25 12:22:58,336 - BDM-WAM 1574684572.352519 - INFO - <Event(4-MouseMotion {'buttons': (0, 0, 0), 'rel': (-13, 17), 'pos': (494, 292), 'window': None})>
2019-11-25 12:22:58,355 - BDM-WAM 1574684572.352519 - INFO - <Event(4-MouseMotion {'buttons': (0, 0, 0), 'rel': (-1, 3), 'pos': (493, 295), 'window': None})>
2019-11-25 12:22:58,371 - BDM-WAM 1574684572.352519 - INFO - <Event(4-MouseMotion {'buttons': (0, 0, 0), 'rel': (0, 1), 'pos': (493, 296), 'window': None})>
2019-11-25 12:22:58,387 - BDM-WAM 1574684572.352519 - INFO - <Event(4-MouseMotion {'buttons': (0, 0, 0), 'rel': (0, 1), 'pos': (493, 297), 'window': None})>
2019-11-25 12:22:58,404 - BDM-WAM 1574684572.352519 - INFO - <Event(4-MouseMotion {'buttons': (0, 0, 0), 'rel': (0, 2), 'pos': (493, 299), 'window': None})>
2019-11-25 12:22:58,445 - BDM-WAM 1574684572.352519 - INFO - <Event(10-MoleUp) {'loc': (636,366)})>
2019-11-25 12:22:58,447 - BDM-WAM 1574684572.352519 - INFO - <Event(4-MouseMotion {'buttons': (0, 0, 0), 'rel': (-36, 36), 'pos': (457, 335), 'window': None})>
2019-11-25 12:22:58,465 - BDM-WAM 1574684572.352519 - INFO - <Event(4-MouseMotion {'buttons': (0, 0, 0), 'rel': (-4, 3), 'pos': (453, 338), 'window': None})>
2019-11-25 12:22:58,483 - BDM-WAM 1574684572.352519 - INFO - <Event(4-MouseMotion {'buttons': (0, 0, 0), 'rel': (-2, 2), 'pos': (451, 340), 'window': None})>
2019-11-25 12:22:58,500 - BDM-WAM 1574684572.352519 - INFO - <Event(4-MouseMotion {'buttons': (0, 0, 0), 'rel': (0, 1), 'pos': (451, 341), 'window': None})>
2019-11-25 12:22:58,517 - BDM-WAM 1574684572.352519 - INFO - <Event(4-MouseMotion {'buttons': (0, 0, 0), 'rel': (55, 10), 'pos': (506, 351), 'window': None})>
2019-11-25 12:22:58,534 - BDM-WAM 1574684572.352519 - INFO - <Event(4-MouseMotion {'buttons': (0, 0, 0), 'rel': (94, 21), 'pos': (600, 372), 'window': None})>
2019-11-25 12:22:58,550 - BDM-WAM 1574684572.352519 - INFO - <Event(4-MouseMotion {'buttons': (0, 0, 0), 'rel': (62, 19), 'pos': (662, 391), 'window': None})>
2019-11-25 12:22:58,568 - BDM-WAM 1574684572.352519 - INFO - <Event(4-MouseMotion {'buttons': (0, 0, 0), 'rel': (29, 12), 'pos': (691, 403), 'window': None})>
2019-11-25 12:22:58,585 - BDM-WAM 1574684572.352519 - INFO - <Event(4-MouseMotion {'buttons': (0, 0, 0), 'rel': (13, 6), 'pos': (704, 409), 'window': None})>
2019-11-25 12:22:58,602 - BDM-WAM 1574684572.352519 - INFO - <Event(4-MouseMotion {'buttons': (0, 0, 0), 'rel': (7, 3), 'pos': (711, 412), 'window': None})>
2019-11-25 12:22:58,618 - BDM-WAM 1574684572.352519 - INFO - <Event(4-MouseMotion {'buttons': (0, 0, 0), 'rel': (2, 2), 'pos': (713, 414), 'window': None})>
2019-11-25 12:22:58,636 - BDM-WAM 1574684572.352519 - INFO - <Event(4-MouseMotion {'buttons': (0, 0, 0), 'rel': (1, 0), 'pos': (714, 414), 'window': None})>
2019-11-25 12:22:58,670 - BDM-WAM 1574684572.352519 - INFO - <Event(4-MouseMotion {'buttons': (0, 0, 0), 'rel': (0, 1), 'pos': (714, 415), 'window': None})>
2019-11-25 12:22:58,721 - BDM-WAM 1574684572.352519 - INFO - <Event(4-MouseMotion {'buttons': (0, 0, 0), 'rel': (-1, 1), 'pos': (713, 416), 'window': None})>
2019-11-25 12:22:58,824 - BDM-WAM 1574684572.352519 - INFO - <Event(4-MouseMotion {'buttons': (0, 0, 0), 'rel': (-3, 1), 'pos': (710, 417), 'window': None})>
2019-11-25 12:22:58,840 - BDM-WAM 1574684572.352519 - INFO - <Event(4-MouseMotion {'buttons': (0, 0, 0), 'rel': (-5, 2), 'pos': (705, 419), 'window': None})>
2019-11-25 12:22:58,858 - BDM-WAM 1574684572.352519 - INFO - <Event(4-MouseMotion {'buttons': (0, 0, 0), 'rel': (-10, 4), 'pos': (695, 423), 'window': None})>
2019-11-25 12:22:58,875 - BDM-WAM 1574684572.352519 - INFO - <Event(4-MouseMotion {'buttons': (0, 0, 0), 'rel': (-10, 0), 'pos': (685, 423), 'window': None})>
2019-11-25 12:22:58,892 - BDM-WAM 1574684572.352519 - INFO - <Event(4-MouseMotion {'buttons': (0, 0, 0), 'rel': (-13, 0), 'pos': (672, 423), 'window': None})>
2019-11-25 12:22:58,909 - BDM-WAM 1574684572.352519 - INFO - <Event(4-MouseMotion {'buttons': (0, 0, 0), 'rel': (-7, -1), 'pos': (665, 422), 'window': None})>
2019-11-25 12:22:59,045 - BDM-WAM 1574684572.352519 - INFO - <Event(5-MouseButtonDown {'button': 1, 'pos': (665, 422), 'window': None})>
2019-11-25 12:22:59,045 - BDM-WAM 1574684572.352519 - INFO - <Event(8-Pause {'reason': <bound method GameManager.pause of <game.GameManager object at 0x000001FC57C7D2B0>> })>
2019-11-25 12:22:59,744 - BDM-WAM 1574684572.352519 - INFO - <Event(7-Rate {'hit_conf': 2 })>
2019-11-25 12:22:59,938 - BDM-WAM 1574684572.352519 - INFO - <Event(7-Rate {'reward_conf': 2 })>
2019-11-25 12:23:00,155 - BDM-WAM 1574684572.352519 - INFO - <Event(7-Rate {'player_skill': 2 })>
2019-11-25 12:23:00,155 - BDM-WAM 1574684572.352519 - INFO - <Event(9.1-True Hit {'pos': (665,422),'distance: 63.06346010171025,'relative_loc: (29, 56),'window': None})>
2019-11-25 12:23:00,197 - BDM-WAM 1574684572.352519 - INFO - <Event(10-MoleUp) {'loc': (636,366)})>
2019-11-25 12:23:00,200 - BDM-WAM 1574684572.352519 - INFO - <Event(3-KeyUp {'window': None, 'key': 50, 'scancode': 3, 'mod': 0})>
2019-11-25 12:23:00,500 - BDM-WAM 1574684572.352519 - INFO - <Event(10-MoleUp) {'loc': (636,366)})>
2019-11-25 12:23:00,613 - BDM-WAM 1574684572.352519 - INFO - <Event(10-MoleUp) {'loc': (636,366)})>
2019-11-25 12:23:00,735 - BDM-WAM 1574684572.352519 - INFO - <Event(4-MouseMotion {'buttons': (0, 0, 0), 'rel': (-6, 9), 'pos': (659, 431), 'window': None})>
2019-11-25 12:23:00,752 - BDM-WAM 1574684572.352519 - INFO - <Event(4-MouseMotion {'buttons': (0, 0, 0), 'rel': (-16, 20), 'pos': (643, 451), 'window': None})>
2019-11-25 12:23:00,769 - BDM-WAM 1574684572.352519 - INFO - <Event(4-MouseMotion {'buttons': (0, 0, 0), 'rel': (-31, 20), 'pos': (612, 471), 'window': None})>
2019-11-25 12:23:00,786 - BDM-WAM 1574684572.352519 - INFO - <Event(4-MouseMotion {'buttons': (0, 0, 0), 'rel': (-58, 16), 'pos': (554, 487), 'window': None})>
2019-11-25 12:23:00,802 - BDM-WAM 1574684572.352519 - INFO - <Event(4-MouseMotion {'buttons': (0, 0, 0), 'rel': (-42, -5), 'pos': (512, 482), 'window': None})>
2019-11-25 12:23:00,820 - BDM-WAM 1574684572.352519 - INFO - <Event(4-MouseMotion {'buttons': (0, 0, 0), 'rel': (-31, -20), 'pos': (481, 462), 'window': None})>
2019-11-25 12:23:00,836 - BDM-WAM 1574684572.352519 - INFO - <Event(4-MouseMotion {'buttons': (0, 0, 0), 'rel': (-20, -19), 'pos': (461, 443), 'window': None})>
2019-11-25 12:23:01,116 - BDM-WAM 1574684572.352519 - INFO - <Event(10-MoleUp) {'loc': (404,479)})>
2019-11-25 12:23:01,118 - BDM-WAM 1574684572.352519 - INFO - <Event(4-MouseMotion {'buttons': (0, 0, 0), 'rel': (-92, 19), 'pos': (369, 462), 'window': None})>
2019-11-25 12:23:01,135 - BDM-WAM 1574684572.352519 - INFO - <Event(4-MouseMotion {'buttons': (0, 0, 0), 'rel': (-52, -11), 'pos': (317, 451), 'window': None})>
2019-11-25 12:23:01,153 - BDM-WAM 1574684572.352519 - INFO - <Event(4-MouseMotion {'buttons': (0, 0, 0), 'rel': (-33, -16), 'pos': (284, 435), 'window': None})>
2019-11-25 12:23:01,170 - BDM-WAM 1574684572.352519 - INFO - <Event(4-MouseMotion {'buttons': (0, 0, 0), 'rel': (-31, -21), 'pos': (253, 414), 'window': None})>
2019-11-25 12:23:01,187 - BDM-WAM 1574684572.352519 - INFO - <Event(4-MouseMotion {'buttons': (0, 0, 0), 'rel': (-13, -9), 'pos': (240, 405), 'window': None})>
2019-11-25 12:23:01,231 - BDM-WAM 1574684572.352519 - INFO - <Event(10-MoleUp) {'loc': (404,479)})>
2019-11-25 12:23:01,232 - BDM-WAM 1574684572.352519 - INFO - <Event(4-MouseMotion {'buttons': (0, 0, 0), 'rel': (-16, -26), 'pos': (224, 379), 'window': None})>
2019-11-25 12:23:01,253 - BDM-WAM 1574684572.352519 - INFO - <Event(4-MouseMotion {'buttons': (0, 0, 0), 'rel': (1, -13), 'pos': (225, 366), 'window': None})>
2019-11-25 12:23:01,270 - BDM-WAM 1574684572.352519 - INFO - <Event(4-MouseMotion {'buttons': (0, 0, 0), 'rel': (6, -7), 'pos': (231, 359), 'window': None})>
2019-11-25 12:23:01,287 - BDM-WAM 1574684572.352519 - INFO - <Event(4-MouseMotion {'buttons': (0, 0, 0), 'rel': (14, -10), 'pos': (245, 349), 'window': None})>
2019-11-25 12:23:01,327 - BDM-WAM 1574684572.352519 - INFO - <Event(10-MoleUp) {'loc': (404,479)})>
2019-11-25 12:23:01,328 - BDM-WAM 1574684572.352519 - INFO - <Event(4-MouseMotion {'buttons': (0, 0, 0), 'rel': (61, -17), 'pos': (306, 332), 'window': None})>
2019-11-25 12:23:01,347 - BDM-WAM 1574684572.352519 - INFO - <Event(4-MouseMotion {'buttons': (0, 0, 0), 'rel': (15, -2), 'pos': (321, 330), 'window': None})>
2019-11-25 12:23:01,363 - BDM-WAM 1574684572.352519 - INFO - <Event(4-MouseMotion {'buttons': (0, 0, 0), 'rel': (7, 0), 'pos': (328, 330), 'window': None})>
2019-11-25 12:23:01,380 - BDM-WAM 1574684572.352519 - INFO - <Event(4-MouseMotion {'buttons': (0, 0, 0), 'rel': (5, 0), 'pos': (333, 330), 'window': None})>
2019-11-25 12:23:01,397 - BDM-WAM 1574684572.352519 - INFO - <Event(4-MouseMotion {'buttons': (0, 0, 0), 'rel': (3, 0), 'pos': (336, 330), 'window': None})>
2019-11-25 12:23:01,414 - BDM-WAM 1574684572.352519 - INFO - <Event(4-MouseMotion {'buttons': (0, 0, 0), 'rel': (2, 0), 'pos': (338, 330), 'window': None})>
2019-11-25 12:23:01,448 - BDM-WAM 1574684572.352519 - INFO - <Event(4-MouseMotion {'buttons': (0, 0, 0), 'rel': (2, 0), 'pos': (340, 330), 'window': None})>
2019-11-25 12:23:01,466 - BDM-WAM 1574684572.352519 - INFO - <Event(4-MouseMotion {'buttons': (0, 0, 0), 'rel': (1, -1), 'pos': (341, 329), 'window': None})>
2019-11-25 12:23:01,483 - BDM-WAM 1574684572.352519 - INFO - <Event(4-MouseMotion {'buttons': (0, 0, 0), 'rel': (8, -2), 'pos': (349, 327), 'window': None})>
2019-11-25 12:23:01,500 - BDM-WAM 1574684572.352519 - INFO - <Event(4-MouseMotion {'buttons': (0, 0, 0), 'rel': (13, -3), 'pos': (362, 324), 'window': None})>
2019-11-25 12:23:01,517 - BDM-WAM 1574684572.352519 - INFO - <Event(4-MouseMotion {'buttons': (0, 0, 0), 'rel': (19, 2), 'pos': (381, 326), 'window': None})>
2019-11-25 12:23:01,534 - BDM-WAM 1574684572.352519 - INFO - <Event(4-MouseMotion {'buttons': (0, 0, 0), 'rel': (20, 12), 'pos': (401, 338), 'window': None})>
2019-11-25 12:23:01,551 - BDM-WAM 1574684572.352519 - INFO - <Event(4-MouseMotion {'buttons': (0, 0, 0), 'rel': (20, 32), 'pos': (421, 370), 'window': None})>
2019-11-25 12:23:01,568 - BDM-WAM 1574684572.352519 - INFO - <Event(4-MouseMotion {'buttons': (0, 0, 0), 'rel': (28, 92), 'pos': (449, 462), 'window': None})>
2019-11-25 12:23:01,584 - BDM-WAM 1574684572.352519 - INFO - <Event(4-MouseMotion {'buttons': (0, 0, 0), 'rel': (5, 37), 'pos': (454, 499), 'window': None})>
2019-11-25 12:23:01,601 - BDM-WAM 1574684572.352519 - INFO - <Event(4-MouseMotion {'buttons': (0, 0, 0), 'rel': (0, 16), 'pos': (454, 515), 'window': None})>
2019-11-25 12:23:01,619 - BDM-WAM 1574684572.352519 - INFO - <Event(4-MouseMotion {'buttons': (0, 0, 0), 'rel': (0, 7), 'pos': (454, 522), 'window': None})>
2019-11-25 12:23:01,636 - BDM-WAM 1574684572.352519 - INFO - <Event(4-MouseMotion {'buttons': (0, 0, 0), 'rel': (0, 5), 'pos': (454, 527), 'window': None})>
2019-11-25 12:23:01,670 - BDM-WAM 1574684572.352519 - INFO - <Event(4-MouseMotion {'buttons': (0, 0, 0), 'rel': (0, 1), 'pos': (454, 528), 'window': None})>
2019-11-25 12:23:01,687 - BDM-WAM 1574684572.352519 - INFO - <Event(4-MouseMotion {'buttons': (0, 0, 0), 'rel': (0, 2), 'pos': (454, 530), 'window': None})>
2019-11-25 12:23:01,705 - BDM-WAM 1574684572.352519 - INFO - <Event(4-MouseMotion {'buttons': (0, 0, 0), 'rel': (0, 1), 'pos': (454, 531), 'window': None})>
2019-11-25 12:23:01,839 - BDM-WAM 1574684572.352519 - INFO - <Event(4-MouseMotion {'buttons': (0, 0, 0), 'rel': (-1, 0), 'pos': (453, 531), 'window': None})>
2019-11-25 12:23:01,941 - BDM-WAM 1574684572.352519 - INFO - <Event(5-MouseButtonDown {'button': 1, 'pos': (453, 531), 'window': None})>
2019-11-25 12:23:01,941 - BDM-WAM 1574684572.352519 - INFO - <Event(8-Pause {'reason': <bound method GameManager.pause of <game.GameManager object at 0x000001FC57C7D2B0>> })>
2019-11-25 12:23:02,443 - BDM-WAM 1574684572.352519 - INFO - <Event(7-Rate {'hit_conf': 3 })>
2019-11-25 12:23:02,616 - BDM-WAM 1574684572.352519 - INFO - <Event(7-Rate {'reward_conf': 3 })>
2019-11-25 12:23:02,782 - BDM-WAM 1574684572.352519 - INFO - <Event(7-Rate {'player_skill': 3 })>
2019-11-25 12:23:02,782 - BDM-WAM 1574684572.352519 - INFO - <Event(9.1-True Hit {'pos': (453,531),'distance: 71.449282711585,'relative_loc: (49, 52),'window': None})>
2019-11-25 12:23:02,807 - BDM-WAM 1574684572.352519 - INFO - <Event(10-MoleUp) {'loc': (404,479)})>
2019-11-25 12:23:02,878 - BDM-WAM 1574684572.352519 - INFO - <Event(3-KeyUp {'window': None, 'key': 51, 'scancode': 4, 'mod': 0})>
2019-11-25 12:23:03,120 - BDM-WAM 1574684572.352519 - INFO - <Event(10-MoleUp) {'loc': (404,479)})>
2019-11-25 12:23:03,229 - BDM-WAM 1574684572.352519 - INFO - <Event(10-MoleUp) {'loc': (404,479)})>
2019-11-25 12:23:03,483 - BDM-WAM 1574684572.352519 - INFO - <Event(4-MouseMotion {'buttons': (0, 0, 0), 'rel': (-14, 16), 'pos': (439, 547), 'window': None})>
2019-11-25 12:23:03,501 - BDM-WAM 1574684572.352519 - INFO - <Event(4-MouseMotion {'buttons': (0, 0, 0), 'rel': (-19, 12), 'pos': (420, 559), 'window': None})>
2019-11-25 12:23:03,518 - BDM-WAM 1574684572.352519 - INFO - <Event(4-MouseMotion {'buttons': (0, 0, 0), 'rel': (-34, 7), 'pos': (386, 566), 'window': None})>
2019-11-25 12:23:03,535 - BDM-WAM 1574684572.352519 - INFO - <Event(4-MouseMotion {'buttons': (0, 0, 0), 'rel': (-41, -2), 'pos': (345, 564), 'window': None})>
2019-11-25 12:23:03,553 - BDM-WAM 1574684572.352519 - INFO - <Event(4-MouseMotion {'buttons': (0, 0, 0), 'rel': (-56, -17), 'pos': (289, 547), 'window': None})>
2019-11-25 12:23:03,569 - BDM-WAM 1574684572.352519 - INFO - <Event(4-MouseMotion {'buttons': (0, 0, 0), 'rel': (-34, -17), 'pos': (255, 530), 'window': None})>
2019-11-25 12:23:03,586 - BDM-WAM 1574684572.352519 - INFO - <Event(4-MouseMotion {'buttons': (0, 0, 0), 'rel': (-19, -15), 'pos': (236, 515), 'window': None})>
2019-11-25 12:23:03,603 - BDM-WAM 1574684572.352519 - INFO - <Event(4-MouseMotion {'buttons': (0, 0, 0), 'rel': (-15, -14), 'pos': (221, 501), 'window': None})>
2019-11-25 12:23:03,620 - BDM-WAM 1574684572.352519 - INFO - <Event(4-MouseMotion {'buttons': (0, 0, 0), 'rel': (-9, -10), 'pos': (212, 491), 'window': None})>
2019-11-25 12:23:03,636 - BDM-WAM 1574684572.352519 - INFO - <Event(4-MouseMotion {'buttons': (0, 0, 0), 'rel': (-6, -8), 'pos': (206, 483), 'window': None})>
2019-11-25 12:23:03,654 - BDM-WAM 1574684572.352519 - INFO - <Event(4-MouseMotion {'buttons': (0, 0, 0), 'rel': (-2, -4), 'pos': (204, 479), 'window': None})>
2019-11-25 12:23:03,672 - BDM-WAM 1574684572.352519 - INFO - <Event(4-MouseMotion {'buttons': (0, 0, 0), 'rel': (-1, -2), 'pos': (203, 477), 'window': None})>
2019-11-25 12:23:03,689 - BDM-WAM 1574684572.352519 - INFO - <Event(4-MouseMotion {'buttons': (0, 0, 0), 'rel': (0, -3), 'pos': (203, 474), 'window': None})>
2019-11-25 12:23:03,706 - BDM-WAM 1574684572.352519 - INFO - <Event(4-MouseMotion {'buttons': (0, 0, 0), 'rel': (2, -5), 'pos': (205, 469), 'window': None})>
2019-11-25 12:23:03,749 - BDM-WAM 1574684572.352519 - INFO - <Event(10-MoleUp) {'loc': (381,295)})>
2019-11-25 12:23:03,750 - BDM-WAM 1574684572.352519 - INFO - <Event(4-MouseMotion {'buttons': (0, 0, 0), 'rel': (36, -6), 'pos': (241, 463), 'window': None})>
2019-11-25 12:23:03,753 - BDM-WAM 1574684572.352519 - INFO - <Event(4-MouseMotion {'buttons': (0, 0, 0), 'rel': (6, 0), 'pos': (247, 463), 'window': None})>
2019-11-25 12:23:03,770 - BDM-WAM 1574684572.352519 - INFO - <Event(4-MouseMotion {'buttons': (0, 0, 0), 'rel': (10, 4), 'pos': (257, 467), 'window': None})>
2019-11-25 12:23:03,787 - BDM-WAM 1574684572.352519 - INFO - <Event(4-MouseMotion {'buttons': (0, 0, 0), 'rel': (2, 3), 'pos': (259, 470), 'window': None})>
2019-11-25 12:23:03,803 - BDM-WAM 1574684572.352519 - INFO - <Event(4-MouseMotion {'buttons': (0, 0, 0), 'rel': (2, 1), 'pos': (261, 471), 'window': None})>
2019-11-25 12:23:03,820 - BDM-WAM 1574684572.352519 - INFO - <Event(4-MouseMotion {'buttons': (0, 0, 0), 'rel': (0, 4), 'pos': (261, 475), 'window': None})>
2019-11-25 12:23:03,864 - BDM-WAM 1574684572.352519 - INFO - <Event(10-MoleUp) {'loc': (381,295)})>
2019-11-25 12:23:03,865 - BDM-WAM 1574684572.352519 - INFO - <Event(4-MouseMotion {'buttons': (0, 0, 0), 'rel': (-3, 2), 'pos': (258, 477), 'window': None})>
2019-11-25 12:23:03,868 - BDM-WAM 1574684572.352519 - INFO - <Event(4-MouseMotion {'buttons': (0, 0, 0), 'rel': (-1, 0), 'pos': (257, 477), 'window': None})>
2019-11-25 12:23:03,884 - BDM-WAM 1574684572.352519 - INFO - <Event(4-MouseMotion {'buttons': (0, 0, 0), 'rel': (-3, 0), 'pos': (254, 477), 'window': None})>
2019-11-25 12:23:03,901 - BDM-WAM 1574684572.352519 - INFO - <Event(4-MouseMotion {'buttons': (0, 0, 0), 'rel': (-6, -2), 'pos': (248, 475), 'window': None})>
2019-11-25 12:23:03,918 - BDM-WAM 1574684572.352519 - INFO - <Event(4-MouseMotion {'buttons': (0, 0, 0), 'rel': (-7, -8), 'pos': (241, 467), 'window': None})>
2019-11-25 12:23:03,936 - BDM-WAM 1574684572.352519 - INFO - <Event(4-MouseMotion {'buttons': (0, 0, 0), 'rel': (-12, -16), 'pos': (229, 451), 'window': None})>
2019-11-25 12:23:03,977 - BDM-WAM 1574684572.352519 - INFO - <Event(10-MoleUp) {'loc': (381,295)})>
2019-11-25 12:23:03,979 - BDM-WAM 1574684572.352519 - INFO - <Event(4-MouseMotion {'buttons': (0, 0, 0), 'rel': (-7, -35), 'pos': (222, 416), 'window': None})>
2019-11-25 12:23:03,997 - BDM-WAM 1574684572.352519 - INFO - <Event(4-MouseMotion {'buttons': (0, 0, 0), 'rel': (29, -61), 'pos': (251, 355), 'window': None})>
2019-11-25 12:23:04,014 - BDM-WAM 1574684572.352519 - INFO - <Event(4-MouseMotion {'buttons': (0, 0, 0), 'rel': (26, -30), 'pos': (277, 325), 'window': None})>
2019-11-25 12:23:04,031 - BDM-WAM 1574684572.352519 - INFO - <Event(4-MouseMotion {'buttons': (0, 0, 0), 'rel': (34, -24), 'pos': (311, 301), 'window': None})>
2019-11-25 12:23:04,049 - BDM-WAM 1574684572.352519 - INFO - <Event(4-MouseMotion {'buttons': (0, 0, 0), 'rel': (39, -17), 'pos': (350, 284), 'window': None})>
2019-11-25 12:23:04,066 - BDM-WAM 1574684572.352519 - INFO - <Event(4-MouseMotion {'buttons': (0, 0, 0), 'rel': (30, -6), 'pos': (380, 278), 'window': None})>
2019-11-25 12:23:04,082 - BDM-WAM 1574684572.352519 - INFO - <Event(4-MouseMotion {'buttons': (0, 0, 0), 'rel': (13, 1), 'pos': (393, 279), 'window': None})>
2019-11-25 12:23:04,100 - BDM-WAM 1574684572.352519 - INFO - <Event(4-MouseMotion {'buttons': (0, 0, 0), 'rel': (10, 4), 'pos': (403, 283), 'window': None})>
2019-11-25 12:23:04,117 - BDM-WAM 1574684572.352519 - INFO - <Event(4-MouseMotion {'buttons': (0, 0, 0), 'rel': (10, 5), 'pos': (413, 288), 'window': None})>
2019-11-25 12:23:04,134 - BDM-WAM 1574684572.352519 - INFO - <Event(4-MouseMotion {'buttons': (0, 0, 0), 'rel': (6, 5), 'pos': (419, 293), 'window': None})>
2019-11-25 12:23:04,151 - BDM-WAM 1574684572.352519 - INFO - <Event(4-MouseMotion {'buttons': (0, 0, 0), 'rel': (6, 6), 'pos': (425, 299), 'window': None})>
2019-11-25 12:23:04,168 - BDM-WAM 1574684572.352519 - INFO - <Event(4-MouseMotion {'buttons': (0, 0, 0), 'rel': (3, 0), 'pos': (428, 299), 'window': None})>
2019-11-25 12:23:04,185 - BDM-WAM 1574684572.352519 - INFO - <Event(4-MouseMotion {'buttons': (0, 0, 0), 'rel': (1, 1), 'pos': (429, 300), 'window': None})>
2019-11-25 12:23:04,203 - BDM-WAM 1574684572.352519 - INFO - <Event(4-MouseMotion {'buttons': (0, 0, 0), 'rel': (0, 1), 'pos': (429, 301), 'window': None})>
2019-11-25 12:23:04,236 - BDM-WAM 1574684572.352519 - INFO - <Event(4-MouseMotion {'buttons': (0, 0, 0), 'rel': (0, 3), 'pos': (429, 304), 'window': None})>
2019-11-25 12:23:04,253 - BDM-WAM 1574684572.352519 - INFO - <Event(4-MouseMotion {'buttons': (0, 0, 0), 'rel': (0, 3), 'pos': (429, 307), 'window': None})>
2019-11-25 12:23:04,270 - BDM-WAM 1574684572.352519 - INFO - <Event(4-MouseMotion {'buttons': (0, 0, 0), 'rel': (-1, 0), 'pos': (428, 307), 'window': None})>
2019-11-25 12:23:04,287 - BDM-WAM 1574684572.352519 - INFO - <Event(4-MouseMotion {'buttons': (0, 0, 0), 'rel': (0, 1), 'pos': (428, 308), 'window': None})>
2019-11-25 12:23:04,303 - BDM-WAM 1574684572.352519 - INFO - <Event(4-MouseMotion {'buttons': (0, 0, 0), 'rel': (-2, 2), 'pos': (426, 310), 'window': None})>
2019-11-25 12:23:04,321 - BDM-WAM 1574684572.352519 - INFO - <Event(4-MouseMotion {'buttons': (0, 0, 0), 'rel': (-1, 1), 'pos': (425, 311), 'window': None})>
2019-11-25 12:23:04,338 - BDM-WAM 1574684572.352519 - INFO - <Event(4-MouseMotion {'buttons': (0, 0, 0), 'rel': (0, 4), 'pos': (425, 315), 'window': None})>
2019-11-25 12:23:04,355 - BDM-WAM 1574684572.352519 - INFO - <Event(4-MouseMotion {'buttons': (0, 0, 0), 'rel': (-2, 4), 'pos': (423, 319), 'window': None})>
2019-11-25 12:23:04,372 - BDM-WAM 1574684572.352519 - INFO - <Event(4-MouseMotion {'buttons': (0, 0, 0), 'rel': (0, 8), 'pos': (423, 327), 'window': None})>
2019-11-25 12:23:04,389 - BDM-WAM 1574684572.352519 - INFO - <Event(4-MouseMotion {'buttons': (0, 0, 0), 'rel': (0, 4), 'pos': (423, 331), 'window': None})>
2019-11-25 12:23:04,406 - BDM-WAM 1574684572.352519 - INFO - <Event(4-MouseMotion {'buttons': (0, 0, 0), 'rel': (0, 4), 'pos': (423, 335), 'window': None})>
2019-11-25 12:23:04,528 - BDM-WAM 1574684572.352519 - INFO - <Event(5-MouseButtonDown {'button': 1, 'pos': (423, 335), 'window': None})>
2019-11-25 12:23:04,528 - BDM-WAM 1574684572.352519 - INFO - <Event(8-Pause {'reason': <bound method GameManager.pause of <game.GameManager object at 0x000001FC57C7D2B0>> })>
2019-11-25 12:23:05,096 - BDM-WAM 1574684572.352519 - INFO - <Event(7-Rate {'hit_conf': 1 })>
2019-11-25 12:23:05,287 - BDM-WAM 1574684572.352519 - INFO - <Event(7-Rate {'reward_conf': 1 })>
2019-11-25 12:23:05,468 - BDM-WAM 1574684572.352519 - INFO - <Event(7-Rate {'player_skill': 1 })>
2019-11-25 12:23:05,468 - BDM-WAM 1574684572.352519 - INFO - <Event(9.1-True Hit {'pos': (423,335),'distance: 58.0,'relative_loc: (42, 40),'window': None})>
2019-11-25 12:23:05,498 - BDM-WAM 1574684572.352519 - INFO - <Event(10-MoleUp) {'loc': (381,295)})>
2019-11-25 12:23:05,570 - BDM-WAM 1574684572.352519 - INFO - <Event(3-KeyUp {'window': None, 'key': 49, 'scancode': 2, 'mod': 0})>
2019-11-25 12:23:05,801 - BDM-WAM 1574684572.352519 - INFO - <Event(10-MoleUp) {'loc': (381,295)})>
2019-11-25 12:23:05,915 - BDM-WAM 1574684572.352519 - INFO - <Event(10-MoleUp) {'loc': (381,295)})>
2019-11-25 12:23:06,076 - BDM-WAM 1574684572.352519 - INFO - <Event(4-MouseMotion {'buttons': (0, 0, 0), 'rel': (-14, -3), 'pos': (409, 332), 'window': None})>
2019-11-25 12:23:06,094 - BDM-WAM 1574684572.352519 - INFO - <Event(4-MouseMotion {'buttons': (0, 0, 0), 'rel': (-8, -7), 'pos': (401, 325), 'window': None})>
2019-11-25 12:23:06,110 - BDM-WAM 1574684572.352519 - INFO - <Event(4-MouseMotion {'buttons': (0, 0, 0), 'rel': (-10, -14), 'pos': (391, 311), 'window': None})>
2019-11-25 12:23:06,127 - BDM-WAM 1574684572.352519 - INFO - <Event(4-MouseMotion {'buttons': (0, 0, 0), 'rel': (-12, -24), 'pos': (379, 287), 'window': None})>
2019-11-25 12:23:06,144 - BDM-WAM 1574684572.352519 - INFO - <Event(4-MouseMotion {'buttons': (0, 0, 0), 'rel': (-2, -15), 'pos': (377, 272), 'window': None})>
2019-11-25 12:23:06,161 - BDM-WAM 1574684572.352519 - INFO - <Event(4-MouseMotion {'buttons': (0, 0, 0), 'rel': (0, -16), 'pos': (377, 256), 'window': None})>
2019-11-25 12:23:06,178 - BDM-WAM 1574684572.352519 - INFO - <Event(4-MouseMotion {'buttons': (0, 0, 0), 'rel': (4, -12), 'pos': (381, 244), 'window': None})>
2019-11-25 12:23:06,195 - BDM-WAM 1574684572.352519 - INFO - <Event(4-MouseMotion {'buttons': (0, 0, 0), 'rel': (4, -9), 'pos': (385, 235), 'window': None})>
2019-11-25 12:23:06,212 - BDM-WAM 1574684572.352519 - INFO - <Event(4-MouseMotion {'buttons': (0, 0, 0), 'rel': (8, -11), 'pos': (393, 224), 'window': None})>
2019-11-25 12:23:06,229 - BDM-WAM 1574684572.352519 - INFO - <Event(4-MouseMotion {'buttons': (0, 0, 0), 'rel': (5, -5), 'pos': (398, 219), 'window': None})>
2019-11-25 12:23:06,245 - BDM-WAM 1574684572.352519 - INFO - <Event(4-MouseMotion {'buttons': (0, 0, 0), 'rel': (10, -5), 'pos': (408, 214), 'window': None})>
2019-11-25 12:23:06,262 - BDM-WAM 1574684572.352519 - INFO - <Event(4-MouseMotion {'buttons': (0, 0, 0), 'rel': (12, -5), 'pos': (420, 209), 'window': None})>
2019-11-25 12:23:06,281 - BDM-WAM 1574684572.352519 - INFO - <Event(4-MouseMotion {'buttons': (0, 0, 0), 'rel': (19, -3), 'pos': (439, 206), 'window': None})>
2019-11-25 12:23:06,297 - BDM-WAM 1574684572.352519 - INFO - <Event(4-MouseMotion {'buttons': (0, 0, 0), 'rel': (11, 0), 'pos': (450, 206), 'window': None})>
2019-11-25 12:23:06,315 - BDM-WAM 1574684572.352519 - INFO - <Event(4-MouseMotion {'buttons': (0, 0, 0), 'rel': (7, 0), 'pos': (457, 206), 'window': None})>
2019-11-25 12:23:06,332 - BDM-WAM 1574684572.352519 - INFO - <Event(4-MouseMotion {'buttons': (0, 0, 0), 'rel': (5, -2), 'pos': (462, 204), 'window': None})>
2019-11-25 12:23:06,348 - BDM-WAM 1574684572.352519 - INFO - <Event(4-MouseMotion {'buttons': (0, 0, 0), 'rel': (3, -1), 'pos': (465, 203), 'window': None})>
2019-11-25 12:23:06,365 - BDM-WAM 1574684572.352519 - INFO - <Event(4-MouseMotion {'buttons': (0, 0, 0), 'rel': (5, -5), 'pos': (470, 198), 'window': None})>
2019-11-25 12:23:06,382 - BDM-WAM 1574684572.352519 - INFO - <Event(4-MouseMotion {'buttons': (0, 0, 0), 'rel': (4, -4), 'pos': (474, 194), 'window': None})>
2019-11-25 12:23:06,416 - BDM-WAM 1574684572.352519 - INFO - <Event(10-MoleUp) {'loc': (179,169)})>
2019-11-25 12:23:06,417 - BDM-WAM 1574684572.352519 - INFO - <Event(4-MouseMotion {'buttons': (0, 0, 0), 'rel': (7, -8), 'pos': (481, 186), 'window': None})>
2019-11-25 12:23:06,419 - BDM-WAM 1574684572.352519 - INFO - <Event(4-MouseMotion {'buttons': (0, 0, 0), 'rel': (3, -2), 'pos': (484, 184), 'window': None})>
2019-11-25 12:23:06,434 - BDM-WAM 1574684572.352519 - INFO - <Event(4-MouseMotion {'buttons': (0, 0, 0), 'rel': (3, -3), 'pos': (487, 181), 'window': None})>
2019-11-25 12:23:06,452 - BDM-WAM 1574684572.352519 - INFO - <Event(4-MouseMotion {'buttons': (0, 0, 0), 'rel': (3, -4), 'pos': (490, 177), 'window': None})>
2019-11-25 12:23:06,469 - BDM-WAM 1574684572.352519 - INFO - <Event(4-MouseMotion {'buttons': (0, 0, 0), 'rel': (5, -4), 'pos': (495, 173), 'window': None})>
2019-11-25 12:23:06,486 - BDM-WAM 1574684572.352519 - INFO - <Event(4-MouseMotion {'buttons': (0, 0, 0), 'rel': (5, -4), 'pos': (500, 169), 'window': None})>
2019-11-25 12:23:06,522 - BDM-WAM 1574684572.352519 - INFO - <Event(10-MoleUp) {'loc': (179,169)})>
2019-11-25 12:23:06,523 - BDM-WAM 1574684572.352519 - INFO - <Event(4-MouseMotion {'buttons': (0, 0, 0), 'rel': (13, -6), 'pos': (513, 163), 'window': None})>
2019-11-25 12:23:06,542 - BDM-WAM 1574684572.352519 - INFO - <Event(4-MouseMotion {'buttons': (0, 0, 0), 'rel': (4, -1), 'pos': (517, 162), 'window': None})>
2019-11-25 12:23:06,559 - BDM-WAM 1574684572.352519 - INFO - <Event(4-MouseMotion {'buttons': (0, 0, 0), 'rel': (3, 0), 'pos': (520, 162), 'window': None})>
2019-11-25 12:23:06,575 - BDM-WAM 1574684572.352519 - INFO - <Event(4-MouseMotion {'buttons': (0, 0, 0), 'rel': (3, 0), 'pos': (523, 162), 'window': None})>
2019-11-25 12:23:06,592 - BDM-WAM 1574684572.352519 - INFO - <Event(4-MouseMotion {'buttons': (0, 0, 0), 'rel': (2, 0), 'pos': (525, 162), 'window': None})>
2019-11-25 12:23:06,632 - BDM-WAM 1574684572.352519 - INFO - <Event(10-MoleUp) {'loc': (179,169)})>
2019-11-25 12:23:06,634 - BDM-WAM 1574684572.352519 - INFO - <Event(4-MouseMotion {'buttons': (0, 0, 0), 'rel': (2, 0), 'pos': (527, 162), 'window': None})>
2019-11-25 12:23:06,652 - BDM-WAM 1574684572.352519 - INFO - <Event(4-MouseMotion {'buttons': (0, 0, 0), 'rel': (-2, 1), 'pos': (525, 163), 'window': None})>
2019-11-25 12:23:06,670 - BDM-WAM 1574684572.352519 - INFO - <Event(4-MouseMotion {'buttons': (0, 0, 0), 'rel': (-20, 12), 'pos': (505, 175), 'window': None})>
2019-11-25 12:23:06,687 - BDM-WAM 1574684572.352519 - INFO - <Event(4-MouseMotion {'buttons': (0, 0, 0), 'rel': (-81, 38), 'pos': (424, 213), 'window': None})>
2019-11-25 12:23:06,703 - BDM-WAM 1574684572.352519 - INFO - <Event(4-MouseMotion {'buttons': (0, 0, 0), 'rel': (-84, 23), 'pos': (340, 236), 'window': None})>
2019-11-25 12:23:06,720 - BDM-WAM 1574684572.352519 - INFO - <Event(4-MouseMotion {'buttons': (0, 0, 0), 'rel': (-47, 8), 'pos': (293, 244), 'window': None})>
2019-11-25 12:23:06,737 - BDM-WAM 1574684572.352519 - INFO - <Event(4-MouseMotion {'buttons': (0, 0, 0), 'rel': (-40, 2), 'pos': (253, 246), 'window': None})>
2019-11-25 12:23:06,754 - BDM-WAM 1574684572.352519 - INFO - <Event(4-MouseMotion {'buttons': (0, 0, 0), 'rel': (-30, -3), 'pos': (223, 243), 'window': None})>
2019-11-25 12:23:06,772 - BDM-WAM 1574684572.352519 - INFO - <Event(4-MouseMotion {'buttons': (0, 0, 0), 'rel': (-20, -5), 'pos': (203, 238), 'window': None})>
2019-11-25 12:23:06,789 - BDM-WAM 1574684572.352519 - INFO - <Event(4-MouseMotion {'buttons': (0, 0, 0), 'rel': (-6, -3), 'pos': (197, 235), 'window': None})>
2019-11-25 12:23:06,808 - BDM-WAM 1574684572.352519 - INFO - <Event(4-MouseMotion {'buttons': (0, 0, 0), 'rel': (-3, 0), 'pos': (194, 235), 'window': None})>
2019-11-25 12:23:06,825 - BDM-WAM 1574684572.352519 - INFO - <Event(4-MouseMotion {'buttons': (0, 0, 0), 'rel': (-1, -2), 'pos': (193, 233), 'window': None})>
2019-11-25 12:23:06,841 - BDM-WAM 1574684572.352519 - INFO - <Event(4-MouseMotion {'buttons': (0, 0, 0), 'rel': (-1, -1), 'pos': (192, 232), 'window': None})>
2019-11-25 12:23:06,858 - BDM-WAM 1574684572.352519 - INFO - <Event(4-MouseMotion {'buttons': (0, 0, 0), 'rel': (0, -1), 'pos': (192, 231), 'window': None})>
2019-11-25 12:23:06,875 - BDM-WAM 1574684572.352519 - INFO - <Event(4-MouseMotion {'buttons': (0, 0, 0), 'rel': (0, -2), 'pos': (192, 229), 'window': None})>
2019-11-25 12:23:06,892 - BDM-WAM 1574684572.352519 - INFO - <Event(4-MouseMotion {'buttons': (0, 0, 0), 'rel': (0, -2), 'pos': (192, 227), 'window': None})>
2019-11-25 12:23:06,909 - BDM-WAM 1574684572.352519 - INFO - <Event(4-MouseMotion {'buttons': (0, 0, 0), 'rel': (3, -6), 'pos': (195, 221), 'window': None})>
2019-11-25 12:23:06,925 - BDM-WAM 1574684572.352519 - INFO - <Event(4-MouseMotion {'buttons': (0, 0, 0), 'rel': (3, -6), 'pos': (198, 215), 'window': None})>
2019-11-25 12:23:06,942 - BDM-WAM 1574684572.352519 - INFO - <Event(4-MouseMotion {'buttons': (0, 0, 0), 'rel': (3, -4), 'pos': (201, 211), 'window': None})>
2019-11-25 12:23:06,959 - BDM-WAM 1574684572.352519 - INFO - <Event(4-MouseMotion {'buttons': (0, 0, 0), 'rel': (3, -4), 'pos': (204, 207), 'window': None})>
2019-11-25 12:23:06,976 - BDM-WAM 1574684572.352519 - INFO - <Event(4-MouseMotion {'buttons': (0, 0, 0), 'rel': (3, -2), 'pos': (207, 205), 'window': None})>
2019-11-25 12:23:06,993 - BDM-WAM 1574684572.352519 - INFO - <Event(4-MouseMotion {'buttons': (0, 0, 0), 'rel': (8, -4), 'pos': (215, 201), 'window': None})>
2019-11-25 12:23:07,010 - BDM-WAM 1574684572.352519 - INFO - <Event(4-MouseMotion {'buttons': (0, 0, 0), 'rel': (4, -3), 'pos': (219, 198), 'window': None})>
2019-11-25 12:23:07,028 - BDM-WAM 1574684572.352519 - INFO - <Event(4-MouseMotion {'buttons': (0, 0, 0), 'rel': (2, -1), 'pos': (221, 197), 'window': None})>
2019-11-25 12:23:07,045 - BDM-WAM 1574684572.352519 - INFO - <Event(4-MouseMotion {'buttons': (0, 0, 0), 'rel': (3, 0), 'pos': (224, 197), 'window': None})>
2019-11-25 12:23:07,147 - BDM-WAM 1574684572.352519 - INFO - <Event(5-MouseButtonDown {'button': 1, 'pos': (224, 197), 'window': None})>
2019-11-25 12:23:07,147 - BDM-WAM 1574684572.352519 - INFO - <Event(8-Pause {'reason': <bound method GameManager.pause of <game.GameManager object at 0x000001FC57C7D2B0>> })>
2019-11-25 12:23:07,677 - BDM-WAM 1574684572.352519 - INFO - <Event(7-Rate {'hit_conf': 4 })>
2019-11-25 12:23:07,867 - BDM-WAM 1574684572.352519 - INFO - <Event(7-Rate {'reward_conf': 4 })>
2019-11-25 12:23:08,028 - BDM-WAM 1574684572.352519 - INFO - <Event(7-Rate {'player_skill': 4 })>
2019-11-25 12:23:08,028 - BDM-WAM 1574684572.352519 - INFO - <Event(9.1-True Hit {'pos': (224,197),'distance: 53.0,'relative_loc: (45, 28),'window': None})>
2019-11-25 12:23:08,057 - BDM-WAM 1574684572.352519 - INFO - <Event(10-MoleUp) {'loc': (179,169)})>
2019-11-25 12:23:08,109 - BDM-WAM 1574684572.352519 - INFO - <Event(3-KeyUp {'window': None, 'key': 52, 'scancode': 5, 'mod': 0})>
2019-11-25 12:23:08,354 - BDM-WAM 1574684572.352519 - INFO - <Event(10-MoleUp) {'loc': (179,169)})>
2019-11-25 12:23:08,468 - BDM-WAM 1574684572.352519 - INFO - <Event(10-MoleUp) {'loc': (179,169)})>
2019-11-25 12:23:08,823 - BDM-WAM 1574684572.352519 - INFO - <Event(4-MouseMotion {'buttons': (0, 0, 0), 'rel': (0, 10), 'pos': (224, 207), 'window': None})>
2019-11-25 12:23:08,841 - BDM-WAM 1574684572.352519 - INFO - <Event(4-MouseMotion {'buttons': (0, 0, 0), 'rel': (-9, 46), 'pos': (215, 253), 'window': None})>
2019-11-25 12:23:08,858 - BDM-WAM 1574684572.352519 - INFO - <Event(4-MouseMotion {'buttons': (0, 0, 0), 'rel': (-6, 33), 'pos': (209, 286), 'window': None})>
2019-11-25 12:23:08,875 - BDM-WAM 1574684572.352519 - INFO - <Event(4-MouseMotion {'buttons': (0, 0, 0), 'rel': (-7, 24), 'pos': (202, 310), 'window': None})>
2019-11-25 12:23:08,893 - BDM-WAM 1574684572.352519 - INFO - <Event(4-MouseMotion {'buttons': (0, 0, 0), 'rel': (-4, 17), 'pos': (198, 327), 'window': None})>
2019-11-25 12:23:08,910 - BDM-WAM 1574684572.352519 - INFO - <Event(4-MouseMotion {'buttons': (0, 0, 0), 'rel': (-2, 8), 'pos': (196, 335), 'window': None})>
2019-11-25 12:23:08,926 - BDM-WAM 1574684572.352519 - INFO - <Event(4-MouseMotion {'buttons': (0, 0, 0), 'rel': (-1, 4), 'pos': (195, 339), 'window': None})>
2019-11-25 12:23:08,966 - BDM-WAM 1574684572.352519 - INFO - <Event(10-MoleUp) {'loc': (603,11)})>
2019-11-25 12:23:08,967 - BDM-WAM 1574684572.352519 - INFO - <Event(4-MouseMotion {'buttons': (0, 0, 0), 'rel': (-2, 3), 'pos': (193, 342), 'window': None})>
2019-11-25 12:23:08,985 - BDM-WAM 1574684572.352519 - INFO - <Event(4-MouseMotion {'buttons': (0, 0, 0), 'rel': (-1, 1), 'pos': (192, 343), 'window': None})>
2019-11-25 12:23:09,002 - BDM-WAM 1574684572.352519 - INFO - <Event(4-MouseMotion {'buttons': (0, 0, 0), 'rel': (-2, 4), 'pos': (190, 347), 'window': None})>
2019-11-25 12:23:09,019 - BDM-WAM 1574684572.352519 - INFO - <Event(4-MouseMotion {'buttons': (0, 0, 0), 'rel': (-1, 2), 'pos': (189, 349), 'window': None})>
2019-11-25 12:23:09,036 - BDM-WAM 1574684572.352519 - INFO - <Event(4-MouseMotion {'buttons': (0, 0, 0), 'rel': (0, 2), 'pos': (189, 351), 'window': None})>
2019-11-25 12:23:09,078 - BDM-WAM 1574684572.352519 - INFO - <Event(10-MoleUp) {'loc': (603,11)})>
2019-11-25 12:23:09,079 - BDM-WAM 1574684572.352519 - INFO - <Event(4-MouseMotion {'buttons': (0, 0, 0), 'rel': (-8, 20), 'pos': (181, 371), 'window': None})>
2019-11-25 12:23:09,097 - BDM-WAM 1574684572.352519 - INFO - <Event(4-MouseMotion {'buttons': (0, 0, 0), 'rel': (-2, 8), 'pos': (179, 379), 'window': None})>
2019-11-25 12:23:09,115 - BDM-WAM 1574684572.352519 - INFO - <Event(4-MouseMotion {'buttons': (0, 0, 0), 'rel': (-2, 5), 'pos': (177, 384), 'window': None})>
2019-11-25 12:23:09,131 - BDM-WAM 1574684572.352519 - INFO - <Event(4-MouseMotion {'buttons': (0, 0, 0), 'rel': (0, 5), 'pos': (177, 389), 'window': None})>
2019-11-25 12:23:09,148 - BDM-WAM 1574684572.352519 - INFO - <Event(4-MouseMotion {'buttons': (0, 0, 0), 'rel': (0, 3), 'pos': (177, 392), 'window': None})>
2019-11-25 12:23:09,184 - BDM-WAM 1574684572.352519 - INFO - <Event(10-MoleUp) {'loc': (603,11)})>
2019-11-25 12:23:09,185 - BDM-WAM 1574684572.352519 - INFO - <Event(4-MouseMotion {'buttons': (0, 0, 0), 'rel': (2, 8), 'pos': (179, 400), 'window': None})>
2019-11-25 12:23:09,203 - BDM-WAM 1574684572.352519 - INFO - <Event(4-MouseMotion {'buttons': (0, 0, 0), 'rel': (11, 4), 'pos': (190, 404), 'window': None})>
2019-11-25 12:23:09,221 - BDM-WAM 1574684572.352519 - INFO - <Event(4-MouseMotion {'buttons': (0, 0, 0), 'rel': (19, 1), 'pos': (209, 405), 'window': None})>
2019-11-25 12:23:09,239 - BDM-WAM 1574684572.352519 - INFO - <Event(4-MouseMotion {'buttons': (0, 0, 0), 'rel': (28, -18), 'pos': (237, 387), 'window': None})>
2019-11-25 12:23:09,257 - BDM-WAM 1574684572.352519 - INFO - <Event(4-MouseMotion {'buttons': (0, 0, 0), 'rel': (43, -68), 'pos': (280, 319), 'window': None})>
2019-11-25 12:23:09,274 - BDM-WAM 1574684572.352519 - INFO - <Event(4-MouseMotion {'buttons': (0, 0, 0), 'rel': (49, -92), 'pos': (329, 227), 'window': None})>
2019-11-25 12:23:09,290 - BDM-WAM 1574684572.352519 - INFO - <Event(4-MouseMotion {'buttons': (0, 0, 0), 'rel': (34, -78), 'pos': (363, 149), 'window': None})>
2019-11-25 12:23:09,307 - BDM-WAM 1574684572.352519 - INFO - <Event(4-MouseMotion {'buttons': (0, 0, 0), 'rel': (22, -46), 'pos': (385, 103), 'window': None})>
2019-11-25 12:23:09,324 - BDM-WAM 1574684572.352519 - INFO - <Event(4-MouseMotion {'buttons': (0, 0, 0), 'rel': (28, -43), 'pos': (413, 60), 'window': None})>
2019-11-25 12:23:09,340 - BDM-WAM 1574684572.352519 - INFO - <Event(4-MouseMotion {'buttons': (0, 0, 0), 'rel': (20, -17), 'pos': (433, 43), 'window': None})>
2019-11-25 12:23:09,357 - BDM-WAM 1574684572.352519 - INFO - <Event(4-MouseMotion {'buttons': (0, 0, 0), 'rel': (19, -11), 'pos': (452, 32), 'window': None})>
2019-11-25 12:23:09,374 - BDM-WAM 1574684572.352519 - INFO - <Event(4-MouseMotion {'buttons': (0, 0, 0), 'rel': (13, -7), 'pos': (465, 25), 'window': None})>
2019-11-25 12:23:09,391 - BDM-WAM 1574684572.352519 - INFO - <Event(4-MouseMotion {'buttons': (0, 0, 0), 'rel': (10, -3), 'pos': (475, 22), 'window': None})>
2019-11-25 12:23:09,408 - BDM-WAM 1574684572.352519 - INFO - <Event(4-MouseMotion {'buttons': (0, 0, 0), 'rel': (10, -1), 'pos': (485, 21), 'window': None})>
2019-11-25 12:23:09,425 - BDM-WAM 1574684572.352519 - INFO - <Event(4-MouseMotion {'buttons': (0, 0, 0), 'rel': (8, 0), 'pos': (493, 21), 'window': None})>
2019-11-25 12:23:09,442 - BDM-WAM 1574684572.352519 - INFO - <Event(4-MouseMotion {'buttons': (0, 0, 0), 'rel': (5, 3), 'pos': (498, 24), 'window': None})>
2019-11-25 12:23:09,458 - BDM-WAM 1574684572.352519 - INFO - <Event(4-MouseMotion {'buttons': (0, 0, 0), 'rel': (6, 2), 'pos': (504, 26), 'window': None})>
2019-11-25 12:23:09,476 - BDM-WAM 1574684572.352519 - INFO - <Event(4-MouseMotion {'buttons': (0, 0, 0), 'rel': (5, 1), 'pos': (509, 27), 'window': None})>
2019-11-25 12:23:09,493 - BDM-WAM 1574684572.352519 - INFO - <Event(4-MouseMotion {'buttons': (0, 0, 0), 'rel': (1, 1), 'pos': (510, 28), 'window': None})>
2019-11-25 12:23:09,510 - BDM-WAM 1574684572.352519 - INFO - <Event(4-MouseMotion {'buttons': (0, 0, 0), 'rel': (2, 1), 'pos': (512, 29), 'window': None})>
2019-11-25 12:23:09,527 - BDM-WAM 1574684572.352519 - INFO - <Event(4-MouseMotion {'buttons': (0, 0, 0), 'rel': (2, 2), 'pos': (514, 31), 'window': None})>
2019-11-25 12:23:09,544 - BDM-WAM 1574684572.352519 - INFO - <Event(4-MouseMotion {'buttons': (0, 0, 0), 'rel': (3, 4), 'pos': (517, 35), 'window': None})>
2019-11-25 12:23:09,561 - BDM-WAM 1574684572.352519 - INFO - <Event(4-MouseMotion {'buttons': (0, 0, 0), 'rel': (11, 7), 'pos': (528, 42), 'window': None})>
2019-11-25 12:23:09,578 - BDM-WAM 1574684572.352519 - INFO - <Event(4-MouseMotion {'buttons': (0, 0, 0), 'rel': (9, 5), 'pos': (537, 47), 'window': None})>
2019-11-25 12:23:09,594 - BDM-WAM 1574684572.352519 - INFO - <Event(4-MouseMotion {'buttons': (0, 0, 0), 'rel': (15, 4), 'pos': (552, 51), 'window': None})>
2019-11-25 12:23:09,613 - BDM-WAM 1574684572.352519 - INFO - <Event(4-MouseMotion {'buttons': (0, 0, 0), 'rel': (21, 5), 'pos': (573, 56), 'window': None})>
2019-11-25 12:23:09,631 - BDM-WAM 1574684572.352519 - INFO - <Event(4-MouseMotion {'buttons': (0, 0, 0), 'rel': (30, 5), 'pos': (603, 61), 'window': None})>
2019-11-25 12:23:09,646 - BDM-WAM 1574684572.352519 - INFO - <Event(4-MouseMotion {'buttons': (0, 0, 0), 'rel': (14, 2), 'pos': (617, 63), 'window': None})>
2019-11-25 12:23:09,664 - BDM-WAM 1574684572.352519 - INFO - <Event(4-MouseMotion {'buttons': (0, 0, 0), 'rel': (9, 0), 'pos': (626, 63), 'window': None})>
2019-11-25 12:23:09,681 - BDM-WAM 1574684572.352519 - INFO - <Event(4-MouseMotion {'buttons': (0, 0, 0), 'rel': (6, 0), 'pos': (632, 63), 'window': None})>
2019-11-25 12:23:09,698 - BDM-WAM 1574684572.352519 - INFO - <Event(4-MouseMotion {'buttons': (0, 0, 0), 'rel': (3, 0), 'pos': (635, 63), 'window': None})>
2019-11-25 12:23:09,715 - BDM-WAM 1574684572.352519 - INFO - <Event(4-MouseMotion {'buttons': (0, 0, 0), 'rel': (2, 0), 'pos': (637, 63), 'window': None})>
2019-11-25 12:23:09,850 - BDM-WAM 1574684572.352519 - INFO - <Event(5-MouseButtonDown {'button': 1, 'pos': (637, 63), 'window': None})>
2019-11-25 12:23:09,851 - BDM-WAM 1574684572.352519 - INFO - <Event(8-Pause {'reason': <bound method GameManager.pause of <game.GameManager object at 0x000001FC57C7D2B0>> })>
2019-11-25 12:23:10,435 - BDM-WAM 1574684572.352519 - INFO - <Event(7-Rate {'hit_conf': 1 })>
2019-11-25 12:23:10,615 - BDM-WAM 1574684572.352519 - INFO - <Event(7-Rate {'reward_conf': 1 })>
2019-11-25 12:23:10,783 - BDM-WAM 1574684572.352519 - INFO - <Event(7-Rate {'player_skill': 1 })>
2019-11-25 12:23:10,783 - BDM-WAM 1574684572.352519 - INFO - <Event(9.1-True Hit {'pos': (637,63),'distance: 62.12889826803627,'relative_loc: (34, 52),'window': None})>
2019-11-25 12:23:10,807 - BDM-WAM 1574684572.352519 - INFO - <Event(10-MoleUp) {'loc': (603,11)})>
2019-11-25 12:23:10,876 - BDM-WAM 1574684572.352519 - INFO - <Event(3-KeyUp {'window': None, 'key': 49, 'scancode': 2, 'mod': 0})>
2019-11-25 12:23:11,120 - BDM-WAM 1574684572.352519 - INFO - <Event(10-MoleUp) {'loc': (603,11)})>
2019-11-25 12:23:11,227 - BDM-WAM 1574684572.352519 - INFO - <Event(10-MoleUp) {'loc': (603,11)})>
2019-11-25 12:23:11,530 - BDM-WAM 1574684572.352519 - INFO - <Event(4-MouseMotion {'buttons': (0, 0, 0), 'rel': (0, 11), 'pos': (637, 74), 'window': None})>
2019-11-25 12:23:11,547 - BDM-WAM 1574684572.352519 - INFO - <Event(4-MouseMotion {'buttons': (0, 0, 0), 'rel': (1, 38), 'pos': (638, 112), 'window': None})>
2019-11-25 12:23:11,563 - BDM-WAM 1574684572.352519 - INFO - <Event(4-MouseMotion {'buttons': (0, 0, 0), 'rel': (0, 29), 'pos': (638, 141), 'window': None})>
2019-11-25 12:23:11,580 - BDM-WAM 1574684572.352519 - INFO - <Event(4-MouseMotion {'buttons': (0, 0, 0), 'rel': (0, 27), 'pos': (638, 168), 'window': None})>
2019-11-25 12:23:11,598 - BDM-WAM 1574684572.352519 - INFO - <Event(4-MouseMotion {'buttons': (0, 0, 0), 'rel': (0, 21), 'pos': (638, 189), 'window': None})>
2019-11-25 12:23:11,615 - BDM-WAM 1574684572.352519 - INFO - <Event(4-MouseMotion {'buttons': (0, 0, 0), 'rel': (0, 21), 'pos': (638, 210), 'window': None})>
2019-11-25 12:23:11,632 - BDM-WAM 1574684572.352519 - INFO - <Event(4-MouseMotion {'buttons': (0, 0, 0), 'rel': (-1, 13), 'pos': (637, 223), 'window': None})>
2019-11-25 12:23:11,648 - BDM-WAM 1574684572.352519 - INFO - <Event(4-MouseMotion {'buttons': (0, 0, 0), 'rel': (-2, 11), 'pos': (635, 234), 'window': None})>
2019-11-25 12:23:11,665 - BDM-WAM 1574684572.352519 - INFO - <Event(4-MouseMotion {'buttons': (0, 0, 0), 'rel': (-3, 8), 'pos': (632, 242), 'window': None})>
2019-11-25 12:23:11,681 - BDM-WAM 1574684572.352519 - INFO - <Event(4-MouseMotion {'buttons': (0, 0, 0), 'rel': (-5, 6), 'pos': (627, 248), 'window': None})>
2019-11-25 12:23:11,699 - BDM-WAM 1574684572.352519 - INFO - <Event(4-MouseMotion {'buttons': (0, 0, 0), 'rel': (-15, 11), 'pos': (612, 259), 'window': None})>
2019-11-25 12:23:11,742 - BDM-WAM 1574684572.352519 - INFO - <Event(10-MoleUp) {'loc': (658,232)})>
2019-11-25 12:23:11,743 - BDM-WAM 1574684572.352519 - INFO - <Event(4-MouseMotion {'buttons': (0, 0, 0), 'rel': (-55, 12), 'pos': (557, 271), 'window': None})>
2019-11-25 12:23:11,745 - BDM-WAM 1574684572.352519 - INFO - <Event(4-MouseMotion {'buttons': (0, 0, 0), 'rel': (-9, 2), 'pos': (548, 273), 'window': None})>
2019-11-25 12:23:11,761 - BDM-WAM 1574684572.352519 - INFO - <Event(4-MouseMotion {'buttons': (0, 0, 0), 'rel': (-20, 1), 'pos': (528, 274), 'window': None})>
2019-11-25 12:23:11,779 - BDM-WAM 1574684572.352519 - INFO - <Event(4-MouseMotion {'buttons': (0, 0, 0), 'rel': (-23, 0), 'pos': (505, 274), 'window': None})>
2019-11-25 12:23:11,795 - BDM-WAM 1574684572.352519 - INFO - <Event(4-MouseMotion {'buttons': (0, 0, 0), 'rel': (-22, -2), 'pos': (483, 272), 'window': None})>
2019-11-25 12:23:11,814 - BDM-WAM 1574684572.352519 - INFO - <Event(4-MouseMotion {'buttons': (0, 0, 0), 'rel': (-31, -7), 'pos': (452, 265), 'window': None})>
2019-11-25 12:23:11,850 - BDM-WAM 1574684572.352519 - INFO - <Event(10-MoleUp) {'loc': (658,232)})>
2019-11-25 12:23:11,851 - BDM-WAM 1574684572.352519 - INFO - <Event(4-MouseMotion {'buttons': (0, 0, 0), 'rel': (-32, -18), 'pos': (420, 247), 'window': None})>
2019-11-25 12:23:11,853 - BDM-WAM 1574684572.352519 - INFO - <Event(4-MouseMotion {'buttons': (0, 0, 0), 'rel': (-3, -4), 'pos': (417, 243), 'window': None})>
2019-11-25 12:23:11,871 - BDM-WAM 1574684572.352519 - INFO - <Event(4-MouseMotion {'buttons': (0, 0, 0), 'rel': (-7, -8), 'pos': (410, 235), 'window': None})>
2019-11-25 12:23:11,887 - BDM-WAM 1574684572.352519 - INFO - <Event(4-MouseMotion {'buttons': (0, 0, 0), 'rel': (-2, -12), 'pos': (408, 223), 'window': None})>
2019-11-25 12:23:11,904 - BDM-WAM 1574684572.352519 - INFO - <Event(4-MouseMotion {'buttons': (0, 0, 0), 'rel': (2, -16), 'pos': (410, 207), 'window': None})>
2019-11-25 12:23:11,921 - BDM-WAM 1574684572.352519 - INFO - <Event(4-MouseMotion {'buttons': (0, 0, 0), 'rel': (11, -20), 'pos': (421, 187), 'window': None})>
2019-11-25 12:23:11,973 - BDM-WAM 1574684572.352519 - INFO - <Event(10-MoleUp) {'loc': (658,232)})>
2019-11-25 12:23:11,974 - BDM-WAM 1574684572.352519 - INFO - <Event(4-MouseMotion {'buttons': (0, 0, 0), 'rel': (54, -46), 'pos': (475, 141), 'window': None})>
2019-11-25 12:23:11,976 - BDM-WAM 1574684572.352519 - INFO - <Event(4-MouseMotion {'buttons': (0, 0, 0), 'rel': (4, -2), 'pos': (479, 139), 'window': None})>
2019-11-25 12:23:11,991 - BDM-WAM 1574684572.352519 - INFO - <Event(4-MouseMotion {'buttons': (0, 0, 0), 'rel': (7, -2), 'pos': (486, 137), 'window': None})>
2019-11-25 12:23:12,010 - BDM-WAM 1574684572.352519 - INFO - <Event(4-MouseMotion {'buttons': (0, 0, 0), 'rel': (8, -2), 'pos': (494, 135), 'window': None})>
2019-11-25 12:23:12,026 - BDM-WAM 1574684572.352519 - INFO - <Event(4-MouseMotion {'buttons': (0, 0, 0), 'rel': (17, -4), 'pos': (511, 131), 'window': None})>
2019-11-25 12:23:12,045 - BDM-WAM 1574684572.352519 - INFO - <Event(4-MouseMotion {'buttons': (0, 0, 0), 'rel': (29, -4), 'pos': (540, 127), 'window': None})>
2019-11-25 12:23:12,060 - BDM-WAM 1574684572.352519 - INFO - <Event(4-MouseMotion {'buttons': (0, 0, 0), 'rel': (46, -5), 'pos': (586, 122), 'window': None})>
2019-11-25 12:23:12,076 - BDM-WAM 1574684572.352519 - INFO - <Event(4-MouseMotion {'buttons': (0, 0, 0), 'rel': (34, 0), 'pos': (620, 122), 'window': None})>
2019-11-25 12:23:12,093 - BDM-WAM 1574684572.352519 - INFO - <Event(4-MouseMotion {'buttons': (0, 0, 0), 'rel': (24, 1), 'pos': (644, 123), 'window': None})>
2019-11-25 12:23:12,111 - BDM-WAM 1574684572.352519 - INFO - <Event(4-MouseMotion {'buttons': (0, 0, 0), 'rel': (13, 6), 'pos': (657, 129), 'window': None})>
2019-11-25 12:23:12,128 - BDM-WAM 1574684572.352519 - INFO - <Event(4-MouseMotion {'buttons': (0, 0, 0), 'rel': (15, 14), 'pos': (672, 143), 'window': None})>
2019-11-25 12:23:12,144 - BDM-WAM 1574684572.352519 - INFO - <Event(4-MouseMotion {'buttons': (0, 0, 0), 'rel': (12, 17), 'pos': (684, 160), 'window': None})>
2019-11-25 12:23:12,162 - BDM-WAM 1574684572.352519 - INFO - <Event(4-MouseMotion {'buttons': (0, 0, 0), 'rel': (8, 15), 'pos': (692, 175), 'window': None})>
2019-11-25 12:23:12,179 - BDM-WAM 1574684572.352519 - INFO - <Event(4-MouseMotion {'buttons': (0, 0, 0), 'rel': (6, 16), 'pos': (698, 191), 'window': None})>
2019-11-25 12:23:12,195 - BDM-WAM 1574684572.352519 - INFO - <Event(4-MouseMotion {'buttons': (0, 0, 0), 'rel': (5, 17), 'pos': (703, 208), 'window': None})>
2019-11-25 12:23:12,213 - BDM-WAM 1574684572.352519 - INFO - <Event(4-MouseMotion {'buttons': (0, 0, 0), 'rel': (2, 20), 'pos': (705, 228), 'window': None})>
2019-11-25 12:23:12,230 - BDM-WAM 1574684572.352519 - INFO - <Event(4-MouseMotion {'buttons': (0, 0, 0), 'rel': (2, 11), 'pos': (707, 239), 'window': None})>
2019-11-25 12:23:12,246 - BDM-WAM 1574684572.352519 - INFO - <Event(4-MouseMotion {'buttons': (0, 0, 0), 'rel': (1, 7), 'pos': (708, 246), 'window': None})>
2019-11-25 12:23:12,263 - BDM-WAM 1574684572.352519 - INFO - <Event(4-MouseMotion {'buttons': (0, 0, 0), 'rel': (0, 5), 'pos': (708, 251), 'window': None})>
2019-11-25 12:23:12,279 - BDM-WAM 1574684572.352519 - INFO - <Event(4-MouseMotion {'buttons': (0, 0, 0), 'rel': (0, 4), 'pos': (708, 255), 'window': None})>
2019-11-25 12:23:12,297 - BDM-WAM 1574684572.352519 - INFO - <Event(4-MouseMotion {'buttons': (0, 0, 0), 'rel': (0, 4), 'pos': (708, 259), 'window': None})>
2019-11-25 12:23:12,314 - BDM-WAM 1574684572.352519 - INFO - <Event(4-MouseMotion {'buttons': (0, 0, 0), 'rel': (0, 2), 'pos': (708, 261), 'window': None})>
2019-11-25 12:23:12,331 - BDM-WAM 1574684572.352519 - INFO - <Event(4-MouseMotion {'buttons': (0, 0, 0), 'rel': (0, 2), 'pos': (708, 263), 'window': None})>
2019-11-25 12:23:12,348 - BDM-WAM 1574684572.352519 - INFO - <Event(4-MouseMotion {'buttons': (0, 0, 0), 'rel': (0, 1), 'pos': (708, 264), 'window': None})>
2019-11-25 12:23:12,367 - BDM-WAM 1574684572.352519 - INFO - <Event(4-MouseMotion {'buttons': (0, 0, 0), 'rel': (0, 3), 'pos': (708, 267), 'window': None})>
2019-11-25 12:23:12,382 - BDM-WAM 1574684572.352519 - INFO - <Event(4-MouseMotion {'buttons': (0, 0, 0), 'rel': (0, 5), 'pos': (708, 272), 'window': None})>
2019-11-25 12:23:12,399 - BDM-WAM 1574684572.352519 - INFO - <Event(4-MouseMotion {'buttons': (0, 0, 0), 'rel': (0, 6), 'pos': (708, 278), 'window': None})>
2019-11-25 12:23:12,416 - BDM-WAM 1574684572.352519 - INFO - <Event(4-MouseMotion {'buttons': (0, 0, 0), 'rel': (0, 4), 'pos': (708, 282), 'window': None})>
2019-11-25 12:23:12,433 - BDM-WAM 1574684572.352519 - INFO - <Event(4-MouseMotion {'buttons': (0, 0, 0), 'rel': (0, 3), 'pos': (708, 285), 'window': None})>
2019-11-25 12:23:12,451 - BDM-WAM 1574684572.352519 - INFO - <Event(4-MouseMotion {'buttons': (0, 0, 0), 'rel': (0, 1), 'pos': (708, 286), 'window': None})>
2019-11-25 12:23:12,536 - BDM-WAM 1574684572.352519 - INFO - <Event(5-MouseButtonDown {'button': 1, 'pos': (708, 286), 'window': None})>
2019-11-25 12:23:12,536 - BDM-WAM 1574684572.352519 - INFO - <Event(8-Pause {'reason': <bound method GameManager.pause of <game.GameManager object at 0x000001FC57C7D2B0>> })>
2019-11-25 12:23:13,105 - BDM-WAM 1574684572.352519 - INFO - <Event(7-Rate {'hit_conf': 2 })>
2019-11-25 12:23:13,310 - BDM-WAM 1574684572.352519 - INFO - <Event(7-Rate {'reward_conf': 2 })>
2019-11-25 12:23:13,462 - BDM-WAM 1574684572.352519 - INFO - <Event(7-Rate {'player_skill': 2 })>
2019-11-25 12:23:13,462 - BDM-WAM 1574684572.352519 - INFO - <Event(9.1-True Hit {'pos': (708,286),'distance: 73.59347797189639,'relative_loc: (50, 54),'window': None})>
2019-11-25 12:23:13,485 - BDM-WAM 1574684572.352519 - INFO - <Event(10-MoleUp) {'loc': (658,232)})>
2019-11-25 12:23:13,554 - BDM-WAM 1574684572.352519 - INFO - <Event(3-KeyUp {'window': None, 'key': 50, 'scancode': 3, 'mod': 0})>
2019-11-25 12:23:13,797 - BDM-WAM 1574684572.352519 - INFO - <Event(10-MoleUp) {'loc': (658,232)})>
2019-11-25 12:23:13,909 - BDM-WAM 1574684572.352519 - INFO - <Event(10-MoleUp) {'loc': (658,232)})>
2019-11-25 12:23:14,227 - BDM-WAM 1574684572.352519 - INFO - <Event(4-MouseMotion {'buttons': (0, 0, 0), 'rel': (-3, 8), 'pos': (705, 294), 'window': None})>
2019-11-25 12:23:14,242 - BDM-WAM 1574684572.352519 - INFO - <Event(4-MouseMotion {'buttons': (0, 0, 0), 'rel': (-12, 21), 'pos': (693, 315), 'window': None})>
2019-11-25 12:23:14,260 - BDM-WAM 1574684572.352519 - INFO - <Event(4-MouseMotion {'buttons': (0, 0, 0), 'rel': (-20, 32), 'pos': (673, 347), 'window': None})>
2019-11-25 12:23:14,277 - BDM-WAM 1574684572.352519 - INFO - <Event(4-MouseMotion {'buttons': (0, 0, 0), 'rel': (-10, 17), 'pos': (663, 364), 'window': None})>
2019-11-25 12:23:14,293 - BDM-WAM 1574684572.352519 - INFO - <Event(4-MouseMotion {'buttons': (0, 0, 0), 'rel': (-10, 15), 'pos': (653, 379), 'window': None})>
2019-11-25 12:23:14,311 - BDM-WAM 1574684572.352519 - INFO - <Event(4-MouseMotion {'buttons': (0, 0, 0), 'rel': (-4, 9), 'pos': (649, 388), 'window': None})>
2019-11-25 12:23:14,328 - BDM-WAM 1574684572.352519 - INFO - <Event(4-MouseMotion {'buttons': (0, 0, 0), 'rel': (-4, 7), 'pos': (645, 395), 'window': None})>
2019-11-25 12:23:14,344 - BDM-WAM 1574684572.352519 - INFO - <Event(4-MouseMotion {'buttons': (0, 0, 0), 'rel': (0, 3), 'pos': (645, 398), 'window': None})>
2019-11-25 12:23:14,361 - BDM-WAM 1574684572.352519 - INFO - <Event(4-MouseMotion {'buttons': (0, 0, 0), 'rel': (0, 2), 'pos': (645, 400), 'window': None})>
2019-11-25 12:23:14,379 - BDM-WAM 1574684572.352519 - INFO - <Event(4-MouseMotion {'buttons': (0, 0, 0), 'rel': (0, 2), 'pos': (645, 402), 'window': None})>
2019-11-25 12:23:14,418 - BDM-WAM 1574684572.352519 - INFO - <Event(10-MoleUp) {'loc': (179,169)})>
2019-11-25 12:23:14,419 - BDM-WAM 1574684572.352519 - INFO - <Event(4-MouseMotion {'buttons': (0, 0, 0), 'rel': (9, 7), 'pos': (654, 409), 'window': None})>
2019-11-25 12:23:14,421 - BDM-WAM 1574684572.352519 - INFO - <Event(4-MouseMotion {'buttons': (0, 0, 0), 'rel': (6, 2), 'pos': (660, 411), 'window': None})>
2019-11-25 12:23:14,438 - BDM-WAM 1574684572.352519 - INFO - <Event(4-MouseMotion {'buttons': (0, 0, 0), 'rel': (9, 4), 'pos': (669, 415), 'window': None})>
2019-11-25 12:23:14,455 - BDM-WAM 1574684572.352519 - INFO - <Event(4-MouseMotion {'buttons': (0, 0, 0), 'rel': (9, 4), 'pos': (678, 419), 'window': None})>
2019-11-25 12:23:14,471 - BDM-WAM 1574684572.352519 - INFO - <Event(4-MouseMotion {'buttons': (0, 0, 0), 'rel': (7, 1), 'pos': (685, 420), 'window': None})>
2019-11-25 12:23:14,489 - BDM-WAM 1574684572.352519 - INFO - <Event(4-MouseMotion {'buttons': (0, 0, 0), 'rel': (9, 1), 'pos': (694, 421), 'window': None})>
2019-11-25 12:23:14,523 - BDM-WAM 1574684572.352519 - INFO - <Event(10-MoleUp) {'loc': (179,169)})>
2019-11-25 12:23:14,524 - BDM-WAM 1574684572.352519 - INFO - <Event(4-MouseMotion {'buttons': (0, 0, 0), 'rel': (13, -2), 'pos': (707, 419), 'window': None})>
2019-11-25 12:23:14,543 - BDM-WAM 1574684572.352519 - INFO - <Event(4-MouseMotion {'buttons': (0, 0, 0), 'rel': (8, -1), 'pos': (715, 418), 'window': None})>
2019-11-25 12:23:14,559 - BDM-WAM 1574684572.352519 - INFO - <Event(4-MouseMotion {'buttons': (0, 0, 0), 'rel': (3, -1), 'pos': (718, 417), 'window': None})>
2019-11-25 12:23:14,577 - BDM-WAM 1574684572.352519 - INFO - <Event(4-MouseMotion {'buttons': (0, 0, 0), 'rel': (2, -1), 'pos': (720, 416), 'window': None})>
2019-11-25 12:23:14,593 - BDM-WAM 1574684572.352519 - INFO - <Event(4-MouseMotion {'buttons': (0, 0, 0), 'rel': (1, 0), 'pos': (721, 416), 'window': None})>
2019-11-25 12:23:14,632 - BDM-WAM 1574684572.352519 - INFO - <Event(10-MoleUp) {'loc': (179,169)})>
2019-11-25 12:23:14,634 - BDM-WAM 1574684572.352519 - INFO - <Event(4-MouseMotion {'buttons': (0, 0, 0), 'rel': (0, -3), 'pos': (721, 413), 'window': None})>
2019-11-25 12:23:14,653 - BDM-WAM 1574684572.352519 - INFO - <Event(4-MouseMotion {'buttons': (0, 0, 0), 'rel': (-2, -6), 'pos': (719, 407), 'window': None})>
2019-11-25 12:23:14,669 - BDM-WAM 1574684572.352519 - INFO - <Event(4-MouseMotion {'buttons': (0, 0, 0), 'rel': (-2, -7), 'pos': (717, 400), 'window': None})>
2019-11-25 12:23:14,687 - BDM-WAM 1574684572.352519 - INFO - <Event(4-MouseMotion {'buttons': (0, 0, 0), 'rel': (-3, -5), 'pos': (714, 395), 'window': None})>
2019-11-25 12:23:14,703 - BDM-WAM 1574684572.352519 - INFO - <Event(4-MouseMotion {'buttons': (0, 0, 0), 'rel': (-11, -10), 'pos': (703, 385), 'window': None})>
2019-11-25 12:23:14,720 - BDM-WAM 1574684572.352519 - INFO - <Event(4-MouseMotion {'buttons': (0, 0, 0), 'rel': (-40, -22), 'pos': (663, 363), 'window': None})>
2019-11-25 12:23:14,737 - BDM-WAM 1574684572.352519 - INFO - <Event(4-MouseMotion {'buttons': (0, 0, 0), 'rel': (-87, -36), 'pos': (576, 327), 'window': None})>
2019-11-25 12:23:14,754 - BDM-WAM 1574684572.352519 - INFO - <Event(4-MouseMotion {'buttons': (0, 0, 0), 'rel': (-107, -46), 'pos': (469, 281), 'window': None})>
2019-11-25 12:23:14,772 - BDM-WAM 1574684572.352519 - INFO - <Event(4-MouseMotion {'buttons': (0, 0, 0), 'rel': (-129, -63), 'pos': (340, 218), 'window': None})>
2019-11-25 12:23:14,789 - BDM-WAM 1574684572.352519 - INFO - <Event(4-MouseMotion {'buttons': (0, 0, 0), 'rel': (-49, -23), 'pos': (291, 195), 'window': None})>
2019-11-25 12:23:14,806 - BDM-WAM 1574684572.352519 - INFO - <Event(4-MouseMotion {'buttons': (0, 0, 0), 'rel': (-30, -11), 'pos': (261, 184), 'window': None})>
2019-11-25 12:23:14,823 - BDM-WAM 1574684572.352519 - INFO - <Event(4-MouseMotion {'buttons': (0, 0, 0), 'rel': (-17, -6), 'pos': (244, 178), 'window': None})>
2019-11-25 12:23:14,840 - BDM-WAM 1574684572.352519 - INFO - <Event(4-MouseMotion {'buttons': (0, 0, 0), 'rel': (-10, -3), 'pos': (234, 175), 'window': None})>
2019-11-25 12:23:14,857 - BDM-WAM 1574684572.352519 - INFO - <Event(4-MouseMotion {'buttons': (0, 0, 0), 'rel': (-4, -2), 'pos': (230, 173), 'window': None})>
2019-11-25 12:23:14,874 - BDM-WAM 1574684572.352519 - INFO - <Event(4-MouseMotion {'buttons': (0, 0, 0), 'rel': (-1, -1), 'pos': (229, 172), 'window': None})>
2019-11-25 12:23:15,128 - BDM-WAM 1574684572.352519 - INFO - <Event(4-MouseMotion {'buttons': (0, 0, 0), 'rel': (-2, 2), 'pos': (227, 174), 'window': None})>
2019-11-25 12:23:15,147 - BDM-WAM 1574684572.352519 - INFO - <Event(4-MouseMotion {'buttons': (0, 0, 0), 'rel': (-2, 2), 'pos': (225, 176), 'window': None})>
2019-11-25 12:23:15,164 - BDM-WAM 1574684572.352519 - INFO - <Event(4-MouseMotion {'buttons': (0, 0, 0), 'rel': (0, 1), 'pos': (225, 177), 'window': None})>
2019-11-25 12:23:15,181 - BDM-WAM 1574684572.352519 - INFO - <Event(4-MouseMotion {'buttons': (0, 0, 0), 'rel': (0, 2), 'pos': (225, 179), 'window': None})>
2019-11-25 12:23:15,251 - BDM-WAM 1574684572.352519 - INFO - <Event(5-MouseButtonDown {'button': 1, 'pos': (225, 179), 'window': None})>
2019-11-25 12:23:15,251 - BDM-WAM 1574684572.352519 - INFO - <Event(8-Pause {'reason': <bound method GameManager.pause of <game.GameManager object at 0x000001FC57C7D2B0>> })>
2019-11-25 12:23:15,664 - BDM-WAM 1574684572.352519 - INFO - <Event(7-Rate {'hit_conf': 3 })>
2019-11-25 12:23:15,846 - BDM-WAM 1574684572.352519 - INFO - <Event(7-Rate {'reward_conf': 3 })>
2019-11-25 12:23:15,983 - BDM-WAM 1574684572.352519 - INFO - <Event(7-Rate {'player_skill': 3 })>
2019-11-25 12:23:15,984 - BDM-WAM 1574684572.352519 - INFO - <Event(9.1-True Hit {'pos': (225,179),'distance: 47.07440918375928,'relative_loc: (46, 10),'window': None})>
2019-11-25 12:23:16,001 - BDM-WAM 1574684572.352519 - INFO - <Event(10-MoleUp) {'loc': (179,169)})>
2019-11-25 12:23:16,105 - BDM-WAM 1574684572.352519 - INFO - <Event(3-KeyUp {'window': None, 'key': 51, 'scancode': 4, 'mod': 0})>
2019-11-25 12:23:16,313 - BDM-WAM 1574684572.352519 - INFO - <Event(10-MoleUp) {'loc': (179,169)})>
2019-11-25 12:23:16,415 - BDM-WAM 1574684572.352519 - INFO - <Event(10-MoleUp) {'loc': (179,169)})>
2019-11-25 12:23:16,613 - BDM-WAM 1574684572.352519 - INFO - <Event(4-MouseMotion {'buttons': (0, 0, 0), 'rel': (0, 1), 'pos': (225, 180), 'window': None})>
2019-11-25 12:23:16,630 - BDM-WAM 1574684572.352519 - INFO - <Event(4-MouseMotion {'buttons': (0, 0, 0), 'rel': (0, 3), 'pos': (225, 183), 'window': None})>
2019-11-25 12:23:16,647 - BDM-WAM 1574684572.352519 - INFO - <Event(4-MouseMotion {'buttons': (0, 0, 0), 'rel': (1, 4), 'pos': (226, 187), 'window': None})>
2019-11-25 12:23:16,664 - BDM-WAM 1574684572.352519 - INFO - <Event(4-MouseMotion {'buttons': (0, 0, 0), 'rel': (2, 8), 'pos': (228, 195), 'window': None})>
2019-11-25 12:23:16,683 - BDM-WAM 1574684572.352519 - INFO - <Event(4-MouseMotion {'buttons': (0, 0, 0), 'rel': (3, 16), 'pos': (231, 211), 'window': None})>
2019-11-25 12:23:16,700 - BDM-WAM 1574684572.352519 - INFO - <Event(4-MouseMotion {'buttons': (0, 0, 0), 'rel': (1, 10), 'pos': (232, 221), 'window': None})>
2019-11-25 12:23:16,716 - BDM-WAM 1574684572.352519 - INFO - <Event(4-MouseMotion {'buttons': (0, 0, 0), 'rel': (0, 6), 'pos': (232, 227), 'window': None})>
2019-11-25 12:23:16,733 - BDM-WAM 1574684572.352519 - INFO - <Event(4-MouseMotion {'buttons': (0, 0, 0), 'rel': (-1, 6), 'pos': (231, 233), 'window': None})>
2019-11-25 12:23:16,750 - BDM-WAM 1574684572.352519 - INFO - <Event(4-MouseMotion {'buttons': (0, 0, 0), 'rel': (-2, 6), 'pos': (229, 239), 'window': None})>
2019-11-25 12:23:16,766 - BDM-WAM 1574684572.352519 - INFO - <Event(4-MouseMotion {'buttons': (0, 0, 0), 'rel': (-3, 6), 'pos': (226, 245), 'window': None})>
2019-11-25 12:23:16,783 - BDM-WAM 1574684572.352519 - INFO - <Event(4-MouseMotion {'buttons': (0, 0, 0), 'rel': (-2, 3), 'pos': (224, 248), 'window': None})>
2019-11-25 12:23:16,800 - BDM-WAM 1574684572.352519 - INFO - <Event(4-MouseMotion {'buttons': (0, 0, 0), 'rel': (-3, 3), 'pos': (221, 251), 'window': None})>
2019-11-25 12:23:16,817 - BDM-WAM 1574684572.352519 - INFO - <Event(4-MouseMotion {'buttons': (0, 0, 0), 'rel': (0, 2), 'pos': (221, 253), 'window': None})>
2019-11-25 12:23:16,834 - BDM-WAM 1574684572.352519 - INFO - <Event(4-MouseMotion {'buttons': (0, 0, 0), 'rel': (-2, 1), 'pos': (219, 254), 'window': None})>
2019-11-25 12:23:16,851 - BDM-WAM 1574684572.352519 - INFO - <Event(4-MouseMotion {'buttons': (0, 0, 0), 'rel': (-1, 1), 'pos': (218, 255), 'window': None})>
2019-11-25 12:23:16,885 - BDM-WAM 1574684572.352519 - INFO - <Event(4-MouseMotion {'buttons': (0, 0, 0), 'rel': (0, 2), 'pos': (218, 257), 'window': None})>
2019-11-25 12:23:16,930 - BDM-WAM 1574684572.352519 - INFO - <Event(10-MoleUp) {'loc': (119,366)})>
2019-11-25 12:23:16,932 - BDM-WAM 1574684572.352519 - INFO - <Event(4-MouseMotion {'buttons': (0, 0, 0), 'rel': (1, 3), 'pos': (219, 260), 'window': None})>
2019-11-25 12:23:16,950 - BDM-WAM 1574684572.352519 - INFO - <Event(4-MouseMotion {'buttons': (0, 0, 0), 'rel': (2, 3), 'pos': (221, 263), 'window': None})>
2019-11-25 12:23:16,967 - BDM-WAM 1574684572.352519 - INFO - <Event(4-MouseMotion {'buttons': (0, 0, 0), 'rel': (2, 2), 'pos': (223, 265), 'window': None})>
2019-11-25 12:23:16,984 - BDM-WAM 1574684572.352519 - INFO - <Event(4-MouseMotion {'buttons': (0, 0, 0), 'rel': (6, 4), 'pos': (229, 269), 'window': None})>
2019-11-25 12:23:17,001 - BDM-WAM 1574684572.352519 - INFO - <Event(4-MouseMotion {'buttons': (0, 0, 0), 'rel': (12, 5), 'pos': (241, 274), 'window': None})>
2019-11-25 12:23:17,040 - BDM-WAM 1574684572.352519 - INFO - <Event(10-MoleUp) {'loc': (119,366)})>
2019-11-25 12:23:17,042 - BDM-WAM 1574684572.352519 - INFO - <Event(4-MouseMotion {'buttons': (0, 0, 0), 'rel': (109, 6), 'pos': (350, 280), 'window': None})>
2019-11-25 12:23:17,059 - BDM-WAM 1574684572.352519 - INFO - <Event(4-MouseMotion {'buttons': (0, 0, 0), 'rel': (39, 0), 'pos': (389, 280), 'window': None})>
2019-11-25 12:23:17,077 - BDM-WAM 1574684572.352519 - INFO - <Event(4-MouseMotion {'buttons': (0, 0, 0), 'rel': (26, 2), 'pos': (415, 282), 'window': None})>
2019-11-25 12:23:17,094 - BDM-WAM 1574684572.352519 - INFO - <Event(4-MouseMotion {'buttons': (0, 0, 0), 'rel': (17, 2), 'pos': (432, 284), 'window': None})>
2019-11-25 12:23:17,111 - BDM-WAM 1574684572.352519 - INFO - <Event(4-MouseMotion {'buttons': (0, 0, 0), 'rel': (17, 2), 'pos': (449, 286), 'window': None})>
2019-11-25 12:23:17,154 - BDM-WAM 1574684572.352519 - INFO - <Event(10-MoleUp) {'loc': (119,366)})>
2019-11-25 12:23:17,156 - BDM-WAM 1574684572.352519 - INFO - <Event(4-MouseMotion {'buttons': (0, 0, 0), 'rel': (8, 2), 'pos': (457, 288), 'window': None})>
2019-11-25 12:23:17,174 - BDM-WAM 1574684572.352519 - INFO - <Event(4-MouseMotion {'buttons': (0, 0, 0), 'rel': (0, 1), 'pos': (457, 289), 'window': None})>
2019-11-25 12:23:17,191 - BDM-WAM 1574684572.352519 - INFO - <Event(4-MouseMotion {'buttons': (0, 0, 0), 'rel': (0, 2), 'pos': (457, 291), 'window': None})>
2019-11-25 12:23:17,208 - BDM-WAM 1574684572.352519 - INFO - <Event(4-MouseMotion {'buttons': (0, 0, 0), 'rel': (-12, 9), 'pos': (445, 300), 'window': None})>
2019-11-25 12:23:17,225 - BDM-WAM 1574684572.352519 - INFO - <Event(4-MouseMotion {'buttons': (0, 0, 0), 'rel': (-53, 26), 'pos': (392, 326), 'window': None})>
2019-11-25 12:23:17,242 - BDM-WAM 1574684572.352519 - INFO - <Event(4-MouseMotion {'buttons': (0, 0, 0), 'rel': (-38, 13), 'pos': (354, 339), 'window': None})>
2019-11-25 12:23:17,259 - BDM-WAM 1574684572.352519 - INFO - <Event(4-MouseMotion {'buttons': (0, 0, 0), 'rel': (-33, 10), 'pos': (321, 349), 'window': None})>
2019-11-25 12:23:17,276 - BDM-WAM 1574684572.352519 - INFO - <Event(4-MouseMotion {'buttons': (0, 0, 0), 'rel': (-28, 8), 'pos': (293, 357), 'window': None})>
2019-11-25 12:23:17,294 - BDM-WAM 1574684572.352519 - INFO - <Event(4-MouseMotion {'buttons': (0, 0, 0), 'rel': (-20, 6), 'pos': (273, 363), 'window': None})>
2019-11-25 12:23:17,311 - BDM-WAM 1574684572.352519 - INFO - <Event(4-MouseMotion {'buttons': (0, 0, 0), 'rel': (-18, 7), 'pos': (255, 370), 'window': None})>
2019-11-25 12:23:17,328 - BDM-WAM 1574684572.352519 - INFO - <Event(4-MouseMotion {'buttons': (0, 0, 0), 'rel': (-8, 4), 'pos': (247, 374), 'window': None})>
2019-11-25 12:23:17,345 - BDM-WAM 1574684572.352519 - INFO - <Event(4-MouseMotion {'buttons': (0, 0, 0), 'rel': (-4, 4), 'pos': (243, 378), 'window': None})>
2019-11-25 12:23:17,362 - BDM-WAM 1574684572.352519 - INFO - <Event(4-MouseMotion {'buttons': (0, 0, 0), 'rel': (-5, 4), 'pos': (238, 382), 'window': None})>
2019-11-25 12:23:17,379 - BDM-WAM 1574684572.352519 - INFO - <Event(4-MouseMotion {'buttons': (0, 0, 0), 'rel': (-8, 11), 'pos': (230, 393), 'window': None})>
2019-11-25 12:23:17,396 - BDM-WAM 1574684572.352519 - INFO - <Event(4-MouseMotion {'buttons': (0, 0, 0), 'rel': (-6, 8), 'pos': (224, 401), 'window': None})>
2019-11-25 12:23:17,413 - BDM-WAM 1574684572.352519 - INFO - <Event(4-MouseMotion {'buttons': (0, 0, 0), 'rel': (-4, 6), 'pos': (220, 407), 'window': None})>
2019-11-25 12:23:17,431 - BDM-WAM 1574684572.352519 - INFO - <Event(4-MouseMotion {'buttons': (0, 0, 0), 'rel': (-5, 4), 'pos': (215, 411), 'window': None})>
2019-11-25 12:23:17,449 - BDM-WAM 1574684572.352519 - INFO - <Event(4-MouseMotion {'buttons': (0, 0, 0), 'rel': (-10, 8), 'pos': (205, 419), 'window': None})>
2019-11-25 12:23:17,466 - BDM-WAM 1574684572.352519 - INFO - <Event(4-MouseMotion {'buttons': (0, 0, 0), 'rel': (-8, 4), 'pos': (197, 423), 'window': None})>
2019-11-25 12:23:17,482 - BDM-WAM 1574684572.352519 - INFO - <Event(4-MouseMotion {'buttons': (0, 0, 0), 'rel': (-4, 3), 'pos': (193, 426), 'window': None})>
2019-11-25 12:23:17,499 - BDM-WAM 1574684572.352519 - INFO - <Event(4-MouseMotion {'buttons': (0, 0, 0), 'rel': (-7, 2), 'pos': (186, 428), 'window': None})>
2019-11-25 12:23:17,516 - BDM-WAM 1574684572.352519 - INFO - <Event(4-MouseMotion {'buttons': (0, 0, 0), 'rel': (-8, 3), 'pos': (178, 431), 'window': None})>
2019-11-25 12:23:17,533 - BDM-WAM 1574684572.352519 - INFO - <Event(4-MouseMotion {'buttons': (0, 0, 0), 'rel': (-5, 4), 'pos': (173, 435), 'window': None})>
2019-11-25 12:23:17,549 - BDM-WAM 1574684572.352519 - INFO - <Event(4-MouseMotion {'buttons': (0, 0, 0), 'rel': (-7, 2), 'pos': (166, 437), 'window': None})>
2019-11-25 12:23:17,566 - BDM-WAM 1574684572.352519 - INFO - <Event(4-MouseMotion {'buttons': (0, 0, 0), 'rel': (-6, 2), 'pos': (160, 439), 'window': None})>
2019-11-25 12:23:17,583 - BDM-WAM 1574684572.352519 - INFO - <Event(4-MouseMotion {'buttons': (0, 0, 0), 'rel': (-5, 1), 'pos': (155, 440), 'window': None})>
2019-11-25 12:23:17,600 - BDM-WAM 1574684572.352519 - INFO - <Event(4-MouseMotion {'buttons': (0, 0, 0), 'rel': (-6, 0), 'pos': (149, 440), 'window': None})>
2019-11-25 12:23:17,617 - BDM-WAM 1574684572.352519 - INFO - <Event(4-MouseMotion {'buttons': (0, 0, 0), 'rel': (-2, -1), 'pos': (147, 439), 'window': None})>
2019-11-25 12:23:17,685 - BDM-WAM 1574684572.352519 - INFO - <Event(5-MouseButtonDown {'button': 1, 'pos': (147, 439), 'window': None})>
2019-11-25 12:23:17,686 - BDM-WAM 1574684572.352519 - INFO - <Event(8-Pause {'reason': <bound method GameManager.pause of <game.GameManager object at 0x000001FC57C7D2B0>> })>
2019-11-25 12:23:18,122 - BDM-WAM 1574684572.352519 - INFO - <Event(7-Rate {'hit_conf': 4 })>
2019-11-25 12:23:18,294 - BDM-WAM 1574684572.352519 - INFO - <Event(7-Rate {'reward_conf': 4 })>
2019-11-25 12:23:18,453 - BDM-WAM 1574684572.352519 - INFO - <Event(7-Rate {'player_skill': 4 })>
2019-11-25 12:23:18,453 - BDM-WAM 1574684572.352519 - INFO - <Event(9.1-True Hit {'pos': (147,439),'distance: 78.18567643756751,'relative_loc: (28, 73),'window': None})>
2019-11-25 12:23:18,493 - BDM-WAM 1574684572.352519 - INFO - <Event(10-MoleUp) {'loc': (119,366)})>
2019-11-25 12:23:18,511 - BDM-WAM 1574684572.352519 - INFO - <Event(3-KeyUp {'window': None, 'key': 52, 'scancode': 5, 'mod': 0})>
2019-11-25 12:23:18,792 - BDM-WAM 1574684572.352519 - INFO - <Event(10-MoleUp) {'loc': (119,366)})>
2019-11-25 12:23:18,903 - BDM-WAM 1574684572.352519 - INFO - <Event(10-MoleUp) {'loc': (119,366)})>
2019-11-25 12:23:19,026 - BDM-WAM 1574684572.352519 - INFO - <Event(4-MouseMotion {'buttons': (0, 0, 0), 'rel': (0, -1), 'pos': (147, 438), 'window': None})>
2019-11-25 12:23:19,043 - BDM-WAM 1574684572.352519 - INFO - <Event(4-MouseMotion {'buttons': (0, 0, 0), 'rel': (1, 0), 'pos': (148, 438), 'window': None})>
2019-11-25 12:23:19,060 - BDM-WAM 1574684572.352519 - INFO - <Event(4-MouseMotion {'buttons': (0, 0, 0), 'rel': (1, -1), 'pos': (149, 437), 'window': None})>
2019-11-25 12:23:19,077 - BDM-WAM 1574684572.352519 - INFO - <Event(4-MouseMotion {'buttons': (0, 0, 0), 'rel': (1, -2), 'pos': (150, 435), 'window': None})>
2019-11-25 12:23:19,094 - BDM-WAM 1574684572.352519 - INFO - <Event(4-MouseMotion {'buttons': (0, 0, 0), 'rel': (2, -1), 'pos': (152, 434), 'window': None})>
2019-11-25 12:23:19,111 - BDM-WAM 1574684572.352519 - INFO - <Event(4-MouseMotion {'buttons': (0, 0, 0), 'rel': (3, -3), 'pos': (155, 431), 'window': None})>
2019-11-25 12:23:19,128 - BDM-WAM 1574684572.352519 - INFO - <Event(4-MouseMotion {'buttons': (0, 0, 0), 'rel': (3, -3), 'pos': (158, 428), 'window': None})>
2019-11-25 12:23:19,148 - BDM-WAM 1574684572.352519 - INFO - <Event(4-MouseMotion {'buttons': (0, 0, 0), 'rel': (3, -3), 'pos': (161, 425), 'window': None})>
2019-11-25 12:23:19,165 - BDM-WAM 1574684572.352519 - INFO - <Event(4-MouseMotion {'buttons': (0, 0, 0), 'rel': (8, -6), 'pos': (169, 419), 'window': None})>
2019-11-25 12:23:19,181 - BDM-WAM 1574684572.352519 - INFO - <Event(4-MouseMotion {'buttons': (0, 0, 0), 'rel': (5, -3), 'pos': (174, 416), 'window': None})>
2019-11-25 12:23:19,198 - BDM-WAM 1574684572.352519 - INFO - <Event(4-MouseMotion {'buttons': (0, 0, 0), 'rel': (4, -4), 'pos': (178, 412), 'window': None})>
2019-11-25 12:23:19,215 - BDM-WAM 1574684572.352519 - INFO - <Event(4-MouseMotion {'buttons': (0, 0, 0), 'rel': (7, -3), 'pos': (185, 409), 'window': None})>
2019-11-25 12:23:19,231 - BDM-WAM 1574684572.352519 - INFO - <Event(4-MouseMotion {'buttons': (0, 0, 0), 'rel': (5, -3), 'pos': (190, 406), 'window': None})>
2019-11-25 12:23:19,249 - BDM-WAM 1574684572.352519 - INFO - <Event(4-MouseMotion {'buttons': (0, 0, 0), 'rel': (11, -5), 'pos': (201, 401), 'window': None})>
2019-11-25 12:23:19,265 - BDM-WAM 1574684572.352519 - INFO - <Event(4-MouseMotion {'buttons': (0, 0, 0), 'rel': (8, -2), 'pos': (209, 399), 'window': None})>
2019-11-25 12:23:19,282 - BDM-WAM 1574684572.352519 - INFO - <Event(4-MouseMotion {'buttons': (0, 0, 0), 'rel': (9, -1), 'pos': (218, 398), 'window': None})>
2019-11-25 12:23:19,299 - BDM-WAM 1574684572.352519 - INFO - <Event(4-MouseMotion {'buttons': (0, 0, 0), 'rel': (9, -3), 'pos': (227, 395), 'window': None})>
2019-11-25 12:23:19,316 - BDM-WAM 1574684572.352519 - INFO - <Event(4-MouseMotion {'buttons': (0, 0, 0), 'rel': (9, -1), 'pos': (236, 394), 'window': None})>
2019-11-25 12:23:19,333 - BDM-WAM 1574684572.352519 - INFO - <Event(4-MouseMotion {'buttons': (0, 0, 0), 'rel': (13, -3), 'pos': (249, 391), 'window': None})>
2019-11-25 12:23:19,349 - BDM-WAM 1574684572.352519 - INFO - <Event(4-MouseMotion {'buttons': (0, 0, 0), 'rel': (12, -3), 'pos': (261, 388), 'window': None})>
2019-11-25 12:23:19,366 - BDM-WAM 1574684572.352519 - INFO - <Event(4-MouseMotion {'buttons': (0, 0, 0), 'rel': (7, -2), 'pos': (268, 386), 'window': None})>
2019-11-25 12:23:19,409 - BDM-WAM 1574684572.352519 - INFO - <Event(10-MoleUp) {'loc': (464,119)})>
2019-11-25 12:23:19,411 - BDM-WAM 1574684572.352519 - INFO - <Event(4-MouseMotion {'buttons': (0, 0, 0), 'rel': (21, -8), 'pos': (289, 378), 'window': None})>
2019-11-25 12:23:19,430 - BDM-WAM 1574684572.352519 - INFO - <Event(4-MouseMotion {'buttons': (0, 0, 0), 'rel': (5, -3), 'pos': (294, 375), 'window': None})>
2019-11-25 12:23:19,448 - BDM-WAM 1574684572.352519 - INFO - <Event(4-MouseMotion {'buttons': (0, 0, 0), 'rel': (11, -7), 'pos': (305, 368), 'window': None})>
2019-11-25 12:23:19,464 - BDM-WAM 1574684572.352519 - INFO - <Event(4-MouseMotion {'buttons': (0, 0, 0), 'rel': (11, -8), 'pos': (316, 360), 'window': None})>
2019-11-25 12:23:19,480 - BDM-WAM 1574684572.352519 - INFO - <Event(4-MouseMotion {'buttons': (0, 0, 0), 'rel': (8, -7), 'pos': (324, 353), 'window': None})>
2019-11-25 12:23:19,524 - BDM-WAM 1574684572.352519 - INFO - <Event(10-MoleUp) {'loc': (464,119)})>
2019-11-25 12:23:19,525 - BDM-WAM 1574684572.352519 - INFO - <Event(4-MouseMotion {'buttons': (0, 0, 0), 'rel': (17, -17), 'pos': (341, 336), 'window': None})>
2019-11-25 12:23:19,544 - BDM-WAM 1574684572.352519 - INFO - <Event(4-MouseMotion {'buttons': (0, 0, 0), 'rel': (6, -5), 'pos': (347, 331), 'window': None})>
2019-11-25 12:23:19,561 - BDM-WAM 1574684572.352519 - INFO - <Event(4-MouseMotion {'buttons': (0, 0, 0), 'rel': (7, -8), 'pos': (354, 323), 'window': None})>
2019-11-25 12:23:19,581 - BDM-WAM 1574684572.352519 - INFO - <Event(4-MouseMotion {'buttons': (0, 0, 0), 'rel': (8, -8), 'pos': (362, 315), 'window': None})>
2019-11-25 12:23:19,596 - BDM-WAM 1574684572.352519 - INFO - <Event(4-MouseMotion {'buttons': (0, 0, 0), 'rel': (4, -6), 'pos': (366, 309), 'window': None})>
2019-11-25 12:23:19,640 - BDM-WAM 1574684572.352519 - INFO - <Event(10-MoleUp) {'loc': (464,119)})>
2019-11-25 12:23:19,642 - BDM-WAM 1574684572.352519 - INFO - <Event(4-MouseMotion {'buttons': (0, 0, 0), 'rel': (9, -18), 'pos': (375, 291), 'window': None})>
2019-11-25 12:23:19,660 - BDM-WAM 1574684572.352519 - INFO - <Event(4-MouseMotion {'buttons': (0, 0, 0), 'rel': (1, -7), 'pos': (376, 284), 'window': None})>
2019-11-25 12:23:19,677 - BDM-WAM 1574684572.352519 - INFO - <Event(4-MouseMotion {'buttons': (0, 0, 0), 'rel': (1, -4), 'pos': (377, 280), 'window': None})>
2019-11-25 12:23:19,693 - BDM-WAM 1574684572.352519 - INFO - <Event(4-MouseMotion {'buttons': (0, 0, 0), 'rel': (0, -2), 'pos': (377, 278), 'window': None})>
2019-11-25 12:23:19,710 - BDM-WAM 1574684572.352519 - INFO - <Event(4-MouseMotion {'buttons': (0, 0, 0), 'rel': (2, -2), 'pos': (379, 276), 'window': None})>
2019-11-25 12:23:19,727 - BDM-WAM 1574684572.352519 - INFO - <Event(4-MouseMotion {'buttons': (0, 0, 0), 'rel': (4, -1), 'pos': (383, 275), 'window': None})>
2019-11-25 12:23:19,744 - BDM-WAM 1574684572.352519 - INFO - <Event(4-MouseMotion {'buttons': (0, 0, 0), 'rel': (6, 0), 'pos': (389, 275), 'window': None})>
2019-11-25 12:23:19,764 - BDM-WAM 1574684572.352519 - INFO - <Event(4-MouseMotion {'buttons': (0, 0, 0), 'rel': (25, 4), 'pos': (414, 279), 'window': None})>
2019-11-25 12:23:19,780 - BDM-WAM 1574684572.352519 - INFO - <Event(4-MouseMotion {'buttons': (0, 0, 0), 'rel': (27, 4), 'pos': (441, 283), 'window': None})>
2019-11-25 12:23:19,796 - BDM-WAM 1574684572.352519 - INFO - <Event(4-MouseMotion {'buttons': (0, 0, 0), 'rel': (24, -1), 'pos': (465, 282), 'window': None})>
2019-11-25 12:23:19,813 - BDM-WAM 1574684572.352519 - INFO - <Event(4-MouseMotion {'buttons': (0, 0, 0), 'rel': (20, -7), 'pos': (485, 275), 'window': None})>
2019-11-25 12:23:19,829 - BDM-WAM 1574684572.352519 - INFO - <Event(4-MouseMotion {'buttons': (0, 0, 0), 'rel': (21, -9), 'pos': (506, 266), 'window': None})>
2019-11-25 12:23:19,847 - BDM-WAM 1574684572.352519 - INFO - <Event(4-MouseMotion {'buttons': (0, 0, 0), 'rel': (31, -19), 'pos': (537, 247), 'window': None})>
2019-11-25 12:23:19,865 - BDM-WAM 1574684572.352519 - INFO - <Event(4-MouseMotion {'buttons': (0, 0, 0), 'rel': (16, -8), 'pos': (553, 239), 'window': None})>
2019-11-25 12:23:19,882 - BDM-WAM 1574684572.352519 - INFO - <Event(4-MouseMotion {'buttons': (0, 0, 0), 'rel': (11, -7), 'pos': (564, 232), 'window': None})>
2019-11-25 12:23:19,898 - BDM-WAM 1574684572.352519 - INFO - <Event(4-MouseMotion {'buttons': (0, 0, 0), 'rel': (6, -5), 'pos': (570, 227), 'window': None})>
2019-11-25 12:23:19,915 - BDM-WAM 1574684572.352519 - INFO - <Event(4-MouseMotion {'buttons': (0, 0, 0), 'rel': (5, -3), 'pos': (575, 224), 'window': None})>
2019-11-25 12:23:19,932 - BDM-WAM 1574684572.352519 - INFO - <Event(4-MouseMotion {'buttons': (0, 0, 0), 'rel': (3, -5), 'pos': (578, 219), 'window': None})>
2019-11-25 12:23:19,948 - BDM-WAM 1574684572.352519 - INFO - <Event(4-MouseMotion {'buttons': (0, 0, 0), 'rel': (3, -5), 'pos': (581, 214), 'window': None})>
2019-11-25 12:23:19,965 - BDM-WAM 1574684572.352519 - INFO - <Event(4-MouseMotion {'buttons': (0, 0, 0), 'rel': (0, -6), 'pos': (581, 208), 'window': None})>
2019-11-25 12:23:19,982 - BDM-WAM 1574684572.352519 - INFO - <Event(4-MouseMotion {'buttons': (0, 0, 0), 'rel': (0, -7), 'pos': (581, 201), 'window': None})>
2019-11-25 12:23:20,000 - BDM-WAM 1574684572.352519 - INFO - <Event(4-MouseMotion {'buttons': (0, 0, 0), 'rel': (0, -6), 'pos': (581, 195), 'window': None})>
2019-11-25 12:23:20,018 - BDM-WAM 1574684572.352519 - INFO - <Event(4-MouseMotion {'buttons': (0, 0, 0), 'rel': (0, -2), 'pos': (581, 193), 'window': None})>
2019-11-25 12:23:20,289 - BDM-WAM 1574684572.352519 - INFO - <Event(4-MouseMotion {'buttons': (0, 0, 0), 'rel': (0, 41), 'pos': (581, 234), 'window': None})>
2019-11-25 12:23:20,306 - BDM-WAM 1574684572.352519 - INFO - <Event(4-MouseMotion {'buttons': (0, 0, 0), 'rel': (9, 76), 'pos': (590, 310), 'window': None})>
2019-11-25 12:23:20,324 - BDM-WAM 1574684572.352519 - INFO - <Event(4-MouseMotion {'buttons': (0, 0, 0), 'rel': (6, 40), 'pos': (596, 350), 'window': None})>
2019-11-25 12:23:20,341 - BDM-WAM 1574684572.352519 - INFO - <Event(4-MouseMotion {'buttons': (0, 0, 0), 'rel': (5, 23), 'pos': (601, 373), 'window': None})>
2019-11-25 12:23:20,357 - BDM-WAM 1574684572.352519 - INFO - <Event(4-MouseMotion {'buttons': (0, 0, 0), 'rel': (3, 16), 'pos': (604, 389), 'window': None})>
2019-11-25 12:23:20,374 - BDM-WAM 1574684572.352519 - INFO - <Event(4-MouseMotion {'buttons': (0, 0, 0), 'rel': (2, 8), 'pos': (606, 397), 'window': None})>
2019-11-25 12:23:20,391 - BDM-WAM 1574684572.352519 - INFO - <Event(4-MouseMotion {'buttons': (0, 0, 0), 'rel': (2, 6), 'pos': (608, 403), 'window': None})>
2019-11-25 12:23:20,408 - BDM-WAM 1574684572.352519 - INFO - <Event(4-MouseMotion {'buttons': (0, 0, 0), 'rel': (1, 0), 'pos': (609, 403), 'window': None})>
2019-11-25 12:23:20,425 - BDM-WAM 1574684572.352519 - INFO - <Event(4-MouseMotion {'buttons': (0, 0, 0), 'rel': (1, 0), 'pos': (610, 403), 'window': None})>
2019-11-25 12:23:20,644 - BDM-WAM 1574684572.352519 - INFO - <Event(10-MoleUp) {'loc': (464,119)})>
2019-11-25 12:23:20,758 - BDM-WAM 1574684572.352519 - INFO - <Event(10-MoleUp) {'loc': (464,119)})>
2019-11-25 12:23:20,861 - BDM-WAM 1574684572.352519 - INFO - <Event(10-MoleUp) {'loc': (464,119)})>
2019-11-25 12:23:20,949 - BDM-WAM 1574684572.352519 - INFO - <Event(2-KeyDown {'window': None, 'unicode': 'p', 'key': 112, 'mod': 0, 'scancode': 25})>
2019-11-25 12:23:20,949 - BDM-WAM 1574684572.352519 - INFO - <Event(8-Pause {'reason': <bound method GameManager.pause of <game.GameManager object at 0x000001FC57C7D2B0>> })>
2019-11-25 12:23:21,939 - BDM-WAM 1574684572.352519 - INFO - ************* HAPPY ANALYSING... LOG COMPLETE!!! ************* 
