2019-12-18 14:50:21,230 - BDM-WAM 1576680620.905407 - INFO - <Event(17-VideoExpose {})>
2019-12-18 14:50:25,023 - BDM-WAM 1576680620.905407 - INFO - <Event(16-VideoResize {'w': 800, 'size': (800, 700), 'h': 700})>
2019-12-18 14:50:25,024 - BDM-WAM 1576680620.905407 - INFO - <Event(1-ActiveEvent {'gain': 0, 'state': 1})>
2019-12-18 14:50:25,025 - BDM-WAM 1576680620.905407 - INFO - <Event(4-MouseMotion {'rel': (415, 620), 'buttons': (0, 0, 0), 'window': None, 'pos': (414, 619)})>
2019-12-18 14:50:25,025 - BDM-WAM 1576680620.905407 - INFO - <Event(1-ActiveEvent {'gain': 1, 'state': 1})>
2019-12-18 14:50:25,033 - BDM-WAM 1576680620.905407 - INFO - <Event(4-MouseMotion {'rel': (-5, -151), 'buttons': (0, 0, 0), 'window': None, 'pos': (409, 468)})>
2019-12-18 14:50:25,096 - BDM-WAM 1576680620.905407 - INFO - <Event(10-MoleUp) {'loc': (95,43)})>
2019-12-18 14:50:25,127 - BDM-WAM 1576680620.905407 - INFO - <Event(3-KeyUp {'window': None, 'mod': 0, 'key': 99, 'scancode': 46})>
2019-12-18 14:50:25,779 - BDM-WAM 1576680620.905407 - INFO - <Event(5-MouseButtonDown {'window': None, 'button': 1, 'pos': (140, 88)})>
2019-12-18 14:50:25,779 - BDM-WAM 1576680620.905407 - INFO - <Event(8-Pause {'reason': hit_conf })>
2019-12-18 14:50:26,005 - BDM-WAM 1576680620.905407 - INFO - <Event(7-Rate {'hit_conf': 1 })>
2019-12-18 14:50:26,182 - BDM-WAM 1576680620.905407 - INFO - <Event(7-Rate {'reward_conf': 1 })>
2019-12-18 14:50:26,324 - BDM-WAM 1576680620.905407 - INFO - <Event(7-Rate {'player_skill': 1 })>
2019-12-18 14:50:26,325 - BDM-WAM 1576680620.905407 - INFO - <Event(9.1-TrueHit {'pos': (153,93),'distance: 76.57675887630658,'relative_loc: (58, 50),'window': None})>
2019-12-18 14:50:26,325 - BDM-WAM 1576680620.905407 - INFO - <Event(11-Score {score_inc: 3,score: 3})>
2019-12-18 14:50:26,327 - BDM-WAM 1576680620.905407 - INFO - <Event(4-MouseMotion {'rel': (13, 5), 'buttons': (1, 0, 0), 'window': None, 'pos': (153, 93)})>
2019-12-18 14:50:26,403 - BDM-WAM 1576680620.905407 - INFO - <Event(3-KeyUp {'window': None, 'mod': 0, 'key': 49, 'scancode': 2})>
2019-12-18 14:50:26,453 - BDM-WAM 1576680620.905407 - INFO - <Event(2-KeyDown {'window': None, 'scancode': 2, 'mod': 0, 'key': 49, 'unicode': '1'})>
2019-12-18 14:50:26,682 - BDM-WAM 1576680620.905407 - INFO - <Event(10-MoleUp) {'loc': (658,232)})>
2019-12-18 14:50:26,712 - BDM-WAM 1576680620.905407 - INFO - <Event(3-KeyUp {'window': None, 'mod': 0, 'key': 49, 'scancode': 2})>
2019-12-18 14:50:27,246 - BDM-WAM 1576680620.905407 - INFO - <Event(5-MouseButtonDown {'window': None, 'button': 1, 'pos': (722, 271)})>
2019-12-18 14:50:27,246 - BDM-WAM 1576680620.905407 - INFO - <Event(8-Pause {'reason': hit_conf })>
2019-12-18 14:50:27,389 - BDM-WAM 1576680620.905407 - INFO - <Event(7-Rate {'hit_conf': 2 })>
2019-12-18 14:50:27,556 - BDM-WAM 1576680620.905407 - INFO - <Event(7-Rate {'reward_conf': 2 })>
2019-12-18 14:50:27,706 - BDM-WAM 1576680620.905407 - INFO - <Event(7-Rate {'player_skill': 2 })>
2019-12-18 14:50:27,707 - BDM-WAM 1576680620.905407 - INFO - <Event(9.1-TrueHit {'pos': (722,271),'distance: 74.94664769020693,'relative_loc: (64, 39),'window': None})>
2019-12-18 14:50:27,708 - BDM-WAM 1576680620.905407 - INFO - <Event(11-Score {score_inc: 4,score: 7})>
2019-12-18 14:50:27,709 - BDM-WAM 1576680620.905407 - INFO - <Event(6-MouseButtonUp {'window': None, 'button': 1, 'pos': (722, 271)})>
2019-12-18 14:50:27,810 - BDM-WAM 1576680620.905407 - INFO - <Event(3-KeyUp {'window': None, 'mod': 0, 'key': 50, 'scancode': 3})>
2019-12-18 14:50:27,878 - BDM-WAM 1576680620.905407 - INFO - <Event(2-KeyDown {'window': None, 'scancode': 3, 'mod': 0, 'key': 50, 'unicode': '2'})>
2019-12-18 14:50:27,916 - BDM-WAM 1576680620.905407 - INFO - <Event(3-KeyUp {'window': None, 'mod': 0, 'key': 50, 'scancode': 3})>
2019-12-18 14:50:27,985 - BDM-WAM 1576680620.905407 - INFO - <Event(10-MoleUp) {'loc': (381,295)})>
2019-12-18 14:50:28,574 - BDM-WAM 1576680620.905407 - INFO - <Event(5-MouseButtonDown {'window': None, 'button': 1, 'pos': (472, 339)})>
2019-12-18 14:50:28,575 - BDM-WAM 1576680620.905407 - INFO - <Event(8-Pause {'reason': hit_conf })>
2019-12-18 14:50:29,095 - BDM-WAM 1576680620.905407 - INFO - <Event(7-Rate {'hit_conf': 3 })>
2019-12-18 14:50:29,264 - BDM-WAM 1576680620.905407 - INFO - <Event(7-Rate {'reward_conf': 3 })>
2019-12-18 14:50:29,417 - BDM-WAM 1576680620.905407 - INFO - <Event(7-Rate {'player_skill': 3 })>
2019-12-18 14:50:29,417 - BDM-WAM 1576680620.905407 - INFO - <Event(9.4-TrueMiss {'pos': (472,339),'distance: 101.07917688624102,'relative_loc: (91, 44),'window': None})>
2019-12-18 14:50:29,418 - BDM-WAM 1576680620.905407 - INFO - <Event(6-MouseButtonUp {'window': None, 'button': 1, 'pos': (472, 339)})>
2019-12-18 14:50:29,534 - BDM-WAM 1576680620.905407 - INFO - <Event(3-KeyUp {'window': None, 'mod': 0, 'key': 51, 'scancode': 4})>
2019-12-18 14:50:29,579 - BDM-WAM 1576680620.905407 - INFO - <Event(2-KeyDown {'window': None, 'scancode': 4, 'mod': 0, 'key': 51, 'unicode': '3'})>
2019-12-18 14:50:29,610 - BDM-WAM 1576680620.905407 - INFO - <Event(10-MoleUp) {'loc': (179,169)})>
2019-12-18 14:50:29,688 - BDM-WAM 1576680620.905407 - INFO - <Event(3-KeyUp {'window': None, 'mod': 0, 'key': 51, 'scancode': 4})>
2019-12-18 14:50:30,294 - BDM-WAM 1576680620.905407 - INFO - <Event(5-MouseButtonDown {'window': None, 'button': 1, 'pos': (229, 204)})>
2019-12-18 14:50:30,295 - BDM-WAM 1576680620.905407 - INFO - <Event(8-Pause {'reason': hit_conf })>
2019-12-18 14:50:30,398 - BDM-WAM 1576680620.905407 - INFO - <Event(7-Rate {'hit_conf': 4 })>
2019-12-18 14:50:30,532 - BDM-WAM 1576680620.905407 - INFO - <Event(7-Rate {'reward_conf': 4 })>
2019-12-18 14:50:30,681 - BDM-WAM 1576680620.905407 - INFO - <Event(7-Rate {'player_skill': 4 })>
2019-12-18 14:50:30,682 - BDM-WAM 1576680620.905407 - INFO - <Event(9.1-TrueHit {'pos': (229,204),'distance: 61.032778078668514,'relative_loc: (50, 35),'window': None})>
2019-12-18 14:50:30,683 - BDM-WAM 1576680620.905407 - INFO - <Event(11-Score {score_inc: 5,score: 12})>
2019-12-18 14:50:30,685 - BDM-WAM 1576680620.905407 - INFO - <Event(6-MouseButtonUp {'window': None, 'button': 1, 'pos': (229, 204)})>
2019-12-18 14:50:30,800 - BDM-WAM 1576680620.905407 - INFO - <Event(3-KeyUp {'window': None, 'mod': 0, 'key': 52, 'scancode': 5})>
2019-12-18 14:50:30,920 - BDM-WAM 1576680620.905407 - INFO - <Event(2-KeyDown {'window': None, 'scancode': 5, 'mod': 0, 'key': 52, 'unicode': '4'})>
2019-12-18 14:50:30,921 - BDM-WAM 1576680620.905407 - INFO - <Event(3-KeyUp {'window': None, 'mod': 0, 'key': 52, 'scancode': 5})>
2019-12-18 14:50:31,089 - BDM-WAM 1576680620.905407 - INFO - <Event(10-MoleUp) {'loc': (179,169)})>
2019-12-18 14:50:31,834 - BDM-WAM 1576680620.905407 - INFO - <Event(5-MouseButtonDown {'window': None, 'button': 1, 'pos': (222, 214)})>
2019-12-18 14:50:31,835 - BDM-WAM 1576680620.905407 - INFO - <Event(8-Pause {'reason': hit_conf })>
2019-12-18 14:50:31,981 - BDM-WAM 1576680620.905407 - INFO - <Event(7-Rate {'hit_conf': 5 })>
2019-12-18 14:50:32,137 - BDM-WAM 1576680620.905407 - INFO - <Event(7-Rate {'reward_conf': 5 })>
2019-12-18 14:50:32,302 - BDM-WAM 1576680620.905407 - INFO - <Event(7-Rate {'player_skill': 5 })>
2019-12-18 14:50:32,302 - BDM-WAM 1576680620.905407 - INFO - <Event(9.1-TrueHit {'pos': (222,214),'distance: 62.24146527838174,'relative_loc: (43, 45),'window': None})>
2019-12-18 14:50:32,303 - BDM-WAM 1576680620.905407 - INFO - <Event(11-Score {score_inc: 4,score: 16})>
2019-12-18 14:50:32,305 - BDM-WAM 1576680620.905407 - INFO - <Event(8-Pause {'reason': demo })>
2019-12-18 14:50:35,134 - BDM-WAM 1576680620.905407 - INFO - <Event(6-MouseButtonUp {'window': None, 'button': 1, 'pos': (222, 214)})>
2019-12-18 14:50:35,236 - BDM-WAM 1576680620.905407 - INFO - <Event(3-KeyUp {'window': None, 'mod': 0, 'key': 99, 'scancode': 46})>
2019-12-18 14:50:35,429 - BDM-WAM 1576680620.905407 - INFO - <Event(10-MoleUp) {'loc': (95,43)})>
2019-12-18 14:50:36,802 - BDM-WAM 1576680620.905407 - INFO - <Event(10-MoleUp) {'loc': (404,479)})>
2019-12-18 14:50:38,199 - BDM-WAM 1576680620.905407 - INFO - <Event(10-MoleUp) {'loc': (381,295)})>
2019-12-18 14:50:39,174 - BDM-WAM 1576680620.905407 - INFO - <Event(5-MouseButtonDown {'window': None, 'button': 1, 'pos': (448, 357)})>
2019-12-18 14:50:39,176 - BDM-WAM 1576680620.905407 - INFO - <Event(8-Pause {'reason': hit_conf })>
2019-12-18 14:50:59,684 - BDM-WAM 1576680620.905407 - INFO - <Event(7-Rate {'hit_conf': 4 })>
2019-12-18 14:51:00,179 - BDM-WAM 1576680620.905407 - INFO - <Event(7-Rate {'reward_conf': 4 })>
2019-12-18 14:51:01,090 - BDM-WAM 1576680620.905407 - INFO - <Event(7-Rate {'player_skill': 4 })>
2019-12-18 14:51:01,090 - BDM-WAM 1576680620.905407 - INFO - <Event(9.1-TrueHit {'pos': (448,357),'distance: 91.28526715741155,'relative_loc: (67, 62),'window': None})>
2019-12-18 14:51:01,091 - BDM-WAM 1576680620.905407 - INFO - <Event(11-Score {score_inc: 4,score: 4})>
2019-12-18 14:51:01,091 - BDM-WAM 1576680620.905407 - INFO - <Event(6-MouseButtonUp {'window': None, 'button': 1, 'pos': (448, 357)})>
2019-12-18 14:51:01,199 - BDM-WAM 1576680620.905407 - INFO - <Event(3-KeyUp {'window': None, 'mod': 0, 'key': 52, 'scancode': 5})>
2019-12-18 14:51:01,325 - BDM-WAM 1576680620.905407 - INFO - <Event(10-MoleUp) {'loc': (95,43)})>
2019-12-18 14:51:02,677 - BDM-WAM 1576680620.905407 - INFO - <Event(10-MoleUp) {'loc': (603,11)})>
2019-12-18 14:51:04,135 - BDM-WAM 1576680620.905407 - INFO - <Event(10-MoleUp) {'loc': (404,479)})>
2019-12-18 14:51:05,189 - BDM-WAM 1576680620.905407 - INFO - <Event(2-KeyDown {'window': None, 'scancode': 5, 'mod': 0, 'key': 52, 'unicode': '4'})>
2019-12-18 14:51:05,357 - BDM-WAM 1576680620.905407 - INFO - <Event(3-KeyUp {'window': None, 'mod': 0, 'key': 52, 'scancode': 5})>
2019-12-18 14:51:05,601 - BDM-WAM 1576680620.905407 - INFO - <Event(10-MoleUp) {'loc': (404,479)})>
2019-12-18 14:51:06,940 - BDM-WAM 1576680620.905407 - INFO - <Event(10-MoleUp) {'loc': (658,232)})>
2019-12-18 14:51:08,249 - BDM-WAM 1576680620.905407 - INFO - <Event(10-MoleUp) {'loc': (119,366)})>
2019-12-18 14:51:09,307 - BDM-WAM 1576680620.905407 - INFO - <Event(5-MouseButtonDown {'window': None, 'button': 1, 'pos': (165, 421)})>
2019-12-18 14:51:09,308 - BDM-WAM 1576680620.905407 - INFO - <Event(8-Pause {'reason': hit_conf })>
2019-12-18 14:51:10,862 - BDM-WAM 1576680620.905407 - INFO - <Event(7-Rate {'hit_conf': 4 })>
2019-12-18 14:51:11,499 - BDM-WAM 1576680620.905407 - INFO - <Event(7-Rate {'reward_conf': 4 })>
2019-12-18 14:51:13,133 - BDM-WAM 1576680620.905407 - INFO - <Event(7-Rate {'player_skill': 5 })>
2019-12-18 14:51:13,133 - BDM-WAM 1576680620.905407 - INFO - <Event(9.1-TrueHit {'pos': (165,421),'distance: 71.7007670809734,'relative_loc: (46, 55),'window': None})>
2019-12-18 14:51:13,134 - BDM-WAM 1576680620.905407 - INFO - <Event(11-Score {score_inc: 4,score: 8})>
2019-12-18 14:51:13,134 - BDM-WAM 1576680620.905407 - INFO - <Event(6-MouseButtonUp {'window': None, 'button': 1, 'pos': (165, 421)})>
2019-12-18 14:51:13,231 - BDM-WAM 1576680620.905407 - INFO - <Event(3-KeyUp {'window': None, 'mod': 0, 'key': 53, 'scancode': 6})>
2019-12-18 14:51:13,458 - BDM-WAM 1576680620.905407 - INFO - <Event(10-MoleUp) {'loc': (95,43)})>
2019-12-18 14:51:14,595 - BDM-WAM 1576680620.905407 - INFO - <Event(5-MouseButtonDown {'window': None, 'button': 1, 'pos': (145, 68)})>
2019-12-18 14:51:14,596 - BDM-WAM 1576680620.905407 - INFO - <Event(8-Pause {'reason': hit_conf })>
2019-12-18 14:51:15,661 - BDM-WAM 1576680620.905407 - INFO - <Event(7-Rate {'hit_conf': 5 })>
2019-12-18 14:51:16,284 - BDM-WAM 1576680620.905407 - INFO - <Event(7-Rate {'reward_conf': 5 })>
2019-12-18 14:51:16,679 - BDM-WAM 1576680620.905407 - INFO - <Event(7-Rate {'player_skill': 5 })>
2019-12-18 14:51:16,679 - BDM-WAM 1576680620.905407 - INFO - <Event(9.1-TrueHit {'pos': (145,68),'distance: 55.90169943749474,'relative_loc: (50, 25),'window': None})>
2019-12-18 14:51:16,679 - BDM-WAM 1576680620.905407 - INFO - <Event(11-Score {score_inc: 5,score: 13})>
2019-12-18 14:51:16,679 - BDM-WAM 1576680620.905407 - INFO - <Event(6-MouseButtonUp {'window': None, 'button': 1, 'pos': (145, 68)})>
2019-12-18 14:51:16,728 - BDM-WAM 1576680620.905407 - INFO - <Event(3-KeyUp {'window': None, 'mod': 0, 'key': 53, 'scancode': 6})>
2019-12-18 14:51:16,899 - BDM-WAM 1576680620.905407 - INFO - <Event(10-MoleUp) {'loc': (179,169)})>
2019-12-18 14:51:17,794 - BDM-WAM 1576680620.905407 - INFO - <Event(5-MouseButtonDown {'window': None, 'button': 1, 'pos': (193, 199)})>
2019-12-18 14:51:17,794 - BDM-WAM 1576680620.905407 - INFO - <Event(8-Pause {'reason': hit_conf })>
2019-12-18 14:51:18,986 - BDM-WAM 1576680620.905407 - INFO - <Event(7-Rate {'hit_conf': 6 })>
2019-12-18 14:51:19,347 - BDM-WAM 1576680620.905407 - INFO - <Event(7-Rate {'reward_conf': 6 })>
2019-12-18 14:51:19,712 - BDM-WAM 1576680620.905407 - INFO - <Event(7-Rate {'player_skill': 6 })>
2019-12-18 14:51:19,712 - BDM-WAM 1576680620.905407 - INFO - <Event(9.1-TrueHit {'pos': (210,205),'distance: 47.50789408087881,'relative_loc: (31, 36),'window': None})>
2019-12-18 14:51:19,712 - BDM-WAM 1576680620.905407 - INFO - <Event(11-Score {score_inc: 6,score: 19})>
2019-12-18 14:51:19,712 - BDM-WAM 1576680620.905407 - INFO - <Event(4-MouseMotion {'rel': (17, 6), 'buttons': (1, 0, 0), 'window': None, 'pos': (210, 205)})>
2019-12-18 14:51:19,763 - BDM-WAM 1576680620.905407 - INFO - <Event(3-KeyUp {'window': None, 'mod': 0, 'key': 54, 'scancode': 7})>
2019-12-18 14:51:19,979 - BDM-WAM 1576680620.905407 - INFO - <Event(10-MoleUp) {'loc': (603,11)})>
2019-12-18 14:51:20,846 - BDM-WAM 1576680620.905407 - INFO - <Event(5-MouseButtonDown {'window': None, 'button': 1, 'pos': (657, 61)})>
2019-12-18 14:51:20,846 - BDM-WAM 1576680620.905407 - INFO - <Event(8-Pause {'reason': hit_conf })>
2019-12-18 14:51:22,320 - BDM-WAM 1576680620.905407 - INFO - <Event(7-Rate {'hit_conf': 6 })>
2019-12-18 14:51:22,503 - BDM-WAM 1576680620.905407 - INFO - <Event(7-Rate {'reward_conf': 6 })>
2019-12-18 14:51:22,955 - BDM-WAM 1576680620.905407 - INFO - <Event(7-Rate {'player_skill': 6 })>
2019-12-18 14:51:22,955 - BDM-WAM 1576680620.905407 - INFO - <Event(9.1-TrueHit {'pos': (657,61),'distance: 73.59347797189639,'relative_loc: (54, 50),'window': None})>
2019-12-18 14:51:22,955 - BDM-WAM 1576680620.905407 - INFO - <Event(11-Score {score_inc: 3,score: 22})>
2019-12-18 14:51:22,955 - BDM-WAM 1576680620.905407 - INFO - <Event(6-MouseButtonUp {'window': None, 'button': 1, 'pos': (657, 61)})>
2019-12-18 14:51:23,051 - BDM-WAM 1576680620.905407 - INFO - <Event(3-KeyUp {'window': None, 'mod': 0, 'key': 54, 'scancode': 7})>
2019-12-18 14:51:23,176 - BDM-WAM 1576680620.905407 - INFO - <Event(10-MoleUp) {'loc': (464,119)})>
2019-12-18 14:51:24,138 - BDM-WAM 1576680620.905407 - INFO - <Event(5-MouseButtonDown {'window': None, 'button': 1, 'pos': (523, 178)})>
2019-12-18 14:51:24,139 - BDM-WAM 1576680620.905407 - INFO - <Event(8-Pause {'reason': hit_conf })>
2019-12-18 14:51:24,929 - BDM-WAM 1576680620.905407 - INFO - <Event(7-Rate {'hit_conf': 6 })>
2019-12-18 14:51:25,123 - BDM-WAM 1576680620.905407 - INFO - <Event(7-Rate {'reward_conf': 6 })>
2019-12-18 14:51:25,323 - BDM-WAM 1576680620.905407 - INFO - <Event(7-Rate {'player_skill': 6 })>
2019-12-18 14:51:25,324 - BDM-WAM 1576680620.905407 - INFO - <Event(9.1-TrueHit {'pos': (523,178),'distance: 83.43860018001261,'relative_loc: (59, 59),'window': None})>
2019-12-18 14:51:25,324 - BDM-WAM 1576680620.905407 - INFO - <Event(11-Score {score_inc: 4,score: 26})>
2019-12-18 14:51:25,324 - BDM-WAM 1576680620.905407 - INFO - <Event(6-MouseButtonUp {'window': None, 'button': 1, 'pos': (523, 178)})>
2019-12-18 14:51:25,421 - BDM-WAM 1576680620.905407 - INFO - <Event(3-KeyUp {'window': None, 'mod': 0, 'key': 54, 'scancode': 7})>
2019-12-18 14:51:25,624 - BDM-WAM 1576680620.905407 - INFO - <Event(10-MoleUp) {'loc': (603,11)})>
2019-12-18 14:51:26,532 - BDM-WAM 1576680620.905407 - INFO - <Event(5-MouseButtonDown {'window': None, 'button': 1, 'pos': (650, 67)})>
2019-12-18 14:51:26,533 - BDM-WAM 1576680620.905407 - INFO - <Event(8-Pause {'reason': hit_conf })>
2019-12-18 14:51:27,428 - BDM-WAM 1576680620.905407 - INFO - <Event(7-Rate {'hit_conf': 6 })>
2019-12-18 14:51:27,619 - BDM-WAM 1576680620.905407 - INFO - <Event(7-Rate {'reward_conf': 6 })>
2019-12-18 14:51:27,812 - BDM-WAM 1576680620.905407 - INFO - <Event(7-Rate {'player_skill': 6 })>
2019-12-18 14:51:27,813 - BDM-WAM 1576680620.905407 - INFO - <Event(9.1-TrueHit {'pos': (650,67),'distance: 73.10950690573696,'relative_loc: (47, 56),'window': None})>
2019-12-18 14:51:27,813 - BDM-WAM 1576680620.905407 - INFO - <Event(11-Score {score_inc: 5,score: 31})>
2019-12-18 14:51:27,814 - BDM-WAM 1576680620.905407 - INFO - <Event(6-MouseButtonUp {'window': None, 'button': 1, 'pos': (650, 67)})>
2019-12-18 14:51:27,902 - BDM-WAM 1576680620.905407 - INFO - <Event(3-KeyUp {'window': None, 'mod': 0, 'key': 54, 'scancode': 7})>
2019-12-18 14:51:28,089 - BDM-WAM 1576680620.905407 - INFO - <Event(10-MoleUp) {'loc': (119,366)})>
2019-12-18 14:51:28,984 - BDM-WAM 1576680620.905407 - INFO - <Event(5-MouseButtonDown {'window': None, 'button': 1, 'pos': (185, 411)})>
2019-12-18 14:51:28,985 - BDM-WAM 1576680620.905407 - INFO - <Event(8-Pause {'reason': hit_conf })>
2019-12-18 14:51:29,859 - BDM-WAM 1576680620.905407 - INFO - <Event(7-Rate {'hit_conf': 6 })>
2019-12-18 14:51:30,043 - BDM-WAM 1576680620.905407 - INFO - <Event(7-Rate {'reward_conf': 6 })>
2019-12-18 14:51:30,204 - BDM-WAM 1576680620.905407 - INFO - <Event(7-Rate {'player_skill': 6 })>
2019-12-18 14:51:30,204 - BDM-WAM 1576680620.905407 - INFO - <Event(9.1-TrueHit {'pos': (185,411),'distance: 79.88116173416608,'relative_loc: (66, 45),'window': None})>
2019-12-18 14:51:30,204 - BDM-WAM 1576680620.905407 - INFO - <Event(11-Score {score_inc: 5,score: 36})>
2019-12-18 14:51:30,205 - BDM-WAM 1576680620.905407 - INFO - <Event(6-MouseButtonUp {'window': None, 'button': 1, 'pos': (185, 411)})>
2019-12-18 14:51:30,306 - BDM-WAM 1576680620.905407 - INFO - <Event(3-KeyUp {'window': None, 'mod': 0, 'key': 54, 'scancode': 7})>
2019-12-18 14:51:30,412 - BDM-WAM 1576680620.905407 - INFO - <Event(10-MoleUp) {'loc': (636,366)})>
2019-12-18 14:51:31,416 - BDM-WAM 1576680620.905407 - INFO - <Event(5-MouseButtonDown {'window': None, 'button': 1, 'pos': (682, 425)})>
2019-12-18 14:51:31,417 - BDM-WAM 1576680620.905407 - INFO - <Event(8-Pause {'reason': hit_conf })>
2019-12-18 14:51:32,913 - BDM-WAM 1576680620.905407 - INFO - <Event(7-Rate {'hit_conf': 6 })>
2019-12-18 14:51:33,318 - BDM-WAM 1576680620.905407 - INFO - <Event(7-Rate {'reward_conf': 6 })>
2019-12-18 14:51:33,933 - BDM-WAM 1576680620.905407 - INFO - <Event(7-Rate {'player_skill': 6 })>
2019-12-18 14:51:33,933 - BDM-WAM 1576680620.905407 - INFO - <Event(9.1-TrueHit {'pos': (682,425),'distance: 74.81310045707235,'relative_loc: (46, 59),'window': None})>
2019-12-18 14:51:33,933 - BDM-WAM 1576680620.905407 - INFO - <Event(11-Score {score_inc: 5,score: 41})>
2019-12-18 14:51:33,934 - BDM-WAM 1576680620.905407 - INFO - <Event(6-MouseButtonUp {'window': None, 'button': 1, 'pos': (682, 425)})>
2019-12-18 14:51:33,982 - BDM-WAM 1576680620.905407 - INFO - <Event(3-KeyUp {'window': None, 'mod': 0, 'key': 54, 'scancode': 7})>
2019-12-18 14:51:34,245 - BDM-WAM 1576680620.905407 - INFO - <Event(10-MoleUp) {'loc': (404,479)})>
2019-12-18 14:51:35,082 - BDM-WAM 1576680620.905407 - INFO - <Event(5-MouseButtonDown {'window': None, 'button': 1, 'pos': (449, 501)})>
2019-12-18 14:51:35,083 - BDM-WAM 1576680620.905407 - INFO - <Event(8-Pause {'reason': hit_conf })>
2019-12-18 14:51:35,772 - BDM-WAM 1576680620.905407 - INFO - <Event(7-Rate {'hit_conf': 6 })>
2019-12-18 14:51:35,945 - BDM-WAM 1576680620.905407 - INFO - <Event(7-Rate {'reward_conf': 6 })>
2019-12-18 14:51:36,129 - BDM-WAM 1576680620.905407 - INFO - <Event(7-Rate {'player_skill': 6 })>
2019-12-18 14:51:36,129 - BDM-WAM 1576680620.905407 - INFO - <Event(9.1-TrueHit {'pos': (449,501),'distance: 50.08991914547278,'relative_loc: (45, 22),'window': None})>
2019-12-18 14:51:36,130 - BDM-WAM 1576680620.905407 - INFO - <Event(11-Score {score_inc: 7,score: 48})>
2019-12-18 14:51:36,130 - BDM-WAM 1576680620.905407 - INFO - <Event(8-Pause {'reason': stage })>
2019-12-18 14:51:43,125 - BDM-WAM 1576680620.905407 - INFO - <Event(6-MouseButtonUp {'window': None, 'button': 1, 'pos': (449, 501)})>
2019-12-18 14:51:43,277 - BDM-WAM 1576680620.905407 - INFO - <Event(3-KeyUp {'window': None, 'mod': 0, 'key': 99, 'scancode': 46})>
2019-12-18 14:51:43,340 - BDM-WAM 1576680620.905407 - INFO - <Event(10-MoleUp) {'loc': (381,295)})>
2019-12-18 14:51:44,663 - BDM-WAM 1576680620.905407 - INFO - <Event(10-MoleUp) {'loc': (603,11)})>
2019-12-18 14:51:45,538 - BDM-WAM 1576680620.905407 - INFO - <Event(5-MouseButtonDown {'window': None, 'button': 1, 'pos': (647, 43)})>
2019-12-18 14:51:45,538 - BDM-WAM 1576680620.905407 - INFO - <Event(8-Pause {'reason': hit_conf })>
2019-12-18 14:51:48,679 - BDM-WAM 1576680620.905407 - INFO - <Event(7-Rate {'hit_conf': 1 })>
2019-12-18 14:51:50,478 - BDM-WAM 1576680620.905407 - INFO - <Event(7-Rate {'reward_conf': 1 })>
2019-12-18 14:51:51,178 - BDM-WAM 1576680620.905407 - INFO - <Event(7-Rate {'player_skill': 1 })>
2019-12-18 14:51:51,178 - BDM-WAM 1576680620.905407 - INFO - <Event(9.1-TrueHit {'pos': (647,43),'distance: 54.405882034941776,'relative_loc: (44, 32),'window': None})>
2019-12-18 14:51:51,179 - BDM-WAM 1576680620.905407 - INFO - <Event(11-Score {score_inc: 6,score: 54})>
2019-12-18 14:51:51,179 - BDM-WAM 1576680620.905407 - INFO - <Event(6-MouseButtonUp {'window': None, 'button': 1, 'pos': (647, 43)})>
2019-12-18 14:51:51,283 - BDM-WAM 1576680620.905407 - INFO - <Event(3-KeyUp {'window': None, 'mod': 0, 'key': 49, 'scancode': 2})>
2019-12-18 14:51:51,420 - BDM-WAM 1576680620.905407 - INFO - <Event(10-MoleUp) {'loc': (658,232)})>
2019-12-18 14:51:52,193 - BDM-WAM 1576680620.905407 - INFO - <Event(5-MouseButtonDown {'window': None, 'button': 1, 'pos': (712, 266)})>
2019-12-18 14:51:52,194 - BDM-WAM 1576680620.905407 - INFO - <Event(8-Pause {'reason': hit_conf })>
2019-12-18 14:51:59,507 - BDM-WAM 1576680620.905407 - INFO - <Event(7-Rate {'hit_conf': 1 })>
2019-12-18 14:51:59,871 - BDM-WAM 1576680620.905407 - INFO - <Event(7-Rate {'reward_conf': 1 })>
2019-12-18 14:52:00,317 - BDM-WAM 1576680620.905407 - INFO - <Event(7-Rate {'player_skill': 1 })>
2019-12-18 14:52:00,318 - BDM-WAM 1576680620.905407 - INFO - <Event(9.1-TrueHit {'pos': (712,266),'distance: 63.812224534175265,'relative_loc: (54, 34),'window': None})>
2019-12-18 14:52:00,318 - BDM-WAM 1576680620.905407 - INFO - <Event(11-Score {score_inc: 6,score: 60})>
2019-12-18 14:52:00,318 - BDM-WAM 1576680620.905407 - INFO - <Event(6-MouseButtonUp {'window': None, 'button': 1, 'pos': (712, 266)})>
2019-12-18 14:52:00,430 - BDM-WAM 1576680620.905407 - INFO - <Event(3-KeyUp {'window': None, 'mod': 0, 'key': 49, 'scancode': 2})>
2019-12-18 14:52:00,537 - BDM-WAM 1576680620.905407 - INFO - <Event(10-MoleUp) {'loc': (179,169)})>
2019-12-18 14:52:01,352 - BDM-WAM 1576680620.905407 - INFO - <Event(5-MouseButtonDown {'window': None, 'button': 1, 'pos': (208, 196)})>
2019-12-18 14:52:01,352 - BDM-WAM 1576680620.905407 - INFO - <Event(8-Pause {'reason': hit_conf })>
2019-12-18 14:52:02,255 - BDM-WAM 1576680620.905407 - INFO - <Event(7-Rate {'hit_conf': 1 })>
2019-12-18 14:52:02,659 - BDM-WAM 1576680620.905407 - INFO - <Event(7-Rate {'reward_conf': 1 })>
2019-12-18 14:52:03,049 - BDM-WAM 1576680620.905407 - INFO - <Event(7-Rate {'player_skill': 1 })>
2019-12-18 14:52:03,050 - BDM-WAM 1576680620.905407 - INFO - <Event(9.1-TrueHit {'pos': (208,196),'distance: 39.6232255123179,'relative_loc: (29, 27),'window': None})>
2019-12-18 14:52:03,050 - BDM-WAM 1576680620.905407 - INFO - <Event(11-Score {score_inc: 7,score: 67})>
2019-12-18 14:52:03,050 - BDM-WAM 1576680620.905407 - INFO - <Event(6-MouseButtonUp {'window': None, 'button': 1, 'pos': (208, 196)})>
2019-12-18 14:52:03,168 - BDM-WAM 1576680620.905407 - INFO - <Event(3-KeyUp {'window': None, 'mod': 0, 'key': 49, 'scancode': 2})>
2019-12-18 14:52:03,265 - BDM-WAM 1576680620.905407 - INFO - <Event(10-MoleUp) {'loc': (179,169)})>
2019-12-18 14:52:04,306 - BDM-WAM 1576680620.905407 - INFO - <Event(5-MouseButtonDown {'window': None, 'button': 1, 'pos': (223, 221)})>
2019-12-18 14:52:04,307 - BDM-WAM 1576680620.905407 - INFO - <Event(8-Pause {'reason': hit_conf })>
2019-12-18 14:52:04,851 - BDM-WAM 1576680620.905407 - INFO - <Event(7-Rate {'hit_conf': 1 })>
2019-12-18 14:52:05,030 - BDM-WAM 1576680620.905407 - INFO - <Event(7-Rate {'reward_conf': 1 })>
2019-12-18 14:52:05,225 - BDM-WAM 1576680620.905407 - INFO - <Event(7-Rate {'player_skill': 1 })>
2019-12-18 14:52:05,227 - BDM-WAM 1576680620.905407 - INFO - <Event(9.1-TrueHit {'pos': (223,221),'distance: 68.11754546370561,'relative_loc: (44, 52),'window': None})>
2019-12-18 14:52:05,227 - BDM-WAM 1576680620.905407 - INFO - <Event(11-Score {score_inc: 6,score: 73})>
2019-12-18 14:52:05,227 - BDM-WAM 1576680620.905407 - INFO - <Event(6-MouseButtonUp {'window': None, 'button': 1, 'pos': (223, 221)})>
2019-12-18 14:52:05,353 - BDM-WAM 1576680620.905407 - INFO - <Event(3-KeyUp {'window': None, 'mod': 0, 'key': 49, 'scancode': 2})>
2019-12-18 14:52:05,525 - BDM-WAM 1576680620.905407 - INFO - <Event(10-MoleUp) {'loc': (95,43)})>
2019-12-18 14:52:06,477 - BDM-WAM 1576680620.905407 - INFO - <Event(5-MouseButtonDown {'window': None, 'button': 1, 'pos': (156, 84)})>
2019-12-18 14:52:06,478 - BDM-WAM 1576680620.905407 - INFO - <Event(8-Pause {'reason': hit_conf })>
2019-12-18 14:52:07,139 - BDM-WAM 1576680620.905407 - INFO - <Event(7-Rate {'hit_conf': 1 })>
2019-12-18 14:52:07,369 - BDM-WAM 1576680620.905407 - INFO - <Event(7-Rate {'reward_conf': 1 })>
2019-12-18 14:52:07,663 - BDM-WAM 1576680620.905407 - INFO - <Event(7-Rate {'player_skill': 1 })>
2019-12-18 14:52:07,663 - BDM-WAM 1576680620.905407 - INFO - <Event(9.1-TrueHit {'pos': (156,84),'distance: 73.49829930005184,'relative_loc: (61, 41),'window': None})>
2019-12-18 14:52:07,663 - BDM-WAM 1576680620.905407 - INFO - <Event(11-Score {score_inc: 6,score: 79})>
2019-12-18 14:52:07,663 - BDM-WAM 1576680620.905407 - INFO - <Event(6-MouseButtonUp {'window': None, 'button': 1, 'pos': (156, 84)})>
2019-12-18 14:52:07,759 - BDM-WAM 1576680620.905407 - INFO - <Event(3-KeyUp {'window': None, 'mod': 0, 'key': 49, 'scancode': 2})>
2019-12-18 14:52:08,014 - BDM-WAM 1576680620.905407 - INFO - <Event(10-MoleUp) {'loc': (603,11)})>
2019-12-18 14:52:08,900 - BDM-WAM 1576680620.905407 - INFO - <Event(5-MouseButtonDown {'window': None, 'button': 1, 'pos': (673, 58)})>
2019-12-18 14:52:08,900 - BDM-WAM 1576680620.905407 - INFO - <Event(8-Pause {'reason': hit_conf })>
2019-12-18 14:52:09,982 - BDM-WAM 1576680620.905407 - INFO - <Event(7-Rate {'hit_conf': 2 })>
2019-12-18 14:52:10,163 - BDM-WAM 1576680620.905407 - INFO - <Event(7-Rate {'reward_conf': 2 })>
2019-12-18 14:52:10,535 - BDM-WAM 1576680620.905407 - INFO - <Event(7-Rate {'player_skill': 2 })>
2019-12-18 14:52:10,536 - BDM-WAM 1576680620.905407 - INFO - <Event(9.1-TrueHit {'pos': (673,58),'distance: 84.31488599292535,'relative_loc: (70, 47),'window': None})>
2019-12-18 14:52:10,537 - BDM-WAM 1576680620.905407 - INFO - <Event(11-Score {score_inc: 5,score: 84})>
2019-12-18 14:52:10,537 - BDM-WAM 1576680620.905407 - INFO - <Event(6-MouseButtonUp {'window': None, 'button': 1, 'pos': (673, 58)})>
2019-12-18 14:52:10,617 - BDM-WAM 1576680620.905407 - INFO - <Event(3-KeyUp {'window': None, 'mod': 0, 'key': 50, 'scancode': 3})>
2019-12-18 14:52:10,903 - BDM-WAM 1576680620.905407 - INFO - <Event(10-MoleUp) {'loc': (603,11)})>
2019-12-18 14:52:11,871 - BDM-WAM 1576680620.905407 - INFO - <Event(5-MouseButtonDown {'window': None, 'button': 1, 'pos': (664, 54)})>
2019-12-18 14:52:11,872 - BDM-WAM 1576680620.905407 - INFO - <Event(8-Pause {'reason': hit_conf })>
2019-12-18 14:52:12,234 - BDM-WAM 1576680620.905407 - INFO - <Event(7-Rate {'hit_conf': 2 })>
2019-12-18 14:52:12,423 - BDM-WAM 1576680620.905407 - INFO - <Event(7-Rate {'reward_conf': 2 })>
2019-12-18 14:52:12,634 - BDM-WAM 1576680620.905407 - INFO - <Event(7-Rate {'player_skill': 2 })>
2019-12-18 14:52:12,635 - BDM-WAM 1576680620.905407 - INFO - <Event(9.1-TrueHit {'pos': (664,54),'distance: 74.63243262818116,'relative_loc: (61, 43),'window': None})>
2019-12-18 14:52:12,636 - BDM-WAM 1576680620.905407 - INFO - <Event(11-Score {score_inc: 6,score: 90})>
2019-12-18 14:52:12,636 - BDM-WAM 1576680620.905407 - INFO - <Event(6-MouseButtonUp {'window': None, 'button': 1, 'pos': (664, 54)})>
2019-12-18 14:52:12,743 - BDM-WAM 1576680620.905407 - INFO - <Event(3-KeyUp {'window': None, 'mod': 0, 'key': 50, 'scancode': 3})>
2019-12-18 14:52:12,874 - BDM-WAM 1576680620.905407 - INFO - <Event(10-MoleUp) {'loc': (658,232)})>
2019-12-18 14:52:13,678 - BDM-WAM 1576680620.905407 - INFO - <Event(5-MouseButtonDown {'window': None, 'button': 1, 'pos': (708, 259)})>
2019-12-18 14:52:13,679 - BDM-WAM 1576680620.905407 - INFO - <Event(8-Pause {'reason': hit_conf })>
2019-12-18 14:52:14,155 - BDM-WAM 1576680620.905407 - INFO - <Event(7-Rate {'hit_conf': 2 })>
2019-12-18 14:52:14,344 - BDM-WAM 1576680620.905407 - INFO - <Event(7-Rate {'reward_conf': 2 })>
2019-12-18 14:52:14,669 - BDM-WAM 1576680620.905407 - INFO - <Event(7-Rate {'player_skill': 2 })>
2019-12-18 14:52:14,669 - BDM-WAM 1576680620.905407 - INFO - <Event(9.1-TrueHit {'pos': (708,259),'distance: 56.824290580701486,'relative_loc: (50, 27),'window': None})>
2019-12-18 14:52:14,670 - BDM-WAM 1576680620.905407 - INFO - <Event(11-Score {score_inc: 7,score: 97})>
2019-12-18 14:52:14,670 - BDM-WAM 1576680620.905407 - INFO - <Event(6-MouseButtonUp {'window': None, 'button': 1, 'pos': (708, 259)})>
2019-12-18 14:52:14,767 - BDM-WAM 1576680620.905407 - INFO - <Event(3-KeyUp {'window': None, 'mod': 0, 'key': 50, 'scancode': 3})>
2019-12-18 14:52:14,961 - BDM-WAM 1576680620.905407 - INFO - <Event(10-MoleUp) {'loc': (636,366)})>
2019-12-18 14:52:15,814 - BDM-WAM 1576680620.905407 - INFO - <Event(5-MouseButtonDown {'window': None, 'button': 1, 'pos': (696, 440)})>
2019-12-18 14:52:15,815 - BDM-WAM 1576680620.905407 - INFO - <Event(8-Pause {'reason': hit_conf })>
2019-12-18 14:52:16,286 - BDM-WAM 1576680620.905407 - INFO - <Event(7-Rate {'hit_conf': 2 })>
2019-12-18 14:52:16,473 - BDM-WAM 1576680620.905407 - INFO - <Event(7-Rate {'reward_conf': 2 })>
2019-12-18 14:52:16,718 - BDM-WAM 1576680620.905407 - INFO - <Event(7-Rate {'player_skill': 2 })>
2019-12-18 14:52:16,719 - BDM-WAM 1576680620.905407 - INFO - <Event(9.1-TrueHit {'pos': (696,440),'distance: 95.26804291051643,'relative_loc: (60, 74),'window': None})>
2019-12-18 14:52:16,720 - BDM-WAM 1576680620.905407 - INFO - <Event(11-Score {score_inc: 5,score: 102})>
2019-12-18 14:52:16,721 - BDM-WAM 1576680620.905407 - INFO - <Event(6-MouseButtonUp {'window': None, 'button': 1, 'pos': (696, 440)})>
2019-12-18 14:52:16,834 - BDM-WAM 1576680620.905407 - INFO - <Event(3-KeyUp {'window': None, 'mod': 0, 'key': 50, 'scancode': 3})>
2019-12-18 14:52:16,978 - BDM-WAM 1576680620.905407 - INFO - <Event(10-MoleUp) {'loc': (464,119)})>
2019-12-18 14:52:17,735 - BDM-WAM 1576680620.905407 - INFO - <Event(5-MouseButtonDown {'window': None, 'button': 1, 'pos': (527, 149)})>
2019-12-18 14:52:17,736 - BDM-WAM 1576680620.905407 - INFO - <Event(8-Pause {'reason': hit_conf })>
2019-12-18 14:52:18,099 - BDM-WAM 1576680620.905407 - INFO - <Event(7-Rate {'hit_conf': 2 })>
2019-12-18 14:52:18,281 - BDM-WAM 1576680620.905407 - INFO - <Event(7-Rate {'reward_conf': 2 })>
2019-12-18 14:52:18,484 - BDM-WAM 1576680620.905407 - INFO - <Event(7-Rate {'player_skill': 2 })>
2019-12-18 14:52:18,484 - BDM-WAM 1576680620.905407 - INFO - <Event(9.1-TrueHit {'pos': (527,149),'distance: 69.77822009767804,'relative_loc: (63, 30),'window': None})>
2019-12-18 14:52:18,485 - BDM-WAM 1576680620.905407 - INFO - <Event(11-Score {score_inc: 6,score: 108})>
2019-12-18 14:52:18,485 - BDM-WAM 1576680620.905407 - INFO - <Event(8-Pause {'reason': stage })>
2019-12-18 16:10:57,835 - BDM-WAM 1576680620.905407 - INFO - ************* HAPPY ANALYSING... LOG COMPLETE!!! ************* 
