2019-11-20 21:39:01,015 - BDM-WAM 1574285940.8298283 - INFO - <Event(17-VideoExpose {})>
2019-11-20 21:39:03,558 - BDM-WAM 1574285940.8298283 - INFO - <Event(16-VideoResize {'w': 800, 'size': (800, 700), 'h': 700})>
2019-11-20 21:39:03,563 - BDM-WAM 1574285940.8298283 - INFO - <Event(1-ActiveEvent {'gain': 0, 'state': 1})>
2019-11-20 21:39:03,564 - BDM-WAM 1574285940.8298283 - INFO - <Event(4-MouseMotion {'rel': (800, 630), 'buttons': (0, 0, 0), 'pos': (799, 629), 'window': None})>
2019-11-20 21:39:03,675 - BDM-WAM 1574285940.8298283 - INFO - <Event(3-KeyUp {'key': 99, 'window': None, 'mod': 0, 'scancode': 46})>
2019-11-20 21:39:04,327 - BDM-WAM 1574285940.8298283 - INFO - <Event(4-MouseMotion {'rel': (-14, 8), 'buttons': (0, 0, 0), 'pos': (640, 548), 'window': None})>
2019-11-20 21:39:04,345 - BDM-WAM 1574285940.8298283 - INFO - <Event(4-MouseMotion {'rel': (-25, 8), 'buttons': (0, 0, 0), 'pos': (615, 556), 'window': None})>
2019-11-20 21:39:04,362 - BDM-WAM 1574285940.8298283 - INFO - <Event(4-MouseMotion {'rel': (-31, 0), 'buttons': (0, 0, 0), 'pos': (584, 556), 'window': None})>
2019-11-20 21:39:04,379 - BDM-WAM 1574285940.8298283 - INFO - <Event(4-MouseMotion {'rel': (-52, -7), 'buttons': (0, 0, 0), 'pos': (532, 549), 'window': None})>
2019-11-20 21:39:04,395 - BDM-WAM 1574285940.8298283 - INFO - <Event(4-MouseMotion {'rel': (-29, -12), 'buttons': (0, 0, 0), 'pos': (503, 537), 'window': None})>
2019-11-20 21:39:04,411 - BDM-WAM 1574285940.8298283 - INFO - <Event(4-MouseMotion {'rel': (-20, -7), 'buttons': (0, 0, 0), 'pos': (483, 530), 'window': None})>
2019-11-20 21:39:04,429 - BDM-WAM 1574285940.8298283 - INFO - <Event(4-MouseMotion {'rel': (-11, -9), 'buttons': (0, 0, 0), 'pos': (472, 521), 'window': None})>
2019-11-20 21:39:04,445 - BDM-WAM 1574285940.8298283 - INFO - <Event(4-MouseMotion {'rel': (-7, -8), 'buttons': (0, 0, 0), 'pos': (465, 513), 'window': None})>
2019-11-20 21:39:04,462 - BDM-WAM 1574285940.8298283 - INFO - <Event(4-MouseMotion {'rel': (-5, -12), 'buttons': (0, 0, 0), 'pos': (460, 501), 'window': None})>
2019-11-20 21:39:04,478 - BDM-WAM 1574285940.8298283 - INFO - <Event(4-MouseMotion {'rel': (0, -16), 'buttons': (0, 0, 0), 'pos': (460, 485), 'window': None})>
2019-11-20 21:39:04,495 - BDM-WAM 1574285940.8298283 - INFO - <Event(4-MouseMotion {'rel': (1, -4), 'buttons': (0, 0, 0), 'pos': (461, 481), 'window': None})>
2019-11-20 21:39:05,107 - BDM-WAM 1574285940.8298283 - INFO - <Event(5-MouseButtonDown {'window': None, 'pos': (470, 529), 'button': 1})>
2019-11-20 21:39:05,108 - BDM-WAM 1574285940.8298283 - INFO - <Event(6-MouseButtonUp {'window': None, 'pos': (470, 529), 'button': 1})>
2019-11-20 21:39:06,264 - BDM-WAM 1574285940.8298283 - INFO - <Event(5-MouseButtonDown {'window': None, 'pos': (465, 544), 'button': 1})>
2019-11-20 21:39:06,264 - BDM-WAM 1574285940.8298283 - INFO - <Event(8-Pause {'reason': <bound method GameManager.pause of <game.GameManager object at 0x0000025583A08B70>> })>
2019-11-20 21:39:07,210 - BDM-WAM 1574285940.8298283 - INFO - <Event(7-Rate {'': hit_conf49 })>
2019-11-20 21:39:07,404 - BDM-WAM 1574285940.8298283 - INFO - <Event(7-Rate {'': reward_conf49 })>
2019-11-20 21:39:07,586 - BDM-WAM 1574285940.8298283 - INFO - <Event(7-Rate {'': player_skill49 })>
2019-11-20 21:39:07,587 - BDM-WAM 1574285940.8298283 - INFO - <Event(9.1-True Hit {'pos': (465,544), 'window': None})>
2019-11-20 21:39:07,588 - BDM-WAM 1574285940.8298283 - INFO - <Event(6-MouseButtonUp {'window': None, 'pos': (465, 544), 'button': 1})>
2019-11-20 21:39:07,711 - BDM-WAM 1574285940.8298283 - INFO - <Event(3-KeyUp {'key': 49, 'window': None, 'mod': 0, 'scancode': 2})>
2019-11-20 21:39:07,829 - BDM-WAM 1574285940.8298283 - INFO - <Event(2-KeyDown {'key': 49, 'window': None, 'unicode': '1', 'mod': 0, 'scancode': 2})>
2019-11-20 21:39:07,933 - BDM-WAM 1574285940.8298283 - INFO - <Event(3-KeyUp {'key': 49, 'window': None, 'mod': 0, 'scancode': 2})>
2019-11-20 21:39:09,197 - BDM-WAM 1574285940.8298283 - INFO - <Event(5-MouseButtonDown {'window': None, 'pos': (181, 421), 'button': 1})>
2019-11-20 21:39:09,198 - BDM-WAM 1574285940.8298283 - INFO - <Event(6-MouseButtonUp {'window': None, 'pos': (181, 421), 'button': 1})>
2019-11-20 21:39:09,279 - BDM-WAM 1574285940.8298283 - INFO - <Event(5-MouseButtonDown {'window': None, 'pos': (181, 421), 'button': 1})>
2019-11-20 21:39:09,279 - BDM-WAM 1574285940.8298283 - INFO - <Event(8-Pause {'reason': <bound method GameManager.pause of <game.GameManager object at 0x0000025583A08B70>> })>
2019-11-20 21:39:09,710 - BDM-WAM 1574285940.8298283 - INFO - <Event(7-Rate {'': hit_conf49 })>
2019-11-20 21:39:09,963 - BDM-WAM 1574285940.8298283 - INFO - <Event(7-Rate {'': reward_conf49 })>
2019-11-20 21:39:10,134 - BDM-WAM 1574285940.8298283 - INFO - <Event(7-Rate {'': player_skill49 })>
2019-11-20 21:39:10,135 - BDM-WAM 1574285940.8298283 - INFO - <Event(9.2-Fake Miss {'pos': (181,421), 'window': None})>
2019-11-20 21:39:10,290 - BDM-WAM 1574285940.8298283 - INFO - <Event(3-KeyUp {'key': 49, 'window': None, 'mod': 0, 'scancode': 2})>
2019-11-20 21:39:11,424 - BDM-WAM 1574285940.8298283 - INFO - <Event(5-MouseButtonDown {'window': None, 'pos': (460, 545), 'button': 1})>
2019-11-20 21:39:11,425 - BDM-WAM 1574285940.8298283 - INFO - <Event(6-MouseButtonUp {'window': None, 'pos': (460, 545), 'button': 1})>
2019-11-20 21:39:11,504 - BDM-WAM 1574285940.8298283 - INFO - <Event(5-MouseButtonDown {'window': None, 'pos': (460, 545), 'button': 1})>
2019-11-20 21:39:11,504 - BDM-WAM 1574285940.8298283 - INFO - <Event(8-Pause {'reason': <bound method GameManager.pause of <game.GameManager object at 0x0000025583A08B70>> })>
2019-11-20 21:39:11,998 - BDM-WAM 1574285940.8298283 - INFO - <Event(7-Rate {'': hit_conf49 })>
2019-11-20 21:39:12,199 - BDM-WAM 1574285940.8298283 - INFO - <Event(7-Rate {'': reward_conf49 })>
2019-11-20 21:39:12,375 - BDM-WAM 1574285940.8298283 - INFO - <Event(7-Rate {'': player_skill49 })>
2019-11-20 21:39:12,375 - BDM-WAM 1574285940.8298283 - INFO - <Event(9.2-Fake Miss {'pos': (469,526), 'window': None})>
2019-11-20 21:39:12,376 - BDM-WAM 1574285940.8298283 - INFO - <Event(4-MouseMotion {'rel': (9, -19), 'buttons': (1, 0, 0), 'pos': (469, 526), 'window': None})>
2019-11-20 21:39:12,436 - BDM-WAM 1574285940.8298283 - INFO - <Event(3-KeyUp {'key': 49, 'window': None, 'mod': 0, 'scancode': 2})>
2019-11-20 21:39:12,528 - BDM-WAM 1574285940.8298283 - INFO - <Event(2-KeyDown {'key': 49, 'window': None, 'unicode': '1', 'mod': 0, 'scancode': 2})>
2019-11-20 21:39:12,646 - BDM-WAM 1574285940.8298283 - INFO - <Event(3-KeyUp {'key': 49, 'window': None, 'mod': 0, 'scancode': 2})>
2019-11-20 21:39:13,749 - BDM-WAM 1574285940.8298283 - INFO - <Event(5-MouseButtonDown {'window': None, 'pos': (657, 86), 'button': 1})>
2019-11-20 21:39:13,750 - BDM-WAM 1574285940.8298283 - INFO - <Event(6-MouseButtonUp {'window': None, 'pos': (657, 86), 'button': 1})>
2019-11-20 21:39:13,848 - BDM-WAM 1574285940.8298283 - INFO - <Event(5-MouseButtonDown {'window': None, 'pos': (657, 86), 'button': 1})>
2019-11-20 21:39:13,849 - BDM-WAM 1574285940.8298283 - INFO - <Event(8-Pause {'reason': <bound method GameManager.pause of <game.GameManager object at 0x0000025583A08B70>> })>
2019-11-20 21:39:14,332 - BDM-WAM 1574285940.8298283 - INFO - <Event(7-Rate {'': hit_conf49 })>
2019-11-20 21:39:14,513 - BDM-WAM 1574285940.8298283 - INFO - <Event(7-Rate {'': reward_conf49 })>
2019-11-20 21:39:14,684 - BDM-WAM 1574285940.8298283 - INFO - <Event(7-Rate {'': player_skill49 })>
2019-11-20 21:39:14,685 - BDM-WAM 1574285940.8298283 - INFO - <Event(9.1-True Hit {'pos': (650,67), 'window': None})>
2019-11-20 21:39:14,686 - BDM-WAM 1574285940.8298283 - INFO - <Event(4-MouseMotion {'rel': (-7, -19), 'buttons': (1, 0, 0), 'pos': (650, 67), 'window': None})>
2019-11-20 21:39:14,767 - BDM-WAM 1574285940.8298283 - INFO - <Event(3-KeyUp {'key': 49, 'window': None, 'mod': 0, 'scancode': 2})>
2019-11-20 21:39:15,766 - BDM-WAM 1574285940.8298283 - INFO - <Event(5-MouseButtonDown {'window': None, 'pos': (515, 297), 'button': 1})>
2019-11-20 21:39:15,767 - BDM-WAM 1574285940.8298283 - INFO - <Event(6-MouseButtonUp {'window': None, 'pos': (515, 297), 'button': 1})>
2019-11-20 21:39:15,985 - BDM-WAM 1574285940.8298283 - INFO - <Event(5-MouseButtonDown {'window': None, 'pos': (451, 402), 'button': 1})>
2019-11-20 21:39:15,985 - BDM-WAM 1574285940.8298283 - INFO - <Event(8-Pause {'reason': <bound method GameManager.pause of <game.GameManager object at 0x0000025583A08B70>> })>
2019-11-20 21:39:17,021 - BDM-WAM 1574285940.8298283 - INFO - <Event(7-Rate {'': hit_conf49 })>
2019-11-20 21:39:17,265 - BDM-WAM 1574285940.8298283 - INFO - <Event(7-Rate {'': reward_conf49 })>
2019-11-20 21:39:17,429 - BDM-WAM 1574285940.8298283 - INFO - <Event(7-Rate {'': player_skill49 })>
2019-11-20 21:39:17,430 - BDM-WAM 1574285940.8298283 - INFO - <Event(9.3-Fake Hit {'pos': (451,402), 'window': None})>
2019-11-20 21:39:17,430 - BDM-WAM 1574285940.8298283 - INFO - <Event(8-Pause {'reason': <bound method GameManager.pause of <game.GameManager object at 0x0000025583A08B70>> })>
