2019-07-18 09:05:03,293 - BDM-WAM 1563437102.0305042 - INFO - <Event(17-VideoExpose {})>
2019-07-18 09:05:04,358 - BDM-WAM 1563437102.0305042 - INFO - <Event(16-VideoResize {'size': (800, 600), 'w': 800, 'h': 600})>
2019-07-18 09:05:04,359 - BDM-WAM 1563437102.0305042 - INFO - <Event(1-ActiveEvent {'gain': 0, 'state': 1})>
2019-07-18 09:05:04,359 - BDM-WAM 1563437102.0305042 - INFO - <Event(4-MouseMotion {'pos': (254, 407), 'rel': (255, 408), 'buttons': (0, 0, 0), 'window': None})>
2019-07-18 09:05:04,359 - BDM-WAM 1563437102.0305042 - INFO - <Event(1-ActiveEvent {'gain': 1, 'state': 1})>
2019-07-18 09:05:04,360 - BDM-WAM 1563437102.0305042 - INFO - <Event(4-MouseMotion {'pos': (354, 350), 'rel': (100, -57), 'buttons': (0, 0, 0), 'window': None})>
2019-07-18 09:05:04,496 - BDM-WAM 1563437102.0305042 - INFO - <Event(3-KeyUp {'key': 99, 'mod': 0, 'scancode': 46, 'window': None})>
2019-07-18 09:05:04,701 - BDM-WAM 1563437102.0305042 - INFO - <Event(4-MouseMotion {'pos': (352, 351), 'rel': (-1, 0), 'buttons': (0, 0, 0), 'window': None})>
2019-07-18 09:05:04,718 - BDM-WAM 1563437102.0305042 - INFO - <Event(4-MouseMotion {'pos': (346, 349), 'rel': (-6, -2), 'buttons': (0, 0, 0), 'window': None})>
2019-07-18 09:05:04,734 - BDM-WAM 1563437102.0305042 - INFO - <Event(4-MouseMotion {'pos': (337, 345), 'rel': (-9, -4), 'buttons': (0, 0, 0), 'window': None})>
2019-07-18 09:05:04,750 - BDM-WAM 1563437102.0305042 - INFO - <Event(4-MouseMotion {'pos': (329, 341), 'rel': (-8, -4), 'buttons': (0, 0, 0), 'window': None})>
2019-07-18 09:05:04,767 - BDM-WAM 1563437102.0305042 - INFO - <Event(4-MouseMotion {'pos': (321, 338), 'rel': (-8, -3), 'buttons': (0, 0, 0), 'window': None})>
2019-07-18 09:05:04,784 - BDM-WAM 1563437102.0305042 - INFO - <Event(4-MouseMotion {'pos': (311, 335), 'rel': (-10, -3), 'buttons': (0, 0, 0), 'window': None})>
2019-07-18 09:05:04,800 - BDM-WAM 1563437102.0305042 - INFO - <Event(4-MouseMotion {'pos': (301, 333), 'rel': (-10, -2), 'buttons': (0, 0, 0), 'window': None})>
2019-07-18 09:05:04,817 - BDM-WAM 1563437102.0305042 - INFO - <Event(4-MouseMotion {'pos': (290, 332), 'rel': (-11, -1), 'buttons': (0, 0, 0), 'window': None})>
2019-07-18 09:05:04,832 - BDM-WAM 1563437102.0305042 - INFO - <Event(4-MouseMotion {'pos': (274, 334), 'rel': (-16, 2), 'buttons': (0, 0, 0), 'window': None})>
2019-07-18 09:05:04,850 - BDM-WAM 1563437102.0305042 - INFO - <Event(4-MouseMotion {'pos': (251, 343), 'rel': (-23, 9), 'buttons': (0, 0, 0), 'window': None})>
2019-07-18 09:05:04,867 - BDM-WAM 1563437102.0305042 - INFO - <Event(4-MouseMotion {'pos': (209, 362), 'rel': (-42, 19), 'buttons': (0, 0, 0), 'window': None})>
2019-07-18 09:05:04,882 - BDM-WAM 1563437102.0305042 - INFO - <Event(4-MouseMotion {'pos': (162, 386), 'rel': (-47, 24), 'buttons': (0, 0, 0), 'window': None})>
2019-07-18 09:05:04,899 - BDM-WAM 1563437102.0305042 - INFO - <Event(4-MouseMotion {'pos': (116, 410), 'rel': (-46, 24), 'buttons': (0, 0, 0), 'window': None})>
2019-07-18 09:05:04,915 - BDM-WAM 1563437102.0305042 - INFO - <Event(4-MouseMotion {'pos': (79, 431), 'rel': (-37, 21), 'buttons': (0, 0, 0), 'window': None})>
2019-07-18 09:05:04,932 - BDM-WAM 1563437102.0305042 - INFO - <Event(4-MouseMotion {'pos': (55, 447), 'rel': (-24, 16), 'buttons': (0, 0, 0), 'window': None})>
2019-07-18 09:05:04,948 - BDM-WAM 1563437102.0305042 - INFO - <Event(4-MouseMotion {'pos': (43, 457), 'rel': (-12, 10), 'buttons': (0, 0, 0), 'window': None})>
2019-07-18 09:05:04,965 - BDM-WAM 1563437102.0305042 - INFO - <Event(4-MouseMotion {'pos': (38, 463), 'rel': (-5, 6), 'buttons': (0, 0, 0), 'window': None})>
2019-07-18 09:05:04,981 - BDM-WAM 1563437102.0305042 - INFO - <Event(4-MouseMotion {'pos': (38, 466), 'rel': (0, 3), 'buttons': (0, 0, 0), 'window': None})>
2019-07-18 09:05:04,999 - BDM-WAM 1563437102.0305042 - INFO - <Event(4-MouseMotion {'pos': (38, 467), 'rel': (0, 1), 'buttons': (0, 0, 0), 'window': None})>
2019-07-18 09:05:05,015 - BDM-WAM 1563437102.0305042 - INFO - <Event(4-MouseMotion {'pos': (40, 467), 'rel': (2, 0), 'buttons': (0, 0, 0), 'window': None})>
2019-07-18 09:05:05,032 - BDM-WAM 1563437102.0305042 - INFO - <Event(4-MouseMotion {'pos': (43, 466), 'rel': (3, -1), 'buttons': (0, 0, 0), 'window': None})>
2019-07-18 09:05:05,049 - BDM-WAM 1563437102.0305042 - INFO - <Event(4-MouseMotion {'pos': (49, 465), 'rel': (6, -1), 'buttons': (0, 0, 0), 'window': None})>
2019-07-18 09:05:05,066 - BDM-WAM 1563437102.0305042 - INFO - <Event(4-MouseMotion {'pos': (53, 463), 'rel': (4, -2), 'buttons': (0, 0, 0), 'window': None})>
2019-07-18 09:05:05,082 - BDM-WAM 1563437102.0305042 - INFO - <Event(4-MouseMotion {'pos': (57, 460), 'rel': (4, -3), 'buttons': (0, 0, 0), 'window': None})>
2019-07-18 09:05:05,098 - BDM-WAM 1563437102.0305042 - INFO - <Event(4-MouseMotion {'pos': (63, 457), 'rel': (6, -3), 'buttons': (0, 0, 0), 'window': None})>
2019-07-18 09:05:05,116 - BDM-WAM 1563437102.0305042 - INFO - <Event(4-MouseMotion {'pos': (71, 452), 'rel': (8, -5), 'buttons': (0, 0, 0), 'window': None})>
2019-07-18 09:05:05,132 - BDM-WAM 1563437102.0305042 - INFO - <Event(4-MouseMotion {'pos': (81, 447), 'rel': (10, -5), 'buttons': (0, 0, 0), 'window': None})>
2019-07-18 09:05:05,148 - BDM-WAM 1563437102.0305042 - INFO - <Event(4-MouseMotion {'pos': (94, 440), 'rel': (13, -7), 'buttons': (0, 0, 0), 'window': None})>
2019-07-18 09:05:05,166 - BDM-WAM 1563437102.0305042 - INFO - <Event(4-MouseMotion {'pos': (109, 433), 'rel': (15, -7), 'buttons': (0, 0, 0), 'window': None})>
2019-07-18 09:05:05,182 - BDM-WAM 1563437102.0305042 - INFO - <Event(4-MouseMotion {'pos': (122, 428), 'rel': (13, -5), 'buttons': (0, 0, 0), 'window': None})>
2019-07-18 09:05:05,198 - BDM-WAM 1563437102.0305042 - INFO - <Event(4-MouseMotion {'pos': (133, 423), 'rel': (11, -5), 'buttons': (0, 0, 0), 'window': None})>
2019-07-18 09:05:05,216 - BDM-WAM 1563437102.0305042 - INFO - <Event(4-MouseMotion {'pos': (143, 421), 'rel': (10, -2), 'buttons': (0, 0, 0), 'window': None})>
2019-07-18 09:05:05,232 - BDM-WAM 1563437102.0305042 - INFO - <Event(4-MouseMotion {'pos': (148, 420), 'rel': (5, -1), 'buttons': (0, 0, 0), 'window': None})>
2019-07-18 09:05:05,248 - BDM-WAM 1563437102.0305042 - INFO - <Event(4-MouseMotion {'pos': (149, 420), 'rel': (1, 0), 'buttons': (0, 0, 0), 'window': None})>
2019-07-18 09:05:05,282 - BDM-WAM 1563437102.0305042 - INFO - <Event(5-MouseButtonDown {'pos': (149, 420), 'button': 1, 'window': None})>
2019-07-18 09:05:05,282 - BDM-WAM 1563437102.0305042 - INFO - <Event(9.1-True Hit {'pos': (149,420), 'window': None})>
2019-07-18 09:05:05,382 - BDM-WAM 1563437102.0305042 - INFO - <Event(6-MouseButtonUp {'pos': (149, 420), 'button': 1, 'window': None})>
2019-07-18 09:05:05,465 - BDM-WAM 1563437102.0305042 - INFO - <Event(4-MouseMotion {'pos': (151, 419), 'rel': (2, -1), 'buttons': (0, 0, 0), 'window': None})>
2019-07-18 09:05:05,482 - BDM-WAM 1563437102.0305042 - INFO - <Event(4-MouseMotion {'pos': (157, 417), 'rel': (6, -2), 'buttons': (0, 0, 0), 'window': None})>
2019-07-18 09:05:05,498 - BDM-WAM 1563437102.0305042 - INFO - <Event(4-MouseMotion {'pos': (164, 414), 'rel': (7, -3), 'buttons': (0, 0, 0), 'window': None})>
2019-07-18 09:05:05,516 - BDM-WAM 1563437102.0305042 - INFO - <Event(4-MouseMotion {'pos': (173, 410), 'rel': (9, -4), 'buttons': (0, 0, 0), 'window': None})>
2019-07-18 09:05:05,532 - BDM-WAM 1563437102.0305042 - INFO - <Event(4-MouseMotion {'pos': (184, 405), 'rel': (11, -5), 'buttons': (0, 0, 0), 'window': None})>
2019-07-18 09:05:05,549 - BDM-WAM 1563437102.0305042 - INFO - <Event(4-MouseMotion {'pos': (200, 397), 'rel': (16, -8), 'buttons': (0, 0, 0), 'window': None})>
2019-07-18 09:05:05,566 - BDM-WAM 1563437102.0305042 - INFO - <Event(4-MouseMotion {'pos': (217, 390), 'rel': (17, -7), 'buttons': (0, 0, 0), 'window': None})>
2019-07-18 09:05:05,582 - BDM-WAM 1563437102.0305042 - INFO - <Event(4-MouseMotion {'pos': (235, 381), 'rel': (18, -9), 'buttons': (0, 0, 0), 'window': None})>
2019-07-18 09:05:05,607 - BDM-WAM 1563437102.0305042 - INFO - <Event(4-MouseMotion {'pos': (263, 366), 'rel': (28, -15), 'buttons': (0, 0, 0), 'window': None})>
2019-07-18 09:05:05,615 - BDM-WAM 1563437102.0305042 - INFO - <Event(4-MouseMotion {'pos': (270, 360), 'rel': (7, -6), 'buttons': (0, 0, 0), 'window': None})>
2019-07-18 09:05:05,632 - BDM-WAM 1563437102.0305042 - INFO - <Event(4-MouseMotion {'pos': (283, 351), 'rel': (13, -9), 'buttons': (0, 0, 0), 'window': None})>
2019-07-18 09:05:05,649 - BDM-WAM 1563437102.0305042 - INFO - <Event(4-MouseMotion {'pos': (293, 342), 'rel': (10, -9), 'buttons': (0, 0, 0), 'window': None})>
2019-07-18 09:05:05,665 - BDM-WAM 1563437102.0305042 - INFO - <Event(4-MouseMotion {'pos': (298, 337), 'rel': (5, -5), 'buttons': (0, 0, 0), 'window': None})>
2019-07-18 09:05:05,682 - BDM-WAM 1563437102.0305042 - INFO - <Event(4-MouseMotion {'pos': (300, 335), 'rel': (2, -2), 'buttons': (0, 0, 0), 'window': None})>
2019-07-18 09:05:05,743 - BDM-WAM 1563437102.0305042 - INFO - <Event(4-MouseMotion {'pos': (298, 335), 'rel': (-2, 0), 'buttons': (0, 0, 0), 'window': None})>
2019-07-18 09:05:05,760 - BDM-WAM 1563437102.0305042 - INFO - <Event(4-MouseMotion {'pos': (297, 335), 'rel': (-1, 0), 'buttons': (0, 0, 0), 'window': None})>
2019-07-18 09:05:05,810 - BDM-WAM 1563437102.0305042 - INFO - <Event(4-MouseMotion {'pos': (296, 334), 'rel': (-1, -1), 'buttons': (0, 0, 0), 'window': None})>
2019-07-18 09:05:05,862 - BDM-WAM 1563437102.0305042 - INFO - <Event(4-MouseMotion {'pos': (295, 334), 'rel': (-1, 0), 'buttons': (0, 0, 0), 'window': None})>
2019-07-18 09:05:05,912 - BDM-WAM 1563437102.0305042 - INFO - <Event(4-MouseMotion {'pos': (298, 332), 'rel': (3, -2), 'buttons': (0, 0, 0), 'window': None})>
2019-07-18 09:05:05,930 - BDM-WAM 1563437102.0305042 - INFO - <Event(4-MouseMotion {'pos': (309, 327), 'rel': (11, -5), 'buttons': (0, 0, 0), 'window': None})>
2019-07-18 09:05:05,945 - BDM-WAM 1563437102.0305042 - INFO - <Event(4-MouseMotion {'pos': (328, 318), 'rel': (19, -9), 'buttons': (0, 0, 0), 'window': None})>
2019-07-18 09:05:05,962 - BDM-WAM 1563437102.0305042 - INFO - <Event(4-MouseMotion {'pos': (348, 309), 'rel': (20, -9), 'buttons': (0, 0, 0), 'window': None})>
2019-07-18 09:05:05,978 - BDM-WAM 1563437102.0305042 - INFO - <Event(4-MouseMotion {'pos': (368, 302), 'rel': (20, -7), 'buttons': (0, 0, 0), 'window': None})>
2019-07-18 09:05:05,995 - BDM-WAM 1563437102.0305042 - INFO - <Event(4-MouseMotion {'pos': (390, 295), 'rel': (22, -7), 'buttons': (0, 0, 0), 'window': None})>
2019-07-18 09:05:06,011 - BDM-WAM 1563437102.0305042 - INFO - <Event(4-MouseMotion {'pos': (408, 292), 'rel': (18, -3), 'buttons': (0, 0, 0), 'window': None})>
2019-07-18 09:05:06,028 - BDM-WAM 1563437102.0305042 - INFO - <Event(4-MouseMotion {'pos': (422, 290), 'rel': (14, -2), 'buttons': (0, 0, 0), 'window': None})>
2019-07-18 09:05:06,044 - BDM-WAM 1563437102.0305042 - INFO - <Event(4-MouseMotion {'pos': (430, 290), 'rel': (8, 0), 'buttons': (0, 0, 0), 'window': None})>
2019-07-18 09:05:06,061 - BDM-WAM 1563437102.0305042 - INFO - <Event(4-MouseMotion {'pos': (433, 290), 'rel': (3, 0), 'buttons': (0, 0, 0), 'window': None})>
2019-07-18 09:05:06,147 - BDM-WAM 1563437102.0305042 - INFO - <Event(4-MouseMotion {'pos': (436, 290), 'rel': (3, 0), 'buttons': (0, 0, 0), 'window': None})>
2019-07-18 09:05:06,163 - BDM-WAM 1563437102.0305042 - INFO - <Event(4-MouseMotion {'pos': (444, 289), 'rel': (8, -1), 'buttons': (0, 0, 0), 'window': None})>
2019-07-18 09:05:06,178 - BDM-WAM 1563437102.0305042 - INFO - <Event(4-MouseMotion {'pos': (456, 285), 'rel': (12, -4), 'buttons': (0, 0, 0), 'window': None})>
2019-07-18 09:05:06,195 - BDM-WAM 1563437102.0305042 - INFO - <Event(4-MouseMotion {'pos': (473, 276), 'rel': (17, -9), 'buttons': (0, 0, 0), 'window': None})>
2019-07-18 09:05:06,210 - BDM-WAM 1563437102.0305042 - INFO - <Event(4-MouseMotion {'pos': (493, 264), 'rel': (20, -12), 'buttons': (0, 0, 0), 'window': None})>
2019-07-18 09:05:06,237 - BDM-WAM 1563437102.0305042 - INFO - <Event(4-MouseMotion {'pos': (522, 241), 'rel': (29, -23), 'buttons': (0, 0, 0), 'window': None})>
2019-07-18 09:05:06,244 - BDM-WAM 1563437102.0305042 - INFO - <Event(4-MouseMotion {'pos': (526, 236), 'rel': (4, -5), 'buttons': (0, 0, 0), 'window': None})>
2019-07-18 09:05:06,260 - BDM-WAM 1563437102.0305042 - INFO - <Event(4-MouseMotion {'pos': (536, 224), 'rel': (10, -12), 'buttons': (0, 0, 0), 'window': None})>
2019-07-18 09:05:06,278 - BDM-WAM 1563437102.0305042 - INFO - <Event(4-MouseMotion {'pos': (542, 213), 'rel': (6, -11), 'buttons': (0, 0, 0), 'window': None})>
2019-07-18 09:05:06,292 - BDM-WAM 1563437102.0305042 - INFO - <Event(4-MouseMotion {'pos': (543, 207), 'rel': (1, -6), 'buttons': (0, 0, 0), 'window': None})>
2019-07-18 09:05:06,309 - BDM-WAM 1563437102.0305042 - INFO - <Event(4-MouseMotion {'pos': (543, 202), 'rel': (0, -5), 'buttons': (0, 0, 0), 'window': None})>
2019-07-18 09:05:06,325 - BDM-WAM 1563437102.0305042 - INFO - <Event(4-MouseMotion {'pos': (540, 198), 'rel': (-3, -4), 'buttons': (0, 0, 0), 'window': None})>
2019-07-18 09:05:06,350 - BDM-WAM 1563437102.0305042 - INFO - <Event(4-MouseMotion {'pos': (536, 193), 'rel': (-4, -5), 'buttons': (0, 0, 0), 'window': None})>
2019-07-18 09:05:06,358 - BDM-WAM 1563437102.0305042 - INFO - <Event(4-MouseMotion {'pos': (535, 192), 'rel': (-1, -1), 'buttons': (0, 0, 0), 'window': None})>
2019-07-18 09:05:06,374 - BDM-WAM 1563437102.0305042 - INFO - <Event(4-MouseMotion {'pos': (532, 190), 'rel': (-3, -2), 'buttons': (0, 0, 0), 'window': None})>
2019-07-18 09:05:06,391 - BDM-WAM 1563437102.0305042 - INFO - <Event(4-MouseMotion {'pos': (530, 188), 'rel': (-2, -2), 'buttons': (0, 0, 0), 'window': None})>
2019-07-18 09:05:06,407 - BDM-WAM 1563437102.0305042 - INFO - <Event(4-MouseMotion {'pos': (529, 187), 'rel': (-1, -1), 'buttons': (0, 0, 0), 'window': None})>
2019-07-18 09:05:06,423 - BDM-WAM 1563437102.0305042 - INFO - <Event(4-MouseMotion {'pos': (527, 186), 'rel': (-2, -1), 'buttons': (0, 0, 0), 'window': None})>
2019-07-18 09:05:06,440 - BDM-WAM 1563437102.0305042 - INFO - <Event(4-MouseMotion {'pos': (526, 184), 'rel': (-1, -2), 'buttons': (0, 0, 0), 'window': None})>
2019-07-18 09:05:06,468 - BDM-WAM 1563437102.0305042 - INFO - <Event(4-MouseMotion {'pos': (523, 179), 'rel': (-3, -5), 'buttons': (0, 0, 0), 'window': None})>
2019-07-18 09:05:06,474 - BDM-WAM 1563437102.0305042 - INFO - <Event(4-MouseMotion {'pos': (523, 178), 'rel': (0, -1), 'buttons': (0, 0, 0), 'window': None})>
2019-07-18 09:05:06,491 - BDM-WAM 1563437102.0305042 - INFO - <Event(4-MouseMotion {'pos': (522, 176), 'rel': (-1, -2), 'buttons': (0, 0, 0), 'window': None})>
2019-07-18 09:05:06,508 - BDM-WAM 1563437102.0305042 - INFO - <Event(4-MouseMotion {'pos': (521, 174), 'rel': (-1, -2), 'buttons': (0, 0, 0), 'window': None})>
2019-07-18 09:05:06,523 - BDM-WAM 1563437102.0305042 - INFO - <Event(4-MouseMotion {'pos': (519, 171), 'rel': (-2, -3), 'buttons': (0, 0, 0), 'window': None})>
2019-07-18 09:05:06,541 - BDM-WAM 1563437102.0305042 - INFO - <Event(4-MouseMotion {'pos': (519, 168), 'rel': (0, -3), 'buttons': (0, 0, 0), 'window': None})>
2019-07-18 09:05:06,557 - BDM-WAM 1563437102.0305042 - INFO - <Event(4-MouseMotion {'pos': (518, 166), 'rel': (-1, -2), 'buttons': (0, 0, 0), 'window': None})>
2019-07-18 09:05:06,574 - BDM-WAM 1563437102.0305042 - INFO - <Event(4-MouseMotion {'pos': (518, 165), 'rel': (0, -1), 'buttons': (0, 0, 0), 'window': None})>
2019-07-18 09:05:06,590 - BDM-WAM 1563437102.0305042 - INFO - <Event(4-MouseMotion {'pos': (522, 164), 'rel': (4, -1), 'buttons': (0, 0, 0), 'window': None})>
2019-07-18 09:05:06,607 - BDM-WAM 1563437102.0305042 - INFO - <Event(4-MouseMotion {'pos': (536, 164), 'rel': (14, 0), 'buttons': (0, 0, 0), 'window': None})>
2019-07-18 09:05:06,624 - BDM-WAM 1563437102.0305042 - INFO - <Event(4-MouseMotion {'pos': (559, 171), 'rel': (23, 7), 'buttons': (0, 0, 0), 'window': None})>
2019-07-18 09:05:06,642 - BDM-WAM 1563437102.0305042 - INFO - <Event(4-MouseMotion {'pos': (598, 187), 'rel': (39, 16), 'buttons': (0, 0, 0), 'window': None})>
2019-07-18 09:05:06,658 - BDM-WAM 1563437102.0305042 - INFO - <Event(4-MouseMotion {'pos': (636, 206), 'rel': (38, 19), 'buttons': (0, 0, 0), 'window': None})>
2019-07-18 09:05:06,674 - BDM-WAM 1563437102.0305042 - INFO - <Event(4-MouseMotion {'pos': (673, 223), 'rel': (37, 17), 'buttons': (0, 0, 0), 'window': None})>
2019-07-18 09:05:06,691 - BDM-WAM 1563437102.0305042 - INFO - <Event(4-MouseMotion {'pos': (693, 235), 'rel': (20, 12), 'buttons': (0, 0, 0), 'window': None})>
2019-07-18 09:05:06,708 - BDM-WAM 1563437102.0305042 - INFO - <Event(4-MouseMotion {'pos': (702, 242), 'rel': (9, 7), 'buttons': (0, 0, 0), 'window': None})>
2019-07-18 09:05:06,726 - BDM-WAM 1563437102.0305042 - INFO - <Event(4-MouseMotion {'pos': (704, 245), 'rel': (2, 3), 'buttons': (0, 0, 0), 'window': None})>
2019-07-18 09:05:06,743 - BDM-WAM 1563437102.0305042 - INFO - <Event(4-MouseMotion {'pos': (704, 246), 'rel': (0, 1), 'buttons': (0, 0, 0), 'window': None})>
2019-07-18 09:05:06,759 - BDM-WAM 1563437102.0305042 - INFO - <Event(4-MouseMotion {'pos': (702, 249), 'rel': (-2, 3), 'buttons': (0, 0, 0), 'window': None})>
2019-07-18 09:05:06,775 - BDM-WAM 1563437102.0305042 - INFO - <Event(4-MouseMotion {'pos': (700, 252), 'rel': (-2, 3), 'buttons': (0, 0, 0), 'window': None})>
2019-07-18 09:05:06,791 - BDM-WAM 1563437102.0305042 - INFO - <Event(4-MouseMotion {'pos': (697, 254), 'rel': (-3, 2), 'buttons': (0, 0, 0), 'window': None})>
2019-07-18 09:05:06,807 - BDM-WAM 1563437102.0305042 - INFO - <Event(4-MouseMotion {'pos': (694, 257), 'rel': (-3, 3), 'buttons': (0, 0, 0), 'window': None})>
2019-07-18 09:05:06,823 - BDM-WAM 1563437102.0305042 - INFO - <Event(4-MouseMotion {'pos': (692, 261), 'rel': (-2, 4), 'buttons': (0, 0, 0), 'window': None})>
2019-07-18 09:05:06,839 - BDM-WAM 1563437102.0305042 - INFO - <Event(4-MouseMotion {'pos': (690, 266), 'rel': (-2, 5), 'buttons': (0, 0, 0), 'window': None})>
2019-07-18 09:05:06,855 - BDM-WAM 1563437102.0305042 - INFO - <Event(4-MouseMotion {'pos': (689, 270), 'rel': (-1, 4), 'buttons': (0, 0, 0), 'window': None})>
2019-07-18 09:05:06,871 - BDM-WAM 1563437102.0305042 - INFO - <Event(4-MouseMotion {'pos': (689, 272), 'rel': (0, 2), 'buttons': (0, 0, 0), 'window': None})>
2019-07-18 09:05:06,888 - BDM-WAM 1563437102.0305042 - INFO - <Event(4-MouseMotion {'pos': (689, 273), 'rel': (0, 1), 'buttons': (0, 0, 0), 'window': None})>
2019-07-18 09:05:06,939 - BDM-WAM 1563437102.0305042 - INFO - <Event(5-MouseButtonDown {'pos': (689, 273), 'button': 1, 'window': None})>
2019-07-18 09:05:06,939 - BDM-WAM 1563437102.0305042 - INFO - <Event(9.2-Fake Miss {'pos': (689,273), 'window': None})>
2019-07-18 09:05:07,055 - BDM-WAM 1563437102.0305042 - INFO - <Event(6-MouseButtonUp {'pos': (689, 273), 'button': 1, 'window': None})>
2019-07-18 09:05:07,171 - BDM-WAM 1563437102.0305042 - INFO - <Event(4-MouseMotion {'pos': (686, 275), 'rel': (-3, 2), 'buttons': (0, 0, 0), 'window': None})>
2019-07-18 09:05:07,187 - BDM-WAM 1563437102.0305042 - INFO - <Event(4-MouseMotion {'pos': (681, 277), 'rel': (-5, 2), 'buttons': (0, 0, 0), 'window': None})>
2019-07-18 09:05:07,203 - BDM-WAM 1563437102.0305042 - INFO - <Event(4-MouseMotion {'pos': (672, 280), 'rel': (-9, 3), 'buttons': (0, 0, 0), 'window': None})>
2019-07-18 09:05:07,220 - BDM-WAM 1563437102.0305042 - INFO - <Event(4-MouseMotion {'pos': (660, 283), 'rel': (-12, 3), 'buttons': (0, 0, 0), 'window': None})>
2019-07-18 09:05:07,237 - BDM-WAM 1563437102.0305042 - INFO - <Event(4-MouseMotion {'pos': (644, 286), 'rel': (-16, 3), 'buttons': (0, 0, 0), 'window': None})>
2019-07-18 09:05:07,253 - BDM-WAM 1563437102.0305042 - INFO - <Event(4-MouseMotion {'pos': (628, 289), 'rel': (-16, 3), 'buttons': (0, 0, 0), 'window': None})>
2019-07-18 09:05:07,270 - BDM-WAM 1563437102.0305042 - INFO - <Event(4-MouseMotion {'pos': (611, 291), 'rel': (-17, 2), 'buttons': (0, 0, 0), 'window': None})>
2019-07-18 09:05:07,286 - BDM-WAM 1563437102.0305042 - INFO - <Event(4-MouseMotion {'pos': (596, 294), 'rel': (-15, 3), 'buttons': (0, 0, 0), 'window': None})>
2019-07-18 09:05:07,302 - BDM-WAM 1563437102.0305042 - INFO - <Event(4-MouseMotion {'pos': (581, 296), 'rel': (-15, 2), 'buttons': (0, 0, 0), 'window': None})>
2019-07-18 09:05:07,318 - BDM-WAM 1563437102.0305042 - INFO - <Event(4-MouseMotion {'pos': (569, 297), 'rel': (-12, 1), 'buttons': (0, 0, 0), 'window': None})>
2019-07-18 09:05:07,335 - BDM-WAM 1563437102.0305042 - INFO - <Event(4-MouseMotion {'pos': (556, 299), 'rel': (-13, 2), 'buttons': (0, 0, 0), 'window': None})>
2019-07-18 09:05:07,353 - BDM-WAM 1563437102.0305042 - INFO - <Event(4-MouseMotion {'pos': (546, 300), 'rel': (-10, 1), 'buttons': (0, 0, 0), 'window': None})>
2019-07-18 09:05:07,369 - BDM-WAM 1563437102.0305042 - INFO - <Event(4-MouseMotion {'pos': (535, 300), 'rel': (-11, 0), 'buttons': (0, 0, 0), 'window': None})>
2019-07-18 09:05:07,385 - BDM-WAM 1563437102.0305042 - INFO - <Event(4-MouseMotion {'pos': (529, 300), 'rel': (-6, 0), 'buttons': (0, 0, 0), 'window': None})>
2019-07-18 09:05:07,401 - BDM-WAM 1563437102.0305042 - INFO - <Event(4-MouseMotion {'pos': (525, 300), 'rel': (-4, 0), 'buttons': (0, 0, 0), 'window': None})>
2019-07-18 09:05:07,418 - BDM-WAM 1563437102.0305042 - INFO - <Event(4-MouseMotion {'pos': (523, 300), 'rel': (-2, 0), 'buttons': (0, 0, 0), 'window': None})>
2019-07-18 09:05:07,552 - BDM-WAM 1563437102.0305042 - INFO - <Event(4-MouseMotion {'pos': (526, 300), 'rel': (3, 0), 'buttons': (0, 0, 0), 'window': None})>
2019-07-18 09:05:07,568 - BDM-WAM 1563437102.0305042 - INFO - <Event(4-MouseMotion {'pos': (531, 299), 'rel': (5, -1), 'buttons': (0, 0, 0), 'window': None})>
2019-07-18 09:05:07,600 - BDM-WAM 1563437102.0305042 - INFO - <Event(4-MouseMotion {'pos': (554, 297), 'rel': (23, -2), 'buttons': (0, 0, 0), 'window': None})>
2019-07-18 09:05:07,618 - BDM-WAM 1563437102.0305042 - INFO - <Event(4-MouseMotion {'pos': (572, 297), 'rel': (18, 0), 'buttons': (0, 0, 0), 'window': None})>
2019-07-18 09:05:07,634 - BDM-WAM 1563437102.0305042 - INFO - <Event(4-MouseMotion {'pos': (587, 297), 'rel': (15, 0), 'buttons': (0, 0, 0), 'window': None})>
2019-07-18 09:05:07,652 - BDM-WAM 1563437102.0305042 - INFO - <Event(4-MouseMotion {'pos': (603, 296), 'rel': (16, -1), 'buttons': (0, 0, 0), 'window': None})>
2019-07-18 09:05:07,668 - BDM-WAM 1563437102.0305042 - INFO - <Event(4-MouseMotion {'pos': (616, 296), 'rel': (13, 0), 'buttons': (0, 0, 0), 'window': None})>
2019-07-18 09:05:07,695 - BDM-WAM 1563437102.0305042 - INFO - <Event(4-MouseMotion {'pos': (629, 295), 'rel': (13, -1), 'buttons': (0, 0, 0), 'window': None})>
2019-07-18 09:05:07,706 - BDM-WAM 1563437102.0305042 - INFO - <Event(4-MouseMotion {'pos': (631, 294), 'rel': (2, -1), 'buttons': (0, 0, 0), 'window': None})>
2019-07-18 09:05:07,724 - BDM-WAM 1563437102.0305042 - INFO - <Event(4-MouseMotion {'pos': (632, 293), 'rel': (1, -1), 'buttons': (0, 0, 0), 'window': None})>
2019-07-18 09:05:07,891 - BDM-WAM 1563437102.0305042 - INFO - <Event(4-MouseMotion {'pos': (633, 293), 'rel': (1, 0), 'buttons': (0, 0, 0), 'window': None})>
2019-07-18 09:05:07,956 - BDM-WAM 1563437102.0305042 - INFO - <Event(4-MouseMotion {'pos': (629, 293), 'rel': (-4, 0), 'buttons': (0, 0, 0), 'window': None})>
2019-07-18 09:05:07,973 - BDM-WAM 1563437102.0305042 - INFO - <Event(4-MouseMotion {'pos': (618, 293), 'rel': (-11, 0), 'buttons': (0, 0, 0), 'window': None})>
2019-07-18 09:05:07,990 - BDM-WAM 1563437102.0305042 - INFO - <Event(4-MouseMotion {'pos': (592, 290), 'rel': (-26, -3), 'buttons': (0, 0, 0), 'window': None})>
2019-07-18 09:05:08,006 - BDM-WAM 1563437102.0305042 - INFO - <Event(4-MouseMotion {'pos': (550, 286), 'rel': (-42, -4), 'buttons': (0, 0, 0), 'window': None})>
2019-07-18 09:05:08,025 - BDM-WAM 1563437102.0305042 - INFO - <Event(4-MouseMotion {'pos': (494, 280), 'rel': (-56, -6), 'buttons': (0, 0, 0), 'window': None})>
2019-07-18 09:05:08,040 - BDM-WAM 1563437102.0305042 - INFO - <Event(4-MouseMotion {'pos': (447, 276), 'rel': (-47, -4), 'buttons': (0, 0, 0), 'window': None})>
2019-07-18 09:05:08,056 - BDM-WAM 1563437102.0305042 - INFO - <Event(4-MouseMotion {'pos': (418, 276), 'rel': (-29, 0), 'buttons': (0, 0, 0), 'window': None})>
2019-07-18 09:05:08,072 - BDM-WAM 1563437102.0305042 - INFO - <Event(4-MouseMotion {'pos': (404, 276), 'rel': (-14, 0), 'buttons': (0, 0, 0), 'window': None})>
2019-07-18 09:05:08,089 - BDM-WAM 1563437102.0305042 - INFO - <Event(4-MouseMotion {'pos': (398, 278), 'rel': (-6, 2), 'buttons': (0, 0, 0), 'window': None})>
2019-07-18 09:05:08,107 - BDM-WAM 1563437102.0305042 - INFO - <Event(4-MouseMotion {'pos': (397, 279), 'rel': (-1, 1), 'buttons': (0, 0, 0), 'window': None})>
2019-07-18 09:05:08,124 - BDM-WAM 1563437102.0305042 - INFO - <Event(4-MouseMotion {'pos': (397, 282), 'rel': (0, 3), 'buttons': (0, 0, 0), 'window': None})>
2019-07-18 09:05:08,139 - BDM-WAM 1563437102.0305042 - INFO - <Event(4-MouseMotion {'pos': (399, 285), 'rel': (2, 3), 'buttons': (0, 0, 0), 'window': None})>
2019-07-18 09:05:08,156 - BDM-WAM 1563437102.0305042 - INFO - <Event(4-MouseMotion {'pos': (400, 289), 'rel': (1, 4), 'buttons': (0, 0, 0), 'window': None})>
2019-07-18 09:05:08,172 - BDM-WAM 1563437102.0305042 - INFO - <Event(4-MouseMotion {'pos': (401, 294), 'rel': (1, 5), 'buttons': (0, 0, 0), 'window': None})>
2019-07-18 09:05:08,200 - BDM-WAM 1563437102.0305042 - INFO - <Event(4-MouseMotion {'pos': (406, 304), 'rel': (5, 10), 'buttons': (0, 0, 0), 'window': None})>
2019-07-18 09:05:08,207 - BDM-WAM 1563437102.0305042 - INFO - <Event(4-MouseMotion {'pos': (408, 307), 'rel': (2, 3), 'buttons': (0, 0, 0), 'window': None})>
2019-07-18 09:05:08,226 - BDM-WAM 1563437102.0305042 - INFO - <Event(4-MouseMotion {'pos': (413, 315), 'rel': (5, 8), 'buttons': (0, 0, 0), 'window': None})>
2019-07-18 09:05:08,241 - BDM-WAM 1563437102.0305042 - INFO - <Event(4-MouseMotion {'pos': (421, 322), 'rel': (8, 7), 'buttons': (0, 0, 0), 'window': None})>
2019-07-18 09:05:08,258 - BDM-WAM 1563437102.0305042 - INFO - <Event(4-MouseMotion {'pos': (431, 329), 'rel': (10, 7), 'buttons': (0, 0, 0), 'window': None})>
2019-07-18 09:05:08,276 - BDM-WAM 1563437102.0305042 - INFO - <Event(4-MouseMotion {'pos': (437, 333), 'rel': (6, 4), 'buttons': (0, 0, 0), 'window': None})>
2019-07-18 09:05:08,301 - BDM-WAM 1563437102.0305042 - INFO - <Event(4-MouseMotion {'pos': (440, 336), 'rel': (3, 3), 'buttons': (0, 0, 0), 'window': None})>
2019-07-18 09:05:08,310 - BDM-WAM 1563437102.0305042 - INFO - <Event(4-MouseMotion {'pos': (440, 337), 'rel': (0, 1), 'buttons': (0, 0, 0), 'window': None})>
2019-07-18 09:05:08,464 - BDM-WAM 1563437102.0305042 - INFO - <Event(4-MouseMotion {'pos': (440, 338), 'rel': (0, 1), 'buttons': (0, 0, 0), 'window': None})>
2019-07-18 09:05:08,480 - BDM-WAM 1563437102.0305042 - INFO - <Event(4-MouseMotion {'pos': (441, 338), 'rel': (1, 0), 'buttons': (0, 0, 0), 'window': None})>
2019-07-18 09:05:08,497 - BDM-WAM 1563437102.0305042 - INFO - <Event(4-MouseMotion {'pos': (442, 340), 'rel': (1, 2), 'buttons': (0, 0, 0), 'window': None})>
2019-07-18 09:05:08,513 - BDM-WAM 1563437102.0305042 - INFO - <Event(4-MouseMotion {'pos': (444, 342), 'rel': (2, 2), 'buttons': (0, 0, 0), 'window': None})>
2019-07-18 09:05:08,530 - BDM-WAM 1563437102.0305042 - INFO - <Event(4-MouseMotion {'pos': (444, 345), 'rel': (0, 3), 'buttons': (0, 0, 0), 'window': None})>
2019-07-18 09:05:08,546 - BDM-WAM 1563437102.0305042 - INFO - <Event(4-MouseMotion {'pos': (445, 349), 'rel': (1, 4), 'buttons': (0, 0, 0), 'window': None})>
2019-07-18 09:05:08,562 - BDM-WAM 1563437102.0305042 - INFO - <Event(4-MouseMotion {'pos': (445, 357), 'rel': (0, 8), 'buttons': (0, 0, 0), 'window': None})>
2019-07-18 09:05:08,579 - BDM-WAM 1563437102.0305042 - INFO - <Event(4-MouseMotion {'pos': (445, 370), 'rel': (0, 13), 'buttons': (0, 0, 0), 'window': None})>
2019-07-18 09:05:08,596 - BDM-WAM 1563437102.0305042 - INFO - <Event(4-MouseMotion {'pos': (445, 390), 'rel': (0, 20), 'buttons': (0, 0, 0), 'window': None})>
2019-07-18 09:05:08,612 - BDM-WAM 1563437102.0305042 - INFO - <Event(4-MouseMotion {'pos': (448, 416), 'rel': (3, 26), 'buttons': (0, 0, 0), 'window': None})>
2019-07-18 09:05:08,628 - BDM-WAM 1563437102.0305042 - INFO - <Event(4-MouseMotion {'pos': (450, 439), 'rel': (2, 23), 'buttons': (0, 0, 0), 'window': None})>
2019-07-18 09:05:08,645 - BDM-WAM 1563437102.0305042 - INFO - <Event(4-MouseMotion {'pos': (453, 457), 'rel': (3, 18), 'buttons': (0, 0, 0), 'window': None})>
2019-07-18 09:05:08,663 - BDM-WAM 1563437102.0305042 - INFO - <Event(4-MouseMotion {'pos': (456, 471), 'rel': (3, 14), 'buttons': (0, 0, 0), 'window': None})>
2019-07-18 09:05:08,678 - BDM-WAM 1563437102.0305042 - INFO - <Event(4-MouseMotion {'pos': (458, 478), 'rel': (2, 7), 'buttons': (0, 0, 0), 'window': None})>
2019-07-18 09:05:08,695 - BDM-WAM 1563437102.0305042 - INFO - <Event(4-MouseMotion {'pos': (460, 484), 'rel': (2, 6), 'buttons': (0, 0, 0), 'window': None})>
2019-07-18 09:05:08,710 - BDM-WAM 1563437102.0305042 - INFO - <Event(4-MouseMotion {'pos': (460, 486), 'rel': (0, 2), 'buttons': (0, 0, 0), 'window': None})>
2019-07-18 09:05:08,726 - BDM-WAM 1563437102.0305042 - INFO - <Event(4-MouseMotion {'pos': (460, 487), 'rel': (0, 1), 'buttons': (0, 0, 0), 'window': None})>
2019-07-18 09:05:08,777 - BDM-WAM 1563437102.0305042 - INFO - <Event(4-MouseMotion {'pos': (461, 488), 'rel': (1, 1), 'buttons': (0, 0, 0), 'window': None})>
2019-07-18 09:05:08,809 - BDM-WAM 1563437102.0305042 - INFO - <Event(4-MouseMotion {'pos': (462, 489), 'rel': (1, 1), 'buttons': (0, 0, 0), 'window': None})>
2019-07-18 09:05:08,826 - BDM-WAM 1563437102.0305042 - INFO - <Event(4-MouseMotion {'pos': (463, 492), 'rel': (1, 3), 'buttons': (0, 0, 0), 'window': None})>
2019-07-18 09:05:08,843 - BDM-WAM 1563437102.0305042 - INFO - <Event(4-MouseMotion {'pos': (464, 499), 'rel': (1, 7), 'buttons': (0, 0, 0), 'window': None})>
2019-07-18 09:05:08,859 - BDM-WAM 1563437102.0305042 - INFO - <Event(4-MouseMotion {'pos': (465, 505), 'rel': (1, 6), 'buttons': (0, 0, 0), 'window': None})>
2019-07-18 09:05:08,877 - BDM-WAM 1563437102.0305042 - INFO - <Event(4-MouseMotion {'pos': (465, 510), 'rel': (0, 5), 'buttons': (0, 0, 0), 'window': None})>
2019-07-18 09:05:08,893 - BDM-WAM 1563437102.0305042 - INFO - <Event(4-MouseMotion {'pos': (465, 513), 'rel': (0, 3), 'buttons': (0, 0, 0), 'window': None})>
2019-07-18 09:05:08,910 - BDM-WAM 1563437102.0305042 - INFO - <Event(4-MouseMotion {'pos': (464, 515), 'rel': (-1, 2), 'buttons': (0, 0, 0), 'window': None})>
2019-07-18 09:05:08,927 - BDM-WAM 1563437102.0305042 - INFO - <Event(4-MouseMotion {'pos': (463, 515), 'rel': (-1, 0), 'buttons': (0, 0, 0), 'window': None})>
2019-07-18 09:05:08,944 - BDM-WAM 1563437102.0305042 - INFO - <Event(5-MouseButtonDown {'pos': (463, 515), 'button': 1, 'window': None})>
2019-07-18 09:05:08,945 - BDM-WAM 1563437102.0305042 - INFO - <Event(9.1-True Hit {'pos': (463,515), 'window': None})>
2019-07-18 09:05:09,093 - BDM-WAM 1563437102.0305042 - INFO - <Event(6-MouseButtonUp {'pos': (463, 515), 'button': 1, 'window': None})>
2019-07-18 09:05:09,288 - BDM-WAM 1563437102.0305042 - INFO - <Event(4-MouseMotion {'pos': (463, 514), 'rel': (0, -1), 'buttons': (0, 0, 0), 'window': None})>
2019-07-18 09:05:09,292 - BDM-WAM 1563437102.0305042 - INFO - <Event(4-MouseMotion {'pos': (463, 513), 'rel': (0, -1), 'buttons': (0, 0, 0), 'window': None})>
2019-07-18 09:05:09,311 - BDM-WAM 1563437102.0305042 - INFO - <Event(4-MouseMotion {'pos': (463, 508), 'rel': (0, -5), 'buttons': (0, 0, 0), 'window': None})>
2019-07-18 09:05:09,327 - BDM-WAM 1563437102.0305042 - INFO - <Event(4-MouseMotion {'pos': (463, 502), 'rel': (0, -6), 'buttons': (0, 0, 0), 'window': None})>
2019-07-18 09:05:09,343 - BDM-WAM 1563437102.0305042 - INFO - <Event(4-MouseMotion {'pos': (464, 494), 'rel': (1, -8), 'buttons': (0, 0, 0), 'window': None})>
2019-07-18 09:05:09,360 - BDM-WAM 1563437102.0305042 - INFO - <Event(4-MouseMotion {'pos': (464, 483), 'rel': (0, -11), 'buttons': (0, 0, 0), 'window': None})>
2019-07-18 09:05:09,376 - BDM-WAM 1563437102.0305042 - INFO - <Event(4-MouseMotion {'pos': (463, 472), 'rel': (-1, -11), 'buttons': (0, 0, 0), 'window': None})>
2019-07-18 09:05:09,402 - BDM-WAM 1563437102.0305042 - INFO - <Event(4-MouseMotion {'pos': (459, 451), 'rel': (-4, -21), 'buttons': (0, 0, 0), 'window': None})>
2019-07-18 09:05:09,420 - BDM-WAM 1563437102.0305042 - INFO - <Event(4-MouseMotion {'pos': (455, 438), 'rel': (-4, -13), 'buttons': (0, 0, 0), 'window': None})>
2019-07-18 09:05:09,437 - BDM-WAM 1563437102.0305042 - INFO - <Event(4-MouseMotion {'pos': (451, 424), 'rel': (-4, -14), 'buttons': (0, 0, 0), 'window': None})>
2019-07-18 09:05:09,453 - BDM-WAM 1563437102.0305042 - INFO - <Event(4-MouseMotion {'pos': (445, 410), 'rel': (-6, -14), 'buttons': (0, 0, 0), 'window': None})>
2019-07-18 09:05:09,470 - BDM-WAM 1563437102.0305042 - INFO - <Event(4-MouseMotion {'pos': (440, 398), 'rel': (-5, -12), 'buttons': (0, 0, 0), 'window': None})>
2019-07-18 09:05:09,487 - BDM-WAM 1563437102.0305042 - INFO - <Event(4-MouseMotion {'pos': (434, 387), 'rel': (-6, -11), 'buttons': (0, 0, 0), 'window': None})>
2019-07-18 09:05:09,504 - BDM-WAM 1563437102.0305042 - INFO - <Event(4-MouseMotion {'pos': (431, 379), 'rel': (-3, -8), 'buttons': (0, 0, 0), 'window': None})>
2019-07-18 09:05:09,522 - BDM-WAM 1563437102.0305042 - INFO - <Event(4-MouseMotion {'pos': (428, 372), 'rel': (-3, -7), 'buttons': (0, 0, 0), 'window': None})>
2019-07-18 09:05:09,538 - BDM-WAM 1563437102.0305042 - INFO - <Event(4-MouseMotion {'pos': (426, 366), 'rel': (-2, -6), 'buttons': (0, 0, 0), 'window': None})>
2019-07-18 09:05:09,554 - BDM-WAM 1563437102.0305042 - INFO - <Event(4-MouseMotion {'pos': (424, 361), 'rel': (-2, -5), 'buttons': (0, 0, 0), 'window': None})>
2019-07-18 09:05:09,570 - BDM-WAM 1563437102.0305042 - INFO - <Event(4-MouseMotion {'pos': (421, 356), 'rel': (-3, -5), 'buttons': (0, 0, 0), 'window': None})>
2019-07-18 09:05:09,587 - BDM-WAM 1563437102.0305042 - INFO - <Event(4-MouseMotion {'pos': (418, 350), 'rel': (-3, -6), 'buttons': (0, 0, 0), 'window': None})>
2019-07-18 09:05:09,603 - BDM-WAM 1563437102.0305042 - INFO - <Event(4-MouseMotion {'pos': (415, 346), 'rel': (-3, -4), 'buttons': (0, 0, 0), 'window': None})>
2019-07-18 09:05:09,621 - BDM-WAM 1563437102.0305042 - INFO - <Event(4-MouseMotion {'pos': (413, 342), 'rel': (-2, -4), 'buttons': (0, 0, 0), 'window': None})>
2019-07-18 09:05:09,637 - BDM-WAM 1563437102.0305042 - INFO - <Event(4-MouseMotion {'pos': (410, 339), 'rel': (-3, -3), 'buttons': (0, 0, 0), 'window': None})>
2019-07-18 09:05:09,653 - BDM-WAM 1563437102.0305042 - INFO - <Event(4-MouseMotion {'pos': (408, 335), 'rel': (-2, -4), 'buttons': (0, 0, 0), 'window': None})>
2019-07-18 09:05:09,670 - BDM-WAM 1563437102.0305042 - INFO - <Event(4-MouseMotion {'pos': (405, 331), 'rel': (-3, -4), 'buttons': (0, 0, 0), 'window': None})>
2019-07-18 09:05:09,686 - BDM-WAM 1563437102.0305042 - INFO - <Event(4-MouseMotion {'pos': (403, 327), 'rel': (-2, -4), 'buttons': (0, 0, 0), 'window': None})>
2019-07-18 09:05:09,702 - BDM-WAM 1563437102.0305042 - INFO - <Event(4-MouseMotion {'pos': (401, 323), 'rel': (-2, -4), 'buttons': (0, 0, 0), 'window': None})>
2019-07-18 09:05:09,719 - BDM-WAM 1563437102.0305042 - INFO - <Event(4-MouseMotion {'pos': (397, 319), 'rel': (-4, -4), 'buttons': (0, 0, 0), 'window': None})>
2019-07-18 09:05:09,735 - BDM-WAM 1563437102.0305042 - INFO - <Event(4-MouseMotion {'pos': (394, 314), 'rel': (-3, -5), 'buttons': (0, 0, 0), 'window': None})>
2019-07-18 09:05:09,752 - BDM-WAM 1563437102.0305042 - INFO - <Event(4-MouseMotion {'pos': (389, 308), 'rel': (-5, -6), 'buttons': (0, 0, 0), 'window': None})>
2019-07-18 09:05:09,769 - BDM-WAM 1563437102.0305042 - INFO - <Event(4-MouseMotion {'pos': (383, 299), 'rel': (-6, -9), 'buttons': (0, 0, 0), 'window': None})>
2019-07-18 09:05:09,785 - BDM-WAM 1563437102.0305042 - INFO - <Event(4-MouseMotion {'pos': (378, 292), 'rel': (-5, -7), 'buttons': (0, 0, 0), 'window': None})>
2019-07-18 09:05:09,802 - BDM-WAM 1563437102.0305042 - INFO - <Event(4-MouseMotion {'pos': (372, 286), 'rel': (-6, -6), 'buttons': (0, 0, 0), 'window': None})>
2019-07-18 09:05:09,819 - BDM-WAM 1563437102.0305042 - INFO - <Event(4-MouseMotion {'pos': (368, 280), 'rel': (-4, -6), 'buttons': (0, 0, 0), 'window': None})>
2019-07-18 09:05:09,836 - BDM-WAM 1563437102.0305042 - INFO - <Event(4-MouseMotion {'pos': (363, 275), 'rel': (-5, -5), 'buttons': (0, 0, 0), 'window': None})>
2019-07-18 09:05:09,851 - BDM-WAM 1563437102.0305042 - INFO - <Event(4-MouseMotion {'pos': (359, 272), 'rel': (-4, -3), 'buttons': (0, 0, 0), 'window': None})>
2019-07-18 09:05:09,867 - BDM-WAM 1563437102.0305042 - INFO - <Event(4-MouseMotion {'pos': (357, 270), 'rel': (-2, -2), 'buttons': (0, 0, 0), 'window': None})>
2019-07-18 09:05:09,882 - BDM-WAM 1563437102.0305042 - INFO - <Event(4-MouseMotion {'pos': (354, 268), 'rel': (-3, -2), 'buttons': (0, 0, 0), 'window': None})>
2019-07-18 09:05:09,910 - BDM-WAM 1563437102.0305042 - INFO - <Event(4-MouseMotion {'pos': (352, 267), 'rel': (-2, -1), 'buttons': (0, 0, 0), 'window': None})>
2019-07-18 09:05:10,018 - BDM-WAM 1563437102.0305042 - INFO - <Event(4-MouseMotion {'pos': (353, 266), 'rel': (1, -1), 'buttons': (0, 0, 0), 'window': None})>
2019-07-18 09:05:10,034 - BDM-WAM 1563437102.0305042 - INFO - <Event(4-MouseMotion {'pos': (355, 266), 'rel': (2, 0), 'buttons': (0, 0, 0), 'window': None})>
2019-07-18 09:05:10,051 - BDM-WAM 1563437102.0305042 - INFO - <Event(4-MouseMotion {'pos': (358, 266), 'rel': (3, 0), 'buttons': (0, 0, 0), 'window': None})>
2019-07-18 09:05:10,068 - BDM-WAM 1563437102.0305042 - INFO - <Event(4-MouseMotion {'pos': (361, 267), 'rel': (3, 1), 'buttons': (0, 0, 0), 'window': None})>
2019-07-18 09:05:10,083 - BDM-WAM 1563437102.0305042 - INFO - <Event(4-MouseMotion {'pos': (362, 270), 'rel': (1, 3), 'buttons': (0, 0, 0), 'window': None})>
2019-07-18 09:05:10,099 - BDM-WAM 1563437102.0305042 - INFO - <Event(4-MouseMotion {'pos': (364, 274), 'rel': (2, 4), 'buttons': (0, 0, 0), 'window': None})>
2019-07-18 09:05:10,125 - BDM-WAM 1563437102.0305042 - INFO - <Event(4-MouseMotion {'pos': (362, 287), 'rel': (-2, 13), 'buttons': (0, 0, 0), 'window': None})>
2019-07-18 09:05:10,133 - BDM-WAM 1563437102.0305042 - INFO - <Event(4-MouseMotion {'pos': (359, 292), 'rel': (-3, 5), 'buttons': (0, 0, 0), 'window': None})>
2019-07-18 09:05:10,148 - BDM-WAM 1563437102.0305042 - INFO - <Event(4-MouseMotion {'pos': (346, 308), 'rel': (-13, 16), 'buttons': (0, 0, 0), 'window': None})>
2019-07-18 09:05:10,165 - BDM-WAM 1563437102.0305042 - INFO - <Event(4-MouseMotion {'pos': (329, 323), 'rel': (-17, 15), 'buttons': (0, 0, 0), 'window': None})>
2019-07-18 09:05:10,181 - BDM-WAM 1563437102.0305042 - INFO - <Event(4-MouseMotion {'pos': (309, 340), 'rel': (-20, 17), 'buttons': (0, 0, 0), 'window': None})>
2019-07-18 09:05:10,197 - BDM-WAM 1563437102.0305042 - INFO - <Event(4-MouseMotion {'pos': (290, 353), 'rel': (-19, 13), 'buttons': (0, 0, 0), 'window': None})>
2019-07-18 09:05:10,212 - BDM-WAM 1563437102.0305042 - INFO - <Event(4-MouseMotion {'pos': (272, 364), 'rel': (-18, 11), 'buttons': (0, 0, 0), 'window': None})>
2019-07-18 09:05:10,229 - BDM-WAM 1563437102.0305042 - INFO - <Event(4-MouseMotion {'pos': (256, 372), 'rel': (-16, 8), 'buttons': (0, 0, 0), 'window': None})>
2019-07-18 09:05:10,246 - BDM-WAM 1563437102.0305042 - INFO - <Event(4-MouseMotion {'pos': (242, 381), 'rel': (-14, 9), 'buttons': (0, 0, 0), 'window': None})>
2019-07-18 09:05:10,262 - BDM-WAM 1563437102.0305042 - INFO - <Event(4-MouseMotion {'pos': (232, 388), 'rel': (-10, 7), 'buttons': (0, 0, 0), 'window': None})>
2019-07-18 09:05:10,278 - BDM-WAM 1563437102.0305042 - INFO - <Event(4-MouseMotion {'pos': (225, 394), 'rel': (-7, 6), 'buttons': (0, 0, 0), 'window': None})>
2019-07-18 09:05:10,296 - BDM-WAM 1563437102.0305042 - INFO - <Event(4-MouseMotion {'pos': (217, 399), 'rel': (-8, 5), 'buttons': (0, 0, 0), 'window': None})>
2019-07-18 09:05:10,311 - BDM-WAM 1563437102.0305042 - INFO - <Event(4-MouseMotion {'pos': (213, 402), 'rel': (-4, 3), 'buttons': (0, 0, 0), 'window': None})>
2019-07-18 09:05:10,327 - BDM-WAM 1563437102.0305042 - INFO - <Event(4-MouseMotion {'pos': (208, 404), 'rel': (-5, 2), 'buttons': (0, 0, 0), 'window': None})>
2019-07-18 09:05:10,345 - BDM-WAM 1563437102.0305042 - INFO - <Event(4-MouseMotion {'pos': (204, 405), 'rel': (-4, 1), 'buttons': (0, 0, 0), 'window': None})>
2019-07-18 09:05:10,361 - BDM-WAM 1563437102.0305042 - INFO - <Event(4-MouseMotion {'pos': (201, 406), 'rel': (-3, 1), 'buttons': (0, 0, 0), 'window': None})>
2019-07-18 09:05:10,377 - BDM-WAM 1563437102.0305042 - INFO - <Event(4-MouseMotion {'pos': (198, 407), 'rel': (-3, 1), 'buttons': (0, 0, 0), 'window': None})>
2019-07-18 09:05:10,393 - BDM-WAM 1563437102.0305042 - INFO - <Event(4-MouseMotion {'pos': (197, 407), 'rel': (-1, 0), 'buttons': (0, 0, 0), 'window': None})>
2019-07-18 09:05:10,411 - BDM-WAM 1563437102.0305042 - INFO - <Event(4-MouseMotion {'pos': (196, 408), 'rel': (-1, 1), 'buttons': (0, 0, 0), 'window': None})>
2019-07-18 09:05:10,428 - BDM-WAM 1563437102.0305042 - INFO - <Event(4-MouseMotion {'pos': (195, 408), 'rel': (-1, 0), 'buttons': (0, 0, 0), 'window': None})>
2019-07-18 09:05:10,444 - BDM-WAM 1563437102.0305042 - INFO - <Event(4-MouseMotion {'pos': (193, 409), 'rel': (-2, 1), 'buttons': (0, 0, 0), 'window': None})>
2019-07-18 09:05:10,462 - BDM-WAM 1563437102.0305042 - INFO - <Event(4-MouseMotion {'pos': (190, 410), 'rel': (-3, 1), 'buttons': (0, 0, 0), 'window': None})>
2019-07-18 09:05:10,479 - BDM-WAM 1563437102.0305042 - INFO - <Event(4-MouseMotion {'pos': (186, 411), 'rel': (-4, 1), 'buttons': (0, 0, 0), 'window': None})>
2019-07-18 09:05:10,495 - BDM-WAM 1563437102.0305042 - INFO - <Event(4-MouseMotion {'pos': (182, 412), 'rel': (-4, 1), 'buttons': (0, 0, 0), 'window': None})>
2019-07-18 09:05:10,512 - BDM-WAM 1563437102.0305042 - INFO - <Event(4-MouseMotion {'pos': (180, 413), 'rel': (-2, 1), 'buttons': (0, 0, 0), 'window': None})>
2019-07-18 09:05:10,528 - BDM-WAM 1563437102.0305042 - INFO - <Event(4-MouseMotion {'pos': (177, 414), 'rel': (-3, 1), 'buttons': (0, 0, 0), 'window': None})>
2019-07-18 09:05:10,546 - BDM-WAM 1563437102.0305042 - INFO - <Event(4-MouseMotion {'pos': (176, 414), 'rel': (-1, 0), 'buttons': (0, 0, 0), 'window': None})>
2019-07-18 09:05:10,579 - BDM-WAM 1563437102.0305042 - INFO - <Event(5-MouseButtonDown {'pos': (176, 414), 'button': 1, 'window': None})>
2019-07-18 09:05:10,580 - BDM-WAM 1563437102.0305042 - INFO - <Event(9.1-True Hit {'pos': (176,414), 'window': None})>
2019-07-18 09:05:10,728 - BDM-WAM 1563437102.0305042 - INFO - <Event(6-MouseButtonUp {'pos': (176, 414), 'button': 1, 'window': None})>
2019-07-18 09:05:10,913 - BDM-WAM 1563437102.0305042 - INFO - <Event(4-MouseMotion {'pos': (177, 414), 'rel': (1, 0), 'buttons': (0, 0, 0), 'window': None})>
2019-07-18 09:05:10,931 - BDM-WAM 1563437102.0305042 - INFO - <Event(4-MouseMotion {'pos': (182, 408), 'rel': (5, -6), 'buttons': (0, 0, 0), 'window': None})>
2019-07-18 09:05:10,947 - BDM-WAM 1563437102.0305042 - INFO - <Event(4-MouseMotion {'pos': (193, 400), 'rel': (11, -8), 'buttons': (0, 0, 0), 'window': None})>
2019-07-18 09:05:10,964 - BDM-WAM 1563437102.0305042 - INFO - <Event(4-MouseMotion {'pos': (211, 388), 'rel': (18, -12), 'buttons': (0, 0, 0), 'window': None})>
2019-07-18 09:05:10,981 - BDM-WAM 1563437102.0305042 - INFO - <Event(4-MouseMotion {'pos': (238, 370), 'rel': (27, -18), 'buttons': (0, 0, 0), 'window': None})>
2019-07-18 09:05:11,007 - BDM-WAM 1563437102.0305042 - INFO - <Event(4-MouseMotion {'pos': (282, 341), 'rel': (44, -29), 'buttons': (0, 0, 0), 'window': None})>
2019-07-18 09:05:11,027 - BDM-WAM 1563437102.0305042 - INFO - <Event(4-MouseMotion {'pos': (316, 321), 'rel': (34, -20), 'buttons': (0, 0, 0), 'window': None})>
2019-07-18 09:05:11,043 - BDM-WAM 1563437102.0305042 - INFO - <Event(4-MouseMotion {'pos': (340, 307), 'rel': (24, -14), 'buttons': (0, 0, 0), 'window': None})>
2019-07-18 09:05:11,060 - BDM-WAM 1563437102.0305042 - INFO - <Event(4-MouseMotion {'pos': (359, 295), 'rel': (19, -12), 'buttons': (0, 0, 0), 'window': None})>
2019-07-18 09:05:11,077 - BDM-WAM 1563437102.0305042 - INFO - <Event(4-MouseMotion {'pos': (369, 286), 'rel': (10, -9), 'buttons': (0, 0, 0), 'window': None})>
2019-07-18 09:05:11,093 - BDM-WAM 1563437102.0305042 - INFO - <Event(4-MouseMotion {'pos': (374, 281), 'rel': (5, -5), 'buttons': (0, 0, 0), 'window': None})>
2019-07-18 09:05:11,109 - BDM-WAM 1563437102.0305042 - INFO - <Event(4-MouseMotion {'pos': (376, 277), 'rel': (2, -4), 'buttons': (0, 0, 0), 'window': None})>
2019-07-18 09:05:11,126 - BDM-WAM 1563437102.0305042 - INFO - <Event(4-MouseMotion {'pos': (377, 274), 'rel': (1, -3), 'buttons': (0, 0, 0), 'window': None})>
2019-07-18 09:05:11,143 - BDM-WAM 1563437102.0305042 - INFO - <Event(4-MouseMotion {'pos': (377, 271), 'rel': (0, -3), 'buttons': (0, 0, 0), 'window': None})>
2019-07-18 09:05:11,159 - BDM-WAM 1563437102.0305042 - INFO - <Event(4-MouseMotion {'pos': (377, 269), 'rel': (0, -2), 'buttons': (0, 0, 0), 'window': None})>
2019-07-18 09:05:11,176 - BDM-WAM 1563437102.0305042 - INFO - <Event(4-MouseMotion {'pos': (377, 266), 'rel': (0, -3), 'buttons': (0, 0, 0), 'window': None})>
2019-07-18 09:05:11,192 - BDM-WAM 1563437102.0305042 - INFO - <Event(4-MouseMotion {'pos': (377, 265), 'rel': (0, -1), 'buttons': (0, 0, 0), 'window': None})>
2019-07-18 09:05:11,407 - BDM-WAM 1563437102.0305042 - INFO - <Event(4-MouseMotion {'pos': (382, 263), 'rel': (5, -2), 'buttons': (0, 0, 0), 'window': None})>
2019-07-18 09:05:11,425 - BDM-WAM 1563437102.0305042 - INFO - <Event(4-MouseMotion {'pos': (395, 257), 'rel': (13, -6), 'buttons': (0, 0, 0), 'window': None})>
2019-07-18 09:05:11,442 - BDM-WAM 1563437102.0305042 - INFO - <Event(4-MouseMotion {'pos': (410, 251), 'rel': (15, -6), 'buttons': (0, 0, 0), 'window': None})>
2019-07-18 09:05:11,459 - BDM-WAM 1563437102.0305042 - INFO - <Event(4-MouseMotion {'pos': (428, 242), 'rel': (18, -9), 'buttons': (0, 0, 0), 'window': None})>
2019-07-18 09:05:11,474 - BDM-WAM 1563437102.0305042 - INFO - <Event(4-MouseMotion {'pos': (444, 234), 'rel': (16, -8), 'buttons': (0, 0, 0), 'window': None})>
2019-07-18 09:05:11,491 - BDM-WAM 1563437102.0305042 - INFO - <Event(4-MouseMotion {'pos': (460, 226), 'rel': (16, -8), 'buttons': (0, 0, 0), 'window': None})>
2019-07-18 09:05:11,517 - BDM-WAM 1563437102.0305042 - INFO - <Event(4-MouseMotion {'pos': (481, 212), 'rel': (21, -14), 'buttons': (0, 0, 0), 'window': None})>
2019-07-18 09:05:11,523 - BDM-WAM 1563437102.0305042 - INFO - <Event(4-MouseMotion {'pos': (484, 210), 'rel': (3, -2), 'buttons': (0, 0, 0), 'window': None})>
2019-07-18 09:05:11,540 - BDM-WAM 1563437102.0305042 - INFO - <Event(4-MouseMotion {'pos': (487, 205), 'rel': (3, -5), 'buttons': (0, 0, 0), 'window': None})>
2019-07-18 09:05:11,558 - BDM-WAM 1563437102.0305042 - INFO - <Event(4-MouseMotion {'pos': (488, 202), 'rel': (1, -3), 'buttons': (0, 0, 0), 'window': None})>
2019-07-18 09:05:11,574 - BDM-WAM 1563437102.0305042 - INFO - <Event(4-MouseMotion {'pos': (488, 200), 'rel': (0, -2), 'buttons': (0, 0, 0), 'window': None})>
2019-07-18 09:05:11,593 - BDM-WAM 1563437102.0305042 - INFO - <Event(4-MouseMotion {'pos': (487, 198), 'rel': (-1, -2), 'buttons': (0, 0, 0), 'window': None})>
2019-07-18 09:05:11,617 - BDM-WAM 1563437102.0305042 - INFO - <Event(4-MouseMotion {'pos': (484, 197), 'rel': (-3, -1), 'buttons': (0, 0, 0), 'window': None})>
2019-07-18 09:05:11,625 - BDM-WAM 1563437102.0305042 - INFO - <Event(4-MouseMotion {'pos': (481, 197), 'rel': (-3, 0), 'buttons': (0, 0, 0), 'window': None})>
2019-07-18 09:05:11,643 - BDM-WAM 1563437102.0305042 - INFO - <Event(4-MouseMotion {'pos': (474, 197), 'rel': (-7, 0), 'buttons': (0, 0, 0), 'window': None})>
2019-07-18 09:05:11,659 - BDM-WAM 1563437102.0305042 - INFO - <Event(4-MouseMotion {'pos': (466, 199), 'rel': (-8, 2), 'buttons': (0, 0, 0), 'window': None})>
2019-07-18 09:05:11,675 - BDM-WAM 1563437102.0305042 - INFO - <Event(4-MouseMotion {'pos': (462, 202), 'rel': (-4, 3), 'buttons': (0, 0, 0), 'window': None})>
2019-07-18 09:05:11,692 - BDM-WAM 1563437102.0305042 - INFO - <Event(4-MouseMotion {'pos': (459, 204), 'rel': (-3, 2), 'buttons': (0, 0, 0), 'window': None})>
2019-07-18 09:05:11,708 - BDM-WAM 1563437102.0305042 - INFO - <Event(4-MouseMotion {'pos': (458, 208), 'rel': (-1, 4), 'buttons': (0, 0, 0), 'window': None})>
2019-07-18 09:05:11,732 - BDM-WAM 1563437102.0305042 - INFO - <Event(4-MouseMotion {'pos': (458, 210), 'rel': (0, 2), 'buttons': (0, 0, 0), 'window': None})>
2019-07-18 09:05:11,775 - BDM-WAM 1563437102.0305042 - INFO - <Event(4-MouseMotion {'pos': (453, 210), 'rel': (-5, 0), 'buttons': (0, 0, 0), 'window': None})>
2019-07-18 09:05:11,789 - BDM-WAM 1563437102.0305042 - INFO - <Event(4-MouseMotion {'pos': (442, 206), 'rel': (-11, -4), 'buttons': (0, 0, 0), 'window': None})>
2019-07-18 09:05:11,805 - BDM-WAM 1563437102.0305042 - INFO - <Event(4-MouseMotion {'pos': (421, 197), 'rel': (-21, -9), 'buttons': (0, 0, 0), 'window': None})>
2019-07-18 09:05:11,823 - BDM-WAM 1563437102.0305042 - INFO - <Event(4-MouseMotion {'pos': (381, 177), 'rel': (-40, -20), 'buttons': (0, 0, 0), 'window': None})>
2019-07-18 09:05:11,839 - BDM-WAM 1563437102.0305042 - INFO - <Event(4-MouseMotion {'pos': (340, 154), 'rel': (-41, -23), 'buttons': (0, 0, 0), 'window': None})>
2019-07-18 09:05:11,857 - BDM-WAM 1563437102.0305042 - INFO - <Event(4-MouseMotion {'pos': (298, 127), 'rel': (-42, -27), 'buttons': (0, 0, 0), 'window': None})>
2019-07-18 09:05:11,873 - BDM-WAM 1563437102.0305042 - INFO - <Event(4-MouseMotion {'pos': (273, 109), 'rel': (-25, -18), 'buttons': (0, 0, 0), 'window': None})>
2019-07-18 09:05:11,890 - BDM-WAM 1563437102.0305042 - INFO - <Event(4-MouseMotion {'pos': (254, 95), 'rel': (-19, -14), 'buttons': (0, 0, 0), 'window': None})>
2019-07-18 09:05:11,907 - BDM-WAM 1563437102.0305042 - INFO - <Event(4-MouseMotion {'pos': (248, 89), 'rel': (-6, -6), 'buttons': (0, 0, 0), 'window': None})>
2019-07-18 09:05:11,923 - BDM-WAM 1563437102.0305042 - INFO - <Event(4-MouseMotion {'pos': (245, 85), 'rel': (-3, -4), 'buttons': (0, 0, 0), 'window': None})>
2019-07-18 09:05:11,940 - BDM-WAM 1563437102.0305042 - INFO - <Event(4-MouseMotion {'pos': (243, 82), 'rel': (-2, -3), 'buttons': (0, 0, 0), 'window': None})>
2019-07-18 09:05:11,956 - BDM-WAM 1563437102.0305042 - INFO - <Event(4-MouseMotion {'pos': (241, 81), 'rel': (-2, -1), 'buttons': (0, 0, 0), 'window': None})>
2019-07-18 09:05:11,973 - BDM-WAM 1563437102.0305042 - INFO - <Event(4-MouseMotion {'pos': (238, 80), 'rel': (-3, -1), 'buttons': (0, 0, 0), 'window': None})>
2019-07-18 09:05:11,991 - BDM-WAM 1563437102.0305042 - INFO - <Event(4-MouseMotion {'pos': (234, 79), 'rel': (-4, -1), 'buttons': (0, 0, 0), 'window': None})>
2019-07-18 09:05:12,007 - BDM-WAM 1563437102.0305042 - INFO - <Event(4-MouseMotion {'pos': (228, 79), 'rel': (-6, 0), 'buttons': (0, 0, 0), 'window': None})>
2019-07-18 09:05:12,023 - BDM-WAM 1563437102.0305042 - INFO - <Event(4-MouseMotion {'pos': (218, 80), 'rel': (-10, 1), 'buttons': (0, 0, 0), 'window': None})>
2019-07-18 09:05:12,040 - BDM-WAM 1563437102.0305042 - INFO - <Event(4-MouseMotion {'pos': (204, 80), 'rel': (-14, 0), 'buttons': (0, 0, 0), 'window': None})>
2019-07-18 09:05:12,056 - BDM-WAM 1563437102.0305042 - INFO - <Event(4-MouseMotion {'pos': (191, 81), 'rel': (-13, 1), 'buttons': (0, 0, 0), 'window': None})>
2019-07-18 09:05:12,072 - BDM-WAM 1563437102.0305042 - INFO - <Event(4-MouseMotion {'pos': (182, 82), 'rel': (-9, 1), 'buttons': (0, 0, 0), 'window': None})>
2019-07-18 09:05:12,089 - BDM-WAM 1563437102.0305042 - INFO - <Event(4-MouseMotion {'pos': (176, 82), 'rel': (-6, 0), 'buttons': (0, 0, 0), 'window': None})>
2019-07-18 09:05:12,106 - BDM-WAM 1563437102.0305042 - INFO - <Event(4-MouseMotion {'pos': (172, 82), 'rel': (-4, 0), 'buttons': (0, 0, 0), 'window': None})>
2019-07-18 09:05:12,122 - BDM-WAM 1563437102.0305042 - INFO - <Event(4-MouseMotion {'pos': (171, 82), 'rel': (-1, 0), 'buttons': (0, 0, 0), 'window': None})>
2019-07-18 09:05:12,172 - BDM-WAM 1563437102.0305042 - INFO - <Event(4-MouseMotion {'pos': (170, 82), 'rel': (-1, 0), 'buttons': (0, 0, 0), 'window': None})>
2019-07-18 09:05:12,189 - BDM-WAM 1563437102.0305042 - INFO - <Event(4-MouseMotion {'pos': (166, 83), 'rel': (-4, 1), 'buttons': (0, 0, 0), 'window': None})>
2019-07-18 09:05:12,206 - BDM-WAM 1563437102.0305042 - INFO - <Event(4-MouseMotion {'pos': (162, 83), 'rel': (-4, 0), 'buttons': (0, 0, 0), 'window': None})>
2019-07-18 09:05:12,222 - BDM-WAM 1563437102.0305042 - INFO - <Event(4-MouseMotion {'pos': (159, 83), 'rel': (-3, 0), 'buttons': (0, 0, 0), 'window': None})>
2019-07-18 09:05:12,238 - BDM-WAM 1563437102.0305042 - INFO - <Event(4-MouseMotion {'pos': (157, 84), 'rel': (-2, 1), 'buttons': (0, 0, 0), 'window': None})>
2019-07-18 09:05:12,256 - BDM-WAM 1563437102.0305042 - INFO - <Event(4-MouseMotion {'pos': (154, 84), 'rel': (-3, 0), 'buttons': (0, 0, 0), 'window': None})>
2019-07-18 09:05:12,272 - BDM-WAM 1563437102.0305042 - INFO - <Event(4-MouseMotion {'pos': (151, 85), 'rel': (-3, 1), 'buttons': (0, 0, 0), 'window': None})>
2019-07-18 09:05:12,288 - BDM-WAM 1563437102.0305042 - INFO - <Event(4-MouseMotion {'pos': (150, 85), 'rel': (-1, 0), 'buttons': (0, 0, 0), 'window': None})>
2019-07-18 09:05:12,305 - BDM-WAM 1563437102.0305042 - INFO - <Event(4-MouseMotion {'pos': (149, 85), 'rel': (-1, 0), 'buttons': (0, 0, 0), 'window': None})>
2019-07-18 09:05:12,322 - BDM-WAM 1563437102.0305042 - INFO - <Event(5-MouseButtonDown {'pos': (149, 85), 'button': 1, 'window': None})>
2019-07-18 09:05:12,323 - BDM-WAM 1563437102.0305042 - INFO - <Event(9.1-True Hit {'pos': (149,85), 'window': None})>
