2019-07-17 15:27:55,416 - BDM-WAM 1563373673.1892061 - INFO - <Event(17-VideoExpose {})>
2019-07-17 15:27:58,262 - BDM-WAM 1563373673.1892061 - INFO - <Event(16-VideoResize {'size': (800, 600), 'w': 800, 'h': 600})>
2019-07-17 15:27:58,263 - BDM-WAM 1563373673.1892061 - INFO - <Event(1-ActiveEvent {'gain': 0, 'state': 1})>
2019-07-17 15:27:58,263 - BDM-WAM 1563373673.1892061 - INFO - <Event(4-MouseMotion {'pos': (567, 432), 'rel': (568, 433), 'buttons': (0, 0, 0), 'window': None})>
2019-07-17 15:27:58,263 - BDM-WAM 1563373673.1892061 - INFO - <Event(1-ActiveEvent {'gain': 1, 'state': 1})>
2019-07-17 15:27:58,271 - BDM-WAM 1563373673.1892061 - INFO - <Event(4-MouseMotion {'pos': (430, 320), 'rel': (-137, -112), 'buttons': (0, 0, 0), 'window': None})>
2019-07-17 15:27:58,355 - BDM-WAM 1563373673.1892061 - INFO - <Event(3-KeyUp {'key': 99, 'mod': 0, 'scancode': 46, 'window': None})>
2019-07-17 15:27:58,900 - BDM-WAM 1563373673.1892061 - INFO - <Event(4-MouseMotion {'pos': (492, 444), 'rel': (0, -22), 'buttons': (0, 0, 0), 'window': None})>
2019-07-17 15:27:58,917 - BDM-WAM 1563373673.1892061 - INFO - <Event(4-MouseMotion {'pos': (491, 362), 'rel': (-1, -82), 'buttons': (0, 0, 0), 'window': None})>
2019-07-17 15:27:58,934 - BDM-WAM 1563373673.1892061 - INFO - <Event(4-MouseMotion {'pos': (489, 293), 'rel': (-2, -69), 'buttons': (0, 0, 0), 'window': None})>
2019-07-17 15:27:58,950 - BDM-WAM 1563373673.1892061 - INFO - <Event(4-MouseMotion {'pos': (484, 252), 'rel': (-5, -41), 'buttons': (0, 0, 0), 'window': None})>
2019-07-17 15:27:58,969 - BDM-WAM 1563373673.1892061 - INFO - <Event(4-MouseMotion {'pos': (480, 232), 'rel': (-4, -20), 'buttons': (0, 0, 0), 'window': None})>
2019-07-17 15:27:58,984 - BDM-WAM 1563373673.1892061 - INFO - <Event(4-MouseMotion {'pos': (478, 227), 'rel': (-2, -5), 'buttons': (0, 0, 0), 'window': None})>
2019-07-17 15:27:59,000 - BDM-WAM 1563373673.1892061 - INFO - <Event(4-MouseMotion {'pos': (476, 225), 'rel': (-2, -2), 'buttons': (0, 0, 0), 'window': None})>
2019-07-17 15:27:59,018 - BDM-WAM 1563373673.1892061 - INFO - <Event(4-MouseMotion {'pos': (474, 224), 'rel': (-2, -1), 'buttons': (0, 0, 0), 'window': None})>
2019-07-17 15:27:59,034 - BDM-WAM 1563373673.1892061 - INFO - <Event(4-MouseMotion {'pos': (472, 223), 'rel': (-2, -1), 'buttons': (0, 0, 0), 'window': None})>
2019-07-17 15:27:59,050 - BDM-WAM 1563373673.1892061 - INFO - <Event(4-MouseMotion {'pos': (471, 223), 'rel': (-1, 0), 'buttons': (0, 0, 0), 'window': None})>
2019-07-17 15:27:59,068 - BDM-WAM 1563373673.1892061 - INFO - <Event(4-MouseMotion {'pos': (469, 223), 'rel': (-2, 0), 'buttons': (0, 0, 0), 'window': None})>
2019-07-17 15:27:59,083 - BDM-WAM 1563373673.1892061 - INFO - <Event(4-MouseMotion {'pos': (468, 223), 'rel': (-1, 0), 'buttons': (0, 0, 0), 'window': None})>
2019-07-17 15:27:59,100 - BDM-WAM 1563373673.1892061 - INFO - <Event(4-MouseMotion {'pos': (467, 223), 'rel': (-1, 0), 'buttons': (0, 0, 0), 'window': None})>
2019-07-17 15:27:59,116 - BDM-WAM 1563373673.1892061 - INFO - <Event(4-MouseMotion {'pos': (466, 223), 'rel': (-1, 0), 'buttons': (0, 0, 0), 'window': None})>
2019-07-17 15:27:59,151 - BDM-WAM 1563373673.1892061 - INFO - <Event(4-MouseMotion {'pos': (466, 221), 'rel': (0, -2), 'buttons': (0, 0, 0), 'window': None})>
2019-07-17 15:27:59,169 - BDM-WAM 1563373673.1892061 - INFO - <Event(4-MouseMotion {'pos': (467, 215), 'rel': (1, -6), 'buttons': (0, 0, 0), 'window': None})>
2019-07-17 15:27:59,185 - BDM-WAM 1563373673.1892061 - INFO - <Event(4-MouseMotion {'pos': (471, 205), 'rel': (4, -10), 'buttons': (0, 0, 0), 'window': None})>
2019-07-17 15:27:59,201 - BDM-WAM 1563373673.1892061 - INFO - <Event(4-MouseMotion {'pos': (478, 194), 'rel': (7, -11), 'buttons': (0, 0, 0), 'window': None})>
2019-07-17 15:27:59,218 - BDM-WAM 1563373673.1892061 - INFO - <Event(4-MouseMotion {'pos': (482, 187), 'rel': (4, -7), 'buttons': (0, 0, 0), 'window': None})>
2019-07-17 15:27:59,237 - BDM-WAM 1563373673.1892061 - INFO - <Event(4-MouseMotion {'pos': (487, 181), 'rel': (5, -6), 'buttons': (0, 0, 0), 'window': None})>
2019-07-17 15:27:59,253 - BDM-WAM 1563373673.1892061 - INFO - <Event(4-MouseMotion {'pos': (494, 176), 'rel': (7, -5), 'buttons': (0, 0, 0), 'window': None})>
2019-07-17 15:27:59,268 - BDM-WAM 1563373673.1892061 - INFO - <Event(4-MouseMotion {'pos': (498, 173), 'rel': (4, -3), 'buttons': (0, 0, 0), 'window': None})>
2019-07-17 15:27:59,284 - BDM-WAM 1563373673.1892061 - INFO - <Event(4-MouseMotion {'pos': (501, 172), 'rel': (3, -1), 'buttons': (0, 0, 0), 'window': None})>
2019-07-17 15:27:59,301 - BDM-WAM 1563373673.1892061 - INFO - <Event(4-MouseMotion {'pos': (504, 171), 'rel': (3, -1), 'buttons': (0, 0, 0), 'window': None})>
2019-07-17 15:27:59,317 - BDM-WAM 1563373673.1892061 - INFO - <Event(4-MouseMotion {'pos': (506, 168), 'rel': (2, -3), 'buttons': (0, 0, 0), 'window': None})>
2019-07-17 15:27:59,336 - BDM-WAM 1563373673.1892061 - INFO - <Event(4-MouseMotion {'pos': (507, 167), 'rel': (1, -1), 'buttons': (0, 0, 0), 'window': None})>
2019-07-17 15:27:59,434 - BDM-WAM 1563373673.1892061 - INFO - <Event(5-MouseButtonDown {'pos': (507, 167), 'button': 1, 'window': None})>
2019-07-17 15:27:59,435 - BDM-WAM 1563373673.1892061 - INFO - <Event(9.2-Fake Miss {'pos': (507,167), 'window': None})>
2019-07-17 15:27:59,586 - BDM-WAM 1563373673.1892061 - INFO - <Event(6-MouseButtonUp {'pos': (507, 167), 'button': 1, 'window': None})>
2019-07-17 15:28:00,324 - BDM-WAM 1563373673.1892061 - INFO - <Event(4-MouseMotion {'pos': (507, 177), 'rel': (0, 10), 'buttons': (0, 0, 0), 'window': None})>
2019-07-17 15:28:00,344 - BDM-WAM 1563373673.1892061 - INFO - <Event(4-MouseMotion {'pos': (509, 186), 'rel': (2, 9), 'buttons': (0, 0, 0), 'window': None})>
2019-07-17 15:28:00,360 - BDM-WAM 1563373673.1892061 - INFO - <Event(4-MouseMotion {'pos': (511, 191), 'rel': (2, 5), 'buttons': (0, 0, 0), 'window': None})>
2019-07-17 15:28:00,376 - BDM-WAM 1563373673.1892061 - INFO - <Event(4-MouseMotion {'pos': (513, 196), 'rel': (2, 5), 'buttons': (0, 0, 0), 'window': None})>
2019-07-17 15:28:00,447 - BDM-WAM 1563373673.1892061 - INFO - <Event(4-MouseMotion {'pos': (523, 219), 'rel': (10, 23), 'buttons': (0, 0, 0), 'window': None})>
2019-07-17 15:28:00,467 - BDM-WAM 1563373673.1892061 - INFO - <Event(4-MouseMotion {'pos': (525, 221), 'rel': (2, 2), 'buttons': (0, 0, 0), 'window': None})>
2019-07-17 15:28:00,482 - BDM-WAM 1563373673.1892061 - INFO - <Event(4-MouseMotion {'pos': (526, 223), 'rel': (1, 2), 'buttons': (0, 0, 0), 'window': None})>
2019-07-17 15:28:00,549 - BDM-WAM 1563373673.1892061 - INFO - <Event(4-MouseMotion {'pos': (538, 232), 'rel': (12, 9), 'buttons': (0, 0, 0), 'window': None})>
2019-07-17 15:28:00,553 - BDM-WAM 1563373673.1892061 - INFO - <Event(4-MouseMotion {'pos': (540, 235), 'rel': (2, 3), 'buttons': (0, 0, 0), 'window': None})>
2019-07-17 15:28:00,569 - BDM-WAM 1563373673.1892061 - INFO - <Event(4-MouseMotion {'pos': (545, 239), 'rel': (5, 4), 'buttons': (0, 0, 0), 'window': None})>
2019-07-17 15:28:00,585 - BDM-WAM 1563373673.1892061 - INFO - <Event(4-MouseMotion {'pos': (547, 246), 'rel': (2, 7), 'buttons': (0, 0, 0), 'window': None})>
2019-07-17 15:28:00,601 - BDM-WAM 1563373673.1892061 - INFO - <Event(4-MouseMotion {'pos': (548, 252), 'rel': (1, 6), 'buttons': (0, 0, 0), 'window': None})>
2019-07-17 15:28:00,620 - BDM-WAM 1563373673.1892061 - INFO - <Event(4-MouseMotion {'pos': (538, 261), 'rel': (-10, 9), 'buttons': (0, 0, 0), 'window': None})>
2019-07-17 15:28:00,636 - BDM-WAM 1563373673.1892061 - INFO - <Event(4-MouseMotion {'pos': (450, 275), 'rel': (-88, 14), 'buttons': (0, 0, 0), 'window': None})>
2019-07-17 15:28:00,651 - BDM-WAM 1563373673.1892061 - INFO - <Event(4-MouseMotion {'pos': (373, 267), 'rel': (-77, -8), 'buttons': (0, 0, 0), 'window': None})>
2019-07-17 15:28:00,666 - BDM-WAM 1563373673.1892061 - INFO - <Event(4-MouseMotion {'pos': (312, 253), 'rel': (-61, -14), 'buttons': (0, 0, 0), 'window': None})>
2019-07-17 15:28:00,682 - BDM-WAM 1563373673.1892061 - INFO - <Event(4-MouseMotion {'pos': (271, 239), 'rel': (-41, -14), 'buttons': (0, 0, 0), 'window': None})>
2019-07-17 15:28:00,697 - BDM-WAM 1563373673.1892061 - INFO - <Event(4-MouseMotion {'pos': (246, 228), 'rel': (-25, -11), 'buttons': (0, 0, 0), 'window': None})>
2019-07-17 15:28:00,713 - BDM-WAM 1563373673.1892061 - INFO - <Event(4-MouseMotion {'pos': (232, 221), 'rel': (-14, -7), 'buttons': (0, 0, 0), 'window': None})>
2019-07-17 15:28:00,731 - BDM-WAM 1563373673.1892061 - INFO - <Event(4-MouseMotion {'pos': (225, 216), 'rel': (-7, -5), 'buttons': (0, 0, 0), 'window': None})>
2019-07-17 15:28:00,750 - BDM-WAM 1563373673.1892061 - INFO - <Event(4-MouseMotion {'pos': (223, 215), 'rel': (-2, -1), 'buttons': (0, 0, 0), 'window': None})>
2019-07-17 15:28:00,767 - BDM-WAM 1563373673.1892061 - INFO - <Event(4-MouseMotion {'pos': (220, 212), 'rel': (-3, -3), 'buttons': (0, 0, 0), 'window': None})>
2019-07-17 15:28:00,781 - BDM-WAM 1563373673.1892061 - INFO - <Event(4-MouseMotion {'pos': (219, 211), 'rel': (-1, -1), 'buttons': (0, 0, 0), 'window': None})>
2019-07-17 15:28:00,798 - BDM-WAM 1563373673.1892061 - INFO - <Event(4-MouseMotion {'pos': (219, 210), 'rel': (0, -1), 'buttons': (0, 0, 0), 'window': None})>
2019-07-17 15:28:00,815 - BDM-WAM 1563373673.1892061 - INFO - <Event(4-MouseMotion {'pos': (219, 209), 'rel': (0, -1), 'buttons': (0, 0, 0), 'window': None})>
2019-07-17 15:28:00,833 - BDM-WAM 1563373673.1892061 - INFO - <Event(4-MouseMotion {'pos': (219, 208), 'rel': (0, -1), 'buttons': (0, 0, 0), 'window': None})>
2019-07-17 15:28:00,851 - BDM-WAM 1563373673.1892061 - INFO - <Event(4-MouseMotion {'pos': (219, 207), 'rel': (0, -1), 'buttons': (0, 0, 0), 'window': None})>
2019-07-17 15:28:00,965 - BDM-WAM 1563373673.1892061 - INFO - <Event(4-MouseMotion {'pos': (218, 206), 'rel': (-1, -1), 'buttons': (0, 0, 0), 'window': None})>
2019-07-17 15:28:00,981 - BDM-WAM 1563373673.1892061 - INFO - <Event(4-MouseMotion {'pos': (218, 205), 'rel': (0, -1), 'buttons': (0, 0, 0), 'window': None})>
2019-07-17 15:28:00,998 - BDM-WAM 1563373673.1892061 - INFO - <Event(4-MouseMotion {'pos': (217, 204), 'rel': (-1, -1), 'buttons': (0, 0, 0), 'window': None})>
2019-07-17 15:28:01,017 - BDM-WAM 1563373673.1892061 - INFO - <Event(4-MouseMotion {'pos': (217, 203), 'rel': (0, -1), 'buttons': (0, 0, 0), 'window': None})>
2019-07-17 15:28:01,035 - BDM-WAM 1563373673.1892061 - INFO - <Event(5-MouseButtonDown {'pos': (217, 203), 'button': 1, 'window': None})>
2019-07-17 15:28:01,037 - BDM-WAM 1563373673.1892061 - INFO - <Event(9.1-True Hit {'pos': (217,203), 'window': None})>
2019-07-17 15:28:01,123 - BDM-WAM 1563373673.1892061 - INFO - <Event(6-MouseButtonUp {'pos': (217, 203), 'button': 1, 'window': None})>
2019-07-17 15:28:01,826 - BDM-WAM 1563373673.1892061 - INFO - <Event(4-MouseMotion {'pos': (218, 203), 'rel': (1, 0), 'buttons': (0, 0, 0), 'window': None})>
2019-07-17 15:28:01,843 - BDM-WAM 1563373673.1892061 - INFO - <Event(4-MouseMotion {'pos': (218, 204), 'rel': (0, 1), 'buttons': (0, 0, 0), 'window': None})>
2019-07-17 15:28:01,863 - BDM-WAM 1563373673.1892061 - INFO - <Event(4-MouseMotion {'pos': (220, 206), 'rel': (2, 2), 'buttons': (0, 0, 0), 'window': None})>
2019-07-17 15:28:01,880 - BDM-WAM 1563373673.1892061 - INFO - <Event(4-MouseMotion {'pos': (222, 207), 'rel': (2, 1), 'buttons': (0, 0, 0), 'window': None})>
2019-07-17 15:28:01,895 - BDM-WAM 1563373673.1892061 - INFO - <Event(4-MouseMotion {'pos': (225, 207), 'rel': (3, 0), 'buttons': (0, 0, 0), 'window': None})>
2019-07-17 15:28:01,911 - BDM-WAM 1563373673.1892061 - INFO - <Event(4-MouseMotion {'pos': (227, 208), 'rel': (2, 1), 'buttons': (0, 0, 0), 'window': None})>
2019-07-17 15:28:01,927 - BDM-WAM 1563373673.1892061 - INFO - <Event(4-MouseMotion {'pos': (228, 209), 'rel': (1, 1), 'buttons': (0, 0, 0), 'window': None})>
2019-07-17 15:28:01,944 - BDM-WAM 1563373673.1892061 - INFO - <Event(4-MouseMotion {'pos': (230, 210), 'rel': (2, 1), 'buttons': (0, 0, 0), 'window': None})>
2019-07-17 15:28:01,979 - BDM-WAM 1563373673.1892061 - INFO - <Event(4-MouseMotion {'pos': (233, 213), 'rel': (3, 3), 'buttons': (0, 0, 0), 'window': None})>
2019-07-17 15:28:01,996 - BDM-WAM 1563373673.1892061 - INFO - <Event(4-MouseMotion {'pos': (234, 213), 'rel': (1, 0), 'buttons': (0, 0, 0), 'window': None})>
2019-07-17 15:28:02,029 - BDM-WAM 1563373673.1892061 - INFO - <Event(4-MouseMotion {'pos': (237, 213), 'rel': (3, 0), 'buttons': (0, 0, 0), 'window': None})>
2019-07-17 15:28:02,046 - BDM-WAM 1563373673.1892061 - INFO - <Event(4-MouseMotion {'pos': (241, 213), 'rel': (4, 0), 'buttons': (0, 0, 0), 'window': None})>
2019-07-17 15:28:02,080 - BDM-WAM 1563373673.1892061 - INFO - <Event(4-MouseMotion {'pos': (250, 211), 'rel': (9, -2), 'buttons': (0, 0, 0), 'window': None})>
2019-07-17 15:28:02,097 - BDM-WAM 1563373673.1892061 - INFO - <Event(4-MouseMotion {'pos': (257, 211), 'rel': (7, 0), 'buttons': (0, 0, 0), 'window': None})>
2019-07-17 15:28:02,114 - BDM-WAM 1563373673.1892061 - INFO - <Event(4-MouseMotion {'pos': (266, 210), 'rel': (9, -1), 'buttons': (0, 0, 0), 'window': None})>
2019-07-17 15:28:02,133 - BDM-WAM 1563373673.1892061 - INFO - <Event(4-MouseMotion {'pos': (281, 210), 'rel': (15, 0), 'buttons': (0, 0, 0), 'window': None})>
2019-07-17 15:28:02,148 - BDM-WAM 1563373673.1892061 - INFO - <Event(4-MouseMotion {'pos': (292, 210), 'rel': (11, 0), 'buttons': (0, 0, 0), 'window': None})>
2019-07-17 15:28:02,256 - BDM-WAM 1563373673.1892061 - INFO - <Event(4-MouseMotion {'pos': (421, 197), 'rel': (129, -13), 'buttons': (0, 0, 0), 'window': None})>
2019-07-17 15:28:02,288 - BDM-WAM 1563373673.1892061 - INFO - <Event(4-MouseMotion {'pos': (446, 201), 'rel': (25, 4), 'buttons': (0, 0, 0), 'window': None})>
2019-07-17 15:28:02,302 - BDM-WAM 1563373673.1892061 - INFO - <Event(4-MouseMotion {'pos': (457, 205), 'rel': (11, 4), 'buttons': (0, 0, 0), 'window': None})>
2019-07-17 15:28:02,317 - BDM-WAM 1563373673.1892061 - INFO - <Event(4-MouseMotion {'pos': (466, 214), 'rel': (9, 9), 'buttons': (0, 0, 0), 'window': None})>
2019-07-17 15:28:02,333 - BDM-WAM 1563373673.1892061 - INFO - <Event(4-MouseMotion {'pos': (474, 230), 'rel': (8, 16), 'buttons': (0, 0, 0), 'window': None})>
2019-07-17 15:28:02,350 - BDM-WAM 1563373673.1892061 - INFO - <Event(4-MouseMotion {'pos': (482, 259), 'rel': (8, 29), 'buttons': (0, 0, 0), 'window': None})>
2019-07-17 15:28:02,366 - BDM-WAM 1563373673.1892061 - INFO - <Event(4-MouseMotion {'pos': (486, 279), 'rel': (4, 20), 'buttons': (0, 0, 0), 'window': None})>
2019-07-17 15:28:02,384 - BDM-WAM 1563373673.1892061 - INFO - <Event(4-MouseMotion {'pos': (486, 299), 'rel': (0, 20), 'buttons': (0, 0, 0), 'window': None})>
2019-07-17 15:28:02,401 - BDM-WAM 1563373673.1892061 - INFO - <Event(4-MouseMotion {'pos': (486, 308), 'rel': (0, 9), 'buttons': (0, 0, 0), 'window': None})>
2019-07-17 15:28:02,417 - BDM-WAM 1563373673.1892061 - INFO - <Event(4-MouseMotion {'pos': (486, 314), 'rel': (0, 6), 'buttons': (0, 0, 0), 'window': None})>
2019-07-17 15:28:02,434 - BDM-WAM 1563373673.1892061 - INFO - <Event(4-MouseMotion {'pos': (485, 321), 'rel': (-1, 7), 'buttons': (0, 0, 0), 'window': None})>
2019-07-17 15:28:02,450 - BDM-WAM 1563373673.1892061 - INFO - <Event(4-MouseMotion {'pos': (483, 324), 'rel': (-2, 3), 'buttons': (0, 0, 0), 'window': None})>
2019-07-17 15:28:02,467 - BDM-WAM 1563373673.1892061 - INFO - <Event(4-MouseMotion {'pos': (483, 326), 'rel': (0, 2), 'buttons': (0, 0, 0), 'window': None})>
2019-07-17 15:28:02,486 - BDM-WAM 1563373673.1892061 - INFO - <Event(4-MouseMotion {'pos': (483, 327), 'rel': (0, 1), 'buttons': (0, 0, 0), 'window': None})>
2019-07-17 15:28:02,501 - BDM-WAM 1563373673.1892061 - INFO - <Event(4-MouseMotion {'pos': (483, 328), 'rel': (0, 1), 'buttons': (0, 0, 0), 'window': None})>
2019-07-17 15:28:02,518 - BDM-WAM 1563373673.1892061 - INFO - <Event(4-MouseMotion {'pos': (483, 330), 'rel': (0, 2), 'buttons': (0, 0, 0), 'window': None})>
2019-07-17 15:28:02,535 - BDM-WAM 1563373673.1892061 - INFO - <Event(4-MouseMotion {'pos': (483, 331), 'rel': (0, 1), 'buttons': (0, 0, 0), 'window': None})>
2019-07-17 15:28:02,571 - BDM-WAM 1563373673.1892061 - INFO - <Event(4-MouseMotion {'pos': (483, 332), 'rel': (0, 1), 'buttons': (0, 0, 0), 'window': None})>
2019-07-17 15:28:02,587 - BDM-WAM 1563373673.1892061 - INFO - <Event(4-MouseMotion {'pos': (482, 333), 'rel': (-1, 1), 'buttons': (0, 0, 0), 'window': None})>
2019-07-17 15:28:02,602 - BDM-WAM 1563373673.1892061 - INFO - <Event(4-MouseMotion {'pos': (481, 335), 'rel': (-1, 2), 'buttons': (0, 0, 0), 'window': None})>
2019-07-17 15:28:02,619 - BDM-WAM 1563373673.1892061 - INFO - <Event(4-MouseMotion {'pos': (477, 337), 'rel': (-4, 2), 'buttons': (0, 0, 0), 'window': None})>
2019-07-17 15:28:02,636 - BDM-WAM 1563373673.1892061 - INFO - <Event(4-MouseMotion {'pos': (472, 339), 'rel': (-5, 2), 'buttons': (0, 0, 0), 'window': None})>
2019-07-17 15:28:02,653 - BDM-WAM 1563373673.1892061 - INFO - <Event(4-MouseMotion {'pos': (466, 341), 'rel': (-6, 2), 'buttons': (0, 0, 0), 'window': None})>
2019-07-17 15:28:02,671 - BDM-WAM 1563373673.1892061 - INFO - <Event(4-MouseMotion {'pos': (457, 343), 'rel': (-9, 2), 'buttons': (0, 0, 0), 'window': None})>
2019-07-17 15:28:02,687 - BDM-WAM 1563373673.1892061 - INFO - <Event(4-MouseMotion {'pos': (450, 343), 'rel': (-7, 0), 'buttons': (0, 0, 0), 'window': None})>
2019-07-17 15:28:02,701 - BDM-WAM 1563373673.1892061 - INFO - <Event(4-MouseMotion {'pos': (446, 343), 'rel': (-4, 0), 'buttons': (0, 0, 0), 'window': None})>
2019-07-17 15:28:02,717 - BDM-WAM 1563373673.1892061 - INFO - <Event(4-MouseMotion {'pos': (443, 343), 'rel': (-3, 0), 'buttons': (0, 0, 0), 'window': None})>
2019-07-17 15:28:02,733 - BDM-WAM 1563373673.1892061 - INFO - <Event(4-MouseMotion {'pos': (440, 343), 'rel': (-3, 0), 'buttons': (0, 0, 0), 'window': None})>
2019-07-17 15:28:02,749 - BDM-WAM 1563373673.1892061 - INFO - <Event(4-MouseMotion {'pos': (437, 342), 'rel': (-3, -1), 'buttons': (0, 0, 0), 'window': None})>
2019-07-17 15:28:02,766 - BDM-WAM 1563373673.1892061 - INFO - <Event(4-MouseMotion {'pos': (434, 340), 'rel': (-3, -2), 'buttons': (0, 0, 0), 'window': None})>
2019-07-17 15:28:02,784 - BDM-WAM 1563373673.1892061 - INFO - <Event(4-MouseMotion {'pos': (429, 338), 'rel': (-5, -2), 'buttons': (0, 0, 0), 'window': None})>
2019-07-17 15:28:02,884 - BDM-WAM 1563373673.1892061 - INFO - <Event(5-MouseButtonDown {'pos': (429, 338), 'button': 1, 'window': None})>
2019-07-17 15:28:02,885 - BDM-WAM 1563373673.1892061 - INFO - <Event(9.1-True Hit {'pos': (429,338), 'window': None})>
2019-07-17 15:28:03,008 - BDM-WAM 1563373673.1892061 - INFO - <Event(6-MouseButtonUp {'pos': (429, 338), 'button': 1, 'window': None})>
2019-07-17 15:28:03,630 - BDM-WAM 1563373673.1892061 - INFO - <Event(4-MouseMotion {'pos': (426, 336), 'rel': (-3, -2), 'buttons': (0, 0, 0), 'window': None})>
2019-07-17 15:28:03,644 - BDM-WAM 1563373673.1892061 - INFO - <Event(4-MouseMotion {'pos': (418, 333), 'rel': (-8, -3), 'buttons': (0, 0, 0), 'window': None})>
2019-07-17 15:28:03,662 - BDM-WAM 1563373673.1892061 - INFO - <Event(4-MouseMotion {'pos': (407, 328), 'rel': (-11, -5), 'buttons': (0, 0, 0), 'window': None})>
2019-07-17 15:28:03,677 - BDM-WAM 1563373673.1892061 - INFO - <Event(4-MouseMotion {'pos': (401, 324), 'rel': (-6, -4), 'buttons': (0, 0, 0), 'window': None})>
2019-07-17 15:28:03,693 - BDM-WAM 1563373673.1892061 - INFO - <Event(4-MouseMotion {'pos': (395, 321), 'rel': (-6, -3), 'buttons': (0, 0, 0), 'window': None})>
2019-07-17 15:28:03,710 - BDM-WAM 1563373673.1892061 - INFO - <Event(4-MouseMotion {'pos': (392, 319), 'rel': (-3, -2), 'buttons': (0, 0, 0), 'window': None})>
2019-07-17 15:28:03,731 - BDM-WAM 1563373673.1892061 - INFO - <Event(4-MouseMotion {'pos': (386, 315), 'rel': (-6, -4), 'buttons': (0, 0, 0), 'window': None})>
2019-07-17 15:28:03,746 - BDM-WAM 1563373673.1892061 - INFO - <Event(4-MouseMotion {'pos': (383, 313), 'rel': (-3, -2), 'buttons': (0, 0, 0), 'window': None})>
2019-07-17 15:28:03,761 - BDM-WAM 1563373673.1892061 - INFO - <Event(4-MouseMotion {'pos': (380, 310), 'rel': (-3, -3), 'buttons': (0, 0, 0), 'window': None})>
2019-07-17 15:28:03,777 - BDM-WAM 1563373673.1892061 - INFO - <Event(4-MouseMotion {'pos': (377, 307), 'rel': (-3, -3), 'buttons': (0, 0, 0), 'window': None})>
2019-07-17 15:28:03,793 - BDM-WAM 1563373673.1892061 - INFO - <Event(4-MouseMotion {'pos': (374, 303), 'rel': (-3, -4), 'buttons': (0, 0, 0), 'window': None})>
2019-07-17 15:28:03,885 - BDM-WAM 1563373673.1892061 - INFO - <Event(4-MouseMotion {'pos': (338, 275), 'rel': (-36, -28), 'buttons': (0, 0, 0), 'window': None})>
2019-07-17 15:28:03,907 - BDM-WAM 1563373673.1892061 - INFO - <Event(4-MouseMotion {'pos': (322, 267), 'rel': (-16, -8), 'buttons': (0, 0, 0), 'window': None})>
2019-07-17 15:28:03,985 - BDM-WAM 1563373673.1892061 - INFO - <Event(4-MouseMotion {'pos': (283, 249), 'rel': (-39, -18), 'buttons': (0, 0, 0), 'window': None})>
2019-07-17 15:28:04,006 - BDM-WAM 1563373673.1892061 - INFO - <Event(4-MouseMotion {'pos': (278, 246), 'rel': (-5, -3), 'buttons': (0, 0, 0), 'window': None})>
2019-07-17 15:28:04,022 - BDM-WAM 1563373673.1892061 - INFO - <Event(4-MouseMotion {'pos': (275, 245), 'rel': (-3, -1), 'buttons': (0, 0, 0), 'window': None})>
2019-07-17 15:28:04,106 - BDM-WAM 1563373673.1892061 - INFO - <Event(4-MouseMotion {'pos': (270, 240), 'rel': (-5, -5), 'buttons': (0, 0, 0), 'window': None})>
2019-07-17 15:28:04,126 - BDM-WAM 1563373673.1892061 - INFO - <Event(4-MouseMotion {'pos': (269, 237), 'rel': (-1, -3), 'buttons': (0, 0, 0), 'window': None})>
2019-07-17 15:28:04,144 - BDM-WAM 1563373673.1892061 - INFO - <Event(4-MouseMotion {'pos': (269, 233), 'rel': (0, -4), 'buttons': (0, 0, 0), 'window': None})>
2019-07-17 15:28:04,159 - BDM-WAM 1563373673.1892061 - INFO - <Event(4-MouseMotion {'pos': (272, 227), 'rel': (3, -6), 'buttons': (0, 0, 0), 'window': None})>
2019-07-17 15:28:04,176 - BDM-WAM 1563373673.1892061 - INFO - <Event(4-MouseMotion {'pos': (292, 215), 'rel': (20, -12), 'buttons': (0, 0, 0), 'window': None})>
2019-07-17 15:28:04,191 - BDM-WAM 1563373673.1892061 - INFO - <Event(4-MouseMotion {'pos': (338, 206), 'rel': (46, -9), 'buttons': (0, 0, 0), 'window': None})>
2019-07-17 15:28:04,207 - BDM-WAM 1563373673.1892061 - INFO - <Event(4-MouseMotion {'pos': (393, 205), 'rel': (55, -1), 'buttons': (0, 0, 0), 'window': None})>
2019-07-17 15:28:04,223 - BDM-WAM 1563373673.1892061 - INFO - <Event(4-MouseMotion {'pos': (457, 220), 'rel': (64, 15), 'buttons': (0, 0, 0), 'window': None})>
2019-07-17 15:28:04,239 - BDM-WAM 1563373673.1892061 - INFO - <Event(4-MouseMotion {'pos': (507, 237), 'rel': (50, 17), 'buttons': (0, 0, 0), 'window': None})>
2019-07-17 15:28:04,255 - BDM-WAM 1563373673.1892061 - INFO - <Event(4-MouseMotion {'pos': (552, 255), 'rel': (45, 18), 'buttons': (0, 0, 0), 'window': None})>
2019-07-17 15:28:04,274 - BDM-WAM 1563373673.1892061 - INFO - <Event(4-MouseMotion {'pos': (586, 271), 'rel': (34, 16), 'buttons': (0, 0, 0), 'window': None})>
2019-07-17 15:28:04,291 - BDM-WAM 1563373673.1892061 - INFO - <Event(4-MouseMotion {'pos': (622, 284), 'rel': (36, 13), 'buttons': (0, 0, 0), 'window': None})>
2019-07-17 15:28:04,308 - BDM-WAM 1563373673.1892061 - INFO - <Event(4-MouseMotion {'pos': (640, 291), 'rel': (18, 7), 'buttons': (0, 0, 0), 'window': None})>
2019-07-17 15:28:04,324 - BDM-WAM 1563373673.1892061 - INFO - <Event(4-MouseMotion {'pos': (649, 293), 'rel': (9, 2), 'buttons': (0, 0, 0), 'window': None})>
2019-07-17 15:28:04,338 - BDM-WAM 1563373673.1892061 - INFO - <Event(4-MouseMotion {'pos': (655, 294), 'rel': (6, 1), 'buttons': (0, 0, 0), 'window': None})>
2019-07-17 15:28:04,354 - BDM-WAM 1563373673.1892061 - INFO - <Event(4-MouseMotion {'pos': (658, 295), 'rel': (3, 1), 'buttons': (0, 0, 0), 'window': None})>
2019-07-17 15:28:04,373 - BDM-WAM 1563373673.1892061 - INFO - <Event(4-MouseMotion {'pos': (660, 295), 'rel': (2, 0), 'buttons': (0, 0, 0), 'window': None})>
2019-07-17 15:28:04,391 - BDM-WAM 1563373673.1892061 - INFO - <Event(4-MouseMotion {'pos': (663, 295), 'rel': (3, 0), 'buttons': (0, 0, 0), 'window': None})>
2019-07-17 15:28:04,406 - BDM-WAM 1563373673.1892061 - INFO - <Event(4-MouseMotion {'pos': (664, 295), 'rel': (1, 0), 'buttons': (0, 0, 0), 'window': None})>
2019-07-17 15:28:04,421 - BDM-WAM 1563373673.1892061 - INFO - <Event(4-MouseMotion {'pos': (665, 295), 'rel': (1, 0), 'buttons': (0, 0, 0), 'window': None})>
2019-07-17 15:28:04,439 - BDM-WAM 1563373673.1892061 - INFO - <Event(4-MouseMotion {'pos': (666, 295), 'rel': (1, 0), 'buttons': (0, 0, 0), 'window': None})>
2019-07-17 15:28:04,471 - BDM-WAM 1563373673.1892061 - INFO - <Event(4-MouseMotion {'pos': (667, 295), 'rel': (1, 0), 'buttons': (0, 0, 0), 'window': None})>
2019-07-17 15:28:04,492 - BDM-WAM 1563373673.1892061 - INFO - <Event(4-MouseMotion {'pos': (669, 293), 'rel': (2, -2), 'buttons': (0, 0, 0), 'window': None})>
2019-07-17 15:28:04,505 - BDM-WAM 1563373673.1892061 - INFO - <Event(4-MouseMotion {'pos': (669, 292), 'rel': (0, -1), 'buttons': (0, 0, 0), 'window': None})>
2019-07-17 15:28:04,521 - BDM-WAM 1563373673.1892061 - INFO - <Event(4-MouseMotion {'pos': (670, 291), 'rel': (1, -1), 'buttons': (0, 0, 0), 'window': None})>
2019-07-17 15:28:04,538 - BDM-WAM 1563373673.1892061 - INFO - <Event(4-MouseMotion {'pos': (670, 290), 'rel': (0, -1), 'buttons': (0, 0, 0), 'window': None})>
2019-07-17 15:28:04,554 - BDM-WAM 1563373673.1892061 - INFO - <Event(4-MouseMotion {'pos': (671, 288), 'rel': (1, -2), 'buttons': (0, 0, 0), 'window': None})>
2019-07-17 15:28:04,571 - BDM-WAM 1563373673.1892061 - INFO - <Event(4-MouseMotion {'pos': (673, 287), 'rel': (2, -1), 'buttons': (0, 0, 0), 'window': None})>
2019-07-17 15:28:04,589 - BDM-WAM 1563373673.1892061 - INFO - <Event(4-MouseMotion {'pos': (674, 286), 'rel': (1, -1), 'buttons': (0, 0, 0), 'window': None})>
2019-07-17 15:28:04,606 - BDM-WAM 1563373673.1892061 - INFO - <Event(4-MouseMotion {'pos': (675, 285), 'rel': (1, -1), 'buttons': (0, 0, 0), 'window': None})>
2019-07-17 15:28:04,637 - BDM-WAM 1563373673.1892061 - INFO - <Event(4-MouseMotion {'pos': (677, 284), 'rel': (2, -1), 'buttons': (0, 0, 0), 'window': None})>
2019-07-17 15:28:04,735 - BDM-WAM 1563373673.1892061 - INFO - <Event(5-MouseButtonDown {'pos': (677, 284), 'button': 1, 'window': None})>
2019-07-17 15:28:04,737 - BDM-WAM 1563373673.1892061 - INFO - <Event(9.1-True Hit {'pos': (677,284), 'window': None})>
2019-07-17 15:28:04,859 - BDM-WAM 1563373673.1892061 - INFO - <Event(6-MouseButtonUp {'pos': (677, 284), 'button': 1, 'window': None})>
2019-07-17 15:28:05,561 - BDM-WAM 1563373673.1892061 - INFO - <Event(4-MouseMotion {'pos': (677, 285), 'rel': (0, 1), 'buttons': (0, 0, 0), 'window': None})>
2019-07-17 15:28:05,576 - BDM-WAM 1563373673.1892061 - INFO - <Event(4-MouseMotion {'pos': (677, 287), 'rel': (0, 2), 'buttons': (0, 0, 0), 'window': None})>
2019-07-17 15:28:05,597 - BDM-WAM 1563373673.1892061 - INFO - <Event(4-MouseMotion {'pos': (676, 290), 'rel': (-1, 3), 'buttons': (0, 0, 0), 'window': None})>
2019-07-17 15:28:05,610 - BDM-WAM 1563373673.1892061 - INFO - <Event(4-MouseMotion {'pos': (673, 293), 'rel': (-3, 3), 'buttons': (0, 0, 0), 'window': None})>
2019-07-17 15:28:05,628 - BDM-WAM 1563373673.1892061 - INFO - <Event(4-MouseMotion {'pos': (665, 298), 'rel': (-8, 5), 'buttons': (0, 0, 0), 'window': None})>
2019-07-17 15:28:05,645 - BDM-WAM 1563373673.1892061 - INFO - <Event(4-MouseMotion {'pos': (646, 304), 'rel': (-19, 6), 'buttons': (0, 0, 0), 'window': None})>
2019-07-17 15:28:05,661 - BDM-WAM 1563373673.1892061 - INFO - <Event(4-MouseMotion {'pos': (611, 311), 'rel': (-35, 7), 'buttons': (0, 0, 0), 'window': None})>
2019-07-17 15:28:05,743 - BDM-WAM 1563373673.1892061 - INFO - <Event(4-MouseMotion {'pos': (431, 299), 'rel': (-180, -12), 'buttons': (0, 0, 0), 'window': None})>
2019-07-17 15:28:05,764 - BDM-WAM 1563373673.1892061 - INFO - <Event(4-MouseMotion {'pos': (429, 299), 'rel': (-2, 0), 'buttons': (0, 0, 0), 'window': None})>
2019-07-17 15:28:06,035 - BDM-WAM 1563373673.1892061 - INFO - <Event(4-MouseMotion {'pos': (422, 270), 'rel': (-7, -29), 'buttons': (0, 0, 0), 'window': None})>
2019-07-17 15:28:06,054 - BDM-WAM 1563373673.1892061 - INFO - <Event(4-MouseMotion {'pos': (426, 223), 'rel': (4, -47), 'buttons': (0, 0, 0), 'window': None})>
2019-07-17 15:28:06,071 - BDM-WAM 1563373673.1892061 - INFO - <Event(4-MouseMotion {'pos': (441, 173), 'rel': (15, -50), 'buttons': (0, 0, 0), 'window': None})>
2019-07-17 15:28:06,088 - BDM-WAM 1563373673.1892061 - INFO - <Event(4-MouseMotion {'pos': (472, 124), 'rel': (31, -49), 'buttons': (0, 0, 0), 'window': None})>
2019-07-17 15:28:06,106 - BDM-WAM 1563373673.1892061 - INFO - <Event(4-MouseMotion {'pos': (498, 99), 'rel': (26, -25), 'buttons': (0, 0, 0), 'window': None})>
2019-07-17 15:28:06,122 - BDM-WAM 1563373673.1892061 - INFO - <Event(4-MouseMotion {'pos': (533, 77), 'rel': (35, -22), 'buttons': (0, 0, 0), 'window': None})>
2019-07-17 15:28:06,141 - BDM-WAM 1563373673.1892061 - INFO - <Event(4-MouseMotion {'pos': (556, 69), 'rel': (23, -8), 'buttons': (0, 0, 0), 'window': None})>
2019-07-17 15:28:06,157 - BDM-WAM 1563373673.1892061 - INFO - <Event(4-MouseMotion {'pos': (574, 69), 'rel': (18, 0), 'buttons': (0, 0, 0), 'window': None})>
2019-07-17 15:28:06,171 - BDM-WAM 1563373673.1892061 - INFO - <Event(4-MouseMotion {'pos': (581, 70), 'rel': (7, 1), 'buttons': (0, 0, 0), 'window': None})>
2019-07-17 15:28:06,188 - BDM-WAM 1563373673.1892061 - INFO - <Event(4-MouseMotion {'pos': (586, 72), 'rel': (5, 2), 'buttons': (0, 0, 0), 'window': None})>
2019-07-17 15:28:06,204 - BDM-WAM 1563373673.1892061 - INFO - <Event(4-MouseMotion {'pos': (590, 74), 'rel': (4, 2), 'buttons': (0, 0, 0), 'window': None})>
2019-07-17 15:28:06,221 - BDM-WAM 1563373673.1892061 - INFO - <Event(4-MouseMotion {'pos': (592, 75), 'rel': (2, 1), 'buttons': (0, 0, 0), 'window': None})>
2019-07-17 15:28:06,239 - BDM-WAM 1563373673.1892061 - INFO - <Event(4-MouseMotion {'pos': (594, 76), 'rel': (2, 1), 'buttons': (0, 0, 0), 'window': None})>
2019-07-17 15:28:06,271 - BDM-WAM 1563373673.1892061 - INFO - <Event(4-MouseMotion {'pos': (595, 76), 'rel': (1, 0), 'buttons': (0, 0, 0), 'window': None})>
2019-07-17 15:28:06,288 - BDM-WAM 1563373673.1892061 - INFO - <Event(4-MouseMotion {'pos': (597, 76), 'rel': (2, 0), 'buttons': (0, 0, 0), 'window': None})>
2019-07-17 15:28:06,305 - BDM-WAM 1563373673.1892061 - INFO - <Event(4-MouseMotion {'pos': (597, 77), 'rel': (0, 1), 'buttons': (0, 0, 0), 'window': None})>
2019-07-17 15:28:06,322 - BDM-WAM 1563373673.1892061 - INFO - <Event(4-MouseMotion {'pos': (597, 78), 'rel': (0, 1), 'buttons': (0, 0, 0), 'window': None})>
2019-07-17 15:28:06,388 - BDM-WAM 1563373673.1892061 - INFO - <Event(4-MouseMotion {'pos': (600, 77), 'rel': (3, -1), 'buttons': (0, 0, 0), 'window': None})>
2019-07-17 15:28:06,405 - BDM-WAM 1563373673.1892061 - INFO - <Event(4-MouseMotion {'pos': (605, 73), 'rel': (5, -4), 'buttons': (0, 0, 0), 'window': None})>
2019-07-17 15:28:06,424 - BDM-WAM 1563373673.1892061 - INFO - <Event(4-MouseMotion {'pos': (610, 68), 'rel': (5, -5), 'buttons': (0, 0, 0), 'window': None})>
2019-07-17 15:28:06,441 - BDM-WAM 1563373673.1892061 - INFO - <Event(4-MouseMotion {'pos': (618, 63), 'rel': (8, -5), 'buttons': (0, 0, 0), 'window': None})>
2019-07-17 15:28:06,457 - BDM-WAM 1563373673.1892061 - INFO - <Event(4-MouseMotion {'pos': (621, 61), 'rel': (3, -2), 'buttons': (0, 0, 0), 'window': None})>
2019-07-17 15:28:06,471 - BDM-WAM 1563373673.1892061 - INFO - <Event(4-MouseMotion {'pos': (624, 61), 'rel': (3, 0), 'buttons': (0, 0, 0), 'window': None})>
2019-07-17 15:28:06,489 - BDM-WAM 1563373673.1892061 - INFO - <Event(4-MouseMotion {'pos': (627, 62), 'rel': (3, 1), 'buttons': (0, 0, 0), 'window': None})>
2019-07-17 15:28:06,504 - BDM-WAM 1563373673.1892061 - INFO - <Event(4-MouseMotion {'pos': (630, 63), 'rel': (3, 1), 'buttons': (0, 0, 0), 'window': None})>
2019-07-17 15:28:06,520 - BDM-WAM 1563373673.1892061 - INFO - <Event(4-MouseMotion {'pos': (636, 63), 'rel': (6, 0), 'buttons': (0, 0, 0), 'window': None})>
2019-07-17 15:28:06,536 - BDM-WAM 1563373673.1892061 - INFO - <Event(4-MouseMotion {'pos': (640, 66), 'rel': (4, 3), 'buttons': (0, 0, 0), 'window': None})>
2019-07-17 15:28:06,553 - BDM-WAM 1563373673.1892061 - INFO - <Event(4-MouseMotion {'pos': (644, 67), 'rel': (4, 1), 'buttons': (0, 0, 0), 'window': None})>
2019-07-17 15:28:06,569 - BDM-WAM 1563373673.1892061 - INFO - <Event(4-MouseMotion {'pos': (648, 67), 'rel': (4, 0), 'buttons': (0, 0, 0), 'window': None})>
2019-07-17 15:28:06,585 - BDM-WAM 1563373673.1892061 - INFO - <Event(4-MouseMotion {'pos': (649, 67), 'rel': (1, 0), 'buttons': (0, 0, 0), 'window': None})>
2019-07-17 15:28:06,602 - BDM-WAM 1563373673.1892061 - INFO - <Event(4-MouseMotion {'pos': (650, 67), 'rel': (1, 0), 'buttons': (0, 0, 0), 'window': None})>
2019-07-17 15:28:06,739 - BDM-WAM 1563373673.1892061 - INFO - <Event(5-MouseButtonDown {'pos': (650, 67), 'button': 1, 'window': None})>
2019-07-17 15:28:06,740 - BDM-WAM 1563373673.1892061 - INFO - <Event(9.2-Fake Miss {'pos': (650,67), 'window': None})>
2019-07-17 15:28:06,856 - BDM-WAM 1563373673.1892061 - INFO - <Event(6-MouseButtonUp {'pos': (650, 67), 'button': 1, 'window': None})>
2019-07-17 15:28:07,685 - BDM-WAM 1563373673.1892061 - INFO - <Event(4-MouseMotion {'pos': (654, 67), 'rel': (4, 0), 'buttons': (0, 0, 0), 'window': None})>
2019-07-17 15:28:07,721 - BDM-WAM 1563373673.1892061 - INFO - <Event(4-MouseMotion {'pos': (655, 68), 'rel': (1, 1), 'buttons': (0, 0, 0), 'window': None})>
2019-07-17 15:28:07,800 - BDM-WAM 1563373673.1892061 - INFO - <Event(4-MouseMotion {'pos': (655, 69), 'rel': (0, 1), 'buttons': (0, 0, 0), 'window': None})>
2019-07-17 15:28:07,822 - BDM-WAM 1563373673.1892061 - INFO - <Event(4-MouseMotion {'pos': (655, 71), 'rel': (0, 2), 'buttons': (0, 0, 0), 'window': None})>
2019-07-17 15:28:07,923 - BDM-WAM 1563373673.1892061 - INFO - <Event(4-MouseMotion {'pos': (616, 91), 'rel': (-39, 20), 'buttons': (0, 0, 0), 'window': None})>
2019-07-17 15:28:07,944 - BDM-WAM 1563373673.1892061 - INFO - <Event(4-MouseMotion {'pos': (596, 98), 'rel': (-20, 7), 'buttons': (0, 0, 0), 'window': None})>
2019-07-17 15:28:07,961 - BDM-WAM 1563373673.1892061 - INFO - <Event(4-MouseMotion {'pos': (555, 111), 'rel': (-41, 13), 'buttons': (0, 0, 0), 'window': None})>
2019-07-17 15:28:07,975 - BDM-WAM 1563373673.1892061 - INFO - <Event(4-MouseMotion {'pos': (530, 123), 'rel': (-25, 12), 'buttons': (0, 0, 0), 'window': None})>
2019-07-17 15:28:07,992 - BDM-WAM 1563373673.1892061 - INFO - <Event(4-MouseMotion {'pos': (506, 137), 'rel': (-24, 14), 'buttons': (0, 0, 0), 'window': None})>
2019-07-17 15:28:08,009 - BDM-WAM 1563373673.1892061 - INFO - <Event(4-MouseMotion {'pos': (486, 153), 'rel': (-20, 16), 'buttons': (0, 0, 0), 'window': None})>
2019-07-17 15:28:08,025 - BDM-WAM 1563373673.1892061 - INFO - <Event(4-MouseMotion {'pos': (466, 167), 'rel': (-20, 14), 'buttons': (0, 0, 0), 'window': None})>
2019-07-17 15:28:08,041 - BDM-WAM 1563373673.1892061 - INFO - <Event(4-MouseMotion {'pos': (454, 177), 'rel': (-12, 10), 'buttons': (0, 0, 0), 'window': None})>
2019-07-17 15:28:08,061 - BDM-WAM 1563373673.1892061 - INFO - <Event(4-MouseMotion {'pos': (444, 189), 'rel': (-10, 12), 'buttons': (0, 0, 0), 'window': None})>
2019-07-17 15:28:08,291 - BDM-WAM 1563373673.1892061 - INFO - <Event(4-MouseMotion {'pos': (443, 234), 'rel': (-1, 45), 'buttons': (0, 0, 0), 'window': None})>
2019-07-17 15:28:08,307 - BDM-WAM 1563373673.1892061 - INFO - <Event(4-MouseMotion {'pos': (440, 271), 'rel': (-3, 37), 'buttons': (0, 0, 0), 'window': None})>
2019-07-17 15:28:08,323 - BDM-WAM 1563373673.1892061 - INFO - <Event(4-MouseMotion {'pos': (439, 296), 'rel': (-1, 25), 'buttons': (0, 0, 0), 'window': None})>
2019-07-17 15:28:08,342 - BDM-WAM 1563373673.1892061 - INFO - <Event(4-MouseMotion {'pos': (437, 313), 'rel': (-2, 17), 'buttons': (0, 0, 0), 'window': None})>
2019-07-17 15:28:08,360 - BDM-WAM 1563373673.1892061 - INFO - <Event(4-MouseMotion {'pos': (434, 323), 'rel': (-3, 10), 'buttons': (0, 0, 0), 'window': None})>
2019-07-17 15:28:08,376 - BDM-WAM 1563373673.1892061 - INFO - <Event(4-MouseMotion {'pos': (434, 326), 'rel': (0, 3), 'buttons': (0, 0, 0), 'window': None})>
2019-07-17 15:28:08,390 - BDM-WAM 1563373673.1892061 - INFO - <Event(4-MouseMotion {'pos': (434, 329), 'rel': (0, 3), 'buttons': (0, 0, 0), 'window': None})>
2019-07-17 15:28:08,408 - BDM-WAM 1563373673.1892061 - INFO - <Event(4-MouseMotion {'pos': (434, 331), 'rel': (0, 2), 'buttons': (0, 0, 0), 'window': None})>
2019-07-17 15:28:08,440 - BDM-WAM 1563373673.1892061 - INFO - <Event(4-MouseMotion {'pos': (434, 333), 'rel': (0, 2), 'buttons': (0, 0, 0), 'window': None})>
2019-07-17 15:28:08,457 - BDM-WAM 1563373673.1892061 - INFO - <Event(4-MouseMotion {'pos': (434, 334), 'rel': (0, 1), 'buttons': (0, 0, 0), 'window': None})>
2019-07-17 15:28:08,473 - BDM-WAM 1563373673.1892061 - INFO - <Event(4-MouseMotion {'pos': (434, 335), 'rel': (0, 1), 'buttons': (0, 0, 0), 'window': None})>
2019-07-17 15:28:08,560 - BDM-WAM 1563373673.1892061 - INFO - <Event(4-MouseMotion {'pos': (433, 337), 'rel': (-1, 2), 'buttons': (0, 0, 0), 'window': None})>
2019-07-17 15:28:08,576 - BDM-WAM 1563373673.1892061 - INFO - <Event(4-MouseMotion {'pos': (431, 339), 'rel': (-2, 2), 'buttons': (0, 0, 0), 'window': None})>
2019-07-17 15:28:08,596 - BDM-WAM 1563373673.1892061 - INFO - <Event(5-MouseButtonDown {'pos': (430, 339), 'button': 1, 'window': None})>
2019-07-17 15:28:08,598 - BDM-WAM 1563373673.1892061 - INFO - <Event(9.2-Fake Miss {'pos': (430,339), 'window': None})>
2019-07-17 15:28:08,624 - BDM-WAM 1563373673.1892061 - INFO - <Event(4-MouseMotion {'pos': (430, 340), 'rel': (0, 1), 'buttons': (1, 0, 0), 'window': None})>
2019-07-17 15:28:08,640 - BDM-WAM 1563373673.1892061 - INFO - <Event(4-MouseMotion {'pos': (428, 341), 'rel': (-2, 1), 'buttons': (1, 0, 0), 'window': None})>
2019-07-17 15:28:08,658 - BDM-WAM 1563373673.1892061 - INFO - <Event(4-MouseMotion {'pos': (427, 342), 'rel': (-1, 1), 'buttons': (1, 0, 0), 'window': None})>
2019-07-17 15:28:08,675 - BDM-WAM 1563373673.1892061 - INFO - <Event(4-MouseMotion {'pos': (426, 343), 'rel': (-1, 1), 'buttons': (1, 0, 0), 'window': None})>
2019-07-17 15:28:08,691 - BDM-WAM 1563373673.1892061 - INFO - <Event(4-MouseMotion {'pos': (425, 344), 'rel': (-1, 1), 'buttons': (1, 0, 0), 'window': None})>
2019-07-17 15:28:08,710 - BDM-WAM 1563373673.1892061 - INFO - <Event(6-MouseButtonUp {'pos': (425, 344), 'button': 1, 'window': None})>
2019-07-17 15:28:09,459 - BDM-WAM 1563373673.1892061 - INFO - <Event(4-MouseMotion {'pos': (423, 344), 'rel': (-2, 0), 'buttons': (0, 0, 0), 'window': None})>
2019-07-17 15:28:09,473 - BDM-WAM 1563373673.1892061 - INFO - <Event(4-MouseMotion {'pos': (422, 344), 'rel': (-1, 0), 'buttons': (0, 0, 0), 'window': None})>
2019-07-17 15:28:09,489 - BDM-WAM 1563373673.1892061 - INFO - <Event(4-MouseMotion {'pos': (421, 342), 'rel': (-1, -2), 'buttons': (0, 0, 0), 'window': None})>
2019-07-17 15:28:09,505 - BDM-WAM 1563373673.1892061 - INFO - <Event(4-MouseMotion {'pos': (420, 339), 'rel': (-1, -3), 'buttons': (0, 0, 0), 'window': None})>
2019-07-17 15:28:09,522 - BDM-WAM 1563373673.1892061 - INFO - <Event(4-MouseMotion {'pos': (419, 336), 'rel': (-1, -3), 'buttons': (0, 0, 0), 'window': None})>
2019-07-17 15:28:09,539 - BDM-WAM 1563373673.1892061 - INFO - <Event(4-MouseMotion {'pos': (418, 332), 'rel': (-1, -4), 'buttons': (0, 0, 0), 'window': None})>
2019-07-17 15:28:09,557 - BDM-WAM 1563373673.1892061 - INFO - <Event(4-MouseMotion {'pos': (418, 326), 'rel': (0, -6), 'buttons': (0, 0, 0), 'window': None})>
2019-07-17 15:28:09,573 - BDM-WAM 1563373673.1892061 - INFO - <Event(4-MouseMotion {'pos': (418, 319), 'rel': (0, -7), 'buttons': (0, 0, 0), 'window': None})>
2019-07-17 15:28:09,656 - BDM-WAM 1563373673.1892061 - INFO - <Event(4-MouseMotion {'pos': (434, 238), 'rel': (16, -81), 'buttons': (0, 0, 0), 'window': None})>
2019-07-17 15:28:09,660 - BDM-WAM 1563373673.1892061 - INFO - <Event(4-MouseMotion {'pos': (436, 230), 'rel': (2, -8), 'buttons': (0, 0, 0), 'window': None})>
2019-07-17 15:28:09,677 - BDM-WAM 1563373673.1892061 - INFO - <Event(4-MouseMotion {'pos': (446, 209), 'rel': (10, -21), 'buttons': (0, 0, 0), 'window': None})>
2019-07-17 15:28:09,763 - BDM-WAM 1563373673.1892061 - INFO - <Event(4-MouseMotion {'pos': (514, 142), 'rel': (68, -67), 'buttons': (0, 0, 0), 'window': None})>
2019-07-17 15:28:09,781 - BDM-WAM 1563373673.1892061 - INFO - <Event(4-MouseMotion {'pos': (522, 142), 'rel': (8, 0), 'buttons': (0, 0, 0), 'window': None})>
2019-07-17 15:28:09,816 - BDM-WAM 1563373673.1892061 - INFO - <Event(4-MouseMotion {'pos': (534, 143), 'rel': (12, 1), 'buttons': (0, 0, 0), 'window': None})>
2019-07-17 15:28:09,834 - BDM-WAM 1563373673.1892061 - INFO - <Event(4-MouseMotion {'pos': (537, 144), 'rel': (3, 1), 'buttons': (0, 0, 0), 'window': None})>
2019-07-17 15:28:09,851 - BDM-WAM 1563373673.1892061 - INFO - <Event(4-MouseMotion {'pos': (540, 146), 'rel': (3, 2), 'buttons': (0, 0, 0), 'window': None})>
2019-07-17 15:28:09,868 - BDM-WAM 1563373673.1892061 - INFO - <Event(4-MouseMotion {'pos': (542, 147), 'rel': (2, 1), 'buttons': (0, 0, 0), 'window': None})>
2019-07-17 15:28:09,886 - BDM-WAM 1563373673.1892061 - INFO - <Event(4-MouseMotion {'pos': (543, 147), 'rel': (1, 0), 'buttons': (0, 0, 0), 'window': None})>
2019-07-17 15:28:09,903 - BDM-WAM 1563373673.1892061 - INFO - <Event(4-MouseMotion {'pos': (545, 147), 'rel': (2, 0), 'buttons': (0, 0, 0), 'window': None})>
2019-07-17 15:28:09,920 - BDM-WAM 1563373673.1892061 - INFO - <Event(4-MouseMotion {'pos': (548, 149), 'rel': (3, 2), 'buttons': (0, 0, 0), 'window': None})>
2019-07-17 15:28:09,936 - BDM-WAM 1563373673.1892061 - INFO - <Event(4-MouseMotion {'pos': (555, 151), 'rel': (7, 2), 'buttons': (0, 0, 0), 'window': None})>
2019-07-17 15:28:09,953 - BDM-WAM 1563373673.1892061 - INFO - <Event(4-MouseMotion {'pos': (571, 158), 'rel': (16, 7), 'buttons': (0, 0, 0), 'window': None})>
2019-07-17 15:28:09,974 - BDM-WAM 1563373673.1892061 - INFO - <Event(4-MouseMotion {'pos': (598, 177), 'rel': (27, 19), 'buttons': (0, 0, 0), 'window': None})>
2019-07-17 15:28:09,990 - BDM-WAM 1563373673.1892061 - INFO - <Event(4-MouseMotion {'pos': (621, 194), 'rel': (23, 17), 'buttons': (0, 0, 0), 'window': None})>
2019-07-17 15:28:10,004 - BDM-WAM 1563373673.1892061 - INFO - <Event(4-MouseMotion {'pos': (639, 212), 'rel': (18, 18), 'buttons': (0, 0, 0), 'window': None})>
2019-07-17 15:28:10,021 - BDM-WAM 1563373673.1892061 - INFO - <Event(4-MouseMotion {'pos': (656, 231), 'rel': (17, 19), 'buttons': (0, 0, 0), 'window': None})>
2019-07-17 15:28:10,038 - BDM-WAM 1563373673.1892061 - INFO - <Event(4-MouseMotion {'pos': (669, 248), 'rel': (13, 17), 'buttons': (0, 0, 0), 'window': None})>
2019-07-17 15:28:10,057 - BDM-WAM 1563373673.1892061 - INFO - <Event(4-MouseMotion {'pos': (678, 263), 'rel': (9, 15), 'buttons': (0, 0, 0), 'window': None})>
2019-07-17 15:28:10,072 - BDM-WAM 1563373673.1892061 - INFO - <Event(4-MouseMotion {'pos': (679, 267), 'rel': (1, 4), 'buttons': (0, 0, 0), 'window': None})>
2019-07-17 15:28:10,088 - BDM-WAM 1563373673.1892061 - INFO - <Event(4-MouseMotion {'pos': (680, 269), 'rel': (1, 2), 'buttons': (0, 0, 0), 'window': None})>
2019-07-17 15:28:10,104 - BDM-WAM 1563373673.1892061 - INFO - <Event(4-MouseMotion {'pos': (681, 269), 'rel': (1, 0), 'buttons': (0, 0, 0), 'window': None})>
2019-07-17 15:28:10,121 - BDM-WAM 1563373673.1892061 - INFO - <Event(4-MouseMotion {'pos': (682, 271), 'rel': (1, 2), 'buttons': (0, 0, 0), 'window': None})>
2019-07-17 15:28:10,155 - BDM-WAM 1563373673.1892061 - INFO - <Event(4-MouseMotion {'pos': (683, 272), 'rel': (1, 1), 'buttons': (0, 0, 0), 'window': None})>
2019-07-17 15:28:10,189 - BDM-WAM 1563373673.1892061 - INFO - <Event(4-MouseMotion {'pos': (684, 272), 'rel': (1, 0), 'buttons': (0, 0, 0), 'window': None})>
2019-07-17 15:28:10,205 - BDM-WAM 1563373673.1892061 - INFO - <Event(4-MouseMotion {'pos': (685, 272), 'rel': (1, 0), 'buttons': (0, 0, 0), 'window': None})>
2019-07-17 15:28:10,257 - BDM-WAM 1563373673.1892061 - INFO - <Event(4-MouseMotion {'pos': (686, 272), 'rel': (1, 0), 'buttons': (0, 0, 0), 'window': None})>
2019-07-17 15:28:10,342 - BDM-WAM 1563373673.1892061 - INFO - <Event(4-MouseMotion {'pos': (686, 273), 'rel': (0, 1), 'buttons': (0, 0, 0), 'window': None})>
2019-07-17 15:28:10,374 - BDM-WAM 1563373673.1892061 - INFO - <Event(5-MouseButtonDown {'pos': (686, 273), 'button': 1, 'window': None})>
2019-07-17 15:28:10,376 - BDM-WAM 1563373673.1892061 - INFO - <Event(9.2-Fake Miss {'pos': (686,273), 'window': None})>
2019-07-17 15:28:10,490 - BDM-WAM 1563373673.1892061 - INFO - <Event(6-MouseButtonUp {'pos': (686, 273), 'button': 1, 'window': None})>
2019-07-17 15:28:11,403 - BDM-WAM 1563373673.1892061 - INFO - <Event(4-MouseMotion {'pos': (685, 274), 'rel': (-1, 1), 'buttons': (0, 0, 0), 'window': None})>
2019-07-17 15:28:11,420 - BDM-WAM 1563373673.1892061 - INFO - <Event(4-MouseMotion {'pos': (678, 275), 'rel': (-7, 1), 'buttons': (0, 0, 0), 'window': None})>
2019-07-17 15:28:11,437 - BDM-WAM 1563373673.1892061 - INFO - <Event(4-MouseMotion {'pos': (654, 275), 'rel': (-24, 0), 'buttons': (0, 0, 0), 'window': None})>
2019-07-17 15:28:11,452 - BDM-WAM 1563373673.1892061 - INFO - <Event(4-MouseMotion {'pos': (634, 273), 'rel': (-20, -2), 'buttons': (0, 0, 0), 'window': None})>
2019-07-17 15:28:11,469 - BDM-WAM 1563373673.1892061 - INFO - <Event(4-MouseMotion {'pos': (609, 267), 'rel': (-25, -6), 'buttons': (0, 0, 0), 'window': None})>
2019-07-17 15:28:11,486 - BDM-WAM 1563373673.1892061 - INFO - <Event(4-MouseMotion {'pos': (582, 261), 'rel': (-27, -6), 'buttons': (0, 0, 0), 'window': None})>
2019-07-17 15:28:11,503 - BDM-WAM 1563373673.1892061 - INFO - <Event(4-MouseMotion {'pos': (558, 256), 'rel': (-24, -5), 'buttons': (0, 0, 0), 'window': None})>
2019-07-17 15:28:11,553 - BDM-WAM 1563373673.1892061 - INFO - <Event(4-MouseMotion {'pos': (479, 250), 'rel': (-79, -6), 'buttons': (0, 0, 0), 'window': None})>
2019-07-17 15:28:11,572 - BDM-WAM 1563373673.1892061 - INFO - <Event(4-MouseMotion {'pos': (458, 248), 'rel': (-21, -2), 'buttons': (0, 0, 0), 'window': None})>
2019-07-17 15:28:11,588 - BDM-WAM 1563373673.1892061 - INFO - <Event(4-MouseMotion {'pos': (439, 248), 'rel': (-19, 0), 'buttons': (0, 0, 0), 'window': None})>
2019-07-17 15:28:11,605 - BDM-WAM 1563373673.1892061 - INFO - <Event(4-MouseMotion {'pos': (414, 248), 'rel': (-25, 0), 'buttons': (0, 0, 0), 'window': None})>
2019-07-17 15:28:11,650 - BDM-WAM 1563373673.1892061 - INFO - <Event(4-MouseMotion {'pos': (396, 251), 'rel': (-18, 3), 'buttons': (0, 0, 0), 'window': None})>
2019-07-17 15:28:11,654 - BDM-WAM 1563373673.1892061 - INFO - <Event(4-MouseMotion {'pos': (395, 251), 'rel': (-1, 0), 'buttons': (0, 0, 0), 'window': None})>
2019-07-17 15:28:11,913 - BDM-WAM 1563373673.1892061 - INFO - <Event(4-MouseMotion {'pos': (400, 256), 'rel': (5, 5), 'buttons': (0, 0, 0), 'window': None})>
2019-07-17 15:28:11,930 - BDM-WAM 1563373673.1892061 - INFO - <Event(4-MouseMotion {'pos': (418, 269), 'rel': (18, 13), 'buttons': (0, 0, 0), 'window': None})>
2019-07-17 15:28:11,946 - BDM-WAM 1563373673.1892061 - INFO - <Event(4-MouseMotion {'pos': (459, 294), 'rel': (41, 25), 'buttons': (0, 0, 0), 'window': None})>
2019-07-17 15:28:11,963 - BDM-WAM 1563373673.1892061 - INFO - <Event(4-MouseMotion {'pos': (508, 325), 'rel': (49, 31), 'buttons': (0, 0, 0), 'window': None})>
2019-07-17 15:28:11,979 - BDM-WAM 1563373673.1892061 - INFO - <Event(4-MouseMotion {'pos': (550, 351), 'rel': (42, 26), 'buttons': (0, 0, 0), 'window': None})>
2019-07-17 15:28:11,996 - BDM-WAM 1563373673.1892061 - INFO - <Event(4-MouseMotion {'pos': (588, 383), 'rel': (38, 32), 'buttons': (0, 0, 0), 'window': None})>
2019-07-17 15:28:12,014 - BDM-WAM 1563373673.1892061 - INFO - <Event(4-MouseMotion {'pos': (618, 414), 'rel': (30, 31), 'buttons': (0, 0, 0), 'window': None})>
2019-07-17 15:28:12,029 - BDM-WAM 1563373673.1892061 - INFO - <Event(4-MouseMotion {'pos': (630, 426), 'rel': (12, 12), 'buttons': (0, 0, 0), 'window': None})>
2019-07-17 15:28:12,044 - BDM-WAM 1563373673.1892061 - INFO - <Event(4-MouseMotion {'pos': (639, 433), 'rel': (9, 7), 'buttons': (0, 0, 0), 'window': None})>
2019-07-17 15:28:12,060 - BDM-WAM 1563373673.1892061 - INFO - <Event(4-MouseMotion {'pos': (645, 439), 'rel': (6, 6), 'buttons': (0, 0, 0), 'window': None})>
2019-07-17 15:28:12,077 - BDM-WAM 1563373673.1892061 - INFO - <Event(4-MouseMotion {'pos': (648, 441), 'rel': (3, 2), 'buttons': (0, 0, 0), 'window': None})>
2019-07-17 15:28:12,094 - BDM-WAM 1563373673.1892061 - INFO - <Event(4-MouseMotion {'pos': (650, 443), 'rel': (2, 2), 'buttons': (0, 0, 0), 'window': None})>
2019-07-17 15:28:12,112 - BDM-WAM 1563373673.1892061 - INFO - <Event(4-MouseMotion {'pos': (650, 444), 'rel': (0, 1), 'buttons': (0, 0, 0), 'window': None})>
2019-07-17 15:28:12,128 - BDM-WAM 1563373673.1892061 - INFO - <Event(4-MouseMotion {'pos': (652, 446), 'rel': (2, 2), 'buttons': (0, 0, 0), 'window': None})>
2019-07-17 15:28:12,143 - BDM-WAM 1563373673.1892061 - INFO - <Event(4-MouseMotion {'pos': (653, 447), 'rel': (1, 1), 'buttons': (0, 0, 0), 'window': None})>
2019-07-17 15:28:12,243 - BDM-WAM 1563373673.1892061 - INFO - <Event(4-MouseMotion {'pos': (654, 447), 'rel': (1, 0), 'buttons': (0, 0, 0), 'window': None})>
2019-07-17 15:28:12,260 - BDM-WAM 1563373673.1892061 - INFO - <Event(4-MouseMotion {'pos': (655, 445), 'rel': (1, -2), 'buttons': (0, 0, 0), 'window': None})>
2019-07-17 15:28:12,277 - BDM-WAM 1563373673.1892061 - INFO - <Event(4-MouseMotion {'pos': (659, 440), 'rel': (4, -5), 'buttons': (0, 0, 0), 'window': None})>
2019-07-17 15:28:12,295 - BDM-WAM 1563373673.1892061 - INFO - <Event(4-MouseMotion {'pos': (662, 435), 'rel': (3, -5), 'buttons': (0, 0, 0), 'window': None})>
2019-07-17 15:28:12,311 - BDM-WAM 1563373673.1892061 - INFO - <Event(4-MouseMotion {'pos': (667, 430), 'rel': (5, -5), 'buttons': (0, 0, 0), 'window': None})>
2019-07-17 15:28:12,329 - BDM-WAM 1563373673.1892061 - INFO - <Event(4-MouseMotion {'pos': (672, 427), 'rel': (5, -3), 'buttons': (0, 0, 0), 'window': None})>
2019-07-17 15:28:12,344 - BDM-WAM 1563373673.1892061 - INFO - <Event(4-MouseMotion {'pos': (674, 424), 'rel': (2, -3), 'buttons': (0, 0, 0), 'window': None})>
2019-07-17 15:28:12,360 - BDM-WAM 1563373673.1892061 - INFO - <Event(4-MouseMotion {'pos': (677, 423), 'rel': (3, -1), 'buttons': (0, 0, 0), 'window': None})>
2019-07-17 15:28:12,376 - BDM-WAM 1563373673.1892061 - INFO - <Event(4-MouseMotion {'pos': (678, 423), 'rel': (1, 0), 'buttons': (0, 0, 0), 'window': None})>
2019-07-17 15:28:12,393 - BDM-WAM 1563373673.1892061 - INFO - <Event(4-MouseMotion {'pos': (678, 422), 'rel': (0, -1), 'buttons': (0, 0, 0), 'window': None})>
2019-07-17 15:28:12,409 - BDM-WAM 1563373673.1892061 - INFO - <Event(4-MouseMotion {'pos': (678, 420), 'rel': (0, -2), 'buttons': (0, 0, 0), 'window': None})>
2019-07-17 15:28:12,444 - BDM-WAM 1563373673.1892061 - INFO - <Event(5-MouseButtonDown {'pos': (678, 420), 'button': 1, 'window': None})>
2019-07-17 15:28:12,444 - BDM-WAM 1563373673.1892061 - INFO - <Event(9.1-True Hit {'pos': (678,420), 'window': None})>
2019-07-17 15:28:12,581 - BDM-WAM 1563373673.1892061 - INFO - <Event(6-MouseButtonUp {'pos': (678, 420), 'button': 1, 'window': None})>
2019-07-17 15:28:13,645 - BDM-WAM 1563373673.1892061 - INFO - <Event(4-MouseMotion {'pos': (675, 414), 'rel': (-3, -6), 'buttons': (0, 0, 0), 'window': None})>
2019-07-17 15:28:13,650 - BDM-WAM 1563373673.1892061 - INFO - <Event(4-MouseMotion {'pos': (674, 412), 'rel': (-1, -2), 'buttons': (0, 0, 0), 'window': None})>
2019-07-17 15:28:13,666 - BDM-WAM 1563373673.1892061 - INFO - <Event(4-MouseMotion {'pos': (667, 407), 'rel': (-7, -5), 'buttons': (0, 0, 0), 'window': None})>
2019-07-17 15:28:13,682 - BDM-WAM 1563373673.1892061 - INFO - <Event(4-MouseMotion {'pos': (654, 400), 'rel': (-13, -7), 'buttons': (0, 0, 0), 'window': None})>
2019-07-17 15:28:13,699 - BDM-WAM 1563373673.1892061 - INFO - <Event(4-MouseMotion {'pos': (643, 395), 'rel': (-11, -5), 'buttons': (0, 0, 0), 'window': None})>
2019-07-17 15:28:13,720 - BDM-WAM 1563373673.1892061 - INFO - <Event(4-MouseMotion {'pos': (626, 383), 'rel': (-17, -12), 'buttons': (0, 0, 0), 'window': None})>
2019-07-17 15:28:13,735 - BDM-WAM 1563373673.1892061 - INFO - <Event(4-MouseMotion {'pos': (616, 375), 'rel': (-10, -8), 'buttons': (0, 0, 0), 'window': None})>
2019-07-17 15:28:13,749 - BDM-WAM 1563373673.1892061 - INFO - <Event(4-MouseMotion {'pos': (606, 363), 'rel': (-10, -12), 'buttons': (0, 0, 0), 'window': None})>
2019-07-17 15:28:13,765 - BDM-WAM 1563373673.1892061 - INFO - <Event(4-MouseMotion {'pos': (595, 352), 'rel': (-11, -11), 'buttons': (0, 0, 0), 'window': None})>
2019-07-17 15:28:13,782 - BDM-WAM 1563373673.1892061 - INFO - <Event(4-MouseMotion {'pos': (586, 343), 'rel': (-9, -9), 'buttons': (0, 0, 0), 'window': None})>
2019-07-17 15:28:13,799 - BDM-WAM 1563373673.1892061 - INFO - <Event(4-MouseMotion {'pos': (579, 336), 'rel': (-7, -7), 'buttons': (0, 0, 0), 'window': None})>
2019-07-17 15:28:13,815 - BDM-WAM 1563373673.1892061 - INFO - <Event(4-MouseMotion {'pos': (573, 332), 'rel': (-6, -4), 'buttons': (0, 0, 0), 'window': None})>
2019-07-17 15:28:13,837 - BDM-WAM 1563373673.1892061 - INFO - <Event(4-MouseMotion {'pos': (565, 328), 'rel': (-8, -4), 'buttons': (0, 0, 0), 'window': None})>
2019-07-17 15:28:13,852 - BDM-WAM 1563373673.1892061 - INFO - <Event(4-MouseMotion {'pos': (561, 326), 'rel': (-4, -2), 'buttons': (0, 0, 0), 'window': None})>
2019-07-17 15:28:13,867 - BDM-WAM 1563373673.1892061 - INFO - <Event(4-MouseMotion {'pos': (556, 325), 'rel': (-5, -1), 'buttons': (0, 0, 0), 'window': None})>
2019-07-17 15:28:13,884 - BDM-WAM 1563373673.1892061 - INFO - <Event(4-MouseMotion {'pos': (553, 323), 'rel': (-3, -2), 'buttons': (0, 0, 0), 'window': None})>
2019-07-17 15:28:13,900 - BDM-WAM 1563373673.1892061 - INFO - <Event(4-MouseMotion {'pos': (550, 322), 'rel': (-3, -1), 'buttons': (0, 0, 0), 'window': None})>
2019-07-17 15:28:13,918 - BDM-WAM 1563373673.1892061 - INFO - <Event(4-MouseMotion {'pos': (548, 322), 'rel': (-2, 0), 'buttons': (0, 0, 0), 'window': None})>
2019-07-17 15:28:13,935 - BDM-WAM 1563373673.1892061 - INFO - <Event(4-MouseMotion {'pos': (545, 321), 'rel': (-3, -1), 'buttons': (0, 0, 0), 'window': None})>
2019-07-17 15:28:13,949 - BDM-WAM 1563373673.1892061 - INFO - <Event(4-MouseMotion {'pos': (543, 321), 'rel': (-2, 0), 'buttons': (0, 0, 0), 'window': None})>
2019-07-17 15:28:13,964 - BDM-WAM 1563373673.1892061 - INFO - <Event(4-MouseMotion {'pos': (541, 321), 'rel': (-2, 0), 'buttons': (0, 0, 0), 'window': None})>
2019-07-17 15:28:13,982 - BDM-WAM 1563373673.1892061 - INFO - <Event(4-MouseMotion {'pos': (538, 321), 'rel': (-3, 0), 'buttons': (0, 0, 0), 'window': None})>
2019-07-17 15:28:13,998 - BDM-WAM 1563373673.1892061 - INFO - <Event(4-MouseMotion {'pos': (536, 321), 'rel': (-2, 0), 'buttons': (0, 0, 0), 'window': None})>
2019-07-17 15:28:14,017 - BDM-WAM 1563373673.1892061 - INFO - <Event(4-MouseMotion {'pos': (534, 321), 'rel': (-2, 0), 'buttons': (0, 0, 0), 'window': None})>
2019-07-17 15:28:14,035 - BDM-WAM 1563373673.1892061 - INFO - <Event(4-MouseMotion {'pos': (530, 322), 'rel': (-4, 1), 'buttons': (0, 0, 0), 'window': None})>
2019-07-17 15:28:14,049 - BDM-WAM 1563373673.1892061 - INFO - <Event(4-MouseMotion {'pos': (526, 323), 'rel': (-4, 1), 'buttons': (0, 0, 0), 'window': None})>
2019-07-17 15:28:14,064 - BDM-WAM 1563373673.1892061 - INFO - <Event(4-MouseMotion {'pos': (522, 323), 'rel': (-4, 0), 'buttons': (0, 0, 0), 'window': None})>
2019-07-17 15:28:14,081 - BDM-WAM 1563373673.1892061 - INFO - <Event(4-MouseMotion {'pos': (514, 327), 'rel': (-8, 4), 'buttons': (0, 0, 0), 'window': None})>
2019-07-17 15:28:14,097 - BDM-WAM 1563373673.1892061 - INFO - <Event(4-MouseMotion {'pos': (506, 334), 'rel': (-8, 7), 'buttons': (0, 0, 0), 'window': None})>
2019-07-17 15:28:14,114 - BDM-WAM 1563373673.1892061 - INFO - <Event(4-MouseMotion {'pos': (493, 346), 'rel': (-13, 12), 'buttons': (0, 0, 0), 'window': None})>
2019-07-17 15:28:14,134 - BDM-WAM 1563373673.1892061 - INFO - <Event(4-MouseMotion {'pos': (463, 383), 'rel': (-30, 37), 'buttons': (0, 0, 0), 'window': None})>
2019-07-17 15:28:14,149 - BDM-WAM 1563373673.1892061 - INFO - <Event(4-MouseMotion {'pos': (433, 429), 'rel': (-30, 46), 'buttons': (0, 0, 0), 'window': None})>
2019-07-17 15:28:14,165 - BDM-WAM 1563373673.1892061 - INFO - <Event(4-MouseMotion {'pos': (410, 468), 'rel': (-23, 39), 'buttons': (0, 0, 0), 'window': None})>
2019-07-17 15:28:14,181 - BDM-WAM 1563373673.1892061 - INFO - <Event(4-MouseMotion {'pos': (399, 488), 'rel': (-11, 20), 'buttons': (0, 0, 0), 'window': None})>
2019-07-17 15:28:14,197 - BDM-WAM 1563373673.1892061 - INFO - <Event(4-MouseMotion {'pos': (391, 499), 'rel': (-8, 11), 'buttons': (0, 0, 0), 'window': None})>
2019-07-17 15:28:14,214 - BDM-WAM 1563373673.1892061 - INFO - <Event(4-MouseMotion {'pos': (387, 505), 'rel': (-4, 6), 'buttons': (0, 0, 0), 'window': None})>
2019-07-17 15:28:14,231 - BDM-WAM 1563373673.1892061 - INFO - <Event(4-MouseMotion {'pos': (385, 507), 'rel': (-2, 2), 'buttons': (0, 0, 0), 'window': None})>
2019-07-17 15:28:14,249 - BDM-WAM 1563373673.1892061 - INFO - <Event(4-MouseMotion {'pos': (383, 510), 'rel': (-2, 3), 'buttons': (0, 0, 0), 'window': None})>
2019-07-17 15:28:14,265 - BDM-WAM 1563373673.1892061 - INFO - <Event(4-MouseMotion {'pos': (382, 511), 'rel': (-1, 1), 'buttons': (0, 0, 0), 'window': None})>
2019-07-17 15:28:14,280 - BDM-WAM 1563373673.1892061 - INFO - <Event(4-MouseMotion {'pos': (382, 512), 'rel': (0, 1), 'buttons': (0, 0, 0), 'window': None})>
2019-07-17 15:28:14,548 - BDM-WAM 1563373673.1892061 - INFO - <Event(4-MouseMotion {'pos': (388, 515), 'rel': (6, 3), 'buttons': (0, 0, 0), 'window': None})>
2019-07-17 15:28:14,564 - BDM-WAM 1563373673.1892061 - INFO - <Event(4-MouseMotion {'pos': (393, 518), 'rel': (5, 3), 'buttons': (0, 0, 0), 'window': None})>
2019-07-17 15:28:14,580 - BDM-WAM 1563373673.1892061 - INFO - <Event(4-MouseMotion {'pos': (397, 520), 'rel': (4, 2), 'buttons': (0, 0, 0), 'window': None})>
2019-07-17 15:28:14,657 - BDM-WAM 1563373673.1892061 - INFO - <Event(4-MouseMotion {'pos': (413, 526), 'rel': (16, 6), 'buttons': (0, 0, 0), 'window': None})>
2019-07-17 15:28:14,685 - BDM-WAM 1563373673.1892061 - INFO - <Event(5-MouseButtonDown {'pos': (414, 526), 'button': 1, 'window': None})>
2019-07-17 15:28:14,686 - BDM-WAM 1563373673.1892061 - INFO - <Event(9.2-Fake Miss {'pos': (415,526), 'window': None})>
2019-07-17 15:28:14,688 - BDM-WAM 1563373673.1892061 - INFO - <Event(4-MouseMotion {'pos': (415, 526), 'rel': (1, 0), 'buttons': (1, 0, 0), 'window': None})>
2019-07-17 15:28:14,692 - BDM-WAM 1563373673.1892061 - INFO - <Event(4-MouseMotion {'pos': (416, 526), 'rel': (1, 0), 'buttons': (1, 0, 0), 'window': None})>
2019-07-17 15:28:14,782 - BDM-WAM 1563373673.1892061 - INFO - <Event(4-MouseMotion {'pos': (418, 527), 'rel': (2, 1), 'buttons': (1, 0, 0), 'window': None})>
2019-07-17 15:28:14,861 - BDM-WAM 1563373673.1892061 - INFO - <Event(6-MouseButtonUp {'pos': (418, 527), 'button': 1, 'window': None})>
2019-07-17 15:28:14,937 - BDM-WAM 1563373673.1892061 - INFO - <Event(4-MouseMotion {'pos': (419, 527), 'rel': (1, 0), 'buttons': (0, 0, 0), 'window': None})>
2019-07-17 15:28:14,953 - BDM-WAM 1563373673.1892061 - INFO - <Event(4-MouseMotion {'pos': (421, 527), 'rel': (2, 0), 'buttons': (0, 0, 0), 'window': None})>
2019-07-17 15:28:14,971 - BDM-WAM 1563373673.1892061 - INFO - <Event(4-MouseMotion {'pos': (422, 527), 'rel': (1, 0), 'buttons': (0, 0, 0), 'window': None})>
2019-07-17 15:28:14,986 - BDM-WAM 1563373673.1892061 - INFO - <Event(4-MouseMotion {'pos': (423, 527), 'rel': (1, 0), 'buttons': (0, 0, 0), 'window': None})>
2019-07-17 15:28:15,003 - BDM-WAM 1563373673.1892061 - INFO - <Event(4-MouseMotion {'pos': (425, 527), 'rel': (2, 0), 'buttons': (0, 0, 0), 'window': None})>
2019-07-17 15:28:15,020 - BDM-WAM 1563373673.1892061 - INFO - <Event(4-MouseMotion {'pos': (426, 527), 'rel': (1, 0), 'buttons': (0, 0, 0), 'window': None})>
2019-07-17 15:28:15,037 - BDM-WAM 1563373673.1892061 - INFO - <Event(4-MouseMotion {'pos': (427, 527), 'rel': (1, 0), 'buttons': (0, 0, 0), 'window': None})>
2019-07-17 15:28:15,053 - BDM-WAM 1563373673.1892061 - INFO - <Event(4-MouseMotion {'pos': (428, 527), 'rel': (1, 0), 'buttons': (0, 0, 0), 'window': None})>
2019-07-17 15:28:15,070 - BDM-WAM 1563373673.1892061 - INFO - <Event(4-MouseMotion {'pos': (429, 527), 'rel': (1, 0), 'buttons': (0, 0, 0), 'window': None})>
2019-07-17 15:28:15,086 - BDM-WAM 1563373673.1892061 - INFO - <Event(4-MouseMotion {'pos': (430, 527), 'rel': (1, 0), 'buttons': (0, 0, 0), 'window': None})>
2019-07-17 15:28:15,103 - BDM-WAM 1563373673.1892061 - INFO - <Event(4-MouseMotion {'pos': (431, 527), 'rel': (1, 0), 'buttons': (0, 0, 0), 'window': None})>
2019-07-17 15:28:15,137 - BDM-WAM 1563373673.1892061 - INFO - <Event(4-MouseMotion {'pos': (432, 527), 'rel': (1, 0), 'buttons': (0, 0, 0), 'window': None})>
2019-07-17 15:28:15,153 - BDM-WAM 1563373673.1892061 - INFO - <Event(4-MouseMotion {'pos': (433, 527), 'rel': (1, 0), 'buttons': (0, 0, 0), 'window': None})>
2019-07-17 15:28:15,169 - BDM-WAM 1563373673.1892061 - INFO - <Event(4-MouseMotion {'pos': (434, 526), 'rel': (1, -1), 'buttons': (0, 0, 0), 'window': None})>
2019-07-17 15:28:15,186 - BDM-WAM 1563373673.1892061 - INFO - <Event(4-MouseMotion {'pos': (434, 525), 'rel': (0, -1), 'buttons': (0, 0, 0), 'window': None})>
2019-07-17 15:28:15,203 - BDM-WAM 1563373673.1892061 - INFO - <Event(4-MouseMotion {'pos': (436, 523), 'rel': (2, -2), 'buttons': (0, 0, 0), 'window': None})>
2019-07-17 15:28:15,220 - BDM-WAM 1563373673.1892061 - INFO - <Event(4-MouseMotion {'pos': (437, 523), 'rel': (1, 0), 'buttons': (0, 0, 0), 'window': None})>
2019-07-17 15:28:15,237 - BDM-WAM 1563373673.1892061 - INFO - <Event(4-MouseMotion {'pos': (438, 521), 'rel': (1, -2), 'buttons': (0, 0, 0), 'window': None})>
2019-07-17 15:28:15,253 - BDM-WAM 1563373673.1892061 - INFO - <Event(4-MouseMotion {'pos': (440, 518), 'rel': (2, -3), 'buttons': (0, 0, 0), 'window': None})>
2019-07-17 15:28:15,270 - BDM-WAM 1563373673.1892061 - INFO - <Event(4-MouseMotion {'pos': (442, 514), 'rel': (2, -4), 'buttons': (0, 0, 0), 'window': None})>
2019-07-17 15:28:15,286 - BDM-WAM 1563373673.1892061 - INFO - <Event(4-MouseMotion {'pos': (446, 509), 'rel': (4, -5), 'buttons': (0, 0, 0), 'window': None})>
2019-07-17 15:28:15,304 - BDM-WAM 1563373673.1892061 - INFO - <Event(4-MouseMotion {'pos': (449, 503), 'rel': (3, -6), 'buttons': (0, 0, 0), 'window': None})>
2019-07-17 15:28:15,386 - BDM-WAM 1563373673.1892061 - INFO - <Event(4-MouseMotion {'pos': (463, 479), 'rel': (14, -24), 'buttons': (0, 0, 0), 'window': None})>
2019-07-17 15:28:15,405 - BDM-WAM 1563373673.1892061 - INFO - <Event(4-MouseMotion {'pos': (465, 473), 'rel': (2, -6), 'buttons': (0, 0, 0), 'window': None})>
2019-07-17 15:28:15,487 - BDM-WAM 1563373673.1892061 - INFO - <Event(4-MouseMotion {'pos': (491, 411), 'rel': (26, -62), 'buttons': (0, 0, 0), 'window': None})>
2019-07-17 15:28:15,508 - BDM-WAM 1563373673.1892061 - INFO - <Event(4-MouseMotion {'pos': (496, 391), 'rel': (5, -20), 'buttons': (0, 0, 0), 'window': None})>
2019-07-17 15:28:15,523 - BDM-WAM 1563373673.1892061 - INFO - <Event(4-MouseMotion {'pos': (501, 373), 'rel': (5, -18), 'buttons': (0, 0, 0), 'window': None})>
2019-07-17 15:28:15,600 - BDM-WAM 1563373673.1892061 - INFO - <Event(4-MouseMotion {'pos': (500, 352), 'rel': (-1, -21), 'buttons': (0, 0, 0), 'window': None})>
2019-07-17 15:28:15,623 - BDM-WAM 1563373673.1892061 - INFO - <Event(4-MouseMotion {'pos': (497, 348), 'rel': (-3, -4), 'buttons': (0, 0, 0), 'window': None})>
2019-07-17 15:28:15,639 - BDM-WAM 1563373673.1892061 - INFO - <Event(4-MouseMotion {'pos': (479, 335), 'rel': (-18, -13), 'buttons': (0, 0, 0), 'window': None})>
2019-07-17 15:28:15,654 - BDM-WAM 1563373673.1892061 - INFO - <Event(4-MouseMotion {'pos': (459, 322), 'rel': (-20, -13), 'buttons': (0, 0, 0), 'window': None})>
2019-07-17 15:28:15,670 - BDM-WAM 1563373673.1892061 - INFO - <Event(4-MouseMotion {'pos': (437, 310), 'rel': (-22, -12), 'buttons': (0, 0, 0), 'window': None})>
2019-07-17 15:28:15,688 - BDM-WAM 1563373673.1892061 - INFO - <Event(4-MouseMotion {'pos': (418, 300), 'rel': (-19, -10), 'buttons': (0, 0, 0), 'window': None})>
2019-07-17 15:28:15,706 - BDM-WAM 1563373673.1892061 - INFO - <Event(4-MouseMotion {'pos': (405, 291), 'rel': (-13, -9), 'buttons': (0, 0, 0), 'window': None})>
2019-07-17 15:28:15,722 - BDM-WAM 1563373673.1892061 - INFO - <Event(4-MouseMotion {'pos': (394, 282), 'rel': (-11, -9), 'buttons': (0, 0, 0), 'window': None})>
2019-07-17 15:28:15,738 - BDM-WAM 1563373673.1892061 - INFO - <Event(4-MouseMotion {'pos': (391, 275), 'rel': (-3, -7), 'buttons': (0, 0, 0), 'window': None})>
2019-07-17 15:28:15,754 - BDM-WAM 1563373673.1892061 - INFO - <Event(4-MouseMotion {'pos': (388, 267), 'rel': (-3, -8), 'buttons': (0, 0, 0), 'window': None})>
2019-07-17 15:28:15,772 - BDM-WAM 1563373673.1892061 - INFO - <Event(4-MouseMotion {'pos': (387, 260), 'rel': (-1, -7), 'buttons': (0, 0, 0), 'window': None})>
2019-07-17 15:28:15,788 - BDM-WAM 1563373673.1892061 - INFO - <Event(4-MouseMotion {'pos': (390, 252), 'rel': (3, -8), 'buttons': (0, 0, 0), 'window': None})>
2019-07-17 15:28:15,806 - BDM-WAM 1563373673.1892061 - INFO - <Event(4-MouseMotion {'pos': (400, 239), 'rel': (10, -13), 'buttons': (0, 0, 0), 'window': None})>
2019-07-17 15:28:15,824 - BDM-WAM 1563373673.1892061 - INFO - <Event(4-MouseMotion {'pos': (429, 211), 'rel': (29, -28), 'buttons': (0, 0, 0), 'window': None})>
2019-07-17 15:28:15,839 - BDM-WAM 1563373673.1892061 - INFO - <Event(4-MouseMotion {'pos': (453, 187), 'rel': (24, -24), 'buttons': (0, 0, 0), 'window': None})>
2019-07-17 15:28:15,855 - BDM-WAM 1563373673.1892061 - INFO - <Event(4-MouseMotion {'pos': (482, 156), 'rel': (29, -31), 'buttons': (0, 0, 0), 'window': None})>
2019-07-17 15:28:15,877 - BDM-WAM 1563373673.1892061 - INFO - <Event(4-MouseMotion {'pos': (507, 135), 'rel': (25, -21), 'buttons': (0, 0, 0), 'window': None})>
2019-07-17 15:28:15,890 - BDM-WAM 1563373673.1892061 - INFO - <Event(4-MouseMotion {'pos': (529, 113), 'rel': (22, -22), 'buttons': (0, 0, 0), 'window': None})>
2019-07-17 15:28:15,908 - BDM-WAM 1563373673.1892061 - INFO - <Event(4-MouseMotion {'pos': (551, 85), 'rel': (22, -28), 'buttons': (0, 0, 0), 'window': None})>
2019-07-17 15:28:15,924 - BDM-WAM 1563373673.1892061 - INFO - <Event(4-MouseMotion {'pos': (574, 52), 'rel': (23, -33), 'buttons': (0, 0, 0), 'window': None})>
2019-07-17 15:28:15,938 - BDM-WAM 1563373673.1892061 - INFO - <Event(4-MouseMotion {'pos': (586, 41), 'rel': (12, -11), 'buttons': (0, 0, 0), 'window': None})>
2019-07-17 15:28:15,954 - BDM-WAM 1563373673.1892061 - INFO - <Event(4-MouseMotion {'pos': (595, 33), 'rel': (9, -8), 'buttons': (0, 0, 0), 'window': None})>
2019-07-17 15:28:15,970 - BDM-WAM 1563373673.1892061 - INFO - <Event(4-MouseMotion {'pos': (602, 28), 'rel': (7, -5), 'buttons': (0, 0, 0), 'window': None})>
2019-07-17 15:28:15,989 - BDM-WAM 1563373673.1892061 - INFO - <Event(4-MouseMotion {'pos': (606, 27), 'rel': (4, -1), 'buttons': (0, 0, 0), 'window': None})>
2019-07-17 15:28:16,005 - BDM-WAM 1563373673.1892061 - INFO - <Event(4-MouseMotion {'pos': (610, 27), 'rel': (4, 0), 'buttons': (0, 0, 0), 'window': None})>
2019-07-17 15:28:16,022 - BDM-WAM 1563373673.1892061 - INFO - <Event(4-MouseMotion {'pos': (614, 27), 'rel': (4, 0), 'buttons': (0, 0, 0), 'window': None})>
2019-07-17 15:28:16,038 - BDM-WAM 1563373673.1892061 - INFO - <Event(4-MouseMotion {'pos': (616, 27), 'rel': (2, 0), 'buttons': (0, 0, 0), 'window': None})>
2019-07-17 15:28:16,055 - BDM-WAM 1563373673.1892061 - INFO - <Event(4-MouseMotion {'pos': (618, 27), 'rel': (2, 0), 'buttons': (0, 0, 0), 'window': None})>
2019-07-17 15:28:16,071 - BDM-WAM 1563373673.1892061 - INFO - <Event(4-MouseMotion {'pos': (619, 27), 'rel': (1, 0), 'buttons': (0, 0, 0), 'window': None})>
2019-07-17 15:28:16,088 - BDM-WAM 1563373673.1892061 - INFO - <Event(4-MouseMotion {'pos': (621, 28), 'rel': (2, 1), 'buttons': (0, 0, 0), 'window': None})>
2019-07-17 15:28:16,107 - BDM-WAM 1563373673.1892061 - INFO - <Event(4-MouseMotion {'pos': (623, 28), 'rel': (2, 0), 'buttons': (0, 0, 0), 'window': None})>
2019-07-17 15:28:16,122 - BDM-WAM 1563373673.1892061 - INFO - <Event(4-MouseMotion {'pos': (625, 28), 'rel': (2, 0), 'buttons': (0, 0, 0), 'window': None})>
2019-07-17 15:28:16,139 - BDM-WAM 1563373673.1892061 - INFO - <Event(4-MouseMotion {'pos': (626, 28), 'rel': (1, 0), 'buttons': (0, 0, 0), 'window': None})>
2019-07-17 15:28:16,155 - BDM-WAM 1563373673.1892061 - INFO - <Event(4-MouseMotion {'pos': (629, 28), 'rel': (3, 0), 'buttons': (0, 0, 0), 'window': None})>
2019-07-17 15:28:16,172 - BDM-WAM 1563373673.1892061 - INFO - <Event(4-MouseMotion {'pos': (632, 29), 'rel': (3, 1), 'buttons': (0, 0, 0), 'window': None})>
2019-07-17 15:28:16,191 - BDM-WAM 1563373673.1892061 - INFO - <Event(4-MouseMotion {'pos': (636, 31), 'rel': (4, 2), 'buttons': (0, 0, 0), 'window': None})>
2019-07-17 15:28:16,209 - BDM-WAM 1563373673.1892061 - INFO - <Event(4-MouseMotion {'pos': (643, 35), 'rel': (7, 4), 'buttons': (0, 0, 0), 'window': None})>
2019-07-17 15:28:16,222 - BDM-WAM 1563373673.1892061 - INFO - <Event(4-MouseMotion {'pos': (648, 41), 'rel': (5, 6), 'buttons': (0, 0, 0), 'window': None})>
2019-07-17 15:28:16,239 - BDM-WAM 1563373673.1892061 - INFO - <Event(4-MouseMotion {'pos': (652, 48), 'rel': (4, 7), 'buttons': (0, 0, 0), 'window': None})>
2019-07-17 15:28:16,261 - BDM-WAM 1563373673.1892061 - INFO - <Event(4-MouseMotion {'pos': (656, 63), 'rel': (4, 15), 'buttons': (0, 0, 0), 'window': None})>
2019-07-17 15:28:16,277 - BDM-WAM 1563373673.1892061 - INFO - <Event(4-MouseMotion {'pos': (655, 70), 'rel': (-1, 7), 'buttons': (0, 0, 0), 'window': None})>
2019-07-17 15:28:16,292 - BDM-WAM 1563373673.1892061 - INFO - <Event(4-MouseMotion {'pos': (652, 81), 'rel': (-3, 11), 'buttons': (0, 0, 0), 'window': None})>
2019-07-17 15:28:16,307 - BDM-WAM 1563373673.1892061 - INFO - <Event(4-MouseMotion {'pos': (650, 83), 'rel': (-2, 2), 'buttons': (0, 0, 0), 'window': None})>
2019-07-17 15:28:16,423 - BDM-WAM 1563373673.1892061 - INFO - <Event(5-MouseButtonDown {'pos': (650, 83), 'button': 1, 'window': None})>
2019-07-17 15:28:16,425 - BDM-WAM 1563373673.1892061 - INFO - <Event(9.2-Fake Miss {'pos': (650,83), 'window': None})>
2019-07-17 15:28:16,522 - BDM-WAM 1563373673.1892061 - INFO - <Event(6-MouseButtonUp {'pos': (650, 83), 'button': 1, 'window': None})>
2019-07-17 15:28:16,929 - BDM-WAM 1563373673.1892061 - INFO - <Event(4-MouseMotion {'pos': (670, 72), 'rel': (20, -11), 'buttons': (0, 0, 0), 'window': None})>
2019-07-17 15:28:16,944 - BDM-WAM 1563373673.1892061 - INFO - <Event(4-MouseMotion {'pos': (696, 53), 'rel': (26, -19), 'buttons': (0, 0, 0), 'window': None})>
2019-07-17 15:28:16,960 - BDM-WAM 1563373673.1892061 - INFO - <Event(4-MouseMotion {'pos': (717, 36), 'rel': (21, -17), 'buttons': (0, 0, 0), 'window': None})>
2019-07-17 15:28:16,977 - BDM-WAM 1563373673.1892061 - INFO - <Event(4-MouseMotion {'pos': (732, 23), 'rel': (15, -13), 'buttons': (0, 0, 0), 'window': None})>
2019-07-17 15:28:16,993 - BDM-WAM 1563373673.1892061 - INFO - <Event(4-MouseMotion {'pos': (744, 9), 'rel': (12, -14), 'buttons': (0, 0, 0), 'window': None})>
2019-07-17 15:28:17,015 - BDM-WAM 1563373673.1892061 - INFO - <Event(1-ActiveEvent {'gain': 0, 'state': 1})>
2019-07-17 15:28:18,233 - BDM-WAM 1563373673.1892061 - INFO - <Event(12-Quit {})>
