2019-11-25 12:40:43,317 - BDM-WAM 1574685643.2220721 - INFO - <Event(17-VideoExpose {})>
2019-11-25 12:40:46,002 - BDM-WAM 1574685643.2220721 - INFO - <Event(1-ActiveEvent {'gain': 0, 'state': 1})>
2019-11-25 12:40:46,002 - BDM-WAM 1574685643.2220721 - INFO - <Event(4-MouseMotion {'pos': (668, 513), 'window': None, 'buttons': (0, 0, 0), 'rel': (669, 514)})>
2019-11-25 12:40:46,066 - BDM-WAM 1574685643.2220721 - INFO - <Event(10-MoleUp) {'loc': (658,232)})>
2019-11-25 12:40:46,068 - BDM-WAM 1574685643.2220721 - INFO - <Event(3-KeyUp {'key': 99, 'window': None, 'mod': 0, 'scancode': 46})>
2019-11-25 12:40:46,174 - BDM-WAM 1574685643.2220721 - INFO - <Event(10-MoleUp) {'loc': (658,232)})>
2019-11-25 12:40:46,290 - BDM-WAM 1574685643.2220721 - INFO - <Event(10-MoleUp) {'loc': (658,232)})>
2019-11-25 12:40:46,394 - BDM-WAM 1574685643.2220721 - INFO - <Event(4-MouseMotion {'pos': (600, 465), 'window': None, 'buttons': (0, 0, 0), 'rel': (11, 29)})>
2019-11-25 12:40:46,411 - BDM-WAM 1574685643.2220721 - INFO - <Event(4-MouseMotion {'pos': (604, 473), 'window': None, 'buttons': (0, 0, 0), 'rel': (4, 8)})>
2019-11-25 12:40:46,429 - BDM-WAM 1574685643.2220721 - INFO - <Event(4-MouseMotion {'pos': (605, 476), 'window': None, 'buttons': (0, 0, 0), 'rel': (1, 3)})>
2019-11-25 12:40:46,446 - BDM-WAM 1574685643.2220721 - INFO - <Event(4-MouseMotion {'pos': (605, 477), 'window': None, 'buttons': (0, 0, 0), 'rel': (0, 1)})>
2019-11-25 12:40:46,463 - BDM-WAM 1574685643.2220721 - INFO - <Event(4-MouseMotion {'pos': (602, 451), 'window': None, 'buttons': (0, 0, 0), 'rel': (-3, -26)})>
2019-11-25 12:40:46,479 - BDM-WAM 1574685643.2220721 - INFO - <Event(4-MouseMotion {'pos': (603, 404), 'window': None, 'buttons': (0, 0, 0), 'rel': (1, -47)})>
2019-11-25 12:40:46,497 - BDM-WAM 1574685643.2220721 - INFO - <Event(4-MouseMotion {'pos': (611, 361), 'window': None, 'buttons': (0, 0, 0), 'rel': (8, -43)})>
2019-11-25 12:40:46,513 - BDM-WAM 1574685643.2220721 - INFO - <Event(4-MouseMotion {'pos': (621, 333), 'window': None, 'buttons': (0, 0, 0), 'rel': (10, -28)})>
2019-11-25 12:40:46,531 - BDM-WAM 1574685643.2220721 - INFO - <Event(4-MouseMotion {'pos': (635, 313), 'window': None, 'buttons': (0, 0, 0), 'rel': (14, -20)})>
2019-11-25 12:40:46,548 - BDM-WAM 1574685643.2220721 - INFO - <Event(4-MouseMotion {'pos': (659, 293), 'window': None, 'buttons': (0, 0, 0), 'rel': (24, -20)})>
2019-11-25 12:40:46,566 - BDM-WAM 1574685643.2220721 - INFO - <Event(4-MouseMotion {'pos': (675, 285), 'window': None, 'buttons': (0, 0, 0), 'rel': (16, -8)})>
2019-11-25 12:40:46,583 - BDM-WAM 1574685643.2220721 - INFO - <Event(4-MouseMotion {'pos': (685, 281), 'window': None, 'buttons': (0, 0, 0), 'rel': (10, -4)})>
2019-11-25 12:40:46,600 - BDM-WAM 1574685643.2220721 - INFO - <Event(4-MouseMotion {'pos': (695, 277), 'window': None, 'buttons': (0, 0, 0), 'rel': (10, -4)})>
2019-11-25 12:40:46,617 - BDM-WAM 1574685643.2220721 - INFO - <Event(4-MouseMotion {'pos': (700, 276), 'window': None, 'buttons': (0, 0, 0), 'rel': (5, -1)})>
2019-11-25 12:40:46,633 - BDM-WAM 1574685643.2220721 - INFO - <Event(4-MouseMotion {'pos': (700, 275), 'window': None, 'buttons': (0, 0, 0), 'rel': (0, -1)})>
2019-11-25 12:40:46,650 - BDM-WAM 1574685643.2220721 - INFO - <Event(4-MouseMotion {'pos': (701, 273), 'window': None, 'buttons': (0, 0, 0), 'rel': (1, -2)})>
2019-11-25 12:40:46,667 - BDM-WAM 1574685643.2220721 - INFO - <Event(4-MouseMotion {'pos': (701, 269), 'window': None, 'buttons': (0, 0, 0), 'rel': (0, -4)})>
2019-11-25 12:40:46,684 - BDM-WAM 1574685643.2220721 - INFO - <Event(4-MouseMotion {'pos': (701, 266), 'window': None, 'buttons': (0, 0, 0), 'rel': (0, -3)})>
2019-11-25 12:40:46,701 - BDM-WAM 1574685643.2220721 - INFO - <Event(4-MouseMotion {'pos': (703, 261), 'window': None, 'buttons': (0, 0, 0), 'rel': (2, -5)})>
2019-11-25 12:40:46,718 - BDM-WAM 1574685643.2220721 - INFO - <Event(4-MouseMotion {'pos': (704, 260), 'window': None, 'buttons': (0, 0, 0), 'rel': (1, -1)})>
2019-11-25 12:40:46,736 - BDM-WAM 1574685643.2220721 - INFO - <Event(4-MouseMotion {'pos': (706, 257), 'window': None, 'buttons': (0, 0, 0), 'rel': (2, -3)})>
2019-11-25 12:40:46,752 - BDM-WAM 1574685643.2220721 - INFO - <Event(4-MouseMotion {'pos': (708, 254), 'window': None, 'buttons': (0, 0, 0), 'rel': (2, -3)})>
2019-11-25 12:40:46,770 - BDM-WAM 1574685643.2220721 - INFO - <Event(4-MouseMotion {'pos': (710, 253), 'window': None, 'buttons': (0, 0, 0), 'rel': (2, -1)})>
2019-11-25 12:40:46,787 - BDM-WAM 1574685643.2220721 - INFO - <Event(4-MouseMotion {'pos': (711, 252), 'window': None, 'buttons': (0, 0, 0), 'rel': (1, -1)})>
2019-11-25 12:40:46,804 - BDM-WAM 1574685643.2220721 - INFO - <Event(4-MouseMotion {'pos': (712, 252), 'window': None, 'buttons': (0, 0, 0), 'rel': (1, 0)})>
2019-11-25 12:40:46,839 - BDM-WAM 1574685643.2220721 - INFO - <Event(4-MouseMotion {'pos': (711, 257), 'window': None, 'buttons': (0, 0, 0), 'rel': (-1, 5)})>
2019-11-25 12:40:46,857 - BDM-WAM 1574685643.2220721 - INFO - <Event(4-MouseMotion {'pos': (705, 271), 'window': None, 'buttons': (0, 0, 0), 'rel': (-6, 14)})>
2019-11-25 12:40:46,874 - BDM-WAM 1574685643.2220721 - INFO - <Event(4-MouseMotion {'pos': (701, 277), 'window': None, 'buttons': (0, 0, 0), 'rel': (-4, 6)})>
2019-11-25 12:40:46,889 - BDM-WAM 1574685643.2220721 - INFO - <Event(4-MouseMotion {'pos': (700, 281), 'window': None, 'buttons': (0, 0, 0), 'rel': (-1, 4)})>
2019-11-25 12:40:47,009 - BDM-WAM 1574685643.2220721 - INFO - <Event(5-MouseButtonDown {'pos': (700, 281), 'window': None, 'button': 1})>
2019-11-25 12:40:47,009 - BDM-WAM 1574685643.2220721 - INFO - <Event(8-Pause {'reason': <bound method GameManager.pause of <game.GameManager object at 0x00000205D465E4E0>> })>
2019-11-25 12:40:48,294 - BDM-WAM 1574685643.2220721 - INFO - <Event(7-Rate {'hit_conf': 5 })>
2019-11-25 12:40:48,413 - BDM-WAM 1574685643.2220721 - INFO - <Event(7-Rate {'reward_conf': 5 })>
2019-11-25 12:40:48,578 - BDM-WAM 1574685643.2220721 - INFO - <Event(7-Rate {'player_skill': 5 })>
2019-11-25 12:40:48,578 - BDM-WAM 1574685643.2220721 - INFO - <Event(9.1-True Hit {'pos': (700,281),'distance: 64.53681120105021,'relative_loc: (42, 49),'window': None})>
2019-11-25 12:40:48,606 - BDM-WAM 1574685643.2220721 - INFO - <Event(10-MoleUp) {'loc': (658,232)})>
2019-11-25 12:40:48,642 - BDM-WAM 1574685643.2220721 - INFO - <Event(3-KeyUp {'key': 53, 'window': None, 'mod': 0, 'scancode': 6})>
2019-11-25 12:40:48,909 - BDM-WAM 1574685643.2220721 - INFO - <Event(10-MoleUp) {'loc': (658,232)})>
2019-11-25 12:40:49,016 - BDM-WAM 1574685643.2220721 - INFO - <Event(10-MoleUp) {'loc': (658,232)})>
2019-11-25 12:40:49,147 - BDM-WAM 1574685643.2220721 - INFO - <Event(4-MouseMotion {'pos': (539, 249), 'window': None, 'buttons': (0, 0, 0), 'rel': (-9, 1)})>
2019-11-25 12:40:49,163 - BDM-WAM 1574685643.2220721 - INFO - <Event(4-MouseMotion {'pos': (525, 253), 'window': None, 'buttons': (0, 0, 0), 'rel': (-14, 4)})>
2019-11-25 12:40:49,180 - BDM-WAM 1574685643.2220721 - INFO - <Event(4-MouseMotion {'pos': (513, 256), 'window': None, 'buttons': (0, 0, 0), 'rel': (-12, 3)})>
2019-11-25 12:40:49,197 - BDM-WAM 1574685643.2220721 - INFO - <Event(4-MouseMotion {'pos': (504, 257), 'window': None, 'buttons': (0, 0, 0), 'rel': (-9, 1)})>
2019-11-25 12:40:49,214 - BDM-WAM 1574685643.2220721 - INFO - <Event(4-MouseMotion {'pos': (497, 257), 'window': None, 'buttons': (0, 0, 0), 'rel': (-7, 0)})>
2019-11-25 12:40:49,231 - BDM-WAM 1574685643.2220721 - INFO - <Event(4-MouseMotion {'pos': (488, 257), 'window': None, 'buttons': (0, 0, 0), 'rel': (-9, 0)})>
2019-11-25 12:40:49,248 - BDM-WAM 1574685643.2220721 - INFO - <Event(4-MouseMotion {'pos': (484, 255), 'window': None, 'buttons': (0, 0, 0), 'rel': (-4, -2)})>
2019-11-25 12:40:49,265 - BDM-WAM 1574685643.2220721 - INFO - <Event(4-MouseMotion {'pos': (480, 251), 'window': None, 'buttons': (0, 0, 0), 'rel': (-4, -4)})>
2019-11-25 12:40:49,283 - BDM-WAM 1574685643.2220721 - INFO - <Event(4-MouseMotion {'pos': (472, 247), 'window': None, 'buttons': (0, 0, 0), 'rel': (-8, -4)})>
2019-11-25 12:40:49,300 - BDM-WAM 1574685643.2220721 - INFO - <Event(4-MouseMotion {'pos': (454, 237), 'window': None, 'buttons': (0, 0, 0), 'rel': (-18, -10)})>
2019-11-25 12:40:49,315 - BDM-WAM 1574685643.2220721 - INFO - <Event(4-MouseMotion {'pos': (440, 230), 'window': None, 'buttons': (0, 0, 0), 'rel': (-14, -7)})>
2019-11-25 12:40:49,331 - BDM-WAM 1574685643.2220721 - INFO - <Event(4-MouseMotion {'pos': (425, 221), 'window': None, 'buttons': (0, 0, 0), 'rel': (-15, -9)})>
2019-11-25 12:40:49,348 - BDM-WAM 1574685643.2220721 - INFO - <Event(4-MouseMotion {'pos': (411, 213), 'window': None, 'buttons': (0, 0, 0), 'rel': (-14, -8)})>
2019-11-25 12:40:49,366 - BDM-WAM 1574685643.2220721 - INFO - <Event(4-MouseMotion {'pos': (398, 205), 'window': None, 'buttons': (0, 0, 0), 'rel': (-13, -8)})>
2019-11-25 12:40:49,382 - BDM-WAM 1574685643.2220721 - INFO - <Event(4-MouseMotion {'pos': (385, 196), 'window': None, 'buttons': (0, 0, 0), 'rel': (-13, -9)})>
2019-11-25 12:40:49,399 - BDM-WAM 1574685643.2220721 - INFO - <Event(4-MouseMotion {'pos': (370, 185), 'window': None, 'buttons': (0, 0, 0), 'rel': (-15, -11)})>
2019-11-25 12:40:49,415 - BDM-WAM 1574685643.2220721 - INFO - <Event(4-MouseMotion {'pos': (363, 182), 'window': None, 'buttons': (0, 0, 0), 'rel': (-7, -3)})>
2019-11-25 12:40:49,432 - BDM-WAM 1574685643.2220721 - INFO - <Event(4-MouseMotion {'pos': (359, 178), 'window': None, 'buttons': (0, 0, 0), 'rel': (-4, -4)})>
2019-11-25 12:40:49,450 - BDM-WAM 1574685643.2220721 - INFO - <Event(4-MouseMotion {'pos': (357, 177), 'window': None, 'buttons': (0, 0, 0), 'rel': (-2, -1)})>
2019-11-25 12:40:49,467 - BDM-WAM 1574685643.2220721 - INFO - <Event(4-MouseMotion {'pos': (356, 177), 'window': None, 'buttons': (0, 0, 0), 'rel': (-1, 0)})>
2019-11-25 12:40:49,483 - BDM-WAM 1574685643.2220721 - INFO - <Event(4-MouseMotion {'pos': (355, 176), 'window': None, 'buttons': (0, 0, 0), 'rel': (-1, -1)})>
2019-11-25 12:40:49,525 - BDM-WAM 1574685643.2220721 - INFO - <Event(10-MoleUp) {'loc': (464,119)})>
2019-11-25 12:40:49,543 - BDM-WAM 1574685643.2220721 - INFO - <Event(4-MouseMotion {'pos': (353, 176), 'window': None, 'buttons': (0, 0, 0), 'rel': (-2, 0)})>
2019-11-25 12:40:49,561 - BDM-WAM 1574685643.2220721 - INFO - <Event(4-MouseMotion {'pos': (353, 178), 'window': None, 'buttons': (0, 0, 0), 'rel': (0, 2)})>
2019-11-25 12:40:49,577 - BDM-WAM 1574685643.2220721 - INFO - <Event(4-MouseMotion {'pos': (352, 181), 'window': None, 'buttons': (0, 0, 0), 'rel': (-1, 3)})>
2019-11-25 12:40:49,594 - BDM-WAM 1574685643.2220721 - INFO - <Event(4-MouseMotion {'pos': (352, 182), 'window': None, 'buttons': (0, 0, 0), 'rel': (0, 1)})>
2019-11-25 12:40:49,633 - BDM-WAM 1574685643.2220721 - INFO - <Event(10-MoleUp) {'loc': (464,119)})>
2019-11-25 12:40:49,634 - BDM-WAM 1574685643.2220721 - INFO - <Event(4-MouseMotion {'pos': (344, 194), 'window': None, 'buttons': (0, 0, 0), 'rel': (-8, 12)})>
2019-11-25 12:40:49,651 - BDM-WAM 1574685643.2220721 - INFO - <Event(4-MouseMotion {'pos': (332, 203), 'window': None, 'buttons': (0, 0, 0), 'rel': (-12, 9)})>
2019-11-25 12:40:49,669 - BDM-WAM 1574685643.2220721 - INFO - <Event(4-MouseMotion {'pos': (301, 213), 'window': None, 'buttons': (0, 0, 0), 'rel': (-31, 10)})>
2019-11-25 12:40:49,688 - BDM-WAM 1574685643.2220721 - INFO - <Event(4-MouseMotion {'pos': (284, 216), 'window': None, 'buttons': (0, 0, 0), 'rel': (-17, 3)})>
2019-11-25 12:40:49,703 - BDM-WAM 1574685643.2220721 - INFO - <Event(4-MouseMotion {'pos': (272, 218), 'window': None, 'buttons': (0, 0, 0), 'rel': (-12, 2)})>
2019-11-25 12:40:49,748 - BDM-WAM 1574685643.2220721 - INFO - <Event(10-MoleUp) {'loc': (464,119)})>
2019-11-25 12:40:49,750 - BDM-WAM 1574685643.2220721 - INFO - <Event(4-MouseMotion {'pos': (256, 219), 'window': None, 'buttons': (0, 0, 0), 'rel': (-16, 1)})>
2019-11-25 12:40:49,785 - BDM-WAM 1574685643.2220721 - INFO - <Event(4-MouseMotion {'pos': (263, 213), 'window': None, 'buttons': (0, 0, 0), 'rel': (7, -6)})>
2019-11-25 12:40:49,802 - BDM-WAM 1574685643.2220721 - INFO - <Event(4-MouseMotion {'pos': (328, 185), 'window': None, 'buttons': (0, 0, 0), 'rel': (65, -28)})>
2019-11-25 12:40:49,821 - BDM-WAM 1574685643.2220721 - INFO - <Event(4-MouseMotion {'pos': (420, 157), 'window': None, 'buttons': (0, 0, 0), 'rel': (92, -28)})>
2019-11-25 12:40:49,837 - BDM-WAM 1574685643.2220721 - INFO - <Event(4-MouseMotion {'pos': (452, 149), 'window': None, 'buttons': (0, 0, 0), 'rel': (32, -8)})>
2019-11-25 12:40:49,854 - BDM-WAM 1574685643.2220721 - INFO - <Event(4-MouseMotion {'pos': (468, 145), 'window': None, 'buttons': (0, 0, 0), 'rel': (16, -4)})>
2019-11-25 12:40:49,871 - BDM-WAM 1574685643.2220721 - INFO - <Event(4-MouseMotion {'pos': (474, 144), 'window': None, 'buttons': (0, 0, 0), 'rel': (6, -1)})>
2019-11-25 12:40:49,889 - BDM-WAM 1574685643.2220721 - INFO - <Event(4-MouseMotion {'pos': (477, 142), 'window': None, 'buttons': (0, 0, 0), 'rel': (3, -2)})>
2019-11-25 12:40:49,906 - BDM-WAM 1574685643.2220721 - INFO - <Event(4-MouseMotion {'pos': (479, 142), 'window': None, 'buttons': (0, 0, 0), 'rel': (2, 0)})>
2019-11-25 12:40:50,143 - BDM-WAM 1574685643.2220721 - INFO - <Event(4-MouseMotion {'pos': (481, 143), 'window': None, 'buttons': (0, 0, 0), 'rel': (2, 1)})>
2019-11-25 12:40:50,159 - BDM-WAM 1574685643.2220721 - INFO - <Event(4-MouseMotion {'pos': (482, 145), 'window': None, 'buttons': (0, 0, 0), 'rel': (1, 2)})>
2019-11-25 12:40:50,177 - BDM-WAM 1574685643.2220721 - INFO - <Event(4-MouseMotion {'pos': (483, 145), 'window': None, 'buttons': (0, 0, 0), 'rel': (1, 0)})>
2019-11-25 12:40:50,245 - BDM-WAM 1574685643.2220721 - INFO - <Event(5-MouseButtonDown {'pos': (483, 145), 'window': None, 'button': 1})>
2019-11-25 12:40:50,246 - BDM-WAM 1574685643.2220721 - INFO - <Event(8-Pause {'reason': <bound method GameManager.pause of <game.GameManager object at 0x00000205D465E4E0>> })>
2019-11-25 12:40:51,150 - BDM-WAM 1574685643.2220721 - INFO - <Event(7-Rate {'hit_conf': 3 })>
2019-11-25 12:40:51,311 - BDM-WAM 1574685643.2220721 - INFO - <Event(7-Rate {'reward_conf': 4 })>
2019-11-25 12:40:51,462 - BDM-WAM 1574685643.2220721 - INFO - <Event(7-Rate {'player_skill': 4 })>
2019-11-25 12:40:51,463 - BDM-WAM 1574685643.2220721 - INFO - <Event(9.1-True Hit {'pos': (483,145),'distance: 32.202484376209235,'relative_loc: (19, 26),'window': None})>
2019-11-25 12:40:51,503 - BDM-WAM 1574685643.2220721 - INFO - <Event(10-MoleUp) {'loc': (464,119)})>
2019-11-25 12:40:51,538 - BDM-WAM 1574685643.2220721 - INFO - <Event(3-KeyUp {'key': 52, 'window': None, 'mod': 0, 'scancode': 5})>
2019-11-25 12:40:51,803 - BDM-WAM 1574685643.2220721 - INFO - <Event(10-MoleUp) {'loc': (464,119)})>
2019-11-25 12:40:51,916 - BDM-WAM 1574685643.2220721 - INFO - <Event(10-MoleUp) {'loc': (464,119)})>
2019-11-25 12:40:52,060 - BDM-WAM 1574685643.2220721 - INFO - <Event(4-MouseMotion {'pos': (490, 157), 'window': None, 'buttons': (0, 0, 0), 'rel': (7, 12)})>
2019-11-25 12:40:52,076 - BDM-WAM 1574685643.2220721 - INFO - <Event(4-MouseMotion {'pos': (496, 169), 'window': None, 'buttons': (0, 0, 0), 'rel': (6, 12)})>
2019-11-25 12:40:52,095 - BDM-WAM 1574685643.2220721 - INFO - <Event(4-MouseMotion {'pos': (502, 176), 'window': None, 'buttons': (0, 0, 0), 'rel': (6, 7)})>
2019-11-25 12:40:52,112 - BDM-WAM 1574685643.2220721 - INFO - <Event(4-MouseMotion {'pos': (504, 182), 'window': None, 'buttons': (0, 0, 0), 'rel': (2, 6)})>
2019-11-25 12:40:52,129 - BDM-WAM 1574685643.2220721 - INFO - <Event(4-MouseMotion {'pos': (506, 197), 'window': None, 'buttons': (0, 0, 0), 'rel': (2, 15)})>
2019-11-25 12:40:52,145 - BDM-WAM 1574685643.2220721 - INFO - <Event(4-MouseMotion {'pos': (501, 213), 'window': None, 'buttons': (0, 0, 0), 'rel': (-5, 16)})>
2019-11-25 12:40:52,162 - BDM-WAM 1574685643.2220721 - INFO - <Event(4-MouseMotion {'pos': (493, 226), 'window': None, 'buttons': (0, 0, 0), 'rel': (-8, 13)})>
2019-11-25 12:40:52,178 - BDM-WAM 1574685643.2220721 - INFO - <Event(4-MouseMotion {'pos': (485, 236), 'window': None, 'buttons': (0, 0, 0), 'rel': (-8, 10)})>
2019-11-25 12:40:52,195 - BDM-WAM 1574685643.2220721 - INFO - <Event(4-MouseMotion {'pos': (473, 248), 'window': None, 'buttons': (0, 0, 0), 'rel': (-12, 12)})>
2019-11-25 12:40:52,212 - BDM-WAM 1574685643.2220721 - INFO - <Event(4-MouseMotion {'pos': (456, 259), 'window': None, 'buttons': (0, 0, 0), 'rel': (-17, 11)})>
2019-11-25 12:40:52,229 - BDM-WAM 1574685643.2220721 - INFO - <Event(4-MouseMotion {'pos': (426, 270), 'window': None, 'buttons': (0, 0, 0), 'rel': (-30, 11)})>
2019-11-25 12:40:52,247 - BDM-WAM 1574685643.2220721 - INFO - <Event(4-MouseMotion {'pos': (408, 273), 'window': None, 'buttons': (0, 0, 0), 'rel': (-18, 3)})>
2019-11-25 12:40:52,264 - BDM-WAM 1574685643.2220721 - INFO - <Event(4-MouseMotion {'pos': (390, 273), 'window': None, 'buttons': (0, 0, 0), 'rel': (-18, 0)})>
2019-11-25 12:40:52,281 - BDM-WAM 1574685643.2220721 - INFO - <Event(4-MouseMotion {'pos': (375, 271), 'window': None, 'buttons': (0, 0, 0), 'rel': (-15, -2)})>
2019-11-25 12:40:52,298 - BDM-WAM 1574685643.2220721 - INFO - <Event(4-MouseMotion {'pos': (363, 269), 'window': None, 'buttons': (0, 0, 0), 'rel': (-12, -2)})>
2019-11-25 12:40:52,314 - BDM-WAM 1574685643.2220721 - INFO - <Event(4-MouseMotion {'pos': (360, 269), 'window': None, 'buttons': (0, 0, 0), 'rel': (-3, 0)})>
2019-11-25 12:40:52,331 - BDM-WAM 1574685643.2220721 - INFO - <Event(4-MouseMotion {'pos': (358, 269), 'window': None, 'buttons': (0, 0, 0), 'rel': (-2, 0)})>
2019-11-25 12:40:52,349 - BDM-WAM 1574685643.2220721 - INFO - <Event(4-MouseMotion {'pos': (357, 269), 'window': None, 'buttons': (0, 0, 0), 'rel': (-1, 0)})>
2019-11-25 12:40:52,366 - BDM-WAM 1574685643.2220721 - INFO - <Event(4-MouseMotion {'pos': (356, 269), 'window': None, 'buttons': (0, 0, 0), 'rel': (-1, 0)})>
2019-11-25 12:40:52,427 - BDM-WAM 1574685643.2220721 - INFO - <Event(10-MoleUp) {'loc': (636,366)})>
2019-11-25 12:40:52,428 - BDM-WAM 1574685643.2220721 - INFO - <Event(4-MouseMotion {'pos': (372, 275), 'window': None, 'buttons': (0, 0, 0), 'rel': (16, 6)})>
2019-11-25 12:40:52,447 - BDM-WAM 1574685643.2220721 - INFO - <Event(4-MouseMotion {'pos': (389, 280), 'window': None, 'buttons': (0, 0, 0), 'rel': (17, 5)})>
2019-11-25 12:40:52,465 - BDM-WAM 1574685643.2220721 - INFO - <Event(4-MouseMotion {'pos': (407, 281), 'window': None, 'buttons': (0, 0, 0), 'rel': (18, 1)})>
2019-11-25 12:40:52,482 - BDM-WAM 1574685643.2220721 - INFO - <Event(4-MouseMotion {'pos': (422, 281), 'window': None, 'buttons': (0, 0, 0), 'rel': (15, 0)})>
2019-11-25 12:40:52,498 - BDM-WAM 1574685643.2220721 - INFO - <Event(4-MouseMotion {'pos': (426, 281), 'window': None, 'buttons': (0, 0, 0), 'rel': (4, 0)})>
2019-11-25 12:40:52,542 - BDM-WAM 1574685643.2220721 - INFO - <Event(10-MoleUp) {'loc': (636,366)})>
2019-11-25 12:40:52,543 - BDM-WAM 1574685643.2220721 - INFO - <Event(4-MouseMotion {'pos': (428, 281), 'window': None, 'buttons': (0, 0, 0), 'rel': (2, 0)})>
2019-11-25 12:40:52,578 - BDM-WAM 1574685643.2220721 - INFO - <Event(4-MouseMotion {'pos': (428, 279), 'window': None, 'buttons': (0, 0, 0), 'rel': (0, -2)})>
2019-11-25 12:40:52,595 - BDM-WAM 1574685643.2220721 - INFO - <Event(4-MouseMotion {'pos': (428, 277), 'window': None, 'buttons': (0, 0, 0), 'rel': (0, -2)})>
2019-11-25 12:40:52,613 - BDM-WAM 1574685643.2220721 - INFO - <Event(4-MouseMotion {'pos': (426, 274), 'window': None, 'buttons': (0, 0, 0), 'rel': (-2, -3)})>
2019-11-25 12:40:52,657 - BDM-WAM 1574685643.2220721 - INFO - <Event(10-MoleUp) {'loc': (636,366)})>
2019-11-25 12:40:52,659 - BDM-WAM 1574685643.2220721 - INFO - <Event(4-MouseMotion {'pos': (425, 273), 'window': None, 'buttons': (0, 0, 0), 'rel': (-1, -1)})>
2019-11-25 12:40:52,695 - BDM-WAM 1574685643.2220721 - INFO - <Event(4-MouseMotion {'pos': (426, 274), 'window': None, 'buttons': (0, 0, 0), 'rel': (1, 1)})>
2019-11-25 12:40:52,712 - BDM-WAM 1574685643.2220721 - INFO - <Event(4-MouseMotion {'pos': (444, 289), 'window': None, 'buttons': (0, 0, 0), 'rel': (18, 15)})>
2019-11-25 12:40:52,729 - BDM-WAM 1574685643.2220721 - INFO - <Event(4-MouseMotion {'pos': (491, 317), 'window': None, 'buttons': (0, 0, 0), 'rel': (47, 28)})>
2019-11-25 12:40:52,746 - BDM-WAM 1574685643.2220721 - INFO - <Event(4-MouseMotion {'pos': (564, 351), 'window': None, 'buttons': (0, 0, 0), 'rel': (73, 34)})>
2019-11-25 12:40:52,763 - BDM-WAM 1574685643.2220721 - INFO - <Event(4-MouseMotion {'pos': (613, 378), 'window': None, 'buttons': (0, 0, 0), 'rel': (49, 27)})>
2019-11-25 12:40:52,780 - BDM-WAM 1574685643.2220721 - INFO - <Event(4-MouseMotion {'pos': (648, 398), 'window': None, 'buttons': (0, 0, 0), 'rel': (35, 20)})>
2019-11-25 12:40:52,796 - BDM-WAM 1574685643.2220721 - INFO - <Event(4-MouseMotion {'pos': (656, 403), 'window': None, 'buttons': (0, 0, 0), 'rel': (8, 5)})>
2019-11-25 12:40:52,813 - BDM-WAM 1574685643.2220721 - INFO - <Event(4-MouseMotion {'pos': (659, 405), 'window': None, 'buttons': (0, 0, 0), 'rel': (3, 2)})>
2019-11-25 12:40:52,831 - BDM-WAM 1574685643.2220721 - INFO - <Event(4-MouseMotion {'pos': (661, 405), 'window': None, 'buttons': (0, 0, 0), 'rel': (2, 0)})>
2019-11-25 12:40:52,848 - BDM-WAM 1574685643.2220721 - INFO - <Event(4-MouseMotion {'pos': (663, 406), 'window': None, 'buttons': (0, 0, 0), 'rel': (2, 1)})>
2019-11-25 12:40:52,865 - BDM-WAM 1574685643.2220721 - INFO - <Event(4-MouseMotion {'pos': (663, 407), 'window': None, 'buttons': (0, 0, 0), 'rel': (0, 1)})>
2019-11-25 12:40:52,881 - BDM-WAM 1574685643.2220721 - INFO - <Event(4-MouseMotion {'pos': (664, 407), 'window': None, 'buttons': (0, 0, 0), 'rel': (1, 0)})>
2019-11-25 12:40:52,899 - BDM-WAM 1574685643.2220721 - INFO - <Event(4-MouseMotion {'pos': (664, 409), 'window': None, 'buttons': (0, 0, 0), 'rel': (0, 2)})>
2019-11-25 12:40:52,916 - BDM-WAM 1574685643.2220721 - INFO - <Event(4-MouseMotion {'pos': (665, 410), 'window': None, 'buttons': (0, 0, 0), 'rel': (1, 1)})>
2019-11-25 12:40:52,933 - BDM-WAM 1574685643.2220721 - INFO - <Event(4-MouseMotion {'pos': (667, 413), 'window': None, 'buttons': (0, 0, 0), 'rel': (2, 3)})>
2019-11-25 12:40:52,953 - BDM-WAM 1574685643.2220721 - INFO - <Event(4-MouseMotion {'pos': (670, 417), 'window': None, 'buttons': (0, 0, 0), 'rel': (3, 4)})>
2019-11-25 12:40:52,967 - BDM-WAM 1574685643.2220721 - INFO - <Event(4-MouseMotion {'pos': (672, 419), 'window': None, 'buttons': (0, 0, 0), 'rel': (2, 2)})>
2019-11-25 12:40:53,002 - BDM-WAM 1574685643.2220721 - INFO - <Event(4-MouseMotion {'pos': (673, 421), 'window': None, 'buttons': (0, 0, 0), 'rel': (1, 2)})>
2019-11-25 12:40:53,020 - BDM-WAM 1574685643.2220721 - INFO - <Event(4-MouseMotion {'pos': (674, 422), 'window': None, 'buttons': (0, 0, 0), 'rel': (1, 1)})>
2019-11-25 12:40:53,137 - BDM-WAM 1574685643.2220721 - INFO - <Event(5-MouseButtonDown {'pos': (674, 422), 'window': None, 'button': 1})>
2019-11-25 12:40:53,137 - BDM-WAM 1574685643.2220721 - INFO - <Event(8-Pause {'reason': <bound method GameManager.pause of <game.GameManager object at 0x00000205D465E4E0>> })>
2019-11-25 12:40:53,741 - BDM-WAM 1574685643.2220721 - INFO - <Event(7-Rate {'hit_conf': 5 })>
2019-11-25 12:40:53,897 - BDM-WAM 1574685643.2220721 - INFO - <Event(7-Rate {'reward_conf': 5 })>
2019-11-25 12:40:54,022 - BDM-WAM 1574685643.2220721 - INFO - <Event(7-Rate {'player_skill': 5 })>
2019-11-25 12:40:54,022 - BDM-WAM 1574685643.2220721 - INFO - <Event(9.1-True Hit {'pos': (674,422),'distance: 67.67569726275453,'relative_loc: (38, 56),'window': None})>
2019-11-25 12:40:54,048 - BDM-WAM 1574685643.2220721 - INFO - <Event(10-MoleUp) {'loc': (636,366)})>
2019-11-25 12:40:54,102 - BDM-WAM 1574685643.2220721 - INFO - <Event(3-KeyUp {'key': 53, 'window': None, 'mod': 0, 'scancode': 6})>
2019-11-25 12:40:54,353 - BDM-WAM 1574685643.2220721 - INFO - <Event(10-MoleUp) {'loc': (636,366)})>
2019-11-25 12:40:54,466 - BDM-WAM 1574685643.2220721 - INFO - <Event(10-MoleUp) {'loc': (636,366)})>
2019-11-25 12:40:54,597 - BDM-WAM 1574685643.2220721 - INFO - <Event(4-MouseMotion {'pos': (670, 425), 'window': None, 'buttons': (0, 0, 0), 'rel': (-4, 3)})>
2019-11-25 12:40:54,614 - BDM-WAM 1574685643.2220721 - INFO - <Event(4-MouseMotion {'pos': (645, 425), 'window': None, 'buttons': (0, 0, 0), 'rel': (-25, 0)})>
2019-11-25 12:40:54,631 - BDM-WAM 1574685643.2220721 - INFO - <Event(4-MouseMotion {'pos': (611, 420), 'window': None, 'buttons': (0, 0, 0), 'rel': (-34, -5)})>
2019-11-25 12:40:54,649 - BDM-WAM 1574685643.2220721 - INFO - <Event(4-MouseMotion {'pos': (570, 405), 'window': None, 'buttons': (0, 0, 0), 'rel': (-41, -15)})>
2019-11-25 12:40:54,665 - BDM-WAM 1574685643.2220721 - INFO - <Event(4-MouseMotion {'pos': (525, 385), 'window': None, 'buttons': (0, 0, 0), 'rel': (-45, -20)})>
2019-11-25 12:40:54,684 - BDM-WAM 1574685643.2220721 - INFO - <Event(4-MouseMotion {'pos': (478, 361), 'window': None, 'buttons': (0, 0, 0), 'rel': (-47, -24)})>
2019-11-25 12:40:54,700 - BDM-WAM 1574685643.2220721 - INFO - <Event(4-MouseMotion {'pos': (456, 348), 'window': None, 'buttons': (0, 0, 0), 'rel': (-22, -13)})>
2019-11-25 12:40:54,718 - BDM-WAM 1574685643.2220721 - INFO - <Event(4-MouseMotion {'pos': (443, 340), 'window': None, 'buttons': (0, 0, 0), 'rel': (-13, -8)})>
2019-11-25 12:40:54,736 - BDM-WAM 1574685643.2220721 - INFO - <Event(4-MouseMotion {'pos': (439, 337), 'window': None, 'buttons': (0, 0, 0), 'rel': (-4, -3)})>
2019-11-25 12:40:54,752 - BDM-WAM 1574685643.2220721 - INFO - <Event(4-MouseMotion {'pos': (438, 336), 'window': None, 'buttons': (0, 0, 0), 'rel': (-1, -1)})>
2019-11-25 12:40:54,985 - BDM-WAM 1574685643.2220721 - INFO - <Event(10-MoleUp) {'loc': (603,11)})>
2019-11-25 12:40:54,986 - BDM-WAM 1574685643.2220721 - INFO - <Event(4-MouseMotion {'pos': (433, 341), 'window': None, 'buttons': (0, 0, 0), 'rel': (-5, 5)})>
2019-11-25 12:40:54,991 - BDM-WAM 1574685643.2220721 - INFO - <Event(4-MouseMotion {'pos': (432, 342), 'window': None, 'buttons': (0, 0, 0), 'rel': (-1, 1)})>
2019-11-25 12:40:55,008 - BDM-WAM 1574685643.2220721 - INFO - <Event(4-MouseMotion {'pos': (428, 346), 'window': None, 'buttons': (0, 0, 0), 'rel': (-4, 4)})>
2019-11-25 12:40:55,025 - BDM-WAM 1574685643.2220721 - INFO - <Event(4-MouseMotion {'pos': (424, 349), 'window': None, 'buttons': (0, 0, 0), 'rel': (-4, 3)})>
2019-11-25 12:40:55,042 - BDM-WAM 1574685643.2220721 - INFO - <Event(4-MouseMotion {'pos': (421, 350), 'window': None, 'buttons': (0, 0, 0), 'rel': (-3, 1)})>
2019-11-25 12:40:55,087 - BDM-WAM 1574685643.2220721 - INFO - <Event(10-MoleUp) {'loc': (603,11)})>
2019-11-25 12:40:55,088 - BDM-WAM 1574685643.2220721 - INFO - <Event(4-MouseMotion {'pos': (419, 352), 'window': None, 'buttons': (0, 0, 0), 'rel': (-2, 2)})>
2019-11-25 12:40:55,108 - BDM-WAM 1574685643.2220721 - INFO - <Event(4-MouseMotion {'pos': (417, 352), 'window': None, 'buttons': (0, 0, 0), 'rel': (-2, 0)})>
2019-11-25 12:40:55,125 - BDM-WAM 1574685643.2220721 - INFO - <Event(4-MouseMotion {'pos': (416, 352), 'window': None, 'buttons': (0, 0, 0), 'rel': (-1, 0)})>
2019-11-25 12:40:55,204 - BDM-WAM 1574685643.2220721 - INFO - <Event(10-MoleUp) {'loc': (603,11)})>
2019-11-25 12:40:55,206 - BDM-WAM 1574685643.2220721 - INFO - <Event(4-MouseMotion {'pos': (420, 330), 'window': None, 'buttons': (0, 0, 0), 'rel': (4, -22)})>
2019-11-25 12:40:55,224 - BDM-WAM 1574685643.2220721 - INFO - <Event(4-MouseMotion {'pos': (432, 301), 'window': None, 'buttons': (0, 0, 0), 'rel': (12, -29)})>
2019-11-25 12:40:55,242 - BDM-WAM 1574685643.2220721 - INFO - <Event(4-MouseMotion {'pos': (469, 221), 'window': None, 'buttons': (0, 0, 0), 'rel': (37, -80)})>
2019-11-25 12:40:55,258 - BDM-WAM 1574685643.2220721 - INFO - <Event(4-MouseMotion {'pos': (496, 171), 'window': None, 'buttons': (0, 0, 0), 'rel': (27, -50)})>
2019-11-25 12:40:55,276 - BDM-WAM 1574685643.2220721 - INFO - <Event(4-MouseMotion {'pos': (525, 129), 'window': None, 'buttons': (0, 0, 0), 'rel': (29, -42)})>
2019-11-25 12:40:55,292 - BDM-WAM 1574685643.2220721 - INFO - <Event(4-MouseMotion {'pos': (548, 98), 'window': None, 'buttons': (0, 0, 0), 'rel': (23, -31)})>
2019-11-25 12:40:55,310 - BDM-WAM 1574685643.2220721 - INFO - <Event(4-MouseMotion {'pos': (563, 81), 'window': None, 'buttons': (0, 0, 0), 'rel': (15, -17)})>
2019-11-25 12:40:55,327 - BDM-WAM 1574685643.2220721 - INFO - <Event(4-MouseMotion {'pos': (573, 68), 'window': None, 'buttons': (0, 0, 0), 'rel': (10, -13)})>
2019-11-25 12:40:55,344 - BDM-WAM 1574685643.2220721 - INFO - <Event(4-MouseMotion {'pos': (578, 63), 'window': None, 'buttons': (0, 0, 0), 'rel': (5, -5)})>
2019-11-25 12:40:55,361 - BDM-WAM 1574685643.2220721 - INFO - <Event(4-MouseMotion {'pos': (581, 61), 'window': None, 'buttons': (0, 0, 0), 'rel': (3, -2)})>
2019-11-25 12:40:55,378 - BDM-WAM 1574685643.2220721 - INFO - <Event(4-MouseMotion {'pos': (584, 59), 'window': None, 'buttons': (0, 0, 0), 'rel': (3, -2)})>
2019-11-25 12:40:55,395 - BDM-WAM 1574685643.2220721 - INFO - <Event(4-MouseMotion {'pos': (589, 57), 'window': None, 'buttons': (0, 0, 0), 'rel': (5, -2)})>
2019-11-25 12:40:55,412 - BDM-WAM 1574685643.2220721 - INFO - <Event(4-MouseMotion {'pos': (592, 57), 'window': None, 'buttons': (0, 0, 0), 'rel': (3, 0)})>
2019-11-25 12:40:55,430 - BDM-WAM 1574685643.2220721 - INFO - <Event(4-MouseMotion {'pos': (594, 57), 'window': None, 'buttons': (0, 0, 0), 'rel': (2, 0)})>
2019-11-25 12:40:55,447 - BDM-WAM 1574685643.2220721 - INFO - <Event(4-MouseMotion {'pos': (596, 57), 'window': None, 'buttons': (0, 0, 0), 'rel': (2, 0)})>
2019-11-25 12:40:55,465 - BDM-WAM 1574685643.2220721 - INFO - <Event(4-MouseMotion {'pos': (599, 57), 'window': None, 'buttons': (0, 0, 0), 'rel': (3, 0)})>
2019-11-25 12:40:55,481 - BDM-WAM 1574685643.2220721 - INFO - <Event(4-MouseMotion {'pos': (601, 57), 'window': None, 'buttons': (0, 0, 0), 'rel': (2, 0)})>
2019-11-25 12:40:55,500 - BDM-WAM 1574685643.2220721 - INFO - <Event(4-MouseMotion {'pos': (606, 58), 'window': None, 'buttons': (0, 0, 0), 'rel': (5, 1)})>
2019-11-25 12:40:55,515 - BDM-WAM 1574685643.2220721 - INFO - <Event(4-MouseMotion {'pos': (612, 60), 'window': None, 'buttons': (0, 0, 0), 'rel': (6, 2)})>
2019-11-25 12:40:55,534 - BDM-WAM 1574685643.2220721 - INFO - <Event(4-MouseMotion {'pos': (625, 63), 'window': None, 'buttons': (0, 0, 0), 'rel': (13, 3)})>
2019-11-25 12:40:55,550 - BDM-WAM 1574685643.2220721 - INFO - <Event(4-MouseMotion {'pos': (636, 65), 'window': None, 'buttons': (0, 0, 0), 'rel': (11, 2)})>
2019-11-25 12:40:55,569 - BDM-WAM 1574685643.2220721 - INFO - <Event(4-MouseMotion {'pos': (646, 69), 'window': None, 'buttons': (0, 0, 0), 'rel': (10, 4)})>
2019-11-25 12:40:55,585 - BDM-WAM 1574685643.2220721 - INFO - <Event(4-MouseMotion {'pos': (654, 70), 'window': None, 'buttons': (0, 0, 0), 'rel': (8, 1)})>
2019-11-25 12:40:55,602 - BDM-WAM 1574685643.2220721 - INFO - <Event(4-MouseMotion {'pos': (658, 71), 'window': None, 'buttons': (0, 0, 0), 'rel': (4, 1)})>
2019-11-25 12:40:55,620 - BDM-WAM 1574685643.2220721 - INFO - <Event(4-MouseMotion {'pos': (660, 71), 'window': None, 'buttons': (0, 0, 0), 'rel': (2, 0)})>
2019-11-25 12:40:55,736 - BDM-WAM 1574685643.2220721 - INFO - <Event(5-MouseButtonDown {'pos': (660, 71), 'window': None, 'button': 1})>
2019-11-25 12:40:55,736 - BDM-WAM 1574685643.2220721 - INFO - <Event(8-Pause {'reason': <bound method GameManager.pause of <game.GameManager object at 0x00000205D465E4E0>> })>
2019-11-25 12:40:56,758 - BDM-WAM 1574685643.2220721 - INFO - <Event(7-Rate {'hit_conf': 6 })>
2019-11-25 12:40:56,851 - BDM-WAM 1574685643.2220721 - INFO - <Event(7-Rate {'reward_conf': 6 })>
2019-11-25 12:40:56,951 - BDM-WAM 1574685643.2220721 - INFO - <Event(7-Rate {'player_skill': 6 })>
2019-11-25 12:40:56,951 - BDM-WAM 1574685643.2220721 - INFO - <Event(9.1-True Hit {'pos': (660,71),'distance: 82.75868534480233,'relative_loc: (57, 60),'window': None})>
2019-11-25 12:40:56,986 - BDM-WAM 1574685643.2220721 - INFO - <Event(10-MoleUp) {'loc': (603,11)})>
2019-11-25 12:40:57,008 - BDM-WAM 1574685643.2220721 - INFO - <Event(3-KeyUp {'key': 54, 'window': None, 'mod': 0, 'scancode': 7})>
2019-11-25 12:40:57,292 - BDM-WAM 1574685643.2220721 - INFO - <Event(10-MoleUp) {'loc': (603,11)})>
2019-11-25 12:40:57,396 - BDM-WAM 1574685643.2220721 - INFO - <Event(10-MoleUp) {'loc': (603,11)})>
2019-11-25 12:40:57,527 - BDM-WAM 1574685643.2220721 - INFO - <Event(4-MouseMotion {'pos': (655, 88), 'window': None, 'buttons': (0, 0, 0), 'rel': (-5, 17)})>
2019-11-25 12:40:57,543 - BDM-WAM 1574685643.2220721 - INFO - <Event(4-MouseMotion {'pos': (650, 96), 'window': None, 'buttons': (0, 0, 0), 'rel': (-5, 8)})>
2019-11-25 12:40:57,561 - BDM-WAM 1574685643.2220721 - INFO - <Event(4-MouseMotion {'pos': (645, 100), 'window': None, 'buttons': (0, 0, 0), 'rel': (-5, 4)})>
2019-11-25 12:40:57,578 - BDM-WAM 1574685643.2220721 - INFO - <Event(4-MouseMotion {'pos': (639, 105), 'window': None, 'buttons': (0, 0, 0), 'rel': (-6, 5)})>
2019-11-25 12:40:57,596 - BDM-WAM 1574685643.2220721 - INFO - <Event(4-MouseMotion {'pos': (624, 113), 'window': None, 'buttons': (0, 0, 0), 'rel': (-15, 8)})>
2019-11-25 12:40:57,612 - BDM-WAM 1574685643.2220721 - INFO - <Event(4-MouseMotion {'pos': (615, 116), 'window': None, 'buttons': (0, 0, 0), 'rel': (-9, 3)})>
2019-11-25 12:40:57,631 - BDM-WAM 1574685643.2220721 - INFO - <Event(4-MouseMotion {'pos': (608, 118), 'window': None, 'buttons': (0, 0, 0), 'rel': (-7, 2)})>
2019-11-25 12:40:57,648 - BDM-WAM 1574685643.2220721 - INFO - <Event(4-MouseMotion {'pos': (602, 121), 'window': None, 'buttons': (0, 0, 0), 'rel': (-6, 3)})>
2019-11-25 12:40:57,668 - BDM-WAM 1574685643.2220721 - INFO - <Event(4-MouseMotion {'pos': (594, 122), 'window': None, 'buttons': (0, 0, 0), 'rel': (-8, 1)})>
2019-11-25 12:40:57,683 - BDM-WAM 1574685643.2220721 - INFO - <Event(4-MouseMotion {'pos': (588, 124), 'window': None, 'buttons': (0, 0, 0), 'rel': (-6, 2)})>
2019-11-25 12:40:57,700 - BDM-WAM 1574685643.2220721 - INFO - <Event(4-MouseMotion {'pos': (584, 125), 'window': None, 'buttons': (0, 0, 0), 'rel': (-4, 1)})>
2019-11-25 12:40:57,717 - BDM-WAM 1574685643.2220721 - INFO - <Event(4-MouseMotion {'pos': (581, 125), 'window': None, 'buttons': (0, 0, 0), 'rel': (-3, 0)})>
2019-11-25 12:40:57,733 - BDM-WAM 1574685643.2220721 - INFO - <Event(4-MouseMotion {'pos': (580, 125), 'window': None, 'buttons': (0, 0, 0), 'rel': (-1, 0)})>
2019-11-25 12:40:57,750 - BDM-WAM 1574685643.2220721 - INFO - <Event(4-MouseMotion {'pos': (578, 125), 'window': None, 'buttons': (0, 0, 0), 'rel': (-2, 0)})>
2019-11-25 12:40:57,766 - BDM-WAM 1574685643.2220721 - INFO - <Event(4-MouseMotion {'pos': (576, 125), 'window': None, 'buttons': (0, 0, 0), 'rel': (-2, 0)})>
2019-11-25 12:40:57,816 - BDM-WAM 1574685643.2220721 - INFO - <Event(4-MouseMotion {'pos': (575, 125), 'window': None, 'buttons': (0, 0, 0), 'rel': (-1, 0)})>
2019-11-25 12:40:57,833 - BDM-WAM 1574685643.2220721 - INFO - <Event(4-MouseMotion {'pos': (571, 130), 'window': None, 'buttons': (0, 0, 0), 'rel': (-4, 5)})>
2019-11-25 12:40:57,850 - BDM-WAM 1574685643.2220721 - INFO - <Event(4-MouseMotion {'pos': (568, 137), 'window': None, 'buttons': (0, 0, 0), 'rel': (-3, 7)})>
2019-11-25 12:40:57,895 - BDM-WAM 1574685643.2220721 - INFO - <Event(10-MoleUp) {'loc': (464,119)})>
2019-11-25 12:40:57,896 - BDM-WAM 1574685643.2220721 - INFO - <Event(4-MouseMotion {'pos': (548, 153), 'window': None, 'buttons': (0, 0, 0), 'rel': (-20, 16)})>
2019-11-25 12:40:57,916 - BDM-WAM 1574685643.2220721 - INFO - <Event(4-MouseMotion {'pos': (538, 158), 'window': None, 'buttons': (0, 0, 0), 'rel': (-10, 5)})>
2019-11-25 12:40:57,933 - BDM-WAM 1574685643.2220721 - INFO - <Event(4-MouseMotion {'pos': (528, 165), 'window': None, 'buttons': (0, 0, 0), 'rel': (-10, 7)})>
2019-11-25 12:40:57,950 - BDM-WAM 1574685643.2220721 - INFO - <Event(4-MouseMotion {'pos': (524, 169), 'window': None, 'buttons': (0, 0, 0), 'rel': (-4, 4)})>
2019-11-25 12:40:57,967 - BDM-WAM 1574685643.2220721 - INFO - <Event(4-MouseMotion {'pos': (518, 171), 'window': None, 'buttons': (0, 0, 0), 'rel': (-6, 2)})>
2019-11-25 12:40:58,013 - BDM-WAM 1574685643.2220721 - INFO - <Event(10-MoleUp) {'loc': (464,119)})>
2019-11-25 12:40:58,014 - BDM-WAM 1574685643.2220721 - INFO - <Event(4-MouseMotion {'pos': (508, 180), 'window': None, 'buttons': (0, 0, 0), 'rel': (-10, 9)})>
2019-11-25 12:40:58,039 - BDM-WAM 1574685643.2220721 - INFO - <Event(4-MouseMotion {'pos': (504, 183), 'window': None, 'buttons': (0, 0, 0), 'rel': (-4, 3)})>
2019-11-25 12:40:58,054 - BDM-WAM 1574685643.2220721 - INFO - <Event(4-MouseMotion {'pos': (504, 185), 'window': None, 'buttons': (0, 0, 0), 'rel': (0, 2)})>
2019-11-25 12:40:58,071 - BDM-WAM 1574685643.2220721 - INFO - <Event(4-MouseMotion {'pos': (503, 188), 'window': None, 'buttons': (0, 0, 0), 'rel': (-1, 3)})>
2019-11-25 12:40:58,117 - BDM-WAM 1574685643.2220721 - INFO - <Event(10-MoleUp) {'loc': (464,119)})>
2019-11-25 12:40:58,118 - BDM-WAM 1574685643.2220721 - INFO - <Event(4-MouseMotion {'pos': (500, 192), 'window': None, 'buttons': (0, 0, 0), 'rel': (-3, 4)})>
2019-11-25 12:40:58,136 - BDM-WAM 1574685643.2220721 - INFO - <Event(4-MouseMotion {'pos': (499, 193), 'window': None, 'buttons': (0, 0, 0), 'rel': (-1, 1)})>
2019-11-25 12:40:58,238 - BDM-WAM 1574685643.2220721 - INFO - <Event(4-MouseMotion {'pos': (498, 193), 'window': None, 'buttons': (0, 0, 0), 'rel': (-1, 0)})>
2019-11-25 12:40:58,340 - BDM-WAM 1574685643.2220721 - INFO - <Event(5-MouseButtonDown {'pos': (498, 193), 'window': None, 'button': 1})>
2019-11-25 12:40:58,340 - BDM-WAM 1574685643.2220721 - INFO - <Event(8-Pause {'reason': <bound method GameManager.pause of <game.GameManager object at 0x00000205D465E4E0>> })>
2019-11-25 12:40:59,132 - BDM-WAM 1574685643.2220721 - INFO - <Event(7-Rate {'hit_conf': 5 })>
2019-11-25 12:40:59,276 - BDM-WAM 1574685643.2220721 - INFO - <Event(7-Rate {'reward_conf': 5 })>
2019-11-25 12:40:59,403 - BDM-WAM 1574685643.2220721 - INFO - <Event(7-Rate {'player_skill': 5 })>
2019-11-25 12:40:59,403 - BDM-WAM 1574685643.2220721 - INFO - <Event(9.1-True Hit {'pos': (498,193),'distance: 81.43709228600933,'relative_loc: (34, 74),'window': None})>
2019-11-25 12:40:59,440 - BDM-WAM 1574685643.2220721 - INFO - <Event(10-MoleUp) {'loc': (464,119)})>
2019-11-25 12:40:59,458 - BDM-WAM 1574685643.2220721 - INFO - <Event(3-KeyUp {'key': 53, 'window': None, 'mod': 0, 'scancode': 6})>
2019-11-25 12:40:59,742 - BDM-WAM 1574685643.2220721 - INFO - <Event(10-MoleUp) {'loc': (464,119)})>
2019-11-25 12:40:59,854 - BDM-WAM 1574685643.2220721 - INFO - <Event(10-MoleUp) {'loc': (464,119)})>
2019-11-25 12:41:00,014 - BDM-WAM 1574685643.2220721 - INFO - <Event(4-MouseMotion {'pos': (492, 204), 'window': None, 'buttons': (0, 0, 0), 'rel': (-6, 11)})>
2019-11-25 12:41:00,031 - BDM-WAM 1574685643.2220721 - INFO - <Event(4-MouseMotion {'pos': (485, 213), 'window': None, 'buttons': (0, 0, 0), 'rel': (-7, 9)})>
2019-11-25 12:41:00,047 - BDM-WAM 1574685643.2220721 - INFO - <Event(4-MouseMotion {'pos': (477, 221), 'window': None, 'buttons': (0, 0, 0), 'rel': (-8, 8)})>
2019-11-25 12:41:00,064 - BDM-WAM 1574685643.2220721 - INFO - <Event(4-MouseMotion {'pos': (467, 233), 'window': None, 'buttons': (0, 0, 0), 'rel': (-10, 12)})>
2019-11-25 12:41:00,080 - BDM-WAM 1574685643.2220721 - INFO - <Event(4-MouseMotion {'pos': (460, 242), 'window': None, 'buttons': (0, 0, 0), 'rel': (-7, 9)})>
2019-11-25 12:41:00,098 - BDM-WAM 1574685643.2220721 - INFO - <Event(4-MouseMotion {'pos': (452, 253), 'window': None, 'buttons': (0, 0, 0), 'rel': (-8, 11)})>
2019-11-25 12:41:00,115 - BDM-WAM 1574685643.2220721 - INFO - <Event(4-MouseMotion {'pos': (444, 265), 'window': None, 'buttons': (0, 0, 0), 'rel': (-8, 12)})>
2019-11-25 12:41:00,133 - BDM-WAM 1574685643.2220721 - INFO - <Event(4-MouseMotion {'pos': (432, 281), 'window': None, 'buttons': (0, 0, 0), 'rel': (-12, 16)})>
2019-11-25 12:41:00,149 - BDM-WAM 1574685643.2220721 - INFO - <Event(4-MouseMotion {'pos': (428, 287), 'window': None, 'buttons': (0, 0, 0), 'rel': (-4, 6)})>
2019-11-25 12:41:00,166 - BDM-WAM 1574685643.2220721 - INFO - <Event(4-MouseMotion {'pos': (423, 293), 'window': None, 'buttons': (0, 0, 0), 'rel': (-5, 6)})>
2019-11-25 12:41:00,183 - BDM-WAM 1574685643.2220721 - INFO - <Event(4-MouseMotion {'pos': (420, 297), 'window': None, 'buttons': (0, 0, 0), 'rel': (-3, 4)})>
2019-11-25 12:41:00,200 - BDM-WAM 1574685643.2220721 - INFO - <Event(4-MouseMotion {'pos': (415, 300), 'window': None, 'buttons': (0, 0, 0), 'rel': (-5, 3)})>
2019-11-25 12:41:00,217 - BDM-WAM 1574685643.2220721 - INFO - <Event(4-MouseMotion {'pos': (410, 304), 'window': None, 'buttons': (0, 0, 0), 'rel': (-5, 4)})>
2019-11-25 12:41:00,235 - BDM-WAM 1574685643.2220721 - INFO - <Event(4-MouseMotion {'pos': (408, 305), 'window': None, 'buttons': (0, 0, 0), 'rel': (-2, 1)})>
2019-11-25 12:41:00,251 - BDM-WAM 1574685643.2220721 - INFO - <Event(4-MouseMotion {'pos': (405, 306), 'window': None, 'buttons': (0, 0, 0), 'rel': (-3, 1)})>
2019-11-25 12:41:00,268 - BDM-WAM 1574685643.2220721 - INFO - <Event(4-MouseMotion {'pos': (404, 308), 'window': None, 'buttons': (0, 0, 0), 'rel': (-1, 2)})>
2019-11-25 12:41:00,286 - BDM-WAM 1574685643.2220721 - INFO - <Event(4-MouseMotion {'pos': (404, 309), 'window': None, 'buttons': (0, 0, 0), 'rel': (0, 1)})>
2019-11-25 12:41:00,302 - BDM-WAM 1574685643.2220721 - INFO - <Event(4-MouseMotion {'pos': (402, 309), 'window': None, 'buttons': (0, 0, 0), 'rel': (-2, 0)})>
2019-11-25 12:41:00,320 - BDM-WAM 1574685643.2220721 - INFO - <Event(4-MouseMotion {'pos': (401, 311), 'window': None, 'buttons': (0, 0, 0), 'rel': (-1, 2)})>
2019-11-25 12:41:00,364 - BDM-WAM 1574685643.2220721 - INFO - <Event(10-MoleUp) {'loc': (636,366)})>
2019-11-25 12:41:00,366 - BDM-WAM 1574685643.2220721 - INFO - <Event(4-MouseMotion {'pos': (398, 319), 'window': None, 'buttons': (0, 0, 0), 'rel': (-3, 8)})>
2019-11-25 12:41:00,384 - BDM-WAM 1574685643.2220721 - INFO - <Event(4-MouseMotion {'pos': (397, 321), 'window': None, 'buttons': (0, 0, 0), 'rel': (-1, 2)})>
2019-11-25 12:41:00,401 - BDM-WAM 1574685643.2220721 - INFO - <Event(4-MouseMotion {'pos': (397, 324), 'window': None, 'buttons': (0, 0, 0), 'rel': (0, 3)})>
2019-11-25 12:41:00,417 - BDM-WAM 1574685643.2220721 - INFO - <Event(4-MouseMotion {'pos': (397, 325), 'window': None, 'buttons': (0, 0, 0), 'rel': (0, 1)})>
2019-11-25 12:41:00,434 - BDM-WAM 1574685643.2220721 - INFO - <Event(4-MouseMotion {'pos': (399, 325), 'window': None, 'buttons': (0, 0, 0), 'rel': (2, 0)})>
2019-11-25 12:41:00,480 - BDM-WAM 1574685643.2220721 - INFO - <Event(10-MoleUp) {'loc': (636,366)})>
2019-11-25 12:41:00,481 - BDM-WAM 1574685643.2220721 - INFO - <Event(4-MouseMotion {'pos': (412, 332), 'window': None, 'buttons': (0, 0, 0), 'rel': (13, 7)})>
2019-11-25 12:41:00,498 - BDM-WAM 1574685643.2220721 - INFO - <Event(4-MouseMotion {'pos': (415, 333), 'window': None, 'buttons': (0, 0, 0), 'rel': (3, 1)})>
2019-11-25 12:41:00,516 - BDM-WAM 1574685643.2220721 - INFO - <Event(4-MouseMotion {'pos': (419, 336), 'window': None, 'buttons': (0, 0, 0), 'rel': (4, 3)})>
2019-11-25 12:41:00,532 - BDM-WAM 1574685643.2220721 - INFO - <Event(4-MouseMotion {'pos': (420, 337), 'window': None, 'buttons': (0, 0, 0), 'rel': (1, 1)})>
2019-11-25 12:41:00,550 - BDM-WAM 1574685643.2220721 - INFO - <Event(4-MouseMotion {'pos': (422, 337), 'window': None, 'buttons': (0, 0, 0), 'rel': (2, 0)})>
2019-11-25 12:41:00,593 - BDM-WAM 1574685643.2220721 - INFO - <Event(10-MoleUp) {'loc': (636,366)})>
2019-11-25 12:41:00,594 - BDM-WAM 1574685643.2220721 - INFO - <Event(4-MouseMotion {'pos': (446, 334), 'window': None, 'buttons': (0, 0, 0), 'rel': (24, -3)})>
2019-11-25 12:41:00,614 - BDM-WAM 1574685643.2220721 - INFO - <Event(4-MouseMotion {'pos': (462, 334), 'window': None, 'buttons': (0, 0, 0), 'rel': (16, 0)})>
2019-11-25 12:41:00,631 - BDM-WAM 1574685643.2220721 - INFO - <Event(4-MouseMotion {'pos': (479, 335), 'window': None, 'buttons': (0, 0, 0), 'rel': (17, 1)})>
2019-11-25 12:41:00,648 - BDM-WAM 1574685643.2220721 - INFO - <Event(4-MouseMotion {'pos': (505, 340), 'window': None, 'buttons': (0, 0, 0), 'rel': (26, 5)})>
2019-11-25 12:41:00,665 - BDM-WAM 1574685643.2220721 - INFO - <Event(4-MouseMotion {'pos': (521, 347), 'window': None, 'buttons': (0, 0, 0), 'rel': (16, 7)})>
2019-11-25 12:41:00,682 - BDM-WAM 1574685643.2220721 - INFO - <Event(4-MouseMotion {'pos': (535, 354), 'window': None, 'buttons': (0, 0, 0), 'rel': (14, 7)})>
2019-11-25 12:41:00,698 - BDM-WAM 1574685643.2220721 - INFO - <Event(4-MouseMotion {'pos': (548, 363), 'window': None, 'buttons': (0, 0, 0), 'rel': (13, 9)})>
2019-11-25 12:41:00,716 - BDM-WAM 1574685643.2220721 - INFO - <Event(4-MouseMotion {'pos': (571, 378), 'window': None, 'buttons': (0, 0, 0), 'rel': (23, 15)})>
2019-11-25 12:41:00,733 - BDM-WAM 1574685643.2220721 - INFO - <Event(4-MouseMotion {'pos': (587, 386), 'window': None, 'buttons': (0, 0, 0), 'rel': (16, 8)})>
2019-11-25 12:41:00,750 - BDM-WAM 1574685643.2220721 - INFO - <Event(4-MouseMotion {'pos': (601, 393), 'window': None, 'buttons': (0, 0, 0), 'rel': (14, 7)})>
2019-11-25 12:41:00,766 - BDM-WAM 1574685643.2220721 - INFO - <Event(4-MouseMotion {'pos': (613, 397), 'window': None, 'buttons': (0, 0, 0), 'rel': (12, 4)})>
2019-11-25 12:41:00,783 - BDM-WAM 1574685643.2220721 - INFO - <Event(4-MouseMotion {'pos': (622, 399), 'window': None, 'buttons': (0, 0, 0), 'rel': (9, 2)})>
2019-11-25 12:41:00,801 - BDM-WAM 1574685643.2220721 - INFO - <Event(4-MouseMotion {'pos': (633, 402), 'window': None, 'buttons': (0, 0, 0), 'rel': (11, 3)})>
2019-11-25 12:41:00,817 - BDM-WAM 1574685643.2220721 - INFO - <Event(4-MouseMotion {'pos': (640, 405), 'window': None, 'buttons': (0, 0, 0), 'rel': (7, 3)})>
2019-11-25 12:41:00,835 - BDM-WAM 1574685643.2220721 - INFO - <Event(4-MouseMotion {'pos': (644, 405), 'window': None, 'buttons': (0, 0, 0), 'rel': (4, 0)})>
2019-11-25 12:41:00,852 - BDM-WAM 1574685643.2220721 - INFO - <Event(4-MouseMotion {'pos': (648, 406), 'window': None, 'buttons': (0, 0, 0), 'rel': (4, 1)})>
2019-11-25 12:41:00,869 - BDM-WAM 1574685643.2220721 - INFO - <Event(4-MouseMotion {'pos': (655, 408), 'window': None, 'buttons': (0, 0, 0), 'rel': (7, 2)})>
2019-11-25 12:41:00,886 - BDM-WAM 1574685643.2220721 - INFO - <Event(4-MouseMotion {'pos': (660, 409), 'window': None, 'buttons': (0, 0, 0), 'rel': (5, 1)})>
2019-11-25 12:41:00,902 - BDM-WAM 1574685643.2220721 - INFO - <Event(4-MouseMotion {'pos': (661, 411), 'window': None, 'buttons': (0, 0, 0), 'rel': (1, 2)})>
2019-11-25 12:41:00,919 - BDM-WAM 1574685643.2220721 - INFO - <Event(4-MouseMotion {'pos': (663, 412), 'window': None, 'buttons': (0, 0, 0), 'rel': (2, 1)})>
2019-11-25 12:41:01,040 - BDM-WAM 1574685643.2220721 - INFO - <Event(5-MouseButtonDown {'pos': (663, 412), 'window': None, 'button': 1})>
2019-11-25 12:41:01,040 - BDM-WAM 1574685643.2220721 - INFO - <Event(8-Pause {'reason': <bound method GameManager.pause of <game.GameManager object at 0x00000205D465E4E0>> })>
2019-11-25 12:41:03,369 - BDM-WAM 1574685643.2220721 - INFO - <Event(8-Pause {'reason': <bound method GameManager.pause of <game.GameManager object at 0x00000205D465E4E0>> })>
2019-11-25 12:41:05,019 - BDM-WAM 1574685643.2220721 - INFO - <Event(7-Rate {'hit_conf': 1 })>
2019-11-25 12:41:05,210 - BDM-WAM 1574685643.2220721 - INFO - <Event(7-Rate {'reward_conf': 1 })>
2019-11-25 12:41:05,527 - BDM-WAM 1574685643.2220721 - INFO - <Event(7-Rate {'player_skill': 1 })>
2019-11-25 12:41:05,528 - BDM-WAM 1574685643.2220721 - INFO - <Event(9.1-True Hit {'pos': (663,412),'distance: 53.33854141237835,'relative_loc: (27, 46),'window': None})>
2019-11-25 12:41:05,528 - BDM-WAM 1574685643.2220721 - INFO - <Event(8-Pause {'reason': <bound method GameManager.pause of <game.GameManager object at 0x00000205D465E4E0>> })>
2019-11-25 12:41:08,452 - BDM-WAM 1574685643.2220721 - INFO - <Event(10-MoleUp) {'loc': (636,366)})>
2019-11-25 12:41:08,490 - BDM-WAM 1574685643.2220721 - INFO - <Event(3-KeyUp {'key': 99, 'window': None, 'mod': 0, 'scancode': 46})>
2019-11-25 12:41:08,753 - BDM-WAM 1574685643.2220721 - INFO - <Event(10-MoleUp) {'loc': (636,366)})>
2019-11-25 12:41:08,870 - BDM-WAM 1574685643.2220721 - INFO - <Event(10-MoleUp) {'loc': (636,366)})>
2019-11-25 12:41:09,094 - BDM-WAM 1574685643.2220721 - INFO - <Event(4-MouseMotion {'pos': (466, 480), 'window': None, 'buttons': (0, 0, 0), 'rel': (1, -1)})>
2019-11-25 12:41:09,110 - BDM-WAM 1574685643.2220721 - INFO - <Event(4-MouseMotion {'pos': (469, 478), 'window': None, 'buttons': (0, 0, 0), 'rel': (3, -2)})>
2019-11-25 12:41:09,129 - BDM-WAM 1574685643.2220721 - INFO - <Event(4-MouseMotion {'pos': (471, 477), 'window': None, 'buttons': (0, 0, 0), 'rel': (2, -1)})>
2019-11-25 12:41:09,146 - BDM-WAM 1574685643.2220721 - INFO - <Event(4-MouseMotion {'pos': (473, 474), 'window': None, 'buttons': (0, 0, 0), 'rel': (2, -3)})>
2019-11-25 12:41:09,162 - BDM-WAM 1574685643.2220721 - INFO - <Event(4-MouseMotion {'pos': (478, 469), 'window': None, 'buttons': (0, 0, 0), 'rel': (5, -5)})>
2019-11-25 12:41:09,179 - BDM-WAM 1574685643.2220721 - INFO - <Event(4-MouseMotion {'pos': (486, 461), 'window': None, 'buttons': (0, 0, 0), 'rel': (8, -8)})>
2019-11-25 12:41:09,195 - BDM-WAM 1574685643.2220721 - INFO - <Event(4-MouseMotion {'pos': (506, 440), 'window': None, 'buttons': (0, 0, 0), 'rel': (20, -21)})>
2019-11-25 12:41:09,213 - BDM-WAM 1574685643.2220721 - INFO - <Event(4-MouseMotion {'pos': (520, 426), 'window': None, 'buttons': (0, 0, 0), 'rel': (14, -14)})>
2019-11-25 12:41:09,230 - BDM-WAM 1574685643.2220721 - INFO - <Event(4-MouseMotion {'pos': (532, 416), 'window': None, 'buttons': (0, 0, 0), 'rel': (12, -10)})>
2019-11-25 12:41:09,247 - BDM-WAM 1574685643.2220721 - INFO - <Event(4-MouseMotion {'pos': (543, 405), 'window': None, 'buttons': (0, 0, 0), 'rel': (11, -11)})>
2019-11-25 12:41:09,264 - BDM-WAM 1574685643.2220721 - INFO - <Event(4-MouseMotion {'pos': (556, 394), 'window': None, 'buttons': (0, 0, 0), 'rel': (13, -11)})>
2019-11-25 12:41:09,281 - BDM-WAM 1574685643.2220721 - INFO - <Event(4-MouseMotion {'pos': (562, 389), 'window': None, 'buttons': (0, 0, 0), 'rel': (6, -5)})>
2019-11-25 12:41:09,297 - BDM-WAM 1574685643.2220721 - INFO - <Event(4-MouseMotion {'pos': (566, 385), 'window': None, 'buttons': (0, 0, 0), 'rel': (4, -4)})>
2019-11-25 12:41:09,315 - BDM-WAM 1574685643.2220721 - INFO - <Event(4-MouseMotion {'pos': (569, 381), 'window': None, 'buttons': (0, 0, 0), 'rel': (3, -4)})>
2019-11-25 12:41:09,331 - BDM-WAM 1574685643.2220721 - INFO - <Event(4-MouseMotion {'pos': (571, 377), 'window': None, 'buttons': (0, 0, 0), 'rel': (2, -4)})>
2019-11-25 12:41:09,369 - BDM-WAM 1574685643.2220721 - INFO - <Event(10-MoleUp) {'loc': (603,11)})>
2019-11-25 12:41:09,371 - BDM-WAM 1574685643.2220721 - INFO - <Event(4-MouseMotion {'pos': (571, 368), 'window': None, 'buttons': (0, 0, 0), 'rel': (0, -9)})>
2019-11-25 12:41:09,388 - BDM-WAM 1574685643.2220721 - INFO - <Event(4-MouseMotion {'pos': (568, 365), 'window': None, 'buttons': (0, 0, 0), 'rel': (-3, -3)})>
2019-11-25 12:41:09,406 - BDM-WAM 1574685643.2220721 - INFO - <Event(4-MouseMotion {'pos': (565, 361), 'window': None, 'buttons': (0, 0, 0), 'rel': (-3, -4)})>
2019-11-25 12:41:09,422 - BDM-WAM 1574685643.2220721 - INFO - <Event(4-MouseMotion {'pos': (561, 357), 'window': None, 'buttons': (0, 0, 0), 'rel': (-4, -4)})>
2019-11-25 12:41:09,440 - BDM-WAM 1574685643.2220721 - INFO - <Event(4-MouseMotion {'pos': (556, 353), 'window': None, 'buttons': (0, 0, 0), 'rel': (-5, -4)})>
2019-11-25 12:41:09,480 - BDM-WAM 1574685643.2220721 - INFO - <Event(10-MoleUp) {'loc': (603,11)})>
2019-11-25 12:41:09,481 - BDM-WAM 1574685643.2220721 - INFO - <Event(4-MouseMotion {'pos': (552, 350), 'window': None, 'buttons': (0, 0, 0), 'rel': (-4, -3)})>
2019-11-25 12:41:09,500 - BDM-WAM 1574685643.2220721 - INFO - <Event(4-MouseMotion {'pos': (551, 349), 'window': None, 'buttons': (0, 0, 0), 'rel': (-1, -1)})>
2019-11-25 12:41:09,518 - BDM-WAM 1574685643.2220721 - INFO - <Event(4-MouseMotion {'pos': (553, 335), 'window': None, 'buttons': (0, 0, 0), 'rel': (2, -14)})>
2019-11-25 12:41:09,535 - BDM-WAM 1574685643.2220721 - INFO - <Event(4-MouseMotion {'pos': (564, 313), 'window': None, 'buttons': (0, 0, 0), 'rel': (11, -22)})>
2019-11-25 12:41:09,553 - BDM-WAM 1574685643.2220721 - INFO - <Event(4-MouseMotion {'pos': (592, 275), 'window': None, 'buttons': (0, 0, 0), 'rel': (28, -38)})>
2019-11-25 12:41:09,594 - BDM-WAM 1574685643.2220721 - INFO - <Event(10-MoleUp) {'loc': (603,11)})>
2019-11-25 12:41:09,595 - BDM-WAM 1574685643.2220721 - INFO - <Event(4-MouseMotion {'pos': (690, 144), 'window': None, 'buttons': (0, 0, 0), 'rel': (98, -131)})>
2019-11-25 12:41:09,612 - BDM-WAM 1574685643.2220721 - INFO - <Event(4-MouseMotion {'pos': (717, 106), 'window': None, 'buttons': (0, 0, 0), 'rel': (27, -38)})>
2019-11-25 12:41:09,630 - BDM-WAM 1574685643.2220721 - INFO - <Event(4-MouseMotion {'pos': (736, 80), 'window': None, 'buttons': (0, 0, 0), 'rel': (19, -26)})>
2019-11-25 12:41:09,646 - BDM-WAM 1574685643.2220721 - INFO - <Event(4-MouseMotion {'pos': (749, 53), 'window': None, 'buttons': (0, 0, 0), 'rel': (13, -27)})>
2019-11-25 12:41:09,921 - BDM-WAM 1574685643.2220721 - INFO - <Event(4-MouseMotion {'pos': (752, 49), 'window': None, 'buttons': (0, 0, 0), 'rel': (3, -4)})>
2019-11-25 12:41:09,939 - BDM-WAM 1574685643.2220721 - INFO - <Event(4-MouseMotion {'pos': (754, 45), 'window': None, 'buttons': (0, 0, 0), 'rel': (2, -4)})>
2019-11-25 12:41:09,955 - BDM-WAM 1574685643.2220721 - INFO - <Event(4-MouseMotion {'pos': (755, 43), 'window': None, 'buttons': (0, 0, 0), 'rel': (1, -2)})>
2019-11-25 12:41:09,972 - BDM-WAM 1574685643.2220721 - INFO - <Event(4-MouseMotion {'pos': (756, 42), 'window': None, 'buttons': (0, 0, 0), 'rel': (1, -1)})>
2019-11-25 12:41:09,988 - BDM-WAM 1574685643.2220721 - INFO - <Event(4-MouseMotion {'pos': (756, 40), 'window': None, 'buttons': (0, 0, 0), 'rel': (0, -2)})>
2019-11-25 12:41:10,005 - BDM-WAM 1574685643.2220721 - INFO - <Event(4-MouseMotion {'pos': (756, 37), 'window': None, 'buttons': (0, 0, 0), 'rel': (0, -3)})>
2019-11-25 12:41:10,039 - BDM-WAM 1574685643.2220721 - INFO - <Event(4-MouseMotion {'pos': (756, 33), 'window': None, 'buttons': (0, 0, 0), 'rel': (0, -4)})>
2019-11-25 12:41:10,089 - BDM-WAM 1574685643.2220721 - INFO - <Event(4-MouseMotion {'pos': (756, 31), 'window': None, 'buttons': (0, 0, 0), 'rel': (0, -2)})>
2019-11-25 12:41:10,105 - BDM-WAM 1574685643.2220721 - INFO - <Event(4-MouseMotion {'pos': (756, 30), 'window': None, 'buttons': (0, 0, 0), 'rel': (0, -1)})>
2019-11-25 12:41:10,123 - BDM-WAM 1574685643.2220721 - INFO - <Event(4-MouseMotion {'pos': (756, 27), 'window': None, 'buttons': (0, 0, 0), 'rel': (0, -3)})>
2019-11-25 12:41:10,140 - BDM-WAM 1574685643.2220721 - INFO - <Event(4-MouseMotion {'pos': (759, 22), 'window': None, 'buttons': (0, 0, 0), 'rel': (3, -5)})>
2019-11-25 12:41:10,157 - BDM-WAM 1574685643.2220721 - INFO - <Event(4-MouseMotion {'pos': (763, 14), 'window': None, 'buttons': (0, 0, 0), 'rel': (4, -8)})>
2019-11-25 12:41:10,174 - BDM-WAM 1574685643.2220721 - INFO - <Event(4-MouseMotion {'pos': (767, 8), 'window': None, 'buttons': (0, 0, 0), 'rel': (4, -6)})>
2019-11-25 12:41:10,191 - BDM-WAM 1574685643.2220721 - INFO - <Event(1-ActiveEvent {'gain': 0, 'state': 1})>
2019-11-25 12:41:10,605 - BDM-WAM 1574685643.2220721 - INFO - <Event(10-MoleUp) {'loc': (603,11)})>
2019-11-25 12:41:10,719 - BDM-WAM 1574685643.2220721 - INFO - <Event(10-MoleUp) {'loc': (603,11)})>
2019-11-25 12:41:10,831 - BDM-WAM 1574685643.2220721 - INFO - <Event(10-MoleUp) {'loc': (603,11)})>
2019-11-25 12:41:11,346 - BDM-WAM 1574685643.2220721 - INFO - <Event(10-MoleUp) {'loc': (95,43)})>
2019-11-25 12:41:11,456 - BDM-WAM 1574685643.2220721 - INFO - <Event(10-MoleUp) {'loc': (95,43)})>
2019-11-25 12:41:11,570 - BDM-WAM 1574685643.2220721 - INFO - <Event(10-MoleUp) {'loc': (95,43)})>
2019-11-25 12:41:12,337 - BDM-WAM 1574685643.2220721 - INFO - <Event(2-KeyDown {'key': 112, 'window': None, 'mod': 0, 'scancode': 25, 'unicode': 'p'})>
2019-11-25 12:41:12,338 - BDM-WAM 1574685643.2220721 - INFO - <Event(8-Pause {'reason': <bound method GameManager.pause of <game.GameManager object at 0x00000205D465E4E0>> })>
2019-11-25 12:41:12,936 - BDM-WAM 1574685643.2220721 - INFO - ************* HAPPY ANALYSING... LOG COMPLETE!!! ************* 
