2019-11-25 18:41:33,778 - BDM-WAM 1574707293.5698485 - INFO - <Event(17-VideoExpose {})>
2019-11-25 18:41:34,976 - BDM-WAM 1574707293.5698485 - INFO - <Event(1-ActiveEvent {'gain': 0, 'state': 1})>
2019-11-25 18:41:34,977 - BDM-WAM 1574707293.5698485 - INFO - <Event(4-MouseMotion {'rel': (78, 119), 'buttons': (0, 0, 0), 'pos': (77, 119), 'window': None})>
2019-11-25 18:41:35,037 - BDM-WAM 1574707293.5698485 - INFO - <Event(10-MoleUp) {'loc': (603,11)})>
2019-11-25 18:41:35,135 - BDM-WAM 1574707293.5698485 - INFO - <Event(3-KeyUp {'key': 99, 'mod': 0, 'window': None, 'scancode': 46})>
2019-11-25 18:41:35,412 - BDM-WAM 1574707293.5698485 - INFO - <Event(4-MouseMotion {'rel': (22, -14), 'buttons': (0, 0, 0), 'pos': (321, 379), 'window': None})>
2019-11-25 18:41:35,430 - BDM-WAM 1574707293.5698485 - INFO - <Event(4-MouseMotion {'rel': (16, -12), 'buttons': (0, 0, 0), 'pos': (337, 367), 'window': None})>
2019-11-25 18:41:35,445 - BDM-WAM 1574707293.5698485 - INFO - <Event(4-MouseMotion {'rel': (13, -15), 'buttons': (0, 0, 0), 'pos': (350, 352), 'window': None})>
2019-11-25 18:41:35,465 - BDM-WAM 1574707293.5698485 - INFO - <Event(4-MouseMotion {'rel': (15, -30), 'buttons': (0, 0, 0), 'pos': (365, 322), 'window': None})>
2019-11-25 18:41:35,483 - BDM-WAM 1574707293.5698485 - INFO - <Event(4-MouseMotion {'rel': (7, -22), 'buttons': (0, 0, 0), 'pos': (372, 300), 'window': None})>
2019-11-25 18:41:35,499 - BDM-WAM 1574707293.5698485 - INFO - <Event(4-MouseMotion {'rel': (4, -23), 'buttons': (0, 0, 0), 'pos': (376, 277), 'window': None})>
2019-11-25 18:41:35,516 - BDM-WAM 1574707293.5698485 - INFO - <Event(4-MouseMotion {'rel': (2, -18), 'buttons': (0, 0, 0), 'pos': (378, 259), 'window': None})>
2019-11-25 18:41:35,533 - BDM-WAM 1574707293.5698485 - INFO - <Event(4-MouseMotion {'rel': (0, -17), 'buttons': (0, 0, 0), 'pos': (378, 242), 'window': None})>
2019-11-25 18:41:35,550 - BDM-WAM 1574707293.5698485 - INFO - <Event(4-MouseMotion {'rel': (3, -36), 'buttons': (0, 0, 0), 'pos': (381, 206), 'window': None})>
2019-11-25 18:41:35,566 - BDM-WAM 1574707293.5698485 - INFO - <Event(4-MouseMotion {'rel': (0, -19), 'buttons': (0, 0, 0), 'pos': (381, 187), 'window': None})>
2019-11-25 18:41:35,584 - BDM-WAM 1574707293.5698485 - INFO - <Event(4-MouseMotion {'rel': (2, -11), 'buttons': (0, 0, 0), 'pos': (383, 176), 'window': None})>
2019-11-25 18:41:35,599 - BDM-WAM 1574707293.5698485 - INFO - <Event(4-MouseMotion {'rel': (3, -10), 'buttons': (0, 0, 0), 'pos': (386, 166), 'window': None})>
2019-11-25 18:41:35,617 - BDM-WAM 1574707293.5698485 - INFO - <Event(4-MouseMotion {'rel': (3, -7), 'buttons': (0, 0, 0), 'pos': (389, 159), 'window': None})>
2019-11-25 18:41:35,635 - BDM-WAM 1574707293.5698485 - INFO - <Event(4-MouseMotion {'rel': (16, -21), 'buttons': (0, 0, 0), 'pos': (405, 138), 'window': None})>
2019-11-25 18:41:35,649 - BDM-WAM 1574707293.5698485 - INFO - <Event(4-MouseMotion {'rel': (16, -16), 'buttons': (0, 0, 0), 'pos': (421, 122), 'window': None})>
2019-11-25 18:41:35,666 - BDM-WAM 1574707293.5698485 - INFO - <Event(4-MouseMotion {'rel': (20, -19), 'buttons': (0, 0, 0), 'pos': (441, 103), 'window': None})>
2019-11-25 18:41:35,682 - BDM-WAM 1574707293.5698485 - INFO - <Event(4-MouseMotion {'rel': (23, -14), 'buttons': (0, 0, 0), 'pos': (464, 89), 'window': None})>
2019-11-25 18:41:35,699 - BDM-WAM 1574707293.5698485 - INFO - <Event(4-MouseMotion {'rel': (22, -14), 'buttons': (0, 0, 0), 'pos': (486, 75), 'window': None})>
2019-11-25 18:41:35,715 - BDM-WAM 1574707293.5698485 - INFO - <Event(4-MouseMotion {'rel': (20, -9), 'buttons': (0, 0, 0), 'pos': (506, 66), 'window': None})>
2019-11-25 18:41:35,733 - BDM-WAM 1574707293.5698485 - INFO - <Event(4-MouseMotion {'rel': (22, -11), 'buttons': (0, 0, 0), 'pos': (528, 55), 'window': None})>
2019-11-25 18:41:35,749 - BDM-WAM 1574707293.5698485 - INFO - <Event(4-MouseMotion {'rel': (15, -6), 'buttons': (0, 0, 0), 'pos': (543, 49), 'window': None})>
2019-11-25 18:41:35,766 - BDM-WAM 1574707293.5698485 - INFO - <Event(4-MouseMotion {'rel': (16, -6), 'buttons': (0, 0, 0), 'pos': (559, 43), 'window': None})>
2019-11-25 18:41:35,783 - BDM-WAM 1574707293.5698485 - INFO - <Event(4-MouseMotion {'rel': (13, -2), 'buttons': (0, 0, 0), 'pos': (572, 41), 'window': None})>
2019-11-25 18:41:35,801 - BDM-WAM 1574707293.5698485 - INFO - <Event(4-MouseMotion {'rel': (9, -2), 'buttons': (0, 0, 0), 'pos': (581, 39), 'window': None})>
2019-11-25 18:41:35,817 - BDM-WAM 1574707293.5698485 - INFO - <Event(4-MouseMotion {'rel': (8, 2), 'buttons': (0, 0, 0), 'pos': (589, 41), 'window': None})>
2019-11-25 18:41:35,834 - BDM-WAM 1574707293.5698485 - INFO - <Event(4-MouseMotion {'rel': (3, 2), 'buttons': (0, 0, 0), 'pos': (592, 43), 'window': None})>
2019-11-25 18:41:35,852 - BDM-WAM 1574707293.5698485 - INFO - <Event(4-MouseMotion {'rel': (4, 4), 'buttons': (0, 0, 0), 'pos': (596, 47), 'window': None})>
2019-11-25 18:41:35,868 - BDM-WAM 1574707293.5698485 - INFO - <Event(4-MouseMotion {'rel': (3, 5), 'buttons': (0, 0, 0), 'pos': (599, 52), 'window': None})>
2019-11-25 18:41:35,885 - BDM-WAM 1574707293.5698485 - INFO - <Event(4-MouseMotion {'rel': (3, 5), 'buttons': (0, 0, 0), 'pos': (602, 57), 'window': None})>
2019-11-25 18:41:35,903 - BDM-WAM 1574707293.5698485 - INFO - <Event(4-MouseMotion {'rel': (3, 5), 'buttons': (0, 0, 0), 'pos': (605, 62), 'window': None})>
2019-11-25 18:41:35,919 - BDM-WAM 1574707293.5698485 - INFO - <Event(4-MouseMotion {'rel': (2, 5), 'buttons': (0, 0, 0), 'pos': (607, 67), 'window': None})>
2019-11-25 18:41:35,935 - BDM-WAM 1574707293.5698485 - INFO - <Event(4-MouseMotion {'rel': (2, 7), 'buttons': (0, 0, 0), 'pos': (609, 74), 'window': None})>
2019-11-25 18:41:35,952 - BDM-WAM 1574707293.5698485 - INFO - <Event(4-MouseMotion {'rel': (2, 6), 'buttons': (0, 0, 0), 'pos': (611, 80), 'window': None})>
2019-11-25 18:41:35,969 - BDM-WAM 1574707293.5698485 - INFO - <Event(4-MouseMotion {'rel': (0, 5), 'buttons': (0, 0, 0), 'pos': (611, 85), 'window': None})>
2019-11-25 18:41:36,382 - BDM-WAM 1574707293.5698485 - INFO - <Event(2-KeyDown {'key': 112, 'unicode': 'p', 'mod': 0, 'window': None, 'scancode': 25})>
2019-11-25 18:41:36,383 - BDM-WAM 1574707293.5698485 - INFO - <Event(8-Pause {'reason': <bound method GameManager.pause of <game.GameManager object at 0x000001EC6C2DBBE0>> })>
2019-11-25 18:41:38,182 - BDM-WAM 1574707293.5698485 - INFO - <Event(3-KeyUp {'key': 99, 'mod': 0, 'window': None, 'scancode': 46})>
2019-11-25 18:41:38,306 - BDM-WAM 1574707293.5698485 - INFO - <Event(10-MoleUp) {'loc': (179,169)})>
2019-11-25 18:41:38,679 - BDM-WAM 1574707293.5698485 - INFO - <Event(4-MouseMotion {'rel': (0, 2), 'buttons': (0, 0, 0), 'pos': (611, 87), 'window': None})>
2019-11-25 18:41:38,696 - BDM-WAM 1574707293.5698485 - INFO - <Event(4-MouseMotion {'rel': (0, 1), 'buttons': (0, 0, 0), 'pos': (611, 88), 'window': None})>
2019-11-25 18:41:38,713 - BDM-WAM 1574707293.5698485 - INFO - <Event(4-MouseMotion {'rel': (0, 2), 'buttons': (0, 0, 0), 'pos': (611, 90), 'window': None})>
2019-11-25 18:41:38,803 - BDM-WAM 1574707293.5698485 - INFO - <Event(4-MouseMotion {'rel': (-83, 40), 'buttons': (0, 0, 0), 'pos': (528, 130), 'window': None})>
2019-11-25 18:41:38,822 - BDM-WAM 1574707293.5698485 - INFO - <Event(4-MouseMotion {'rel': (-15, 11), 'buttons': (0, 0, 0), 'pos': (513, 141), 'window': None})>
2019-11-25 18:41:38,897 - BDM-WAM 1574707293.5698485 - INFO - <Event(4-MouseMotion {'rel': (-30, 41), 'buttons': (0, 0, 0), 'pos': (483, 182), 'window': None})>
2019-11-25 18:41:38,915 - BDM-WAM 1574707293.5698485 - INFO - <Event(4-MouseMotion {'rel': (-2, 3), 'buttons': (0, 0, 0), 'pos': (481, 185), 'window': None})>
2019-11-25 18:41:38,932 - BDM-WAM 1574707293.5698485 - INFO - <Event(4-MouseMotion {'rel': (0, 3), 'buttons': (0, 0, 0), 'pos': (481, 188), 'window': None})>
2019-11-25 18:41:39,000 - BDM-WAM 1574707293.5698485 - INFO - <Event(4-MouseMotion {'rel': (0, 15), 'buttons': (0, 0, 0), 'pos': (481, 203), 'window': None})>
2019-11-25 18:41:39,018 - BDM-WAM 1574707293.5698485 - INFO - <Event(4-MouseMotion {'rel': (-4, 9), 'buttons': (0, 0, 0), 'pos': (477, 212), 'window': None})>
2019-11-25 18:41:39,036 - BDM-WAM 1574707293.5698485 - INFO - <Event(4-MouseMotion {'rel': (-3, 7), 'buttons': (0, 0, 0), 'pos': (474, 219), 'window': None})>
2019-11-25 18:41:39,052 - BDM-WAM 1574707293.5698485 - INFO - <Event(4-MouseMotion {'rel': (-10, 9), 'buttons': (0, 0, 0), 'pos': (464, 228), 'window': None})>
2019-11-25 18:41:39,069 - BDM-WAM 1574707293.5698485 - INFO - <Event(4-MouseMotion {'rel': (-23, 13), 'buttons': (0, 0, 0), 'pos': (441, 241), 'window': None})>
2019-11-25 18:41:39,088 - BDM-WAM 1574707293.5698485 - INFO - <Event(4-MouseMotion {'rel': (-56, 6), 'buttons': (0, 0, 0), 'pos': (385, 247), 'window': None})>
2019-11-25 18:41:39,103 - BDM-WAM 1574707293.5698485 - INFO - <Event(4-MouseMotion {'rel': (-53, -9), 'buttons': (0, 0, 0), 'pos': (332, 238), 'window': None})>
2019-11-25 18:41:39,120 - BDM-WAM 1574707293.5698485 - INFO - <Event(4-MouseMotion {'rel': (-48, -17), 'buttons': (0, 0, 0), 'pos': (284, 221), 'window': None})>
2019-11-25 18:41:39,137 - BDM-WAM 1574707293.5698485 - INFO - <Event(4-MouseMotion {'rel': (-30, -10), 'buttons': (0, 0, 0), 'pos': (254, 211), 'window': None})>
2019-11-25 18:41:39,154 - BDM-WAM 1574707293.5698485 - INFO - <Event(4-MouseMotion {'rel': (-17, -9), 'buttons': (0, 0, 0), 'pos': (237, 202), 'window': None})>
2019-11-25 18:41:39,171 - BDM-WAM 1574707293.5698485 - INFO - <Event(4-MouseMotion {'rel': (-18, -7), 'buttons': (0, 0, 0), 'pos': (219, 195), 'window': None})>
2019-11-25 18:41:39,189 - BDM-WAM 1574707293.5698485 - INFO - <Event(4-MouseMotion {'rel': (-6, -2), 'buttons': (0, 0, 0), 'pos': (213, 193), 'window': None})>
2019-11-25 18:41:39,205 - BDM-WAM 1574707293.5698485 - INFO - <Event(4-MouseMotion {'rel': (-1, -1), 'buttons': (0, 0, 0), 'pos': (212, 192), 'window': None})>
2019-11-25 18:41:39,223 - BDM-WAM 1574707293.5698485 - INFO - <Event(4-MouseMotion {'rel': (-2, 0), 'buttons': (0, 0, 0), 'pos': (210, 192), 'window': None})>
2019-11-25 18:41:39,242 - BDM-WAM 1574707293.5698485 - INFO - <Event(4-MouseMotion {'rel': (-1, 0), 'buttons': (0, 0, 0), 'pos': (209, 192), 'window': None})>
2019-11-25 18:41:39,308 - BDM-WAM 1574707293.5698485 - INFO - <Event(4-MouseMotion {'rel': (1, 0), 'buttons': (0, 0, 0), 'pos': (210, 192), 'window': None})>
2019-11-25 18:41:39,327 - BDM-WAM 1574707293.5698485 - INFO - <Event(4-MouseMotion {'rel': (2, 2), 'buttons': (0, 0, 0), 'pos': (212, 194), 'window': None})>
2019-11-25 18:41:39,342 - BDM-WAM 1574707293.5698485 - INFO - <Event(4-MouseMotion {'rel': (1, 2), 'buttons': (0, 0, 0), 'pos': (213, 196), 'window': None})>
2019-11-25 18:41:39,360 - BDM-WAM 1574707293.5698485 - INFO - <Event(4-MouseMotion {'rel': (0, 2), 'buttons': (0, 0, 0), 'pos': (213, 198), 'window': None})>
2019-11-25 18:41:39,378 - BDM-WAM 1574707293.5698485 - INFO - <Event(4-MouseMotion {'rel': (1, 1), 'buttons': (0, 0, 0), 'pos': (214, 199), 'window': None})>
2019-11-25 18:41:39,396 - BDM-WAM 1574707293.5698485 - INFO - <Event(4-MouseMotion {'rel': (2, 3), 'buttons': (0, 0, 0), 'pos': (216, 202), 'window': None})>
2019-11-25 18:41:39,410 - BDM-WAM 1574707293.5698485 - INFO - <Event(4-MouseMotion {'rel': (1, 2), 'buttons': (0, 0, 0), 'pos': (217, 204), 'window': None})>
2019-11-25 18:41:39,430 - BDM-WAM 1574707293.5698485 - INFO - <Event(4-MouseMotion {'rel': (2, 2), 'buttons': (0, 0, 0), 'pos': (219, 206), 'window': None})>
2019-11-25 18:41:39,446 - BDM-WAM 1574707293.5698485 - INFO - <Event(4-MouseMotion {'rel': (0, 1), 'buttons': (0, 0, 0), 'pos': (219, 207), 'window': None})>
2019-11-25 18:41:39,548 - BDM-WAM 1574707293.5698485 - INFO - <Event(5-MouseButtonDown {'window': None, 'button': 1, 'pos': (219, 207)})>
2019-11-25 18:41:39,548 - BDM-WAM 1574707293.5698485 - INFO - <Event(8-Pause {'reason': <bound method GameManager.pause of <game.GameManager object at 0x000001EC6C2DBBE0>> })>
2019-11-25 18:41:40,751 - BDM-WAM 1574707293.5698485 - INFO - <Event(7-Rate {'hit_conf': 1 })>
2019-11-25 18:41:40,957 - BDM-WAM 1574707293.5698485 - INFO - <Event(7-Rate {'reward_conf': 1 })>
2019-11-25 18:41:41,128 - BDM-WAM 1574707293.5698485 - INFO - <Event(7-Rate {'player_skill': 1 })>
2019-11-25 18:41:41,129 - BDM-WAM 1574707293.5698485 - INFO - <Event(9.1-TrueHit {'pos': (219,207),'distance: 55.17245689653489,'relative_loc: (40, 38),'window': None})>
2019-11-25 18:41:41,227 - BDM-WAM 1574707293.5698485 - INFO - <Event(3-KeyUp {'key': 49, 'mod': 0, 'window': None, 'scancode': 2})>
2019-11-25 18:41:41,663 - BDM-WAM 1574707293.5698485 - INFO - <Event(10-MoleUp) {'loc': (404,479)})>
2019-11-25 18:41:42,260 - BDM-WAM 1574707293.5698485 - INFO - <Event(4-MouseMotion {'rel': (153, 165), 'buttons': (0, 0, 0), 'pos': (558, 442), 'window': None})>
2019-11-25 18:41:42,278 - BDM-WAM 1574707293.5698485 - INFO - <Event(4-MouseMotion {'rel': (36, 45), 'buttons': (0, 0, 0), 'pos': (594, 487), 'window': None})>
2019-11-25 18:41:42,368 - BDM-WAM 1574707293.5698485 - INFO - <Event(4-MouseMotion {'rel': (42, 60), 'buttons': (0, 0, 0), 'pos': (636, 547), 'window': None})>
2019-11-25 18:41:42,584 - BDM-WAM 1574707293.5698485 - INFO - <Event(4-MouseMotion {'rel': (6, 8), 'buttons': (0, 0, 0), 'pos': (642, 555), 'window': None})>
2019-11-25 18:41:42,592 - BDM-WAM 1574707293.5698485 - INFO - <Event(4-MouseMotion {'rel': (2, 4), 'buttons': (0, 0, 0), 'pos': (644, 559), 'window': None})>
2019-11-25 18:41:42,612 - BDM-WAM 1574707293.5698485 - INFO - <Event(4-MouseMotion {'rel': (1, 7), 'buttons': (0, 0, 0), 'pos': (645, 566), 'window': None})>
2019-11-25 18:41:42,628 - BDM-WAM 1574707293.5698485 - INFO - <Event(4-MouseMotion {'rel': (-22, 11), 'buttons': (0, 0, 0), 'pos': (623, 577), 'window': None})>
2019-11-25 18:41:42,644 - BDM-WAM 1574707293.5698485 - INFO - <Event(4-MouseMotion {'rel': (-36, 6), 'buttons': (0, 0, 0), 'pos': (587, 583), 'window': None})>
2019-11-25 18:41:42,660 - BDM-WAM 1574707293.5698485 - INFO - <Event(4-MouseMotion {'rel': (-48, -3), 'buttons': (0, 0, 0), 'pos': (539, 580), 'window': None})>
2019-11-25 18:41:42,677 - BDM-WAM 1574707293.5698485 - INFO - <Event(4-MouseMotion {'rel': (-43, -5), 'buttons': (0, 0, 0), 'pos': (496, 575), 'window': None})>
2019-11-25 18:41:42,698 - BDM-WAM 1574707293.5698485 - INFO - <Event(4-MouseMotion {'rel': (-33, -8), 'buttons': (0, 0, 0), 'pos': (463, 567), 'window': None})>
2019-11-25 18:41:42,712 - BDM-WAM 1574707293.5698485 - INFO - <Event(4-MouseMotion {'rel': (-11, -6), 'buttons': (0, 0, 0), 'pos': (452, 561), 'window': None})>
2019-11-25 18:41:42,728 - BDM-WAM 1574707293.5698485 - INFO - <Event(4-MouseMotion {'rel': (-5, -2), 'buttons': (0, 0, 0), 'pos': (447, 559), 'window': None})>
2019-11-25 18:41:42,742 - BDM-WAM 1574707293.5698485 - INFO - <Event(4-MouseMotion {'rel': (-2, -2), 'buttons': (0, 0, 0), 'pos': (445, 557), 'window': None})>
2019-11-25 18:41:42,759 - BDM-WAM 1574707293.5698485 - INFO - <Event(4-MouseMotion {'rel': (-2, -1), 'buttons': (0, 0, 0), 'pos': (443, 556), 'window': None})>
2019-11-25 18:41:42,776 - BDM-WAM 1574707293.5698485 - INFO - <Event(4-MouseMotion {'rel': (-1, -1), 'buttons': (0, 0, 0), 'pos': (442, 555), 'window': None})>
2019-11-25 18:41:42,811 - BDM-WAM 1574707293.5698485 - INFO - <Event(4-MouseMotion {'rel': (0, -2), 'buttons': (0, 0, 0), 'pos': (442, 553), 'window': None})>
2019-11-25 18:41:42,827 - BDM-WAM 1574707293.5698485 - INFO - <Event(4-MouseMotion {'rel': (2, -1), 'buttons': (0, 0, 0), 'pos': (444, 552), 'window': None})>
2019-11-25 18:41:42,845 - BDM-WAM 1574707293.5698485 - INFO - <Event(4-MouseMotion {'rel': (1, -1), 'buttons': (0, 0, 0), 'pos': (445, 551), 'window': None})>
2019-11-25 18:41:42,861 - BDM-WAM 1574707293.5698485 - INFO - <Event(4-MouseMotion {'rel': (1, 0), 'buttons': (0, 0, 0), 'pos': (446, 551), 'window': None})>
2019-11-25 18:41:42,878 - BDM-WAM 1574707293.5698485 - INFO - <Event(4-MouseMotion {'rel': (1, 0), 'buttons': (0, 0, 0), 'pos': (447, 551), 'window': None})>
2019-11-25 18:41:42,947 - BDM-WAM 1574707293.5698485 - INFO - <Event(4-MouseMotion {'rel': (0, -2), 'buttons': (0, 0, 0), 'pos': (447, 549), 'window': None})>
2019-11-25 18:41:42,964 - BDM-WAM 1574707293.5698485 - INFO - <Event(4-MouseMotion {'rel': (-3, -7), 'buttons': (0, 0, 0), 'pos': (444, 542), 'window': None})>
2019-11-25 18:41:42,981 - BDM-WAM 1574707293.5698485 - INFO - <Event(4-MouseMotion {'rel': (-1, -6), 'buttons': (0, 0, 0), 'pos': (443, 536), 'window': None})>
2019-11-25 18:41:42,997 - BDM-WAM 1574707293.5698485 - INFO - <Event(4-MouseMotion {'rel': (-1, -5), 'buttons': (0, 0, 0), 'pos': (442, 531), 'window': None})>
2019-11-25 18:41:43,014 - BDM-WAM 1574707293.5698485 - INFO - <Event(4-MouseMotion {'rel': (0, -5), 'buttons': (0, 0, 0), 'pos': (442, 526), 'window': None})>
2019-11-25 18:41:43,031 - BDM-WAM 1574707293.5698485 - INFO - <Event(4-MouseMotion {'rel': (0, -3), 'buttons': (0, 0, 0), 'pos': (442, 523), 'window': None})>
2019-11-25 18:41:43,050 - BDM-WAM 1574707293.5698485 - INFO - <Event(4-MouseMotion {'rel': (2, -4), 'buttons': (0, 0, 0), 'pos': (444, 519), 'window': None})>
2019-11-25 18:41:43,115 - BDM-WAM 1574707293.5698485 - INFO - <Event(5-MouseButtonDown {'window': None, 'button': 1, 'pos': (444, 519)})>
2019-11-25 18:41:43,115 - BDM-WAM 1574707293.5698485 - INFO - <Event(8-Pause {'reason': <bound method GameManager.pause of <game.GameManager object at 0x000001EC6C2DBBE0>> })>
2019-11-25 18:41:43,496 - BDM-WAM 1574707293.5698485 - INFO - <Event(7-Rate {'hit_conf': 2 })>
2019-11-25 18:41:43,692 - BDM-WAM 1574707293.5698485 - INFO - <Event(7-Rate {'reward_conf': 2 })>
2019-11-25 18:41:43,862 - BDM-WAM 1574707293.5698485 - INFO - <Event(7-Rate {'player_skill': 2 })>
2019-11-25 18:41:43,862 - BDM-WAM 1574707293.5698485 - INFO - <Event(9.1-TrueHit {'pos': (444,519),'distance: 56.568542494923804,'relative_loc: (40, 40),'window': None})>
2019-11-25 18:41:43,957 - BDM-WAM 1574707293.5698485 - INFO - <Event(3-KeyUp {'key': 50, 'mod': 0, 'window': None, 'scancode': 3})>
2019-11-25 18:41:44,426 - BDM-WAM 1574707293.5698485 - INFO - <Event(10-MoleUp) {'loc': (636,366)})>
2019-11-25 18:41:44,461 - BDM-WAM 1574707293.5698485 - INFO - <Event(4-MouseMotion {'rel': (5, 10), 'buttons': (0, 0, 0), 'pos': (449, 529), 'window': None})>
2019-11-25 18:41:44,477 - BDM-WAM 1574707293.5698485 - INFO - <Event(4-MouseMotion {'rel': (4, 5), 'buttons': (0, 0, 0), 'pos': (453, 534), 'window': None})>
2019-11-25 18:41:44,494 - BDM-WAM 1574707293.5698485 - INFO - <Event(4-MouseMotion {'rel': (1, 1), 'buttons': (0, 0, 0), 'pos': (454, 535), 'window': None})>
2019-11-25 18:41:44,510 - BDM-WAM 1574707293.5698485 - INFO - <Event(4-MouseMotion {'rel': (2, 1), 'buttons': (0, 0, 0), 'pos': (456, 536), 'window': None})>
2019-11-25 18:41:44,527 - BDM-WAM 1574707293.5698485 - INFO - <Event(4-MouseMotion {'rel': (0, 2), 'buttons': (0, 0, 0), 'pos': (456, 538), 'window': None})>
2019-11-25 18:41:44,545 - BDM-WAM 1574707293.5698485 - INFO - <Event(4-MouseMotion {'rel': (1, 1), 'buttons': (0, 0, 0), 'pos': (457, 539), 'window': None})>
2019-11-25 18:41:44,560 - BDM-WAM 1574707293.5698485 - INFO - <Event(4-MouseMotion {'rel': (1, 0), 'buttons': (0, 0, 0), 'pos': (458, 539), 'window': None})>
2019-11-25 18:41:44,577 - BDM-WAM 1574707293.5698485 - INFO - <Event(4-MouseMotion {'rel': (3, -2), 'buttons': (0, 0, 0), 'pos': (461, 537), 'window': None})>
2019-11-25 18:41:44,594 - BDM-WAM 1574707293.5698485 - INFO - <Event(4-MouseMotion {'rel': (2, -8), 'buttons': (0, 0, 0), 'pos': (463, 529), 'window': None})>
2019-11-25 18:41:44,611 - BDM-WAM 1574707293.5698485 - INFO - <Event(4-MouseMotion {'rel': (2, -13), 'buttons': (0, 0, 0), 'pos': (465, 516), 'window': None})>
2019-11-25 18:41:44,628 - BDM-WAM 1574707293.5698485 - INFO - <Event(4-MouseMotion {'rel': (0, -13), 'buttons': (0, 0, 0), 'pos': (465, 503), 'window': None})>
2019-11-25 18:41:44,645 - BDM-WAM 1574707293.5698485 - INFO - <Event(4-MouseMotion {'rel': (-4, -30), 'buttons': (0, 0, 0), 'pos': (461, 473), 'window': None})>
2019-11-25 18:41:44,662 - BDM-WAM 1574707293.5698485 - INFO - <Event(4-MouseMotion {'rel': (-8, -27), 'buttons': (0, 0, 0), 'pos': (453, 446), 'window': None})>
2019-11-25 18:41:44,679 - BDM-WAM 1574707293.5698485 - INFO - <Event(4-MouseMotion {'rel': (-6, -25), 'buttons': (0, 0, 0), 'pos': (447, 421), 'window': None})>
2019-11-25 18:41:44,696 - BDM-WAM 1574707293.5698485 - INFO - <Event(4-MouseMotion {'rel': (-9, -22), 'buttons': (0, 0, 0), 'pos': (438, 399), 'window': None})>
2019-11-25 18:41:44,714 - BDM-WAM 1574707293.5698485 - INFO - <Event(4-MouseMotion {'rel': (-15, -33), 'buttons': (0, 0, 0), 'pos': (423, 366), 'window': None})>
2019-11-25 18:41:44,730 - BDM-WAM 1574707293.5698485 - INFO - <Event(4-MouseMotion {'rel': (-10, -21), 'buttons': (0, 0, 0), 'pos': (413, 345), 'window': None})>
2019-11-25 18:41:44,747 - BDM-WAM 1574707293.5698485 - INFO - <Event(4-MouseMotion {'rel': (-8, -17), 'buttons': (0, 0, 0), 'pos': (405, 328), 'window': None})>
2019-11-25 18:41:44,764 - BDM-WAM 1574707293.5698485 - INFO - <Event(4-MouseMotion {'rel': (-8, -16), 'buttons': (0, 0, 0), 'pos': (397, 312), 'window': None})>
2019-11-25 18:41:44,782 - BDM-WAM 1574707293.5698485 - INFO - <Event(4-MouseMotion {'rel': (-6, -15), 'buttons': (0, 0, 0), 'pos': (391, 297), 'window': None})>
2019-11-25 18:41:44,857 - BDM-WAM 1574707293.5698485 - INFO - <Event(4-MouseMotion {'rel': (-14, -37), 'buttons': (0, 0, 0), 'pos': (377, 260), 'window': None})>
2019-11-25 18:41:44,876 - BDM-WAM 1574707293.5698485 - INFO - <Event(4-MouseMotion {'rel': (0, -1), 'buttons': (0, 0, 0), 'pos': (377, 259), 'window': None})>
2019-11-25 18:41:45,075 - BDM-WAM 1574707293.5698485 - INFO - <Event(4-MouseMotion {'rel': (3, 4), 'buttons': (0, 0, 0), 'pos': (380, 263), 'window': None})>
2019-11-25 18:41:45,091 - BDM-WAM 1574707293.5698485 - INFO - <Event(4-MouseMotion {'rel': (8, 4), 'buttons': (0, 0, 0), 'pos': (388, 267), 'window': None})>
2019-11-25 18:41:45,108 - BDM-WAM 1574707293.5698485 - INFO - <Event(4-MouseMotion {'rel': (8, 7), 'buttons': (0, 0, 0), 'pos': (396, 274), 'window': None})>
2019-11-25 18:41:45,125 - BDM-WAM 1574707293.5698485 - INFO - <Event(4-MouseMotion {'rel': (11, 6), 'buttons': (0, 0, 0), 'pos': (407, 280), 'window': None})>
2019-11-25 18:41:45,143 - BDM-WAM 1574707293.5698485 - INFO - <Event(4-MouseMotion {'rel': (13, 7), 'buttons': (0, 0, 0), 'pos': (420, 287), 'window': None})>
2019-11-25 18:41:45,160 - BDM-WAM 1574707293.5698485 - INFO - <Event(4-MouseMotion {'rel': (22, 8), 'buttons': (0, 0, 0), 'pos': (442, 295), 'window': None})>
2019-11-25 18:41:45,177 - BDM-WAM 1574707293.5698485 - INFO - <Event(4-MouseMotion {'rel': (14, 5), 'buttons': (0, 0, 0), 'pos': (456, 300), 'window': None})>
2019-11-25 18:41:45,194 - BDM-WAM 1574707293.5698485 - INFO - <Event(4-MouseMotion {'rel': (11, 4), 'buttons': (0, 0, 0), 'pos': (467, 304), 'window': None})>
2019-11-25 18:41:45,211 - BDM-WAM 1574707293.5698485 - INFO - <Event(4-MouseMotion {'rel': (14, 6), 'buttons': (0, 0, 0), 'pos': (481, 310), 'window': None})>
2019-11-25 18:41:45,229 - BDM-WAM 1574707293.5698485 - INFO - <Event(4-MouseMotion {'rel': (16, 9), 'buttons': (0, 0, 0), 'pos': (497, 319), 'window': None})>
2019-11-25 18:41:45,245 - BDM-WAM 1574707293.5698485 - INFO - <Event(4-MouseMotion {'rel': (10, 4), 'buttons': (0, 0, 0), 'pos': (507, 323), 'window': None})>
2019-11-25 18:41:45,262 - BDM-WAM 1574707293.5698485 - INFO - <Event(4-MouseMotion {'rel': (8, 4), 'buttons': (0, 0, 0), 'pos': (515, 327), 'window': None})>
2019-11-25 18:41:45,278 - BDM-WAM 1574707293.5698485 - INFO - <Event(4-MouseMotion {'rel': (5, 4), 'buttons': (0, 0, 0), 'pos': (520, 331), 'window': None})>
2019-11-25 18:41:45,295 - BDM-WAM 1574707293.5698485 - INFO - <Event(4-MouseMotion {'rel': (5, 2), 'buttons': (0, 0, 0), 'pos': (525, 333), 'window': None})>
2019-11-25 18:41:45,313 - BDM-WAM 1574707293.5698485 - INFO - <Event(4-MouseMotion {'rel': (5, 3), 'buttons': (0, 0, 0), 'pos': (530, 336), 'window': None})>
2019-11-25 18:41:45,329 - BDM-WAM 1574707293.5698485 - INFO - <Event(4-MouseMotion {'rel': (3, 0), 'buttons': (0, 0, 0), 'pos': (533, 336), 'window': None})>
2019-11-25 18:41:45,345 - BDM-WAM 1574707293.5698485 - INFO - <Event(4-MouseMotion {'rel': (2, 0), 'buttons': (0, 0, 0), 'pos': (535, 336), 'window': None})>
2019-11-25 18:41:45,361 - BDM-WAM 1574707293.5698485 - INFO - <Event(4-MouseMotion {'rel': (1, 0), 'buttons': (0, 0, 0), 'pos': (536, 336), 'window': None})>
2019-11-25 18:41:45,805 - BDM-WAM 1574707293.5698485 - INFO - <Event(2-KeyDown {'key': 112, 'unicode': 'p', 'mod': 0, 'window': None, 'scancode': 25})>
2019-11-25 18:41:45,805 - BDM-WAM 1574707293.5698485 - INFO - <Event(8-Pause {'reason': <bound method GameManager.pause of <game.GameManager object at 0x000001EC6C2DBBE0>> })>
2019-11-25 18:41:46,516 - BDM-WAM 1574707293.5698485 - INFO - ************* HAPPY ANALYSING... LOG COMPLETE!!! ************* 
