2019-11-20 21:30:04,279 - BDM-WAM 1574285404.0922318 - INFO - <Event(17-VideoExpose {})>
2019-11-20 21:30:05,307 - BDM-WAM 1574285404.0922318 - INFO - <Event(1-ActiveEvent {'gain': 0, 'state': 1})>
2019-11-20 21:30:05,307 - BDM-WAM 1574285404.0922318 - INFO - <Event(4-MouseMotion {'buttons': (0, 0, 0), 'rel': (518, 510), 'window': None, 'pos': (517, 509)})>
2019-11-20 21:30:05,397 - BDM-WAM 1574285404.0922318 - INFO - <Event(3-KeyUp {'mod': 0, 'key': 99, 'window': None, 'scancode': 46})>
2019-11-20 21:30:06,912 - BDM-WAM 1574285404.0922318 - INFO - <Event(2-KeyDown {'unicode': 'p', 'mod': 0, 'key': 112, 'window': None, 'scancode': 25})>
2019-11-20 21:30:06,921 - BDM-WAM 1574285404.0922318 - INFO - <Event(8-Pause {'reason': <bound method GameManager.pause of <game.GameManager object at 0x0000018281808DA0>> })>
2019-11-20 21:30:08,312 - BDM-WAM 1574285404.0922318 - INFO - <Event(3-KeyUp {'mod': 0, 'key': 99, 'window': None, 'scancode': 46})>
2019-11-20 21:30:08,922 - BDM-WAM 1574285404.0922318 - INFO - <Event(4-MouseMotion {'buttons': (0, 0, 0), 'rel': (-32, -23), 'window': None, 'pos': (465, 404)})>
2019-11-20 21:30:08,939 - BDM-WAM 1574285404.0922318 - INFO - <Event(4-MouseMotion {'buttons': (0, 0, 0), 'rel': (-85, -61), 'window': None, 'pos': (380, 343)})>
2019-11-20 21:30:08,956 - BDM-WAM 1574285404.0922318 - INFO - <Event(4-MouseMotion {'buttons': (0, 0, 0), 'rel': (-76, -45), 'window': None, 'pos': (304, 298)})>
2019-11-20 21:30:08,973 - BDM-WAM 1574285404.0922318 - INFO - <Event(4-MouseMotion {'buttons': (0, 0, 0), 'rel': (-47, -21), 'window': None, 'pos': (257, 277)})>
2019-11-20 21:30:08,990 - BDM-WAM 1574285404.0922318 - INFO - <Event(4-MouseMotion {'buttons': (0, 0, 0), 'rel': (-37, -20), 'window': None, 'pos': (220, 257)})>
2019-11-20 21:30:09,007 - BDM-WAM 1574285404.0922318 - INFO - <Event(4-MouseMotion {'buttons': (0, 0, 0), 'rel': (-13, -12), 'window': None, 'pos': (207, 245)})>
2019-11-20 21:30:09,024 - BDM-WAM 1574285404.0922318 - INFO - <Event(4-MouseMotion {'buttons': (0, 0, 0), 'rel': (-11, -11), 'window': None, 'pos': (196, 234)})>
2019-11-20 21:30:09,041 - BDM-WAM 1574285404.0922318 - INFO - <Event(4-MouseMotion {'buttons': (0, 0, 0), 'rel': (-7, -14), 'window': None, 'pos': (189, 220)})>
2019-11-20 21:30:09,060 - BDM-WAM 1574285404.0922318 - INFO - <Event(4-MouseMotion {'buttons': (0, 0, 0), 'rel': (-5, -23), 'window': None, 'pos': (184, 197)})>
2019-11-20 21:30:09,076 - BDM-WAM 1574285404.0922318 - INFO - <Event(4-MouseMotion {'buttons': (0, 0, 0), 'rel': (2, -17), 'window': None, 'pos': (186, 180)})>
2019-11-20 21:30:09,092 - BDM-WAM 1574285404.0922318 - INFO - <Event(4-MouseMotion {'buttons': (0, 0, 0), 'rel': (2, -13), 'window': None, 'pos': (188, 167)})>
2019-11-20 21:30:09,109 - BDM-WAM 1574285404.0922318 - INFO - <Event(4-MouseMotion {'buttons': (0, 0, 0), 'rel': (0, -8), 'window': None, 'pos': (188, 159)})>
2019-11-20 21:30:09,130 - BDM-WAM 1574285404.0922318 - INFO - <Event(4-MouseMotion {'buttons': (0, 0, 0), 'rel': (2, -6), 'window': None, 'pos': (190, 153)})>
2019-11-20 21:30:09,146 - BDM-WAM 1574285404.0922318 - INFO - <Event(4-MouseMotion {'buttons': (0, 0, 0), 'rel': (2, -3), 'window': None, 'pos': (192, 150)})>
2019-11-20 21:30:09,161 - BDM-WAM 1574285404.0922318 - INFO - <Event(4-MouseMotion {'buttons': (0, 0, 0), 'rel': (0, -2), 'window': None, 'pos': (192, 148)})>
2019-11-20 21:30:09,178 - BDM-WAM 1574285404.0922318 - INFO - <Event(4-MouseMotion {'buttons': (0, 0, 0), 'rel': (-1, -1), 'window': None, 'pos': (191, 147)})>
2019-11-20 21:30:09,196 - BDM-WAM 1574285404.0922318 - INFO - <Event(4-MouseMotion {'buttons': (0, 0, 0), 'rel': (-1, -4), 'window': None, 'pos': (190, 143)})>
2019-11-20 21:30:09,216 - BDM-WAM 1574285404.0922318 - INFO - <Event(4-MouseMotion {'buttons': (0, 0, 0), 'rel': (-2, -12), 'window': None, 'pos': (188, 131)})>
2019-11-20 21:30:09,230 - BDM-WAM 1574285404.0922318 - INFO - <Event(4-MouseMotion {'buttons': (0, 0, 0), 'rel': (-3, -15), 'window': None, 'pos': (185, 116)})>
2019-11-20 21:30:09,247 - BDM-WAM 1574285404.0922318 - INFO - <Event(4-MouseMotion {'buttons': (0, 0, 0), 'rel': (-4, -15), 'window': None, 'pos': (181, 101)})>
2019-11-20 21:30:09,264 - BDM-WAM 1574285404.0922318 - INFO - <Event(4-MouseMotion {'buttons': (0, 0, 0), 'rel': (-3, -15), 'window': None, 'pos': (178, 86)})>
2019-11-20 21:30:09,283 - BDM-WAM 1574285404.0922318 - INFO - <Event(4-MouseMotion {'buttons': (0, 0, 0), 'rel': (-5, -9), 'window': None, 'pos': (173, 77)})>
2019-11-20 21:30:09,298 - BDM-WAM 1574285404.0922318 - INFO - <Event(4-MouseMotion {'buttons': (0, 0, 0), 'rel': (-2, -4), 'window': None, 'pos': (171, 73)})>
2019-11-20 21:30:09,316 - BDM-WAM 1574285404.0922318 - INFO - <Event(4-MouseMotion {'buttons': (0, 0, 0), 'rel': (-3, -2), 'window': None, 'pos': (168, 71)})>
2019-11-20 21:30:09,334 - BDM-WAM 1574285404.0922318 - INFO - <Event(4-MouseMotion {'buttons': (0, 0, 0), 'rel': (-4, -2), 'window': None, 'pos': (164, 69)})>
2019-11-20 21:30:09,353 - BDM-WAM 1574285404.0922318 - INFO - <Event(4-MouseMotion {'buttons': (0, 0, 0), 'rel': (-5, 0), 'window': None, 'pos': (159, 69)})>
2019-11-20 21:30:09,369 - BDM-WAM 1574285404.0922318 - INFO - <Event(4-MouseMotion {'buttons': (0, 0, 0), 'rel': (-3, 0), 'window': None, 'pos': (156, 69)})>
2019-11-20 21:30:09,385 - BDM-WAM 1574285404.0922318 - INFO - <Event(4-MouseMotion {'buttons': (0, 0, 0), 'rel': (-1, 0), 'window': None, 'pos': (155, 69)})>
2019-11-20 21:30:09,403 - BDM-WAM 1574285404.0922318 - INFO - <Event(4-MouseMotion {'buttons': (0, 0, 0), 'rel': (-1, 0), 'window': None, 'pos': (154, 69)})>
2019-11-20 21:30:09,539 - BDM-WAM 1574285404.0922318 - INFO - <Event(5-MouseButtonDown {'button': 1, 'window': None, 'pos': (154, 69)})>
2019-11-20 21:30:09,647 - BDM-WAM 1574285404.0922318 - INFO - <Event(6-MouseButtonUp {'button': 1, 'window': None, 'pos': (154, 69)})>
2019-11-20 21:30:09,853 - BDM-WAM 1574285404.0922318 - INFO - <Event(4-MouseMotion {'buttons': (0, 0, 0), 'rel': (15, 11), 'window': None, 'pos': (169, 80)})>
2019-11-20 21:30:09,871 - BDM-WAM 1574285404.0922318 - INFO - <Event(4-MouseMotion {'buttons': (0, 0, 0), 'rel': (26, 17), 'window': None, 'pos': (195, 97)})>
2019-11-20 21:30:09,888 - BDM-WAM 1574285404.0922318 - INFO - <Event(4-MouseMotion {'buttons': (0, 0, 0), 'rel': (25, 19), 'window': None, 'pos': (220, 116)})>
2019-11-20 21:30:09,905 - BDM-WAM 1574285404.0922318 - INFO - <Event(4-MouseMotion {'buttons': (0, 0, 0), 'rel': (45, 29), 'window': None, 'pos': (265, 145)})>
2019-11-20 21:30:09,922 - BDM-WAM 1574285404.0922318 - INFO - <Event(4-MouseMotion {'buttons': (0, 0, 0), 'rel': (25, 18), 'window': None, 'pos': (290, 163)})>
2019-11-20 21:30:09,940 - BDM-WAM 1574285404.0922318 - INFO - <Event(4-MouseMotion {'buttons': (0, 0, 0), 'rel': (20, 17), 'window': None, 'pos': (310, 180)})>
2019-11-20 21:30:09,957 - BDM-WAM 1574285404.0922318 - INFO - <Event(4-MouseMotion {'buttons': (0, 0, 0), 'rel': (14, 13), 'window': None, 'pos': (324, 193)})>
2019-11-20 21:30:09,975 - BDM-WAM 1574285404.0922318 - INFO - <Event(4-MouseMotion {'buttons': (0, 0, 0), 'rel': (13, 16), 'window': None, 'pos': (337, 209)})>
2019-11-20 21:30:09,992 - BDM-WAM 1574285404.0922318 - INFO - <Event(4-MouseMotion {'buttons': (0, 0, 0), 'rel': (3, 5), 'window': None, 'pos': (340, 214)})>
2019-11-20 21:30:10,009 - BDM-WAM 1574285404.0922318 - INFO - <Event(4-MouseMotion {'buttons': (0, 0, 0), 'rel': (2, 3), 'window': None, 'pos': (342, 217)})>
2019-11-20 21:30:10,027 - BDM-WAM 1574285404.0922318 - INFO - <Event(4-MouseMotion {'buttons': (0, 0, 0), 'rel': (1, 1), 'window': None, 'pos': (343, 218)})>
2019-11-20 21:30:10,043 - BDM-WAM 1574285404.0922318 - INFO - <Event(4-MouseMotion {'buttons': (0, 0, 0), 'rel': (1, 2), 'window': None, 'pos': (344, 220)})>
2019-11-20 21:30:10,060 - BDM-WAM 1574285404.0922318 - INFO - <Event(4-MouseMotion {'buttons': (0, 0, 0), 'rel': (1, 0), 'window': None, 'pos': (345, 220)})>
2019-11-20 21:30:10,078 - BDM-WAM 1574285404.0922318 - INFO - <Event(4-MouseMotion {'buttons': (0, 0, 0), 'rel': (3, -1), 'window': None, 'pos': (348, 219)})>
2019-11-20 21:30:10,095 - BDM-WAM 1574285404.0922318 - INFO - <Event(4-MouseMotion {'buttons': (0, 0, 0), 'rel': (6, -2), 'window': None, 'pos': (354, 217)})>
2019-11-20 21:30:10,115 - BDM-WAM 1574285404.0922318 - INFO - <Event(4-MouseMotion {'buttons': (0, 0, 0), 'rel': (10, -4), 'window': None, 'pos': (364, 213)})>
2019-11-20 21:30:10,130 - BDM-WAM 1574285404.0922318 - INFO - <Event(4-MouseMotion {'buttons': (0, 0, 0), 'rel': (21, -6), 'window': None, 'pos': (385, 207)})>
2019-11-20 21:30:10,147 - BDM-WAM 1574285404.0922318 - INFO - <Event(4-MouseMotion {'buttons': (0, 0, 0), 'rel': (19, -1), 'window': None, 'pos': (404, 206)})>
2019-11-20 21:30:10,164 - BDM-WAM 1574285404.0922318 - INFO - <Event(4-MouseMotion {'buttons': (0, 0, 0), 'rel': (19, 0), 'window': None, 'pos': (423, 206)})>
2019-11-20 21:30:10,183 - BDM-WAM 1574285404.0922318 - INFO - <Event(4-MouseMotion {'buttons': (0, 0, 0), 'rel': (18, 4), 'window': None, 'pos': (441, 210)})>
2019-11-20 21:30:10,307 - BDM-WAM 1574285404.0922318 - INFO - <Event(4-MouseMotion {'buttons': (0, 0, 0), 'rel': (42, -5), 'window': None, 'pos': (483, 205)})>
2019-11-20 21:30:10,347 - BDM-WAM 1574285404.0922318 - INFO - <Event(4-MouseMotion {'buttons': (0, 0, 0), 'rel': (12, -15), 'window': None, 'pos': (495, 190)})>
2019-11-20 21:30:10,367 - BDM-WAM 1574285404.0922318 - INFO - <Event(4-MouseMotion {'buttons': (0, 0, 0), 'rel': (5, -4), 'window': None, 'pos': (500, 186)})>
2019-11-20 21:30:10,382 - BDM-WAM 1574285404.0922318 - INFO - <Event(4-MouseMotion {'buttons': (0, 0, 0), 'rel': (4, -1), 'window': None, 'pos': (504, 185)})>
2019-11-20 21:30:10,399 - BDM-WAM 1574285404.0922318 - INFO - <Event(4-MouseMotion {'buttons': (0, 0, 0), 'rel': (1, -1), 'window': None, 'pos': (505, 184)})>
2019-11-20 21:30:10,451 - BDM-WAM 1574285404.0922318 - INFO - <Event(4-MouseMotion {'buttons': (0, 0, 0), 'rel': (13, 5), 'window': None, 'pos': (518, 189)})>
2019-11-20 21:30:10,469 - BDM-WAM 1574285404.0922318 - INFO - <Event(4-MouseMotion {'buttons': (0, 0, 0), 'rel': (4, 8), 'window': None, 'pos': (522, 197)})>
2019-11-20 21:30:10,486 - BDM-WAM 1574285404.0922318 - INFO - <Event(4-MouseMotion {'buttons': (0, 0, 0), 'rel': (2, 8), 'window': None, 'pos': (524, 205)})>
2019-11-20 21:30:10,503 - BDM-WAM 1574285404.0922318 - INFO - <Event(4-MouseMotion {'buttons': (0, 0, 0), 'rel': (2, 5), 'window': None, 'pos': (526, 210)})>
2019-11-20 21:30:10,520 - BDM-WAM 1574285404.0922318 - INFO - <Event(4-MouseMotion {'buttons': (0, 0, 0), 'rel': (0, 4), 'window': None, 'pos': (526, 214)})>
2019-11-20 21:30:10,537 - BDM-WAM 1574285404.0922318 - INFO - <Event(4-MouseMotion {'buttons': (0, 0, 0), 'rel': (0, 1), 'window': None, 'pos': (526, 215)})>
2019-11-20 21:30:10,553 - BDM-WAM 1574285404.0922318 - INFO - <Event(4-MouseMotion {'buttons': (0, 0, 0), 'rel': (0, -1), 'window': None, 'pos': (526, 214)})>
2019-11-20 21:30:10,571 - BDM-WAM 1574285404.0922318 - INFO - <Event(4-MouseMotion {'buttons': (0, 0, 0), 'rel': (4, -13), 'window': None, 'pos': (530, 201)})>
2019-11-20 21:30:10,589 - BDM-WAM 1574285404.0922318 - INFO - <Event(4-MouseMotion {'buttons': (0, 0, 0), 'rel': (14, -37), 'window': None, 'pos': (544, 164)})>
2019-11-20 21:30:10,605 - BDM-WAM 1574285404.0922318 - INFO - <Event(4-MouseMotion {'buttons': (0, 0, 0), 'rel': (16, -29), 'window': None, 'pos': (560, 135)})>
2019-11-20 21:30:10,622 - BDM-WAM 1574285404.0922318 - INFO - <Event(4-MouseMotion {'buttons': (0, 0, 0), 'rel': (16, -27), 'window': None, 'pos': (576, 108)})>
2019-11-20 21:30:10,639 - BDM-WAM 1574285404.0922318 - INFO - <Event(4-MouseMotion {'buttons': (0, 0, 0), 'rel': (12, -18), 'window': None, 'pos': (588, 90)})>
2019-11-20 21:30:10,656 - BDM-WAM 1574285404.0922318 - INFO - <Event(4-MouseMotion {'buttons': (0, 0, 0), 'rel': (9, -9), 'window': None, 'pos': (597, 81)})>
2019-11-20 21:30:10,673 - BDM-WAM 1574285404.0922318 - INFO - <Event(4-MouseMotion {'buttons': (0, 0, 0), 'rel': (11, -7), 'window': None, 'pos': (608, 74)})>
2019-11-20 21:30:10,690 - BDM-WAM 1574285404.0922318 - INFO - <Event(4-MouseMotion {'buttons': (0, 0, 0), 'rel': (4, -1), 'window': None, 'pos': (612, 73)})>
2019-11-20 21:30:10,707 - BDM-WAM 1574285404.0922318 - INFO - <Event(4-MouseMotion {'buttons': (0, 0, 0), 'rel': (4, 0), 'window': None, 'pos': (616, 73)})>
2019-11-20 21:30:10,726 - BDM-WAM 1574285404.0922318 - INFO - <Event(4-MouseMotion {'buttons': (0, 0, 0), 'rel': (3, 0), 'window': None, 'pos': (619, 73)})>
2019-11-20 21:30:10,748 - BDM-WAM 1574285404.0922318 - INFO - <Event(4-MouseMotion {'buttons': (0, 0, 0), 'rel': (3, 0), 'window': None, 'pos': (622, 73)})>
2019-11-20 21:30:10,760 - BDM-WAM 1574285404.0922318 - INFO - <Event(4-MouseMotion {'buttons': (0, 0, 0), 'rel': (1, 0), 'window': None, 'pos': (623, 73)})>
2019-11-20 21:30:10,778 - BDM-WAM 1574285404.0922318 - INFO - <Event(4-MouseMotion {'buttons': (0, 0, 0), 'rel': (1, 0), 'window': None, 'pos': (624, 73)})>
2019-11-20 21:30:10,811 - BDM-WAM 1574285404.0922318 - INFO - <Event(4-MouseMotion {'buttons': (0, 0, 0), 'rel': (2, 0), 'window': None, 'pos': (626, 73)})>
2019-11-20 21:30:10,830 - BDM-WAM 1574285404.0922318 - INFO - <Event(4-MouseMotion {'buttons': (0, 0, 0), 'rel': (1, 0), 'window': None, 'pos': (627, 73)})>
2019-11-20 21:30:10,845 - BDM-WAM 1574285404.0922318 - INFO - <Event(4-MouseMotion {'buttons': (0, 0, 0), 'rel': (1, 0), 'window': None, 'pos': (628, 73)})>
2019-11-20 21:30:10,879 - BDM-WAM 1574285404.0922318 - INFO - <Event(4-MouseMotion {'buttons': (0, 0, 0), 'rel': (3, 0), 'window': None, 'pos': (631, 73)})>
2019-11-20 21:30:10,898 - BDM-WAM 1574285404.0922318 - INFO - <Event(4-MouseMotion {'buttons': (0, 0, 0), 'rel': (1, 0), 'window': None, 'pos': (632, 73)})>
2019-11-20 21:30:11,022 - BDM-WAM 1574285404.0922318 - INFO - <Event(5-MouseButtonDown {'button': 1, 'window': None, 'pos': (632, 73)})>
2019-11-20 21:30:11,024 - BDM-WAM 1574285404.0922318 - INFO - <Event(8-Pause {'reason': <bound method GameManager.pause of <game.GameManager object at 0x0000018281808DA0>> })>
2019-11-20 21:30:12,822 - BDM-WAM 1574285404.0922318 - INFO - <Event(7-Rate {'': hit_conf49 })>
2019-11-20 21:30:12,984 - BDM-WAM 1574285404.0922318 - INFO - <Event(7-Rate {'': reward_conf49 })>
2019-11-20 21:30:13,144 - BDM-WAM 1574285404.0922318 - INFO - <Event(7-Rate {'': player_skill49 })>
2019-11-20 21:30:13,145 - BDM-WAM 1574285404.0922318 - INFO - <Event(9.1-True Hit {'pos': (632,73), 'window': None})>
2019-11-20 21:30:13,236 - BDM-WAM 1574285404.0922318 - INFO - <Event(3-KeyUp {'mod': 0, 'key': 49, 'window': None, 'scancode': 2})>
2019-11-20 21:30:14,812 - BDM-WAM 1574285404.0922318 - INFO - <Event(5-MouseButtonDown {'button': 1, 'window': None, 'pos': (722, 437)})>
2019-11-20 21:30:14,813 - BDM-WAM 1574285404.0922318 - INFO - <Event(6-MouseButtonUp {'button': 1, 'window': None, 'pos': (722, 437)})>
2019-11-20 21:30:14,929 - BDM-WAM 1574285404.0922318 - INFO - <Event(5-MouseButtonDown {'button': 1, 'window': None, 'pos': (722, 437)})>
2019-11-20 21:30:14,929 - BDM-WAM 1574285404.0922318 - INFO - <Event(8-Pause {'reason': <bound method GameManager.pause of <game.GameManager object at 0x0000018281808DA0>> })>
2019-11-20 21:30:15,299 - BDM-WAM 1574285404.0922318 - INFO - <Event(7-Rate {'': hit_conf49 })>
2019-11-20 21:30:15,474 - BDM-WAM 1574285404.0922318 - INFO - <Event(7-Rate {'': reward_conf49 })>
2019-11-20 21:30:15,651 - BDM-WAM 1574285404.0922318 - INFO - <Event(7-Rate {'': player_skill49 })>
2019-11-20 21:30:15,652 - BDM-WAM 1574285404.0922318 - INFO - <Event(9.2-Fake Miss {'pos': (700,441), 'window': None})>
2019-11-20 21:30:15,653 - BDM-WAM 1574285404.0922318 - INFO - <Event(4-MouseMotion {'buttons': (1, 0, 0), 'rel': (-22, 4), 'window': None, 'pos': (700, 441)})>
2019-11-20 21:30:15,826 - BDM-WAM 1574285404.0922318 - INFO - <Event(3-KeyUp {'mod': 0, 'key': 49, 'window': None, 'scancode': 2})>
2019-11-20 21:30:16,101 - BDM-WAM 1574285404.0922318 - INFO - <Event(5-MouseButtonDown {'button': 1, 'window': None, 'pos': (688, 425)})>
2019-11-20 21:30:16,102 - BDM-WAM 1574285404.0922318 - INFO - <Event(6-MouseButtonUp {'button': 1, 'window': None, 'pos': (688, 425)})>
2019-11-20 21:30:16,162 - BDM-WAM 1574285404.0922318 - INFO - <Event(5-MouseButtonDown {'button': 1, 'window': None, 'pos': (688, 425)})>
2019-11-20 21:30:16,163 - BDM-WAM 1574285404.0922318 - INFO - <Event(8-Pause {'reason': <bound method GameManager.pause of <game.GameManager object at 0x0000018281808DA0>> })>
2019-11-20 21:30:16,772 - BDM-WAM 1574285404.0922318 - INFO - <Event(7-Rate {'': hit_conf49 })>
2019-11-20 21:30:17,110 - BDM-WAM 1574285404.0922318 - INFO - <Event(7-Rate {'': reward_conf49 })>
2019-11-20 21:30:17,313 - BDM-WAM 1574285404.0922318 - INFO - <Event(7-Rate {'': player_skill49 })>
2019-11-20 21:30:17,313 - BDM-WAM 1574285404.0922318 - INFO - <Event(9.4-True Miss {'pos': (684,431), 'window': None})>
2019-11-20 21:30:17,314 - BDM-WAM 1574285404.0922318 - INFO - <Event(4-MouseMotion {'buttons': (1, 0, 0), 'rel': (-4, 6), 'window': None, 'pos': (684, 431)})>
2019-11-20 21:30:17,566 - BDM-WAM 1574285404.0922318 - INFO - <Event(3-KeyUp {'mod': 0, 'key': 49, 'window': None, 'scancode': 2})>
2019-11-20 21:30:17,703 - BDM-WAM 1574285404.0922318 - INFO - <Event(5-MouseButtonDown {'button': 1, 'window': None, 'pos': (696, 393)})>
2019-11-20 21:30:17,704 - BDM-WAM 1574285404.0922318 - INFO - <Event(6-MouseButtonUp {'button': 1, 'window': None, 'pos': (696, 393)})>
2019-11-20 21:30:17,736 - BDM-WAM 1574285404.0922318 - INFO - <Event(5-MouseButtonDown {'button': 1, 'window': None, 'pos': (696, 393)})>
2019-11-20 21:30:17,736 - BDM-WAM 1574285404.0922318 - INFO - <Event(8-Pause {'reason': <bound method GameManager.pause of <game.GameManager object at 0x0000018281808DA0>> })>
2019-11-20 21:30:18,373 - BDM-WAM 1574285404.0922318 - INFO - <Event(7-Rate {'': hit_conf49 })>
2019-11-20 21:30:18,567 - BDM-WAM 1574285404.0922318 - INFO - <Event(7-Rate {'': reward_conf49 })>
2019-11-20 21:30:18,729 - BDM-WAM 1574285404.0922318 - INFO - <Event(7-Rate {'': player_skill49 })>
2019-11-20 21:30:18,730 - BDM-WAM 1574285404.0922318 - INFO - <Event(9.4-True Miss {'pos': (692,392), 'window': None})>
2019-11-20 21:30:18,731 - BDM-WAM 1574285404.0922318 - INFO - <Event(4-MouseMotion {'buttons': (1, 0, 0), 'rel': (-4, -1), 'window': None, 'pos': (692, 392)})>
2019-11-20 21:30:18,803 - BDM-WAM 1574285404.0922318 - INFO - <Event(3-KeyUp {'mod': 0, 'key': 49, 'window': None, 'scancode': 2})>
2019-11-20 21:30:19,198 - BDM-WAM 1574285404.0922318 - INFO - <Event(5-MouseButtonDown {'button': 1, 'window': None, 'pos': (682, 402)})>
2019-11-20 21:30:19,200 - BDM-WAM 1574285404.0922318 - INFO - <Event(6-MouseButtonUp {'button': 1, 'window': None, 'pos': (682, 402)})>
2019-11-20 21:30:19,231 - BDM-WAM 1574285404.0922318 - INFO - <Event(5-MouseButtonDown {'button': 1, 'window': None, 'pos': (682, 402)})>
2019-11-20 21:30:19,232 - BDM-WAM 1574285404.0922318 - INFO - <Event(8-Pause {'reason': <bound method GameManager.pause of <game.GameManager object at 0x0000018281808DA0>> })>
2019-11-20 21:30:19,827 - BDM-WAM 1574285404.0922318 - INFO - <Event(7-Rate {'': hit_conf49 })>
2019-11-20 21:30:20,130 - BDM-WAM 1574285404.0922318 - INFO - <Event(7-Rate {'': reward_conf49 })>
2019-11-20 21:30:20,348 - BDM-WAM 1574285404.0922318 - INFO - <Event(7-Rate {'': player_skill49 })>
2019-11-20 21:30:20,348 - BDM-WAM 1574285404.0922318 - INFO - <Event(9.4-True Miss {'pos': (682,402), 'window': None})>
2019-11-20 21:30:20,432 - BDM-WAM 1574285404.0922318 - INFO - <Event(3-KeyUp {'mod': 0, 'key': 49, 'window': None, 'scancode': 2})>
2019-11-20 21:30:20,857 - BDM-WAM 1574285404.0922318 - INFO - <Event(5-MouseButtonDown {'button': 1, 'window': None, 'pos': (633, 404)})>
2019-11-20 21:30:20,858 - BDM-WAM 1574285404.0922318 - INFO - <Event(6-MouseButtonUp {'button': 1, 'window': None, 'pos': (633, 404)})>
2019-11-20 21:30:20,921 - BDM-WAM 1574285404.0922318 - INFO - <Event(5-MouseButtonDown {'button': 1, 'window': None, 'pos': (633, 404)})>
2019-11-20 21:30:20,922 - BDM-WAM 1574285404.0922318 - INFO - <Event(8-Pause {'reason': <bound method GameManager.pause of <game.GameManager object at 0x0000018281808DA0>> })>
2019-11-20 21:30:21,268 - BDM-WAM 1574285404.0922318 - INFO - <Event(7-Rate {'': hit_conf49 })>
2019-11-20 21:30:21,472 - BDM-WAM 1574285404.0922318 - INFO - <Event(7-Rate {'': reward_conf49 })>
2019-11-20 21:30:21,643 - BDM-WAM 1574285404.0922318 - INFO - <Event(7-Rate {'': player_skill49 })>
2019-11-20 21:30:21,644 - BDM-WAM 1574285404.0922318 - INFO - <Event(9.4-True Miss {'pos': (633,404), 'window': None})>
2019-11-20 21:30:21,693 - BDM-WAM 1574285404.0922318 - INFO - <Event(3-KeyUp {'mod': 0, 'key': 49, 'window': None, 'scancode': 2})>
2019-11-20 21:30:21,832 - BDM-WAM 1574285404.0922318 - INFO - <Event(2-KeyDown {'unicode': '1', 'mod': 0, 'key': 49, 'window': None, 'scancode': 2})>
2019-11-20 21:30:21,848 - BDM-WAM 1574285404.0922318 - INFO - <Event(3-KeyUp {'mod': 0, 'key': 49, 'window': None, 'scancode': 2})>
2019-11-20 21:30:22,358 - BDM-WAM 1574285404.0922318 - INFO - <Event(5-MouseButtonDown {'button': 1, 'window': None, 'pos': (629, 428)})>
2019-11-20 21:30:22,359 - BDM-WAM 1574285404.0922318 - INFO - <Event(6-MouseButtonUp {'button': 1, 'window': None, 'pos': (629, 428)})>
2019-11-20 21:30:22,443 - BDM-WAM 1574285404.0922318 - INFO - <Event(5-MouseButtonDown {'button': 1, 'window': None, 'pos': (629, 428)})>
2019-11-20 21:30:22,444 - BDM-WAM 1574285404.0922318 - INFO - <Event(8-Pause {'reason': <bound method GameManager.pause of <game.GameManager object at 0x0000018281808DA0>> })>
2019-11-20 21:30:22,942 - BDM-WAM 1574285404.0922318 - INFO - <Event(7-Rate {'': hit_conf49 })>
2019-11-20 21:30:23,159 - BDM-WAM 1574285404.0922318 - INFO - <Event(7-Rate {'': reward_conf49 })>
2019-11-20 21:30:23,334 - BDM-WAM 1574285404.0922318 - INFO - <Event(7-Rate {'': player_skill49 })>
2019-11-20 21:30:23,334 - BDM-WAM 1574285404.0922318 - INFO - <Event(9.3-Fake Hit {'pos': (641,424), 'window': None})>
2019-11-20 21:30:23,334 - BDM-WAM 1574285404.0922318 - INFO - <Event(4-MouseMotion {'buttons': (1, 0, 0), 'rel': (12, -4), 'window': None, 'pos': (641, 424)})>
2019-11-20 21:30:23,437 - BDM-WAM 1574285404.0922318 - INFO - <Event(3-KeyUp {'mod': 0, 'key': 49, 'window': None, 'scancode': 2})>
2019-11-20 21:30:24,328 - BDM-WAM 1574285404.0922318 - INFO - <Event(5-MouseButtonDown {'button': 1, 'window': None, 'pos': (658, 418)})>
2019-11-20 21:30:24,329 - BDM-WAM 1574285404.0922318 - INFO - <Event(6-MouseButtonUp {'button': 1, 'window': None, 'pos': (658, 418)})>
2019-11-20 21:30:24,399 - BDM-WAM 1574285404.0922318 - INFO - <Event(5-MouseButtonDown {'button': 1, 'window': None, 'pos': (658, 418)})>
2019-11-20 21:30:24,399 - BDM-WAM 1574285404.0922318 - INFO - <Event(8-Pause {'reason': <bound method GameManager.pause of <game.GameManager object at 0x0000018281808DA0>> })>
2019-11-20 21:30:25,080 - BDM-WAM 1574285404.0922318 - INFO - <Event(7-Rate {'': hit_conf49 })>
2019-11-20 21:30:25,277 - BDM-WAM 1574285404.0922318 - INFO - <Event(7-Rate {'': reward_conf49 })>
2019-11-20 21:30:25,445 - BDM-WAM 1574285404.0922318 - INFO - <Event(7-Rate {'': player_skill49 })>
2019-11-20 21:30:25,446 - BDM-WAM 1574285404.0922318 - INFO - <Event(9.1-True Hit {'pos': (664,417), 'window': None})>
2019-11-20 21:30:25,446 - BDM-WAM 1574285404.0922318 - INFO - <Event(4-MouseMotion {'buttons': (1, 0, 0), 'rel': (6, -1), 'window': None, 'pos': (664, 417)})>
2019-11-20 21:30:25,525 - BDM-WAM 1574285404.0922318 - INFO - <Event(3-KeyUp {'mod': 0, 'key': 49, 'window': None, 'scancode': 2})>
2019-11-20 21:30:26,532 - BDM-WAM 1574285404.0922318 - INFO - <Event(5-MouseButtonDown {'button': 1, 'window': None, 'pos': (592, 498)})>
2019-11-20 21:30:26,533 - BDM-WAM 1574285404.0922318 - INFO - <Event(6-MouseButtonUp {'button': 1, 'window': None, 'pos': (592, 498)})>
2019-11-20 21:30:26,590 - BDM-WAM 1574285404.0922318 - INFO - <Event(5-MouseButtonDown {'button': 1, 'window': None, 'pos': (592, 498)})>
2019-11-20 21:30:26,590 - BDM-WAM 1574285404.0922318 - INFO - <Event(8-Pause {'reason': <bound method GameManager.pause of <game.GameManager object at 0x0000018281808DA0>> })>
2019-11-20 21:30:26,971 - BDM-WAM 1574285404.0922318 - INFO - <Event(7-Rate {'': hit_conf49 })>
2019-11-20 21:30:27,258 - BDM-WAM 1574285404.0922318 - INFO - <Event(7-Rate {'': reward_conf49 })>
2019-11-20 21:30:27,454 - BDM-WAM 1574285404.0922318 - INFO - <Event(7-Rate {'': player_skill49 })>
2019-11-20 21:30:27,454 - BDM-WAM 1574285404.0922318 - INFO - <Event(9.4-True Miss {'pos': (608,503), 'window': None})>
2019-11-20 21:30:27,455 - BDM-WAM 1574285404.0922318 - INFO - <Event(4-MouseMotion {'buttons': (1, 0, 0), 'rel': (16, 5), 'window': None, 'pos': (608, 503)})>
2019-11-20 21:30:27,528 - BDM-WAM 1574285404.0922318 - INFO - <Event(3-KeyUp {'mod': 0, 'key': 49, 'window': None, 'scancode': 2})>
2019-11-20 21:30:28,366 - BDM-WAM 1574285404.0922318 - INFO - <Event(5-MouseButtonDown {'button': 1, 'window': None, 'pos': (628, 521)})>
2019-11-20 21:30:28,367 - BDM-WAM 1574285404.0922318 - INFO - <Event(6-MouseButtonUp {'button': 1, 'window': None, 'pos': (628, 521)})>
2019-11-20 21:30:28,560 - BDM-WAM 1574285404.0922318 - INFO - <Event(5-MouseButtonDown {'button': 1, 'window': None, 'pos': (628, 521)})>
2019-11-20 21:30:28,560 - BDM-WAM 1574285404.0922318 - INFO - <Event(8-Pause {'reason': <bound method GameManager.pause of <game.GameManager object at 0x0000018281808DA0>> })>
2019-11-20 21:30:29,657 - BDM-WAM 1574285404.0922318 - INFO - <Event(7-Rate {'': hit_conf49 })>
2019-11-20 21:30:29,879 - BDM-WAM 1574285404.0922318 - INFO - <Event(7-Rate {'': reward_conf49 })>
2019-11-20 21:30:30,162 - BDM-WAM 1574285404.0922318 - INFO - <Event(7-Rate {'': player_skill49 })>
2019-11-20 21:30:30,162 - BDM-WAM 1574285404.0922318 - INFO - <Event(9.4-True Miss {'pos': (632,513), 'window': None})>
2019-11-20 21:30:30,163 - BDM-WAM 1574285404.0922318 - INFO - <Event(4-MouseMotion {'buttons': (1, 0, 0), 'rel': (4, -8), 'window': None, 'pos': (632, 513)})>
2019-11-20 21:30:30,317 - BDM-WAM 1574285404.0922318 - INFO - <Event(3-KeyUp {'mod': 0, 'key': 49, 'window': None, 'scancode': 2})>
2019-11-20 21:30:31,054 - BDM-WAM 1574285404.0922318 - INFO - <Event(5-MouseButtonDown {'button': 1, 'window': None, 'pos': (633, 517)})>
2019-11-20 21:30:31,054 - BDM-WAM 1574285404.0922318 - INFO - <Event(6-MouseButtonUp {'button': 1, 'window': None, 'pos': (633, 517)})>
2019-11-20 21:30:31,093 - BDM-WAM 1574285404.0922318 - INFO - <Event(5-MouseButtonDown {'button': 1, 'window': None, 'pos': (633, 517)})>
2019-11-20 21:30:31,093 - BDM-WAM 1574285404.0922318 - INFO - <Event(8-Pause {'reason': <bound method GameManager.pause of <game.GameManager object at 0x0000018281808DA0>> })>
2019-11-20 21:30:31,604 - BDM-WAM 1574285404.0922318 - INFO - <Event(7-Rate {'': hit_conf49 })>
2019-11-20 21:30:31,794 - BDM-WAM 1574285404.0922318 - INFO - <Event(7-Rate {'': reward_conf49 })>
2019-11-20 21:30:31,972 - BDM-WAM 1574285404.0922318 - INFO - <Event(7-Rate {'': player_skill49 })>
2019-11-20 21:30:31,973 - BDM-WAM 1574285404.0922318 - INFO - <Event(9.4-True Miss {'pos': (634,517), 'window': None})>
2019-11-20 21:30:31,973 - BDM-WAM 1574285404.0922318 - INFO - <Event(4-MouseMotion {'buttons': (1, 0, 0), 'rel': (1, 0), 'window': None, 'pos': (634, 517)})>
2019-11-20 21:30:32,179 - BDM-WAM 1574285404.0922318 - INFO - <Event(3-KeyUp {'mod': 0, 'key': 49, 'window': None, 'scancode': 2})>
2019-11-20 21:30:32,881 - BDM-WAM 1574285404.0922318 - INFO - <Event(5-MouseButtonDown {'button': 1, 'window': None, 'pos': (640, 507)})>
2019-11-20 21:30:32,882 - BDM-WAM 1574285404.0922318 - INFO - <Event(6-MouseButtonUp {'button': 1, 'window': None, 'pos': (640, 507)})>
2019-11-20 21:30:32,904 - BDM-WAM 1574285404.0922318 - INFO - <Event(5-MouseButtonDown {'button': 1, 'window': None, 'pos': (640, 507)})>
2019-11-20 21:30:32,904 - BDM-WAM 1574285404.0922318 - INFO - <Event(8-Pause {'reason': <bound method GameManager.pause of <game.GameManager object at 0x0000018281808DA0>> })>
2019-11-20 21:30:33,438 - BDM-WAM 1574285404.0922318 - INFO - <Event(7-Rate {'': hit_conf49 })>
2019-11-20 21:30:33,649 - BDM-WAM 1574285404.0922318 - INFO - <Event(7-Rate {'': reward_conf49 })>
2019-11-20 21:30:33,821 - BDM-WAM 1574285404.0922318 - INFO - <Event(7-Rate {'': player_skill49 })>
2019-11-20 21:30:33,822 - BDM-WAM 1574285404.0922318 - INFO - <Event(9.3-Fake Hit {'pos': (640,507), 'window': None})>
2019-11-20 21:30:33,929 - BDM-WAM 1574285404.0922318 - INFO - <Event(3-KeyUp {'mod': 0, 'key': 49, 'window': None, 'scancode': 2})>
2019-11-20 21:30:35,085 - BDM-WAM 1574285404.0922318 - INFO - <Event(5-MouseButtonDown {'button': 1, 'window': None, 'pos': (613, 502)})>
2019-11-20 21:30:35,086 - BDM-WAM 1574285404.0922318 - INFO - <Event(6-MouseButtonUp {'button': 1, 'window': None, 'pos': (613, 502)})>
2019-11-20 21:30:35,185 - BDM-WAM 1574285404.0922318 - INFO - <Event(5-MouseButtonDown {'button': 1, 'window': None, 'pos': (613, 502)})>
2019-11-20 21:30:35,186 - BDM-WAM 1574285404.0922318 - INFO - <Event(8-Pause {'reason': <bound method GameManager.pause of <game.GameManager object at 0x0000018281808DA0>> })>
2019-11-20 21:30:35,658 - BDM-WAM 1574285404.0922318 - INFO - <Event(7-Rate {'': hit_conf49 })>
2019-11-20 21:30:35,829 - BDM-WAM 1574285404.0922318 - INFO - <Event(7-Rate {'': reward_conf49 })>
2019-11-20 21:30:36,038 - BDM-WAM 1574285404.0922318 - INFO - <Event(7-Rate {'': player_skill49 })>
2019-11-20 21:30:36,038 - BDM-WAM 1574285404.0922318 - INFO - <Event(9.3-Fake Hit {'pos': (620,496), 'window': None})>
2019-11-20 21:30:36,039 - BDM-WAM 1574285404.0922318 - INFO - <Event(4-MouseMotion {'buttons': (1, 0, 0), 'rel': (7, -6), 'window': None, 'pos': (620, 496)})>
2019-11-20 21:30:36,180 - BDM-WAM 1574285404.0922318 - INFO - <Event(3-KeyUp {'mod': 0, 'key': 49, 'window': None, 'scancode': 2})>
2019-11-20 21:30:37,134 - BDM-WAM 1574285404.0922318 - INFO - <Event(5-MouseButtonDown {'button': 1, 'window': None, 'pos': (621, 520)})>
2019-11-20 21:30:37,135 - BDM-WAM 1574285404.0922318 - INFO - <Event(6-MouseButtonUp {'button': 1, 'window': None, 'pos': (621, 520)})>
2019-11-20 21:30:37,240 - BDM-WAM 1574285404.0922318 - INFO - <Event(5-MouseButtonDown {'button': 1, 'window': None, 'pos': (621, 520)})>
2019-11-20 21:30:37,241 - BDM-WAM 1574285404.0922318 - INFO - <Event(8-Pause {'reason': <bound method GameManager.pause of <game.GameManager object at 0x0000018281808DA0>> })>
2019-11-20 21:30:37,676 - BDM-WAM 1574285404.0922318 - INFO - <Event(7-Rate {'': hit_conf49 })>
2019-11-20 21:30:37,868 - BDM-WAM 1574285404.0922318 - INFO - <Event(7-Rate {'': reward_conf49 })>
2019-11-20 21:30:38,032 - BDM-WAM 1574285404.0922318 - INFO - <Event(7-Rate {'': player_skill49 })>
2019-11-20 21:30:38,033 - BDM-WAM 1574285404.0922318 - INFO - <Event(9.4-True Miss {'pos': (622,517), 'window': None})>
2019-11-20 21:30:38,033 - BDM-WAM 1574285404.0922318 - INFO - <Event(4-MouseMotion {'buttons': (1, 0, 0), 'rel': (1, -3), 'window': None, 'pos': (622, 517)})>
2019-11-20 21:30:38,154 - BDM-WAM 1574285404.0922318 - INFO - <Event(3-KeyUp {'mod': 0, 'key': 49, 'window': None, 'scancode': 2})>
2019-11-20 21:30:39,145 - BDM-WAM 1574285404.0922318 - INFO - <Event(5-MouseButtonDown {'button': 1, 'window': None, 'pos': (652, 524)})>
2019-11-20 21:30:39,146 - BDM-WAM 1574285404.0922318 - INFO - <Event(6-MouseButtonUp {'button': 1, 'window': None, 'pos': (652, 524)})>
2019-11-20 21:30:39,219 - BDM-WAM 1574285404.0922318 - INFO - <Event(5-MouseButtonDown {'button': 1, 'window': None, 'pos': (652, 524)})>
2019-11-20 21:30:39,220 - BDM-WAM 1574285404.0922318 - INFO - <Event(8-Pause {'reason': <bound method GameManager.pause of <game.GameManager object at 0x0000018281808DA0>> })>
2019-11-20 21:30:39,763 - BDM-WAM 1574285404.0922318 - INFO - <Event(7-Rate {'': hit_conf49 })>
2019-11-20 21:30:39,977 - BDM-WAM 1574285404.0922318 - INFO - <Event(7-Rate {'': reward_conf49 })>
2019-11-20 21:30:40,158 - BDM-WAM 1574285404.0922318 - INFO - <Event(7-Rate {'': player_skill49 })>
2019-11-20 21:30:40,159 - BDM-WAM 1574285404.0922318 - INFO - <Event(9.3-Fake Hit {'pos': (652,524), 'window': None})>
2019-11-20 21:30:40,159 - BDM-WAM 1574285404.0922318 - INFO - <Event(8-Pause {'reason': <bound method GameManager.pause of <game.GameManager object at 0x0000018281808DA0>> })>
