2020-01-21 20:02:04,650 - BDM-WAM 1579636924.526175 - INFO - <Event(3-KeyUp {'key': 50, 'mod': 0, 'scancode': 0, 'window': None})>
2020-01-21 20:02:07,781 - BDM-WAM 1579636924.526175 - INFO - <Event(1-ActiveEvent {'gain': 0, 'state': 2})>
2020-01-21 20:02:07,781 - BDM-WAM 1579636924.526175 - INFO - <Event(17-VideoExpose {})>
2020-01-21 20:02:07,782 - BDM-WAM 1579636924.526175 - INFO - <Event(1-ActiveEvent {'gain': 0, 'state': 1})>
2020-01-21 20:02:07,782 - BDM-WAM 1579636924.526175 - INFO - <Event(4-MouseMotion {'pos': (1136, 666), 'rel': (528, 481), 'buttons': (0, 0, 0), 'window': None})>
2020-01-21 20:02:07,837 - BDM-WAM 1579636924.526175 - INFO - <Event(10-MoleUp) {'loc': (381,295)})>
2020-01-21 20:02:07,893 - BDM-WAM 1579636924.526175 - INFO - <Event(4-MouseMotion {'pos': (660, 532), 'rel': (0, -1), 'buttons': (0, 0, 0), 'window': None})>
2020-01-21 20:02:07,909 - BDM-WAM 1579636924.526175 - INFO - <Event(4-MouseMotion {'pos': (660, 528), 'rel': (0, -4), 'buttons': (0, 0, 0), 'window': None})>
2020-01-21 20:02:07,927 - BDM-WAM 1579636924.526175 - INFO - <Event(3-KeyUp {'key': 99, 'mod': 0, 'scancode': 46, 'window': None})>
2020-01-21 20:02:07,927 - BDM-WAM 1579636924.526175 - INFO - <Event(4-MouseMotion {'pos': (660, 524), 'rel': (0, -4), 'buttons': (0, 0, 0), 'window': None})>
2020-01-21 20:02:07,979 - BDM-WAM 1579636924.526175 - INFO - <Event(4-MouseMotion {'pos': (662, 448), 'rel': (2, -76), 'buttons': (0, 0, 0), 'window': None})>
2020-01-21 20:02:07,982 - BDM-WAM 1579636924.526175 - INFO - <Event(4-MouseMotion {'pos': (662, 445), 'rel': (0, -3), 'buttons': (0, 0, 0), 'window': None})>
2020-01-21 20:02:07,998 - BDM-WAM 1579636924.526175 - INFO - <Event(4-MouseMotion {'pos': (664, 429), 'rel': (2, -16), 'buttons': (0, 0, 0), 'window': None})>
2020-01-21 20:02:08,014 - BDM-WAM 1579636924.526175 - INFO - <Event(4-MouseMotion {'pos': (666, 418), 'rel': (2, -11), 'buttons': (0, 0, 0), 'window': None})>
2020-01-21 20:02:08,030 - BDM-WAM 1579636924.526175 - INFO - <Event(4-MouseMotion {'pos': (668, 409), 'rel': (2, -9), 'buttons': (0, 0, 0), 'window': None})>
2020-01-21 20:02:08,076 - BDM-WAM 1579636924.526175 - INFO - <Event(4-MouseMotion {'pos': (668, 407), 'rel': (0, -2), 'buttons': (0, 0, 0), 'window': None})>
2020-01-21 20:02:08,277 - BDM-WAM 1579636924.526175 - INFO - <Event(4-MouseMotion {'pos': (510, 389), 'rel': (-158, -18), 'buttons': (0, 0, 0), 'window': None})>
2020-01-21 20:02:08,279 - BDM-WAM 1579636924.526175 - INFO - <Event(4-MouseMotion {'pos': (502, 387), 'rel': (-8, -2), 'buttons': (0, 0, 0), 'window': None})>
2020-01-21 20:02:08,295 - BDM-WAM 1579636924.526175 - INFO - <Event(4-MouseMotion {'pos': (447, 377), 'rel': (-55, -10), 'buttons': (0, 0, 0), 'window': None})>
2020-01-21 20:02:08,311 - BDM-WAM 1579636924.526175 - INFO - <Event(4-MouseMotion {'pos': (405, 363), 'rel': (-42, -14), 'buttons': (0, 0, 0), 'window': None})>
2020-01-21 20:02:08,328 - BDM-WAM 1579636924.526175 - INFO - <Event(4-MouseMotion {'pos': (384, 355), 'rel': (-21, -8), 'buttons': (0, 0, 0), 'window': None})>
2020-01-21 20:02:08,345 - BDM-WAM 1579636924.526175 - INFO - <Event(4-MouseMotion {'pos': (378, 350), 'rel': (-6, -5), 'buttons': (0, 0, 0), 'window': None})>
2020-01-21 20:02:08,361 - BDM-WAM 1579636924.526175 - INFO - <Event(4-MouseMotion {'pos': (377, 349), 'rel': (-1, -1), 'buttons': (0, 0, 0), 'window': None})>
2020-01-21 20:02:08,509 - BDM-WAM 1579636924.526175 - INFO - <Event(4-MouseMotion {'pos': (383, 347), 'rel': (6, -2), 'buttons': (0, 0, 0), 'window': None})>
2020-01-21 20:02:08,526 - BDM-WAM 1579636924.526175 - INFO - <Event(4-MouseMotion {'pos': (401, 342), 'rel': (18, -5), 'buttons': (0, 0, 0), 'window': None})>
2020-01-21 20:02:08,545 - BDM-WAM 1579636924.526175 - INFO - <Event(4-MouseMotion {'pos': (410, 340), 'rel': (9, -2), 'buttons': (0, 0, 0), 'window': None})>
2020-01-21 20:02:08,559 - BDM-WAM 1579636924.526175 - INFO - <Event(4-MouseMotion {'pos': (418, 338), 'rel': (8, -2), 'buttons': (0, 0, 0), 'window': None})>
2020-01-21 20:02:08,576 - BDM-WAM 1579636924.526175 - INFO - <Event(4-MouseMotion {'pos': (421, 338), 'rel': (3, 0), 'buttons': (0, 0, 0), 'window': None})>
2020-01-21 20:02:08,610 - BDM-WAM 1579636924.526175 - INFO - <Event(4-MouseMotion {'pos': (422, 338), 'rel': (1, 0), 'buttons': (0, 0, 0), 'window': None})>
2020-01-21 20:02:08,710 - BDM-WAM 1579636924.526175 - INFO - <Event(5-MouseButtonDown {'pos': (422, 338), 'button': 1, 'window': None})>
2020-01-21 20:02:08,711 - BDM-WAM 1579636924.526175 - INFO - <Event(8-Pause {'reason': hit_conf })>
2020-01-21 20:02:09,830 - BDM-WAM 1579636924.526175 - INFO - <Event(7-Rate {'hit_conf': 3 })>
2020-01-21 20:02:09,840 - BDM-WAM 1579636924.526175 - INFO - <Event(7-Rate {'reward_conf': 2 })>
2020-01-21 20:02:10,017 - BDM-WAM 1579636924.526175 - INFO - <Event(7-Rate {'player_skill': 3 })>
