2019-11-25 18:41:52,483 - BDM-WAM 1574707312.282348 - INFO - <Event(17-VideoExpose {})>
2019-11-25 18:41:54,057 - BDM-WAM 1574707312.282348 - INFO - <Event(1-ActiveEvent {'gain': 0, 'state': 1})>
2019-11-25 18:41:54,058 - BDM-WAM 1574707312.282348 - INFO - <Event(4-MouseMotion {'rel': (322, 483), 'buttons': (0, 0, 0), 'pos': (321, 482), 'window': None})>
2019-11-25 18:41:54,130 - BDM-WAM 1574707312.282348 - INFO - <Event(10-MoleUp) {'loc': (636,366)})>
2019-11-25 18:41:54,223 - BDM-WAM 1574707312.282348 - INFO - <Event(3-KeyUp {'key': 99, 'mod': 0, 'window': None, 'scancode': 46})>
2019-11-25 18:41:54,685 - BDM-WAM 1574707312.282348 - INFO - <Event(4-MouseMotion {'rel': (4, 12), 'buttons': (0, 0, 0), 'pos': (400, 525), 'window': None})>
2019-11-25 18:41:54,701 - BDM-WAM 1574707312.282348 - INFO - <Event(4-MouseMotion {'rel': (7, 16), 'buttons': (0, 0, 0), 'pos': (407, 541), 'window': None})>
2019-11-25 18:41:54,718 - BDM-WAM 1574707312.282348 - INFO - <Event(4-MouseMotion {'rel': (6, 10), 'buttons': (0, 0, 0), 'pos': (413, 551), 'window': None})>
2019-11-25 18:41:54,735 - BDM-WAM 1574707312.282348 - INFO - <Event(4-MouseMotion {'rel': (5, 5), 'buttons': (0, 0, 0), 'pos': (418, 556), 'window': None})>
2019-11-25 18:41:54,752 - BDM-WAM 1574707312.282348 - INFO - <Event(4-MouseMotion {'rel': (16, 7), 'buttons': (0, 0, 0), 'pos': (434, 563), 'window': None})>
2019-11-25 18:41:54,770 - BDM-WAM 1574707312.282348 - INFO - <Event(4-MouseMotion {'rel': (42, 2), 'buttons': (0, 0, 0), 'pos': (476, 565), 'window': None})>
2019-11-25 18:41:54,787 - BDM-WAM 1574707312.282348 - INFO - <Event(4-MouseMotion {'rel': (33, -13), 'buttons': (0, 0, 0), 'pos': (509, 552), 'window': None})>
2019-11-25 18:41:54,804 - BDM-WAM 1574707312.282348 - INFO - <Event(4-MouseMotion {'rel': (36, -21), 'buttons': (0, 0, 0), 'pos': (545, 531), 'window': None})>
2019-11-25 18:41:54,820 - BDM-WAM 1574707312.282348 - INFO - <Event(4-MouseMotion {'rel': (31, -24), 'buttons': (0, 0, 0), 'pos': (576, 507), 'window': None})>
2019-11-25 18:41:54,837 - BDM-WAM 1574707312.282348 - INFO - <Event(4-MouseMotion {'rel': (22, -18), 'buttons': (0, 0, 0), 'pos': (598, 489), 'window': None})>
2019-11-25 18:41:54,855 - BDM-WAM 1574707312.282348 - INFO - <Event(4-MouseMotion {'rel': (23, -22), 'buttons': (0, 0, 0), 'pos': (621, 467), 'window': None})>
2019-11-25 18:41:54,871 - BDM-WAM 1574707312.282348 - INFO - <Event(4-MouseMotion {'rel': (9, -8), 'buttons': (0, 0, 0), 'pos': (630, 459), 'window': None})>
2019-11-25 18:41:54,888 - BDM-WAM 1574707312.282348 - INFO - <Event(4-MouseMotion {'rel': (4, -3), 'buttons': (0, 0, 0), 'pos': (634, 456), 'window': None})>
2019-11-25 18:41:54,905 - BDM-WAM 1574707312.282348 - INFO - <Event(4-MouseMotion {'rel': (3, -1), 'buttons': (0, 0, 0), 'pos': (637, 455), 'window': None})>
2019-11-25 18:41:54,924 - BDM-WAM 1574707312.282348 - INFO - <Event(4-MouseMotion {'rel': (2, -2), 'buttons': (0, 0, 0), 'pos': (639, 453), 'window': None})>
2019-11-25 18:41:54,939 - BDM-WAM 1574707312.282348 - INFO - <Event(4-MouseMotion {'rel': (1, 0), 'buttons': (0, 0, 0), 'pos': (640, 453), 'window': None})>
2019-11-25 18:41:54,956 - BDM-WAM 1574707312.282348 - INFO - <Event(4-MouseMotion {'rel': (1, 0), 'buttons': (0, 0, 0), 'pos': (641, 453), 'window': None})>
2019-11-25 18:41:54,973 - BDM-WAM 1574707312.282348 - INFO - <Event(4-MouseMotion {'rel': (1, 0), 'buttons': (0, 0, 0), 'pos': (642, 453), 'window': None})>
2019-11-25 18:41:55,008 - BDM-WAM 1574707312.282348 - INFO - <Event(4-MouseMotion {'rel': (2, 1), 'buttons': (0, 0, 0), 'pos': (644, 454), 'window': None})>
2019-11-25 18:41:55,024 - BDM-WAM 1574707312.282348 - INFO - <Event(4-MouseMotion {'rel': (1, 1), 'buttons': (0, 0, 0), 'pos': (645, 455), 'window': None})>
2019-11-25 18:41:55,041 - BDM-WAM 1574707312.282348 - INFO - <Event(4-MouseMotion {'rel': (2, 2), 'buttons': (0, 0, 0), 'pos': (647, 457), 'window': None})>
2019-11-25 18:41:55,056 - BDM-WAM 1574707312.282348 - INFO - <Event(4-MouseMotion {'rel': (2, 0), 'buttons': (0, 0, 0), 'pos': (649, 457), 'window': None})>
2019-11-25 18:41:55,073 - BDM-WAM 1574707312.282348 - INFO - <Event(4-MouseMotion {'rel': (0, 1), 'buttons': (0, 0, 0), 'pos': (649, 458), 'window': None})>
2019-11-25 18:41:55,088 - BDM-WAM 1574707312.282348 - INFO - <Event(4-MouseMotion {'rel': (1, 0), 'buttons': (0, 0, 0), 'pos': (650, 458), 'window': None})>
2019-11-25 18:41:55,106 - BDM-WAM 1574707312.282348 - INFO - <Event(4-MouseMotion {'rel': (2, 0), 'buttons': (0, 0, 0), 'pos': (652, 458), 'window': None})>
2019-11-25 18:41:55,122 - BDM-WAM 1574707312.282348 - INFO - <Event(4-MouseMotion {'rel': (3, -4), 'buttons': (0, 0, 0), 'pos': (655, 454), 'window': None})>
2019-11-25 18:41:55,138 - BDM-WAM 1574707312.282348 - INFO - <Event(4-MouseMotion {'rel': (10, -22), 'buttons': (0, 0, 0), 'pos': (665, 432), 'window': None})>
2019-11-25 18:41:55,156 - BDM-WAM 1574707312.282348 - INFO - <Event(4-MouseMotion {'rel': (6, -13), 'buttons': (0, 0, 0), 'pos': (671, 419), 'window': None})>
2019-11-25 18:41:55,173 - BDM-WAM 1574707312.282348 - INFO - <Event(4-MouseMotion {'rel': (4, -8), 'buttons': (0, 0, 0), 'pos': (675, 411), 'window': None})>
2019-11-25 18:41:55,190 - BDM-WAM 1574707312.282348 - INFO - <Event(4-MouseMotion {'rel': (4, -5), 'buttons': (0, 0, 0), 'pos': (679, 406), 'window': None})>
2019-11-25 18:41:55,208 - BDM-WAM 1574707312.282348 - INFO - <Event(4-MouseMotion {'rel': (3, -4), 'buttons': (0, 0, 0), 'pos': (682, 402), 'window': None})>
2019-11-25 18:41:55,225 - BDM-WAM 1574707312.282348 - INFO - <Event(4-MouseMotion {'rel': (0, -1), 'buttons': (0, 0, 0), 'pos': (682, 401), 'window': None})>
2019-11-25 18:41:55,344 - BDM-WAM 1574707312.282348 - INFO - <Event(5-MouseButtonDown {'window': None, 'button': 1, 'pos': (682, 401)})>
2019-11-25 18:41:55,345 - BDM-WAM 1574707312.282348 - INFO - <Event(8-Pause {'reason': <bound method GameManager.pause of <game.GameManager object at 0x000001EC6C2F9710>> })>
2019-11-25 18:41:55,908 - BDM-WAM 1574707312.282348 - INFO - <Event(7-Rate {'hit_conf': 2 })>
2019-11-25 18:41:56,044 - BDM-WAM 1574707312.282348 - INFO - <Event(7-Rate {'reward_conf': 2 })>
2019-11-25 18:41:56,278 - BDM-WAM 1574707312.282348 - INFO - <Event(7-Rate {'player_skill': 2 })>
2019-11-25 18:41:56,279 - BDM-WAM 1574707312.282348 - INFO - <Event(9.1-TrueHit {'pos': (682,401),'distance: 57.8013840664737,'relative_loc: (46, 35),'window': None})>
2019-11-25 18:41:56,351 - BDM-WAM 1574707312.282348 - INFO - <Event(3-KeyUp {'key': 50, 'mod': 0, 'window': None, 'scancode': 3})>
2019-11-25 18:41:56,873 - BDM-WAM 1574707312.282348 - INFO - <Event(10-MoleUp) {'loc': (658,232)})>
2019-11-25 18:41:56,992 - BDM-WAM 1574707312.282348 - INFO - <Event(4-MouseMotion {'rel': (0, 6), 'buttons': (0, 0, 0), 'pos': (682, 407), 'window': None})>
2019-11-25 18:41:57,008 - BDM-WAM 1574707312.282348 - INFO - <Event(4-MouseMotion {'rel': (-5, 28), 'buttons': (0, 0, 0), 'pos': (677, 435), 'window': None})>
2019-11-25 18:41:57,026 - BDM-WAM 1574707312.282348 - INFO - <Event(4-MouseMotion {'rel': (-10, 27), 'buttons': (0, 0, 0), 'pos': (667, 462), 'window': None})>
2019-11-25 18:41:57,044 - BDM-WAM 1574707312.282348 - INFO - <Event(4-MouseMotion {'rel': (-22, 28), 'buttons': (0, 0, 0), 'pos': (645, 490), 'window': None})>
2019-11-25 18:41:57,063 - BDM-WAM 1574707312.282348 - INFO - <Event(4-MouseMotion {'rel': (-23, 21), 'buttons': (0, 0, 0), 'pos': (622, 511), 'window': None})>
2019-11-25 18:41:57,079 - BDM-WAM 1574707312.282348 - INFO - <Event(4-MouseMotion {'rel': (-27, 16), 'buttons': (0, 0, 0), 'pos': (595, 527), 'window': None})>
2019-11-25 18:41:57,096 - BDM-WAM 1574707312.282348 - INFO - <Event(4-MouseMotion {'rel': (-30, 12), 'buttons': (0, 0, 0), 'pos': (565, 539), 'window': None})>
2019-11-25 18:41:57,113 - BDM-WAM 1574707312.282348 - INFO - <Event(4-MouseMotion {'rel': (-44, 1), 'buttons': (0, 0, 0), 'pos': (521, 540), 'window': None})>
2019-11-25 18:41:57,129 - BDM-WAM 1574707312.282348 - INFO - <Event(4-MouseMotion {'rel': (-27, -8), 'buttons': (0, 0, 0), 'pos': (494, 532), 'window': None})>
2019-11-25 18:41:57,146 - BDM-WAM 1574707312.282348 - INFO - <Event(4-MouseMotion {'rel': (-23, -11), 'buttons': (0, 0, 0), 'pos': (471, 521), 'window': None})>
2019-11-25 18:41:57,163 - BDM-WAM 1574707312.282348 - INFO - <Event(4-MouseMotion {'rel': (-19, -12), 'buttons': (0, 0, 0), 'pos': (452, 509), 'window': None})>
2019-11-25 18:41:57,180 - BDM-WAM 1574707312.282348 - INFO - <Event(4-MouseMotion {'rel': (-19, -22), 'buttons': (0, 0, 0), 'pos': (433, 487), 'window': None})>
2019-11-25 18:41:57,197 - BDM-WAM 1574707312.282348 - INFO - <Event(4-MouseMotion {'rel': (-12, -19), 'buttons': (0, 0, 0), 'pos': (421, 468), 'window': None})>
2019-11-25 18:41:57,267 - BDM-WAM 1574707312.282348 - INFO - <Event(4-MouseMotion {'rel': (-15, -42), 'buttons': (0, 0, 0), 'pos': (406, 426), 'window': None})>
2019-11-25 18:41:57,272 - BDM-WAM 1574707312.282348 - INFO - <Event(4-MouseMotion {'rel': (0, -1), 'buttons': (0, 0, 0), 'pos': (406, 425), 'window': None})>
2019-11-25 18:41:57,288 - BDM-WAM 1574707312.282348 - INFO - <Event(4-MouseMotion {'rel': (0, -2), 'buttons': (0, 0, 0), 'pos': (406, 423), 'window': None})>
2019-11-25 18:41:57,375 - BDM-WAM 1574707312.282348 - INFO - <Event(4-MouseMotion {'rel': (7, -1), 'buttons': (0, 0, 0), 'pos': (413, 422), 'window': None})>
2019-11-25 18:41:57,395 - BDM-WAM 1574707312.282348 - INFO - <Event(4-MouseMotion {'rel': (30, 4), 'buttons': (0, 0, 0), 'pos': (443, 426), 'window': None})>
2019-11-25 18:41:57,412 - BDM-WAM 1574707312.282348 - INFO - <Event(4-MouseMotion {'rel': (29, 4), 'buttons': (0, 0, 0), 'pos': (472, 430), 'window': None})>
2019-11-25 18:41:57,484 - BDM-WAM 1574707312.282348 - INFO - <Event(4-MouseMotion {'rel': (131, 12), 'buttons': (0, 0, 0), 'pos': (603, 442), 'window': None})>
2019-11-25 18:41:57,488 - BDM-WAM 1574707312.282348 - INFO - <Event(4-MouseMotion {'rel': (8, 1), 'buttons': (0, 0, 0), 'pos': (611, 443), 'window': None})>
2019-11-25 18:41:57,503 - BDM-WAM 1574707312.282348 - INFO - <Event(4-MouseMotion {'rel': (14, 4), 'buttons': (0, 0, 0), 'pos': (625, 447), 'window': None})>
2019-11-25 18:41:57,520 - BDM-WAM 1574707312.282348 - INFO - <Event(4-MouseMotion {'rel': (11, 3), 'buttons': (0, 0, 0), 'pos': (636, 450), 'window': None})>
2019-11-25 18:41:57,537 - BDM-WAM 1574707312.282348 - INFO - <Event(4-MouseMotion {'rel': (5, 1), 'buttons': (0, 0, 0), 'pos': (641, 451), 'window': None})>
2019-11-25 18:41:57,554 - BDM-WAM 1574707312.282348 - INFO - <Event(4-MouseMotion {'rel': (2, 2), 'buttons': (0, 0, 0), 'pos': (643, 453), 'window': None})>
2019-11-25 18:41:57,571 - BDM-WAM 1574707312.282348 - INFO - <Event(4-MouseMotion {'rel': (2, 1), 'buttons': (0, 0, 0), 'pos': (645, 454), 'window': None})>
2019-11-25 18:41:57,604 - BDM-WAM 1574707312.282348 - INFO - <Event(4-MouseMotion {'rel': (-1, -4), 'buttons': (0, 0, 0), 'pos': (644, 450), 'window': None})>
2019-11-25 18:41:57,622 - BDM-WAM 1574707312.282348 - INFO - <Event(4-MouseMotion {'rel': (-7, -17), 'buttons': (0, 0, 0), 'pos': (637, 433), 'window': None})>
2019-11-25 18:41:57,637 - BDM-WAM 1574707312.282348 - INFO - <Event(4-MouseMotion {'rel': (-4, -27), 'buttons': (0, 0, 0), 'pos': (633, 406), 'window': None})>
2019-11-25 18:41:57,655 - BDM-WAM 1574707312.282348 - INFO - <Event(4-MouseMotion {'rel': (0, -32), 'buttons': (0, 0, 0), 'pos': (633, 374), 'window': None})>
2019-11-25 18:41:57,672 - BDM-WAM 1574707312.282348 - INFO - <Event(4-MouseMotion {'rel': (10, -38), 'buttons': (0, 0, 0), 'pos': (643, 336), 'window': None})>
2019-11-25 18:41:57,689 - BDM-WAM 1574707312.282348 - INFO - <Event(4-MouseMotion {'rel': (24, -54), 'buttons': (0, 0, 0), 'pos': (667, 282), 'window': None})>
2019-11-25 18:41:57,704 - BDM-WAM 1574707312.282348 - INFO - <Event(4-MouseMotion {'rel': (14, -16), 'buttons': (0, 0, 0), 'pos': (681, 266), 'window': None})>
2019-11-25 18:41:57,722 - BDM-WAM 1574707312.282348 - INFO - <Event(4-MouseMotion {'rel': (14, -11), 'buttons': (0, 0, 0), 'pos': (695, 255), 'window': None})>
2019-11-25 18:41:57,738 - BDM-WAM 1574707312.282348 - INFO - <Event(4-MouseMotion {'rel': (14, -8), 'buttons': (0, 0, 0), 'pos': (709, 247), 'window': None})>
2019-11-25 18:41:57,756 - BDM-WAM 1574707312.282348 - INFO - <Event(4-MouseMotion {'rel': (13, -3), 'buttons': (0, 0, 0), 'pos': (722, 244), 'window': None})>
2019-11-25 18:41:57,773 - BDM-WAM 1574707312.282348 - INFO - <Event(4-MouseMotion {'rel': (6, 0), 'buttons': (0, 0, 0), 'pos': (728, 244), 'window': None})>
2019-11-25 18:41:57,789 - BDM-WAM 1574707312.282348 - INFO - <Event(4-MouseMotion {'rel': (2, 1), 'buttons': (0, 0, 0), 'pos': (730, 245), 'window': None})>
2019-11-25 18:41:57,807 - BDM-WAM 1574707312.282348 - INFO - <Event(4-MouseMotion {'rel': (2, 2), 'buttons': (0, 0, 0), 'pos': (732, 247), 'window': None})>
2019-11-25 18:41:57,825 - BDM-WAM 1574707312.282348 - INFO - <Event(4-MouseMotion {'rel': (1, 0), 'buttons': (0, 0, 0), 'pos': (733, 247), 'window': None})>
2019-11-25 18:41:57,841 - BDM-WAM 1574707312.282348 - INFO - <Event(4-MouseMotion {'rel': (1, 4), 'buttons': (0, 0, 0), 'pos': (734, 251), 'window': None})>
2019-11-25 18:41:57,858 - BDM-WAM 1574707312.282348 - INFO - <Event(4-MouseMotion {'rel': (0, 4), 'buttons': (0, 0, 0), 'pos': (734, 255), 'window': None})>
2019-11-25 18:41:57,875 - BDM-WAM 1574707312.282348 - INFO - <Event(4-MouseMotion {'rel': (0, 4), 'buttons': (0, 0, 0), 'pos': (734, 259), 'window': None})>
2019-11-25 18:41:57,911 - BDM-WAM 1574707312.282348 - INFO - <Event(4-MouseMotion {'rel': (-1, 4), 'buttons': (0, 0, 0), 'pos': (733, 263), 'window': None})>
2019-11-25 18:41:57,927 - BDM-WAM 1574707312.282348 - INFO - <Event(4-MouseMotion {'rel': (0, 1), 'buttons': (0, 0, 0), 'pos': (733, 264), 'window': None})>
2019-11-25 18:41:57,944 - BDM-WAM 1574707312.282348 - INFO - <Event(4-MouseMotion {'rel': (-2, 1), 'buttons': (0, 0, 0), 'pos': (731, 265), 'window': None})>
2019-11-25 18:41:57,961 - BDM-WAM 1574707312.282348 - INFO - <Event(4-MouseMotion {'rel': (-4, 2), 'buttons': (0, 0, 0), 'pos': (727, 267), 'window': None})>
2019-11-25 18:41:57,977 - BDM-WAM 1574707312.282348 - INFO - <Event(4-MouseMotion {'rel': (-6, 4), 'buttons': (0, 0, 0), 'pos': (721, 271), 'window': None})>
2019-11-25 18:41:57,994 - BDM-WAM 1574707312.282348 - INFO - <Event(4-MouseMotion {'rel': (-13, 4), 'buttons': (0, 0, 0), 'pos': (708, 275), 'window': None})>
2019-11-25 18:41:58,011 - BDM-WAM 1574707312.282348 - INFO - <Event(4-MouseMotion {'rel': (-8, 1), 'buttons': (0, 0, 0), 'pos': (700, 276), 'window': None})>
2019-11-25 18:41:58,027 - BDM-WAM 1574707312.282348 - INFO - <Event(4-MouseMotion {'rel': (-6, 0), 'buttons': (0, 0, 0), 'pos': (694, 276), 'window': None})>
2019-11-25 18:41:58,044 - BDM-WAM 1574707312.282348 - INFO - <Event(4-MouseMotion {'rel': (-5, -1), 'buttons': (0, 0, 0), 'pos': (689, 275), 'window': None})>
2019-11-25 18:41:58,163 - BDM-WAM 1574707312.282348 - INFO - <Event(5-MouseButtonDown {'window': None, 'button': 1, 'pos': (689, 275)})>
2019-11-25 18:41:58,163 - BDM-WAM 1574707312.282348 - INFO - <Event(8-Pause {'reason': <bound method GameManager.pause of <game.GameManager object at 0x000001EC6C2F9710>> })>
2019-11-25 18:41:58,488 - BDM-WAM 1574707312.282348 - INFO - <Event(7-Rate {'hit_conf': 2 })>
2019-11-25 18:41:58,649 - BDM-WAM 1574707312.282348 - INFO - <Event(7-Rate {'reward_conf': 2 })>
2019-11-25 18:41:58,802 - BDM-WAM 1574707312.282348 - INFO - <Event(7-Rate {'player_skill': 2 })>
2019-11-25 18:41:58,802 - BDM-WAM 1574707312.282348 - INFO - <Event(9.1-TrueHit {'pos': (689,275),'distance: 53.009433122794285,'relative_loc: (31, 43),'window': None})>
2019-11-25 18:41:58,915 - BDM-WAM 1574707312.282348 - INFO - <Event(3-KeyUp {'key': 50, 'mod': 0, 'window': None, 'scancode': 3})>
2019-11-25 18:41:59,164 - BDM-WAM 1574707312.282348 - INFO - <Event(4-MouseMotion {'rel': (-60, 22), 'buttons': (0, 0, 0), 'pos': (629, 297), 'window': None})>
2019-11-25 18:41:59,183 - BDM-WAM 1574707312.282348 - INFO - <Event(4-MouseMotion {'rel': (-66, 7), 'buttons': (0, 0, 0), 'pos': (563, 304), 'window': None})>
2019-11-25 18:41:59,201 - BDM-WAM 1574707312.282348 - INFO - <Event(4-MouseMotion {'rel': (-30, -1), 'buttons': (0, 0, 0), 'pos': (533, 303), 'window': None})>
2019-11-25 18:41:59,217 - BDM-WAM 1574707312.282348 - INFO - <Event(4-MouseMotion {'rel': (-25, -8), 'buttons': (0, 0, 0), 'pos': (508, 295), 'window': None})>
2019-11-25 18:41:59,283 - BDM-WAM 1574707312.282348 - INFO - <Event(4-MouseMotion {'rel': (-20, -12), 'buttons': (0, 0, 0), 'pos': (488, 283), 'window': None})>
2019-11-25 18:41:59,382 - BDM-WAM 1574707312.282348 - INFO - <Event(10-MoleUp) {'loc': (658,232)})>
2019-11-25 18:41:59,452 - BDM-WAM 1574707312.282348 - INFO - <Event(4-MouseMotion {'rel': (-1, 14), 'buttons': (0, 0, 0), 'pos': (487, 297), 'window': None})>
2019-11-25 18:41:59,467 - BDM-WAM 1574707312.282348 - INFO - <Event(4-MouseMotion {'rel': (-6, 18), 'buttons': (0, 0, 0), 'pos': (481, 315), 'window': None})>
2019-11-25 18:41:59,484 - BDM-WAM 1574707312.282348 - INFO - <Event(4-MouseMotion {'rel': (-7, 20), 'buttons': (0, 0, 0), 'pos': (474, 335), 'window': None})>
2019-11-25 18:41:59,500 - BDM-WAM 1574707312.282348 - INFO - <Event(4-MouseMotion {'rel': (-12, 22), 'buttons': (0, 0, 0), 'pos': (462, 357), 'window': None})>
2019-11-25 18:41:59,518 - BDM-WAM 1574707312.282348 - INFO - <Event(4-MouseMotion {'rel': (-12, 15), 'buttons': (0, 0, 0), 'pos': (450, 372), 'window': None})>
2019-11-25 18:41:59,534 - BDM-WAM 1574707312.282348 - INFO - <Event(4-MouseMotion {'rel': (-10, 11), 'buttons': (0, 0, 0), 'pos': (440, 383), 'window': None})>
2019-11-25 18:41:59,550 - BDM-WAM 1574707312.282348 - INFO - <Event(4-MouseMotion {'rel': (-10, 6), 'buttons': (0, 0, 0), 'pos': (430, 389), 'window': None})>
2019-11-25 18:41:59,567 - BDM-WAM 1574707312.282348 - INFO - <Event(4-MouseMotion {'rel': (-5, 4), 'buttons': (0, 0, 0), 'pos': (425, 393), 'window': None})>
2019-11-25 18:41:59,583 - BDM-WAM 1574707312.282348 - INFO - <Event(4-MouseMotion {'rel': (-7, 2), 'buttons': (0, 0, 0), 'pos': (418, 395), 'window': None})>
2019-11-25 18:41:59,599 - BDM-WAM 1574707312.282348 - INFO - <Event(4-MouseMotion {'rel': (-5, -1), 'buttons': (0, 0, 0), 'pos': (413, 394), 'window': None})>
2019-11-25 18:41:59,616 - BDM-WAM 1574707312.282348 - INFO - <Event(4-MouseMotion {'rel': (-4, -3), 'buttons': (0, 0, 0), 'pos': (409, 391), 'window': None})>
2019-11-25 18:41:59,634 - BDM-WAM 1574707312.282348 - INFO - <Event(4-MouseMotion {'rel': (-8, -10), 'buttons': (0, 0, 0), 'pos': (401, 381), 'window': None})>
2019-11-25 18:41:59,652 - BDM-WAM 1574707312.282348 - INFO - <Event(4-MouseMotion {'rel': (-11, -23), 'buttons': (0, 0, 0), 'pos': (390, 358), 'window': None})>
2019-11-25 18:41:59,667 - BDM-WAM 1574707312.282348 - INFO - <Event(4-MouseMotion {'rel': (-6, -15), 'buttons': (0, 0, 0), 'pos': (384, 343), 'window': None})>
2019-11-25 18:41:59,684 - BDM-WAM 1574707312.282348 - INFO - <Event(4-MouseMotion {'rel': (-6, -13), 'buttons': (0, 0, 0), 'pos': (378, 330), 'window': None})>
2019-11-25 18:41:59,701 - BDM-WAM 1574707312.282348 - INFO - <Event(4-MouseMotion {'rel': (-4, -8), 'buttons': (0, 0, 0), 'pos': (374, 322), 'window': None})>
2019-11-25 18:41:59,718 - BDM-WAM 1574707312.282348 - INFO - <Event(4-MouseMotion {'rel': (-4, -7), 'buttons': (0, 0, 0), 'pos': (370, 315), 'window': None})>
2019-11-25 18:41:59,793 - BDM-WAM 1574707312.282348 - INFO - <Event(4-MouseMotion {'rel': (-5, -7), 'buttons': (0, 0, 0), 'pos': (365, 308), 'window': None})>
2019-11-25 18:41:59,811 - BDM-WAM 1574707312.282348 - INFO - <Event(4-MouseMotion {'rel': (-1, -1), 'buttons': (0, 0, 0), 'pos': (364, 307), 'window': None})>
2019-11-25 18:41:59,828 - BDM-WAM 1574707312.282348 - INFO - <Event(4-MouseMotion {'rel': (-2, -1), 'buttons': (0, 0, 0), 'pos': (362, 306), 'window': None})>
2019-11-25 18:41:59,885 - BDM-WAM 1574707312.282348 - INFO - <Event(4-MouseMotion {'rel': (-41, 3), 'buttons': (0, 0, 0), 'pos': (321, 309), 'window': None})>
2019-11-25 18:41:59,903 - BDM-WAM 1574707312.282348 - INFO - <Event(4-MouseMotion {'rel': (-26, 2), 'buttons': (0, 0, 0), 'pos': (295, 311), 'window': None})>
2019-11-25 18:41:59,921 - BDM-WAM 1574707312.282348 - INFO - <Event(4-MouseMotion {'rel': (-31, -8), 'buttons': (0, 0, 0), 'pos': (264, 303), 'window': None})>
2019-11-25 18:41:59,937 - BDM-WAM 1574707312.282348 - INFO - <Event(4-MouseMotion {'rel': (-18, -8), 'buttons': (0, 0, 0), 'pos': (246, 295), 'window': None})>
2019-11-25 18:42:00,003 - BDM-WAM 1574707312.282348 - INFO - <Event(4-MouseMotion {'rel': (-27, -29), 'buttons': (0, 0, 0), 'pos': (219, 266), 'window': None})>
2019-11-25 18:42:00,011 - BDM-WAM 1574707312.282348 - INFO - <Event(4-MouseMotion {'rel': (-1, -2), 'buttons': (0, 0, 0), 'pos': (218, 264), 'window': None})>
2019-11-25 18:42:00,026 - BDM-WAM 1574707312.282348 - INFO - <Event(4-MouseMotion {'rel': (-1, -3), 'buttons': (0, 0, 0), 'pos': (217, 261), 'window': None})>
2019-11-25 18:42:00,045 - BDM-WAM 1574707312.282348 - INFO - <Event(4-MouseMotion {'rel': (-3, -3), 'buttons': (0, 0, 0), 'pos': (214, 258), 'window': None})>
2019-11-25 18:42:00,060 - BDM-WAM 1574707312.282348 - INFO - <Event(4-MouseMotion {'rel': (-2, -3), 'buttons': (0, 0, 0), 'pos': (212, 255), 'window': None})>
2019-11-25 18:42:00,075 - BDM-WAM 1574707312.282348 - INFO - <Event(4-MouseMotion {'rel': (-1, -1), 'buttons': (0, 0, 0), 'pos': (211, 254), 'window': None})>
2019-11-25 18:42:00,093 - BDM-WAM 1574707312.282348 - INFO - <Event(4-MouseMotion {'rel': (-2, -3), 'buttons': (0, 0, 0), 'pos': (209, 251), 'window': None})>
2019-11-25 18:42:00,110 - BDM-WAM 1574707312.282348 - INFO - <Event(4-MouseMotion {'rel': (-1, -2), 'buttons': (0, 0, 0), 'pos': (208, 249), 'window': None})>
2019-11-25 18:42:00,127 - BDM-WAM 1574707312.282348 - INFO - <Event(4-MouseMotion {'rel': (-2, -2), 'buttons': (0, 0, 0), 'pos': (206, 247), 'window': None})>
2019-11-25 18:42:00,143 - BDM-WAM 1574707312.282348 - INFO - <Event(4-MouseMotion {'rel': (2, -4), 'buttons': (0, 0, 0), 'pos': (208, 243), 'window': None})>
2019-11-25 18:42:00,161 - BDM-WAM 1574707312.282348 - INFO - <Event(4-MouseMotion {'rel': (18, -9), 'buttons': (0, 0, 0), 'pos': (226, 234), 'window': None})>
2019-11-25 18:42:00,177 - BDM-WAM 1574707312.282348 - INFO - <Event(4-MouseMotion {'rel': (51, -17), 'buttons': (0, 0, 0), 'pos': (277, 217), 'window': None})>
2019-11-25 18:42:00,194 - BDM-WAM 1574707312.282348 - INFO - <Event(4-MouseMotion {'rel': (108, -16), 'buttons': (0, 0, 0), 'pos': (385, 201), 'window': None})>
2019-11-25 18:42:00,212 - BDM-WAM 1574707312.282348 - INFO - <Event(4-MouseMotion {'rel': (157, 6), 'buttons': (0, 0, 0), 'pos': (542, 207), 'window': None})>
2019-11-25 18:42:00,228 - BDM-WAM 1574707312.282348 - INFO - <Event(4-MouseMotion {'rel': (99, 16), 'buttons': (0, 0, 0), 'pos': (641, 223), 'window': None})>
2019-11-25 18:42:00,246 - BDM-WAM 1574707312.282348 - INFO - <Event(4-MouseMotion {'rel': (44, 9), 'buttons': (0, 0, 0), 'pos': (685, 232), 'window': None})>
2019-11-25 18:42:00,261 - BDM-WAM 1574707312.282348 - INFO - <Event(4-MouseMotion {'rel': (20, 5), 'buttons': (0, 0, 0), 'pos': (705, 237), 'window': None})>
2019-11-25 18:42:00,278 - BDM-WAM 1574707312.282348 - INFO - <Event(4-MouseMotion {'rel': (9, 2), 'buttons': (0, 0, 0), 'pos': (714, 239), 'window': None})>
2019-11-25 18:42:00,296 - BDM-WAM 1574707312.282348 - INFO - <Event(4-MouseMotion {'rel': (5, 1), 'buttons': (0, 0, 0), 'pos': (719, 240), 'window': None})>
2019-11-25 18:42:00,312 - BDM-WAM 1574707312.282348 - INFO - <Event(4-MouseMotion {'rel': (1, 2), 'buttons': (0, 0, 0), 'pos': (720, 242), 'window': None})>
2019-11-25 18:42:00,329 - BDM-WAM 1574707312.282348 - INFO - <Event(4-MouseMotion {'rel': (1, 0), 'buttons': (0, 0, 0), 'pos': (721, 242), 'window': None})>
2019-11-25 18:42:00,346 - BDM-WAM 1574707312.282348 - INFO - <Event(4-MouseMotion {'rel': (0, 1), 'buttons': (0, 0, 0), 'pos': (721, 243), 'window': None})>
2019-11-25 18:42:00,381 - BDM-WAM 1574707312.282348 - INFO - <Event(4-MouseMotion {'rel': (0, 2), 'buttons': (0, 0, 0), 'pos': (721, 245), 'window': None})>
2019-11-25 18:42:00,399 - BDM-WAM 1574707312.282348 - INFO - <Event(4-MouseMotion {'rel': (0, 2), 'buttons': (0, 0, 0), 'pos': (721, 247), 'window': None})>
2019-11-25 18:42:00,432 - BDM-WAM 1574707312.282348 - INFO - <Event(4-MouseMotion {'rel': (-1, 0), 'buttons': (0, 0, 0), 'pos': (720, 247), 'window': None})>
2019-11-25 18:42:00,451 - BDM-WAM 1574707312.282348 - INFO - <Event(4-MouseMotion {'rel': (-3, 2), 'buttons': (0, 0, 0), 'pos': (717, 249), 'window': None})>
2019-11-25 18:42:00,466 - BDM-WAM 1574707312.282348 - INFO - <Event(4-MouseMotion {'rel': (-2, 2), 'buttons': (0, 0, 0), 'pos': (715, 251), 'window': None})>
2019-11-25 18:42:00,500 - BDM-WAM 1574707312.282348 - INFO - <Event(4-MouseMotion {'rel': (-2, 0), 'buttons': (0, 0, 0), 'pos': (713, 251), 'window': None})>
2019-11-25 18:42:00,517 - BDM-WAM 1574707312.282348 - INFO - <Event(4-MouseMotion {'rel': (-2, 4), 'buttons': (0, 0, 0), 'pos': (711, 255), 'window': None})>
2019-11-25 18:42:00,536 - BDM-WAM 1574707312.282348 - INFO - <Event(4-MouseMotion {'rel': (-3, 5), 'buttons': (0, 0, 0), 'pos': (708, 260), 'window': None})>
2019-11-25 18:42:00,551 - BDM-WAM 1574707312.282348 - INFO - <Event(4-MouseMotion {'rel': (-4, 5), 'buttons': (0, 0, 0), 'pos': (704, 265), 'window': None})>
2019-11-25 18:42:00,568 - BDM-WAM 1574707312.282348 - INFO - <Event(4-MouseMotion {'rel': (-3, 5), 'buttons': (0, 0, 0), 'pos': (701, 270), 'window': None})>
2019-11-25 18:42:00,584 - BDM-WAM 1574707312.282348 - INFO - <Event(4-MouseMotion {'rel': (-4, 3), 'buttons': (0, 0, 0), 'pos': (697, 273), 'window': None})>
2019-11-25 18:42:00,602 - BDM-WAM 1574707312.282348 - INFO - <Event(4-MouseMotion {'rel': (-4, 2), 'buttons': (0, 0, 0), 'pos': (693, 275), 'window': None})>
2019-11-25 18:42:00,620 - BDM-WAM 1574707312.282348 - INFO - <Event(4-MouseMotion {'rel': (-3, 4), 'buttons': (0, 0, 0), 'pos': (690, 279), 'window': None})>
2019-11-25 18:42:00,708 - BDM-WAM 1574707312.282348 - INFO - <Event(5-MouseButtonDown {'window': None, 'button': 1, 'pos': (690, 279)})>
2019-11-25 18:42:00,708 - BDM-WAM 1574707312.282348 - INFO - <Event(8-Pause {'reason': <bound method GameManager.pause of <game.GameManager object at 0x000001EC6C2F9710>> })>
2019-11-25 18:42:01,011 - BDM-WAM 1574707312.282348 - INFO - <Event(7-Rate {'hit_conf': 2 })>
2019-11-25 18:42:01,163 - BDM-WAM 1574707312.282348 - INFO - <Event(7-Rate {'reward_conf': 2 })>
2019-11-25 18:42:01,355 - BDM-WAM 1574707312.282348 - INFO - <Event(7-Rate {'player_skill': 2 })>
2019-11-25 18:42:01,356 - BDM-WAM 1574707312.282348 - INFO - <Event(9.1-TrueHit {'pos': (690,279),'distance: 56.859475903318,'relative_loc: (32, 47),'window': None})>
2019-11-25 18:42:01,459 - BDM-WAM 1574707312.282348 - INFO - <Event(3-KeyUp {'key': 50, 'mod': 0, 'window': None, 'scancode': 3})>
2019-11-25 18:42:01,923 - BDM-WAM 1574707312.282348 - INFO - <Event(10-MoleUp) {'loc': (179,169)})>
2019-11-25 18:42:01,959 - BDM-WAM 1574707312.282348 - INFO - <Event(4-MouseMotion {'rel': (-22, 0), 'buttons': (0, 0, 0), 'pos': (668, 279), 'window': None})>
2019-11-25 18:42:01,977 - BDM-WAM 1574707312.282348 - INFO - <Event(4-MouseMotion {'rel': (-19, 0), 'buttons': (0, 0, 0), 'pos': (649, 279), 'window': None})>
2019-11-25 18:42:01,993 - BDM-WAM 1574707312.282348 - INFO - <Event(4-MouseMotion {'rel': (-13, -4), 'buttons': (0, 0, 0), 'pos': (636, 275), 'window': None})>
2019-11-25 18:42:02,324 - BDM-WAM 1574707312.282348 - INFO - <Event(4-MouseMotion {'rel': (33, 1), 'buttons': (0, 0, 0), 'pos': (669, 276), 'window': None})>
2019-11-25 18:42:02,342 - BDM-WAM 1574707312.282348 - INFO - <Event(4-MouseMotion {'rel': (11, -1), 'buttons': (0, 0, 0), 'pos': (680, 275), 'window': None})>
2019-11-25 18:42:02,359 - BDM-WAM 1574707312.282348 - INFO - <Event(4-MouseMotion {'rel': (9, -3), 'buttons': (0, 0, 0), 'pos': (689, 272), 'window': None})>
2019-11-25 18:42:02,377 - BDM-WAM 1574707312.282348 - INFO - <Event(4-MouseMotion {'rel': (7, -2), 'buttons': (0, 0, 0), 'pos': (696, 270), 'window': None})>
2019-11-25 18:42:02,449 - BDM-WAM 1574707312.282348 - INFO - <Event(4-MouseMotion {'rel': (5, -3), 'buttons': (0, 0, 0), 'pos': (701, 267), 'window': None})>
2019-11-25 18:42:02,557 - BDM-WAM 1574707312.282348 - INFO - <Event(4-MouseMotion {'rel': (-2, 0), 'buttons': (0, 0, 0), 'pos': (699, 267), 'window': None})>
2019-11-25 18:42:02,576 - BDM-WAM 1574707312.282348 - INFO - <Event(4-MouseMotion {'rel': (-26, 4), 'buttons': (0, 0, 0), 'pos': (673, 271), 'window': None})>
2019-11-25 18:42:02,592 - BDM-WAM 1574707312.282348 - INFO - <Event(4-MouseMotion {'rel': (-39, 4), 'buttons': (0, 0, 0), 'pos': (634, 275), 'window': None})>
2019-11-25 18:42:02,610 - BDM-WAM 1574707312.282348 - INFO - <Event(4-MouseMotion {'rel': (-75, 2), 'buttons': (0, 0, 0), 'pos': (559, 277), 'window': None})>
2019-11-25 18:42:02,626 - BDM-WAM 1574707312.282348 - INFO - <Event(4-MouseMotion {'rel': (-90, -7), 'buttons': (0, 0, 0), 'pos': (469, 270), 'window': None})>
2019-11-25 18:42:02,642 - BDM-WAM 1574707312.282348 - INFO - <Event(4-MouseMotion {'rel': (-87, -19), 'buttons': (0, 0, 0), 'pos': (382, 251), 'window': None})>
2019-11-25 18:42:02,659 - BDM-WAM 1574707312.282348 - INFO - <Event(4-MouseMotion {'rel': (-73, -16), 'buttons': (0, 0, 0), 'pos': (309, 235), 'window': None})>
2019-11-25 18:42:02,676 - BDM-WAM 1574707312.282348 - INFO - <Event(4-MouseMotion {'rel': (-53, -16), 'buttons': (0, 0, 0), 'pos': (256, 219), 'window': None})>
2019-11-25 18:42:02,693 - BDM-WAM 1574707312.282348 - INFO - <Event(4-MouseMotion {'rel': (-14, -8), 'buttons': (0, 0, 0), 'pos': (242, 211), 'window': None})>
2019-11-25 18:42:02,710 - BDM-WAM 1574707312.282348 - INFO - <Event(4-MouseMotion {'rel': (-7, -4), 'buttons': (0, 0, 0), 'pos': (235, 207), 'window': None})>
2019-11-25 18:42:02,727 - BDM-WAM 1574707312.282348 - INFO - <Event(4-MouseMotion {'rel': (-4, -4), 'buttons': (0, 0, 0), 'pos': (231, 203), 'window': None})>
2019-11-25 18:42:02,744 - BDM-WAM 1574707312.282348 - INFO - <Event(4-MouseMotion {'rel': (-2, 0), 'buttons': (0, 0, 0), 'pos': (229, 203), 'window': None})>
2019-11-25 18:42:02,761 - BDM-WAM 1574707312.282348 - INFO - <Event(4-MouseMotion {'rel': (-2, -2), 'buttons': (0, 0, 0), 'pos': (227, 201), 'window': None})>
2019-11-25 18:42:02,778 - BDM-WAM 1574707312.282348 - INFO - <Event(4-MouseMotion {'rel': (-2, -1), 'buttons': (0, 0, 0), 'pos': (225, 200), 'window': None})>
2019-11-25 18:42:02,795 - BDM-WAM 1574707312.282348 - INFO - <Event(4-MouseMotion {'rel': (0, -1), 'buttons': (0, 0, 0), 'pos': (225, 199), 'window': None})>
2019-11-25 18:42:02,914 - BDM-WAM 1574707312.282348 - INFO - <Event(4-MouseMotion {'rel': (-1, 0), 'buttons': (0, 0, 0), 'pos': (224, 199), 'window': None})>
2019-11-25 18:42:02,931 - BDM-WAM 1574707312.282348 - INFO - <Event(4-MouseMotion {'rel': (-1, 0), 'buttons': (0, 0, 0), 'pos': (223, 199), 'window': None})>
2019-11-25 18:42:02,947 - BDM-WAM 1574707312.282348 - INFO - <Event(4-MouseMotion {'rel': (-2, 0), 'buttons': (0, 0, 0), 'pos': (221, 199), 'window': None})>
2019-11-25 18:42:03,016 - BDM-WAM 1574707312.282348 - INFO - <Event(5-MouseButtonDown {'window': None, 'button': 1, 'pos': (221, 199)})>
2019-11-25 18:42:03,016 - BDM-WAM 1574707312.282348 - INFO - <Event(8-Pause {'reason': <bound method GameManager.pause of <game.GameManager object at 0x000001EC6C2F9710>> })>
2019-11-25 18:42:03,282 - BDM-WAM 1574707312.282348 - INFO - <Event(7-Rate {'hit_conf': 3 })>
2019-11-25 18:42:03,450 - BDM-WAM 1574707312.282348 - INFO - <Event(7-Rate {'reward_conf': 3 })>
2019-11-25 18:42:03,609 - BDM-WAM 1574707312.282348 - INFO - <Event(7-Rate {'player_skill': 3 })>
2019-11-25 18:42:03,609 - BDM-WAM 1574707312.282348 - INFO - <Event(9.1-TrueHit {'pos': (221,199),'distance: 51.61395160225576,'relative_loc: (42, 30),'window': None})>
2019-11-25 18:42:03,694 - BDM-WAM 1574707312.282348 - INFO - <Event(3-KeyUp {'key': 51, 'mod': 0, 'window': None, 'scancode': 4})>
2019-11-25 18:42:03,959 - BDM-WAM 1574707312.282348 - INFO - <Event(4-MouseMotion {'rel': (0, 10), 'buttons': (0, 0, 0), 'pos': (221, 209), 'window': None})>
2019-11-25 18:42:03,977 - BDM-WAM 1574707312.282348 - INFO - <Event(4-MouseMotion {'rel': (0, 13), 'buttons': (0, 0, 0), 'pos': (221, 222), 'window': None})>
2019-11-25 18:42:03,994 - BDM-WAM 1574707312.282348 - INFO - <Event(4-MouseMotion {'rel': (-3, 10), 'buttons': (0, 0, 0), 'pos': (218, 232), 'window': None})>
2019-11-25 18:42:04,011 - BDM-WAM 1574707312.282348 - INFO - <Event(4-MouseMotion {'rel': (-5, 21), 'buttons': (0, 0, 0), 'pos': (213, 253), 'window': None})>
2019-11-25 18:42:04,080 - BDM-WAM 1574707312.282348 - INFO - <Event(4-MouseMotion {'rel': (-18, 56), 'buttons': (0, 0, 0), 'pos': (195, 309), 'window': None})>
2019-11-25 18:42:04,185 - BDM-WAM 1574707312.282348 - INFO - <Event(10-MoleUp) {'loc': (636,366)})>
2019-11-25 18:42:04,189 - BDM-WAM 1574707312.282348 - INFO - <Event(4-MouseMotion {'rel': (0, 26), 'buttons': (0, 0, 0), 'pos': (195, 335), 'window': None})>
2019-11-25 18:42:04,205 - BDM-WAM 1574707312.282348 - INFO - <Event(4-MouseMotion {'rel': (10, 8), 'buttons': (0, 0, 0), 'pos': (205, 343), 'window': None})>
2019-11-25 18:42:04,222 - BDM-WAM 1574707312.282348 - INFO - <Event(4-MouseMotion {'rel': (13, 8), 'buttons': (0, 0, 0), 'pos': (218, 351), 'window': None})>
2019-11-25 18:42:04,238 - BDM-WAM 1574707312.282348 - INFO - <Event(4-MouseMotion {'rel': (11, 7), 'buttons': (0, 0, 0), 'pos': (229, 358), 'window': None})>
2019-11-25 18:42:04,255 - BDM-WAM 1574707312.282348 - INFO - <Event(4-MouseMotion {'rel': (12, 6), 'buttons': (0, 0, 0), 'pos': (241, 364), 'window': None})>
2019-11-25 18:42:04,273 - BDM-WAM 1574707312.282348 - INFO - <Event(4-MouseMotion {'rel': (12, 8), 'buttons': (0, 0, 0), 'pos': (253, 372), 'window': None})>
2019-11-25 18:42:04,289 - BDM-WAM 1574707312.282348 - INFO - <Event(4-MouseMotion {'rel': (12, 10), 'buttons': (0, 0, 0), 'pos': (265, 382), 'window': None})>
2019-11-25 18:42:04,306 - BDM-WAM 1574707312.282348 - INFO - <Event(4-MouseMotion {'rel': (8, 4), 'buttons': (0, 0, 0), 'pos': (273, 386), 'window': None})>
2019-11-25 18:42:04,322 - BDM-WAM 1574707312.282348 - INFO - <Event(4-MouseMotion {'rel': (5, 3), 'buttons': (0, 0, 0), 'pos': (278, 389), 'window': None})>
2019-11-25 18:42:04,340 - BDM-WAM 1574707312.282348 - INFO - <Event(4-MouseMotion {'rel': (4, 2), 'buttons': (0, 0, 0), 'pos': (282, 391), 'window': None})>
2019-11-25 18:42:04,357 - BDM-WAM 1574707312.282348 - INFO - <Event(4-MouseMotion {'rel': (5, 3), 'buttons': (0, 0, 0), 'pos': (287, 394), 'window': None})>
2019-11-25 18:42:04,373 - BDM-WAM 1574707312.282348 - INFO - <Event(4-MouseMotion {'rel': (2, 0), 'buttons': (0, 0, 0), 'pos': (289, 394), 'window': None})>
2019-11-25 18:42:04,390 - BDM-WAM 1574707312.282348 - INFO - <Event(4-MouseMotion {'rel': (3, 0), 'buttons': (0, 0, 0), 'pos': (292, 394), 'window': None})>
2019-11-25 18:42:04,407 - BDM-WAM 1574707312.282348 - INFO - <Event(4-MouseMotion {'rel': (1, 0), 'buttons': (0, 0, 0), 'pos': (293, 394), 'window': None})>
2019-11-25 18:42:04,423 - BDM-WAM 1574707312.282348 - INFO - <Event(4-MouseMotion {'rel': (1, 0), 'buttons': (0, 0, 0), 'pos': (294, 394), 'window': None})>
2019-11-25 18:42:04,441 - BDM-WAM 1574707312.282348 - INFO - <Event(4-MouseMotion {'rel': (3, -3), 'buttons': (0, 0, 0), 'pos': (297, 391), 'window': None})>
2019-11-25 18:42:05,080 - BDM-WAM 1574707312.282348 - INFO - <Event(2-KeyDown {'key': 112, 'unicode': 'p', 'mod': 0, 'window': None, 'scancode': 25})>
2019-11-25 18:42:05,081 - BDM-WAM 1574707312.282348 - INFO - <Event(8-Pause {'reason': <bound method GameManager.pause of <game.GameManager object at 0x000001EC6C2F9710>> })>
2019-11-25 18:42:05,998 - BDM-WAM 1574707312.282348 - INFO - ************* HAPPY ANALYSING... LOG COMPLETE!!! ************* 
