2019-07-17 10:19:42,645 - BDM-WAM 1563355182.6244404 - INFO - <Event(17-VideoExpose {})>
2019-07-17 10:19:43,379 - BDM-WAM 1563355182.6244404 - INFO - <Event(16-VideoResize {'size': (800, 600), 'w': 800, 'h': 600})>
2019-07-17 10:19:43,379 - BDM-WAM 1563355182.6244404 - INFO - <Event(1-ActiveEvent {'gain': 0, 'state': 1})>
2019-07-17 10:19:43,379 - BDM-WAM 1563355182.6244404 - INFO - <Event(4-MouseMotion {'pos': (395, 339), 'rel': (396, 340), 'buttons': (0, 0, 0), 'window': None})>
2019-07-17 10:19:43,379 - BDM-WAM 1563355182.6244404 - INFO - <Event(1-ActiveEvent {'gain': 1, 'state': 1})>
2019-07-17 10:19:43,387 - BDM-WAM 1563355182.6244404 - INFO - <Event(4-MouseMotion {'pos': (416, 333), 'rel': (21, -6), 'buttons': (0, 0, 0), 'window': None})>
2019-07-17 10:19:43,482 - BDM-WAM 1563355182.6244404 - INFO - <Event(3-KeyUp {'key': 99, 'mod': 0, 'scancode': 46, 'window': None})>
2019-07-17 10:19:44,506 - BDM-WAM 1563355182.6244404 - INFO - <Event(4-MouseMotion {'pos': (446, 335), 'rel': (10, 0), 'buttons': (0, 0, 0), 'window': None})>
2019-07-17 10:19:44,523 - BDM-WAM 1563355182.6244404 - INFO - <Event(4-MouseMotion {'pos': (466, 331), 'rel': (20, -4), 'buttons': (0, 0, 0), 'window': None})>
2019-07-17 10:19:44,540 - BDM-WAM 1563355182.6244404 - INFO - <Event(4-MouseMotion {'pos': (488, 327), 'rel': (22, -4), 'buttons': (0, 0, 0), 'window': None})>
2019-07-17 10:19:44,558 - BDM-WAM 1563355182.6244404 - INFO - <Event(4-MouseMotion {'pos': (498, 324), 'rel': (10, -3), 'buttons': (0, 0, 0), 'window': None})>
2019-07-17 10:19:44,584 - BDM-WAM 1563355182.6244404 - INFO - <Event(4-MouseMotion {'pos': (517, 318), 'rel': (19, -6), 'buttons': (0, 0, 0), 'window': None})>
2019-07-17 10:19:44,591 - BDM-WAM 1563355182.6244404 - INFO - <Event(4-MouseMotion {'pos': (528, 314), 'rel': (11, -4), 'buttons': (0, 0, 0), 'window': None})>
2019-07-17 10:19:44,607 - BDM-WAM 1563355182.6244404 - INFO - <Event(4-MouseMotion {'pos': (548, 304), 'rel': (20, -10), 'buttons': (0, 0, 0), 'window': None})>
2019-07-17 10:19:44,623 - BDM-WAM 1563355182.6244404 - INFO - <Event(4-MouseMotion {'pos': (574, 293), 'rel': (26, -11), 'buttons': (0, 0, 0), 'window': None})>
2019-07-17 10:19:44,641 - BDM-WAM 1563355182.6244404 - INFO - <Event(4-MouseMotion {'pos': (612, 277), 'rel': (38, -16), 'buttons': (0, 0, 0), 'window': None})>
2019-07-17 10:19:44,656 - BDM-WAM 1563355182.6244404 - INFO - <Event(4-MouseMotion {'pos': (632, 274), 'rel': (20, -3), 'buttons': (0, 0, 0), 'window': None})>
2019-07-17 10:19:44,672 - BDM-WAM 1563355182.6244404 - INFO - <Event(4-MouseMotion {'pos': (642, 273), 'rel': (10, -1), 'buttons': (0, 0, 0), 'window': None})>
2019-07-17 10:19:44,699 - BDM-WAM 1563355182.6244404 - INFO - <Event(4-MouseMotion {'pos': (649, 273), 'rel': (7, 0), 'buttons': (0, 0, 0), 'window': None})>
2019-07-17 10:19:44,709 - BDM-WAM 1563355182.6244404 - INFO - <Event(4-MouseMotion {'pos': (651, 274), 'rel': (2, 1), 'buttons': (0, 0, 0), 'window': None})>
2019-07-17 10:19:44,726 - BDM-WAM 1563355182.6244404 - INFO - <Event(4-MouseMotion {'pos': (650, 279), 'rel': (-1, 5), 'buttons': (0, 0, 0), 'window': None})>
2019-07-17 10:19:44,743 - BDM-WAM 1563355182.6244404 - INFO - <Event(4-MouseMotion {'pos': (628, 293), 'rel': (-22, 14), 'buttons': (0, 0, 0), 'window': None})>
2019-07-17 10:19:44,760 - BDM-WAM 1563355182.6244404 - INFO - <Event(4-MouseMotion {'pos': (545, 320), 'rel': (-83, 27), 'buttons': (0, 0, 0), 'window': None})>
2019-07-17 10:19:44,776 - BDM-WAM 1563355182.6244404 - INFO - <Event(4-MouseMotion {'pos': (423, 332), 'rel': (-122, 12), 'buttons': (0, 0, 0), 'window': None})>
2019-07-17 10:19:44,795 - BDM-WAM 1563355182.6244404 - INFO - <Event(4-MouseMotion {'pos': (242, 321), 'rel': (-181, -11), 'buttons': (0, 0, 0), 'window': None})>
2019-07-17 10:19:44,810 - BDM-WAM 1563355182.6244404 - INFO - <Event(4-MouseMotion {'pos': (158, 313), 'rel': (-84, -8), 'buttons': (0, 0, 0), 'window': None})>
2019-07-17 10:19:44,826 - BDM-WAM 1563355182.6244404 - INFO - <Event(4-MouseMotion {'pos': (106, 306), 'rel': (-52, -7), 'buttons': (0, 0, 0), 'window': None})>
2019-07-17 10:19:44,842 - BDM-WAM 1563355182.6244404 - INFO - <Event(4-MouseMotion {'pos': (78, 301), 'rel': (-28, -5), 'buttons': (0, 0, 0), 'window': None})>
2019-07-17 10:19:44,859 - BDM-WAM 1563355182.6244404 - INFO - <Event(4-MouseMotion {'pos': (63, 295), 'rel': (-15, -6), 'buttons': (0, 0, 0), 'window': None})>
2019-07-17 10:19:44,876 - BDM-WAM 1563355182.6244404 - INFO - <Event(4-MouseMotion {'pos': (55, 291), 'rel': (-8, -4), 'buttons': (0, 0, 0), 'window': None})>
2019-07-17 10:19:44,892 - BDM-WAM 1563355182.6244404 - INFO - <Event(4-MouseMotion {'pos': (52, 288), 'rel': (-3, -3), 'buttons': (0, 0, 0), 'window': None})>
2019-07-17 10:19:44,909 - BDM-WAM 1563355182.6244404 - INFO - <Event(4-MouseMotion {'pos': (48, 283), 'rel': (-4, -5), 'buttons': (0, 0, 0), 'window': None})>
2019-07-17 10:19:44,925 - BDM-WAM 1563355182.6244404 - INFO - <Event(4-MouseMotion {'pos': (46, 280), 'rel': (-2, -3), 'buttons': (0, 0, 0), 'window': None})>
2019-07-17 10:19:44,942 - BDM-WAM 1563355182.6244404 - INFO - <Event(4-MouseMotion {'pos': (45, 277), 'rel': (-1, -3), 'buttons': (0, 0, 0), 'window': None})>
2019-07-17 10:19:44,959 - BDM-WAM 1563355182.6244404 - INFO - <Event(4-MouseMotion {'pos': (45, 273), 'rel': (0, -4), 'buttons': (0, 0, 0), 'window': None})>
2019-07-17 10:19:44,977 - BDM-WAM 1563355182.6244404 - INFO - <Event(4-MouseMotion {'pos': (45, 270), 'rel': (0, -3), 'buttons': (0, 0, 0), 'window': None})>
2019-07-17 10:19:44,993 - BDM-WAM 1563355182.6244404 - INFO - <Event(4-MouseMotion {'pos': (46, 267), 'rel': (1, -3), 'buttons': (0, 0, 0), 'window': None})>
2019-07-17 10:19:45,009 - BDM-WAM 1563355182.6244404 - INFO - <Event(4-MouseMotion {'pos': (48, 261), 'rel': (2, -6), 'buttons': (0, 0, 0), 'window': None})>
2019-07-17 10:19:45,025 - BDM-WAM 1563355182.6244404 - INFO - <Event(4-MouseMotion {'pos': (48, 258), 'rel': (0, -3), 'buttons': (0, 0, 0), 'window': None})>
2019-07-17 10:19:45,041 - BDM-WAM 1563355182.6244404 - INFO - <Event(4-MouseMotion {'pos': (50, 256), 'rel': (2, -2), 'buttons': (0, 0, 0), 'window': None})>
2019-07-17 10:19:45,058 - BDM-WAM 1563355182.6244404 - INFO - <Event(4-MouseMotion {'pos': (51, 253), 'rel': (1, -3), 'buttons': (0, 0, 0), 'window': None})>
2019-07-17 10:19:45,075 - BDM-WAM 1563355182.6244404 - INFO - <Event(4-MouseMotion {'pos': (53, 249), 'rel': (2, -4), 'buttons': (0, 0, 0), 'window': None})>
2019-07-17 10:19:45,092 - BDM-WAM 1563355182.6244404 - INFO - <Event(4-MouseMotion {'pos': (60, 244), 'rel': (7, -5), 'buttons': (0, 0, 0), 'window': None})>
2019-07-17 10:19:45,109 - BDM-WAM 1563355182.6244404 - INFO - <Event(4-MouseMotion {'pos': (84, 229), 'rel': (24, -15), 'buttons': (0, 0, 0), 'window': None})>
2019-07-17 10:19:45,125 - BDM-WAM 1563355182.6244404 - INFO - <Event(4-MouseMotion {'pos': (120, 217), 'rel': (36, -12), 'buttons': (0, 0, 0), 'window': None})>
2019-07-17 10:19:45,143 - BDM-WAM 1563355182.6244404 - INFO - <Event(4-MouseMotion {'pos': (164, 208), 'rel': (44, -9), 'buttons': (0, 0, 0), 'window': None})>
2019-07-17 10:19:45,159 - BDM-WAM 1563355182.6244404 - INFO - <Event(4-MouseMotion {'pos': (213, 203), 'rel': (49, -5), 'buttons': (0, 0, 0), 'window': None})>
2019-07-17 10:19:45,175 - BDM-WAM 1563355182.6244404 - INFO - <Event(4-MouseMotion {'pos': (253, 201), 'rel': (40, -2), 'buttons': (0, 0, 0), 'window': None})>
2019-07-17 10:19:45,201 - BDM-WAM 1563355182.6244404 - INFO - <Event(4-MouseMotion {'pos': (304, 201), 'rel': (51, 0), 'buttons': (0, 0, 0), 'window': None})>
2019-07-17 10:19:45,209 - BDM-WAM 1563355182.6244404 - INFO - <Event(4-MouseMotion {'pos': (311, 201), 'rel': (7, 0), 'buttons': (0, 0, 0), 'window': None})>
2019-07-17 10:19:45,225 - BDM-WAM 1563355182.6244404 - INFO - <Event(4-MouseMotion {'pos': (321, 201), 'rel': (10, 0), 'buttons': (0, 0, 0), 'window': None})>
2019-07-17 10:19:45,242 - BDM-WAM 1563355182.6244404 - INFO - <Event(4-MouseMotion {'pos': (328, 202), 'rel': (7, 1), 'buttons': (0, 0, 0), 'window': None})>
2019-07-17 10:19:45,258 - BDM-WAM 1563355182.6244404 - INFO - <Event(4-MouseMotion {'pos': (335, 205), 'rel': (7, 3), 'buttons': (0, 0, 0), 'window': None})>
2019-07-17 10:19:45,276 - BDM-WAM 1563355182.6244404 - INFO - <Event(4-MouseMotion {'pos': (342, 205), 'rel': (7, 0), 'buttons': (0, 0, 0), 'window': None})>
2019-07-17 10:19:45,291 - BDM-WAM 1563355182.6244404 - INFO - <Event(4-MouseMotion {'pos': (349, 206), 'rel': (7, 1), 'buttons': (0, 0, 0), 'window': None})>
2019-07-17 10:19:45,317 - BDM-WAM 1563355182.6244404 - INFO - <Event(4-MouseMotion {'pos': (360, 207), 'rel': (11, 1), 'buttons': (0, 0, 0), 'window': None})>
2019-07-17 10:19:45,324 - BDM-WAM 1563355182.6244404 - INFO - <Event(4-MouseMotion {'pos': (361, 207), 'rel': (1, 0), 'buttons': (0, 0, 0), 'window': None})>
2019-07-17 10:19:45,341 - BDM-WAM 1563355182.6244404 - INFO - <Event(4-MouseMotion {'pos': (364, 207), 'rel': (3, 0), 'buttons': (0, 0, 0), 'window': None})>
2019-07-17 10:19:45,433 - BDM-WAM 1563355182.6244404 - INFO - <Event(4-MouseMotion {'pos': (367, 207), 'rel': (3, 0), 'buttons': (0, 0, 0), 'window': None})>
2019-07-17 10:19:45,441 - BDM-WAM 1563355182.6244404 - INFO - <Event(4-MouseMotion {'pos': (368, 207), 'rel': (1, 0), 'buttons': (0, 0, 0), 'window': None})>
2019-07-17 10:19:45,457 - BDM-WAM 1563355182.6244404 - INFO - <Event(4-MouseMotion {'pos': (375, 203), 'rel': (7, -4), 'buttons': (0, 0, 0), 'window': None})>
2019-07-17 10:19:45,474 - BDM-WAM 1563355182.6244404 - INFO - <Event(4-MouseMotion {'pos': (396, 193), 'rel': (21, -10), 'buttons': (0, 0, 0), 'window': None})>
2019-07-17 10:19:45,491 - BDM-WAM 1563355182.6244404 - INFO - <Event(4-MouseMotion {'pos': (432, 175), 'rel': (36, -18), 'buttons': (0, 0, 0), 'window': None})>
2019-07-17 10:19:45,509 - BDM-WAM 1563355182.6244404 - INFO - <Event(4-MouseMotion {'pos': (482, 158), 'rel': (50, -17), 'buttons': (0, 0, 0), 'window': None})>
2019-07-17 10:19:45,526 - BDM-WAM 1563355182.6244404 - INFO - <Event(4-MouseMotion {'pos': (500, 154), 'rel': (18, -4), 'buttons': (0, 0, 0), 'window': None})>
2019-07-17 10:19:45,542 - BDM-WAM 1563355182.6244404 - INFO - <Event(4-MouseMotion {'pos': (508, 153), 'rel': (8, -1), 'buttons': (0, 0, 0), 'window': None})>
2019-07-17 10:19:45,560 - BDM-WAM 1563355182.6244404 - INFO - <Event(4-MouseMotion {'pos': (512, 153), 'rel': (4, 0), 'buttons': (0, 0, 0), 'window': None})>
2019-07-17 10:19:45,577 - BDM-WAM 1563355182.6244404 - INFO - <Event(4-MouseMotion {'pos': (514, 153), 'rel': (2, 0), 'buttons': (0, 0, 0), 'window': None})>
2019-07-17 10:19:45,594 - BDM-WAM 1563355182.6244404 - INFO - <Event(4-MouseMotion {'pos': (516, 153), 'rel': (2, 0), 'buttons': (0, 0, 0), 'window': None})>
2019-07-17 10:19:45,627 - BDM-WAM 1563355182.6244404 - INFO - <Event(4-MouseMotion {'pos': (517, 153), 'rel': (1, 0), 'buttons': (0, 0, 0), 'window': None})>
2019-07-17 10:19:45,726 - BDM-WAM 1563355182.6244404 - INFO - <Event(4-MouseMotion {'pos': (518, 153), 'rel': (1, 0), 'buttons': (0, 0, 0), 'window': None})>
2019-07-17 10:19:45,743 - BDM-WAM 1563355182.6244404 - INFO - <Event(4-MouseMotion {'pos': (520, 153), 'rel': (2, 0), 'buttons': (0, 0, 0), 'window': None})>
2019-07-17 10:19:45,759 - BDM-WAM 1563355182.6244404 - INFO - <Event(4-MouseMotion {'pos': (520, 152), 'rel': (0, -1), 'buttons': (0, 0, 0), 'window': None})>
2019-07-17 10:19:45,775 - BDM-WAM 1563355182.6244404 - INFO - <Event(4-MouseMotion {'pos': (521, 150), 'rel': (1, -2), 'buttons': (0, 0, 0), 'window': None})>
2019-07-17 10:19:45,810 - BDM-WAM 1563355182.6244404 - INFO - <Event(4-MouseMotion {'pos': (520, 150), 'rel': (-1, 0), 'buttons': (0, 0, 0), 'window': None})>
2019-07-17 10:19:45,923 - BDM-WAM 1563355182.6244404 - INFO - <Event(5-MouseButtonDown {'pos': (520, 150), 'button': 1, 'window': None})>
