2019-11-20 22:24:58,683 - BDM-WAM 1574288698.5142279 - INFO - <Event(17-VideoExpose {})>
2019-11-20 22:24:59,469 - BDM-WAM 1574288698.5142279 - INFO - <Event(16-VideoResize {'size': (800, 700), 'h': 700, 'w': 800})>
2019-11-20 22:24:59,470 - BDM-WAM 1574288698.5142279 - INFO - <Event(1-ActiveEvent {'gain': 0, 'state': 1})>
2019-11-20 22:24:59,470 - BDM-WAM 1574288698.5142279 - INFO - <Event(4-MouseMotion {'window': None, 'rel': (350, 258), 'buttons': (0, 0, 0), 'pos': (349, 257)})>
2019-11-20 22:24:59,470 - BDM-WAM 1574288698.5142279 - INFO - <Event(1-ActiveEvent {'gain': 1, 'state': 1})>
2019-11-20 22:24:59,472 - BDM-WAM 1574288698.5142279 - INFO - <Event(4-MouseMotion {'window': None, 'rel': (-1, 4), 'buttons': (0, 0, 0), 'pos': (348, 261)})>
2019-11-20 22:24:59,472 - BDM-WAM 1574288698.5142279 - INFO - <Event(4-MouseMotion {'window': None, 'rel': (-5, 29), 'buttons': (0, 0, 0), 'pos': (343, 290)})>
2019-11-20 22:24:59,632 - BDM-WAM 1574288698.5142279 - INFO - <Event(3-KeyUp {'scancode': 46, 'window': None, 'mod': 0, 'key': 99})>
2019-11-20 22:24:59,777 - BDM-WAM 1574288698.5142279 - INFO - <Event(4-MouseMotion {'window': None, 'rel': (2, 4), 'buttons': (0, 0, 0), 'pos': (388, 396)})>
2019-11-20 22:24:59,794 - BDM-WAM 1574288698.5142279 - INFO - <Event(4-MouseMotion {'window': None, 'rel': (3, 4), 'buttons': (0, 0, 0), 'pos': (391, 400)})>
2019-11-20 22:24:59,811 - BDM-WAM 1574288698.5142279 - INFO - <Event(4-MouseMotion {'window': None, 'rel': (3, 3), 'buttons': (0, 0, 0), 'pos': (394, 403)})>
2019-11-20 22:24:59,827 - BDM-WAM 1574288698.5142279 - INFO - <Event(4-MouseMotion {'window': None, 'rel': (1, 1), 'buttons': (0, 0, 0), 'pos': (395, 404)})>
2019-11-20 22:24:59,998 - BDM-WAM 1574288698.5142279 - INFO - <Event(4-MouseMotion {'window': None, 'rel': (0, -5), 'buttons': (0, 0, 0), 'pos': (395, 399)})>
2019-11-20 22:25:00,014 - BDM-WAM 1574288698.5142279 - INFO - <Event(4-MouseMotion {'window': None, 'rel': (-8, -44), 'buttons': (0, 0, 0), 'pos': (387, 355)})>
2019-11-20 22:25:00,030 - BDM-WAM 1574288698.5142279 - INFO - <Event(4-MouseMotion {'window': None, 'rel': (-26, -66), 'buttons': (0, 0, 0), 'pos': (361, 289)})>
2019-11-20 22:25:00,046 - BDM-WAM 1574288698.5142279 - INFO - <Event(4-MouseMotion {'window': None, 'rel': (-45, -79), 'buttons': (0, 0, 0), 'pos': (316, 210)})>
2019-11-20 22:25:00,063 - BDM-WAM 1574288698.5142279 - INFO - <Event(4-MouseMotion {'window': None, 'rel': (-50, -78), 'buttons': (0, 0, 0), 'pos': (266, 132)})>
2019-11-20 22:25:00,079 - BDM-WAM 1574288698.5142279 - INFO - <Event(4-MouseMotion {'window': None, 'rel': (-35, -46), 'buttons': (0, 0, 0), 'pos': (231, 86)})>
2019-11-20 22:25:00,096 - BDM-WAM 1574288698.5142279 - INFO - <Event(4-MouseMotion {'window': None, 'rel': (-32, -31), 'buttons': (0, 0, 0), 'pos': (199, 55)})>
2019-11-20 22:25:00,113 - BDM-WAM 1574288698.5142279 - INFO - <Event(4-MouseMotion {'window': None, 'rel': (-22, -15), 'buttons': (0, 0, 0), 'pos': (177, 40)})>
2019-11-20 22:25:00,129 - BDM-WAM 1574288698.5142279 - INFO - <Event(4-MouseMotion {'window': None, 'rel': (-3, -1), 'buttons': (0, 0, 0), 'pos': (174, 39)})>
2019-11-20 22:25:00,262 - BDM-WAM 1574288698.5142279 - INFO - <Event(4-MouseMotion {'window': None, 'rel': (-2, 6), 'buttons': (0, 0, 0), 'pos': (172, 45)})>
2019-11-20 22:25:00,278 - BDM-WAM 1574288698.5142279 - INFO - <Event(4-MouseMotion {'window': None, 'rel': (-4, 42), 'buttons': (0, 0, 0), 'pos': (168, 87)})>
2019-11-20 22:25:00,294 - BDM-WAM 1574288698.5142279 - INFO - <Event(4-MouseMotion {'window': None, 'rel': (-4, 28), 'buttons': (0, 0, 0), 'pos': (164, 115)})>
2019-11-20 22:25:00,310 - BDM-WAM 1574288698.5142279 - INFO - <Event(4-MouseMotion {'window': None, 'rel': (-2, 18), 'buttons': (0, 0, 0), 'pos': (162, 133)})>
2019-11-20 22:25:00,327 - BDM-WAM 1574288698.5142279 - INFO - <Event(4-MouseMotion {'window': None, 'rel': (-1, 6), 'buttons': (0, 0, 0), 'pos': (161, 139)})>
2019-11-20 22:25:00,344 - BDM-WAM 1574288698.5142279 - INFO - <Event(4-MouseMotion {'window': None, 'rel': (0, 1), 'buttons': (0, 0, 0), 'pos': (161, 140)})>
2019-11-20 22:25:00,459 - BDM-WAM 1574288698.5142279 - INFO - <Event(4-MouseMotion {'window': None, 'rel': (-4, -2), 'buttons': (0, 0, 0), 'pos': (157, 138)})>
2019-11-20 22:25:00,476 - BDM-WAM 1574288698.5142279 - INFO - <Event(4-MouseMotion {'window': None, 'rel': (-12, -12), 'buttons': (0, 0, 0), 'pos': (145, 126)})>
2019-11-20 22:25:00,493 - BDM-WAM 1574288698.5142279 - INFO - <Event(4-MouseMotion {'window': None, 'rel': (-13, -18), 'buttons': (0, 0, 0), 'pos': (132, 108)})>
2019-11-20 22:25:00,509 - BDM-WAM 1574288698.5142279 - INFO - <Event(4-MouseMotion {'window': None, 'rel': (-8, -16), 'buttons': (0, 0, 0), 'pos': (124, 92)})>
2019-11-20 22:25:00,526 - BDM-WAM 1574288698.5142279 - INFO - <Event(4-MouseMotion {'window': None, 'rel': (-4, -8), 'buttons': (0, 0, 0), 'pos': (120, 84)})>
2019-11-20 22:25:00,542 - BDM-WAM 1574288698.5142279 - INFO - <Event(4-MouseMotion {'window': None, 'rel': (-2, -5), 'buttons': (0, 0, 0), 'pos': (118, 79)})>
2019-11-20 22:25:00,559 - BDM-WAM 1574288698.5142279 - INFO - <Event(4-MouseMotion {'window': None, 'rel': (-1, -3), 'buttons': (0, 0, 0), 'pos': (117, 76)})>
2019-11-20 22:25:00,607 - BDM-WAM 1574288698.5142279 - INFO - <Event(5-MouseButtonDown {'window': None, 'button': 1, 'pos': (117, 76)})>
2019-11-20 22:25:00,753 - BDM-WAM 1574288698.5142279 - INFO - <Event(6-MouseButtonUp {'window': None, 'button': 1, 'pos': (117, 76)})>
2019-11-20 22:25:00,805 - BDM-WAM 1574288698.5142279 - INFO - <Event(4-MouseMotion {'window': None, 'rel': (2, 0), 'buttons': (0, 0, 0), 'pos': (119, 76)})>
2019-11-20 22:25:00,821 - BDM-WAM 1574288698.5142279 - INFO - <Event(4-MouseMotion {'window': None, 'rel': (13, 5), 'buttons': (0, 0, 0), 'pos': (132, 81)})>
2019-11-20 22:25:00,865 - BDM-WAM 1574288698.5142279 - INFO - <Event(4-MouseMotion {'window': None, 'rel': (12, 5), 'buttons': (0, 0, 0), 'pos': (144, 86)})>
2019-11-20 22:25:00,882 - BDM-WAM 1574288698.5142279 - INFO - <Event(4-MouseMotion {'window': None, 'rel': (1, 1), 'buttons': (0, 0, 0), 'pos': (145, 87)})>
2019-11-20 22:25:00,899 - BDM-WAM 1574288698.5142279 - INFO - <Event(4-MouseMotion {'window': None, 'rel': (1, 0), 'buttons': (0, 0, 0), 'pos': (146, 87)})>
2019-11-20 22:25:00,914 - BDM-WAM 1574288698.5142279 - INFO - <Event(4-MouseMotion {'window': None, 'rel': (1, 0), 'buttons': (0, 0, 0), 'pos': (147, 87)})>
2019-11-20 22:25:01,052 - BDM-WAM 1574288698.5142279 - INFO - <Event(4-MouseMotion {'window': None, 'rel': (3, 4), 'buttons': (0, 0, 0), 'pos': (150, 91)})>
2019-11-20 22:25:01,067 - BDM-WAM 1574288698.5142279 - INFO - <Event(4-MouseMotion {'window': None, 'rel': (23, 27), 'buttons': (0, 0, 0), 'pos': (173, 118)})>
2019-11-20 22:25:01,082 - BDM-WAM 1574288698.5142279 - INFO - <Event(4-MouseMotion {'window': None, 'rel': (63, 60), 'buttons': (0, 0, 0), 'pos': (236, 178)})>
2019-11-20 22:25:01,099 - BDM-WAM 1574288698.5142279 - INFO - <Event(4-MouseMotion {'window': None, 'rel': (103, 81), 'buttons': (0, 0, 0), 'pos': (339, 259)})>
2019-11-20 22:25:01,115 - BDM-WAM 1574288698.5142279 - INFO - <Event(4-MouseMotion {'window': None, 'rel': (115, 88), 'buttons': (0, 0, 0), 'pos': (454, 347)})>
2019-11-20 22:25:01,132 - BDM-WAM 1574288698.5142279 - INFO - <Event(4-MouseMotion {'window': None, 'rel': (77, 63), 'buttons': (0, 0, 0), 'pos': (531, 410)})>
2019-11-20 22:25:01,149 - BDM-WAM 1574288698.5142279 - INFO - <Event(4-MouseMotion {'window': None, 'rel': (34, 33), 'buttons': (0, 0, 0), 'pos': (565, 443)})>
2019-11-20 22:25:01,165 - BDM-WAM 1574288698.5142279 - INFO - <Event(4-MouseMotion {'window': None, 'rel': (10, 13), 'buttons': (0, 0, 0), 'pos': (575, 456)})>
2019-11-20 22:25:01,182 - BDM-WAM 1574288698.5142279 - INFO - <Event(4-MouseMotion {'window': None, 'rel': (2, 2), 'buttons': (0, 0, 0), 'pos': (577, 458)})>
2019-11-20 22:25:01,266 - BDM-WAM 1574288698.5142279 - INFO - <Event(4-MouseMotion {'window': None, 'rel': (1, 2), 'buttons': (0, 0, 0), 'pos': (578, 460)})>
2019-11-20 22:25:01,283 - BDM-WAM 1574288698.5142279 - INFO - <Event(4-MouseMotion {'window': None, 'rel': (2, 2), 'buttons': (0, 0, 0), 'pos': (580, 462)})>
2019-11-20 22:25:01,299 - BDM-WAM 1574288698.5142279 - INFO - <Event(4-MouseMotion {'window': None, 'rel': (2, 2), 'buttons': (0, 0, 0), 'pos': (582, 464)})>
2019-11-20 22:25:01,315 - BDM-WAM 1574288698.5142279 - INFO - <Event(4-MouseMotion {'window': None, 'rel': (4, 2), 'buttons': (0, 0, 0), 'pos': (586, 466)})>
2019-11-20 22:25:01,331 - BDM-WAM 1574288698.5142279 - INFO - <Event(4-MouseMotion {'window': None, 'rel': (5, 4), 'buttons': (0, 0, 0), 'pos': (591, 470)})>
2019-11-20 22:25:01,347 - BDM-WAM 1574288698.5142279 - INFO - <Event(4-MouseMotion {'window': None, 'rel': (12, 5), 'buttons': (0, 0, 0), 'pos': (603, 475)})>
2019-11-20 22:25:01,365 - BDM-WAM 1574288698.5142279 - INFO - <Event(4-MouseMotion {'window': None, 'rel': (31, 15), 'buttons': (0, 0, 0), 'pos': (634, 490)})>
2019-11-20 22:25:01,382 - BDM-WAM 1574288698.5142279 - INFO - <Event(4-MouseMotion {'window': None, 'rel': (42, 17), 'buttons': (0, 0, 0), 'pos': (676, 507)})>
2019-11-20 22:25:01,398 - BDM-WAM 1574288698.5142279 - INFO - <Event(4-MouseMotion {'window': None, 'rel': (25, 8), 'buttons': (0, 0, 0), 'pos': (701, 515)})>
2019-11-20 22:25:01,414 - BDM-WAM 1574288698.5142279 - INFO - <Event(4-MouseMotion {'window': None, 'rel': (14, 4), 'buttons': (0, 0, 0), 'pos': (715, 519)})>
2019-11-20 22:25:01,430 - BDM-WAM 1574288698.5142279 - INFO - <Event(4-MouseMotion {'window': None, 'rel': (3, 1), 'buttons': (0, 0, 0), 'pos': (718, 520)})>
2019-11-20 22:25:01,518 - BDM-WAM 1574288698.5142279 - INFO - <Event(4-MouseMotion {'window': None, 'rel': (4, -5), 'buttons': (0, 0, 0), 'pos': (722, 515)})>
2019-11-20 22:25:01,535 - BDM-WAM 1574288698.5142279 - INFO - <Event(4-MouseMotion {'window': None, 'rel': (6, -13), 'buttons': (0, 0, 0), 'pos': (728, 502)})>
2019-11-20 22:25:01,554 - BDM-WAM 1574288698.5142279 - INFO - <Event(4-MouseMotion {'window': None, 'rel': (3, -10), 'buttons': (0, 0, 0), 'pos': (731, 492)})>
2019-11-20 22:25:01,595 - BDM-WAM 1574288698.5142279 - INFO - <Event(4-MouseMotion {'window': None, 'rel': (4, -29), 'buttons': (0, 0, 0), 'pos': (735, 463)})>
2019-11-20 22:25:01,612 - BDM-WAM 1574288698.5142279 - INFO - <Event(4-MouseMotion {'window': None, 'rel': (-3, -11), 'buttons': (0, 0, 0), 'pos': (732, 452)})>
2019-11-20 22:25:01,629 - BDM-WAM 1574288698.5142279 - INFO - <Event(4-MouseMotion {'window': None, 'rel': (-8, -12), 'buttons': (0, 0, 0), 'pos': (724, 440)})>
2019-11-20 22:25:01,645 - BDM-WAM 1574288698.5142279 - INFO - <Event(4-MouseMotion {'window': None, 'rel': (-9, -11), 'buttons': (0, 0, 0), 'pos': (715, 429)})>
2019-11-20 22:25:01,661 - BDM-WAM 1574288698.5142279 - INFO - <Event(4-MouseMotion {'window': None, 'rel': (-10, -12), 'buttons': (0, 0, 0), 'pos': (705, 417)})>
2019-11-20 22:25:01,706 - BDM-WAM 1574288698.5142279 - INFO - <Event(4-MouseMotion {'window': None, 'rel': (-25, -19), 'buttons': (0, 0, 0), 'pos': (680, 398)})>
2019-11-20 22:25:01,708 - BDM-WAM 1574288698.5142279 - INFO - <Event(4-MouseMotion {'window': None, 'rel': (0, -1), 'buttons': (0, 0, 0), 'pos': (680, 397)})>
2019-11-20 22:25:01,724 - BDM-WAM 1574288698.5142279 - INFO - <Event(4-MouseMotion {'window': None, 'rel': (-8, -1), 'buttons': (0, 0, 0), 'pos': (672, 396)})>
2019-11-20 22:25:01,741 - BDM-WAM 1574288698.5142279 - INFO - <Event(4-MouseMotion {'window': None, 'rel': (-16, -2), 'buttons': (0, 0, 0), 'pos': (656, 394)})>
2019-11-20 22:25:01,757 - BDM-WAM 1574288698.5142279 - INFO - <Event(4-MouseMotion {'window': None, 'rel': (-20, -1), 'buttons': (0, 0, 0), 'pos': (636, 393)})>
2019-11-20 22:25:01,773 - BDM-WAM 1574288698.5142279 - INFO - <Event(4-MouseMotion {'window': None, 'rel': (-16, 1), 'buttons': (0, 0, 0), 'pos': (620, 394)})>
2019-11-20 22:25:01,789 - BDM-WAM 1574288698.5142279 - INFO - <Event(4-MouseMotion {'window': None, 'rel': (-16, 0), 'buttons': (0, 0, 0), 'pos': (604, 394)})>
2019-11-20 22:25:01,806 - BDM-WAM 1574288698.5142279 - INFO - <Event(4-MouseMotion {'window': None, 'rel': (-17, 0), 'buttons': (0, 0, 0), 'pos': (587, 394)})>
2019-11-20 22:25:01,823 - BDM-WAM 1574288698.5142279 - INFO - <Event(4-MouseMotion {'window': None, 'rel': (-13, -1), 'buttons': (0, 0, 0), 'pos': (574, 393)})>
2019-11-20 22:25:01,840 - BDM-WAM 1574288698.5142279 - INFO - <Event(4-MouseMotion {'window': None, 'rel': (-8, -3), 'buttons': (0, 0, 0), 'pos': (566, 390)})>
2019-11-20 22:25:01,857 - BDM-WAM 1574288698.5142279 - INFO - <Event(4-MouseMotion {'window': None, 'rel': (-8, -3), 'buttons': (0, 0, 0), 'pos': (558, 387)})>
2019-11-20 22:25:01,872 - BDM-WAM 1574288698.5142279 - INFO - <Event(4-MouseMotion {'window': None, 'rel': (-7, -4), 'buttons': (0, 0, 0), 'pos': (551, 383)})>
2019-11-20 22:25:01,888 - BDM-WAM 1574288698.5142279 - INFO - <Event(4-MouseMotion {'window': None, 'rel': (-5, -2), 'buttons': (0, 0, 0), 'pos': (546, 381)})>
2019-11-20 22:25:01,905 - BDM-WAM 1574288698.5142279 - INFO - <Event(4-MouseMotion {'window': None, 'rel': (-1, -1), 'buttons': (0, 0, 0), 'pos': (545, 380)})>
2019-11-20 22:25:01,921 - BDM-WAM 1574288698.5142279 - INFO - <Event(4-MouseMotion {'window': None, 'rel': (0, -1), 'buttons': (0, 0, 0), 'pos': (545, 379)})>
2019-11-20 22:25:01,939 - BDM-WAM 1574288698.5142279 - INFO - <Event(4-MouseMotion {'window': None, 'rel': (-3, -2), 'buttons': (0, 0, 0), 'pos': (542, 377)})>
2019-11-20 22:25:01,955 - BDM-WAM 1574288698.5142279 - INFO - <Event(4-MouseMotion {'window': None, 'rel': (-5, -3), 'buttons': (0, 0, 0), 'pos': (537, 374)})>
2019-11-20 22:25:01,971 - BDM-WAM 1574288698.5142279 - INFO - <Event(4-MouseMotion {'window': None, 'rel': (-4, -3), 'buttons': (0, 0, 0), 'pos': (533, 371)})>
2019-11-20 22:25:01,988 - BDM-WAM 1574288698.5142279 - INFO - <Event(4-MouseMotion {'window': None, 'rel': (-5, -3), 'buttons': (0, 0, 0), 'pos': (528, 368)})>
2019-11-20 22:25:02,005 - BDM-WAM 1574288698.5142279 - INFO - <Event(4-MouseMotion {'window': None, 'rel': (-9, -5), 'buttons': (0, 0, 0), 'pos': (519, 363)})>
2019-11-20 22:25:02,022 - BDM-WAM 1574288698.5142279 - INFO - <Event(4-MouseMotion {'window': None, 'rel': (-16, -8), 'buttons': (0, 0, 0), 'pos': (503, 355)})>
2019-11-20 22:25:02,038 - BDM-WAM 1574288698.5142279 - INFO - <Event(4-MouseMotion {'window': None, 'rel': (-15, -6), 'buttons': (0, 0, 0), 'pos': (488, 349)})>
2019-11-20 22:25:02,055 - BDM-WAM 1574288698.5142279 - INFO - <Event(4-MouseMotion {'window': None, 'rel': (-17, -5), 'buttons': (0, 0, 0), 'pos': (471, 344)})>
2019-11-20 22:25:02,072 - BDM-WAM 1574288698.5142279 - INFO - <Event(4-MouseMotion {'window': None, 'rel': (-18, -3), 'buttons': (0, 0, 0), 'pos': (453, 341)})>
2019-11-20 22:25:02,086 - BDM-WAM 1574288698.5142279 - INFO - <Event(4-MouseMotion {'window': None, 'rel': (-6, -2), 'buttons': (0, 0, 0), 'pos': (447, 339)})>
2019-11-20 22:25:02,103 - BDM-WAM 1574288698.5142279 - INFO - <Event(4-MouseMotion {'window': None, 'rel': (-1, 0), 'buttons': (0, 0, 0), 'pos': (446, 339)})>
2019-11-20 22:25:02,185 - BDM-WAM 1574288698.5142279 - INFO - <Event(4-MouseMotion {'window': None, 'rel': (-3, 0), 'buttons': (0, 0, 0), 'pos': (443, 339)})>
2019-11-20 22:25:02,201 - BDM-WAM 1574288698.5142279 - INFO - <Event(4-MouseMotion {'window': None, 'rel': (-4, -2), 'buttons': (0, 0, 0), 'pos': (439, 337)})>
2019-11-20 22:25:02,218 - BDM-WAM 1574288698.5142279 - INFO - <Event(4-MouseMotion {'window': None, 'rel': (-5, -1), 'buttons': (0, 0, 0), 'pos': (434, 336)})>
2019-11-20 22:25:02,234 - BDM-WAM 1574288698.5142279 - INFO - <Event(4-MouseMotion {'window': None, 'rel': (-1, 0), 'buttons': (0, 0, 0), 'pos': (433, 336)})>
2019-11-20 22:25:02,301 - BDM-WAM 1574288698.5142279 - INFO - <Event(5-MouseButtonDown {'window': None, 'button': 1, 'pos': (433, 336)})>
2019-11-20 22:25:02,301 - BDM-WAM 1574288698.5142279 - INFO - <Event(8-Pause {'reason': <bound method GameManager.pause of <game.GameManager object at 0x000001EC8A5D7C18>> })>
2019-11-20 22:25:03,796 - BDM-WAM 1574288698.5142279 - INFO - <Event(7-Rate {'': hit_conf50 })>
2019-11-20 22:25:04,093 - BDM-WAM 1574288698.5142279 - INFO - <Event(7-Rate {'': reward_conf50 })>
2019-11-20 22:25:04,329 - BDM-WAM 1574288698.5142279 - INFO - <Event(7-Rate {'': player_skill50 })>
2019-11-20 22:25:04,330 - BDM-WAM 1574288698.5142279 - INFO - <Event(9.1-True Hit {'pos': (433,336), 'window': None})>
2019-11-20 22:25:04,495 - BDM-WAM 1574288698.5142279 - INFO - <Event(3-KeyUp {'scancode': 3, 'window': None, 'mod': 0, 'key': 50})>
2019-11-20 22:25:04,688 - BDM-WAM 1574288698.5142279 - INFO - <Event(4-MouseMotion {'window': None, 'rel': (0, 1), 'buttons': (0, 0, 0), 'pos': (457, 303)})>
2019-11-20 22:25:04,704 - BDM-WAM 1574288698.5142279 - INFO - <Event(4-MouseMotion {'window': None, 'rel': (0, 16), 'buttons': (0, 0, 0), 'pos': (457, 319)})>
2019-11-20 22:25:04,721 - BDM-WAM 1574288698.5142279 - INFO - <Event(4-MouseMotion {'window': None, 'rel': (-6, 19), 'buttons': (0, 0, 0), 'pos': (451, 338)})>
2019-11-20 22:25:04,738 - BDM-WAM 1574288698.5142279 - INFO - <Event(4-MouseMotion {'window': None, 'rel': (-9, 18), 'buttons': (0, 0, 0), 'pos': (442, 356)})>
2019-11-20 22:25:04,782 - BDM-WAM 1574288698.5142279 - INFO - <Event(4-MouseMotion {'window': None, 'rel': (-9, 15), 'buttons': (0, 0, 0), 'pos': (433, 371)})>
2019-11-20 22:25:04,837 - BDM-WAM 1574288698.5142279 - INFO - <Event(4-MouseMotion {'window': None, 'rel': (-1, 1), 'buttons': (0, 0, 0), 'pos': (432, 372)})>
2019-11-20 22:25:04,853 - BDM-WAM 1574288698.5142279 - INFO - <Event(4-MouseMotion {'window': None, 'rel': (-1, 0), 'buttons': (0, 0, 0), 'pos': (431, 372)})>
2019-11-20 22:25:04,870 - BDM-WAM 1574288698.5142279 - INFO - <Event(4-MouseMotion {'window': None, 'rel': (-1, 1), 'buttons': (0, 0, 0), 'pos': (430, 373)})>
2019-11-20 22:25:04,970 - BDM-WAM 1574288698.5142279 - INFO - <Event(4-MouseMotion {'window': None, 'rel': (1, 1), 'buttons': (0, 0, 0), 'pos': (431, 374)})>
2019-11-20 22:25:04,987 - BDM-WAM 1574288698.5142279 - INFO - <Event(4-MouseMotion {'window': None, 'rel': (9, 4), 'buttons': (0, 0, 0), 'pos': (440, 378)})>
2019-11-20 22:25:05,003 - BDM-WAM 1574288698.5142279 - INFO - <Event(4-MouseMotion {'window': None, 'rel': (9, 5), 'buttons': (0, 0, 0), 'pos': (449, 383)})>
2019-11-20 22:25:05,020 - BDM-WAM 1574288698.5142279 - INFO - <Event(4-MouseMotion {'window': None, 'rel': (7, 4), 'buttons': (0, 0, 0), 'pos': (456, 387)})>
2019-11-20 22:25:05,036 - BDM-WAM 1574288698.5142279 - INFO - <Event(4-MouseMotion {'window': None, 'rel': (3, 2), 'buttons': (0, 0, 0), 'pos': (459, 389)})>
2019-11-20 22:25:05,053 - BDM-WAM 1574288698.5142279 - INFO - <Event(4-MouseMotion {'window': None, 'rel': (3, 2), 'buttons': (0, 0, 0), 'pos': (462, 391)})>
2019-11-20 22:25:05,069 - BDM-WAM 1574288698.5142279 - INFO - <Event(4-MouseMotion {'window': None, 'rel': (3, 3), 'buttons': (0, 0, 0), 'pos': (465, 394)})>
2019-11-20 22:25:05,085 - BDM-WAM 1574288698.5142279 - INFO - <Event(4-MouseMotion {'window': None, 'rel': (6, 4), 'buttons': (0, 0, 0), 'pos': (471, 398)})>
2019-11-20 22:25:05,101 - BDM-WAM 1574288698.5142279 - INFO - <Event(4-MouseMotion {'window': None, 'rel': (6, 6), 'buttons': (0, 0, 0), 'pos': (477, 404)})>
2019-11-20 22:25:05,119 - BDM-WAM 1574288698.5142279 - INFO - <Event(4-MouseMotion {'window': None, 'rel': (11, 14), 'buttons': (0, 0, 0), 'pos': (488, 418)})>
2019-11-20 22:25:05,135 - BDM-WAM 1574288698.5142279 - INFO - <Event(4-MouseMotion {'window': None, 'rel': (10, 15), 'buttons': (0, 0, 0), 'pos': (498, 433)})>
2019-11-20 22:25:05,151 - BDM-WAM 1574288698.5142279 - INFO - <Event(4-MouseMotion {'window': None, 'rel': (10, 15), 'buttons': (0, 0, 0), 'pos': (508, 448)})>
2019-11-20 22:25:05,168 - BDM-WAM 1574288698.5142279 - INFO - <Event(4-MouseMotion {'window': None, 'rel': (8, 12), 'buttons': (0, 0, 0), 'pos': (516, 460)})>
2019-11-20 22:25:05,185 - BDM-WAM 1574288698.5142279 - INFO - <Event(4-MouseMotion {'window': None, 'rel': (7, 10), 'buttons': (0, 0, 0), 'pos': (523, 470)})>
2019-11-20 22:25:05,202 - BDM-WAM 1574288698.5142279 - INFO - <Event(4-MouseMotion {'window': None, 'rel': (3, 5), 'buttons': (0, 0, 0), 'pos': (526, 475)})>
2019-11-20 22:25:05,218 - BDM-WAM 1574288698.5142279 - INFO - <Event(4-MouseMotion {'window': None, 'rel': (1, 2), 'buttons': (0, 0, 0), 'pos': (527, 477)})>
2019-11-20 22:25:05,251 - BDM-WAM 1574288698.5142279 - INFO - <Event(4-MouseMotion {'window': None, 'rel': (0, 1), 'buttons': (0, 0, 0), 'pos': (527, 478)})>
2019-11-20 22:25:05,354 - BDM-WAM 1574288698.5142279 - INFO - <Event(4-MouseMotion {'window': None, 'rel': (-5, -17), 'buttons': (0, 0, 0), 'pos': (522, 461)})>
2019-11-20 22:25:05,392 - BDM-WAM 1574288698.5142279 - INFO - <Event(4-MouseMotion {'window': None, 'rel': (-31, -73), 'buttons': (0, 0, 0), 'pos': (491, 388)})>
2019-11-20 22:25:05,410 - BDM-WAM 1574288698.5142279 - INFO - <Event(4-MouseMotion {'window': None, 'rel': (-3, -17), 'buttons': (0, 0, 0), 'pos': (488, 371)})>
2019-11-20 22:25:05,426 - BDM-WAM 1574288698.5142279 - INFO - <Event(4-MouseMotion {'window': None, 'rel': (0, -4), 'buttons': (0, 0, 0), 'pos': (488, 367)})>
2019-11-20 22:25:05,443 - BDM-WAM 1574288698.5142279 - INFO - <Event(4-MouseMotion {'window': None, 'rel': (0, -1), 'buttons': (0, 0, 0), 'pos': (488, 366)})>
2019-11-20 22:25:05,459 - BDM-WAM 1574288698.5142279 - INFO - <Event(4-MouseMotion {'window': None, 'rel': (1, -1), 'buttons': (0, 0, 0), 'pos': (489, 365)})>
2019-11-20 22:25:05,526 - BDM-WAM 1574288698.5142279 - INFO - <Event(4-MouseMotion {'window': None, 'rel': (5, -4), 'buttons': (0, 0, 0), 'pos': (494, 361)})>
2019-11-20 22:25:05,544 - BDM-WAM 1574288698.5142279 - INFO - <Event(4-MouseMotion {'window': None, 'rel': (35, -19), 'buttons': (0, 0, 0), 'pos': (529, 342)})>
2019-11-20 22:25:05,560 - BDM-WAM 1574288698.5142279 - INFO - <Event(4-MouseMotion {'window': None, 'rel': (45, -21), 'buttons': (0, 0, 0), 'pos': (574, 321)})>
2019-11-20 22:25:05,577 - BDM-WAM 1574288698.5142279 - INFO - <Event(4-MouseMotion {'window': None, 'rel': (40, -21), 'buttons': (0, 0, 0), 'pos': (614, 300)})>
2019-11-20 22:25:05,594 - BDM-WAM 1574288698.5142279 - INFO - <Event(4-MouseMotion {'window': None, 'rel': (38, -27), 'buttons': (0, 0, 0), 'pos': (652, 273)})>
2019-11-20 22:25:05,611 - BDM-WAM 1574288698.5142279 - INFO - <Event(4-MouseMotion {'window': None, 'rel': (15, -23), 'buttons': (0, 0, 0), 'pos': (667, 250)})>
2019-11-20 22:25:05,627 - BDM-WAM 1574288698.5142279 - INFO - <Event(4-MouseMotion {'window': None, 'rel': (1, -25), 'buttons': (0, 0, 0), 'pos': (668, 225)})>
2019-11-20 22:25:05,644 - BDM-WAM 1574288698.5142279 - INFO - <Event(4-MouseMotion {'window': None, 'rel': (-9, -28), 'buttons': (0, 0, 0), 'pos': (659, 197)})>
2019-11-20 22:25:05,661 - BDM-WAM 1574288698.5142279 - INFO - <Event(4-MouseMotion {'window': None, 'rel': (-15, -19), 'buttons': (0, 0, 0), 'pos': (644, 178)})>
2019-11-20 22:25:05,677 - BDM-WAM 1574288698.5142279 - INFO - <Event(4-MouseMotion {'window': None, 'rel': (-13, -12), 'buttons': (0, 0, 0), 'pos': (631, 166)})>
2019-11-20 22:25:05,694 - BDM-WAM 1574288698.5142279 - INFO - <Event(4-MouseMotion {'window': None, 'rel': (-7, -5), 'buttons': (0, 0, 0), 'pos': (624, 161)})>
2019-11-20 22:25:05,711 - BDM-WAM 1574288698.5142279 - INFO - <Event(4-MouseMotion {'window': None, 'rel': (-5, -4), 'buttons': (0, 0, 0), 'pos': (619, 157)})>
2019-11-20 22:25:05,728 - BDM-WAM 1574288698.5142279 - INFO - <Event(4-MouseMotion {'window': None, 'rel': (-7, -4), 'buttons': (0, 0, 0), 'pos': (612, 153)})>
2019-11-20 22:25:05,744 - BDM-WAM 1574288698.5142279 - INFO - <Event(4-MouseMotion {'window': None, 'rel': (-3, -3), 'buttons': (0, 0, 0), 'pos': (609, 150)})>
2019-11-20 22:25:05,878 - BDM-WAM 1574288698.5142279 - INFO - <Event(4-MouseMotion {'window': None, 'rel': (0, -1), 'buttons': (0, 0, 0), 'pos': (609, 149)})>
2019-11-20 22:25:05,895 - BDM-WAM 1574288698.5142279 - INFO - <Event(4-MouseMotion {'window': None, 'rel': (2, -10), 'buttons': (0, 0, 0), 'pos': (611, 139)})>
2019-11-20 22:25:05,912 - BDM-WAM 1574288698.5142279 - INFO - <Event(4-MouseMotion {'window': None, 'rel': (11, -23), 'buttons': (0, 0, 0), 'pos': (622, 116)})>
2019-11-20 22:25:05,929 - BDM-WAM 1574288698.5142279 - INFO - <Event(4-MouseMotion {'window': None, 'rel': (21, -35), 'buttons': (0, 0, 0), 'pos': (643, 81)})>
2019-11-20 22:25:05,946 - BDM-WAM 1574288698.5142279 - INFO - <Event(4-MouseMotion {'window': None, 'rel': (16, -24), 'buttons': (0, 0, 0), 'pos': (659, 57)})>
2019-11-20 22:25:05,962 - BDM-WAM 1574288698.5142279 - INFO - <Event(4-MouseMotion {'window': None, 'rel': (10, -19), 'buttons': (0, 0, 0), 'pos': (669, 38)})>
2019-11-20 22:25:05,980 - BDM-WAM 1574288698.5142279 - INFO - <Event(4-MouseMotion {'window': None, 'rel': (5, -10), 'buttons': (0, 0, 0), 'pos': (674, 28)})>
2019-11-20 22:25:05,997 - BDM-WAM 1574288698.5142279 - INFO - <Event(4-MouseMotion {'window': None, 'rel': (4, -8), 'buttons': (0, 0, 0), 'pos': (678, 20)})>
2019-11-20 22:25:06,014 - BDM-WAM 1574288698.5142279 - INFO - <Event(4-MouseMotion {'window': None, 'rel': (0, -1), 'buttons': (0, 0, 0), 'pos': (678, 19)})>
2019-11-20 22:25:06,078 - BDM-WAM 1574288698.5142279 - INFO - <Event(5-MouseButtonDown {'window': None, 'button': 1, 'pos': (678, 19)})>
2019-11-20 22:25:06,174 - BDM-WAM 1574288698.5142279 - INFO - <Event(4-MouseMotion {'window': None, 'rel': (-2, 3), 'buttons': (1, 0, 0), 'pos': (676, 22)})>
2019-11-20 22:25:06,190 - BDM-WAM 1574288698.5142279 - INFO - <Event(6-MouseButtonUp {'window': None, 'button': 1, 'pos': (674, 24)})>
2019-11-20 22:25:06,190 - BDM-WAM 1574288698.5142279 - INFO - <Event(4-MouseMotion {'window': None, 'rel': (-4, 4), 'buttons': (0, 0, 0), 'pos': (670, 28)})>
2019-11-20 22:25:06,206 - BDM-WAM 1574288698.5142279 - INFO - <Event(4-MouseMotion {'window': None, 'rel': (-9, 7), 'buttons': (0, 0, 0), 'pos': (661, 35)})>
2019-11-20 22:25:06,224 - BDM-WAM 1574288698.5142279 - INFO - <Event(4-MouseMotion {'window': None, 'rel': (-10, 6), 'buttons': (0, 0, 0), 'pos': (651, 41)})>
2019-11-20 22:25:06,240 - BDM-WAM 1574288698.5142279 - INFO - <Event(4-MouseMotion {'window': None, 'rel': (-9, 6), 'buttons': (0, 0, 0), 'pos': (642, 47)})>
2019-11-20 22:25:06,257 - BDM-WAM 1574288698.5142279 - INFO - <Event(4-MouseMotion {'window': None, 'rel': (-7, 5), 'buttons': (0, 0, 0), 'pos': (635, 52)})>
2019-11-20 22:25:06,273 - BDM-WAM 1574288698.5142279 - INFO - <Event(4-MouseMotion {'window': None, 'rel': (-5, 4), 'buttons': (0, 0, 0), 'pos': (630, 56)})>
2019-11-20 22:25:06,289 - BDM-WAM 1574288698.5142279 - INFO - <Event(4-MouseMotion {'window': None, 'rel': (-4, 3), 'buttons': (0, 0, 0), 'pos': (626, 59)})>
2019-11-20 22:25:06,306 - BDM-WAM 1574288698.5142279 - INFO - <Event(4-MouseMotion {'window': None, 'rel': (-1, 1), 'buttons': (0, 0, 0), 'pos': (625, 60)})>
2019-11-20 22:25:06,372 - BDM-WAM 1574288698.5142279 - INFO - <Event(5-MouseButtonDown {'window': None, 'button': 1, 'pos': (625, 60)})>
2019-11-20 22:25:06,372 - BDM-WAM 1574288698.5142279 - INFO - <Event(8-Pause {'reason': <bound method GameManager.pause of <game.GameManager object at 0x000001EC8A5D7C18>> })>
2019-11-20 22:25:06,886 - BDM-WAM 1574288698.5142279 - INFO - <Event(7-Rate {'': hit_conf50 })>
2019-11-20 22:25:07,115 - BDM-WAM 1574288698.5142279 - INFO - <Event(7-Rate {'': reward_conf50 })>
2019-11-20 22:25:07,376 - BDM-WAM 1574288698.5142279 - INFO - <Event(7-Rate {'': player_skill50 })>
2019-11-20 22:25:07,377 - BDM-WAM 1574288698.5142279 - INFO - <Event(9.2-Fake Miss {'pos': (625,60), 'window': None})>
2019-11-20 22:25:07,547 - BDM-WAM 1574288698.5142279 - INFO - <Event(3-KeyUp {'scancode': 3, 'window': None, 'mod': 0, 'key': 50})>
2019-11-20 22:25:07,548 - BDM-WAM 1574288698.5142279 - INFO - <Event(4-MouseMotion {'window': None, 'rel': (-1, 5), 'buttons': (0, 0, 0), 'pos': (629, 82)})>
2019-11-20 22:25:07,563 - BDM-WAM 1574288698.5142279 - INFO - <Event(4-MouseMotion {'window': None, 'rel': (-2, 6), 'buttons': (0, 0, 0), 'pos': (627, 88)})>
2019-11-20 22:25:07,580 - BDM-WAM 1574288698.5142279 - INFO - <Event(4-MouseMotion {'window': None, 'rel': (-1, 7), 'buttons': (0, 0, 0), 'pos': (626, 95)})>
2019-11-20 22:25:07,625 - BDM-WAM 1574288698.5142279 - INFO - <Event(4-MouseMotion {'window': None, 'rel': (-5, 21), 'buttons': (0, 0, 0), 'pos': (621, 116)})>
2019-11-20 22:25:07,663 - BDM-WAM 1574288698.5142279 - INFO - <Event(4-MouseMotion {'window': None, 'rel': (-4, 19), 'buttons': (0, 0, 0), 'pos': (617, 135)})>
2019-11-20 22:25:07,678 - BDM-WAM 1574288698.5142279 - INFO - <Event(4-MouseMotion {'window': None, 'rel': (-3, 9), 'buttons': (0, 0, 0), 'pos': (614, 144)})>
2019-11-20 22:25:07,694 - BDM-WAM 1574288698.5142279 - INFO - <Event(4-MouseMotion {'window': None, 'rel': (-2, 11), 'buttons': (0, 0, 0), 'pos': (612, 155)})>
2019-11-20 22:25:07,711 - BDM-WAM 1574288698.5142279 - INFO - <Event(4-MouseMotion {'window': None, 'rel': (-2, 10), 'buttons': (0, 0, 0), 'pos': (610, 165)})>
2019-11-20 22:25:07,727 - BDM-WAM 1574288698.5142279 - INFO - <Event(4-MouseMotion {'window': None, 'rel': (0, 9), 'buttons': (0, 0, 0), 'pos': (610, 174)})>
2019-11-20 22:25:07,761 - BDM-WAM 1574288698.5142279 - INFO - <Event(4-MouseMotion {'window': None, 'rel': (0, 1), 'buttons': (0, 0, 0), 'pos': (610, 175)})>
2019-11-20 22:25:07,778 - BDM-WAM 1574288698.5142279 - INFO - <Event(4-MouseMotion {'window': None, 'rel': (0, 3), 'buttons': (0, 0, 0), 'pos': (610, 178)})>
2019-11-20 22:25:07,795 - BDM-WAM 1574288698.5142279 - INFO - <Event(4-MouseMotion {'window': None, 'rel': (-1, 4), 'buttons': (0, 0, 0), 'pos': (609, 182)})>
2019-11-20 22:25:07,811 - BDM-WAM 1574288698.5142279 - INFO - <Event(4-MouseMotion {'window': None, 'rel': (-2, 9), 'buttons': (0, 0, 0), 'pos': (607, 191)})>
2019-11-20 22:25:07,828 - BDM-WAM 1574288698.5142279 - INFO - <Event(4-MouseMotion {'window': None, 'rel': (0, 9), 'buttons': (0, 0, 0), 'pos': (607, 200)})>
2019-11-20 22:25:07,844 - BDM-WAM 1574288698.5142279 - INFO - <Event(4-MouseMotion {'window': None, 'rel': (-2, 9), 'buttons': (0, 0, 0), 'pos': (605, 209)})>
2019-11-20 22:25:07,861 - BDM-WAM 1574288698.5142279 - INFO - <Event(4-MouseMotion {'window': None, 'rel': (-4, 9), 'buttons': (0, 0, 0), 'pos': (601, 218)})>
2019-11-20 22:25:07,878 - BDM-WAM 1574288698.5142279 - INFO - <Event(4-MouseMotion {'window': None, 'rel': (-4, 7), 'buttons': (0, 0, 0), 'pos': (597, 225)})>
2019-11-20 22:25:07,895 - BDM-WAM 1574288698.5142279 - INFO - <Event(4-MouseMotion {'window': None, 'rel': (-5, 7), 'buttons': (0, 0, 0), 'pos': (592, 232)})>
2019-11-20 22:25:07,911 - BDM-WAM 1574288698.5142279 - INFO - <Event(4-MouseMotion {'window': None, 'rel': (-6, 7), 'buttons': (0, 0, 0), 'pos': (586, 239)})>
2019-11-20 22:25:07,927 - BDM-WAM 1574288698.5142279 - INFO - <Event(4-MouseMotion {'window': None, 'rel': (-8, 8), 'buttons': (0, 0, 0), 'pos': (578, 247)})>
2019-11-20 22:25:07,943 - BDM-WAM 1574288698.5142279 - INFO - <Event(4-MouseMotion {'window': None, 'rel': (-11, 10), 'buttons': (0, 0, 0), 'pos': (567, 257)})>
2019-11-20 22:25:07,961 - BDM-WAM 1574288698.5142279 - INFO - <Event(4-MouseMotion {'window': None, 'rel': (-13, 11), 'buttons': (0, 0, 0), 'pos': (554, 268)})>
2019-11-20 22:25:07,977 - BDM-WAM 1574288698.5142279 - INFO - <Event(4-MouseMotion {'window': None, 'rel': (-11, 6), 'buttons': (0, 0, 0), 'pos': (543, 274)})>
2019-11-20 22:25:07,994 - BDM-WAM 1574288698.5142279 - INFO - <Event(4-MouseMotion {'window': None, 'rel': (-8, 4), 'buttons': (0, 0, 0), 'pos': (535, 278)})>
2019-11-20 22:25:08,011 - BDM-WAM 1574288698.5142279 - INFO - <Event(4-MouseMotion {'window': None, 'rel': (-6, 3), 'buttons': (0, 0, 0), 'pos': (529, 281)})>
2019-11-20 22:25:08,027 - BDM-WAM 1574288698.5142279 - INFO - <Event(4-MouseMotion {'window': None, 'rel': (-6, 3), 'buttons': (0, 0, 0), 'pos': (523, 284)})>
2019-11-20 22:25:08,043 - BDM-WAM 1574288698.5142279 - INFO - <Event(4-MouseMotion {'window': None, 'rel': (-8, 3), 'buttons': (0, 0, 0), 'pos': (515, 287)})>
2019-11-20 22:25:08,060 - BDM-WAM 1574288698.5142279 - INFO - <Event(4-MouseMotion {'window': None, 'rel': (-8, 2), 'buttons': (0, 0, 0), 'pos': (507, 289)})>
2019-11-20 22:25:08,077 - BDM-WAM 1574288698.5142279 - INFO - <Event(4-MouseMotion {'window': None, 'rel': (-6, 4), 'buttons': (0, 0, 0), 'pos': (501, 293)})>
2019-11-20 22:25:08,093 - BDM-WAM 1574288698.5142279 - INFO - <Event(4-MouseMotion {'window': None, 'rel': (-7, 3), 'buttons': (0, 0, 0), 'pos': (494, 296)})>
2019-11-20 22:25:08,131 - BDM-WAM 1574288698.5142279 - INFO - <Event(4-MouseMotion {'window': None, 'rel': (-11, 8), 'buttons': (0, 0, 0), 'pos': (483, 304)})>
2019-11-20 22:25:08,148 - BDM-WAM 1574288698.5142279 - INFO - <Event(4-MouseMotion {'window': None, 'rel': (-5, 4), 'buttons': (0, 0, 0), 'pos': (478, 308)})>
2019-11-20 22:25:08,165 - BDM-WAM 1574288698.5142279 - INFO - <Event(4-MouseMotion {'window': None, 'rel': (-4, 4), 'buttons': (0, 0, 0), 'pos': (474, 312)})>
2019-11-20 22:25:08,182 - BDM-WAM 1574288698.5142279 - INFO - <Event(4-MouseMotion {'window': None, 'rel': (-3, 5), 'buttons': (0, 0, 0), 'pos': (471, 317)})>
2019-11-20 22:25:08,198 - BDM-WAM 1574288698.5142279 - INFO - <Event(4-MouseMotion {'window': None, 'rel': (-6, 11), 'buttons': (0, 0, 0), 'pos': (465, 328)})>
2019-11-20 22:25:08,242 - BDM-WAM 1574288698.5142279 - INFO - <Event(4-MouseMotion {'window': None, 'rel': (-14, 38), 'buttons': (0, 0, 0), 'pos': (451, 366)})>
2019-11-20 22:25:08,259 - BDM-WAM 1574288698.5142279 - INFO - <Event(4-MouseMotion {'window': None, 'rel': (-2, 7), 'buttons': (0, 0, 0), 'pos': (449, 373)})>
2019-11-20 22:25:08,275 - BDM-WAM 1574288698.5142279 - INFO - <Event(4-MouseMotion {'window': None, 'rel': (-2, 6), 'buttons': (0, 0, 0), 'pos': (447, 379)})>
2019-11-20 22:25:08,292 - BDM-WAM 1574288698.5142279 - INFO - <Event(4-MouseMotion {'window': None, 'rel': (-1, 3), 'buttons': (0, 0, 0), 'pos': (446, 382)})>
2019-11-20 22:25:08,308 - BDM-WAM 1574288698.5142279 - INFO - <Event(4-MouseMotion {'window': None, 'rel': (-1, 0), 'buttons': (0, 0, 0), 'pos': (445, 382)})>
2019-11-20 22:25:08,351 - BDM-WAM 1574288698.5142279 - INFO - <Event(4-MouseMotion {'window': None, 'rel': (-1, 2), 'buttons': (0, 0, 0), 'pos': (444, 384)})>
2019-11-20 22:25:08,367 - BDM-WAM 1574288698.5142279 - INFO - <Event(4-MouseMotion {'window': None, 'rel': (-3, 4), 'buttons': (0, 0, 0), 'pos': (441, 388)})>
2019-11-20 22:25:08,384 - BDM-WAM 1574288698.5142279 - INFO - <Event(4-MouseMotion {'window': None, 'rel': (-4, 12), 'buttons': (0, 0, 0), 'pos': (437, 400)})>
2019-11-20 22:25:08,401 - BDM-WAM 1574288698.5142279 - INFO - <Event(4-MouseMotion {'window': None, 'rel': (-4, 14), 'buttons': (0, 0, 0), 'pos': (433, 414)})>
2019-11-20 22:25:08,417 - BDM-WAM 1574288698.5142279 - INFO - <Event(4-MouseMotion {'window': None, 'rel': (0, 28), 'buttons': (0, 0, 0), 'pos': (433, 442)})>
2019-11-20 22:25:08,434 - BDM-WAM 1574288698.5142279 - INFO - <Event(4-MouseMotion {'window': None, 'rel': (6, 24), 'buttons': (0, 0, 0), 'pos': (439, 466)})>
2019-11-20 22:25:08,450 - BDM-WAM 1574288698.5142279 - INFO - <Event(4-MouseMotion {'window': None, 'rel': (6, 14), 'buttons': (0, 0, 0), 'pos': (445, 480)})>
2019-11-20 22:25:08,467 - BDM-WAM 1574288698.5142279 - INFO - <Event(4-MouseMotion {'window': None, 'rel': (4, 6), 'buttons': (0, 0, 0), 'pos': (449, 486)})>
2019-11-20 22:25:08,483 - BDM-WAM 1574288698.5142279 - INFO - <Event(4-MouseMotion {'window': None, 'rel': (1, 1), 'buttons': (0, 0, 0), 'pos': (450, 487)})>
2019-11-20 22:25:08,878 - BDM-WAM 1574288698.5142279 - INFO - <Event(5-MouseButtonDown {'window': None, 'button': 1, 'pos': (450, 487)})>
2019-11-20 22:25:09,043 - BDM-WAM 1574288698.5142279 - INFO - <Event(6-MouseButtonUp {'window': None, 'button': 1, 'pos': (450, 487)})>
2019-11-20 22:25:09,142 - BDM-WAM 1574288698.5142279 - INFO - <Event(5-MouseButtonDown {'window': None, 'button': 1, 'pos': (450, 487)})>
2019-11-20 22:25:09,142 - BDM-WAM 1574288698.5142279 - INFO - <Event(8-Pause {'reason': <bound method GameManager.pause of <game.GameManager object at 0x000001EC8A5D7C18>> })>
2019-11-20 22:25:09,653 - BDM-WAM 1574288698.5142279 - INFO - <Event(7-Rate {'': hit_conf50 })>
2019-11-20 22:25:09,885 - BDM-WAM 1574288698.5142279 - INFO - <Event(7-Rate {'': reward_conf50 })>
2019-11-20 22:25:10,091 - BDM-WAM 1574288698.5142279 - INFO - <Event(7-Rate {'': player_skill50 })>
2019-11-20 22:25:10,092 - BDM-WAM 1574288698.5142279 - INFO - <Event(9.2-Fake Miss {'pos': (450,487), 'window': None})>
2019-11-20 22:25:10,236 - BDM-WAM 1574288698.5142279 - INFO - <Event(3-KeyUp {'scancode': 3, 'window': None, 'mod': 0, 'key': 50})>
2019-11-20 22:25:10,341 - BDM-WAM 1574288698.5142279 - INFO - <Event(4-MouseMotion {'window': None, 'rel': (1, 8), 'buttons': (0, 0, 0), 'pos': (451, 495)})>
2019-11-20 22:25:10,361 - BDM-WAM 1574288698.5142279 - INFO - <Event(4-MouseMotion {'window': None, 'rel': (1, 0), 'buttons': (0, 0, 0), 'pos': (452, 495)})>
2019-11-20 22:25:10,377 - BDM-WAM 1574288698.5142279 - INFO - <Event(4-MouseMotion {'window': None, 'rel': (0, 1), 'buttons': (0, 0, 0), 'pos': (452, 496)})>
2019-11-20 22:25:10,477 - BDM-WAM 1574288698.5142279 - INFO - <Event(4-MouseMotion {'window': None, 'rel': (1, 0), 'buttons': (0, 0, 0), 'pos': (453, 496)})>
2019-11-20 22:25:10,494 - BDM-WAM 1574288698.5142279 - INFO - <Event(4-MouseMotion {'window': None, 'rel': (8, 1), 'buttons': (0, 0, 0), 'pos': (461, 497)})>
2019-11-20 22:25:10,511 - BDM-WAM 1574288698.5142279 - INFO - <Event(4-MouseMotion {'window': None, 'rel': (10, 2), 'buttons': (0, 0, 0), 'pos': (471, 499)})>
2019-11-20 22:25:10,528 - BDM-WAM 1574288698.5142279 - INFO - <Event(4-MouseMotion {'window': None, 'rel': (8, 1), 'buttons': (0, 0, 0), 'pos': (479, 500)})>
2019-11-20 22:25:10,545 - BDM-WAM 1574288698.5142279 - INFO - <Event(4-MouseMotion {'window': None, 'rel': (4, 0), 'buttons': (0, 0, 0), 'pos': (483, 500)})>
2019-11-20 22:25:10,562 - BDM-WAM 1574288698.5142279 - INFO - <Event(4-MouseMotion {'window': None, 'rel': (1, 0), 'buttons': (0, 0, 0), 'pos': (484, 500)})>
2019-11-20 22:25:10,678 - BDM-WAM 1574288698.5142279 - INFO - <Event(4-MouseMotion {'window': None, 'rel': (0, 2), 'buttons': (0, 0, 0), 'pos': (484, 502)})>
2019-11-20 22:25:10,694 - BDM-WAM 1574288698.5142279 - INFO - <Event(4-MouseMotion {'window': None, 'rel': (-4, 10), 'buttons': (0, 0, 0), 'pos': (480, 512)})>
2019-11-20 22:25:10,711 - BDM-WAM 1574288698.5142279 - INFO - <Event(4-MouseMotion {'window': None, 'rel': (-4, 5), 'buttons': (0, 0, 0), 'pos': (476, 517)})>
2019-11-20 22:25:10,727 - BDM-WAM 1574288698.5142279 - INFO - <Event(4-MouseMotion {'window': None, 'rel': (-3, 3), 'buttons': (0, 0, 0), 'pos': (473, 520)})>
2019-11-20 22:25:10,745 - BDM-WAM 1574288698.5142279 - INFO - <Event(4-MouseMotion {'window': None, 'rel': (-7, 3), 'buttons': (0, 0, 0), 'pos': (466, 523)})>
2019-11-20 22:25:10,761 - BDM-WAM 1574288698.5142279 - INFO - <Event(4-MouseMotion {'window': None, 'rel': (-15, 2), 'buttons': (0, 0, 0), 'pos': (451, 525)})>
2019-11-20 22:25:10,778 - BDM-WAM 1574288698.5142279 - INFO - <Event(4-MouseMotion {'window': None, 'rel': (-16, 0), 'buttons': (0, 0, 0), 'pos': (435, 525)})>
2019-11-20 22:25:10,794 - BDM-WAM 1574288698.5142279 - INFO - <Event(4-MouseMotion {'window': None, 'rel': (-13, -3), 'buttons': (0, 0, 0), 'pos': (422, 522)})>
2019-11-20 22:25:10,811 - BDM-WAM 1574288698.5142279 - INFO - <Event(4-MouseMotion {'window': None, 'rel': (-15, -10), 'buttons': (0, 0, 0), 'pos': (407, 512)})>
2019-11-20 22:25:10,852 - BDM-WAM 1574288698.5142279 - INFO - <Event(4-MouseMotion {'window': None, 'rel': (-42, -93), 'buttons': (0, 0, 0), 'pos': (365, 419)})>
2019-11-20 22:25:10,857 - BDM-WAM 1574288698.5142279 - INFO - <Event(4-MouseMotion {'window': None, 'rel': (-4, -11), 'buttons': (0, 0, 0), 'pos': (361, 408)})>
2019-11-20 22:25:10,872 - BDM-WAM 1574288698.5142279 - INFO - <Event(4-MouseMotion {'window': None, 'rel': (-7, -32), 'buttons': (0, 0, 0), 'pos': (354, 376)})>
2019-11-20 22:25:10,888 - BDM-WAM 1574288698.5142279 - INFO - <Event(4-MouseMotion {'window': None, 'rel': (-4, -31), 'buttons': (0, 0, 0), 'pos': (350, 345)})>
2019-11-20 22:25:10,906 - BDM-WAM 1574288698.5142279 - INFO - <Event(4-MouseMotion {'window': None, 'rel': (-2, -20), 'buttons': (0, 0, 0), 'pos': (348, 325)})>
2019-11-20 22:25:10,922 - BDM-WAM 1574288698.5142279 - INFO - <Event(4-MouseMotion {'window': None, 'rel': (0, -7), 'buttons': (0, 0, 0), 'pos': (348, 318)})>
2019-11-20 22:25:10,965 - BDM-WAM 1574288698.5142279 - INFO - <Event(4-MouseMotion {'window': None, 'rel': (5, -9), 'buttons': (0, 0, 0), 'pos': (353, 309)})>
2019-11-20 22:25:10,983 - BDM-WAM 1574288698.5142279 - INFO - <Event(4-MouseMotion {'window': None, 'rel': (5, -4), 'buttons': (0, 0, 0), 'pos': (358, 305)})>
2019-11-20 22:25:11,000 - BDM-WAM 1574288698.5142279 - INFO - <Event(4-MouseMotion {'window': None, 'rel': (11, -6), 'buttons': (0, 0, 0), 'pos': (369, 299)})>
2019-11-20 22:25:11,017 - BDM-WAM 1574288698.5142279 - INFO - <Event(4-MouseMotion {'window': None, 'rel': (14, -6), 'buttons': (0, 0, 0), 'pos': (383, 293)})>
2019-11-20 22:25:11,033 - BDM-WAM 1574288698.5142279 - INFO - <Event(4-MouseMotion {'window': None, 'rel': (13, -5), 'buttons': (0, 0, 0), 'pos': (396, 288)})>
2019-11-20 22:25:11,076 - BDM-WAM 1574288698.5142279 - INFO - <Event(4-MouseMotion {'window': None, 'rel': (21, -10), 'buttons': (0, 0, 0), 'pos': (417, 278)})>
2019-11-20 22:25:11,077 - BDM-WAM 1574288698.5142279 - INFO - <Event(4-MouseMotion {'window': None, 'rel': (3, -2), 'buttons': (0, 0, 0), 'pos': (420, 276)})>
2019-11-20 22:25:11,095 - BDM-WAM 1574288698.5142279 - INFO - <Event(4-MouseMotion {'window': None, 'rel': (17, -6), 'buttons': (0, 0, 0), 'pos': (437, 270)})>
2019-11-20 22:25:11,110 - BDM-WAM 1574288698.5142279 - INFO - <Event(4-MouseMotion {'window': None, 'rel': (13, -3), 'buttons': (0, 0, 0), 'pos': (450, 267)})>
2019-11-20 22:25:11,126 - BDM-WAM 1574288698.5142279 - INFO - <Event(4-MouseMotion {'window': None, 'rel': (4, -1), 'buttons': (0, 0, 0), 'pos': (454, 266)})>
2019-11-20 22:25:11,141 - BDM-WAM 1574288698.5142279 - INFO - <Event(4-MouseMotion {'window': None, 'rel': (1, 0), 'buttons': (0, 0, 0), 'pos': (455, 266)})>
2019-11-20 22:25:11,158 - BDM-WAM 1574288698.5142279 - INFO - <Event(4-MouseMotion {'window': None, 'rel': (0, 1), 'buttons': (0, 0, 0), 'pos': (455, 267)})>
2019-11-20 22:25:11,174 - BDM-WAM 1574288698.5142279 - INFO - <Event(4-MouseMotion {'window': None, 'rel': (0, 21), 'buttons': (0, 0, 0), 'pos': (455, 288)})>
2019-11-20 22:25:11,190 - BDM-WAM 1574288698.5142279 - INFO - <Event(4-MouseMotion {'window': None, 'rel': (-1, 25), 'buttons': (0, 0, 0), 'pos': (454, 313)})>
2019-11-20 22:25:11,207 - BDM-WAM 1574288698.5142279 - INFO - <Event(4-MouseMotion {'window': None, 'rel': (-2, 27), 'buttons': (0, 0, 0), 'pos': (452, 340)})>
2019-11-20 22:25:11,223 - BDM-WAM 1574288698.5142279 - INFO - <Event(4-MouseMotion {'window': None, 'rel': (-1, 14), 'buttons': (0, 0, 0), 'pos': (451, 354)})>
2019-11-20 22:25:11,240 - BDM-WAM 1574288698.5142279 - INFO - <Event(4-MouseMotion {'window': None, 'rel': (-1, 7), 'buttons': (0, 0, 0), 'pos': (450, 361)})>
2019-11-20 22:25:11,257 - BDM-WAM 1574288698.5142279 - INFO - <Event(4-MouseMotion {'window': None, 'rel': (0, 4), 'buttons': (0, 0, 0), 'pos': (450, 365)})>
2019-11-20 22:25:11,387 - BDM-WAM 1574288698.5142279 - INFO - <Event(5-MouseButtonDown {'window': None, 'button': 1, 'pos': (450, 365)})>
2019-11-20 22:25:11,486 - BDM-WAM 1574288698.5142279 - INFO - <Event(6-MouseButtonUp {'window': None, 'button': 1, 'pos': (450, 365)})>
2019-11-20 22:25:11,585 - BDM-WAM 1574288698.5142279 - INFO - <Event(5-MouseButtonDown {'window': None, 'button': 1, 'pos': (450, 365)})>
2019-11-20 22:25:11,586 - BDM-WAM 1574288698.5142279 - INFO - <Event(8-Pause {'reason': <bound method GameManager.pause of <game.GameManager object at 0x000001EC8A5D7C18>> })>
2019-11-20 22:25:12,321 - BDM-WAM 1574288698.5142279 - INFO - <Event(7-Rate {'': hit_conf50 })>
2019-11-20 22:25:12,538 - BDM-WAM 1574288698.5142279 - INFO - <Event(7-Rate {'': reward_conf50 })>
2019-11-20 22:25:12,735 - BDM-WAM 1574288698.5142279 - INFO - <Event(7-Rate {'': player_skill50 })>
2019-11-20 22:25:12,735 - BDM-WAM 1574288698.5142279 - INFO - <Event(9.2-Fake Miss {'pos': (450,365), 'window': None})>
2019-11-20 22:25:12,882 - BDM-WAM 1574288698.5142279 - INFO - <Event(3-KeyUp {'scancode': 3, 'window': None, 'mod': 0, 'key': 50})>
2019-11-20 22:25:13,252 - BDM-WAM 1574288698.5142279 - INFO - <Event(4-MouseMotion {'window': None, 'rel': (2, 0), 'buttons': (0, 0, 0), 'pos': (452, 364)})>
2019-11-20 22:25:13,268 - BDM-WAM 1574288698.5142279 - INFO - <Event(4-MouseMotion {'window': None, 'rel': (21, 5), 'buttons': (0, 0, 0), 'pos': (473, 369)})>
2019-11-20 22:25:13,285 - BDM-WAM 1574288698.5142279 - INFO - <Event(4-MouseMotion {'window': None, 'rel': (52, 11), 'buttons': (0, 0, 0), 'pos': (525, 380)})>
2019-11-20 22:25:13,302 - BDM-WAM 1574288698.5142279 - INFO - <Event(4-MouseMotion {'window': None, 'rel': (23, 5), 'buttons': (0, 0, 0), 'pos': (548, 385)})>
2019-11-20 22:25:13,318 - BDM-WAM 1574288698.5142279 - INFO - <Event(4-MouseMotion {'window': None, 'rel': (15, 2), 'buttons': (0, 0, 0), 'pos': (563, 387)})>
2019-11-20 22:25:13,335 - BDM-WAM 1574288698.5142279 - INFO - <Event(4-MouseMotion {'window': None, 'rel': (6, 3), 'buttons': (0, 0, 0), 'pos': (569, 390)})>
2019-11-20 22:25:13,351 - BDM-WAM 1574288698.5142279 - INFO - <Event(4-MouseMotion {'window': None, 'rel': (1, 0), 'buttons': (0, 0, 0), 'pos': (570, 390)})>
2019-11-20 22:25:13,491 - BDM-WAM 1574288698.5142279 - INFO - <Event(4-MouseMotion {'window': None, 'rel': (4, 3), 'buttons': (0, 0, 0), 'pos': (574, 393)})>
2019-11-20 22:25:13,508 - BDM-WAM 1574288698.5142279 - INFO - <Event(4-MouseMotion {'window': None, 'rel': (2, 2), 'buttons': (0, 0, 0), 'pos': (576, 395)})>
2019-11-20 22:25:13,525 - BDM-WAM 1574288698.5142279 - INFO - <Event(4-MouseMotion {'window': None, 'rel': (3, 2), 'buttons': (0, 0, 0), 'pos': (579, 397)})>
2019-11-20 22:25:13,541 - BDM-WAM 1574288698.5142279 - INFO - <Event(4-MouseMotion {'window': None, 'rel': (5, 2), 'buttons': (0, 0, 0), 'pos': (584, 399)})>
2019-11-20 22:25:13,558 - BDM-WAM 1574288698.5142279 - INFO - <Event(4-MouseMotion {'window': None, 'rel': (5, 2), 'buttons': (0, 0, 0), 'pos': (589, 401)})>
2019-11-20 22:25:13,601 - BDM-WAM 1574288698.5142279 - INFO - <Event(4-MouseMotion {'window': None, 'rel': (5, 4), 'buttons': (0, 0, 0), 'pos': (594, 405)})>
2019-11-20 22:25:13,603 - BDM-WAM 1574288698.5142279 - INFO - <Event(4-MouseMotion {'window': None, 'rel': (1, 0), 'buttons': (0, 0, 0), 'pos': (595, 405)})>
2019-11-20 22:25:13,619 - BDM-WAM 1574288698.5142279 - INFO - <Event(4-MouseMotion {'window': None, 'rel': (2, 2), 'buttons': (0, 0, 0), 'pos': (597, 407)})>
2019-11-20 22:25:13,636 - BDM-WAM 1574288698.5142279 - INFO - <Event(4-MouseMotion {'window': None, 'rel': (1, 2), 'buttons': (0, 0, 0), 'pos': (598, 409)})>
2019-11-20 22:25:13,653 - BDM-WAM 1574288698.5142279 - INFO - <Event(4-MouseMotion {'window': None, 'rel': (1, 3), 'buttons': (0, 0, 0), 'pos': (599, 412)})>
2019-11-20 22:25:13,670 - BDM-WAM 1574288698.5142279 - INFO - <Event(4-MouseMotion {'window': None, 'rel': (2, 2), 'buttons': (0, 0, 0), 'pos': (601, 414)})>
2019-11-20 22:25:13,711 - BDM-WAM 1574288698.5142279 - INFO - <Event(4-MouseMotion {'window': None, 'rel': (1, 6), 'buttons': (0, 0, 0), 'pos': (602, 420)})>
2019-11-20 22:25:13,728 - BDM-WAM 1574288698.5142279 - INFO - <Event(4-MouseMotion {'window': None, 'rel': (1, 0), 'buttons': (0, 0, 0), 'pos': (603, 420)})>
2019-11-20 22:25:13,860 - BDM-WAM 1574288698.5142279 - INFO - <Event(4-MouseMotion {'window': None, 'rel': (-3, 0), 'buttons': (0, 0, 0), 'pos': (600, 420)})>
2019-11-20 22:25:13,877 - BDM-WAM 1574288698.5142279 - INFO - <Event(4-MouseMotion {'window': None, 'rel': (-19, -1), 'buttons': (0, 0, 0), 'pos': (581, 419)})>
2019-11-20 22:25:13,893 - BDM-WAM 1574288698.5142279 - INFO - <Event(4-MouseMotion {'window': None, 'rel': (-54, -22), 'buttons': (0, 0, 0), 'pos': (527, 397)})>
2019-11-20 22:25:13,911 - BDM-WAM 1574288698.5142279 - INFO - <Event(4-MouseMotion {'window': None, 'rel': (-59, -27), 'buttons': (0, 0, 0), 'pos': (468, 370)})>
2019-11-20 22:25:13,926 - BDM-WAM 1574288698.5142279 - INFO - <Event(4-MouseMotion {'window': None, 'rel': (-28, -12), 'buttons': (0, 0, 0), 'pos': (440, 358)})>
2019-11-20 22:25:13,942 - BDM-WAM 1574288698.5142279 - INFO - <Event(4-MouseMotion {'window': None, 'rel': (-10, -6), 'buttons': (0, 0, 0), 'pos': (430, 352)})>
2019-11-20 22:25:13,959 - BDM-WAM 1574288698.5142279 - INFO - <Event(4-MouseMotion {'window': None, 'rel': (0, -1), 'buttons': (0, 0, 0), 'pos': (430, 351)})>
2019-11-20 22:25:14,189 - BDM-WAM 1574288698.5142279 - INFO - <Event(5-MouseButtonDown {'window': None, 'button': 1, 'pos': (430, 351)})>
2019-11-20 22:25:14,273 - BDM-WAM 1574288698.5142279 - INFO - <Event(6-MouseButtonUp {'window': None, 'button': 1, 'pos': (430, 351)})>
2019-11-20 22:25:14,357 - BDM-WAM 1574288698.5142279 - INFO - <Event(5-MouseButtonDown {'window': None, 'button': 1, 'pos': (430, 351)})>
2019-11-20 22:25:14,357 - BDM-WAM 1574288698.5142279 - INFO - <Event(8-Pause {'reason': <bound method GameManager.pause of <game.GameManager object at 0x000001EC8A5D7C18>> })>
2019-11-20 22:25:15,071 - BDM-WAM 1574288698.5142279 - INFO - <Event(7-Rate {'': hit_conf50 })>
2019-11-20 22:25:15,437 - BDM-WAM 1574288698.5142279 - INFO - <Event(7-Rate {'': reward_conf50 })>
2019-11-20 22:25:15,738 - BDM-WAM 1574288698.5142279 - INFO - <Event(7-Rate {'': player_skill50 })>
2019-11-20 22:25:15,739 - BDM-WAM 1574288698.5142279 - INFO - <Event(9.2-Fake Miss {'pos': (430,351), 'window': None})>
2019-11-20 22:25:15,902 - BDM-WAM 1574288698.5142279 - INFO - <Event(3-KeyUp {'scancode': 3, 'window': None, 'mod': 0, 'key': 50})>
2019-11-20 22:25:16,377 - BDM-WAM 1574288698.5142279 - INFO - <Event(4-MouseMotion {'window': None, 'rel': (2, 1), 'buttons': (0, 0, 0), 'pos': (432, 352)})>
2019-11-20 22:25:16,393 - BDM-WAM 1574288698.5142279 - INFO - <Event(4-MouseMotion {'window': None, 'rel': (3, 1), 'buttons': (0, 0, 0), 'pos': (435, 353)})>
2019-11-20 22:25:16,409 - BDM-WAM 1574288698.5142279 - INFO - <Event(4-MouseMotion {'window': None, 'rel': (3, 3), 'buttons': (0, 0, 0), 'pos': (438, 356)})>
2019-11-20 22:25:16,426 - BDM-WAM 1574288698.5142279 - INFO - <Event(4-MouseMotion {'window': None, 'rel': (1, 1), 'buttons': (0, 0, 0), 'pos': (439, 357)})>
2019-11-20 22:25:16,442 - BDM-WAM 1574288698.5142279 - INFO - <Event(4-MouseMotion {'window': None, 'rel': (3, 2), 'buttons': (0, 0, 0), 'pos': (442, 359)})>
2019-11-20 22:25:16,483 - BDM-WAM 1574288698.5142279 - INFO - <Event(4-MouseMotion {'window': None, 'rel': (4, 1), 'buttons': (0, 0, 0), 'pos': (446, 360)})>
2019-11-20 22:25:16,500 - BDM-WAM 1574288698.5142279 - INFO - <Event(4-MouseMotion {'window': None, 'rel': (2, 1), 'buttons': (0, 0, 0), 'pos': (448, 361)})>
2019-11-20 22:25:16,516 - BDM-WAM 1574288698.5142279 - INFO - <Event(4-MouseMotion {'window': None, 'rel': (4, 2), 'buttons': (0, 0, 0), 'pos': (452, 363)})>
2019-11-20 22:25:16,532 - BDM-WAM 1574288698.5142279 - INFO - <Event(4-MouseMotion {'window': None, 'rel': (16, 5), 'buttons': (0, 0, 0), 'pos': (468, 368)})>
2019-11-20 22:25:16,548 - BDM-WAM 1574288698.5142279 - INFO - <Event(4-MouseMotion {'window': None, 'rel': (21, 5), 'buttons': (0, 0, 0), 'pos': (489, 373)})>
2019-11-20 22:25:16,592 - BDM-WAM 1574288698.5142279 - INFO - <Event(4-MouseMotion {'window': None, 'rel': (23, 4), 'buttons': (0, 0, 0), 'pos': (512, 377)})>
2019-11-20 22:25:16,747 - BDM-WAM 1574288698.5142279 - INFO - <Event(4-MouseMotion {'window': None, 'rel': (-7, -2), 'buttons': (0, 0, 0), 'pos': (505, 375)})>
2019-11-20 22:25:16,763 - BDM-WAM 1574288698.5142279 - INFO - <Event(4-MouseMotion {'window': None, 'rel': (-13, -6), 'buttons': (0, 0, 0), 'pos': (492, 369)})>
2019-11-20 22:25:16,781 - BDM-WAM 1574288698.5142279 - INFO - <Event(4-MouseMotion {'window': None, 'rel': (-18, -8), 'buttons': (0, 0, 0), 'pos': (474, 361)})>
2019-11-20 22:25:16,799 - BDM-WAM 1574288698.5142279 - INFO - <Event(4-MouseMotion {'window': None, 'rel': (-21, -8), 'buttons': (0, 0, 0), 'pos': (453, 353)})>
2019-11-20 22:25:16,815 - BDM-WAM 1574288698.5142279 - INFO - <Event(4-MouseMotion {'window': None, 'rel': (-20, -6), 'buttons': (0, 0, 0), 'pos': (433, 347)})>
2019-11-20 22:25:16,832 - BDM-WAM 1574288698.5142279 - INFO - <Event(4-MouseMotion {'window': None, 'rel': (-14, -5), 'buttons': (0, 0, 0), 'pos': (419, 342)})>
2019-11-20 22:25:16,848 - BDM-WAM 1574288698.5142279 - INFO - <Event(4-MouseMotion {'window': None, 'rel': (-13, -3), 'buttons': (0, 0, 0), 'pos': (406, 339)})>
2019-11-20 22:25:16,865 - BDM-WAM 1574288698.5142279 - INFO - <Event(4-MouseMotion {'window': None, 'rel': (-16, -6), 'buttons': (0, 0, 0), 'pos': (390, 333)})>
2019-11-20 22:25:16,880 - BDM-WAM 1574288698.5142279 - INFO - <Event(4-MouseMotion {'window': None, 'rel': (-31, -10), 'buttons': (0, 0, 0), 'pos': (359, 323)})>
2019-11-20 22:25:16,897 - BDM-WAM 1574288698.5142279 - INFO - <Event(4-MouseMotion {'window': None, 'rel': (-44, -19), 'buttons': (0, 0, 0), 'pos': (315, 304)})>
2019-11-20 22:25:16,914 - BDM-WAM 1574288698.5142279 - INFO - <Event(4-MouseMotion {'window': None, 'rel': (-26, -9), 'buttons': (0, 0, 0), 'pos': (289, 295)})>
2019-11-20 22:25:16,930 - BDM-WAM 1574288698.5142279 - INFO - <Event(4-MouseMotion {'window': None, 'rel': (-24, -12), 'buttons': (0, 0, 0), 'pos': (265, 283)})>
2019-11-20 22:25:16,947 - BDM-WAM 1574288698.5142279 - INFO - <Event(4-MouseMotion {'window': None, 'rel': (-8, -7), 'buttons': (0, 0, 0), 'pos': (257, 276)})>
2019-11-20 22:25:16,963 - BDM-WAM 1574288698.5142279 - INFO - <Event(4-MouseMotion {'window': None, 'rel': (-3, -3), 'buttons': (0, 0, 0), 'pos': (254, 273)})>
2019-11-20 22:25:16,980 - BDM-WAM 1574288698.5142279 - INFO - <Event(4-MouseMotion {'window': None, 'rel': (-2, -5), 'buttons': (0, 0, 0), 'pos': (252, 268)})>
2019-11-20 22:25:16,997 - BDM-WAM 1574288698.5142279 - INFO - <Event(4-MouseMotion {'window': None, 'rel': (-5, -11), 'buttons': (0, 0, 0), 'pos': (247, 257)})>
2019-11-20 22:25:17,014 - BDM-WAM 1574288698.5142279 - INFO - <Event(4-MouseMotion {'window': None, 'rel': (-5, -11), 'buttons': (0, 0, 0), 'pos': (242, 246)})>
2019-11-20 22:25:17,031 - BDM-WAM 1574288698.5142279 - INFO - <Event(4-MouseMotion {'window': None, 'rel': (-6, -11), 'buttons': (0, 0, 0), 'pos': (236, 235)})>
2019-11-20 22:25:17,047 - BDM-WAM 1574288698.5142279 - INFO - <Event(4-MouseMotion {'window': None, 'rel': (-9, -14), 'buttons': (0, 0, 0), 'pos': (227, 221)})>
2019-11-20 22:25:17,063 - BDM-WAM 1574288698.5142279 - INFO - <Event(4-MouseMotion {'window': None, 'rel': (-12, -16), 'buttons': (0, 0, 0), 'pos': (215, 205)})>
2019-11-20 22:25:17,080 - BDM-WAM 1574288698.5142279 - INFO - <Event(4-MouseMotion {'window': None, 'rel': (-4, -6), 'buttons': (0, 0, 0), 'pos': (211, 199)})>
2019-11-20 22:25:17,179 - BDM-WAM 1574288698.5142279 - INFO - <Event(4-MouseMotion {'window': None, 'rel': (7, 0), 'buttons': (0, 0, 0), 'pos': (218, 199)})>
2019-11-20 22:25:17,197 - BDM-WAM 1574288698.5142279 - INFO - <Event(4-MouseMotion {'window': None, 'rel': (4, 1), 'buttons': (0, 0, 0), 'pos': (222, 200)})>
2019-11-20 22:25:17,213 - BDM-WAM 1574288698.5142279 - INFO - <Event(4-MouseMotion {'window': None, 'rel': (1, 0), 'buttons': (0, 0, 0), 'pos': (223, 200)})>
2019-11-20 22:25:17,230 - BDM-WAM 1574288698.5142279 - INFO - <Event(4-MouseMotion {'window': None, 'rel': (1, 0), 'buttons': (0, 0, 0), 'pos': (224, 200)})>
2019-11-20 22:25:17,278 - BDM-WAM 1574288698.5142279 - INFO - <Event(5-MouseButtonDown {'window': None, 'button': 1, 'pos': (224, 200)})>
2019-11-20 22:25:17,345 - BDM-WAM 1574288698.5142279 - INFO - <Event(4-MouseMotion {'window': None, 'rel': (0, 1), 'buttons': (1, 0, 0), 'pos': (224, 201)})>
2019-11-20 22:25:17,546 - BDM-WAM 1574288698.5142279 - INFO - <Event(6-MouseButtonUp {'window': None, 'button': 1, 'pos': (225, 201)})>
2019-11-20 22:25:17,717 - BDM-WAM 1574288698.5142279 - INFO - <Event(5-MouseButtonDown {'window': None, 'button': 1, 'pos': (225, 201)})>
2019-11-20 22:25:17,717 - BDM-WAM 1574288698.5142279 - INFO - <Event(8-Pause {'reason': <bound method GameManager.pause of <game.GameManager object at 0x000001EC8A5D7C18>> })>
2019-11-20 22:25:18,559 - BDM-WAM 1574288698.5142279 - INFO - <Event(7-Rate {'': hit_conf50 })>
2019-11-20 22:25:18,818 - BDM-WAM 1574288698.5142279 - INFO - <Event(7-Rate {'': reward_conf50 })>
2019-11-20 22:25:19,256 - BDM-WAM 1574288698.5142279 - INFO - <Event(7-Rate {'': player_skill50 })>
2019-11-20 22:25:19,257 - BDM-WAM 1574288698.5142279 - INFO - <Event(9.1-True Hit {'pos': (225,201), 'window': None})>
2019-11-20 22:25:19,348 - BDM-WAM 1574288698.5142279 - INFO - <Event(3-KeyUp {'scancode': 3, 'window': None, 'mod': 0, 'key': 50})>
2019-11-20 22:25:19,919 - BDM-WAM 1574288698.5142279 - INFO - <Event(4-MouseMotion {'window': None, 'rel': (1, 0), 'buttons': (0, 0, 0), 'pos': (236, 203)})>
2019-11-20 22:25:19,935 - BDM-WAM 1574288698.5142279 - INFO - <Event(4-MouseMotion {'window': None, 'rel': (3, 1), 'buttons': (0, 0, 0), 'pos': (239, 204)})>
2019-11-20 22:25:19,951 - BDM-WAM 1574288698.5142279 - INFO - <Event(4-MouseMotion {'window': None, 'rel': (1, 0), 'buttons': (0, 0, 0), 'pos': (240, 204)})>
2019-11-20 22:25:19,968 - BDM-WAM 1574288698.5142279 - INFO - <Event(4-MouseMotion {'window': None, 'rel': (0, 1), 'buttons': (0, 0, 0), 'pos': (240, 205)})>
2019-11-20 22:25:20,137 - BDM-WAM 1574288698.5142279 - INFO - <Event(4-MouseMotion {'window': None, 'rel': (0, 2), 'buttons': (0, 0, 0), 'pos': (240, 207)})>
2019-11-20 22:25:20,154 - BDM-WAM 1574288698.5142279 - INFO - <Event(4-MouseMotion {'window': None, 'rel': (-5, 6), 'buttons': (0, 0, 0), 'pos': (235, 213)})>
2019-11-20 22:25:20,198 - BDM-WAM 1574288698.5142279 - INFO - <Event(4-MouseMotion {'window': None, 'rel': (-5, 5), 'buttons': (0, 0, 0), 'pos': (230, 218)})>
2019-11-20 22:25:20,217 - BDM-WAM 1574288698.5142279 - INFO - <Event(4-MouseMotion {'window': None, 'rel': (-1, 0), 'buttons': (0, 0, 0), 'pos': (229, 218)})>
2019-11-20 22:25:20,252 - BDM-WAM 1574288698.5142279 - INFO - <Event(4-MouseMotion {'window': None, 'rel': (-1, 0), 'buttons': (0, 0, 0), 'pos': (228, 218)})>
2019-11-20 22:25:20,310 - BDM-WAM 1574288698.5142279 - INFO - <Event(4-MouseMotion {'window': None, 'rel': (-4, 0), 'buttons': (0, 0, 0), 'pos': (224, 218)})>
2019-11-20 22:25:20,328 - BDM-WAM 1574288698.5142279 - INFO - <Event(4-MouseMotion {'window': None, 'rel': (-3, 0), 'buttons': (0, 0, 0), 'pos': (221, 218)})>
2019-11-20 22:25:20,344 - BDM-WAM 1574288698.5142279 - INFO - <Event(4-MouseMotion {'window': None, 'rel': (-4, -1), 'buttons': (0, 0, 0), 'pos': (217, 217)})>
2019-11-20 22:25:20,361 - BDM-WAM 1574288698.5142279 - INFO - <Event(4-MouseMotion {'window': None, 'rel': (-1, 0), 'buttons': (0, 0, 0), 'pos': (216, 217)})>
2019-11-20 22:25:20,686 - BDM-WAM 1574288698.5142279 - INFO - <Event(4-MouseMotion {'window': None, 'rel': (-7, -2), 'buttons': (0, 0, 0), 'pos': (209, 215)})>
2019-11-20 22:25:20,703 - BDM-WAM 1574288698.5142279 - INFO - <Event(4-MouseMotion {'window': None, 'rel': (-11, -4), 'buttons': (0, 0, 0), 'pos': (198, 211)})>
2019-11-20 22:25:20,719 - BDM-WAM 1574288698.5142279 - INFO - <Event(4-MouseMotion {'window': None, 'rel': (-2, 0), 'buttons': (0, 0, 0), 'pos': (196, 211)})>
2019-11-20 22:25:20,815 - BDM-WAM 1574288698.5142279 - INFO - <Event(4-MouseMotion {'window': None, 'rel': (2, 0), 'buttons': (0, 0, 0), 'pos': (198, 211)})>
2019-11-20 22:25:20,833 - BDM-WAM 1574288698.5142279 - INFO - <Event(4-MouseMotion {'window': None, 'rel': (4, 0), 'buttons': (0, 0, 0), 'pos': (202, 211)})>
2019-11-20 22:25:20,849 - BDM-WAM 1574288698.5142279 - INFO - <Event(4-MouseMotion {'window': None, 'rel': (2, 0), 'buttons': (0, 0, 0), 'pos': (204, 211)})>
2019-11-20 22:25:20,865 - BDM-WAM 1574288698.5142279 - INFO - <Event(5-MouseButtonDown {'window': None, 'button': 1, 'pos': (205, 211)})>
2019-11-20 22:25:20,882 - BDM-WAM 1574288698.5142279 - INFO - <Event(4-MouseMotion {'window': None, 'rel': (3, 1), 'buttons': (1, 0, 0), 'pos': (208, 212)})>
2019-11-20 22:25:20,898 - BDM-WAM 1574288698.5142279 - INFO - <Event(4-MouseMotion {'window': None, 'rel': (2, 0), 'buttons': (1, 0, 0), 'pos': (210, 212)})>
2019-11-20 22:25:20,915 - BDM-WAM 1574288698.5142279 - INFO - <Event(4-MouseMotion {'window': None, 'rel': (1, 0), 'buttons': (1, 0, 0), 'pos': (211, 212)})>
2019-11-20 22:25:20,966 - BDM-WAM 1574288698.5142279 - INFO - <Event(4-MouseMotion {'window': None, 'rel': (1, 0), 'buttons': (1, 0, 0), 'pos': (212, 212)})>
2019-11-20 22:25:20,982 - BDM-WAM 1574288698.5142279 - INFO - <Event(6-MouseButtonUp {'window': None, 'button': 1, 'pos': (212, 212)})>
2019-11-20 22:25:21,081 - BDM-WAM 1574288698.5142279 - INFO - <Event(5-MouseButtonDown {'window': None, 'button': 1, 'pos': (212, 212)})>
2019-11-20 22:25:21,081 - BDM-WAM 1574288698.5142279 - INFO - <Event(8-Pause {'reason': <bound method GameManager.pause of <game.GameManager object at 0x000001EC8A5D7C18>> })>
2019-11-20 22:25:22,149 - BDM-WAM 1574288698.5142279 - INFO - <Event(7-Rate {'': hit_conf50 })>
2019-11-20 22:25:22,359 - BDM-WAM 1574288698.5142279 - INFO - <Event(7-Rate {'': reward_conf50 })>
2019-11-20 22:25:22,560 - BDM-WAM 1574288698.5142279 - INFO - <Event(7-Rate {'': player_skill50 })>
2019-11-20 22:25:22,561 - BDM-WAM 1574288698.5142279 - INFO - <Event(9.2-Fake Miss {'pos': (212,212), 'window': None})>
2019-11-20 22:25:22,710 - BDM-WAM 1574288698.5142279 - INFO - <Event(3-KeyUp {'scancode': 3, 'window': None, 'mod': 0, 'key': 50})>
2019-11-20 22:25:22,810 - BDM-WAM 1574288698.5142279 - INFO - <Event(4-MouseMotion {'window': None, 'rel': (26, 4), 'buttons': (0, 0, 0), 'pos': (239, 217)})>
2019-11-20 22:25:22,837 - BDM-WAM 1574288698.5142279 - INFO - <Event(4-MouseMotion {'window': None, 'rel': (7, 0), 'buttons': (0, 0, 0), 'pos': (246, 217)})>
2019-11-20 22:25:22,853 - BDM-WAM 1574288698.5142279 - INFO - <Event(4-MouseMotion {'window': None, 'rel': (1, 0), 'buttons': (0, 0, 0), 'pos': (247, 217)})>
2019-11-20 22:25:22,922 - BDM-WAM 1574288698.5142279 - INFO - <Event(4-MouseMotion {'window': None, 'rel': (3, 0), 'buttons': (0, 0, 0), 'pos': (250, 217)})>
2019-11-20 22:25:22,938 - BDM-WAM 1574288698.5142279 - INFO - <Event(4-MouseMotion {'window': None, 'rel': (5, 1), 'buttons': (0, 0, 0), 'pos': (255, 218)})>
2019-11-20 22:25:22,953 - BDM-WAM 1574288698.5142279 - INFO - <Event(4-MouseMotion {'window': None, 'rel': (4, 1), 'buttons': (0, 0, 0), 'pos': (259, 219)})>
2019-11-20 22:25:22,970 - BDM-WAM 1574288698.5142279 - INFO - <Event(4-MouseMotion {'window': None, 'rel': (3, 1), 'buttons': (0, 0, 0), 'pos': (262, 220)})>
2019-11-20 22:25:22,986 - BDM-WAM 1574288698.5142279 - INFO - <Event(4-MouseMotion {'window': None, 'rel': (2, 1), 'buttons': (0, 0, 0), 'pos': (264, 221)})>
2019-11-20 22:25:23,003 - BDM-WAM 1574288698.5142279 - INFO - <Event(2-KeyDown {'unicode': '2', 'window': None, 'mod': 0, 'key': 50, 'scancode': 3})>
2019-11-20 22:25:23,003 - BDM-WAM 1574288698.5142279 - INFO - <Event(4-MouseMotion {'window': None, 'rel': (4, 0), 'buttons': (0, 0, 0), 'pos': (268, 221)})>
2019-11-20 22:25:23,018 - BDM-WAM 1574288698.5142279 - INFO - <Event(4-MouseMotion {'window': None, 'rel': (6, 2), 'buttons': (0, 0, 0), 'pos': (274, 223)})>
2019-11-20 22:25:23,035 - BDM-WAM 1574288698.5142279 - INFO - <Event(4-MouseMotion {'window': None, 'rel': (8, 0), 'buttons': (0, 0, 0), 'pos': (282, 223)})>
2019-11-20 22:25:23,051 - BDM-WAM 1574288698.5142279 - INFO - <Event(4-MouseMotion {'window': None, 'rel': (15, 1), 'buttons': (0, 0, 0), 'pos': (297, 224)})>
2019-11-20 22:25:23,068 - BDM-WAM 1574288698.5142279 - INFO - <Event(4-MouseMotion {'window': None, 'rel': (18, 1), 'buttons': (0, 0, 0), 'pos': (315, 225)})>
2019-11-20 22:25:23,085 - BDM-WAM 1574288698.5142279 - INFO - <Event(4-MouseMotion {'window': None, 'rel': (11, 1), 'buttons': (0, 0, 0), 'pos': (326, 226)})>
2019-11-20 22:25:23,102 - BDM-WAM 1574288698.5142279 - INFO - <Event(4-MouseMotion {'window': None, 'rel': (8, 0), 'buttons': (0, 0, 0), 'pos': (334, 226)})>
2019-11-20 22:25:23,118 - BDM-WAM 1574288698.5142279 - INFO - <Event(4-MouseMotion {'window': None, 'rel': (5, 1), 'buttons': (0, 0, 0), 'pos': (339, 227)})>
2019-11-20 22:25:23,134 - BDM-WAM 1574288698.5142279 - INFO - <Event(4-MouseMotion {'window': None, 'rel': (4, 1), 'buttons': (0, 0, 0), 'pos': (343, 228)})>
2019-11-20 22:25:23,152 - BDM-WAM 1574288698.5142279 - INFO - <Event(3-KeyUp {'scancode': 3, 'window': None, 'mod': 0, 'key': 50})>
2019-11-20 22:25:23,152 - BDM-WAM 1574288698.5142279 - INFO - <Event(4-MouseMotion {'window': None, 'rel': (6, 0), 'buttons': (0, 0, 0), 'pos': (349, 228)})>
2019-11-20 22:25:23,168 - BDM-WAM 1574288698.5142279 - INFO - <Event(4-MouseMotion {'window': None, 'rel': (4, 1), 'buttons': (0, 0, 0), 'pos': (353, 229)})>
2019-11-20 22:25:23,185 - BDM-WAM 1574288698.5142279 - INFO - <Event(4-MouseMotion {'window': None, 'rel': (3, 0), 'buttons': (0, 0, 0), 'pos': (356, 229)})>
2019-11-20 22:25:23,201 - BDM-WAM 1574288698.5142279 - INFO - <Event(4-MouseMotion {'window': None, 'rel': (2, 1), 'buttons': (0, 0, 0), 'pos': (358, 230)})>
2019-11-20 22:25:23,218 - BDM-WAM 1574288698.5142279 - INFO - <Event(4-MouseMotion {'window': None, 'rel': (1, 0), 'buttons': (0, 0, 0), 'pos': (359, 230)})>
2019-11-20 22:25:23,420 - BDM-WAM 1574288698.5142279 - INFO - <Event(4-MouseMotion {'window': None, 'rel': (5, 2), 'buttons': (0, 0, 0), 'pos': (364, 232)})>
2019-11-20 22:25:23,422 - BDM-WAM 1574288698.5142279 - INFO - <Event(4-MouseMotion {'window': None, 'rel': (1, 0), 'buttons': (0, 0, 0), 'pos': (365, 232)})>
2019-11-20 22:25:23,438 - BDM-WAM 1574288698.5142279 - INFO - <Event(4-MouseMotion {'window': None, 'rel': (4, 2), 'buttons': (0, 0, 0), 'pos': (369, 234)})>
2019-11-20 22:25:23,454 - BDM-WAM 1574288698.5142279 - INFO - <Event(4-MouseMotion {'window': None, 'rel': (6, 2), 'buttons': (0, 0, 0), 'pos': (375, 236)})>
2019-11-20 22:25:23,471 - BDM-WAM 1574288698.5142279 - INFO - <Event(4-MouseMotion {'window': None, 'rel': (27, 5), 'buttons': (0, 0, 0), 'pos': (402, 241)})>
2019-11-20 22:25:23,488 - BDM-WAM 1574288698.5142279 - INFO - <Event(4-MouseMotion {'window': None, 'rel': (25, 0), 'buttons': (0, 0, 0), 'pos': (427, 241)})>
2019-11-20 22:25:23,531 - BDM-WAM 1574288698.5142279 - INFO - <Event(4-MouseMotion {'window': None, 'rel': (82, -13), 'buttons': (0, 0, 0), 'pos': (509, 228)})>
2019-11-20 22:25:23,548 - BDM-WAM 1574288698.5142279 - INFO - <Event(4-MouseMotion {'window': None, 'rel': (28, -10), 'buttons': (0, 0, 0), 'pos': (537, 218)})>
2019-11-20 22:25:23,565 - BDM-WAM 1574288698.5142279 - INFO - <Event(4-MouseMotion {'window': None, 'rel': (13, -10), 'buttons': (0, 0, 0), 'pos': (550, 208)})>
2019-11-20 22:25:23,582 - BDM-WAM 1574288698.5142279 - INFO - <Event(4-MouseMotion {'window': None, 'rel': (9, -13), 'buttons': (0, 0, 0), 'pos': (559, 195)})>
2019-11-20 22:25:23,598 - BDM-WAM 1574288698.5142279 - INFO - <Event(4-MouseMotion {'window': None, 'rel': (7, -16), 'buttons': (0, 0, 0), 'pos': (566, 179)})>
2019-11-20 22:25:23,616 - BDM-WAM 1574288698.5142279 - INFO - <Event(4-MouseMotion {'window': None, 'rel': (3, -16), 'buttons': (0, 0, 0), 'pos': (569, 163)})>
2019-11-20 22:25:23,632 - BDM-WAM 1574288698.5142279 - INFO - <Event(4-MouseMotion {'window': None, 'rel': (3, -14), 'buttons': (0, 0, 0), 'pos': (572, 149)})>
2019-11-20 22:25:23,648 - BDM-WAM 1574288698.5142279 - INFO - <Event(4-MouseMotion {'window': None, 'rel': (5, -20), 'buttons': (0, 0, 0), 'pos': (577, 129)})>
2019-11-20 22:25:23,665 - BDM-WAM 1574288698.5142279 - INFO - <Event(4-MouseMotion {'window': None, 'rel': (6, -14), 'buttons': (0, 0, 0), 'pos': (583, 115)})>
2019-11-20 22:25:23,681 - BDM-WAM 1574288698.5142279 - INFO - <Event(4-MouseMotion {'window': None, 'rel': (3, -9), 'buttons': (0, 0, 0), 'pos': (586, 106)})>
2019-11-20 22:25:23,698 - BDM-WAM 1574288698.5142279 - INFO - <Event(4-MouseMotion {'window': None, 'rel': (2, -4), 'buttons': (0, 0, 0), 'pos': (588, 102)})>
2019-11-20 22:25:23,715 - BDM-WAM 1574288698.5142279 - INFO - <Event(4-MouseMotion {'window': None, 'rel': (2, -3), 'buttons': (0, 0, 0), 'pos': (590, 99)})>
2019-11-20 22:25:23,731 - BDM-WAM 1574288698.5142279 - INFO - <Event(4-MouseMotion {'window': None, 'rel': (5, -5), 'buttons': (0, 0, 0), 'pos': (595, 94)})>
2019-11-20 22:25:23,748 - BDM-WAM 1574288698.5142279 - INFO - <Event(4-MouseMotion {'window': None, 'rel': (3, -2), 'buttons': (0, 0, 0), 'pos': (598, 92)})>
2019-11-20 22:25:23,764 - BDM-WAM 1574288698.5142279 - INFO - <Event(4-MouseMotion {'window': None, 'rel': (2, -1), 'buttons': (0, 0, 0), 'pos': (600, 91)})>
2019-11-20 22:25:23,813 - BDM-WAM 1574288698.5142279 - INFO - <Event(4-MouseMotion {'window': None, 'rel': (2, 0), 'buttons': (0, 0, 0), 'pos': (602, 91)})>
2019-11-20 22:25:23,831 - BDM-WAM 1574288698.5142279 - INFO - <Event(4-MouseMotion {'window': None, 'rel': (7, -2), 'buttons': (0, 0, 0), 'pos': (609, 89)})>
2019-11-20 22:25:23,848 - BDM-WAM 1574288698.5142279 - INFO - <Event(4-MouseMotion {'window': None, 'rel': (11, -1), 'buttons': (0, 0, 0), 'pos': (620, 88)})>
2019-11-20 22:25:23,864 - BDM-WAM 1574288698.5142279 - INFO - <Event(4-MouseMotion {'window': None, 'rel': (9, -1), 'buttons': (0, 0, 0), 'pos': (629, 87)})>
2019-11-20 22:25:23,881 - BDM-WAM 1574288698.5142279 - INFO - <Event(4-MouseMotion {'window': None, 'rel': (13, -3), 'buttons': (0, 0, 0), 'pos': (642, 84)})>
2019-11-20 22:25:23,897 - BDM-WAM 1574288698.5142279 - INFO - <Event(4-MouseMotion {'window': None, 'rel': (24, -5), 'buttons': (0, 0, 0), 'pos': (666, 79)})>
2019-11-20 22:25:23,913 - BDM-WAM 1574288698.5142279 - INFO - <Event(4-MouseMotion {'window': None, 'rel': (13, -4), 'buttons': (0, 0, 0), 'pos': (679, 75)})>
2019-11-20 22:25:23,930 - BDM-WAM 1574288698.5142279 - INFO - <Event(4-MouseMotion {'window': None, 'rel': (7, -3), 'buttons': (0, 0, 0), 'pos': (686, 72)})>
2019-11-20 22:25:23,946 - BDM-WAM 1574288698.5142279 - INFO - <Event(4-MouseMotion {'window': None, 'rel': (11, -6), 'buttons': (0, 0, 0), 'pos': (697, 66)})>
2019-11-20 22:25:23,963 - BDM-WAM 1574288698.5142279 - INFO - <Event(4-MouseMotion {'window': None, 'rel': (17, -10), 'buttons': (0, 0, 0), 'pos': (714, 56)})>
2019-11-20 22:25:23,980 - BDM-WAM 1574288698.5142279 - INFO - <Event(4-MouseMotion {'window': None, 'rel': (9, -9), 'buttons': (0, 0, 0), 'pos': (723, 47)})>
2019-11-20 22:25:23,997 - BDM-WAM 1574288698.5142279 - INFO - <Event(4-MouseMotion {'window': None, 'rel': (6, -5), 'buttons': (0, 0, 0), 'pos': (729, 42)})>
2019-11-20 22:25:24,013 - BDM-WAM 1574288698.5142279 - INFO - <Event(4-MouseMotion {'window': None, 'rel': (9, -6), 'buttons': (0, 0, 0), 'pos': (738, 36)})>
2019-11-20 22:25:24,030 - BDM-WAM 1574288698.5142279 - INFO - <Event(4-MouseMotion {'window': None, 'rel': (8, -9), 'buttons': (0, 0, 0), 'pos': (746, 27)})>
2019-11-20 22:25:24,046 - BDM-WAM 1574288698.5142279 - INFO - <Event(4-MouseMotion {'window': None, 'rel': (4, -5), 'buttons': (0, 0, 0), 'pos': (750, 22)})>
2019-11-20 22:25:24,062 - BDM-WAM 1574288698.5142279 - INFO - <Event(4-MouseMotion {'window': None, 'rel': (4, -5), 'buttons': (0, 0, 0), 'pos': (754, 17)})>
2019-11-20 22:25:24,080 - BDM-WAM 1574288698.5142279 - INFO - <Event(4-MouseMotion {'window': None, 'rel': (5, -5), 'buttons': (0, 0, 0), 'pos': (759, 12)})>
2019-11-20 22:25:24,096 - BDM-WAM 1574288698.5142279 - INFO - <Event(4-MouseMotion {'window': None, 'rel': (2, -3), 'buttons': (0, 0, 0), 'pos': (761, 9)})>
2019-11-20 22:25:24,112 - BDM-WAM 1574288698.5142279 - INFO - <Event(4-MouseMotion {'window': None, 'rel': (1, -2), 'buttons': (0, 0, 0), 'pos': (762, 7)})>
2019-11-20 22:25:24,129 - BDM-WAM 1574288698.5142279 - INFO - <Event(4-MouseMotion {'window': None, 'rel': (0, -1), 'buttons': (0, 0, 0), 'pos': (762, 6)})>
2019-11-20 22:25:24,146 - BDM-WAM 1574288698.5142279 - INFO - <Event(4-MouseMotion {'window': None, 'rel': (2, -1), 'buttons': (0, 0, 0), 'pos': (764, 5)})>
2019-11-20 22:25:24,163 - BDM-WAM 1574288698.5142279 - INFO - <Event(4-MouseMotion {'window': None, 'rel': (1, -2), 'buttons': (0, 0, 0), 'pos': (765, 3)})>
2019-11-20 22:25:24,179 - BDM-WAM 1574288698.5142279 - INFO - <Event(4-MouseMotion {'window': None, 'rel': (1, -2), 'buttons': (0, 0, 0), 'pos': (766, 1)})>
2019-11-20 22:25:24,197 - BDM-WAM 1574288698.5142279 - INFO - <Event(4-MouseMotion {'window': None, 'rel': (0, -1), 'buttons': (0, 0, 0), 'pos': (766, 0)})>
2019-11-20 22:25:24,246 - BDM-WAM 1574288698.5142279 - INFO - <Event(4-MouseMotion {'window': None, 'rel': (1, 0), 'buttons': (0, 0, 0), 'pos': (767, 0)})>
2019-11-20 22:25:24,294 - BDM-WAM 1574288698.5142279 - INFO - <Event(1-ActiveEvent {'gain': 0, 'state': 1})>
2019-11-20 22:25:25,054 - BDM-WAM 1574288698.5142279 - INFO - <Event(12-Quit {})>
