2019-07-18 08:18:46,427 - BDM-WAM 1563434323.0792296 - INFO - <Event(17-VideoExpose {})>
2019-07-18 08:18:48,115 - BDM-WAM 1563434323.0792296 - INFO - <Event(16-VideoResize {'size': (800, 600), 'w': 800, 'h': 600})>
2019-07-18 08:18:48,115 - BDM-WAM 1563434323.0792296 - INFO - <Event(1-ActiveEvent {'gain': 0, 'state': 1})>
2019-07-18 08:18:48,116 - BDM-WAM 1563434323.0792296 - INFO - <Event(4-MouseMotion {'pos': (305, 492), 'rel': (306, 493), 'buttons': (0, 0, 0), 'window': None})>
2019-07-18 08:18:48,116 - BDM-WAM 1563434323.0792296 - INFO - <Event(1-ActiveEvent {'gain': 1, 'state': 1})>
2019-07-18 08:18:48,125 - BDM-WAM 1563434323.0792296 - INFO - <Event(4-MouseMotion {'pos': (370, 533), 'rel': (65, 41), 'buttons': (0, 0, 0), 'window': None})>
2019-07-18 08:18:48,266 - BDM-WAM 1563434323.0792296 - INFO - <Event(3-KeyUp {'key': 99, 'mod': 0, 'scancode': 46, 'window': None})>
2019-07-18 08:18:48,266 - BDM-WAM 1563434323.0792296 - INFO - <Event(4-MouseMotion {'pos': (328, 491), 'rel': (0, -1), 'buttons': (0, 0, 0), 'window': None})>
2019-07-18 08:18:48,285 - BDM-WAM 1563434323.0792296 - INFO - <Event(4-MouseMotion {'pos': (329, 488), 'rel': (1, -3), 'buttons': (0, 0, 0), 'window': None})>
2019-07-18 08:18:48,302 - BDM-WAM 1563434323.0792296 - INFO - <Event(4-MouseMotion {'pos': (329, 485), 'rel': (0, -3), 'buttons': (0, 0, 0), 'window': None})>
2019-07-18 08:18:48,318 - BDM-WAM 1563434323.0792296 - INFO - <Event(4-MouseMotion {'pos': (329, 481), 'rel': (0, -4), 'buttons': (0, 0, 0), 'window': None})>
2019-07-18 08:18:48,334 - BDM-WAM 1563434323.0792296 - INFO - <Event(4-MouseMotion {'pos': (330, 475), 'rel': (1, -6), 'buttons': (0, 0, 0), 'window': None})>
2019-07-18 08:18:48,352 - BDM-WAM 1563434323.0792296 - INFO - <Event(4-MouseMotion {'pos': (332, 466), 'rel': (2, -9), 'buttons': (0, 0, 0), 'window': None})>
2019-07-18 08:18:48,384 - BDM-WAM 1563434323.0792296 - INFO - <Event(4-MouseMotion {'pos': (341, 445), 'rel': (9, -21), 'buttons': (0, 0, 0), 'window': None})>
2019-07-18 08:18:48,389 - BDM-WAM 1563434323.0792296 - INFO - <Event(4-MouseMotion {'pos': (344, 440), 'rel': (3, -5), 'buttons': (0, 0, 0), 'window': None})>
2019-07-18 08:18:48,403 - BDM-WAM 1563434323.0792296 - INFO - <Event(4-MouseMotion {'pos': (349, 427), 'rel': (5, -13), 'buttons': (0, 0, 0), 'window': None})>
2019-07-18 08:18:48,420 - BDM-WAM 1563434323.0792296 - INFO - <Event(4-MouseMotion {'pos': (359, 407), 'rel': (10, -20), 'buttons': (0, 0, 0), 'window': None})>
2019-07-18 08:18:48,437 - BDM-WAM 1563434323.0792296 - INFO - <Event(4-MouseMotion {'pos': (365, 392), 'rel': (6, -15), 'buttons': (0, 0, 0), 'window': None})>
2019-07-18 08:18:48,451 - BDM-WAM 1563434323.0792296 - INFO - <Event(4-MouseMotion {'pos': (371, 379), 'rel': (6, -13), 'buttons': (0, 0, 0), 'window': None})>
2019-07-18 08:18:48,468 - BDM-WAM 1563434323.0792296 - INFO - <Event(4-MouseMotion {'pos': (378, 365), 'rel': (7, -14), 'buttons': (0, 0, 0), 'window': None})>
2019-07-18 08:18:48,486 - BDM-WAM 1563434323.0792296 - INFO - <Event(4-MouseMotion {'pos': (382, 355), 'rel': (4, -10), 'buttons': (0, 0, 0), 'window': None})>
2019-07-18 08:18:48,502 - BDM-WAM 1563434323.0792296 - INFO - <Event(4-MouseMotion {'pos': (386, 346), 'rel': (4, -9), 'buttons': (0, 0, 0), 'window': None})>
2019-07-18 08:18:48,520 - BDM-WAM 1563434323.0792296 - INFO - <Event(4-MouseMotion {'pos': (387, 337), 'rel': (1, -9), 'buttons': (0, 0, 0), 'window': None})>
2019-07-18 08:18:48,537 - BDM-WAM 1563434323.0792296 - INFO - <Event(4-MouseMotion {'pos': (387, 326), 'rel': (0, -11), 'buttons': (0, 0, 0), 'window': None})>
2019-07-18 08:18:48,554 - BDM-WAM 1563434323.0792296 - INFO - <Event(4-MouseMotion {'pos': (383, 309), 'rel': (-4, -17), 'buttons': (0, 0, 0), 'window': None})>
2019-07-18 08:18:48,570 - BDM-WAM 1563434323.0792296 - INFO - <Event(4-MouseMotion {'pos': (374, 293), 'rel': (-9, -16), 'buttons': (0, 0, 0), 'window': None})>
2019-07-18 08:18:48,589 - BDM-WAM 1563434323.0792296 - INFO - <Event(4-MouseMotion {'pos': (355, 271), 'rel': (-19, -22), 'buttons': (0, 0, 0), 'window': None})>
2019-07-18 08:18:48,604 - BDM-WAM 1563434323.0792296 - INFO - <Event(4-MouseMotion {'pos': (333, 252), 'rel': (-22, -19), 'buttons': (0, 0, 0), 'window': None})>
2019-07-18 08:18:48,621 - BDM-WAM 1563434323.0792296 - INFO - <Event(4-MouseMotion {'pos': (305, 230), 'rel': (-28, -22), 'buttons': (0, 0, 0), 'window': None})>
2019-07-18 08:18:48,638 - BDM-WAM 1563434323.0792296 - INFO - <Event(4-MouseMotion {'pos': (280, 213), 'rel': (-25, -17), 'buttons': (0, 0, 0), 'window': None})>
2019-07-18 08:18:48,654 - BDM-WAM 1563434323.0792296 - INFO - <Event(4-MouseMotion {'pos': (260, 201), 'rel': (-20, -12), 'buttons': (0, 0, 0), 'window': None})>
2019-07-18 08:18:48,686 - BDM-WAM 1563434323.0792296 - INFO - <Event(4-MouseMotion {'pos': (255, 198), 'rel': (-5, -3), 'buttons': (0, 0, 0), 'window': None})>
2019-07-18 08:18:48,706 - BDM-WAM 1563434323.0792296 - INFO - <Event(4-MouseMotion {'pos': (243, 193), 'rel': (-12, -5), 'buttons': (0, 0, 0), 'window': None})>
2019-07-18 08:18:48,719 - BDM-WAM 1563434323.0792296 - INFO - <Event(4-MouseMotion {'pos': (241, 191), 'rel': (-2, -2), 'buttons': (0, 0, 0), 'window': None})>
2019-07-18 08:18:48,772 - BDM-WAM 1563434323.0792296 - INFO - <Event(4-MouseMotion {'pos': (244, 195), 'rel': (3, 4), 'buttons': (0, 0, 0), 'window': None})>
2019-07-18 08:18:48,788 - BDM-WAM 1563434323.0792296 - INFO - <Event(4-MouseMotion {'pos': (246, 199), 'rel': (2, 4), 'buttons': (0, 0, 0), 'window': None})>
2019-07-18 08:18:48,804 - BDM-WAM 1563434323.0792296 - INFO - <Event(4-MouseMotion {'pos': (251, 204), 'rel': (5, 5), 'buttons': (0, 0, 0), 'window': None})>
2019-07-18 08:18:48,817 - BDM-WAM 1563434323.0792296 - INFO - <Event(4-MouseMotion {'pos': (253, 207), 'rel': (2, 3), 'buttons': (0, 0, 0), 'window': None})>
2019-07-18 08:18:48,835 - BDM-WAM 1563434323.0792296 - INFO - <Event(4-MouseMotion {'pos': (255, 210), 'rel': (2, 3), 'buttons': (0, 0, 0), 'window': None})>
2019-07-18 08:18:48,851 - BDM-WAM 1563434323.0792296 - INFO - <Event(4-MouseMotion {'pos': (255, 211), 'rel': (0, 1), 'buttons': (0, 0, 0), 'window': None})>
2019-07-18 08:18:48,867 - BDM-WAM 1563434323.0792296 - INFO - <Event(4-MouseMotion {'pos': (256, 212), 'rel': (1, 1), 'buttons': (0, 0, 0), 'window': None})>
2019-07-18 08:18:48,935 - BDM-WAM 1563434323.0792296 - INFO - <Event(5-MouseButtonDown {'pos': (256, 212), 'button': 1, 'window': None})>
2019-07-18 08:18:48,936 - BDM-WAM 1563434323.0792296 - INFO - <Event(9.1-True Hit {'pos': (256,212), 'window': None})>
2019-07-18 08:18:49,001 - BDM-WAM 1563434323.0792296 - INFO - <Event(4-MouseMotion {'pos': (254, 212), 'rel': (-2, 0), 'buttons': (1, 0, 0), 'window': None})>
2019-07-18 08:18:49,017 - BDM-WAM 1563434323.0792296 - INFO - <Event(4-MouseMotion {'pos': (252, 213), 'rel': (-2, 1), 'buttons': (1, 0, 0), 'window': None})>
2019-07-18 08:18:49,036 - BDM-WAM 1563434323.0792296 - INFO - <Event(6-MouseButtonUp {'pos': (250, 214), 'button': 1, 'window': None})>
2019-07-18 08:18:49,036 - BDM-WAM 1563434323.0792296 - INFO - <Event(4-MouseMotion {'pos': (249, 214), 'rel': (-1, 0), 'buttons': (0, 0, 0), 'window': None})>
2019-07-18 08:18:49,055 - BDM-WAM 1563434323.0792296 - INFO - <Event(4-MouseMotion {'pos': (246, 215), 'rel': (-3, 1), 'buttons': (0, 0, 0), 'window': None})>
2019-07-18 08:18:49,069 - BDM-WAM 1563434323.0792296 - INFO - <Event(4-MouseMotion {'pos': (244, 215), 'rel': (-2, 0), 'buttons': (0, 0, 0), 'window': None})>
2019-07-18 08:18:49,087 - BDM-WAM 1563434323.0792296 - INFO - <Event(4-MouseMotion {'pos': (243, 216), 'rel': (-1, 1), 'buttons': (0, 0, 0), 'window': None})>
2019-07-18 08:18:49,105 - BDM-WAM 1563434323.0792296 - INFO - <Event(4-MouseMotion {'pos': (241, 216), 'rel': (-2, 0), 'buttons': (0, 0, 0), 'window': None})>
2019-07-18 08:18:49,120 - BDM-WAM 1563434323.0792296 - INFO - <Event(4-MouseMotion {'pos': (241, 217), 'rel': (0, 1), 'buttons': (0, 0, 0), 'window': None})>
2019-07-18 08:18:49,239 - BDM-WAM 1563434323.0792296 - INFO - <Event(4-MouseMotion {'pos': (241, 218), 'rel': (0, 1), 'buttons': (0, 0, 0), 'window': None})>
2019-07-18 08:18:49,279 - BDM-WAM 1563434323.0792296 - INFO - <Event(4-MouseMotion {'pos': (242, 219), 'rel': (1, 1), 'buttons': (0, 0, 0), 'window': None})>
2019-07-18 08:18:49,297 - BDM-WAM 1563434323.0792296 - INFO - <Event(4-MouseMotion {'pos': (247, 221), 'rel': (5, 2), 'buttons': (0, 0, 0), 'window': None})>
2019-07-18 08:18:49,313 - BDM-WAM 1563434323.0792296 - INFO - <Event(4-MouseMotion {'pos': (253, 224), 'rel': (6, 3), 'buttons': (0, 0, 0), 'window': None})>
2019-07-18 08:18:49,330 - BDM-WAM 1563434323.0792296 - INFO - <Event(4-MouseMotion {'pos': (261, 227), 'rel': (8, 3), 'buttons': (0, 0, 0), 'window': None})>
2019-07-18 08:18:49,347 - BDM-WAM 1563434323.0792296 - INFO - <Event(4-MouseMotion {'pos': (271, 231), 'rel': (10, 4), 'buttons': (0, 0, 0), 'window': None})>
2019-07-18 08:18:49,376 - BDM-WAM 1563434323.0792296 - INFO - <Event(4-MouseMotion {'pos': (301, 240), 'rel': (30, 9), 'buttons': (0, 0, 0), 'window': None})>
2019-07-18 08:18:49,414 - BDM-WAM 1563434323.0792296 - INFO - <Event(4-MouseMotion {'pos': (343, 251), 'rel': (42, 11), 'buttons': (0, 0, 0), 'window': None})>
2019-07-18 08:18:49,429 - BDM-WAM 1563434323.0792296 - INFO - <Event(4-MouseMotion {'pos': (357, 255), 'rel': (14, 4), 'buttons': (0, 0, 0), 'window': None})>
2019-07-18 08:18:49,446 - BDM-WAM 1563434323.0792296 - INFO - <Event(4-MouseMotion {'pos': (375, 261), 'rel': (18, 6), 'buttons': (0, 0, 0), 'window': None})>
2019-07-18 08:18:49,462 - BDM-WAM 1563434323.0792296 - INFO - <Event(4-MouseMotion {'pos': (390, 266), 'rel': (15, 5), 'buttons': (0, 0, 0), 'window': None})>
2019-07-18 08:18:49,479 - BDM-WAM 1563434323.0792296 - INFO - <Event(4-MouseMotion {'pos': (402, 270), 'rel': (12, 4), 'buttons': (0, 0, 0), 'window': None})>
2019-07-18 08:18:49,497 - BDM-WAM 1563434323.0792296 - INFO - <Event(4-MouseMotion {'pos': (416, 274), 'rel': (14, 4), 'buttons': (0, 0, 0), 'window': None})>
2019-07-18 08:18:49,514 - BDM-WAM 1563434323.0792296 - INFO - <Event(4-MouseMotion {'pos': (427, 276), 'rel': (11, 2), 'buttons': (0, 0, 0), 'window': None})>
2019-07-18 08:18:49,530 - BDM-WAM 1563434323.0792296 - INFO - <Event(4-MouseMotion {'pos': (435, 278), 'rel': (8, 2), 'buttons': (0, 0, 0), 'window': None})>
2019-07-18 08:18:49,544 - BDM-WAM 1563434323.0792296 - INFO - <Event(4-MouseMotion {'pos': (438, 278), 'rel': (3, 0), 'buttons': (0, 0, 0), 'window': None})>
2019-07-18 08:18:49,562 - BDM-WAM 1563434323.0792296 - INFO - <Event(4-MouseMotion {'pos': (441, 280), 'rel': (3, 2), 'buttons': (0, 0, 0), 'window': None})>
2019-07-18 08:18:49,581 - BDM-WAM 1563434323.0792296 - INFO - <Event(4-MouseMotion {'pos': (443, 282), 'rel': (2, 2), 'buttons': (0, 0, 0), 'window': None})>
2019-07-18 08:18:49,595 - BDM-WAM 1563434323.0792296 - INFO - <Event(4-MouseMotion {'pos': (445, 283), 'rel': (2, 1), 'buttons': (0, 0, 0), 'window': None})>
2019-07-18 08:18:49,612 - BDM-WAM 1563434323.0792296 - INFO - <Event(4-MouseMotion {'pos': (447, 286), 'rel': (2, 3), 'buttons': (0, 0, 0), 'window': None})>
2019-07-18 08:18:49,629 - BDM-WAM 1563434323.0792296 - INFO - <Event(4-MouseMotion {'pos': (451, 290), 'rel': (4, 4), 'buttons': (0, 0, 0), 'window': None})>
2019-07-18 08:18:49,645 - BDM-WAM 1563434323.0792296 - INFO - <Event(4-MouseMotion {'pos': (456, 296), 'rel': (5, 6), 'buttons': (0, 0, 0), 'window': None})>
2019-07-18 08:18:49,661 - BDM-WAM 1563434323.0792296 - INFO - <Event(4-MouseMotion {'pos': (463, 303), 'rel': (7, 7), 'buttons': (0, 0, 0), 'window': None})>
2019-07-18 08:18:49,678 - BDM-WAM 1563434323.0792296 - INFO - <Event(4-MouseMotion {'pos': (476, 313), 'rel': (13, 10), 'buttons': (0, 0, 0), 'window': None})>
2019-07-18 08:18:49,695 - BDM-WAM 1563434323.0792296 - INFO - <Event(4-MouseMotion {'pos': (494, 323), 'rel': (18, 10), 'buttons': (0, 0, 0), 'window': None})>
2019-07-18 08:18:49,710 - BDM-WAM 1563434323.0792296 - INFO - <Event(4-MouseMotion {'pos': (519, 333), 'rel': (25, 10), 'buttons': (0, 0, 0), 'window': None})>
2019-07-18 08:18:49,727 - BDM-WAM 1563434323.0792296 - INFO - <Event(4-MouseMotion {'pos': (550, 342), 'rel': (31, 9), 'buttons': (0, 0, 0), 'window': None})>
2019-07-18 08:18:49,745 - BDM-WAM 1563434323.0792296 - INFO - <Event(4-MouseMotion {'pos': (588, 350), 'rel': (38, 8), 'buttons': (0, 0, 0), 'window': None})>
2019-07-18 08:18:49,762 - BDM-WAM 1563434323.0792296 - INFO - <Event(4-MouseMotion {'pos': (626, 354), 'rel': (38, 4), 'buttons': (0, 0, 0), 'window': None})>
2019-07-18 08:18:49,778 - BDM-WAM 1563434323.0792296 - INFO - <Event(4-MouseMotion {'pos': (659, 357), 'rel': (33, 3), 'buttons': (0, 0, 0), 'window': None})>
2019-07-18 08:18:49,795 - BDM-WAM 1563434323.0792296 - INFO - <Event(4-MouseMotion {'pos': (689, 357), 'rel': (30, 0), 'buttons': (0, 0, 0), 'window': None})>
2019-07-18 08:18:49,812 - BDM-WAM 1563434323.0792296 - INFO - <Event(4-MouseMotion {'pos': (713, 357), 'rel': (24, 0), 'buttons': (0, 0, 0), 'window': None})>
2019-07-18 08:18:49,827 - BDM-WAM 1563434323.0792296 - INFO - <Event(4-MouseMotion {'pos': (726, 355), 'rel': (13, -2), 'buttons': (0, 0, 0), 'window': None})>
2019-07-18 08:18:49,845 - BDM-WAM 1563434323.0792296 - INFO - <Event(4-MouseMotion {'pos': (733, 353), 'rel': (7, -2), 'buttons': (0, 0, 0), 'window': None})>
2019-07-18 08:18:49,861 - BDM-WAM 1563434323.0792296 - INFO - <Event(4-MouseMotion {'pos': (736, 352), 'rel': (3, -1), 'buttons': (0, 0, 0), 'window': None})>
2019-07-18 08:18:49,893 - BDM-WAM 1563434323.0792296 - INFO - <Event(4-MouseMotion {'pos': (737, 350), 'rel': (1, -2), 'buttons': (0, 0, 0), 'window': None})>
2019-07-18 08:18:49,897 - BDM-WAM 1563434323.0792296 - INFO - <Event(4-MouseMotion {'pos': (737, 349), 'rel': (0, -1), 'buttons': (0, 0, 0), 'window': None})>
2019-07-18 08:18:49,929 - BDM-WAM 1563434323.0792296 - INFO - <Event(4-MouseMotion {'pos': (736, 347), 'rel': (-1, -2), 'buttons': (0, 0, 0), 'window': None})>
2019-07-18 08:18:49,947 - BDM-WAM 1563434323.0792296 - INFO - <Event(4-MouseMotion {'pos': (732, 344), 'rel': (-4, -3), 'buttons': (0, 0, 0), 'window': None})>
2019-07-18 08:18:49,963 - BDM-WAM 1563434323.0792296 - INFO - <Event(4-MouseMotion {'pos': (729, 342), 'rel': (-3, -2), 'buttons': (0, 0, 0), 'window': None})>
2019-07-18 08:18:49,994 - BDM-WAM 1563434323.0792296 - INFO - <Event(4-MouseMotion {'pos': (724, 336), 'rel': (-5, -6), 'buttons': (0, 0, 0), 'window': None})>
2019-07-18 08:18:49,998 - BDM-WAM 1563434323.0792296 - INFO - <Event(4-MouseMotion {'pos': (723, 336), 'rel': (-1, 0), 'buttons': (0, 0, 0), 'window': None})>
2019-07-18 08:18:50,013 - BDM-WAM 1563434323.0792296 - INFO - <Event(4-MouseMotion {'pos': (720, 333), 'rel': (-3, -3), 'buttons': (0, 0, 0), 'window': None})>
2019-07-18 08:18:50,028 - BDM-WAM 1563434323.0792296 - INFO - <Event(4-MouseMotion {'pos': (716, 329), 'rel': (-4, -4), 'buttons': (0, 0, 0), 'window': None})>
2019-07-18 08:18:50,045 - BDM-WAM 1563434323.0792296 - INFO - <Event(4-MouseMotion {'pos': (712, 325), 'rel': (-4, -4), 'buttons': (0, 0, 0), 'window': None})>
2019-07-18 08:18:50,064 - BDM-WAM 1563434323.0792296 - INFO - <Event(4-MouseMotion {'pos': (708, 319), 'rel': (-4, -6), 'buttons': (0, 0, 0), 'window': None})>
2019-07-18 08:18:50,079 - BDM-WAM 1563434323.0792296 - INFO - <Event(4-MouseMotion {'pos': (705, 313), 'rel': (-3, -6), 'buttons': (0, 0, 0), 'window': None})>
2019-07-18 08:18:50,109 - BDM-WAM 1563434323.0792296 - INFO - <Event(4-MouseMotion {'pos': (699, 297), 'rel': (-6, -16), 'buttons': (0, 0, 0), 'window': None})>
2019-07-18 08:18:50,114 - BDM-WAM 1563434323.0792296 - INFO - <Event(4-MouseMotion {'pos': (698, 295), 'rel': (-1, -2), 'buttons': (0, 0, 0), 'window': None})>
2019-07-18 08:18:50,128 - BDM-WAM 1563434323.0792296 - INFO - <Event(4-MouseMotion {'pos': (697, 290), 'rel': (-1, -5), 'buttons': (0, 0, 0), 'window': None})>
2019-07-18 08:18:50,146 - BDM-WAM 1563434323.0792296 - INFO - <Event(4-MouseMotion {'pos': (697, 283), 'rel': (0, -7), 'buttons': (0, 0, 0), 'window': None})>
2019-07-18 08:18:50,162 - BDM-WAM 1563434323.0792296 - INFO - <Event(4-MouseMotion {'pos': (698, 278), 'rel': (1, -5), 'buttons': (0, 0, 0), 'window': None})>
2019-07-18 08:18:50,180 - BDM-WAM 1563434323.0792296 - INFO - <Event(4-MouseMotion {'pos': (700, 276), 'rel': (2, -2), 'buttons': (0, 0, 0), 'window': None})>
2019-07-18 08:18:50,196 - BDM-WAM 1563434323.0792296 - INFO - <Event(4-MouseMotion {'pos': (702, 275), 'rel': (2, -1), 'buttons': (0, 0, 0), 'window': None})>
2019-07-18 08:18:50,212 - BDM-WAM 1563434323.0792296 - INFO - <Event(4-MouseMotion {'pos': (703, 275), 'rel': (1, 0), 'buttons': (0, 0, 0), 'window': None})>
2019-07-18 08:18:50,228 - BDM-WAM 1563434323.0792296 - INFO - <Event(4-MouseMotion {'pos': (704, 275), 'rel': (1, 0), 'buttons': (0, 0, 0), 'window': None})>
2019-07-18 08:18:50,245 - BDM-WAM 1563434323.0792296 - INFO - <Event(4-MouseMotion {'pos': (706, 276), 'rel': (2, 1), 'buttons': (0, 0, 0), 'window': None})>
2019-07-18 08:18:50,263 - BDM-WAM 1563434323.0792296 - INFO - <Event(4-MouseMotion {'pos': (708, 278), 'rel': (2, 2), 'buttons': (0, 0, 0), 'window': None})>
2019-07-18 08:18:50,280 - BDM-WAM 1563434323.0792296 - INFO - <Event(4-MouseMotion {'pos': (709, 280), 'rel': (1, 2), 'buttons': (0, 0, 0), 'window': None})>
2019-07-18 08:18:50,297 - BDM-WAM 1563434323.0792296 - INFO - <Event(4-MouseMotion {'pos': (711, 282), 'rel': (2, 2), 'buttons': (0, 0, 0), 'window': None})>
2019-07-18 08:18:50,364 - BDM-WAM 1563434323.0792296 - INFO - <Event(5-MouseButtonDown {'pos': (711, 282), 'button': 1, 'window': None})>
2019-07-18 08:18:50,364 - BDM-WAM 1563434323.0792296 - INFO - <Event(9.1-True Hit {'pos': (711,282), 'window': None})>
2019-07-18 08:18:50,482 - BDM-WAM 1563434323.0792296 - INFO - <Event(6-MouseButtonUp {'pos': (711, 282), 'button': 1, 'window': None})>
2019-07-18 08:18:50,618 - BDM-WAM 1563434323.0792296 - INFO - <Event(4-MouseMotion {'pos': (711, 284), 'rel': (0, 2), 'buttons': (0, 0, 0), 'window': None})>
2019-07-18 08:18:50,635 - BDM-WAM 1563434323.0792296 - INFO - <Event(4-MouseMotion {'pos': (710, 286), 'rel': (-1, 2), 'buttons': (0, 0, 0), 'window': None})>
2019-07-18 08:18:50,651 - BDM-WAM 1563434323.0792296 - INFO - <Event(4-MouseMotion {'pos': (707, 291), 'rel': (-3, 5), 'buttons': (0, 0, 0), 'window': None})>
2019-07-18 08:18:50,668 - BDM-WAM 1563434323.0792296 - INFO - <Event(4-MouseMotion {'pos': (701, 296), 'rel': (-6, 5), 'buttons': (0, 0, 0), 'window': None})>
2019-07-18 08:18:50,702 - BDM-WAM 1563434323.0792296 - INFO - <Event(4-MouseMotion {'pos': (675, 313), 'rel': (-26, 17), 'buttons': (0, 0, 0), 'window': None})>
2019-07-18 08:18:50,706 - BDM-WAM 1563434323.0792296 - INFO - <Event(4-MouseMotion {'pos': (670, 315), 'rel': (-5, 2), 'buttons': (0, 0, 0), 'window': None})>
2019-07-18 08:18:50,720 - BDM-WAM 1563434323.0792296 - INFO - <Event(4-MouseMotion {'pos': (655, 322), 'rel': (-15, 7), 'buttons': (0, 0, 0), 'window': None})>
2019-07-18 08:18:50,737 - BDM-WAM 1563434323.0792296 - INFO - <Event(4-MouseMotion {'pos': (640, 329), 'rel': (-15, 7), 'buttons': (0, 0, 0), 'window': None})>
2019-07-18 08:18:50,754 - BDM-WAM 1563434323.0792296 - INFO - <Event(4-MouseMotion {'pos': (620, 338), 'rel': (-20, 9), 'buttons': (0, 0, 0), 'window': None})>
2019-07-18 08:18:50,775 - BDM-WAM 1563434323.0792296 - INFO - <Event(4-MouseMotion {'pos': (603, 345), 'rel': (-17, 7), 'buttons': (0, 0, 0), 'window': None})>
2019-07-18 08:18:50,804 - BDM-WAM 1563434323.0792296 - INFO - <Event(4-MouseMotion {'pos': (581, 355), 'rel': (-22, 10), 'buttons': (0, 0, 0), 'window': None})>
2019-07-18 08:18:50,854 - BDM-WAM 1563434323.0792296 - INFO - <Event(4-MouseMotion {'pos': (559, 366), 'rel': (-22, 11), 'buttons': (0, 0, 0), 'window': None})>
2019-07-18 08:18:50,869 - BDM-WAM 1563434323.0792296 - INFO - <Event(4-MouseMotion {'pos': (556, 367), 'rel': (-3, 1), 'buttons': (0, 0, 0), 'window': None})>
2019-07-18 08:18:50,882 - BDM-WAM 1563434323.0792296 - INFO - <Event(4-MouseMotion {'pos': (552, 368), 'rel': (-4, 1), 'buttons': (0, 0, 0), 'window': None})>
2019-07-18 08:18:50,896 - BDM-WAM 1563434323.0792296 - INFO - <Event(4-MouseMotion {'pos': (548, 370), 'rel': (-4, 2), 'buttons': (0, 0, 0), 'window': None})>
2019-07-18 08:18:50,911 - BDM-WAM 1563434323.0792296 - INFO - <Event(4-MouseMotion {'pos': (545, 370), 'rel': (-3, 0), 'buttons': (0, 0, 0), 'window': None})>
2019-07-18 08:18:50,928 - BDM-WAM 1563434323.0792296 - INFO - <Event(4-MouseMotion {'pos': (541, 371), 'rel': (-4, 1), 'buttons': (0, 0, 0), 'window': None})>
2019-07-18 08:18:50,944 - BDM-WAM 1563434323.0792296 - INFO - <Event(4-MouseMotion {'pos': (535, 373), 'rel': (-6, 2), 'buttons': (0, 0, 0), 'window': None})>
2019-07-18 08:18:50,960 - BDM-WAM 1563434323.0792296 - INFO - <Event(4-MouseMotion {'pos': (529, 374), 'rel': (-6, 1), 'buttons': (0, 0, 0), 'window': None})>
2019-07-18 08:18:50,979 - BDM-WAM 1563434323.0792296 - INFO - <Event(4-MouseMotion {'pos': (521, 375), 'rel': (-8, 1), 'buttons': (0, 0, 0), 'window': None})>
2019-07-18 08:18:50,995 - BDM-WAM 1563434323.0792296 - INFO - <Event(4-MouseMotion {'pos': (512, 377), 'rel': (-9, 2), 'buttons': (0, 0, 0), 'window': None})>
2019-07-18 08:18:51,013 - BDM-WAM 1563434323.0792296 - INFO - <Event(4-MouseMotion {'pos': (500, 377), 'rel': (-12, 0), 'buttons': (0, 0, 0), 'window': None})>
2019-07-18 08:18:51,029 - BDM-WAM 1563434323.0792296 - INFO - <Event(4-MouseMotion {'pos': (488, 379), 'rel': (-12, 2), 'buttons': (0, 0, 0), 'window': None})>
2019-07-18 08:18:51,046 - BDM-WAM 1563434323.0792296 - INFO - <Event(4-MouseMotion {'pos': (475, 381), 'rel': (-13, 2), 'buttons': (0, 0, 0), 'window': None})>
2019-07-18 08:18:51,061 - BDM-WAM 1563434323.0792296 - INFO - <Event(4-MouseMotion {'pos': (461, 384), 'rel': (-14, 3), 'buttons': (0, 0, 0), 'window': None})>
2019-07-18 08:18:51,079 - BDM-WAM 1563434323.0792296 - INFO - <Event(4-MouseMotion {'pos': (443, 387), 'rel': (-18, 3), 'buttons': (0, 0, 0), 'window': None})>
2019-07-18 08:18:51,097 - BDM-WAM 1563434323.0792296 - INFO - <Event(4-MouseMotion {'pos': (427, 391), 'rel': (-16, 4), 'buttons': (0, 0, 0), 'window': None})>
2019-07-18 08:18:51,112 - BDM-WAM 1563434323.0792296 - INFO - <Event(4-MouseMotion {'pos': (415, 392), 'rel': (-12, 1), 'buttons': (0, 0, 0), 'window': None})>
2019-07-18 08:18:51,130 - BDM-WAM 1563434323.0792296 - INFO - <Event(4-MouseMotion {'pos': (405, 395), 'rel': (-10, 3), 'buttons': (0, 0, 0), 'window': None})>
2019-07-18 08:18:51,145 - BDM-WAM 1563434323.0792296 - INFO - <Event(4-MouseMotion {'pos': (400, 395), 'rel': (-5, 0), 'buttons': (0, 0, 0), 'window': None})>
2019-07-18 08:18:51,164 - BDM-WAM 1563434323.0792296 - INFO - <Event(4-MouseMotion {'pos': (392, 396), 'rel': (-8, 1), 'buttons': (0, 0, 0), 'window': None})>
2019-07-18 08:18:51,178 - BDM-WAM 1563434323.0792296 - INFO - <Event(4-MouseMotion {'pos': (389, 396), 'rel': (-3, 0), 'buttons': (0, 0, 0), 'window': None})>
2019-07-18 08:18:51,197 - BDM-WAM 1563434323.0792296 - INFO - <Event(4-MouseMotion {'pos': (387, 396), 'rel': (-2, 0), 'buttons': (0, 0, 0), 'window': None})>
2019-07-18 08:18:51,263 - BDM-WAM 1563434323.0792296 - INFO - <Event(4-MouseMotion {'pos': (388, 391), 'rel': (1, -5), 'buttons': (0, 0, 0), 'window': None})>
2019-07-18 08:18:51,279 - BDM-WAM 1563434323.0792296 - INFO - <Event(4-MouseMotion {'pos': (390, 382), 'rel': (2, -9), 'buttons': (0, 0, 0), 'window': None})>
2019-07-18 08:18:51,308 - BDM-WAM 1563434323.0792296 - INFO - <Event(4-MouseMotion {'pos': (393, 368), 'rel': (3, -14), 'buttons': (0, 0, 0), 'window': None})>
2019-07-18 08:18:51,313 - BDM-WAM 1563434323.0792296 - INFO - <Event(4-MouseMotion {'pos': (393, 366), 'rel': (0, -2), 'buttons': (0, 0, 0), 'window': None})>
2019-07-18 08:18:51,331 - BDM-WAM 1563434323.0792296 - INFO - <Event(4-MouseMotion {'pos': (398, 360), 'rel': (5, -6), 'buttons': (0, 0, 0), 'window': None})>
2019-07-18 08:18:51,346 - BDM-WAM 1563434323.0792296 - INFO - <Event(4-MouseMotion {'pos': (404, 354), 'rel': (6, -6), 'buttons': (0, 0, 0), 'window': None})>
2019-07-18 08:18:51,362 - BDM-WAM 1563434323.0792296 - INFO - <Event(4-MouseMotion {'pos': (415, 345), 'rel': (11, -9), 'buttons': (0, 0, 0), 'window': None})>
2019-07-18 08:18:51,378 - BDM-WAM 1563434323.0792296 - INFO - <Event(4-MouseMotion {'pos': (426, 335), 'rel': (11, -10), 'buttons': (0, 0, 0), 'window': None})>
2019-07-18 08:18:51,396 - BDM-WAM 1563434323.0792296 - INFO - <Event(4-MouseMotion {'pos': (434, 328), 'rel': (8, -7), 'buttons': (0, 0, 0), 'window': None})>
2019-07-18 08:18:51,429 - BDM-WAM 1563434323.0792296 - INFO - <Event(4-MouseMotion {'pos': (440, 327), 'rel': (6, -1), 'buttons': (0, 0, 0), 'window': None})>
2019-07-18 08:18:51,441 - BDM-WAM 1563434323.0792296 - INFO - <Event(4-MouseMotion {'pos': (441, 331), 'rel': (1, 4), 'buttons': (0, 0, 0), 'window': None})>
2019-07-18 08:18:51,456 - BDM-WAM 1563434323.0792296 - INFO - <Event(4-MouseMotion {'pos': (443, 342), 'rel': (2, 11), 'buttons': (0, 0, 0), 'window': None})>
2019-07-18 08:18:51,469 - BDM-WAM 1563434323.0792296 - INFO - <Event(4-MouseMotion {'pos': (444, 358), 'rel': (1, 16), 'buttons': (0, 0, 0), 'window': None})>
2019-07-18 08:18:51,485 - BDM-WAM 1563434323.0792296 - INFO - <Event(4-MouseMotion {'pos': (445, 378), 'rel': (1, 20), 'buttons': (0, 0, 0), 'window': None})>
2019-07-18 08:18:51,501 - BDM-WAM 1563434323.0792296 - INFO - <Event(4-MouseMotion {'pos': (446, 394), 'rel': (1, 16), 'buttons': (0, 0, 0), 'window': None})>
2019-07-18 08:18:51,532 - BDM-WAM 1563434323.0792296 - INFO - <Event(4-MouseMotion {'pos': (448, 420), 'rel': (2, 26), 'buttons': (0, 0, 0), 'window': None})>
2019-07-18 08:18:51,537 - BDM-WAM 1563434323.0792296 - INFO - <Event(4-MouseMotion {'pos': (448, 422), 'rel': (0, 2), 'buttons': (0, 0, 0), 'window': None})>
2019-07-18 08:18:51,553 - BDM-WAM 1563434323.0792296 - INFO - <Event(4-MouseMotion {'pos': (448, 427), 'rel': (0, 5), 'buttons': (0, 0, 0), 'window': None})>
2019-07-18 08:18:51,572 - BDM-WAM 1563434323.0792296 - INFO - <Event(4-MouseMotion {'pos': (447, 432), 'rel': (-1, 5), 'buttons': (0, 0, 0), 'window': None})>
2019-07-18 08:18:51,584 - BDM-WAM 1563434323.0792296 - INFO - <Event(4-MouseMotion {'pos': (444, 435), 'rel': (-3, 3), 'buttons': (0, 0, 0), 'window': None})>
2019-07-18 08:18:51,602 - BDM-WAM 1563434323.0792296 - INFO - <Event(4-MouseMotion {'pos': (432, 436), 'rel': (-12, 1), 'buttons': (0, 0, 0), 'window': None})>
2019-07-18 08:18:51,619 - BDM-WAM 1563434323.0792296 - INFO - <Event(4-MouseMotion {'pos': (406, 438), 'rel': (-26, 2), 'buttons': (0, 0, 0), 'window': None})>
2019-07-18 08:18:51,638 - BDM-WAM 1563434323.0792296 - INFO - <Event(4-MouseMotion {'pos': (358, 435), 'rel': (-48, -3), 'buttons': (0, 0, 0), 'window': None})>
2019-07-18 08:18:51,654 - BDM-WAM 1563434323.0792296 - INFO - <Event(4-MouseMotion {'pos': (307, 432), 'rel': (-51, -3), 'buttons': (0, 0, 0), 'window': None})>
2019-07-18 08:18:51,668 - BDM-WAM 1563434323.0792296 - INFO - <Event(4-MouseMotion {'pos': (252, 430), 'rel': (-55, -2), 'buttons': (0, 0, 0), 'window': None})>
2019-07-18 08:18:51,686 - BDM-WAM 1563434323.0792296 - INFO - <Event(4-MouseMotion {'pos': (199, 430), 'rel': (-53, 0), 'buttons': (0, 0, 0), 'window': None})>
2019-07-18 08:18:51,706 - BDM-WAM 1563434323.0792296 - INFO - <Event(4-MouseMotion {'pos': (159, 430), 'rel': (-40, 0), 'buttons': (0, 0, 0), 'window': None})>
2019-07-18 08:18:51,721 - BDM-WAM 1563434323.0792296 - INFO - <Event(4-MouseMotion {'pos': (141, 430), 'rel': (-18, 0), 'buttons': (0, 0, 0), 'window': None})>
2019-07-18 08:18:51,735 - BDM-WAM 1563434323.0792296 - INFO - <Event(4-MouseMotion {'pos': (129, 429), 'rel': (-12, -1), 'buttons': (0, 0, 0), 'window': None})>
2019-07-18 08:18:51,755 - BDM-WAM 1563434323.0792296 - INFO - <Event(4-MouseMotion {'pos': (126, 428), 'rel': (-3, -1), 'buttons': (0, 0, 0), 'window': None})>
2019-07-18 08:18:51,788 - BDM-WAM 1563434323.0792296 - INFO - <Event(4-MouseMotion {'pos': (127, 426), 'rel': (1, -2), 'buttons': (0, 0, 0), 'window': None})>
2019-07-18 08:18:51,806 - BDM-WAM 1563434323.0792296 - INFO - <Event(4-MouseMotion {'pos': (128, 424), 'rel': (1, -2), 'buttons': (0, 0, 0), 'window': None})>
2019-07-18 08:18:51,821 - BDM-WAM 1563434323.0792296 - INFO - <Event(4-MouseMotion {'pos': (129, 423), 'rel': (1, -1), 'buttons': (0, 0, 0), 'window': None})>
2019-07-18 08:18:51,836 - BDM-WAM 1563434323.0792296 - INFO - <Event(4-MouseMotion {'pos': (130, 421), 'rel': (1, -2), 'buttons': (0, 0, 0), 'window': None})>
2019-07-18 08:18:51,853 - BDM-WAM 1563434323.0792296 - INFO - <Event(4-MouseMotion {'pos': (132, 419), 'rel': (2, -2), 'buttons': (0, 0, 0), 'window': None})>
2019-07-18 08:18:51,869 - BDM-WAM 1563434323.0792296 - INFO - <Event(4-MouseMotion {'pos': (133, 416), 'rel': (1, -3), 'buttons': (0, 0, 0), 'window': None})>
2019-07-18 08:18:51,886 - BDM-WAM 1563434323.0792296 - INFO - <Event(4-MouseMotion {'pos': (134, 414), 'rel': (1, -2), 'buttons': (0, 0, 0), 'window': None})>
2019-07-18 08:18:51,905 - BDM-WAM 1563434323.0792296 - INFO - <Event(4-MouseMotion {'pos': (134, 413), 'rel': (0, -1), 'buttons': (0, 0, 0), 'window': None})>
2019-07-18 08:18:51,920 - BDM-WAM 1563434323.0792296 - INFO - <Event(4-MouseMotion {'pos': (135, 412), 'rel': (1, -1), 'buttons': (0, 0, 0), 'window': None})>
2019-07-18 08:18:51,972 - BDM-WAM 1563434323.0792296 - INFO - <Event(4-MouseMotion {'pos': (136, 412), 'rel': (1, 0), 'buttons': (0, 0, 0), 'window': None})>
2019-07-18 08:18:51,991 - BDM-WAM 1563434323.0792296 - INFO - <Event(5-MouseButtonDown {'pos': (136, 411), 'button': 1, 'window': None})>
2019-07-18 08:18:51,991 - BDM-WAM 1563434323.0792296 - INFO - <Event(9.2-Fake Miss {'pos': (137,411), 'window': None})>
2019-07-18 08:18:51,992 - BDM-WAM 1563434323.0792296 - INFO - <Event(4-MouseMotion {'pos': (137, 411), 'rel': (1, 0), 'buttons': (1, 0, 0), 'window': None})>
2019-07-18 08:18:52,006 - BDM-WAM 1563434323.0792296 - INFO - <Event(4-MouseMotion {'pos': (138, 410), 'rel': (1, -1), 'buttons': (1, 0, 0), 'window': None})>
2019-07-18 08:18:52,122 - BDM-WAM 1563434323.0792296 - INFO - <Event(6-MouseButtonUp {'pos': (138, 410), 'button': 1, 'window': None})>
2019-07-18 08:18:52,210 - BDM-WAM 1563434323.0792296 - INFO - <Event(4-MouseMotion {'pos': (139, 410), 'rel': (1, 0), 'buttons': (0, 0, 0), 'window': None})>
2019-07-18 08:18:52,244 - BDM-WAM 1563434323.0792296 - INFO - <Event(4-MouseMotion {'pos': (140, 410), 'rel': (1, 0), 'buttons': (0, 0, 0), 'window': None})>
2019-07-18 08:18:52,277 - BDM-WAM 1563434323.0792296 - INFO - <Event(4-MouseMotion {'pos': (141, 410), 'rel': (1, 0), 'buttons': (0, 0, 0), 'window': None})>
2019-07-18 08:18:52,294 - BDM-WAM 1563434323.0792296 - INFO - <Event(4-MouseMotion {'pos': (143, 409), 'rel': (2, -1), 'buttons': (0, 0, 0), 'window': None})>
2019-07-18 08:18:52,313 - BDM-WAM 1563434323.0792296 - INFO - <Event(5-MouseButtonDown {'pos': (143, 409), 'button': 1, 'window': None})>
2019-07-18 08:18:52,313 - BDM-WAM 1563434323.0792296 - INFO - <Event(9.2-Fake Miss {'pos': (144,409), 'window': None})>
2019-07-18 08:18:52,314 - BDM-WAM 1563434323.0792296 - INFO - <Event(4-MouseMotion {'pos': (144, 409), 'rel': (1, 0), 'buttons': (1, 0, 0), 'window': None})>
2019-07-18 08:18:52,328 - BDM-WAM 1563434323.0792296 - INFO - <Event(4-MouseMotion {'pos': (144, 408), 'rel': (0, -1), 'buttons': (1, 0, 0), 'window': None})>
2019-07-18 08:18:52,345 - BDM-WAM 1563434323.0792296 - INFO - <Event(4-MouseMotion {'pos': (145, 408), 'rel': (1, 0), 'buttons': (1, 0, 0), 'window': None})>
2019-07-18 08:18:52,427 - BDM-WAM 1563434323.0792296 - INFO - <Event(6-MouseButtonUp {'pos': (145, 408), 'button': 1, 'window': None})>
2019-07-18 08:18:52,461 - BDM-WAM 1563434323.0792296 - INFO - <Event(4-MouseMotion {'pos': (146, 408), 'rel': (1, 0), 'buttons': (0, 0, 0), 'window': None})>
2019-07-18 08:18:52,510 - BDM-WAM 1563434323.0792296 - INFO - <Event(4-MouseMotion {'pos': (147, 408), 'rel': (1, 0), 'buttons': (0, 0, 0), 'window': None})>
2019-07-18 08:18:52,543 - BDM-WAM 1563434323.0792296 - INFO - <Event(4-MouseMotion {'pos': (156, 408), 'rel': (9, 0), 'buttons': (0, 0, 0), 'window': None})>
2019-07-18 08:18:52,547 - BDM-WAM 1563434323.0792296 - INFO - <Event(4-MouseMotion {'pos': (157, 408), 'rel': (1, 0), 'buttons': (0, 0, 0), 'window': None})>
2019-07-18 08:18:52,562 - BDM-WAM 1563434323.0792296 - INFO - <Event(4-MouseMotion {'pos': (163, 407), 'rel': (6, -1), 'buttons': (0, 0, 0), 'window': None})>
2019-07-18 08:18:52,578 - BDM-WAM 1563434323.0792296 - INFO - <Event(4-MouseMotion {'pos': (170, 405), 'rel': (7, -2), 'buttons': (0, 0, 0), 'window': None})>
2019-07-18 08:18:52,594 - BDM-WAM 1563434323.0792296 - INFO - <Event(4-MouseMotion {'pos': (180, 404), 'rel': (10, -1), 'buttons': (0, 0, 0), 'window': None})>
2019-07-18 08:18:52,612 - BDM-WAM 1563434323.0792296 - INFO - <Event(4-MouseMotion {'pos': (191, 402), 'rel': (11, -2), 'buttons': (0, 0, 0), 'window': None})>
2019-07-18 08:18:52,645 - BDM-WAM 1563434323.0792296 - INFO - <Event(4-MouseMotion {'pos': (205, 398), 'rel': (14, -4), 'buttons': (0, 0, 0), 'window': None})>
2019-07-18 08:18:52,650 - BDM-WAM 1563434323.0792296 - INFO - <Event(4-MouseMotion {'pos': (208, 398), 'rel': (3, 0), 'buttons': (0, 0, 0), 'window': None})>
2019-07-18 08:18:52,665 - BDM-WAM 1563434323.0792296 - INFO - <Event(4-MouseMotion {'pos': (212, 395), 'rel': (4, -3), 'buttons': (0, 0, 0), 'window': None})>
2019-07-18 08:18:52,681 - BDM-WAM 1563434323.0792296 - INFO - <Event(4-MouseMotion {'pos': (218, 392), 'rel': (6, -3), 'buttons': (0, 0, 0), 'window': None})>
2019-07-18 08:18:52,698 - BDM-WAM 1563434323.0792296 - INFO - <Event(4-MouseMotion {'pos': (224, 388), 'rel': (6, -4), 'buttons': (0, 0, 0), 'window': None})>
2019-07-18 08:18:52,713 - BDM-WAM 1563434323.0792296 - INFO - <Event(4-MouseMotion {'pos': (229, 384), 'rel': (5, -4), 'buttons': (0, 0, 0), 'window': None})>
2019-07-18 08:18:52,746 - BDM-WAM 1563434323.0792296 - INFO - <Event(4-MouseMotion {'pos': (241, 370), 'rel': (12, -14), 'buttons': (0, 0, 0), 'window': None})>
2019-07-18 08:18:52,764 - BDM-WAM 1563434323.0792296 - INFO - <Event(4-MouseMotion {'pos': (247, 363), 'rel': (6, -7), 'buttons': (0, 0, 0), 'window': None})>
2019-07-18 08:18:52,781 - BDM-WAM 1563434323.0792296 - INFO - <Event(4-MouseMotion {'pos': (250, 358), 'rel': (3, -5), 'buttons': (0, 0, 0), 'window': None})>
2019-07-18 08:18:52,798 - BDM-WAM 1563434323.0792296 - INFO - <Event(4-MouseMotion {'pos': (254, 352), 'rel': (4, -6), 'buttons': (0, 0, 0), 'window': None})>
2019-07-18 08:18:52,813 - BDM-WAM 1563434323.0792296 - INFO - <Event(4-MouseMotion {'pos': (256, 346), 'rel': (2, -6), 'buttons': (0, 0, 0), 'window': None})>
2019-07-18 08:18:52,831 - BDM-WAM 1563434323.0792296 - INFO - <Event(4-MouseMotion {'pos': (258, 340), 'rel': (2, -6), 'buttons': (0, 0, 0), 'window': None})>
2019-07-18 08:18:52,849 - BDM-WAM 1563434323.0792296 - INFO - <Event(4-MouseMotion {'pos': (260, 334), 'rel': (2, -6), 'buttons': (0, 0, 0), 'window': None})>
2019-07-18 08:18:52,865 - BDM-WAM 1563434323.0792296 - INFO - <Event(4-MouseMotion {'pos': (261, 328), 'rel': (1, -6), 'buttons': (0, 0, 0), 'window': None})>
2019-07-18 08:18:52,880 - BDM-WAM 1563434323.0792296 - INFO - <Event(4-MouseMotion {'pos': (262, 324), 'rel': (1, -4), 'buttons': (0, 0, 0), 'window': None})>
2019-07-18 08:18:52,896 - BDM-WAM 1563434323.0792296 - INFO - <Event(4-MouseMotion {'pos': (263, 320), 'rel': (1, -4), 'buttons': (0, 0, 0), 'window': None})>
2019-07-18 08:18:52,912 - BDM-WAM 1563434323.0792296 - INFO - <Event(4-MouseMotion {'pos': (264, 315), 'rel': (1, -5), 'buttons': (0, 0, 0), 'window': None})>
2019-07-18 08:18:52,931 - BDM-WAM 1563434323.0792296 - INFO - <Event(4-MouseMotion {'pos': (266, 311), 'rel': (2, -4), 'buttons': (0, 0, 0), 'window': None})>
2019-07-18 08:18:52,949 - BDM-WAM 1563434323.0792296 - INFO - <Event(4-MouseMotion {'pos': (269, 307), 'rel': (3, -4), 'buttons': (0, 0, 0), 'window': None})>
2019-07-18 08:18:52,965 - BDM-WAM 1563434323.0792296 - INFO - <Event(4-MouseMotion {'pos': (272, 304), 'rel': (3, -3), 'buttons': (0, 0, 0), 'window': None})>
2019-07-18 08:18:52,980 - BDM-WAM 1563434323.0792296 - INFO - <Event(4-MouseMotion {'pos': (279, 300), 'rel': (7, -4), 'buttons': (0, 0, 0), 'window': None})>
2019-07-18 08:18:52,997 - BDM-WAM 1563434323.0792296 - INFO - <Event(4-MouseMotion {'pos': (291, 296), 'rel': (12, -4), 'buttons': (0, 0, 0), 'window': None})>
2019-07-18 08:18:53,016 - BDM-WAM 1563434323.0792296 - INFO - <Event(4-MouseMotion {'pos': (314, 290), 'rel': (23, -6), 'buttons': (0, 0, 0), 'window': None})>
2019-07-18 08:18:53,033 - BDM-WAM 1563434323.0792296 - INFO - <Event(4-MouseMotion {'pos': (350, 283), 'rel': (36, -7), 'buttons': (0, 0, 0), 'window': None})>
2019-07-18 08:18:53,049 - BDM-WAM 1563434323.0792296 - INFO - <Event(4-MouseMotion {'pos': (393, 276), 'rel': (43, -7), 'buttons': (0, 0, 0), 'window': None})>
2019-07-18 08:18:53,063 - BDM-WAM 1563434323.0792296 - INFO - <Event(4-MouseMotion {'pos': (436, 269), 'rel': (43, -7), 'buttons': (0, 0, 0), 'window': None})>
2019-07-18 08:18:53,081 - BDM-WAM 1563434323.0792296 - INFO - <Event(4-MouseMotion {'pos': (493, 258), 'rel': (57, -11), 'buttons': (0, 0, 0), 'window': None})>
2019-07-18 08:18:53,098 - BDM-WAM 1563434323.0792296 - INFO - <Event(4-MouseMotion {'pos': (538, 250), 'rel': (45, -8), 'buttons': (0, 0, 0), 'window': None})>
2019-07-18 08:18:53,115 - BDM-WAM 1563434323.0792296 - INFO - <Event(4-MouseMotion {'pos': (577, 241), 'rel': (39, -9), 'buttons': (0, 0, 0), 'window': None})>
2019-07-18 08:18:53,131 - BDM-WAM 1563434323.0792296 - INFO - <Event(4-MouseMotion {'pos': (600, 235), 'rel': (23, -6), 'buttons': (0, 0, 0), 'window': None})>
2019-07-18 08:18:53,147 - BDM-WAM 1563434323.0792296 - INFO - <Event(4-MouseMotion {'pos': (613, 230), 'rel': (13, -5), 'buttons': (0, 0, 0), 'window': None})>
2019-07-18 08:18:53,162 - BDM-WAM 1563434323.0792296 - INFO - <Event(4-MouseMotion {'pos': (619, 226), 'rel': (6, -4), 'buttons': (0, 0, 0), 'window': None})>
2019-07-18 08:18:53,180 - BDM-WAM 1563434323.0792296 - INFO - <Event(4-MouseMotion {'pos': (619, 223), 'rel': (0, -3), 'buttons': (0, 0, 0), 'window': None})>
2019-07-18 08:18:53,195 - BDM-WAM 1563434323.0792296 - INFO - <Event(4-MouseMotion {'pos': (619, 221), 'rel': (0, -2), 'buttons': (0, 0, 0), 'window': None})>
2019-07-18 08:18:53,214 - BDM-WAM 1563434323.0792296 - INFO - <Event(4-MouseMotion {'pos': (614, 218), 'rel': (-5, -3), 'buttons': (0, 0, 0), 'window': None})>
2019-07-18 08:18:53,228 - BDM-WAM 1563434323.0792296 - INFO - <Event(4-MouseMotion {'pos': (608, 217), 'rel': (-6, -1), 'buttons': (0, 0, 0), 'window': None})>
2019-07-18 08:18:53,265 - BDM-WAM 1563434323.0792296 - INFO - <Event(4-MouseMotion {'pos': (593, 214), 'rel': (-15, -3), 'buttons': (0, 0, 0), 'window': None})>
2019-07-18 08:18:53,274 - BDM-WAM 1563434323.0792296 - INFO - <Event(4-MouseMotion {'pos': (588, 214), 'rel': (-5, 0), 'buttons': (0, 0, 0), 'window': None})>
2019-07-18 08:18:53,291 - BDM-WAM 1563434323.0792296 - INFO - <Event(4-MouseMotion {'pos': (575, 213), 'rel': (-13, -1), 'buttons': (0, 0, 0), 'window': None})>
2019-07-18 08:18:53,306 - BDM-WAM 1563434323.0792296 - INFO - <Event(4-MouseMotion {'pos': (559, 213), 'rel': (-16, 0), 'buttons': (0, 0, 0), 'window': None})>
2019-07-18 08:18:53,323 - BDM-WAM 1563434323.0792296 - INFO - <Event(4-MouseMotion {'pos': (544, 217), 'rel': (-15, 4), 'buttons': (0, 0, 0), 'window': None})>
2019-07-18 08:18:53,339 - BDM-WAM 1563434323.0792296 - INFO - <Event(4-MouseMotion {'pos': (532, 222), 'rel': (-12, 5), 'buttons': (0, 0, 0), 'window': None})>
2019-07-18 08:18:53,372 - BDM-WAM 1563434323.0792296 - INFO - <Event(4-MouseMotion {'pos': (521, 236), 'rel': (-11, 14), 'buttons': (0, 0, 0), 'window': None})>
2019-07-18 08:18:53,377 - BDM-WAM 1563434323.0792296 - INFO - <Event(4-MouseMotion {'pos': (521, 238), 'rel': (0, 2), 'buttons': (0, 0, 0), 'window': None})>
2019-07-18 08:18:53,390 - BDM-WAM 1563434323.0792296 - INFO - <Event(4-MouseMotion {'pos': (518, 248), 'rel': (-3, 10), 'buttons': (0, 0, 0), 'window': None})>
2019-07-18 08:18:53,409 - BDM-WAM 1563434323.0792296 - INFO - <Event(4-MouseMotion {'pos': (515, 263), 'rel': (-3, 15), 'buttons': (0, 0, 0), 'window': None})>
2019-07-18 08:18:53,424 - BDM-WAM 1563434323.0792296 - INFO - <Event(4-MouseMotion {'pos': (511, 276), 'rel': (-4, 13), 'buttons': (0, 0, 0), 'window': None})>
2019-07-18 08:18:53,441 - BDM-WAM 1563434323.0792296 - INFO - <Event(4-MouseMotion {'pos': (505, 289), 'rel': (-6, 13), 'buttons': (0, 0, 0), 'window': None})>
2019-07-18 08:18:53,473 - BDM-WAM 1563434323.0792296 - INFO - <Event(4-MouseMotion {'pos': (489, 314), 'rel': (-16, 25), 'buttons': (0, 0, 0), 'window': None})>
2019-07-18 08:18:53,477 - BDM-WAM 1563434323.0792296 - INFO - <Event(4-MouseMotion {'pos': (487, 316), 'rel': (-2, 2), 'buttons': (0, 0, 0), 'window': None})>
2019-07-18 08:18:53,494 - BDM-WAM 1563434323.0792296 - INFO - <Event(4-MouseMotion {'pos': (479, 327), 'rel': (-8, 11), 'buttons': (0, 0, 0), 'window': None})>
2019-07-18 08:18:53,511 - BDM-WAM 1563434323.0792296 - INFO - <Event(4-MouseMotion {'pos': (473, 332), 'rel': (-6, 5), 'buttons': (0, 0, 0), 'window': None})>
2019-07-18 08:18:53,530 - BDM-WAM 1563434323.0792296 - INFO - <Event(4-MouseMotion {'pos': (472, 333), 'rel': (-1, 1), 'buttons': (0, 0, 0), 'window': None})>
2019-07-18 08:18:53,546 - BDM-WAM 1563434323.0792296 - INFO - <Event(4-MouseMotion {'pos': (472, 332), 'rel': (0, -1), 'buttons': (0, 0, 0), 'window': None})>
2019-07-18 08:18:53,563 - BDM-WAM 1563434323.0792296 - INFO - <Event(4-MouseMotion {'pos': (475, 322), 'rel': (3, -10), 'buttons': (0, 0, 0), 'window': None})>
2019-07-18 08:18:53,579 - BDM-WAM 1563434323.0792296 - INFO - <Event(4-MouseMotion {'pos': (479, 304), 'rel': (4, -18), 'buttons': (0, 0, 0), 'window': None})>
2019-07-18 08:18:53,595 - BDM-WAM 1563434323.0792296 - INFO - <Event(4-MouseMotion {'pos': (483, 284), 'rel': (4, -20), 'buttons': (0, 0, 0), 'window': None})>
2019-07-18 08:18:53,611 - BDM-WAM 1563434323.0792296 - INFO - <Event(4-MouseMotion {'pos': (487, 262), 'rel': (4, -22), 'buttons': (0, 0, 0), 'window': None})>
2019-07-18 08:18:53,632 - BDM-WAM 1563434323.0792296 - INFO - <Event(4-MouseMotion {'pos': (492, 236), 'rel': (5, -26), 'buttons': (0, 0, 0), 'window': None})>
2019-07-18 08:18:53,644 - BDM-WAM 1563434323.0792296 - INFO - <Event(4-MouseMotion {'pos': (495, 221), 'rel': (3, -15), 'buttons': (0, 0, 0), 'window': None})>
2019-07-18 08:18:53,661 - BDM-WAM 1563434323.0792296 - INFO - <Event(4-MouseMotion {'pos': (498, 209), 'rel': (3, -12), 'buttons': (0, 0, 0), 'window': None})>
2019-07-18 08:18:53,677 - BDM-WAM 1563434323.0792296 - INFO - <Event(4-MouseMotion {'pos': (500, 200), 'rel': (2, -9), 'buttons': (0, 0, 0), 'window': None})>
2019-07-18 08:18:53,694 - BDM-WAM 1563434323.0792296 - INFO - <Event(4-MouseMotion {'pos': (501, 194), 'rel': (1, -6), 'buttons': (0, 0, 0), 'window': None})>
2019-07-18 08:18:53,711 - BDM-WAM 1563434323.0792296 - INFO - <Event(4-MouseMotion {'pos': (502, 190), 'rel': (1, -4), 'buttons': (0, 0, 0), 'window': None})>
2019-07-18 08:18:53,728 - BDM-WAM 1563434323.0792296 - INFO - <Event(4-MouseMotion {'pos': (502, 186), 'rel': (0, -4), 'buttons': (0, 0, 0), 'window': None})>
2019-07-18 08:18:53,745 - BDM-WAM 1563434323.0792296 - INFO - <Event(4-MouseMotion {'pos': (502, 185), 'rel': (0, -1), 'buttons': (0, 0, 0), 'window': None})>
2019-07-18 08:18:53,762 - BDM-WAM 1563434323.0792296 - INFO - <Event(4-MouseMotion {'pos': (502, 183), 'rel': (0, -2), 'buttons': (0, 0, 0), 'window': None})>
2019-07-18 08:18:53,777 - BDM-WAM 1563434323.0792296 - INFO - <Event(4-MouseMotion {'pos': (502, 182), 'rel': (0, -1), 'buttons': (0, 0, 0), 'window': None})>
2019-07-18 08:18:53,794 - BDM-WAM 1563434323.0792296 - INFO - <Event(4-MouseMotion {'pos': (503, 181), 'rel': (1, -1), 'buttons': (0, 0, 0), 'window': None})>
2019-07-18 08:18:53,811 - BDM-WAM 1563434323.0792296 - INFO - <Event(4-MouseMotion {'pos': (503, 180), 'rel': (0, -1), 'buttons': (0, 0, 0), 'window': None})>
2019-07-18 08:18:53,891 - BDM-WAM 1563434323.0792296 - INFO - <Event(4-MouseMotion {'pos': (503, 179), 'rel': (0, -1), 'buttons': (0, 0, 0), 'window': None})>
2019-07-18 08:18:53,911 - BDM-WAM 1563434323.0792296 - INFO - <Event(5-MouseButtonDown {'pos': (503, 179), 'button': 1, 'window': None})>
2019-07-18 08:18:53,912 - BDM-WAM 1563434323.0792296 - INFO - <Event(9.2-Fake Miss {'pos': (503,179), 'window': None})>
2019-07-18 08:18:54,093 - BDM-WAM 1563434323.0792296 - INFO - <Event(6-MouseButtonUp {'pos': (503, 179), 'button': 1, 'window': None})>
2019-07-18 08:18:54,224 - BDM-WAM 1563434323.0792296 - INFO - <Event(4-MouseMotion {'pos': (505, 179), 'rel': (2, 0), 'buttons': (0, 0, 0), 'window': None})>
2019-07-18 08:18:54,244 - BDM-WAM 1563434323.0792296 - INFO - <Event(4-MouseMotion {'pos': (506, 176), 'rel': (1, -3), 'buttons': (0, 0, 0), 'window': None})>
2019-07-18 08:18:54,260 - BDM-WAM 1563434323.0792296 - INFO - <Event(4-MouseMotion {'pos': (508, 175), 'rel': (2, -1), 'buttons': (0, 0, 0), 'window': None})>
2019-07-18 08:18:54,276 - BDM-WAM 1563434323.0792296 - INFO - <Event(4-MouseMotion {'pos': (509, 173), 'rel': (1, -2), 'buttons': (0, 0, 0), 'window': None})>
2019-07-18 08:18:54,295 - BDM-WAM 1563434323.0792296 - INFO - <Event(4-MouseMotion {'pos': (510, 172), 'rel': (1, -1), 'buttons': (0, 0, 0), 'window': None})>
2019-07-18 08:18:54,310 - BDM-WAM 1563434323.0792296 - INFO - <Event(4-MouseMotion {'pos': (511, 171), 'rel': (1, -1), 'buttons': (0, 0, 0), 'window': None})>
2019-07-18 08:18:54,377 - BDM-WAM 1563434323.0792296 - INFO - <Event(5-MouseButtonDown {'pos': (511, 171), 'button': 1, 'window': None})>
2019-07-18 08:18:54,377 - BDM-WAM 1563434323.0792296 - INFO - <Event(9.2-Fake Miss {'pos': (511,171), 'window': None})>
2019-07-18 08:18:54,505 - BDM-WAM 1563434323.0792296 - INFO - <Event(6-MouseButtonUp {'pos': (511, 171), 'button': 1, 'window': None})>
2019-07-18 08:18:54,655 - BDM-WAM 1563434323.0792296 - INFO - <Event(4-MouseMotion {'pos': (512, 172), 'rel': (1, 1), 'buttons': (0, 0, 0), 'window': None})>
2019-07-18 08:18:54,671 - BDM-WAM 1563434323.0792296 - INFO - <Event(4-MouseMotion {'pos': (512, 174), 'rel': (0, 2), 'buttons': (0, 0, 0), 'window': None})>
2019-07-18 08:18:54,716 - BDM-WAM 1563434323.0792296 - INFO - <Event(4-MouseMotion {'pos': (514, 181), 'rel': (2, 7), 'buttons': (0, 0, 0), 'window': None})>
2019-07-18 08:18:54,738 - BDM-WAM 1563434323.0792296 - INFO - <Event(4-MouseMotion {'pos': (515, 186), 'rel': (1, 5), 'buttons': (0, 0, 0), 'window': None})>
2019-07-18 08:18:54,754 - BDM-WAM 1563434323.0792296 - INFO - <Event(4-MouseMotion {'pos': (515, 190), 'rel': (0, 4), 'buttons': (0, 0, 0), 'window': None})>
2019-07-18 08:18:54,771 - BDM-WAM 1563434323.0792296 - INFO - <Event(4-MouseMotion {'pos': (516, 195), 'rel': (1, 5), 'buttons': (0, 0, 0), 'window': None})>
2019-07-18 08:18:54,788 - BDM-WAM 1563434323.0792296 - INFO - <Event(4-MouseMotion {'pos': (516, 200), 'rel': (0, 5), 'buttons': (0, 0, 0), 'window': None})>
2019-07-18 08:18:54,802 - BDM-WAM 1563434323.0792296 - INFO - <Event(4-MouseMotion {'pos': (517, 205), 'rel': (1, 5), 'buttons': (0, 0, 0), 'window': None})>
2019-07-18 08:18:54,818 - BDM-WAM 1563434323.0792296 - INFO - <Event(4-MouseMotion {'pos': (519, 210), 'rel': (2, 5), 'buttons': (0, 0, 0), 'window': None})>
2019-07-18 08:18:54,838 - BDM-WAM 1563434323.0792296 - INFO - <Event(4-MouseMotion {'pos': (522, 216), 'rel': (3, 6), 'buttons': (0, 0, 0), 'window': None})>
2019-07-18 08:18:54,854 - BDM-WAM 1563434323.0792296 - INFO - <Event(4-MouseMotion {'pos': (528, 221), 'rel': (6, 5), 'buttons': (0, 0, 0), 'window': None})>
2019-07-18 08:18:54,869 - BDM-WAM 1563434323.0792296 - INFO - <Event(4-MouseMotion {'pos': (534, 222), 'rel': (6, 1), 'buttons': (0, 0, 0), 'window': None})>
2019-07-18 08:18:54,889 - BDM-WAM 1563434323.0792296 - INFO - <Event(4-MouseMotion {'pos': (547, 223), 'rel': (13, 1), 'buttons': (0, 0, 0), 'window': None})>
2019-07-18 08:18:54,905 - BDM-WAM 1563434323.0792296 - INFO - <Event(4-MouseMotion {'pos': (558, 221), 'rel': (11, -2), 'buttons': (0, 0, 0), 'window': None})>
2019-07-18 08:18:54,923 - BDM-WAM 1563434323.0792296 - INFO - <Event(4-MouseMotion {'pos': (569, 216), 'rel': (11, -5), 'buttons': (0, 0, 0), 'window': None})>
2019-07-18 08:18:54,938 - BDM-WAM 1563434323.0792296 - INFO - <Event(4-MouseMotion {'pos': (581, 209), 'rel': (12, -7), 'buttons': (0, 0, 0), 'window': None})>
2019-07-18 08:18:54,955 - BDM-WAM 1563434323.0792296 - INFO - <Event(4-MouseMotion {'pos': (594, 200), 'rel': (13, -9), 'buttons': (0, 0, 0), 'window': None})>
2019-07-18 08:18:54,973 - BDM-WAM 1563434323.0792296 - INFO - <Event(4-MouseMotion {'pos': (603, 191), 'rel': (9, -9), 'buttons': (0, 0, 0), 'window': None})>
2019-07-18 08:18:54,988 - BDM-WAM 1563434323.0792296 - INFO - <Event(4-MouseMotion {'pos': (609, 184), 'rel': (6, -7), 'buttons': (0, 0, 0), 'window': None})>
2019-07-18 08:18:55,005 - BDM-WAM 1563434323.0792296 - INFO - <Event(4-MouseMotion {'pos': (615, 176), 'rel': (6, -8), 'buttons': (0, 0, 0), 'window': None})>
2019-07-18 08:18:55,029 - BDM-WAM 1563434323.0792296 - INFO - <Event(4-MouseMotion {'pos': (618, 166), 'rel': (3, -10), 'buttons': (0, 0, 0), 'window': None})>
2019-07-18 08:18:55,039 - BDM-WAM 1563434323.0792296 - INFO - <Event(4-MouseMotion {'pos': (620, 162), 'rel': (2, -4), 'buttons': (0, 0, 0), 'window': None})>
2019-07-18 08:18:55,057 - BDM-WAM 1563434323.0792296 - INFO - <Event(4-MouseMotion {'pos': (620, 155), 'rel': (0, -7), 'buttons': (0, 0, 0), 'window': None})>
2019-07-18 08:18:55,072 - BDM-WAM 1563434323.0792296 - INFO - <Event(4-MouseMotion {'pos': (620, 151), 'rel': (0, -4), 'buttons': (0, 0, 0), 'window': None})>
2019-07-18 08:18:55,089 - BDM-WAM 1563434323.0792296 - INFO - <Event(4-MouseMotion {'pos': (620, 147), 'rel': (0, -4), 'buttons': (0, 0, 0), 'window': None})>
2019-07-18 08:18:55,107 - BDM-WAM 1563434323.0792296 - INFO - <Event(4-MouseMotion {'pos': (619, 145), 'rel': (-1, -2), 'buttons': (0, 0, 0), 'window': None})>
2019-07-18 08:18:55,123 - BDM-WAM 1563434323.0792296 - INFO - <Event(4-MouseMotion {'pos': (617, 145), 'rel': (-2, 0), 'buttons': (0, 0, 0), 'window': None})>
2019-07-18 08:18:55,137 - BDM-WAM 1563434323.0792296 - INFO - <Event(4-MouseMotion {'pos': (614, 145), 'rel': (-3, 0), 'buttons': (0, 0, 0), 'window': None})>
2019-07-18 08:18:55,157 - BDM-WAM 1563434323.0792296 - INFO - <Event(4-MouseMotion {'pos': (602, 149), 'rel': (-12, 4), 'buttons': (0, 0, 0), 'window': None})>
2019-07-18 08:18:55,170 - BDM-WAM 1563434323.0792296 - INFO - <Event(4-MouseMotion {'pos': (589, 153), 'rel': (-13, 4), 'buttons': (0, 0, 0), 'window': None})>
2019-07-18 08:18:55,194 - BDM-WAM 1563434323.0792296 - INFO - <Event(4-MouseMotion {'pos': (554, 168), 'rel': (-35, 15), 'buttons': (0, 0, 0), 'window': None})>
2019-07-18 08:18:55,220 - BDM-WAM 1563434323.0792296 - INFO - <Event(4-MouseMotion {'pos': (495, 195), 'rel': (-59, 27), 'buttons': (0, 0, 0), 'window': None})>
2019-07-18 08:18:55,267 - BDM-WAM 1563434323.0792296 - INFO - <Event(4-MouseMotion {'pos': (394, 238), 'rel': (-101, 43), 'buttons': (0, 0, 0), 'window': None})>
2019-07-18 08:18:55,281 - BDM-WAM 1563434323.0792296 - INFO - <Event(4-MouseMotion {'pos': (376, 246), 'rel': (-18, 8), 'buttons': (0, 0, 0), 'window': None})>
2019-07-18 08:18:55,299 - BDM-WAM 1563434323.0792296 - INFO - <Event(4-MouseMotion {'pos': (361, 253), 'rel': (-15, 7), 'buttons': (0, 0, 0), 'window': None})>
2019-07-18 08:18:55,330 - BDM-WAM 1563434323.0792296 - INFO - <Event(4-MouseMotion {'pos': (346, 261), 'rel': (-15, 8), 'buttons': (0, 0, 0), 'window': None})>
2019-07-18 08:18:55,335 - BDM-WAM 1563434323.0792296 - INFO - <Event(4-MouseMotion {'pos': (344, 262), 'rel': (-2, 1), 'buttons': (0, 0, 0), 'window': None})>
2019-07-18 08:18:55,352 - BDM-WAM 1563434323.0792296 - INFO - <Event(4-MouseMotion {'pos': (339, 265), 'rel': (-5, 3), 'buttons': (0, 0, 0), 'window': None})>
2019-07-18 08:18:55,370 - BDM-WAM 1563434323.0792296 - INFO - <Event(4-MouseMotion {'pos': (334, 268), 'rel': (-5, 3), 'buttons': (0, 0, 0), 'window': None})>
2019-07-18 08:18:55,388 - BDM-WAM 1563434323.0792296 - INFO - <Event(4-MouseMotion {'pos': (330, 270), 'rel': (-4, 2), 'buttons': (0, 0, 0), 'window': None})>
2019-07-18 08:18:55,403 - BDM-WAM 1563434323.0792296 - INFO - <Event(4-MouseMotion {'pos': (327, 271), 'rel': (-3, 1), 'buttons': (0, 0, 0), 'window': None})>
2019-07-18 08:18:55,439 - BDM-WAM 1563434323.0792296 - INFO - <Event(4-MouseMotion {'pos': (319, 273), 'rel': (-8, 2), 'buttons': (0, 0, 0), 'window': None})>
2019-07-18 08:18:55,449 - BDM-WAM 1563434323.0792296 - INFO - <Event(4-MouseMotion {'pos': (317, 273), 'rel': (-2, 0), 'buttons': (0, 0, 0), 'window': None})>
2019-07-18 08:18:55,465 - BDM-WAM 1563434323.0792296 - INFO - <Event(4-MouseMotion {'pos': (311, 273), 'rel': (-6, 0), 'buttons': (0, 0, 0), 'window': None})>
2019-07-18 08:18:55,484 - BDM-WAM 1563434323.0792296 - INFO - <Event(4-MouseMotion {'pos': (303, 272), 'rel': (-8, -1), 'buttons': (0, 0, 0), 'window': None})>
2019-07-18 08:18:55,498 - BDM-WAM 1563434323.0792296 - INFO - <Event(4-MouseMotion {'pos': (292, 269), 'rel': (-11, -3), 'buttons': (0, 0, 0), 'window': None})>
2019-07-18 08:18:55,520 - BDM-WAM 1563434323.0792296 - INFO - <Event(4-MouseMotion {'pos': (273, 263), 'rel': (-19, -6), 'buttons': (0, 0, 0), 'window': None})>
2019-07-18 08:18:55,531 - BDM-WAM 1563434323.0792296 - INFO - <Event(4-MouseMotion {'pos': (265, 259), 'rel': (-8, -4), 'buttons': (0, 0, 0), 'window': None})>
2019-07-18 08:18:55,552 - BDM-WAM 1563434323.0792296 - INFO - <Event(4-MouseMotion {'pos': (252, 250), 'rel': (-13, -9), 'buttons': (0, 0, 0), 'window': None})>
2019-07-18 08:18:55,573 - BDM-WAM 1563434323.0792296 - INFO - <Event(4-MouseMotion {'pos': (241, 243), 'rel': (-11, -7), 'buttons': (0, 0, 0), 'window': None})>
2019-07-18 08:18:55,581 - BDM-WAM 1563434323.0792296 - INFO - <Event(4-MouseMotion {'pos': (236, 240), 'rel': (-5, -3), 'buttons': (0, 0, 0), 'window': None})>
2019-07-18 08:18:55,597 - BDM-WAM 1563434323.0792296 - INFO - <Event(4-MouseMotion {'pos': (231, 236), 'rel': (-5, -4), 'buttons': (0, 0, 0), 'window': None})>
2019-07-18 08:18:55,616 - BDM-WAM 1563434323.0792296 - INFO - <Event(4-MouseMotion {'pos': (229, 232), 'rel': (-2, -4), 'buttons': (0, 0, 0), 'window': None})>
2019-07-18 08:18:55,631 - BDM-WAM 1563434323.0792296 - INFO - <Event(4-MouseMotion {'pos': (227, 230), 'rel': (-2, -2), 'buttons': (0, 0, 0), 'window': None})>
2019-07-18 08:18:55,650 - BDM-WAM 1563434323.0792296 - INFO - <Event(4-MouseMotion {'pos': (227, 226), 'rel': (0, -4), 'buttons': (0, 0, 0), 'window': None})>
2019-07-18 08:18:55,665 - BDM-WAM 1563434323.0792296 - INFO - <Event(4-MouseMotion {'pos': (227, 224), 'rel': (0, -2), 'buttons': (0, 0, 0), 'window': None})>
2019-07-18 08:18:55,684 - BDM-WAM 1563434323.0792296 - INFO - <Event(4-MouseMotion {'pos': (227, 221), 'rel': (0, -3), 'buttons': (0, 0, 0), 'window': None})>
2019-07-18 08:18:55,697 - BDM-WAM 1563434323.0792296 - INFO - <Event(4-MouseMotion {'pos': (227, 220), 'rel': (0, -1), 'buttons': (0, 0, 0), 'window': None})>
2019-07-18 08:18:55,716 - BDM-WAM 1563434323.0792296 - INFO - <Event(4-MouseMotion {'pos': (227, 217), 'rel': (0, -3), 'buttons': (0, 0, 0), 'window': None})>
2019-07-18 08:18:55,733 - BDM-WAM 1563434323.0792296 - INFO - <Event(4-MouseMotion {'pos': (227, 214), 'rel': (0, -3), 'buttons': (0, 0, 0), 'window': None})>
2019-07-18 08:18:55,748 - BDM-WAM 1563434323.0792296 - INFO - <Event(4-MouseMotion {'pos': (227, 213), 'rel': (0, -1), 'buttons': (0, 0, 0), 'window': None})>
2019-07-18 08:18:55,767 - BDM-WAM 1563434323.0792296 - INFO - <Event(5-MouseButtonDown {'pos': (227, 213), 'button': 1, 'window': None})>
2019-07-18 08:18:55,768 - BDM-WAM 1563434323.0792296 - INFO - <Event(9.1-True Hit {'pos': (227,213), 'window': None})>
2019-07-18 08:18:55,901 - BDM-WAM 1563434323.0792296 - INFO - <Event(6-MouseButtonUp {'pos': (227, 213), 'button': 1, 'window': None})>
2019-07-18 08:18:56,064 - BDM-WAM 1563434323.0792296 - INFO - <Event(4-MouseMotion {'pos': (228, 214), 'rel': (1, 1), 'buttons': (0, 0, 0), 'window': None})>
2019-07-18 08:18:56,099 - BDM-WAM 1563434323.0792296 - INFO - <Event(4-MouseMotion {'pos': (234, 217), 'rel': (6, 3), 'buttons': (0, 0, 0), 'window': None})>
2019-07-18 08:18:56,103 - BDM-WAM 1563434323.0792296 - INFO - <Event(4-MouseMotion {'pos': (234, 218), 'rel': (0, 1), 'buttons': (0, 0, 0), 'window': None})>
2019-07-18 08:18:56,117 - BDM-WAM 1563434323.0792296 - INFO - <Event(4-MouseMotion {'pos': (238, 220), 'rel': (4, 2), 'buttons': (0, 0, 0), 'window': None})>
2019-07-18 08:18:56,134 - BDM-WAM 1563434323.0792296 - INFO - <Event(4-MouseMotion {'pos': (242, 222), 'rel': (4, 2), 'buttons': (0, 0, 0), 'window': None})>
2019-07-18 08:18:56,153 - BDM-WAM 1563434323.0792296 - INFO - <Event(4-MouseMotion {'pos': (248, 225), 'rel': (6, 3), 'buttons': (0, 0, 0), 'window': None})>
2019-07-18 08:18:56,171 - BDM-WAM 1563434323.0792296 - INFO - <Event(4-MouseMotion {'pos': (258, 229), 'rel': (10, 4), 'buttons': (0, 0, 0), 'window': None})>
2019-07-18 08:18:56,189 - BDM-WAM 1563434323.0792296 - INFO - <Event(4-MouseMotion {'pos': (268, 233), 'rel': (10, 4), 'buttons': (0, 0, 0), 'window': None})>
2019-07-18 08:18:56,213 - BDM-WAM 1563434323.0792296 - INFO - <Event(4-MouseMotion {'pos': (282, 239), 'rel': (14, 6), 'buttons': (0, 0, 0), 'window': None})>
2019-07-18 08:18:56,254 - BDM-WAM 1563434323.0792296 - INFO - <Event(4-MouseMotion {'pos': (296, 244), 'rel': (14, 5), 'buttons': (0, 0, 0), 'window': None})>
2019-07-18 08:18:56,268 - BDM-WAM 1563434323.0792296 - INFO - <Event(4-MouseMotion {'pos': (300, 246), 'rel': (4, 2), 'buttons': (0, 0, 0), 'window': None})>
2019-07-18 08:18:56,284 - BDM-WAM 1563434323.0792296 - INFO - <Event(4-MouseMotion {'pos': (304, 247), 'rel': (4, 1), 'buttons': (0, 0, 0), 'window': None})>
2019-07-18 08:18:56,299 - BDM-WAM 1563434323.0792296 - INFO - <Event(4-MouseMotion {'pos': (306, 248), 'rel': (2, 1), 'buttons': (0, 0, 0), 'window': None})>
2019-07-18 08:18:56,317 - BDM-WAM 1563434323.0792296 - INFO - <Event(4-MouseMotion {'pos': (308, 250), 'rel': (2, 2), 'buttons': (0, 0, 0), 'window': None})>
2019-07-18 08:18:56,334 - BDM-WAM 1563434323.0792296 - INFO - <Event(4-MouseMotion {'pos': (310, 251), 'rel': (2, 1), 'buttons': (0, 0, 0), 'window': None})>
2019-07-18 08:18:56,350 - BDM-WAM 1563434323.0792296 - INFO - <Event(4-MouseMotion {'pos': (311, 252), 'rel': (1, 1), 'buttons': (0, 0, 0), 'window': None})>
2019-07-18 08:18:56,368 - BDM-WAM 1563434323.0792296 - INFO - <Event(4-MouseMotion {'pos': (313, 254), 'rel': (2, 2), 'buttons': (0, 0, 0), 'window': None})>
2019-07-18 08:18:56,385 - BDM-WAM 1563434323.0792296 - INFO - <Event(4-MouseMotion {'pos': (315, 256), 'rel': (2, 2), 'buttons': (0, 0, 0), 'window': None})>
2019-07-18 08:18:56,400 - BDM-WAM 1563434323.0792296 - INFO - <Event(4-MouseMotion {'pos': (316, 257), 'rel': (1, 1), 'buttons': (0, 0, 0), 'window': None})>
2019-07-18 08:18:56,417 - BDM-WAM 1563434323.0792296 - INFO - <Event(4-MouseMotion {'pos': (317, 259), 'rel': (1, 2), 'buttons': (0, 0, 0), 'window': None})>
2019-07-18 08:18:56,434 - BDM-WAM 1563434323.0792296 - INFO - <Event(4-MouseMotion {'pos': (318, 261), 'rel': (1, 2), 'buttons': (0, 0, 0), 'window': None})>
2019-07-18 08:18:56,453 - BDM-WAM 1563434323.0792296 - INFO - <Event(4-MouseMotion {'pos': (320, 264), 'rel': (2, 3), 'buttons': (0, 0, 0), 'window': None})>
2019-07-18 08:18:56,467 - BDM-WAM 1563434323.0792296 - INFO - <Event(4-MouseMotion {'pos': (321, 268), 'rel': (1, 4), 'buttons': (0, 0, 0), 'window': None})>
2019-07-18 08:18:56,485 - BDM-WAM 1563434323.0792296 - INFO - <Event(4-MouseMotion {'pos': (323, 272), 'rel': (2, 4), 'buttons': (0, 0, 0), 'window': None})>
2019-07-18 08:18:56,500 - BDM-WAM 1563434323.0792296 - INFO - <Event(4-MouseMotion {'pos': (323, 275), 'rel': (0, 3), 'buttons': (0, 0, 0), 'window': None})>
2019-07-18 08:18:56,515 - BDM-WAM 1563434323.0792296 - INFO - <Event(4-MouseMotion {'pos': (323, 279), 'rel': (0, 4), 'buttons': (0, 0, 0), 'window': None})>
2019-07-18 08:18:56,532 - BDM-WAM 1563434323.0792296 - INFO - <Event(4-MouseMotion {'pos': (323, 283), 'rel': (0, 4), 'buttons': (0, 0, 0), 'window': None})>
2019-07-18 08:18:56,549 - BDM-WAM 1563434323.0792296 - INFO - <Event(4-MouseMotion {'pos': (324, 288), 'rel': (1, 5), 'buttons': (0, 0, 0), 'window': None})>
2019-07-18 08:18:56,566 - BDM-WAM 1563434323.0792296 - INFO - <Event(4-MouseMotion {'pos': (325, 292), 'rel': (1, 4), 'buttons': (0, 0, 0), 'window': None})>
2019-07-18 08:18:56,582 - BDM-WAM 1563434323.0792296 - INFO - <Event(4-MouseMotion {'pos': (328, 295), 'rel': (3, 3), 'buttons': (0, 0, 0), 'window': None})>
2019-07-18 08:18:56,598 - BDM-WAM 1563434323.0792296 - INFO - <Event(4-MouseMotion {'pos': (330, 297), 'rel': (2, 2), 'buttons': (0, 0, 0), 'window': None})>
2019-07-18 08:18:56,615 - BDM-WAM 1563434323.0792296 - INFO - <Event(4-MouseMotion {'pos': (335, 298), 'rel': (5, 1), 'buttons': (0, 0, 0), 'window': None})>
2019-07-18 08:18:56,634 - BDM-WAM 1563434323.0792296 - INFO - <Event(4-MouseMotion {'pos': (345, 301), 'rel': (10, 3), 'buttons': (0, 0, 0), 'window': None})>
2019-07-18 08:18:56,650 - BDM-WAM 1563434323.0792296 - INFO - <Event(4-MouseMotion {'pos': (361, 304), 'rel': (16, 3), 'buttons': (0, 0, 0), 'window': None})>
2019-07-18 08:18:56,666 - BDM-WAM 1563434323.0792296 - INFO - <Event(4-MouseMotion {'pos': (383, 310), 'rel': (22, 6), 'buttons': (0, 0, 0), 'window': None})>
2019-07-18 08:18:56,682 - BDM-WAM 1563434323.0792296 - INFO - <Event(4-MouseMotion {'pos': (411, 317), 'rel': (28, 7), 'buttons': (0, 0, 0), 'window': None})>
2019-07-18 08:18:56,712 - BDM-WAM 1563434323.0792296 - INFO - <Event(4-MouseMotion {'pos': (468, 334), 'rel': (57, 17), 'buttons': (0, 0, 0), 'window': None})>
2019-07-18 08:18:56,716 - BDM-WAM 1563434323.0792296 - INFO - <Event(4-MouseMotion {'pos': (474, 336), 'rel': (6, 2), 'buttons': (0, 0, 0), 'window': None})>
2019-07-18 08:18:56,733 - BDM-WAM 1563434323.0792296 - INFO - <Event(4-MouseMotion {'pos': (501, 347), 'rel': (27, 11), 'buttons': (0, 0, 0), 'window': None})>
2019-07-18 08:18:56,748 - BDM-WAM 1563434323.0792296 - INFO - <Event(4-MouseMotion {'pos': (524, 357), 'rel': (23, 10), 'buttons': (0, 0, 0), 'window': None})>
2019-07-18 08:18:56,765 - BDM-WAM 1563434323.0792296 - INFO - <Event(4-MouseMotion {'pos': (539, 365), 'rel': (15, 8), 'buttons': (0, 0, 0), 'window': None})>
2019-07-18 08:18:56,782 - BDM-WAM 1563434323.0792296 - INFO - <Event(4-MouseMotion {'pos': (547, 370), 'rel': (8, 5), 'buttons': (0, 0, 0), 'window': None})>
2019-07-18 08:18:56,814 - BDM-WAM 1563434323.0792296 - INFO - <Event(4-MouseMotion {'pos': (548, 375), 'rel': (1, 5), 'buttons': (0, 0, 0), 'window': None})>
2019-07-18 08:18:56,824 - BDM-WAM 1563434323.0792296 - INFO - <Event(4-MouseMotion {'pos': (548, 377), 'rel': (0, 2), 'buttons': (0, 0, 0), 'window': None})>
2019-07-18 08:18:56,841 - BDM-WAM 1563434323.0792296 - INFO - <Event(4-MouseMotion {'pos': (546, 380), 'rel': (-2, 3), 'buttons': (0, 0, 0), 'window': None})>
2019-07-18 08:18:56,859 - BDM-WAM 1563434323.0792296 - INFO - <Event(4-MouseMotion {'pos': (544, 383), 'rel': (-2, 3), 'buttons': (0, 0, 0), 'window': None})>
2019-07-18 08:18:56,880 - BDM-WAM 1563434323.0792296 - INFO - <Event(4-MouseMotion {'pos': (543, 384), 'rel': (-1, 1), 'buttons': (0, 0, 0), 'window': None})>
2019-07-18 08:18:56,966 - BDM-WAM 1563434323.0792296 - INFO - <Event(4-MouseMotion {'pos': (541, 386), 'rel': (-2, 2), 'buttons': (0, 0, 0), 'window': None})>
2019-07-18 08:18:56,974 - BDM-WAM 1563434323.0792296 - INFO - <Event(4-MouseMotion {'pos': (539, 388), 'rel': (-2, 2), 'buttons': (0, 0, 0), 'window': None})>
2019-07-18 08:18:57,000 - BDM-WAM 1563434323.0792296 - INFO - <Event(4-MouseMotion {'pos': (527, 397), 'rel': (-12, 9), 'buttons': (0, 0, 0), 'window': None})>
2019-07-18 08:18:57,005 - BDM-WAM 1563434323.0792296 - INFO - <Event(4-MouseMotion {'pos': (522, 400), 'rel': (-5, 3), 'buttons': (0, 0, 0), 'window': None})>
2019-07-18 08:18:57,023 - BDM-WAM 1563434323.0792296 - INFO - <Event(4-MouseMotion {'pos': (502, 408), 'rel': (-20, 8), 'buttons': (0, 0, 0), 'window': None})>
2019-07-18 08:18:57,038 - BDM-WAM 1563434323.0792296 - INFO - <Event(4-MouseMotion {'pos': (471, 413), 'rel': (-31, 5), 'buttons': (0, 0, 0), 'window': None})>
2019-07-18 08:18:57,056 - BDM-WAM 1563434323.0792296 - INFO - <Event(4-MouseMotion {'pos': (422, 414), 'rel': (-49, 1), 'buttons': (0, 0, 0), 'window': None})>
2019-07-18 08:18:57,074 - BDM-WAM 1563434323.0792296 - INFO - <Event(4-MouseMotion {'pos': (372, 415), 'rel': (-50, 1), 'buttons': (0, 0, 0), 'window': None})>
2019-07-18 08:18:57,090 - BDM-WAM 1563434323.0792296 - INFO - <Event(4-MouseMotion {'pos': (333, 415), 'rel': (-39, 0), 'buttons': (0, 0, 0), 'window': None})>
2019-07-18 08:18:57,108 - BDM-WAM 1563434323.0792296 - INFO - <Event(4-MouseMotion {'pos': (294, 417), 'rel': (-39, 2), 'buttons': (0, 0, 0), 'window': None})>
2019-07-18 08:18:57,123 - BDM-WAM 1563434323.0792296 - INFO - <Event(4-MouseMotion {'pos': (271, 420), 'rel': (-23, 3), 'buttons': (0, 0, 0), 'window': None})>
2019-07-18 08:18:57,142 - BDM-WAM 1563434323.0792296 - INFO - <Event(4-MouseMotion {'pos': (243, 423), 'rel': (-28, 3), 'buttons': (0, 0, 0), 'window': None})>
2019-07-18 08:18:57,156 - BDM-WAM 1563434323.0792296 - INFO - <Event(4-MouseMotion {'pos': (230, 424), 'rel': (-13, 1), 'buttons': (0, 0, 0), 'window': None})>
2019-07-18 08:18:57,171 - BDM-WAM 1563434323.0792296 - INFO - <Event(4-MouseMotion {'pos': (222, 425), 'rel': (-8, 1), 'buttons': (0, 0, 0), 'window': None})>
2019-07-18 08:18:57,189 - BDM-WAM 1563434323.0792296 - INFO - <Event(4-MouseMotion {'pos': (218, 427), 'rel': (-4, 2), 'buttons': (0, 0, 0), 'window': None})>
2019-07-18 08:18:57,370 - BDM-WAM 1563434323.0792296 - INFO - <Event(4-MouseMotion {'pos': (217, 427), 'rel': (-1, 0), 'buttons': (0, 0, 0), 'window': None})>
2019-07-18 08:18:57,388 - BDM-WAM 1563434323.0792296 - INFO - <Event(4-MouseMotion {'pos': (214, 427), 'rel': (-3, 0), 'buttons': (0, 0, 0), 'window': None})>
2019-07-18 08:18:57,404 - BDM-WAM 1563434323.0792296 - INFO - <Event(4-MouseMotion {'pos': (210, 427), 'rel': (-4, 0), 'buttons': (0, 0, 0), 'window': None})>
2019-07-18 08:18:57,434 - BDM-WAM 1563434323.0792296 - INFO - <Event(4-MouseMotion {'pos': (203, 425), 'rel': (-7, -2), 'buttons': (0, 0, 0), 'window': None})>
2019-07-18 08:18:57,440 - BDM-WAM 1563434323.0792296 - INFO - <Event(4-MouseMotion {'pos': (201, 424), 'rel': (-2, -1), 'buttons': (0, 0, 0), 'window': None})>
2019-07-18 08:18:57,454 - BDM-WAM 1563434323.0792296 - INFO - <Event(4-MouseMotion {'pos': (197, 422), 'rel': (-4, -2), 'buttons': (0, 0, 0), 'window': None})>
2019-07-18 08:18:57,472 - BDM-WAM 1563434323.0792296 - INFO - <Event(4-MouseMotion {'pos': (193, 421), 'rel': (-4, -1), 'buttons': (0, 0, 0), 'window': None})>
2019-07-18 08:18:57,496 - BDM-WAM 1563434323.0792296 - INFO - <Event(4-MouseMotion {'pos': (189, 420), 'rel': (-4, -1), 'buttons': (0, 0, 0), 'window': None})>
2019-07-18 08:18:57,509 - BDM-WAM 1563434323.0792296 - INFO - <Event(4-MouseMotion {'pos': (189, 419), 'rel': (0, -1), 'buttons': (0, 0, 0), 'window': None})>
2019-07-18 08:18:57,537 - BDM-WAM 1563434323.0792296 - INFO - <Event(5-MouseButtonDown {'pos': (189, 419), 'button': 1, 'window': None})>
2019-07-18 08:18:57,538 - BDM-WAM 1563434323.0792296 - INFO - <Event(9.1-True Hit {'pos': (189,419), 'window': None})>
2019-07-18 08:51:55,722 - BDM-WAM 1563434323.0792296 - INFO - ************* HAPPY ANALYSING... LOG COMPLETE!!! ************* 
