2020-01-21 21:08:31,021 - BDM-WAM 1579640910.914991 - INFO - <Event(17-VideoExpose {})>
2020-01-21 21:08:31,960 - BDM-WAM 1579640910.914991 - INFO - <Event(1-ActiveEvent {'gain': 0, 'state': 1})>
2020-01-21 21:08:31,961 - BDM-WAM 1579640910.914991 - INFO - <Event(4-MouseMotion {'pos': (408, 506), 'rel': (409, 507), 'buttons': (0, 0, 0), 'window': None})>
2020-01-21 21:08:31,962 - BDM-WAM 1579640910.914991 - INFO - <Event(1-ActiveEvent {'gain': 1, 'state': 1})>
2020-01-21 21:08:31,962 - BDM-WAM 1579640910.914991 - INFO - <Event(4-MouseMotion {'pos': (409, 508), 'rel': (1, 2), 'buttons': (0, 0, 0), 'window': None})>
2020-01-21 21:08:31,994 - BDM-WAM 1579640910.914991 - INFO - <Event(10-MoleUp) {'loc': (464,119)})>
2020-01-21 21:08:32,028 - BDM-WAM 1579640910.914991 - INFO - <Event(4-MouseMotion {'pos': (491, 421), 'rel': (8, -7), 'buttons': (0, 0, 0), 'window': None})>
2020-01-21 21:08:32,031 - BDM-WAM 1579640910.914991 - INFO - <Event(4-MouseMotion {'pos': (492, 420), 'rel': (1, -1), 'buttons': (0, 0, 0), 'window': None})>
2020-01-21 21:08:32,048 - BDM-WAM 1579640910.914991 - INFO - <Event(4-MouseMotion {'pos': (497, 418), 'rel': (5, -2), 'buttons': (0, 0, 0), 'window': None})>
2020-01-21 21:08:32,065 - BDM-WAM 1579640910.914991 - INFO - <Event(3-KeyUp {'key': 99, 'mod': 0, 'scancode': 46, 'window': None})>
2020-01-21 21:08:32,065 - BDM-WAM 1579640910.914991 - INFO - <Event(4-MouseMotion {'pos': (502, 415), 'rel': (5, -3), 'buttons': (0, 0, 0), 'window': None})>
2020-01-21 21:08:32,082 - BDM-WAM 1579640910.914991 - INFO - <Event(4-MouseMotion {'pos': (504, 414), 'rel': (2, -1), 'buttons': (0, 0, 0), 'window': None})>
2020-01-21 21:08:32,132 - BDM-WAM 1579640910.914991 - INFO - <Event(4-MouseMotion {'pos': (507, 414), 'rel': (3, 0), 'buttons': (0, 0, 0), 'window': None})>
2020-01-21 21:08:32,150 - BDM-WAM 1579640910.914991 - INFO - <Event(4-MouseMotion {'pos': (509, 413), 'rel': (2, -1), 'buttons': (0, 0, 0), 'window': None})>
2020-01-21 21:08:32,167 - BDM-WAM 1579640910.914991 - INFO - <Event(4-MouseMotion {'pos': (513, 411), 'rel': (4, -2), 'buttons': (0, 0, 0), 'window': None})>
2020-01-21 21:08:32,184 - BDM-WAM 1579640910.914991 - INFO - <Event(4-MouseMotion {'pos': (520, 407), 'rel': (7, -4), 'buttons': (0, 0, 0), 'window': None})>
2020-01-21 21:08:32,235 - BDM-WAM 1579640910.914991 - INFO - <Event(4-MouseMotion {'pos': (535, 391), 'rel': (15, -16), 'buttons': (0, 0, 0), 'window': None})>
2020-01-21 21:08:32,253 - BDM-WAM 1579640910.914991 - INFO - <Event(4-MouseMotion {'pos': (539, 384), 'rel': (4, -7), 'buttons': (0, 0, 0), 'window': None})>
2020-01-21 21:08:32,270 - BDM-WAM 1579640910.914991 - INFO - <Event(4-MouseMotion {'pos': (542, 373), 'rel': (3, -11), 'buttons': (0, 0, 0), 'window': None})>
2020-01-21 21:08:32,289 - BDM-WAM 1579640910.914991 - INFO - <Event(4-MouseMotion {'pos': (546, 347), 'rel': (4, -26), 'buttons': (0, 0, 0), 'window': None})>
2020-01-21 21:08:32,304 - BDM-WAM 1579640910.914991 - INFO - <Event(4-MouseMotion {'pos': (545, 326), 'rel': (-1, -21), 'buttons': (0, 0, 0), 'window': None})>
2020-01-21 21:08:32,321 - BDM-WAM 1579640910.914991 - INFO - <Event(4-MouseMotion {'pos': (540, 306), 'rel': (-5, -20), 'buttons': (0, 0, 0), 'window': None})>
2020-01-21 21:08:32,338 - BDM-WAM 1579640910.914991 - INFO - <Event(4-MouseMotion {'pos': (534, 295), 'rel': (-6, -11), 'buttons': (0, 0, 0), 'window': None})>
2020-01-21 21:08:32,355 - BDM-WAM 1579640910.914991 - INFO - <Event(4-MouseMotion {'pos': (528, 290), 'rel': (-6, -5), 'buttons': (0, 0, 0), 'window': None})>
2020-01-21 21:08:32,372 - BDM-WAM 1579640910.914991 - INFO - <Event(4-MouseMotion {'pos': (518, 283), 'rel': (-10, -7), 'buttons': (0, 0, 0), 'window': None})>
2020-01-21 21:08:32,390 - BDM-WAM 1579640910.914991 - INFO - <Event(4-MouseMotion {'pos': (505, 269), 'rel': (-13, -14), 'buttons': (0, 0, 0), 'window': None})>
2020-01-21 21:08:32,407 - BDM-WAM 1579640910.914991 - INFO - <Event(4-MouseMotion {'pos': (491, 253), 'rel': (-14, -16), 'buttons': (0, 0, 0), 'window': None})>
2020-01-21 21:08:32,424 - BDM-WAM 1579640910.914991 - INFO - <Event(4-MouseMotion {'pos': (486, 246), 'rel': (-5, -7), 'buttons': (0, 0, 0), 'window': None})>
2020-01-21 21:08:32,441 - BDM-WAM 1579640910.914991 - INFO - <Event(4-MouseMotion {'pos': (483, 242), 'rel': (-3, -4), 'buttons': (0, 0, 0), 'window': None})>
2020-01-21 21:08:32,458 - BDM-WAM 1579640910.914991 - INFO - <Event(4-MouseMotion {'pos': (482, 236), 'rel': (-1, -6), 'buttons': (0, 0, 0), 'window': None})>
2020-01-21 21:08:32,476 - BDM-WAM 1579640910.914991 - INFO - <Event(4-MouseMotion {'pos': (482, 229), 'rel': (0, -7), 'buttons': (0, 0, 0), 'window': None})>
2020-01-21 21:08:32,492 - BDM-WAM 1579640910.914991 - INFO - <Event(4-MouseMotion {'pos': (482, 222), 'rel': (0, -7), 'buttons': (0, 0, 0), 'window': None})>
2020-01-21 21:08:32,509 - BDM-WAM 1579640910.914991 - INFO - <Event(4-MouseMotion {'pos': (482, 216), 'rel': (0, -6), 'buttons': (0, 0, 0), 'window': None})>
2020-01-21 21:08:32,527 - BDM-WAM 1579640910.914991 - INFO - <Event(4-MouseMotion {'pos': (482, 210), 'rel': (0, -6), 'buttons': (0, 0, 0), 'window': None})>
2020-01-21 21:08:32,543 - BDM-WAM 1579640910.914991 - INFO - <Event(4-MouseMotion {'pos': (482, 209), 'rel': (0, -1), 'buttons': (0, 0, 0), 'window': None})>
2020-01-21 21:08:32,577 - BDM-WAM 1579640910.914991 - INFO - <Event(4-MouseMotion {'pos': (483, 208), 'rel': (1, -1), 'buttons': (0, 0, 0), 'window': None})>
2020-01-21 21:08:32,595 - BDM-WAM 1579640910.914991 - INFO - <Event(4-MouseMotion {'pos': (485, 202), 'rel': (2, -6), 'buttons': (0, 0, 0), 'window': None})>
2020-01-21 21:08:32,611 - BDM-WAM 1579640910.914991 - INFO - <Event(4-MouseMotion {'pos': (487, 199), 'rel': (2, -3), 'buttons': (0, 0, 0), 'window': None})>
2020-01-21 21:08:32,629 - BDM-WAM 1579640910.914991 - INFO - <Event(4-MouseMotion {'pos': (488, 198), 'rel': (1, -1), 'buttons': (0, 0, 0), 'window': None})>
2020-01-21 21:08:32,679 - BDM-WAM 1579640910.914991 - INFO - <Event(4-MouseMotion {'pos': (489, 197), 'rel': (1, -1), 'buttons': (0, 0, 0), 'window': None})>
2020-01-21 21:08:32,697 - BDM-WAM 1579640910.914991 - INFO - <Event(4-MouseMotion {'pos': (490, 196), 'rel': (1, -1), 'buttons': (0, 0, 0), 'window': None})>
2020-01-21 21:08:32,715 - BDM-WAM 1579640910.914991 - INFO - <Event(4-MouseMotion {'pos': (493, 193), 'rel': (3, -3), 'buttons': (0, 0, 0), 'window': None})>
2020-01-21 21:08:32,731 - BDM-WAM 1579640910.914991 - INFO - <Event(4-MouseMotion {'pos': (498, 187), 'rel': (5, -6), 'buttons': (0, 0, 0), 'window': None})>
2020-01-21 21:08:32,748 - BDM-WAM 1579640910.914991 - INFO - <Event(4-MouseMotion {'pos': (507, 176), 'rel': (9, -11), 'buttons': (0, 0, 0), 'window': None})>
2020-01-21 21:08:32,765 - BDM-WAM 1579640910.914991 - INFO - <Event(4-MouseMotion {'pos': (514, 162), 'rel': (7, -14), 'buttons': (0, 0, 0), 'window': None})>
2020-01-21 21:08:32,782 - BDM-WAM 1579640910.914991 - INFO - <Event(4-MouseMotion {'pos': (519, 153), 'rel': (5, -9), 'buttons': (0, 0, 0), 'window': None})>
2020-01-21 21:08:32,799 - BDM-WAM 1579640910.914991 - INFO - <Event(4-MouseMotion {'pos': (520, 151), 'rel': (1, -2), 'buttons': (0, 0, 0), 'window': None})>
2020-01-21 21:08:32,849 - BDM-WAM 1579640910.914991 - INFO - <Event(5-MouseButtonDown {'pos': (520, 151), 'button': 1, 'window': None})>
2020-01-21 21:08:32,849 - BDM-WAM 1579640910.914991 - INFO - <Event(8-Pause {'reason': hit_conf })>
2020-01-21 21:08:33,370 - BDM-WAM 1579640910.914991 - INFO - <Event(7-Rate {'hit_conf': 2 })>
2020-01-21 21:08:33,544 - BDM-WAM 1579640910.914991 - INFO - <Event(7-Rate {'reward_conf': 2 })>
2020-01-21 21:08:33,700 - BDM-WAM 1579640910.914991 - INFO - <Event(7-Rate {'player_skill': 2 })>
2020-01-21 21:08:33,701 - BDM-WAM 1579640910.914991 - INFO - <Event(9.1-TrueHit {'pos': (520,151),'distance: 64.4980619863884,'relative_loc: (56, 32),'window': None})>
2020-01-21 21:08:33,701 - BDM-WAM 1579640910.914991 - INFO - <Event(11-Score {score_inc: 4,score: 4})>
2020-01-21 21:08:33,839 - BDM-WAM 1579640910.914991 - INFO - <Event(3-KeyUp {'key': 50, 'mod': 0, 'scancode': 3, 'window': None})>
2020-01-21 21:08:33,839 - BDM-WAM 1579640910.914991 - INFO - <Event(4-MouseMotion {'pos': (517, 178), 'rel': (-6, -8), 'buttons': (0, 0, 0), 'window': None})>
2020-01-21 21:08:33,852 - BDM-WAM 1579640910.914991 - INFO - <Event(4-MouseMotion {'pos': (512, 172), 'rel': (-5, -6), 'buttons': (0, 0, 0), 'window': None})>
2020-01-21 21:08:33,869 - BDM-WAM 1579640910.914991 - INFO - <Event(4-MouseMotion {'pos': (509, 168), 'rel': (-3, -4), 'buttons': (0, 0, 0), 'window': None})>
2020-01-21 21:08:33,887 - BDM-WAM 1579640910.914991 - INFO - <Event(4-MouseMotion {'pos': (507, 166), 'rel': (-2, -2), 'buttons': (0, 0, 0), 'window': None})>
2020-01-21 21:08:33,904 - BDM-WAM 1579640910.914991 - INFO - <Event(4-MouseMotion {'pos': (506, 164), 'rel': (-1, -2), 'buttons': (0, 0, 0), 'window': None})>
2020-01-21 21:08:33,922 - BDM-WAM 1579640910.914991 - INFO - <Event(4-MouseMotion {'pos': (505, 163), 'rel': (-1, -1), 'buttons': (0, 0, 0), 'window': None})>
2020-01-21 21:08:34,165 - BDM-WAM 1579640910.914991 - INFO - <Event(4-MouseMotion {'pos': (506, 169), 'rel': (1, 6), 'buttons': (0, 0, 0), 'window': None})>
2020-01-21 21:08:34,230 - BDM-WAM 1579640910.914991 - INFO - <Event(10-MoleUp) {'loc': (95,43)})>
2020-01-21 21:08:34,232 - BDM-WAM 1579640910.914991 - INFO - <Event(4-MouseMotion {'pos': (508, 176), 'rel': (2, 7), 'buttons': (0, 0, 0), 'window': None})>
2020-01-21 21:08:34,248 - BDM-WAM 1579640910.914991 - INFO - <Event(4-MouseMotion {'pos': (509, 179), 'rel': (1, 3), 'buttons': (0, 0, 0), 'window': None})>
2020-01-21 21:08:34,267 - BDM-WAM 1579640910.914991 - INFO - <Event(4-MouseMotion {'pos': (510, 183), 'rel': (1, 4), 'buttons': (0, 0, 0), 'window': None})>
2020-01-21 21:08:34,284 - BDM-WAM 1579640910.914991 - INFO - <Event(4-MouseMotion {'pos': (510, 186), 'rel': (0, 3), 'buttons': (0, 0, 0), 'window': None})>
2020-01-21 21:08:34,301 - BDM-WAM 1579640910.914991 - INFO - <Event(4-MouseMotion {'pos': (511, 194), 'rel': (1, 8), 'buttons': (0, 0, 0), 'window': None})>
2020-01-21 21:08:34,317 - BDM-WAM 1579640910.914991 - INFO - <Event(4-MouseMotion {'pos': (511, 199), 'rel': (0, 5), 'buttons': (0, 0, 0), 'window': None})>
2020-01-21 21:08:34,334 - BDM-WAM 1579640910.914991 - INFO - <Event(4-MouseMotion {'pos': (511, 204), 'rel': (0, 5), 'buttons': (0, 0, 0), 'window': None})>
2020-01-21 21:08:34,351 - BDM-WAM 1579640910.914991 - INFO - <Event(4-MouseMotion {'pos': (509, 210), 'rel': (-2, 6), 'buttons': (0, 0, 0), 'window': None})>
2020-01-21 21:08:34,368 - BDM-WAM 1579640910.914991 - INFO - <Event(4-MouseMotion {'pos': (506, 215), 'rel': (-3, 5), 'buttons': (0, 0, 0), 'window': None})>
2020-01-21 21:08:34,385 - BDM-WAM 1579640910.914991 - INFO - <Event(4-MouseMotion {'pos': (504, 221), 'rel': (-2, 6), 'buttons': (0, 0, 0), 'window': None})>
2020-01-21 21:08:34,403 - BDM-WAM 1579640910.914991 - INFO - <Event(4-MouseMotion {'pos': (498, 231), 'rel': (-6, 10), 'buttons': (0, 0, 0), 'window': None})>
2020-01-21 21:08:34,419 - BDM-WAM 1579640910.914991 - INFO - <Event(4-MouseMotion {'pos': (491, 240), 'rel': (-7, 9), 'buttons': (0, 0, 0), 'window': None})>
2020-01-21 21:08:34,436 - BDM-WAM 1579640910.914991 - INFO - <Event(4-MouseMotion {'pos': (483, 253), 'rel': (-8, 13), 'buttons': (0, 0, 0), 'window': None})>
2020-01-21 21:08:34,453 - BDM-WAM 1579640910.914991 - INFO - <Event(4-MouseMotion {'pos': (478, 263), 'rel': (-5, 10), 'buttons': (0, 0, 0), 'window': None})>
2020-01-21 21:08:34,470 - BDM-WAM 1579640910.914991 - INFO - <Event(4-MouseMotion {'pos': (477, 268), 'rel': (-1, 5), 'buttons': (0, 0, 0), 'window': None})>
2020-01-21 21:08:34,487 - BDM-WAM 1579640910.914991 - INFO - <Event(4-MouseMotion {'pos': (476, 270), 'rel': (-1, 2), 'buttons': (0, 0, 0), 'window': None})>
2020-01-21 21:08:34,521 - BDM-WAM 1579640910.914991 - INFO - <Event(4-MouseMotion {'pos': (476, 271), 'rel': (0, 1), 'buttons': (0, 0, 0), 'window': None})>
2020-01-21 21:08:34,538 - BDM-WAM 1579640910.914991 - INFO - <Event(4-MouseMotion {'pos': (476, 275), 'rel': (0, 4), 'buttons': (0, 0, 0), 'window': None})>
2020-01-21 21:08:34,555 - BDM-WAM 1579640910.914991 - INFO - <Event(4-MouseMotion {'pos': (476, 283), 'rel': (0, 8), 'buttons': (0, 0, 0), 'window': None})>
2020-01-21 21:08:34,572 - BDM-WAM 1579640910.914991 - INFO - <Event(4-MouseMotion {'pos': (476, 288), 'rel': (0, 5), 'buttons': (0, 0, 0), 'window': None})>
2020-01-21 21:08:34,589 - BDM-WAM 1579640910.914991 - INFO - <Event(4-MouseMotion {'pos': (476, 292), 'rel': (0, 4), 'buttons': (0, 0, 0), 'window': None})>
2020-01-21 21:08:34,606 - BDM-WAM 1579640910.914991 - INFO - <Event(4-MouseMotion {'pos': (476, 298), 'rel': (0, 6), 'buttons': (0, 0, 0), 'window': None})>
2020-01-21 21:08:34,659 - BDM-WAM 1579640910.914991 - INFO - <Event(4-MouseMotion {'pos': (474, 313), 'rel': (-2, 15), 'buttons': (0, 0, 0), 'window': None})>
2020-01-21 21:08:34,676 - BDM-WAM 1579640910.914991 - INFO - <Event(4-MouseMotion {'pos': (473, 317), 'rel': (-1, 4), 'buttons': (0, 0, 0), 'window': None})>
2020-01-21 21:08:34,693 - BDM-WAM 1579640910.914991 - INFO - <Event(4-MouseMotion {'pos': (473, 319), 'rel': (0, 2), 'buttons': (0, 0, 0), 'window': None})>
2020-01-21 21:08:34,761 - BDM-WAM 1579640910.914991 - INFO - <Event(4-MouseMotion {'pos': (462, 339), 'rel': (-11, 20), 'buttons': (0, 0, 0), 'window': None})>
2020-01-21 21:08:34,779 - BDM-WAM 1579640910.914991 - INFO - <Event(4-MouseMotion {'pos': (458, 344), 'rel': (-4, 5), 'buttons': (0, 0, 0), 'window': None})>
2020-01-21 21:08:34,796 - BDM-WAM 1579640910.914991 - INFO - <Event(4-MouseMotion {'pos': (453, 351), 'rel': (-5, 7), 'buttons': (0, 0, 0), 'window': None})>
2020-01-21 21:08:34,814 - BDM-WAM 1579640910.914991 - INFO - <Event(4-MouseMotion {'pos': (447, 357), 'rel': (-6, 6), 'buttons': (0, 0, 0), 'window': None})>
2020-01-21 21:08:34,874 - BDM-WAM 1579640910.914991 - INFO - <Event(4-MouseMotion {'pos': (432, 369), 'rel': (-15, 12), 'buttons': (0, 0, 0), 'window': None})>
2020-01-21 21:08:34,892 - BDM-WAM 1579640910.914991 - INFO - <Event(4-MouseMotion {'pos': (430, 369), 'rel': (-2, 0), 'buttons': (0, 0, 0), 'window': None})>
2020-01-21 21:08:34,909 - BDM-WAM 1579640910.914991 - INFO - <Event(4-MouseMotion {'pos': (413, 355), 'rel': (-17, -14), 'buttons': (0, 0, 0), 'window': None})>
2020-01-21 21:08:34,926 - BDM-WAM 1579640910.914991 - INFO - <Event(4-MouseMotion {'pos': (378, 312), 'rel': (-35, -43), 'buttons': (0, 0, 0), 'window': None})>
2020-01-21 21:08:34,943 - BDM-WAM 1579640910.914991 - INFO - <Event(4-MouseMotion {'pos': (350, 262), 'rel': (-28, -50), 'buttons': (0, 0, 0), 'window': None})>
2020-01-21 21:08:34,960 - BDM-WAM 1579640910.914991 - INFO - <Event(4-MouseMotion {'pos': (333, 233), 'rel': (-17, -29), 'buttons': (0, 0, 0), 'window': None})>
2020-01-21 21:08:34,977 - BDM-WAM 1579640910.914991 - INFO - <Event(4-MouseMotion {'pos': (329, 226), 'rel': (-4, -7), 'buttons': (0, 0, 0), 'window': None})>
2020-01-21 21:08:34,995 - BDM-WAM 1579640910.914991 - INFO - <Event(4-MouseMotion {'pos': (328, 226), 'rel': (-1, 0), 'buttons': (0, 0, 0), 'window': None})>
2020-01-21 21:08:35,028 - BDM-WAM 1579640910.914991 - INFO - <Event(4-MouseMotion {'pos': (326, 224), 'rel': (-2, -2), 'buttons': (0, 0, 0), 'window': None})>
2020-01-21 21:08:35,045 - BDM-WAM 1579640910.914991 - INFO - <Event(4-MouseMotion {'pos': (322, 222), 'rel': (-4, -2), 'buttons': (0, 0, 0), 'window': None})>
2020-01-21 21:08:35,062 - BDM-WAM 1579640910.914991 - INFO - <Event(4-MouseMotion {'pos': (319, 219), 'rel': (-3, -3), 'buttons': (0, 0, 0), 'window': None})>
2020-01-21 21:08:35,080 - BDM-WAM 1579640910.914991 - INFO - <Event(4-MouseMotion {'pos': (318, 219), 'rel': (-1, 0), 'buttons': (0, 0, 0), 'window': None})>
2020-01-21 21:08:35,113 - BDM-WAM 1579640910.914991 - INFO - <Event(4-MouseMotion {'pos': (317, 217), 'rel': (-1, -2), 'buttons': (0, 0, 0), 'window': None})>
2020-01-21 21:08:35,131 - BDM-WAM 1579640910.914991 - INFO - <Event(4-MouseMotion {'pos': (294, 197), 'rel': (-23, -20), 'buttons': (0, 0, 0), 'window': None})>
2020-01-21 21:08:35,147 - BDM-WAM 1579640910.914991 - INFO - <Event(4-MouseMotion {'pos': (267, 175), 'rel': (-27, -22), 'buttons': (0, 0, 0), 'window': None})>
2020-01-21 21:08:35,168 - BDM-WAM 1579640910.914991 - INFO - <Event(4-MouseMotion {'pos': (254, 167), 'rel': (-13, -8), 'buttons': (0, 0, 0), 'window': None})>
2020-01-21 21:08:35,184 - BDM-WAM 1579640910.914991 - INFO - <Event(4-MouseMotion {'pos': (226, 151), 'rel': (-28, -16), 'buttons': (0, 0, 0), 'window': None})>
2020-01-21 21:08:35,203 - BDM-WAM 1579640910.914991 - INFO - <Event(4-MouseMotion {'pos': (201, 139), 'rel': (-25, -12), 'buttons': (0, 0, 0), 'window': None})>
2020-01-21 21:08:35,216 - BDM-WAM 1579640910.914991 - INFO - <Event(4-MouseMotion {'pos': (201, 138), 'rel': (0, -1), 'buttons': (0, 0, 0), 'window': None})>
2020-01-21 21:08:35,267 - BDM-WAM 1579640910.914991 - INFO - <Event(4-MouseMotion {'pos': (200, 138), 'rel': (-1, 0), 'buttons': (0, 0, 0), 'window': None})>
2020-01-21 21:08:35,284 - BDM-WAM 1579640910.914991 - INFO - <Event(4-MouseMotion {'pos': (200, 136), 'rel': (0, -2), 'buttons': (0, 0, 0), 'window': None})>
2020-01-21 21:08:35,301 - BDM-WAM 1579640910.914991 - INFO - <Event(4-MouseMotion {'pos': (199, 135), 'rel': (-1, -1), 'buttons': (0, 0, 0), 'window': None})>
2020-01-21 21:08:35,387 - BDM-WAM 1579640910.914991 - INFO - <Event(4-MouseMotion {'pos': (197, 132), 'rel': (-2, -3), 'buttons': (0, 0, 0), 'window': None})>
2020-01-21 21:08:35,403 - BDM-WAM 1579640910.914991 - INFO - <Event(4-MouseMotion {'pos': (187, 119), 'rel': (-10, -13), 'buttons': (0, 0, 0), 'window': None})>
2020-01-21 21:08:35,421 - BDM-WAM 1579640910.914991 - INFO - <Event(4-MouseMotion {'pos': (174, 99), 'rel': (-13, -20), 'buttons': (0, 0, 0), 'window': None})>
2020-01-21 21:08:35,437 - BDM-WAM 1579640910.914991 - INFO - <Event(4-MouseMotion {'pos': (172, 96), 'rel': (-2, -3), 'buttons': (0, 0, 0), 'window': None})>
2020-01-21 21:08:35,641 - BDM-WAM 1579640910.914991 - INFO - <Event(5-MouseButtonDown {'pos': (172, 96), 'button': 1, 'window': None})>
2020-01-21 21:08:35,641 - BDM-WAM 1579640910.914991 - INFO - <Event(8-Pause {'reason': hit_conf })>
2020-01-21 21:08:36,026 - BDM-WAM 1579640910.914991 - INFO - <Event(7-Rate {'hit_conf': 2 })>
2020-01-21 21:08:36,189 - BDM-WAM 1579640910.914991 - INFO - <Event(7-Rate {'reward_conf': 2 })>
2020-01-21 21:08:36,337 - BDM-WAM 1579640910.914991 - INFO - <Event(7-Rate {'player_skill': 2 })>
2020-01-21 21:08:36,337 - BDM-WAM 1579640910.914991 - INFO - <Event(9.1-TrueHit {'pos': (172,96),'distance: 93.47726996441435,'relative_loc: (77, 53),'window': None})>
2020-01-21 21:08:36,337 - BDM-WAM 1579640910.914991 - INFO - <Event(11-Score {score_inc: 4,score: 8})>
2020-01-21 21:08:36,466 - BDM-WAM 1579640910.914991 - INFO - <Event(3-KeyUp {'key': 50, 'mod': 0, 'scancode': 3, 'window': None})>
2020-01-21 21:08:36,483 - BDM-WAM 1579640910.914991 - INFO - <Event(4-MouseMotion {'pos': (170, 103), 'rel': (5, 0), 'buttons': (0, 0, 0), 'window': None})>
2020-01-21 21:08:36,501 - BDM-WAM 1579640910.914991 - INFO - <Event(4-MouseMotion {'pos': (173, 104), 'rel': (3, 1), 'buttons': (0, 0, 0), 'window': None})>
2020-01-21 21:08:36,519 - BDM-WAM 1579640910.914991 - INFO - <Event(4-MouseMotion {'pos': (177, 105), 'rel': (4, 1), 'buttons': (0, 0, 0), 'window': None})>
2020-01-21 21:08:36,535 - BDM-WAM 1579640910.914991 - INFO - <Event(4-MouseMotion {'pos': (186, 105), 'rel': (9, 0), 'buttons': (0, 0, 0), 'window': None})>
2020-01-21 21:08:36,552 - BDM-WAM 1579640910.914991 - INFO - <Event(4-MouseMotion {'pos': (198, 108), 'rel': (12, 3), 'buttons': (0, 0, 0), 'window': None})>
2020-01-21 21:08:36,568 - BDM-WAM 1579640910.914991 - INFO - <Event(4-MouseMotion {'pos': (207, 109), 'rel': (9, 1), 'buttons': (0, 0, 0), 'window': None})>
2020-01-21 21:08:36,585 - BDM-WAM 1579640910.914991 - INFO - <Event(4-MouseMotion {'pos': (220, 112), 'rel': (13, 3), 'buttons': (0, 0, 0), 'window': None})>
2020-01-21 21:08:36,602 - BDM-WAM 1579640910.914991 - INFO - <Event(4-MouseMotion {'pos': (245, 119), 'rel': (25, 7), 'buttons': (0, 0, 0), 'window': None})>
2020-01-21 21:08:36,619 - BDM-WAM 1579640910.914991 - INFO - <Event(4-MouseMotion {'pos': (293, 136), 'rel': (48, 17), 'buttons': (0, 0, 0), 'window': None})>
2020-01-21 21:08:36,636 - BDM-WAM 1579640910.914991 - INFO - <Event(4-MouseMotion {'pos': (336, 158), 'rel': (43, 22), 'buttons': (0, 0, 0), 'window': None})>
2020-01-21 21:08:36,694 - BDM-WAM 1579640910.914991 - INFO - <Event(4-MouseMotion {'pos': (377, 188), 'rel': (41, 30), 'buttons': (0, 0, 0), 'window': None})>
2020-01-21 21:08:36,713 - BDM-WAM 1579640910.914991 - INFO - <Event(4-MouseMotion {'pos': (378, 189), 'rel': (1, 1), 'buttons': (0, 0, 0), 'window': None})>
2020-01-21 21:08:36,794 - BDM-WAM 1579640910.914991 - INFO - <Event(4-MouseMotion {'pos': (378, 190), 'rel': (0, 1), 'buttons': (0, 0, 0), 'window': None})>
2020-01-21 21:08:36,875 - BDM-WAM 1579640910.914991 - INFO - <Event(10-MoleUp) {'loc': (179,169)})>
2020-01-21 21:08:36,876 - BDM-WAM 1579640910.914991 - INFO - <Event(4-MouseMotion {'pos': (353, 209), 'rel': (-25, 19), 'buttons': (0, 0, 0), 'window': None})>
2020-01-21 21:08:36,893 - BDM-WAM 1579640910.914991 - INFO - <Event(4-MouseMotion {'pos': (346, 212), 'rel': (-7, 3), 'buttons': (0, 0, 0), 'window': None})>
2020-01-21 21:08:36,910 - BDM-WAM 1579640910.914991 - INFO - <Event(4-MouseMotion {'pos': (344, 214), 'rel': (-2, 2), 'buttons': (0, 0, 0), 'window': None})>
2020-01-21 21:08:36,927 - BDM-WAM 1579640910.914991 - INFO - <Event(4-MouseMotion {'pos': (343, 215), 'rel': (-1, 1), 'buttons': (0, 0, 0), 'window': None})>
2020-01-21 21:08:36,944 - BDM-WAM 1579640910.914991 - INFO - <Event(4-MouseMotion {'pos': (342, 216), 'rel': (-1, 1), 'buttons': (0, 0, 0), 'window': None})>
2020-01-21 21:08:36,961 - BDM-WAM 1579640910.914991 - INFO - <Event(4-MouseMotion {'pos': (340, 220), 'rel': (-2, 4), 'buttons': (0, 0, 0), 'window': None})>
2020-01-21 21:08:36,978 - BDM-WAM 1579640910.914991 - INFO - <Event(4-MouseMotion {'pos': (340, 225), 'rel': (0, 5), 'buttons': (0, 0, 0), 'window': None})>
2020-01-21 21:08:36,995 - BDM-WAM 1579640910.914991 - INFO - <Event(4-MouseMotion {'pos': (340, 229), 'rel': (0, 4), 'buttons': (0, 0, 0), 'window': None})>
2020-01-21 21:08:37,232 - BDM-WAM 1579640910.914991 - INFO - <Event(4-MouseMotion {'pos': (342, 229), 'rel': (2, 0), 'buttons': (0, 0, 0), 'window': None})>
2020-01-21 21:08:37,249 - BDM-WAM 1579640910.914991 - INFO - <Event(4-MouseMotion {'pos': (363, 222), 'rel': (21, -7), 'buttons': (0, 0, 0), 'window': None})>
2020-01-21 21:08:37,300 - BDM-WAM 1579640910.914991 - INFO - <Event(4-MouseMotion {'pos': (452, 212), 'rel': (89, -10), 'buttons': (0, 0, 0), 'window': None})>
2020-01-21 21:08:37,321 - BDM-WAM 1579640910.914991 - INFO - <Event(4-MouseMotion {'pos': (469, 209), 'rel': (17, -3), 'buttons': (0, 0, 0), 'window': None})>
2020-01-21 21:08:37,336 - BDM-WAM 1579640910.914991 - INFO - <Event(4-MouseMotion {'pos': (476, 207), 'rel': (7, -2), 'buttons': (0, 0, 0), 'window': None})>
2020-01-21 21:08:37,410 - BDM-WAM 1579640910.914991 - INFO - <Event(4-MouseMotion {'pos': (478, 206), 'rel': (2, -1), 'buttons': (0, 0, 0), 'window': None})>
2020-01-21 21:08:37,428 - BDM-WAM 1579640910.914991 - INFO - <Event(4-MouseMotion {'pos': (479, 204), 'rel': (1, -2), 'buttons': (0, 0, 0), 'window': None})>
2020-01-21 21:08:37,445 - BDM-WAM 1579640910.914991 - INFO - <Event(4-MouseMotion {'pos': (480, 202), 'rel': (1, -2), 'buttons': (0, 0, 0), 'window': None})>
2020-01-21 21:08:37,462 - BDM-WAM 1579640910.914991 - INFO - <Event(4-MouseMotion {'pos': (481, 201), 'rel': (1, -1), 'buttons': (0, 0, 0), 'window': None})>
2020-01-21 21:08:37,581 - BDM-WAM 1579640910.914991 - INFO - <Event(4-MouseMotion {'pos': (472, 204), 'rel': (-9, 3), 'buttons': (0, 0, 0), 'window': None})>
2020-01-21 21:08:37,598 - BDM-WAM 1579640910.914991 - INFO - <Event(4-MouseMotion {'pos': (411, 219), 'rel': (-61, 15), 'buttons': (0, 0, 0), 'window': None})>
2020-01-21 21:08:37,615 - BDM-WAM 1579640910.914991 - INFO - <Event(4-MouseMotion {'pos': (325, 242), 'rel': (-86, 23), 'buttons': (0, 0, 0), 'window': None})>
2020-01-21 21:08:37,633 - BDM-WAM 1579640910.914991 - INFO - <Event(4-MouseMotion {'pos': (268, 259), 'rel': (-57, 17), 'buttons': (0, 0, 0), 'window': None})>
2020-01-21 21:08:37,649 - BDM-WAM 1579640910.914991 - INFO - <Event(4-MouseMotion {'pos': (238, 267), 'rel': (-30, 8), 'buttons': (0, 0, 0), 'window': None})>
2020-01-21 21:08:37,666 - BDM-WAM 1579640910.914991 - INFO - <Event(4-MouseMotion {'pos': (233, 269), 'rel': (-5, 2), 'buttons': (0, 0, 0), 'window': None})>
2020-01-21 21:08:37,683 - BDM-WAM 1579640910.914991 - INFO - <Event(4-MouseMotion {'pos': (233, 270), 'rel': (0, 1), 'buttons': (0, 0, 0), 'window': None})>
2020-01-21 21:08:37,769 - BDM-WAM 1579640910.914991 - INFO - <Event(4-MouseMotion {'pos': (230, 264), 'rel': (-3, -6), 'buttons': (0, 0, 0), 'window': None})>
2020-01-21 21:08:37,786 - BDM-WAM 1579640910.914991 - INFO - <Event(4-MouseMotion {'pos': (228, 259), 'rel': (-2, -5), 'buttons': (0, 0, 0), 'window': None})>
2020-01-21 21:08:37,803 - BDM-WAM 1579640910.914991 - INFO - <Event(4-MouseMotion {'pos': (227, 252), 'rel': (-1, -7), 'buttons': (0, 0, 0), 'window': None})>
2020-01-21 21:08:37,820 - BDM-WAM 1579640910.914991 - INFO - <Event(4-MouseMotion {'pos': (227, 245), 'rel': (0, -7), 'buttons': (0, 0, 0), 'window': None})>
2020-01-21 21:08:37,836 - BDM-WAM 1579640910.914991 - INFO - <Event(4-MouseMotion {'pos': (228, 240), 'rel': (1, -5), 'buttons': (0, 0, 0), 'window': None})>
2020-01-21 21:08:37,856 - BDM-WAM 1579640910.914991 - INFO - <Event(4-MouseMotion {'pos': (228, 237), 'rel': (0, -3), 'buttons': (0, 0, 0), 'window': None})>
2020-01-21 21:08:37,872 - BDM-WAM 1579640910.914991 - INFO - <Event(4-MouseMotion {'pos': (228, 236), 'rel': (0, -1), 'buttons': (0, 0, 0), 'window': None})>
2020-01-21 21:08:37,887 - BDM-WAM 1579640910.914991 - INFO - <Event(4-MouseMotion {'pos': (228, 235), 'rel': (0, -1), 'buttons': (0, 0, 0), 'window': None})>
2020-01-21 21:08:37,904 - BDM-WAM 1579640910.914991 - INFO - <Event(4-MouseMotion {'pos': (228, 234), 'rel': (0, -1), 'buttons': (0, 0, 0), 'window': None})>
2020-01-21 21:08:38,004 - BDM-WAM 1579640910.914991 - INFO - <Event(5-MouseButtonDown {'pos': (228, 234), 'button': 1, 'window': None})>
2020-01-21 21:08:38,004 - BDM-WAM 1579640910.914991 - INFO - <Event(8-Pause {'reason': hit_conf })>
2020-01-21 21:08:38,190 - BDM-WAM 1579640910.914991 - INFO - <Event(7-Rate {'hit_conf': 3 })>
2020-01-21 21:08:38,359 - BDM-WAM 1579640910.914991 - INFO - <Event(7-Rate {'reward_conf': 3 })>
2020-01-21 21:08:38,514 - BDM-WAM 1579640910.914991 - INFO - <Event(7-Rate {'player_skill': 3 })>
2020-01-21 21:08:38,514 - BDM-WAM 1579640910.914991 - INFO - <Event(9.1-TrueHit {'pos': (228,234),'distance: 81.40024569987489,'relative_loc: (49, 65),'window': None})>
2020-01-21 21:08:38,514 - BDM-WAM 1579640910.914991 - INFO - <Event(11-Score {score_inc: 4,score: 12})>
2020-01-21 21:08:38,591 - BDM-WAM 1579640910.914991 - INFO - <Event(4-MouseMotion {'pos': (255, 234), 'rel': (27, 0), 'buttons': (0, 0, 0), 'window': None})>
2020-01-21 21:08:38,608 - BDM-WAM 1579640910.914991 - INFO - <Event(4-MouseMotion {'pos': (286, 235), 'rel': (31, 1), 'buttons': (0, 0, 0), 'window': None})>
2020-01-21 21:08:38,625 - BDM-WAM 1579640910.914991 - INFO - <Event(4-MouseMotion {'pos': (306, 236), 'rel': (20, 1), 'buttons': (0, 0, 0), 'window': None})>
2020-01-21 21:08:38,643 - BDM-WAM 1579640910.914991 - INFO - <Event(3-KeyUp {'key': 51, 'mod': 0, 'scancode': 4, 'window': None})>
2020-01-21 21:08:38,644 - BDM-WAM 1579640910.914991 - INFO - <Event(4-MouseMotion {'pos': (316, 239), 'rel': (10, 3), 'buttons': (0, 0, 0), 'window': None})>
2020-01-21 21:08:38,660 - BDM-WAM 1579640910.914991 - INFO - <Event(4-MouseMotion {'pos': (322, 240), 'rel': (6, 1), 'buttons': (0, 0, 0), 'window': None})>
2020-01-21 21:08:38,677 - BDM-WAM 1579640910.914991 - INFO - <Event(4-MouseMotion {'pos': (334, 241), 'rel': (12, 1), 'buttons': (0, 0, 0), 'window': None})>
2020-01-21 21:08:38,694 - BDM-WAM 1579640910.914991 - INFO - <Event(4-MouseMotion {'pos': (339, 241), 'rel': (5, 0), 'buttons': (0, 0, 0), 'window': None})>
2020-01-21 21:08:38,711 - BDM-WAM 1579640910.914991 - INFO - <Event(4-MouseMotion {'pos': (342, 241), 'rel': (3, 0), 'buttons': (0, 0, 0), 'window': None})>
2020-01-21 21:08:38,728 - BDM-WAM 1579640910.914991 - INFO - <Event(4-MouseMotion {'pos': (344, 241), 'rel': (2, 0), 'buttons': (0, 0, 0), 'window': None})>
2020-01-21 21:08:38,745 - BDM-WAM 1579640910.914991 - INFO - <Event(4-MouseMotion {'pos': (345, 241), 'rel': (1, 0), 'buttons': (0, 0, 0), 'window': None})>
2020-01-21 21:08:38,762 - BDM-WAM 1579640910.914991 - INFO - <Event(4-MouseMotion {'pos': (348, 242), 'rel': (3, 1), 'buttons': (0, 0, 0), 'window': None})>
2020-01-21 21:08:38,779 - BDM-WAM 1579640910.914991 - INFO - <Event(4-MouseMotion {'pos': (353, 243), 'rel': (5, 1), 'buttons': (0, 0, 0), 'window': None})>
2020-01-21 21:08:38,796 - BDM-WAM 1579640910.914991 - INFO - <Event(4-MouseMotion {'pos': (364, 249), 'rel': (11, 6), 'buttons': (0, 0, 0), 'window': None})>
2020-01-21 21:08:38,813 - BDM-WAM 1579640910.914991 - INFO - <Event(4-MouseMotion {'pos': (371, 255), 'rel': (7, 6), 'buttons': (0, 0, 0), 'window': None})>
2020-01-21 21:08:38,862 - BDM-WAM 1579640910.914991 - INFO - <Event(4-MouseMotion {'pos': (418, 311), 'rel': (47, 56), 'buttons': (0, 0, 0), 'window': None})>
2020-01-21 21:08:38,880 - BDM-WAM 1579640910.914991 - INFO - <Event(4-MouseMotion {'pos': (424, 319), 'rel': (6, 8), 'buttons': (0, 0, 0), 'window': None})>
2020-01-21 21:08:38,897 - BDM-WAM 1579640910.914991 - INFO - <Event(4-MouseMotion {'pos': (428, 323), 'rel': (4, 4), 'buttons': (0, 0, 0), 'window': None})>
2020-01-21 21:08:38,914 - BDM-WAM 1579640910.914991 - INFO - <Event(4-MouseMotion {'pos': (430, 326), 'rel': (2, 3), 'buttons': (0, 0, 0), 'window': None})>
2020-01-21 21:08:38,975 - BDM-WAM 1579640910.914991 - INFO - <Event(4-MouseMotion {'pos': (436, 346), 'rel': (6, 20), 'buttons': (0, 0, 0), 'window': None})>
2020-01-21 21:08:39,061 - BDM-WAM 1579640910.914991 - INFO - <Event(10-MoleUp) {'loc': (636,366)})>
2020-01-21 21:08:39,062 - BDM-WAM 1579640910.914991 - INFO - <Event(4-MouseMotion {'pos': (464, 404), 'rel': (28, 58), 'buttons': (0, 0, 0), 'window': None})>
2020-01-21 21:08:39,079 - BDM-WAM 1579640910.914991 - INFO - <Event(4-MouseMotion {'pos': (471, 411), 'rel': (7, 7), 'buttons': (0, 0, 0), 'window': None})>
2020-01-21 21:08:39,096 - BDM-WAM 1579640910.914991 - INFO - <Event(4-MouseMotion {'pos': (485, 422), 'rel': (14, 11), 'buttons': (0, 0, 0), 'window': None})>
2020-01-21 21:08:39,113 - BDM-WAM 1579640910.914991 - INFO - <Event(4-MouseMotion {'pos': (503, 434), 'rel': (18, 12), 'buttons': (0, 0, 0), 'window': None})>
2020-01-21 21:08:39,130 - BDM-WAM 1579640910.914991 - INFO - <Event(4-MouseMotion {'pos': (518, 442), 'rel': (15, 8), 'buttons': (0, 0, 0), 'window': None})>
2020-01-21 21:08:39,147 - BDM-WAM 1579640910.914991 - INFO - <Event(4-MouseMotion {'pos': (535, 451), 'rel': (17, 9), 'buttons': (0, 0, 0), 'window': None})>
2020-01-21 21:08:39,164 - BDM-WAM 1579640910.914991 - INFO - <Event(4-MouseMotion {'pos': (548, 456), 'rel': (13, 5), 'buttons': (0, 0, 0), 'window': None})>
2020-01-21 21:08:39,181 - BDM-WAM 1579640910.914991 - INFO - <Event(4-MouseMotion {'pos': (553, 456), 'rel': (5, 0), 'buttons': (0, 0, 0), 'window': None})>
2020-01-21 21:08:39,198 - BDM-WAM 1579640910.914991 - INFO - <Event(4-MouseMotion {'pos': (562, 457), 'rel': (9, 1), 'buttons': (0, 0, 0), 'window': None})>
2020-01-21 21:08:39,215 - BDM-WAM 1579640910.914991 - INFO - <Event(4-MouseMotion {'pos': (576, 457), 'rel': (14, 0), 'buttons': (0, 0, 0), 'window': None})>
2020-01-21 21:08:39,232 - BDM-WAM 1579640910.914991 - INFO - <Event(4-MouseMotion {'pos': (592, 457), 'rel': (16, 0), 'buttons': (0, 0, 0), 'window': None})>
2020-01-21 21:08:39,249 - BDM-WAM 1579640910.914991 - INFO - <Event(4-MouseMotion {'pos': (603, 456), 'rel': (11, -1), 'buttons': (0, 0, 0), 'window': None})>
2020-01-21 21:08:39,266 - BDM-WAM 1579640910.914991 - INFO - <Event(4-MouseMotion {'pos': (611, 455), 'rel': (8, -1), 'buttons': (0, 0, 0), 'window': None})>
2020-01-21 21:08:39,283 - BDM-WAM 1579640910.914991 - INFO - <Event(4-MouseMotion {'pos': (612, 455), 'rel': (1, 0), 'buttons': (0, 0, 0), 'window': None})>
2020-01-21 21:08:39,300 - BDM-WAM 1579640910.914991 - INFO - <Event(4-MouseMotion {'pos': (613, 455), 'rel': (1, 0), 'buttons': (0, 0, 0), 'window': None})>
2020-01-21 21:08:39,353 - BDM-WAM 1579640910.914991 - INFO - <Event(4-MouseMotion {'pos': (612, 453), 'rel': (-1, -2), 'buttons': (0, 0, 0), 'window': None})>
2020-01-21 21:08:39,371 - BDM-WAM 1579640910.914991 - INFO - <Event(4-MouseMotion {'pos': (591, 438), 'rel': (-21, -15), 'buttons': (0, 0, 0), 'window': None})>
2020-01-21 21:08:39,389 - BDM-WAM 1579640910.914991 - INFO - <Event(4-MouseMotion {'pos': (574, 426), 'rel': (-17, -12), 'buttons': (0, 0, 0), 'window': None})>
2020-01-21 21:08:39,407 - BDM-WAM 1579640910.914991 - INFO - <Event(4-MouseMotion {'pos': (559, 414), 'rel': (-15, -12), 'buttons': (0, 0, 0), 'window': None})>
2020-01-21 21:08:39,422 - BDM-WAM 1579640910.914991 - INFO - <Event(4-MouseMotion {'pos': (543, 401), 'rel': (-16, -13), 'buttons': (0, 0, 0), 'window': None})>
2020-01-21 21:08:39,481 - BDM-WAM 1579640910.914991 - INFO - <Event(4-MouseMotion {'pos': (517, 376), 'rel': (-26, -25), 'buttons': (0, 0, 0), 'window': None})>
2020-01-21 21:08:39,499 - BDM-WAM 1579640910.914991 - INFO - <Event(4-MouseMotion {'pos': (514, 376), 'rel': (-3, 0), 'buttons': (0, 0, 0), 'window': None})>
2020-01-21 21:08:39,516 - BDM-WAM 1579640910.914991 - INFO - <Event(4-MouseMotion {'pos': (506, 376), 'rel': (-8, 0), 'buttons': (0, 0, 0), 'window': None})>
2020-01-21 21:08:39,533 - BDM-WAM 1579640910.914991 - INFO - <Event(4-MouseMotion {'pos': (489, 375), 'rel': (-17, -1), 'buttons': (0, 0, 0), 'window': None})>
2020-01-21 21:08:39,588 - BDM-WAM 1579640910.914991 - INFO - <Event(4-MouseMotion {'pos': (468, 371), 'rel': (-21, -4), 'buttons': (0, 0, 0), 'window': None})>
2020-01-21 21:08:39,590 - BDM-WAM 1579640910.914991 - INFO - <Event(4-MouseMotion {'pos': (467, 371), 'rel': (-1, 0), 'buttons': (0, 0, 0), 'window': None})>
2020-01-21 21:08:39,606 - BDM-WAM 1579640910.914991 - INFO - <Event(4-MouseMotion {'pos': (466, 370), 'rel': (-1, -1), 'buttons': (0, 0, 0), 'window': None})>
2020-01-21 21:08:39,623 - BDM-WAM 1579640910.914991 - INFO - <Event(4-MouseMotion {'pos': (462, 370), 'rel': (-4, 0), 'buttons': (0, 0, 0), 'window': None})>
2020-01-21 21:08:39,640 - BDM-WAM 1579640910.914991 - INFO - <Event(4-MouseMotion {'pos': (452, 364), 'rel': (-10, -6), 'buttons': (0, 0, 0), 'window': None})>
2020-01-21 21:08:39,703 - BDM-WAM 1579640910.914991 - INFO - <Event(4-MouseMotion {'pos': (433, 355), 'rel': (-19, -9), 'buttons': (0, 0, 0), 'window': None})>
2020-01-21 21:08:39,757 - BDM-WAM 1579640910.914991 - INFO - <Event(4-MouseMotion {'pos': (436, 357), 'rel': (3, 2), 'buttons': (0, 0, 0), 'window': None})>
2020-01-21 21:08:39,773 - BDM-WAM 1579640910.914991 - INFO - <Event(4-MouseMotion {'pos': (481, 380), 'rel': (45, 23), 'buttons': (0, 0, 0), 'window': None})>
2020-01-21 21:08:39,790 - BDM-WAM 1579640910.914991 - INFO - <Event(4-MouseMotion {'pos': (563, 409), 'rel': (82, 29), 'buttons': (0, 0, 0), 'window': None})>
2020-01-21 21:08:39,807 - BDM-WAM 1579640910.914991 - INFO - <Event(4-MouseMotion {'pos': (639, 431), 'rel': (76, 22), 'buttons': (0, 0, 0), 'window': None})>
2020-01-21 21:08:39,824 - BDM-WAM 1579640910.914991 - INFO - <Event(4-MouseMotion {'pos': (657, 435), 'rel': (18, 4), 'buttons': (0, 0, 0), 'window': None})>
2020-01-21 21:08:39,874 - BDM-WAM 1579640910.914991 - INFO - <Event(4-MouseMotion {'pos': (659, 435), 'rel': (2, 0), 'buttons': (0, 0, 0), 'window': None})>
2020-01-21 21:08:39,891 - BDM-WAM 1579640910.914991 - INFO - <Event(4-MouseMotion {'pos': (660, 435), 'rel': (1, 0), 'buttons': (0, 0, 0), 'window': None})>
2020-01-21 21:08:39,908 - BDM-WAM 1579640910.914991 - INFO - <Event(4-MouseMotion {'pos': (661, 435), 'rel': (1, 0), 'buttons': (0, 0, 0), 'window': None})>
2020-01-21 21:08:39,925 - BDM-WAM 1579640910.914991 - INFO - <Event(4-MouseMotion {'pos': (664, 431), 'rel': (3, -4), 'buttons': (0, 0, 0), 'window': None})>
2020-01-21 21:08:39,942 - BDM-WAM 1579640910.914991 - INFO - <Event(4-MouseMotion {'pos': (669, 426), 'rel': (5, -5), 'buttons': (0, 0, 0), 'window': None})>
2020-01-21 21:08:39,959 - BDM-WAM 1579640910.914991 - INFO - <Event(4-MouseMotion {'pos': (675, 418), 'rel': (6, -8), 'buttons': (0, 0, 0), 'window': None})>
2020-01-21 21:08:40,002 - BDM-WAM 1579640910.914991 - INFO - <Event(4-MouseMotion {'pos': (686, 403), 'rel': (11, -15), 'buttons': (0, 0, 0), 'window': None})>
2020-01-21 21:08:40,008 - BDM-WAM 1579640910.914991 - INFO - <Event(4-MouseMotion {'pos': (689, 401), 'rel': (3, -2), 'buttons': (0, 0, 0), 'window': None})>
2020-01-21 21:08:40,021 - BDM-WAM 1579640910.914991 - INFO - <Event(4-MouseMotion {'pos': (694, 397), 'rel': (5, -4), 'buttons': (0, 0, 0), 'window': None})>
2020-01-21 21:08:40,038 - BDM-WAM 1579640910.914991 - INFO - <Event(4-MouseMotion {'pos': (695, 396), 'rel': (1, -1), 'buttons': (0, 0, 0), 'window': None})>
2020-01-21 21:08:40,122 - BDM-WAM 1579640910.914991 - INFO - <Event(5-MouseButtonDown {'pos': (695, 396), 'button': 1, 'window': None})>
2020-01-21 21:08:40,122 - BDM-WAM 1579640910.914991 - INFO - <Event(8-Pause {'reason': hit_conf })>
2020-01-21 21:08:40,372 - BDM-WAM 1579640910.914991 - INFO - <Event(7-Rate {'hit_conf': 3 })>
2020-01-21 21:08:40,541 - BDM-WAM 1579640910.914991 - INFO - <Event(7-Rate {'reward_conf': 3 })>
2020-01-21 21:08:40,693 - BDM-WAM 1579640910.914991 - INFO - <Event(7-Rate {'player_skill': 3 })>
2020-01-21 21:08:40,693 - BDM-WAM 1579640910.914991 - INFO - <Event(9.1-TrueHit {'pos': (695,396),'distance: 66.18912297349165,'relative_loc: (59, 30),'window': None})>
2020-01-21 21:08:40,693 - BDM-WAM 1579640910.914991 - INFO - <Event(11-Score {score_inc: 5,score: 17})>
2020-01-21 21:08:40,848 - BDM-WAM 1579640910.914991 - INFO - <Event(3-KeyUp {'key': 51, 'mod': 0, 'scancode': 4, 'window': None})>
2020-01-21 21:08:40,882 - BDM-WAM 1579640910.914991 - INFO - <Event(4-MouseMotion {'pos': (687, 404), 'rel': (-2, 0), 'buttons': (0, 0, 0), 'window': None})>
2020-01-21 21:08:40,900 - BDM-WAM 1579640910.914991 - INFO - <Event(4-MouseMotion {'pos': (682, 402), 'rel': (-5, -2), 'buttons': (0, 0, 0), 'window': None})>
2020-01-21 21:08:40,917 - BDM-WAM 1579640910.914991 - INFO - <Event(4-MouseMotion {'pos': (678, 401), 'rel': (-4, -1), 'buttons': (0, 0, 0), 'window': None})>
2020-01-21 21:08:40,934 - BDM-WAM 1579640910.914991 - INFO - <Event(4-MouseMotion {'pos': (673, 398), 'rel': (-5, -3), 'buttons': (0, 0, 0), 'window': None})>
2020-01-21 21:08:40,951 - BDM-WAM 1579640910.914991 - INFO - <Event(4-MouseMotion {'pos': (661, 393), 'rel': (-12, -5), 'buttons': (0, 0, 0), 'window': None})>
2020-01-21 21:08:40,968 - BDM-WAM 1579640910.914991 - INFO - <Event(4-MouseMotion {'pos': (645, 385), 'rel': (-16, -8), 'buttons': (0, 0, 0), 'window': None})>
2020-01-21 21:08:40,985 - BDM-WAM 1579640910.914991 - INFO - <Event(4-MouseMotion {'pos': (636, 381), 'rel': (-9, -4), 'buttons': (0, 0, 0), 'window': None})>
2020-01-21 21:08:41,035 - BDM-WAM 1579640910.914991 - INFO - <Event(4-MouseMotion {'pos': (614, 371), 'rel': (-22, -10), 'buttons': (0, 0, 0), 'window': None})>
2020-01-21 21:08:41,056 - BDM-WAM 1579640910.914991 - INFO - <Event(4-MouseMotion {'pos': (611, 370), 'rel': (-3, -1), 'buttons': (0, 0, 0), 'window': None})>
2020-01-21 21:08:41,072 - BDM-WAM 1579640910.914991 - INFO - <Event(4-MouseMotion {'pos': (610, 369), 'rel': (-1, -1), 'buttons': (0, 0, 0), 'window': None})>
2020-01-21 21:08:41,199 - BDM-WAM 1579640910.914991 - INFO - <Event(10-MoleUp) {'loc': (95,43)})>
2020-01-21 21:08:41,302 - BDM-WAM 1579640910.914991 - INFO - <Event(4-MouseMotion {'pos': (606, 372), 'rel': (-4, 3), 'buttons': (0, 0, 0), 'window': None})>
2020-01-21 21:08:41,319 - BDM-WAM 1579640910.914991 - INFO - <Event(4-MouseMotion {'pos': (598, 378), 'rel': (-8, 6), 'buttons': (0, 0, 0), 'window': None})>
2020-01-21 21:08:41,336 - BDM-WAM 1579640910.914991 - INFO - <Event(4-MouseMotion {'pos': (587, 385), 'rel': (-11, 7), 'buttons': (0, 0, 0), 'window': None})>
2020-01-21 21:08:41,355 - BDM-WAM 1579640910.914991 - INFO - <Event(4-MouseMotion {'pos': (577, 394), 'rel': (-10, 9), 'buttons': (0, 0, 0), 'window': None})>
2020-01-21 21:08:41,375 - BDM-WAM 1579640910.914991 - INFO - <Event(4-MouseMotion {'pos': (567, 401), 'rel': (-10, 7), 'buttons': (0, 0, 0), 'window': None})>
2020-01-21 21:08:41,390 - BDM-WAM 1579640910.914991 - INFO - <Event(4-MouseMotion {'pos': (559, 406), 'rel': (-8, 5), 'buttons': (0, 0, 0), 'window': None})>
2020-01-21 21:08:41,406 - BDM-WAM 1579640910.914991 - INFO - <Event(4-MouseMotion {'pos': (552, 410), 'rel': (-7, 4), 'buttons': (0, 0, 0), 'window': None})>
2020-01-21 21:08:41,422 - BDM-WAM 1579640910.914991 - INFO - <Event(4-MouseMotion {'pos': (549, 411), 'rel': (-3, 1), 'buttons': (0, 0, 0), 'window': None})>
2020-01-21 21:08:41,439 - BDM-WAM 1579640910.914991 - INFO - <Event(4-MouseMotion {'pos': (548, 411), 'rel': (-1, 0), 'buttons': (0, 0, 0), 'window': None})>
2020-01-21 21:08:41,458 - BDM-WAM 1579640910.914991 - INFO - <Event(4-MouseMotion {'pos': (538, 413), 'rel': (-10, 2), 'buttons': (0, 0, 0), 'window': None})>
2020-01-21 21:08:41,474 - BDM-WAM 1579640910.914991 - INFO - <Event(4-MouseMotion {'pos': (522, 416), 'rel': (-16, 3), 'buttons': (0, 0, 0), 'window': None})>
2020-01-21 21:08:41,490 - BDM-WAM 1579640910.914991 - INFO - <Event(4-MouseMotion {'pos': (509, 418), 'rel': (-13, 2), 'buttons': (0, 0, 0), 'window': None})>
2020-01-21 21:08:41,507 - BDM-WAM 1579640910.914991 - INFO - <Event(4-MouseMotion {'pos': (504, 419), 'rel': (-5, 1), 'buttons': (0, 0, 0), 'window': None})>
2020-01-21 21:08:41,524 - BDM-WAM 1579640910.914991 - INFO - <Event(4-MouseMotion {'pos': (502, 419), 'rel': (-2, 0), 'buttons': (0, 0, 0), 'window': None})>
2020-01-21 21:08:41,558 - BDM-WAM 1579640910.914991 - INFO - <Event(4-MouseMotion {'pos': (501, 419), 'rel': (-1, 0), 'buttons': (0, 0, 0), 'window': None})>
2020-01-21 21:08:41,575 - BDM-WAM 1579640910.914991 - INFO - <Event(4-MouseMotion {'pos': (499, 419), 'rel': (-2, 0), 'buttons': (0, 0, 0), 'window': None})>
2020-01-21 21:08:41,592 - BDM-WAM 1579640910.914991 - INFO - <Event(4-MouseMotion {'pos': (498, 419), 'rel': (-1, 0), 'buttons': (0, 0, 0), 'window': None})>
2020-01-21 21:08:41,677 - BDM-WAM 1579640910.914991 - INFO - <Event(4-MouseMotion {'pos': (495, 419), 'rel': (-3, 0), 'buttons': (0, 0, 0), 'window': None})>
2020-01-21 21:08:41,694 - BDM-WAM 1579640910.914991 - INFO - <Event(4-MouseMotion {'pos': (493, 415), 'rel': (-2, -4), 'buttons': (0, 0, 0), 'window': None})>
2020-01-21 21:08:41,750 - BDM-WAM 1579640910.914991 - INFO - <Event(4-MouseMotion {'pos': (479, 365), 'rel': (-14, -50), 'buttons': (0, 0, 0), 'window': None})>
2020-01-21 21:08:41,755 - BDM-WAM 1579640910.914991 - INFO - <Event(4-MouseMotion {'pos': (477, 353), 'rel': (-2, -12), 'buttons': (0, 0, 0), 'window': None})>
2020-01-21 21:08:41,768 - BDM-WAM 1579640910.914991 - INFO - <Event(4-MouseMotion {'pos': (476, 341), 'rel': (-1, -12), 'buttons': (0, 0, 0), 'window': None})>
2020-01-21 21:08:41,785 - BDM-WAM 1579640910.914991 - INFO - <Event(4-MouseMotion {'pos': (478, 329), 'rel': (2, -12), 'buttons': (0, 0, 0), 'window': None})>
2020-01-21 21:08:41,802 - BDM-WAM 1579640910.914991 - INFO - <Event(4-MouseMotion {'pos': (480, 325), 'rel': (2, -4), 'buttons': (0, 0, 0), 'window': None})>
2020-01-21 21:08:41,882 - BDM-WAM 1579640910.914991 - INFO - <Event(4-MouseMotion {'pos': (497, 310), 'rel': (17, -15), 'buttons': (0, 0, 0), 'window': None})>
2020-01-21 21:08:41,900 - BDM-WAM 1579640910.914991 - INFO - <Event(4-MouseMotion {'pos': (503, 307), 'rel': (6, -3), 'buttons': (0, 0, 0), 'window': None})>
2020-01-21 21:08:41,917 - BDM-WAM 1579640910.914991 - INFO - <Event(4-MouseMotion {'pos': (504, 306), 'rel': (1, -1), 'buttons': (0, 0, 0), 'window': None})>
2020-01-21 21:08:41,935 - BDM-WAM 1579640910.914991 - INFO - <Event(4-MouseMotion {'pos': (507, 304), 'rel': (3, -2), 'buttons': (0, 0, 0), 'window': None})>
2020-01-21 21:08:41,951 - BDM-WAM 1579640910.914991 - INFO - <Event(4-MouseMotion {'pos': (509, 303), 'rel': (2, -1), 'buttons': (0, 0, 0), 'window': None})>
2020-01-21 21:08:41,968 - BDM-WAM 1579640910.914991 - INFO - <Event(4-MouseMotion {'pos': (510, 303), 'rel': (1, 0), 'buttons': (0, 0, 0), 'window': None})>
2020-01-21 21:08:42,002 - BDM-WAM 1579640910.914991 - INFO - <Event(4-MouseMotion {'pos': (504, 291), 'rel': (-6, -12), 'buttons': (0, 0, 0), 'window': None})>
2020-01-21 21:08:42,019 - BDM-WAM 1579640910.914991 - INFO - <Event(4-MouseMotion {'pos': (444, 234), 'rel': (-60, -57), 'buttons': (0, 0, 0), 'window': None})>
2020-01-21 21:08:42,036 - BDM-WAM 1579640910.914991 - INFO - <Event(4-MouseMotion {'pos': (341, 163), 'rel': (-103, -71), 'buttons': (0, 0, 0), 'window': None})>
2020-01-21 21:08:42,054 - BDM-WAM 1579640910.914991 - INFO - <Event(4-MouseMotion {'pos': (261, 119), 'rel': (-80, -44), 'buttons': (0, 0, 0), 'window': None})>
2020-01-21 21:08:42,071 - BDM-WAM 1579640910.914991 - INFO - <Event(4-MouseMotion {'pos': (209, 92), 'rel': (-52, -27), 'buttons': (0, 0, 0), 'window': None})>
2020-01-21 21:08:42,089 - BDM-WAM 1579640910.914991 - INFO - <Event(4-MouseMotion {'pos': (206, 91), 'rel': (-3, -1), 'buttons': (0, 0, 0), 'window': None})>
2020-01-21 21:08:42,343 - BDM-WAM 1579640910.914991 - INFO - <Event(4-MouseMotion {'pos': (193, 96), 'rel': (-13, 5), 'buttons': (0, 0, 0), 'window': None})>
2020-01-21 21:08:42,360 - BDM-WAM 1579640910.914991 - INFO - <Event(4-MouseMotion {'pos': (165, 107), 'rel': (-28, 11), 'buttons': (0, 0, 0), 'window': None})>
2020-01-21 21:08:42,377 - BDM-WAM 1579640910.914991 - INFO - <Event(4-MouseMotion {'pos': (164, 107), 'rel': (-1, 0), 'buttons': (0, 0, 0), 'window': None})>
2020-01-21 21:08:42,548 - BDM-WAM 1579640910.914991 - INFO - <Event(5-MouseButtonDown {'pos': (164, 107), 'button': 1, 'window': None})>
2020-01-21 21:08:42,548 - BDM-WAM 1579640910.914991 - INFO - <Event(8-Pause {'reason': hit_conf })>
2020-01-21 21:08:42,749 - BDM-WAM 1579640910.914991 - INFO - <Event(7-Rate {'hit_conf': 2 })>
2020-01-21 21:08:42,926 - BDM-WAM 1579640910.914991 - INFO - <Event(7-Rate {'reward_conf': 2 })>
2020-01-21 21:08:43,095 - BDM-WAM 1579640910.914991 - INFO - <Event(7-Rate {'player_skill': 2 })>
2020-01-21 21:08:43,095 - BDM-WAM 1579640910.914991 - INFO - <Event(9.1-TrueHit {'pos': (164,107),'distance: 94.11163583744573,'relative_loc: (69, 64),'window': None})>
2020-01-21 21:08:43,095 - BDM-WAM 1579640910.914991 - INFO - <Event(11-Score {score_inc: 4,score: 21})>
2020-01-21 21:08:43,095 - BDM-WAM 1579640910.914991 - INFO - <Event(8-Pause {'reason': demo })>
2020-01-21 21:08:45,139 - BDM-WAM 1579640910.914991 - INFO - <Event(3-KeyUp {'key': 99, 'mod': 0, 'scancode': 46, 'window': None})>
2020-01-21 21:08:45,139 - BDM-WAM 1579640910.914991 - INFO - <Event(8-Pause {'reason': stage })>
2020-01-21 21:08:48,178 - BDM-WAM 1579640910.914991 - INFO - <Event(3-KeyUp {'key': 99, 'mod': 0, 'scancode': 46, 'window': None})>
2020-01-21 21:08:48,178 - BDM-WAM 1579640910.914991 - INFO - <Event(8-Pause {'reason': stage })>
2020-01-21 21:08:49,199 - BDM-WAM 1579640910.914991 - INFO - <Event(10-MoleUp) {'loc': (636,366)})>
2020-01-21 21:08:49,234 - BDM-WAM 1579640910.914991 - INFO - <Event(4-MouseMotion {'pos': (565, 354), 'rel': (4, 4), 'buttons': (0, 0, 0), 'window': None})>
2020-01-21 21:08:49,234 - BDM-WAM 1579640910.914991 - INFO - <Event(8-Pause {'reason': stage })>
2020-01-21 21:08:49,777 - BDM-WAM 1579640910.914991 - INFO - <Event(4-MouseMotion {'pos': (589, 392), 'rel': (1, 0), 'buttons': (0, 0, 0), 'window': None})>
2020-01-21 21:08:49,778 - BDM-WAM 1579640910.914991 - INFO - <Event(8-Pause {'reason': stage })>
2020-01-21 21:08:50,148 - BDM-WAM 1579640910.914991 - INFO - <Event(4-MouseMotion {'pos': (596, 397), 'rel': (4, 2), 'buttons': (0, 0, 0), 'window': None})>
2020-01-21 21:08:50,148 - BDM-WAM 1579640910.914991 - INFO - <Event(8-Pause {'reason': stage })>
2020-01-21 21:08:50,467 - BDM-WAM 1579640910.914991 - INFO - <Event(4-MouseMotion {'pos': (853, 500), 'rel': (-6, -7), 'buttons': (0, 0, 0), 'window': None})>
2020-01-21 21:08:50,467 - BDM-WAM 1579640910.914991 - INFO - <Event(8-Pause {'reason': stage })>
2020-01-21 21:08:50,629 - BDM-WAM 1579640910.914991 - INFO - <Event(4-MouseMotion {'pos': (754, 454), 'rel': (-33, -15), 'buttons': (0, 0, 0), 'window': None})>
2020-01-21 21:08:50,631 - BDM-WAM 1579640910.914991 - INFO - <Event(8-Pause {'reason': stage })>
2020-01-21 21:08:50,871 - BDM-WAM 1579640910.914991 - INFO - <Event(4-MouseMotion {'pos': (712, 440), 'rel': (-1, 0), 'buttons': (0, 0, 0), 'window': None})>
2020-01-21 21:08:50,871 - BDM-WAM 1579640910.914991 - INFO - <Event(8-Pause {'reason': stage })>
2020-01-21 21:08:51,041 - BDM-WAM 1579640910.914991 - INFO - <Event(4-MouseMotion {'pos': (712, 439), 'rel': (0, -1), 'buttons': (0, 0, 0), 'window': None})>
2020-01-21 21:08:51,041 - BDM-WAM 1579640910.914991 - INFO - <Event(8-Pause {'reason': stage })>
2020-01-21 21:08:51,220 - BDM-WAM 1579640910.914991 - INFO - <Event(4-MouseMotion {'pos': (701, 428), 'rel': (-3, -3), 'buttons': (0, 0, 0), 'window': None})>
2020-01-21 21:08:51,221 - BDM-WAM 1579640910.914991 - INFO - <Event(8-Pause {'reason': stage })>
2020-01-21 21:08:51,710 - BDM-WAM 1579640910.914991 - INFO - <Event(3-KeyUp {'key': 99, 'mod': 0, 'scancode': 46, 'window': None})>
2020-01-21 21:08:51,710 - BDM-WAM 1579640910.914991 - INFO - <Event(8-Pause {'reason': stage })>
2020-01-21 21:08:51,823 - BDM-WAM 1579640910.914991 - INFO - <Event(10-MoleUp) {'loc': (464,119)})>
2020-01-21 21:08:51,841 - BDM-WAM 1579640910.914991 - INFO - <Event(4-MouseMotion {'pos': (693, 419), 'rel': (-4, -1), 'buttons': (0, 0, 0), 'window': None})>
2020-01-21 21:08:51,841 - BDM-WAM 1579640910.914991 - INFO - <Event(8-Pause {'reason': stage })>
2020-01-21 21:08:52,208 - BDM-WAM 1579640910.914991 - INFO - <Event(3-KeyUp {'key': 99, 'mod': 0, 'scancode': 46, 'window': None})>
2020-01-21 21:08:52,208 - BDM-WAM 1579640910.914991 - INFO - <Event(8-Pause {'reason': stage })>
2020-01-21 21:08:52,322 - BDM-WAM 1579640910.914991 - INFO - <Event(4-MouseMotion {'pos': (694, 416), 'rel': (5, 0), 'buttons': (0, 0, 0), 'window': None})>
2020-01-21 21:08:52,322 - BDM-WAM 1579640910.914991 - INFO - <Event(8-Pause {'reason': stage })>
2020-01-21 21:08:52,741 - BDM-WAM 1579640910.914991 - INFO - <Event(4-MouseMotion {'pos': (684, 398), 'rel': (-18, -20), 'buttons': (0, 0, 0), 'window': None})>
2020-01-21 21:08:52,741 - BDM-WAM 1579640910.914991 - INFO - <Event(8-Pause {'reason': stage })>
2020-01-21 21:08:53,073 - BDM-WAM 1579640910.914991 - INFO - <Event(3-KeyUp {'key': 99, 'mod': 0, 'scancode': 46, 'window': None})>
2020-01-21 21:08:53,073 - BDM-WAM 1579640910.914991 - INFO - <Event(8-Pause {'reason': stage })>
2020-01-21 21:08:53,451 - BDM-WAM 1579640910.914991 - INFO - <Event(3-KeyUp {'key': 99, 'mod': 0, 'scancode': 46, 'window': None})>
2020-01-21 21:08:53,451 - BDM-WAM 1579640910.914991 - INFO - <Event(8-Pause {'reason': stage })>
2020-01-21 21:08:53,553 - BDM-WAM 1579640910.914991 - INFO - <Event(4-MouseMotion {'pos': (510, 177), 'rel': (1, 0), 'buttons': (0, 0, 0), 'window': None})>
2020-01-21 21:08:53,553 - BDM-WAM 1579640910.914991 - INFO - <Event(8-Pause {'reason': stage })>
2020-01-21 21:08:55,207 - BDM-WAM 1579640910.914991 - INFO - ************* HAPPY ANALYSING... LOG COMPLETE!!! ************* 
