2020-01-21 20:13:06,547 - BDM-WAM 1579637586.4395516 - INFO - <Event(17-VideoExpose {})>
2020-01-21 20:13:09,102 - BDM-WAM 1579637586.4395516 - INFO - <Event(1-ActiveEvent {'gain': 0, 'state': 1})>
2020-01-21 20:13:09,102 - BDM-WAM 1579637586.4395516 - INFO - <Event(4-MouseMotion {'pos': (549, 699), 'rel': (550, 700), 'buttons': (0, 0, 0), 'window': None})>
2020-01-21 20:13:09,145 - BDM-WAM 1579637586.4395516 - INFO - <Event(10-MoleUp) {'loc': (381,295)})>
2020-01-21 20:13:09,190 - BDM-WAM 1579637586.4395516 - INFO - <Event(4-MouseMotion {'pos': (553, 417), 'rel': (17, -20), 'buttons': (0, 0, 0), 'window': None})>
2020-01-21 20:13:09,233 - BDM-WAM 1579637586.4395516 - INFO - <Event(4-MouseMotion {'pos': (554, 416), 'rel': (1, -1), 'buttons': (0, 0, 0), 'window': None})>
2020-01-21 20:13:09,299 - BDM-WAM 1579637586.4395516 - INFO - <Event(3-KeyUp {'key': 99, 'mod': 0, 'scancode': 46, 'window': None})>
2020-01-21 20:13:09,300 - BDM-WAM 1579637586.4395516 - INFO - <Event(4-MouseMotion {'pos': (555, 414), 'rel': (1, -2), 'buttons': (0, 0, 0), 'window': None})>
2020-01-21 20:13:09,389 - BDM-WAM 1579637586.4395516 - INFO - <Event(4-MouseMotion {'pos': (556, 414), 'rel': (1, 0), 'buttons': (0, 0, 0), 'window': None})>
2020-01-21 20:13:09,408 - BDM-WAM 1579637586.4395516 - INFO - <Event(4-MouseMotion {'pos': (557, 414), 'rel': (1, 0), 'buttons': (0, 0, 0), 'window': None})>
2020-01-21 20:13:09,458 - BDM-WAM 1579637586.4395516 - INFO - <Event(4-MouseMotion {'pos': (558, 413), 'rel': (1, -1), 'buttons': (0, 0, 0), 'window': None})>
2020-01-21 20:13:09,475 - BDM-WAM 1579637586.4395516 - INFO - <Event(4-MouseMotion {'pos': (558, 412), 'rel': (0, -1), 'buttons': (0, 0, 0), 'window': None})>
2020-01-21 20:13:09,492 - BDM-WAM 1579637586.4395516 - INFO - <Event(4-MouseMotion {'pos': (559, 410), 'rel': (1, -2), 'buttons': (0, 0, 0), 'window': None})>
2020-01-21 20:13:09,509 - BDM-WAM 1579637586.4395516 - INFO - <Event(4-MouseMotion {'pos': (560, 408), 'rel': (1, -2), 'buttons': (0, 0, 0), 'window': None})>
2020-01-21 20:13:09,544 - BDM-WAM 1579637586.4395516 - INFO - <Event(4-MouseMotion {'pos': (561, 405), 'rel': (1, -3), 'buttons': (0, 0, 0), 'window': None})>
2020-01-21 20:13:09,568 - BDM-WAM 1579637586.4395516 - INFO - <Event(4-MouseMotion {'pos': (561, 391), 'rel': (0, -14), 'buttons': (0, 0, 0), 'window': None})>
2020-01-21 20:13:09,577 - BDM-WAM 1579637586.4395516 - INFO - <Event(4-MouseMotion {'pos': (561, 376), 'rel': (0, -15), 'buttons': (0, 0, 0), 'window': None})>
2020-01-21 20:13:09,595 - BDM-WAM 1579637586.4395516 - INFO - <Event(4-MouseMotion {'pos': (548, 334), 'rel': (-13, -42), 'buttons': (0, 0, 0), 'window': None})>
2020-01-21 20:13:09,611 - BDM-WAM 1579637586.4395516 - INFO - <Event(4-MouseMotion {'pos': (531, 301), 'rel': (-17, -33), 'buttons': (0, 0, 0), 'window': None})>
2020-01-21 20:13:09,630 - BDM-WAM 1579637586.4395516 - INFO - <Event(4-MouseMotion {'pos': (524, 291), 'rel': (-7, -10), 'buttons': (0, 0, 0), 'window': None})>
2020-01-21 20:13:09,646 - BDM-WAM 1579637586.4395516 - INFO - <Event(4-MouseMotion {'pos': (523, 291), 'rel': (-1, 0), 'buttons': (0, 0, 0), 'window': None})>
2020-01-21 20:13:09,666 - BDM-WAM 1579637586.4395516 - INFO - <Event(4-MouseMotion {'pos': (520, 291), 'rel': (-3, 0), 'buttons': (0, 0, 0), 'window': None})>
2020-01-21 20:13:09,679 - BDM-WAM 1579637586.4395516 - INFO - <Event(4-MouseMotion {'pos': (508, 296), 'rel': (-12, 5), 'buttons': (0, 0, 0), 'window': None})>
2020-01-21 20:13:09,696 - BDM-WAM 1579637586.4395516 - INFO - <Event(4-MouseMotion {'pos': (495, 301), 'rel': (-13, 5), 'buttons': (0, 0, 0), 'window': None})>
2020-01-21 20:13:09,713 - BDM-WAM 1579637586.4395516 - INFO - <Event(4-MouseMotion {'pos': (485, 305), 'rel': (-10, 4), 'buttons': (0, 0, 0), 'window': None})>
2020-01-21 20:13:09,730 - BDM-WAM 1579637586.4395516 - INFO - <Event(4-MouseMotion {'pos': (475, 308), 'rel': (-10, 3), 'buttons': (0, 0, 0), 'window': None})>
2020-01-21 20:13:09,747 - BDM-WAM 1579637586.4395516 - INFO - <Event(4-MouseMotion {'pos': (467, 311), 'rel': (-8, 3), 'buttons': (0, 0, 0), 'window': None})>
2020-01-21 20:13:09,763 - BDM-WAM 1579637586.4395516 - INFO - <Event(4-MouseMotion {'pos': (464, 313), 'rel': (-3, 2), 'buttons': (0, 0, 0), 'window': None})>
2020-01-21 20:13:09,780 - BDM-WAM 1579637586.4395516 - INFO - <Event(4-MouseMotion {'pos': (463, 314), 'rel': (-1, 1), 'buttons': (0, 0, 0), 'window': None})>
2020-01-21 20:13:09,831 - BDM-WAM 1579637586.4395516 - INFO - <Event(4-MouseMotion {'pos': (461, 319), 'rel': (-2, 5), 'buttons': (0, 0, 0), 'window': None})>
2020-01-21 20:13:09,848 - BDM-WAM 1579637586.4395516 - INFO - <Event(4-MouseMotion {'pos': (460, 321), 'rel': (-1, 2), 'buttons': (0, 0, 0), 'window': None})>
2020-01-21 20:13:09,865 - BDM-WAM 1579637586.4395516 - INFO - <Event(4-MouseMotion {'pos': (460, 322), 'rel': (0, 1), 'buttons': (0, 0, 0), 'window': None})>
2020-01-21 20:13:09,950 - BDM-WAM 1579637586.4395516 - INFO - <Event(5-MouseButtonDown {'pos': (460, 322), 'button': 1, 'window': None})>
2020-01-21 20:13:09,950 - BDM-WAM 1579637586.4395516 - INFO - <Event(8-Pause {'reason': hit_conf })>
2020-01-21 20:13:10,328 - BDM-WAM 1579637586.4395516 - INFO - <Event(7-Rate {'hit_conf': 3 })>
2020-01-21 20:13:10,505 - BDM-WAM 1579637586.4395516 - INFO - <Event(7-Rate {'reward_conf': 3 })>
2020-01-21 20:13:10,661 - BDM-WAM 1579637586.4395516 - INFO - <Event(7-Rate {'player_skill': 3 })>
2020-01-21 20:13:10,661 - BDM-WAM 1579637586.4395516 - INFO - <Event(9.1-TrueHit {'pos': (460,322),'distance: 83.48652585896721,'relative_loc: (79, 27),'window': None})>
2020-01-21 20:13:10,661 - BDM-WAM 1579637586.4395516 - INFO - <Event(11-Score {score_inc: 4,score: 4})>
2020-01-21 20:13:10,793 - BDM-WAM 1579637586.4395516 - INFO - <Event(3-KeyUp {'key': 51, 'mod': 0, 'scancode': 4, 'window': None})>
2020-01-21 20:13:10,910 - BDM-WAM 1579637586.4395516 - INFO - <Event(4-MouseMotion {'pos': (440, 354), 'rel': (2, -1), 'buttons': (0, 0, 0), 'window': None})>
2020-01-21 20:13:10,927 - BDM-WAM 1579637586.4395516 - INFO - <Event(4-MouseMotion {'pos': (448, 348), 'rel': (8, -6), 'buttons': (0, 0, 0), 'window': None})>
2020-01-21 20:13:10,944 - BDM-WAM 1579637586.4395516 - INFO - <Event(4-MouseMotion {'pos': (453, 346), 'rel': (5, -2), 'buttons': (0, 0, 0), 'window': None})>
2020-01-21 20:13:10,961 - BDM-WAM 1579637586.4395516 - INFO - <Event(4-MouseMotion {'pos': (467, 339), 'rel': (14, -7), 'buttons': (0, 0, 0), 'window': None})>
2020-01-21 20:13:11,020 - BDM-WAM 1579637586.4395516 - INFO - <Event(4-MouseMotion {'pos': (629, 288), 'rel': (162, -51), 'buttons': (0, 0, 0), 'window': None})>
2020-01-21 20:13:11,040 - BDM-WAM 1579637586.4395516 - INFO - <Event(4-MouseMotion {'pos': (709, 263), 'rel': (80, -25), 'buttons': (0, 0, 0), 'window': None})>
2020-01-21 20:13:11,055 - BDM-WAM 1579637586.4395516 - INFO - <Event(4-MouseMotion {'pos': (781, 239), 'rel': (72, -24), 'buttons': (0, 0, 0), 'window': None})>
2020-01-21 20:13:11,072 - BDM-WAM 1579637586.4395516 - INFO - <Event(4-MouseMotion {'pos': (838, 227), 'rel': (57, -12), 'buttons': (0, 0, 0), 'window': None})>
2020-01-21 20:13:11,135 - BDM-WAM 1579637586.4395516 - INFO - <Event(4-MouseMotion {'pos': (1352, 143), 'rel': (514, -84), 'buttons': (0, 0, 0), 'window': None})>
2020-01-21 20:13:11,216 - BDM-WAM 1579637586.4395516 - INFO - <Event(10-MoleUp) {'loc': (636,366)})>
2020-01-21 20:13:11,217 - BDM-WAM 1579637586.4395516 - INFO - <Event(4-MouseMotion {'pos': (1396, 122), 'rel': (44, -21), 'buttons': (0, 0, 0), 'window': None})>
2020-01-21 20:13:11,234 - BDM-WAM 1579637586.4395516 - INFO - <Event(4-MouseMotion {'pos': (1399, 119), 'rel': (3, -3), 'buttons': (0, 0, 0), 'window': None})>
2020-01-21 20:13:11,251 - BDM-WAM 1579637586.4395516 - INFO - <Event(4-MouseMotion {'pos': (1402, 115), 'rel': (3, -4), 'buttons': (0, 0, 0), 'window': None})>
2020-01-21 20:13:11,268 - BDM-WAM 1579637586.4395516 - INFO - <Event(4-MouseMotion {'pos': (1407, 105), 'rel': (5, -10), 'buttons': (0, 0, 0), 'window': None})>
2020-01-21 20:13:11,285 - BDM-WAM 1579637586.4395516 - INFO - <Event(4-MouseMotion {'pos': (1412, 97), 'rel': (5, -8), 'buttons': (0, 0, 0), 'window': None})>
2020-01-21 20:13:11,302 - BDM-WAM 1579637586.4395516 - INFO - <Event(4-MouseMotion {'pos': (1418, 88), 'rel': (6, -9), 'buttons': (0, 0, 0), 'window': None})>
2020-01-21 20:13:11,319 - BDM-WAM 1579637586.4395516 - INFO - <Event(4-MouseMotion {'pos': (1421, 84), 'rel': (3, -4), 'buttons': (0, 0, 0), 'window': None})>
2020-01-21 20:13:11,336 - BDM-WAM 1579637586.4395516 - INFO - <Event(4-MouseMotion {'pos': (1421, 83), 'rel': (0, -1), 'buttons': (0, 0, 0), 'window': None})>
2020-01-21 20:13:11,472 - BDM-WAM 1579637586.4395516 - INFO - <Event(4-MouseMotion {'pos': (1421, 82), 'rel': (0, -1), 'buttons': (0, 0, 0), 'window': None})>
2020-01-21 20:13:11,490 - BDM-WAM 1579637586.4395516 - INFO - <Event(4-MouseMotion {'pos': (1422, 78), 'rel': (1, -4), 'buttons': (0, 0, 0), 'window': None})>
2020-01-21 20:13:11,507 - BDM-WAM 1579637586.4395516 - INFO - <Event(4-MouseMotion {'pos': (1421, 67), 'rel': (-1, -11), 'buttons': (0, 0, 0), 'window': None})>
2020-01-21 20:13:11,525 - BDM-WAM 1579637586.4395516 - INFO - <Event(4-MouseMotion {'pos': (1416, 48), 'rel': (-5, -19), 'buttons': (0, 0, 0), 'window': None})>
2020-01-21 20:13:11,544 - BDM-WAM 1579637586.4395516 - INFO - <Event(4-MouseMotion {'pos': (1411, 23), 'rel': (-5, -25), 'buttons': (0, 0, 0), 'window': None})>
2020-01-21 20:13:11,560 - BDM-WAM 1579637586.4395516 - INFO - <Event(4-MouseMotion {'pos': (1407, 9), 'rel': (-4, -14), 'buttons': (0, 0, 0), 'window': None})>
2020-01-21 20:13:11,575 - BDM-WAM 1579637586.4395516 - INFO - <Event(4-MouseMotion {'pos': (1404, 1), 'rel': (-3, -8), 'buttons': (0, 0, 0), 'window': None})>
2020-01-21 20:13:11,625 - BDM-WAM 1579637586.4395516 - INFO - <Event(4-MouseMotion {'pos': (1404, 0), 'rel': (0, -1), 'buttons': (0, 0, 0), 'window': None})>
2020-01-21 20:13:11,763 - BDM-WAM 1579637586.4395516 - INFO - <Event(1-ActiveEvent {'gain': 0, 'state': 1})>
2020-01-21 20:13:12,410 - BDM-WAM 1579637586.4395516 - INFO - <Event(12-Quit {})>
