2019-07-17 15:29:03,463 - BDM-WAM 1563373741.1392827 - INFO - <Event(17-VideoExpose {})>
2019-07-17 15:29:04,504 - BDM-WAM 1563373741.1392827 - INFO - <Event(16-VideoResize {'size': (800, 600), 'w': 800, 'h': 600})>
2019-07-17 15:29:04,504 - BDM-WAM 1563373741.1392827 - INFO - <Event(1-ActiveEvent {'gain': 0, 'state': 1})>
2019-07-17 15:29:04,504 - BDM-WAM 1563373741.1392827 - INFO - <Event(4-MouseMotion {'pos': (0, 161), 'rel': (0, 162), 'buttons': (0, 0, 0), 'window': None})>
2019-07-17 15:29:04,505 - BDM-WAM 1563373741.1392827 - INFO - <Event(1-ActiveEvent {'gain': 1, 'state': 1})>
2019-07-17 15:29:04,505 - BDM-WAM 1563373741.1392827 - INFO - <Event(4-MouseMotion {'pos': (390, 335), 'rel': (390, 174), 'buttons': (0, 0, 0), 'window': None})>
2019-07-17 15:29:04,629 - BDM-WAM 1563373741.1392827 - INFO - <Event(3-KeyUp {'key': 99, 'mod': 0, 'scancode': 46, 'window': None})>
2019-07-17 15:29:04,814 - BDM-WAM 1563373741.1392827 - INFO - <Event(4-MouseMotion {'pos': (378, 357), 'rel': (1, 1), 'buttons': (0, 0, 0), 'window': None})>
2019-07-17 15:29:04,830 - BDM-WAM 1563373741.1392827 - INFO - <Event(4-MouseMotion {'pos': (385, 357), 'rel': (7, 0), 'buttons': (0, 0, 0), 'window': None})>
2019-07-17 15:29:04,847 - BDM-WAM 1563373741.1392827 - INFO - <Event(4-MouseMotion {'pos': (405, 360), 'rel': (20, 3), 'buttons': (0, 0, 0), 'window': None})>
2019-07-17 15:29:04,863 - BDM-WAM 1563373741.1392827 - INFO - <Event(4-MouseMotion {'pos': (438, 360), 'rel': (33, 0), 'buttons': (0, 0, 0), 'window': None})>
2019-07-17 15:29:04,878 - BDM-WAM 1563373741.1392827 - INFO - <Event(4-MouseMotion {'pos': (470, 360), 'rel': (32, 0), 'buttons': (0, 0, 0), 'window': None})>
2019-07-17 15:29:04,894 - BDM-WAM 1563373741.1392827 - INFO - <Event(4-MouseMotion {'pos': (494, 358), 'rel': (24, -2), 'buttons': (0, 0, 0), 'window': None})>
2019-07-17 15:29:04,913 - BDM-WAM 1563373741.1392827 - INFO - <Event(4-MouseMotion {'pos': (512, 357), 'rel': (18, -1), 'buttons': (0, 0, 0), 'window': None})>
2019-07-17 15:29:04,928 - BDM-WAM 1563373741.1392827 - INFO - <Event(4-MouseMotion {'pos': (524, 356), 'rel': (12, -1), 'buttons': (0, 0, 0), 'window': None})>
2019-07-17 15:29:04,944 - BDM-WAM 1563373741.1392827 - INFO - <Event(4-MouseMotion {'pos': (525, 356), 'rel': (1, 0), 'buttons': (0, 0, 0), 'window': None})>
2019-07-17 15:29:05,194 - BDM-WAM 1563373741.1392827 - INFO - <Event(4-MouseMotion {'pos': (539, 356), 'rel': (14, 0), 'buttons': (0, 0, 0), 'window': None})>
2019-07-17 15:29:05,213 - BDM-WAM 1563373741.1392827 - INFO - <Event(4-MouseMotion {'pos': (600, 365), 'rel': (61, 9), 'buttons': (0, 0, 0), 'window': None})>
2019-07-17 15:29:05,227 - BDM-WAM 1563373741.1392827 - INFO - <Event(4-MouseMotion {'pos': (632, 377), 'rel': (32, 12), 'buttons': (0, 0, 0), 'window': None})>
2019-07-17 15:29:05,243 - BDM-WAM 1563373741.1392827 - INFO - <Event(4-MouseMotion {'pos': (658, 387), 'rel': (26, 10), 'buttons': (0, 0, 0), 'window': None})>
2019-07-17 15:29:05,259 - BDM-WAM 1563373741.1392827 - INFO - <Event(4-MouseMotion {'pos': (677, 396), 'rel': (19, 9), 'buttons': (0, 0, 0), 'window': None})>
2019-07-17 15:29:05,276 - BDM-WAM 1563373741.1392827 - INFO - <Event(4-MouseMotion {'pos': (689, 403), 'rel': (12, 7), 'buttons': (0, 0, 0), 'window': None})>
2019-07-17 15:29:05,292 - BDM-WAM 1563373741.1392827 - INFO - <Event(4-MouseMotion {'pos': (696, 408), 'rel': (7, 5), 'buttons': (0, 0, 0), 'window': None})>
2019-07-17 15:29:05,309 - BDM-WAM 1563373741.1392827 - INFO - <Event(4-MouseMotion {'pos': (703, 412), 'rel': (7, 4), 'buttons': (0, 0, 0), 'window': None})>
2019-07-17 15:29:05,328 - BDM-WAM 1563373741.1392827 - INFO - <Event(4-MouseMotion {'pos': (710, 416), 'rel': (7, 4), 'buttons': (0, 0, 0), 'window': None})>
2019-07-17 15:29:05,343 - BDM-WAM 1563373741.1392827 - INFO - <Event(4-MouseMotion {'pos': (715, 417), 'rel': (5, 1), 'buttons': (0, 0, 0), 'window': None})>
2019-07-17 15:29:05,359 - BDM-WAM 1563373741.1392827 - INFO - <Event(4-MouseMotion {'pos': (720, 418), 'rel': (5, 1), 'buttons': (0, 0, 0), 'window': None})>
2019-07-17 15:29:05,375 - BDM-WAM 1563373741.1392827 - INFO - <Event(4-MouseMotion {'pos': (727, 420), 'rel': (7, 2), 'buttons': (0, 0, 0), 'window': None})>
2019-07-17 15:29:05,393 - BDM-WAM 1563373741.1392827 - INFO - <Event(4-MouseMotion {'pos': (733, 421), 'rel': (6, 1), 'buttons': (0, 0, 0), 'window': None})>
2019-07-17 15:29:05,409 - BDM-WAM 1563373741.1392827 - INFO - <Event(4-MouseMotion {'pos': (738, 421), 'rel': (5, 0), 'buttons': (0, 0, 0), 'window': None})>
2019-07-17 15:29:05,427 - BDM-WAM 1563373741.1392827 - INFO - <Event(4-MouseMotion {'pos': (745, 423), 'rel': (7, 2), 'buttons': (0, 0, 0), 'window': None})>
2019-07-17 15:29:05,443 - BDM-WAM 1563373741.1392827 - INFO - <Event(4-MouseMotion {'pos': (751, 425), 'rel': (6, 2), 'buttons': (0, 0, 0), 'window': None})>
2019-07-17 15:29:05,459 - BDM-WAM 1563373741.1392827 - INFO - <Event(4-MouseMotion {'pos': (756, 425), 'rel': (5, 0), 'buttons': (0, 0, 0), 'window': None})>
2019-07-17 15:29:05,475 - BDM-WAM 1563373741.1392827 - INFO - <Event(4-MouseMotion {'pos': (762, 426), 'rel': (6, 1), 'buttons': (0, 0, 0), 'window': None})>
2019-07-17 15:29:05,492 - BDM-WAM 1563373741.1392827 - INFO - <Event(4-MouseMotion {'pos': (766, 427), 'rel': (4, 1), 'buttons': (0, 0, 0), 'window': None})>
2019-07-17 15:29:05,511 - BDM-WAM 1563373741.1392827 - INFO - <Event(4-MouseMotion {'pos': (771, 427), 'rel': (5, 0), 'buttons': (0, 0, 0), 'window': None})>
2019-07-17 15:29:05,527 - BDM-WAM 1563373741.1392827 - INFO - <Event(4-MouseMotion {'pos': (779, 426), 'rel': (8, -1), 'buttons': (0, 0, 0), 'window': None})>
2019-07-17 15:29:05,543 - BDM-WAM 1563373741.1392827 - INFO - <Event(4-MouseMotion {'pos': (788, 423), 'rel': (9, -3), 'buttons': (0, 0, 0), 'window': None})>
2019-07-17 15:29:05,559 - BDM-WAM 1563373741.1392827 - INFO - <Event(4-MouseMotion {'pos': (798, 421), 'rel': (10, -2), 'buttons': (0, 0, 0), 'window': None})>
2019-07-17 15:29:05,576 - BDM-WAM 1563373741.1392827 - INFO - <Event(4-MouseMotion {'pos': (799, 418), 'rel': (1, -3), 'buttons': (0, 0, 0), 'window': None})>
2019-07-17 15:29:05,592 - BDM-WAM 1563373741.1392827 - INFO - <Event(1-ActiveEvent {'gain': 0, 'state': 1})>
2019-07-17 15:29:05,714 - BDM-WAM 1563373741.1392827 - INFO - <Event(1-ActiveEvent {'gain': 1, 'state': 1})>
2019-07-17 15:29:05,714 - BDM-WAM 1563373741.1392827 - INFO - <Event(4-MouseMotion {'pos': (796, 413), 'rel': (-3, -5), 'buttons': (0, 0, 0), 'window': None})>
2019-07-17 15:29:05,724 - BDM-WAM 1563373741.1392827 - INFO - <Event(4-MouseMotion {'pos': (768, 411), 'rel': (-28, -2), 'buttons': (0, 0, 0), 'window': None})>
2019-07-17 15:29:05,741 - BDM-WAM 1563373741.1392827 - INFO - <Event(4-MouseMotion {'pos': (739, 409), 'rel': (-29, -2), 'buttons': (0, 0, 0), 'window': None})>
2019-07-17 15:29:05,756 - BDM-WAM 1563373741.1392827 - INFO - <Event(4-MouseMotion {'pos': (728, 408), 'rel': (-11, -1), 'buttons': (0, 0, 0), 'window': None})>
2019-07-17 15:29:05,789 - BDM-WAM 1563373741.1392827 - INFO - <Event(4-MouseMotion {'pos': (718, 408), 'rel': (-10, 0), 'buttons': (0, 0, 0), 'window': None})>
2019-07-17 15:29:05,807 - BDM-WAM 1563373741.1392827 - INFO - <Event(4-MouseMotion {'pos': (716, 408), 'rel': (-2, 0), 'buttons': (0, 0, 0), 'window': None})>
2019-07-17 15:29:05,840 - BDM-WAM 1563373741.1392827 - INFO - <Event(4-MouseMotion {'pos': (714, 408), 'rel': (-2, 0), 'buttons': (0, 0, 0), 'window': None})>
2019-07-17 15:29:05,857 - BDM-WAM 1563373741.1392827 - INFO - <Event(4-MouseMotion {'pos': (713, 408), 'rel': (-1, 0), 'buttons': (0, 0, 0), 'window': None})>
2019-07-17 15:29:05,938 - BDM-WAM 1563373741.1392827 - INFO - <Event(4-MouseMotion {'pos': (712, 408), 'rel': (-1, 0), 'buttons': (0, 0, 0), 'window': None})>
2019-07-17 15:29:05,971 - BDM-WAM 1563373741.1392827 - INFO - <Event(4-MouseMotion {'pos': (711, 408), 'rel': (-1, 0), 'buttons': (0, 0, 0), 'window': None})>
2019-07-17 15:29:06,025 - BDM-WAM 1563373741.1392827 - INFO - <Event(4-MouseMotion {'pos': (696, 417), 'rel': (-15, 9), 'buttons': (0, 0, 0), 'window': None})>
2019-07-17 15:29:06,065 - BDM-WAM 1563373741.1392827 - INFO - <Event(4-MouseMotion {'pos': (690, 419), 'rel': (-6, 2), 'buttons': (0, 0, 0), 'window': None})>
2019-07-17 15:29:06,540 - BDM-WAM 1563373741.1392827 - INFO - <Event(4-MouseMotion {'pos': (684, 416), 'rel': (-6, -3), 'buttons': (0, 0, 0), 'window': None})>
2019-07-17 15:29:06,558 - BDM-WAM 1563373741.1392827 - INFO - <Event(4-MouseMotion {'pos': (679, 413), 'rel': (-5, -3), 'buttons': (0, 0, 0), 'window': None})>
2019-07-17 15:29:06,574 - BDM-WAM 1563373741.1392827 - INFO - <Event(4-MouseMotion {'pos': (671, 409), 'rel': (-8, -4), 'buttons': (0, 0, 0), 'window': None})>
2019-07-17 15:29:06,591 - BDM-WAM 1563373741.1392827 - INFO - <Event(4-MouseMotion {'pos': (657, 404), 'rel': (-14, -5), 'buttons': (0, 0, 0), 'window': None})>
2019-07-17 15:29:06,648 - BDM-WAM 1563373741.1392827 - INFO - <Event(4-MouseMotion {'pos': (617, 391), 'rel': (-40, -13), 'buttons': (0, 0, 0), 'window': None})>
2019-07-17 15:29:06,667 - BDM-WAM 1563373741.1392827 - INFO - <Event(4-MouseMotion {'pos': (612, 389), 'rel': (-5, -2), 'buttons': (0, 0, 0), 'window': None})>
2019-07-17 15:29:06,683 - BDM-WAM 1563373741.1392827 - INFO - <Event(4-MouseMotion {'pos': (609, 389), 'rel': (-3, 0), 'buttons': (0, 0, 0), 'window': None})>
2019-07-17 15:29:06,703 - BDM-WAM 1563373741.1392827 - INFO - <Event(4-MouseMotion {'pos': (605, 387), 'rel': (-4, -2), 'buttons': (0, 0, 0), 'window': None})>
2019-07-17 15:29:06,756 - BDM-WAM 1563373741.1392827 - INFO - <Event(4-MouseMotion {'pos': (602, 384), 'rel': (-3, -3), 'buttons': (0, 0, 0), 'window': None})>
2019-07-17 15:29:06,794 - BDM-WAM 1563373741.1392827 - INFO - <Event(4-MouseMotion {'pos': (602, 383), 'rel': (0, -1), 'buttons': (0, 0, 0), 'window': None})>
2019-07-17 15:29:06,826 - BDM-WAM 1563373741.1392827 - INFO - <Event(4-MouseMotion {'pos': (602, 382), 'rel': (0, -1), 'buttons': (0, 0, 0), 'window': None})>
2019-07-17 15:29:06,842 - BDM-WAM 1563373741.1392827 - INFO - <Event(4-MouseMotion {'pos': (604, 381), 'rel': (2, -1), 'buttons': (0, 0, 0), 'window': None})>
2019-07-17 15:29:06,859 - BDM-WAM 1563373741.1392827 - INFO - <Event(4-MouseMotion {'pos': (606, 380), 'rel': (2, -1), 'buttons': (0, 0, 0), 'window': None})>
2019-07-17 15:29:06,876 - BDM-WAM 1563373741.1392827 - INFO - <Event(4-MouseMotion {'pos': (609, 377), 'rel': (3, -3), 'buttons': (0, 0, 0), 'window': None})>
2019-07-17 15:29:06,896 - BDM-WAM 1563373741.1392827 - INFO - <Event(4-MouseMotion {'pos': (615, 365), 'rel': (6, -12), 'buttons': (0, 0, 0), 'window': None})>
2019-07-17 15:29:06,911 - BDM-WAM 1563373741.1392827 - INFO - <Event(4-MouseMotion {'pos': (620, 350), 'rel': (5, -15), 'buttons': (0, 0, 0), 'window': None})>
2019-07-17 15:29:06,926 - BDM-WAM 1563373741.1392827 - INFO - <Event(4-MouseMotion {'pos': (624, 325), 'rel': (4, -25), 'buttons': (0, 0, 0), 'window': None})>
2019-07-17 15:29:06,942 - BDM-WAM 1563373741.1392827 - INFO - <Event(4-MouseMotion {'pos': (629, 290), 'rel': (5, -35), 'buttons': (0, 0, 0), 'window': None})>
2019-07-17 15:29:06,959 - BDM-WAM 1563373741.1392827 - INFO - <Event(4-MouseMotion {'pos': (632, 261), 'rel': (3, -29), 'buttons': (0, 0, 0), 'window': None})>
2019-07-17 15:29:06,975 - BDM-WAM 1563373741.1392827 - INFO - <Event(4-MouseMotion {'pos': (632, 226), 'rel': (0, -35), 'buttons': (0, 0, 0), 'window': None})>
2019-07-17 15:29:06,994 - BDM-WAM 1563373741.1392827 - INFO - <Event(4-MouseMotion {'pos': (632, 194), 'rel': (0, -32), 'buttons': (0, 0, 0), 'window': None})>
2019-07-17 15:29:07,010 - BDM-WAM 1563373741.1392827 - INFO - <Event(4-MouseMotion {'pos': (632, 157), 'rel': (0, -37), 'buttons': (0, 0, 0), 'window': None})>
2019-07-17 15:29:07,026 - BDM-WAM 1563373741.1392827 - INFO - <Event(4-MouseMotion {'pos': (632, 137), 'rel': (0, -20), 'buttons': (0, 0, 0), 'window': None})>
2019-07-17 15:29:07,042 - BDM-WAM 1563373741.1392827 - INFO - <Event(4-MouseMotion {'pos': (636, 121), 'rel': (4, -16), 'buttons': (0, 0, 0), 'window': None})>
2019-07-17 15:29:07,059 - BDM-WAM 1563373741.1392827 - INFO - <Event(4-MouseMotion {'pos': (638, 112), 'rel': (2, -9), 'buttons': (0, 0, 0), 'window': None})>
2019-07-17 15:29:07,075 - BDM-WAM 1563373741.1392827 - INFO - <Event(4-MouseMotion {'pos': (640, 107), 'rel': (2, -5), 'buttons': (0, 0, 0), 'window': None})>
2019-07-17 15:29:07,094 - BDM-WAM 1563373741.1392827 - INFO - <Event(4-MouseMotion {'pos': (644, 105), 'rel': (4, -2), 'buttons': (0, 0, 0), 'window': None})>
2019-07-17 15:29:07,109 - BDM-WAM 1563373741.1392827 - INFO - <Event(4-MouseMotion {'pos': (646, 101), 'rel': (2, -4), 'buttons': (0, 0, 0), 'window': None})>
2019-07-17 15:29:07,125 - BDM-WAM 1563373741.1392827 - INFO - <Event(4-MouseMotion {'pos': (649, 100), 'rel': (3, -1), 'buttons': (0, 0, 0), 'window': None})>
2019-07-17 15:29:07,140 - BDM-WAM 1563373741.1392827 - INFO - <Event(4-MouseMotion {'pos': (652, 98), 'rel': (3, -2), 'buttons': (0, 0, 0), 'window': None})>
2019-07-17 15:29:07,156 - BDM-WAM 1563373741.1392827 - INFO - <Event(4-MouseMotion {'pos': (656, 97), 'rel': (4, -1), 'buttons': (0, 0, 0), 'window': None})>
2019-07-17 15:29:07,173 - BDM-WAM 1563373741.1392827 - INFO - <Event(4-MouseMotion {'pos': (659, 97), 'rel': (3, 0), 'buttons': (0, 0, 0), 'window': None})>
2019-07-17 15:29:07,190 - BDM-WAM 1563373741.1392827 - INFO - <Event(4-MouseMotion {'pos': (660, 97), 'rel': (1, 0), 'buttons': (0, 0, 0), 'window': None})>
2019-07-17 15:29:07,209 - BDM-WAM 1563373741.1392827 - INFO - <Event(4-MouseMotion {'pos': (664, 96), 'rel': (4, -1), 'buttons': (0, 0, 0), 'window': None})>
2019-07-17 15:29:07,224 - BDM-WAM 1563373741.1392827 - INFO - <Event(4-MouseMotion {'pos': (665, 95), 'rel': (1, -1), 'buttons': (0, 0, 0), 'window': None})>
2019-07-17 15:29:07,240 - BDM-WAM 1563373741.1392827 - INFO - <Event(4-MouseMotion {'pos': (666, 93), 'rel': (1, -2), 'buttons': (0, 0, 0), 'window': None})>
2019-07-17 15:29:07,258 - BDM-WAM 1563373741.1392827 - INFO - <Event(4-MouseMotion {'pos': (668, 93), 'rel': (2, 0), 'buttons': (0, 0, 0), 'window': None})>
2019-07-17 15:29:07,274 - BDM-WAM 1563373741.1392827 - INFO - <Event(4-MouseMotion {'pos': (668, 92), 'rel': (0, -1), 'buttons': (0, 0, 0), 'window': None})>
2019-07-17 15:29:07,290 - BDM-WAM 1563373741.1392827 - INFO - <Event(4-MouseMotion {'pos': (670, 89), 'rel': (2, -3), 'buttons': (0, 0, 0), 'window': None})>
2019-07-17 15:29:07,309 - BDM-WAM 1563373741.1392827 - INFO - <Event(4-MouseMotion {'pos': (672, 84), 'rel': (2, -5), 'buttons': (0, 0, 0), 'window': None})>
2019-07-17 15:29:07,324 - BDM-WAM 1563373741.1392827 - INFO - <Event(4-MouseMotion {'pos': (675, 71), 'rel': (3, -13), 'buttons': (0, 0, 0), 'window': None})>
2019-07-17 15:29:07,341 - BDM-WAM 1563373741.1392827 - INFO - <Event(4-MouseMotion {'pos': (675, 64), 'rel': (0, -7), 'buttons': (0, 0, 0), 'window': None})>
2019-07-17 15:29:07,357 - BDM-WAM 1563373741.1392827 - INFO - <Event(4-MouseMotion {'pos': (675, 59), 'rel': (0, -5), 'buttons': (0, 0, 0), 'window': None})>
2019-07-17 15:29:07,374 - BDM-WAM 1563373741.1392827 - INFO - <Event(4-MouseMotion {'pos': (673, 54), 'rel': (-2, -5), 'buttons': (0, 0, 0), 'window': None})>
2019-07-17 15:29:07,392 - BDM-WAM 1563373741.1392827 - INFO - <Event(4-MouseMotion {'pos': (673, 53), 'rel': (0, -1), 'buttons': (0, 0, 0), 'window': None})>
2019-07-17 15:29:07,410 - BDM-WAM 1563373741.1392827 - INFO - <Event(4-MouseMotion {'pos': (669, 53), 'rel': (-4, 0), 'buttons': (0, 0, 0), 'window': None})>
2019-07-17 15:29:07,423 - BDM-WAM 1563373741.1392827 - INFO - <Event(4-MouseMotion {'pos': (665, 57), 'rel': (-4, 4), 'buttons': (0, 0, 0), 'window': None})>
2019-07-17 15:29:07,540 - BDM-WAM 1563373741.1392827 - INFO - <Event(5-MouseButtonDown {'pos': (665, 57), 'button': 1, 'window': None})>
2019-07-17 15:29:07,540 - BDM-WAM 1563373741.1392827 - INFO - <Event(9.1-True Hit {'pos': (665,57), 'window': None})>
2019-07-17 15:29:07,637 - BDM-WAM 1563373741.1392827 - INFO - <Event(6-MouseButtonUp {'pos': (665, 57), 'button': 1, 'window': None})>
2019-07-17 15:29:08,148 - BDM-WAM 1563373741.1392827 - INFO - <Event(4-MouseMotion {'pos': (662, 61), 'rel': (-3, 4), 'buttons': (0, 0, 0), 'window': None})>
2019-07-17 15:29:08,163 - BDM-WAM 1563373741.1392827 - INFO - <Event(4-MouseMotion {'pos': (655, 66), 'rel': (-7, 5), 'buttons': (0, 0, 0), 'window': None})>
2019-07-17 15:29:08,178 - BDM-WAM 1563373741.1392827 - INFO - <Event(4-MouseMotion {'pos': (645, 73), 'rel': (-10, 7), 'buttons': (0, 0, 0), 'window': None})>
2019-07-17 15:29:08,193 - BDM-WAM 1563373741.1392827 - INFO - <Event(4-MouseMotion {'pos': (632, 78), 'rel': (-13, 5), 'buttons': (0, 0, 0), 'window': None})>
2019-07-17 15:29:08,210 - BDM-WAM 1563373741.1392827 - INFO - <Event(4-MouseMotion {'pos': (620, 85), 'rel': (-12, 7), 'buttons': (0, 0, 0), 'window': None})>
2019-07-17 15:29:08,226 - BDM-WAM 1563373741.1392827 - INFO - <Event(4-MouseMotion {'pos': (608, 88), 'rel': (-12, 3), 'buttons': (0, 0, 0), 'window': None})>
2019-07-17 15:29:08,243 - BDM-WAM 1563373741.1392827 - INFO - <Event(4-MouseMotion {'pos': (600, 89), 'rel': (-8, 1), 'buttons': (0, 0, 0), 'window': None})>
2019-07-17 15:29:08,258 - BDM-WAM 1563373741.1392827 - INFO - <Event(4-MouseMotion {'pos': (594, 89), 'rel': (-6, 0), 'buttons': (0, 0, 0), 'window': None})>
2019-07-17 15:29:08,278 - BDM-WAM 1563373741.1392827 - INFO - <Event(4-MouseMotion {'pos': (591, 89), 'rel': (-3, 0), 'buttons': (0, 0, 0), 'window': None})>
2019-07-17 15:29:08,554 - BDM-WAM 1563373741.1392827 - INFO - <Event(4-MouseMotion {'pos': (591, 90), 'rel': (0, 1), 'buttons': (0, 0, 0), 'window': None})>
2019-07-17 15:29:08,572 - BDM-WAM 1563373741.1392827 - INFO - <Event(4-MouseMotion {'pos': (589, 93), 'rel': (-2, 3), 'buttons': (0, 0, 0), 'window': None})>
2019-07-17 15:29:08,591 - BDM-WAM 1563373741.1392827 - INFO - <Event(4-MouseMotion {'pos': (587, 97), 'rel': (-2, 4), 'buttons': (0, 0, 0), 'window': None})>
2019-07-17 15:29:08,657 - BDM-WAM 1563373741.1392827 - INFO - <Event(4-MouseMotion {'pos': (580, 98), 'rel': (-7, 1), 'buttons': (0, 0, 0), 'window': None})>
2019-07-17 15:29:08,679 - BDM-WAM 1563373741.1392827 - INFO - <Event(4-MouseMotion {'pos': (579, 98), 'rel': (-1, 0), 'buttons': (0, 0, 0), 'window': None})>
2019-07-17 15:29:08,695 - BDM-WAM 1563373741.1392827 - INFO - <Event(4-MouseMotion {'pos': (578, 97), 'rel': (-1, -1), 'buttons': (0, 0, 0), 'window': None})>
2019-07-17 15:29:08,764 - BDM-WAM 1563373741.1392827 - INFO - <Event(4-MouseMotion {'pos': (588, 74), 'rel': (10, -23), 'buttons': (0, 0, 0), 'window': None})>
2019-07-17 15:29:08,769 - BDM-WAM 1563373741.1392827 - INFO - <Event(4-MouseMotion {'pos': (592, 72), 'rel': (4, -2), 'buttons': (0, 0, 0), 'window': None})>
2019-07-17 15:29:08,783 - BDM-WAM 1563373741.1392827 - INFO - <Event(4-MouseMotion {'pos': (600, 67), 'rel': (8, -5), 'buttons': (0, 0, 0), 'window': None})>
2019-07-17 15:29:08,800 - BDM-WAM 1563373741.1392827 - INFO - <Event(4-MouseMotion {'pos': (611, 64), 'rel': (11, -3), 'buttons': (0, 0, 0), 'window': None})>
2019-07-17 15:29:08,820 - BDM-WAM 1563373741.1392827 - INFO - <Event(4-MouseMotion {'pos': (620, 64), 'rel': (9, 0), 'buttons': (0, 0, 0), 'window': None})>
2019-07-17 15:29:08,834 - BDM-WAM 1563373741.1392827 - INFO - <Event(4-MouseMotion {'pos': (628, 64), 'rel': (8, 0), 'buttons': (0, 0, 0), 'window': None})>
2019-07-17 15:29:08,851 - BDM-WAM 1563373741.1392827 - INFO - <Event(4-MouseMotion {'pos': (633, 65), 'rel': (5, 1), 'buttons': (0, 0, 0), 'window': None})>
2019-07-17 15:29:08,868 - BDM-WAM 1563373741.1392827 - INFO - <Event(4-MouseMotion {'pos': (637, 69), 'rel': (4, 4), 'buttons': (0, 0, 0), 'window': None})>
2019-07-17 15:29:08,883 - BDM-WAM 1563373741.1392827 - INFO - <Event(4-MouseMotion {'pos': (638, 75), 'rel': (1, 6), 'buttons': (0, 0, 0), 'window': None})>
2019-07-17 15:29:08,899 - BDM-WAM 1563373741.1392827 - INFO - <Event(4-MouseMotion {'pos': (632, 85), 'rel': (-6, 10), 'buttons': (0, 0, 0), 'window': None})>
2019-07-17 15:29:08,915 - BDM-WAM 1563373741.1392827 - INFO - <Event(4-MouseMotion {'pos': (616, 97), 'rel': (-16, 12), 'buttons': (0, 0, 0), 'window': None})>
2019-07-17 15:29:08,931 - BDM-WAM 1563373741.1392827 - INFO - <Event(4-MouseMotion {'pos': (572, 122), 'rel': (-44, 25), 'buttons': (0, 0, 0), 'window': None})>
2019-07-17 15:29:08,948 - BDM-WAM 1563373741.1392827 - INFO - <Event(4-MouseMotion {'pos': (501, 153), 'rel': (-71, 31), 'buttons': (0, 0, 0), 'window': None})>
2019-07-17 15:29:08,966 - BDM-WAM 1563373741.1392827 - INFO - <Event(4-MouseMotion {'pos': (428, 179), 'rel': (-73, 26), 'buttons': (0, 0, 0), 'window': None})>
2019-07-17 15:29:08,983 - BDM-WAM 1563373741.1392827 - INFO - <Event(4-MouseMotion {'pos': (340, 215), 'rel': (-88, 36), 'buttons': (0, 0, 0), 'window': None})>
2019-07-17 15:29:08,999 - BDM-WAM 1563373741.1392827 - INFO - <Event(4-MouseMotion {'pos': (305, 228), 'rel': (-35, 13), 'buttons': (0, 0, 0), 'window': None})>
2019-07-17 15:29:09,015 - BDM-WAM 1563373741.1392827 - INFO - <Event(4-MouseMotion {'pos': (279, 241), 'rel': (-26, 13), 'buttons': (0, 0, 0), 'window': None})>
2019-07-17 15:29:09,031 - BDM-WAM 1563373741.1392827 - INFO - <Event(4-MouseMotion {'pos': (261, 255), 'rel': (-18, 14), 'buttons': (0, 0, 0), 'window': None})>
2019-07-17 15:29:09,047 - BDM-WAM 1563373741.1392827 - INFO - <Event(4-MouseMotion {'pos': (248, 267), 'rel': (-13, 12), 'buttons': (0, 0, 0), 'window': None})>
2019-07-17 15:29:09,066 - BDM-WAM 1563373741.1392827 - INFO - <Event(4-MouseMotion {'pos': (237, 279), 'rel': (-11, 12), 'buttons': (0, 0, 0), 'window': None})>
2019-07-17 15:29:09,083 - BDM-WAM 1563373741.1392827 - INFO - <Event(4-MouseMotion {'pos': (229, 291), 'rel': (-8, 12), 'buttons': (0, 0, 0), 'window': None})>
2019-07-17 15:29:09,098 - BDM-WAM 1563373741.1392827 - INFO - <Event(4-MouseMotion {'pos': (226, 297), 'rel': (-3, 6), 'buttons': (0, 0, 0), 'window': None})>
2019-07-17 15:29:09,114 - BDM-WAM 1563373741.1392827 - INFO - <Event(4-MouseMotion {'pos': (224, 302), 'rel': (-2, 5), 'buttons': (0, 0, 0), 'window': None})>
2019-07-17 15:29:09,129 - BDM-WAM 1563373741.1392827 - INFO - <Event(4-MouseMotion {'pos': (222, 307), 'rel': (-2, 5), 'buttons': (0, 0, 0), 'window': None})>
2019-07-17 15:29:09,147 - BDM-WAM 1563373741.1392827 - INFO - <Event(4-MouseMotion {'pos': (220, 310), 'rel': (-2, 3), 'buttons': (0, 0, 0), 'window': None})>
2019-07-17 15:29:09,163 - BDM-WAM 1563373741.1392827 - INFO - <Event(4-MouseMotion {'pos': (219, 313), 'rel': (-1, 3), 'buttons': (0, 0, 0), 'window': None})>
2019-07-17 15:29:09,182 - BDM-WAM 1563373741.1392827 - INFO - <Event(4-MouseMotion {'pos': (219, 314), 'rel': (0, 1), 'buttons': (0, 0, 0), 'window': None})>
2019-07-17 15:29:09,199 - BDM-WAM 1563373741.1392827 - INFO - <Event(4-MouseMotion {'pos': (219, 315), 'rel': (0, 1), 'buttons': (0, 0, 0), 'window': None})>
2019-07-17 15:29:09,213 - BDM-WAM 1563373741.1392827 - INFO - <Event(4-MouseMotion {'pos': (219, 317), 'rel': (0, 2), 'buttons': (0, 0, 0), 'window': None})>
2019-07-17 15:29:09,247 - BDM-WAM 1563373741.1392827 - INFO - <Event(4-MouseMotion {'pos': (219, 318), 'rel': (0, 1), 'buttons': (0, 0, 0), 'window': None})>
2019-07-17 15:29:09,263 - BDM-WAM 1563373741.1392827 - INFO - <Event(4-MouseMotion {'pos': (218, 319), 'rel': (-1, 1), 'buttons': (0, 0, 0), 'window': None})>
2019-07-17 15:29:09,282 - BDM-WAM 1563373741.1392827 - INFO - <Event(4-MouseMotion {'pos': (216, 323), 'rel': (-2, 4), 'buttons': (0, 0, 0), 'window': None})>
2019-07-17 15:29:09,298 - BDM-WAM 1563373741.1392827 - INFO - <Event(4-MouseMotion {'pos': (214, 330), 'rel': (-2, 7), 'buttons': (0, 0, 0), 'window': None})>
2019-07-17 15:29:09,313 - BDM-WAM 1563373741.1392827 - INFO - <Event(4-MouseMotion {'pos': (209, 343), 'rel': (-5, 13), 'buttons': (0, 0, 0), 'window': None})>
2019-07-17 15:29:09,330 - BDM-WAM 1563373741.1392827 - INFO - <Event(4-MouseMotion {'pos': (202, 357), 'rel': (-7, 14), 'buttons': (0, 0, 0), 'window': None})>
2019-07-17 15:29:09,347 - BDM-WAM 1563373741.1392827 - INFO - <Event(4-MouseMotion {'pos': (196, 368), 'rel': (-6, 11), 'buttons': (0, 0, 0), 'window': None})>
2019-07-17 15:29:09,363 - BDM-WAM 1563373741.1392827 - INFO - <Event(4-MouseMotion {'pos': (190, 379), 'rel': (-6, 11), 'buttons': (0, 0, 0), 'window': None})>
2019-07-17 15:29:09,381 - BDM-WAM 1563373741.1392827 - INFO - <Event(4-MouseMotion {'pos': (183, 388), 'rel': (-7, 9), 'buttons': (0, 0, 0), 'window': None})>
2019-07-17 15:29:09,398 - BDM-WAM 1563373741.1392827 - INFO - <Event(4-MouseMotion {'pos': (173, 399), 'rel': (-10, 11), 'buttons': (0, 0, 0), 'window': None})>
2019-07-17 15:29:09,414 - BDM-WAM 1563373741.1392827 - INFO - <Event(4-MouseMotion {'pos': (169, 404), 'rel': (-4, 5), 'buttons': (0, 0, 0), 'window': None})>
2019-07-17 15:29:09,431 - BDM-WAM 1563373741.1392827 - INFO - <Event(4-MouseMotion {'pos': (166, 409), 'rel': (-3, 5), 'buttons': (0, 0, 0), 'window': None})>
2019-07-17 15:29:09,445 - BDM-WAM 1563373741.1392827 - INFO - <Event(4-MouseMotion {'pos': (164, 411), 'rel': (-2, 2), 'buttons': (0, 0, 0), 'window': None})>
2019-07-17 15:29:09,462 - BDM-WAM 1563373741.1392827 - INFO - <Event(4-MouseMotion {'pos': (163, 413), 'rel': (-1, 2), 'buttons': (0, 0, 0), 'window': None})>
2019-07-17 15:29:09,596 - BDM-WAM 1563373741.1392827 - INFO - <Event(5-MouseButtonDown {'pos': (163, 413), 'button': 1, 'window': None})>
2019-07-17 15:29:09,597 - BDM-WAM 1563373741.1392827 - INFO - <Event(9.2-Fake Miss {'pos': (163,413), 'window': None})>
2019-07-17 15:29:09,797 - BDM-WAM 1563373741.1392827 - INFO - <Event(6-MouseButtonUp {'pos': (163, 413), 'button': 1, 'window': None})>
2019-07-17 15:29:10,280 - BDM-WAM 1563373741.1392827 - INFO - <Event(4-MouseMotion {'pos': (168, 412), 'rel': (5, -1), 'buttons': (0, 0, 0), 'window': None})>
2019-07-17 15:29:10,297 - BDM-WAM 1563373741.1392827 - INFO - <Event(4-MouseMotion {'pos': (187, 405), 'rel': (19, -7), 'buttons': (0, 0, 0), 'window': None})>
2019-07-17 15:29:10,315 - BDM-WAM 1563373741.1392827 - INFO - <Event(4-MouseMotion {'pos': (208, 398), 'rel': (21, -7), 'buttons': (0, 0, 0), 'window': None})>
2019-07-17 15:29:10,335 - BDM-WAM 1563373741.1392827 - INFO - <Event(4-MouseMotion {'pos': (249, 386), 'rel': (41, -12), 'buttons': (0, 0, 0), 'window': None})>
2019-07-17 15:29:10,350 - BDM-WAM 1563373741.1392827 - INFO - <Event(4-MouseMotion {'pos': (281, 373), 'rel': (32, -13), 'buttons': (0, 0, 0), 'window': None})>
2019-07-17 15:29:10,365 - BDM-WAM 1563373741.1392827 - INFO - <Event(4-MouseMotion {'pos': (312, 361), 'rel': (31, -12), 'buttons': (0, 0, 0), 'window': None})>
2019-07-17 15:29:10,382 - BDM-WAM 1563373741.1392827 - INFO - <Event(4-MouseMotion {'pos': (338, 352), 'rel': (26, -9), 'buttons': (0, 0, 0), 'window': None})>
2019-07-17 15:29:10,402 - BDM-WAM 1563373741.1392827 - INFO - <Event(4-MouseMotion {'pos': (355, 346), 'rel': (17, -6), 'buttons': (0, 0, 0), 'window': None})>
2019-07-17 15:29:10,421 - BDM-WAM 1563373741.1392827 - INFO - <Event(4-MouseMotion {'pos': (365, 342), 'rel': (10, -4), 'buttons': (0, 0, 0), 'window': None})>
2019-07-17 15:29:10,434 - BDM-WAM 1563373741.1392827 - INFO - <Event(4-MouseMotion {'pos': (369, 341), 'rel': (4, -1), 'buttons': (0, 0, 0), 'window': None})>
2019-07-17 15:29:10,535 - BDM-WAM 1563373741.1392827 - INFO - <Event(4-MouseMotion {'pos': (405, 307), 'rel': (36, -34), 'buttons': (0, 0, 0), 'window': None})>
2019-07-17 15:29:10,622 - BDM-WAM 1563373741.1392827 - INFO - <Event(4-MouseMotion {'pos': (421, 287), 'rel': (16, -20), 'buttons': (0, 0, 0), 'window': None})>
2019-07-17 15:29:10,718 - BDM-WAM 1563373741.1392827 - INFO - <Event(4-MouseMotion {'pos': (421, 292), 'rel': (0, 5), 'buttons': (0, 0, 0), 'window': None})>
2019-07-17 15:29:10,789 - BDM-WAM 1563373741.1392827 - INFO - <Event(4-MouseMotion {'pos': (422, 292), 'rel': (1, 0), 'buttons': (0, 0, 0), 'window': None})>
2019-07-17 15:29:10,804 - BDM-WAM 1563373741.1392827 - INFO - <Event(4-MouseMotion {'pos': (424, 292), 'rel': (2, 0), 'buttons': (0, 0, 0), 'window': None})>
2019-07-17 15:29:10,821 - BDM-WAM 1563373741.1392827 - INFO - <Event(4-MouseMotion {'pos': (429, 294), 'rel': (5, 2), 'buttons': (0, 0, 0), 'window': None})>
2019-07-17 15:29:10,842 - BDM-WAM 1563373741.1392827 - INFO - <Event(4-MouseMotion {'pos': (445, 308), 'rel': (16, 14), 'buttons': (0, 0, 0), 'window': None})>
2019-07-17 15:29:10,857 - BDM-WAM 1563373741.1392827 - INFO - <Event(4-MouseMotion {'pos': (463, 323), 'rel': (18, 15), 'buttons': (0, 0, 0), 'window': None})>
2019-07-17 15:29:10,874 - BDM-WAM 1563373741.1392827 - INFO - <Event(4-MouseMotion {'pos': (483, 344), 'rel': (20, 21), 'buttons': (0, 0, 0), 'window': None})>
2019-07-17 15:29:10,890 - BDM-WAM 1563373741.1392827 - INFO - <Event(4-MouseMotion {'pos': (500, 366), 'rel': (17, 22), 'buttons': (0, 0, 0), 'window': None})>
2019-07-17 15:29:10,905 - BDM-WAM 1563373741.1392827 - INFO - <Event(4-MouseMotion {'pos': (513, 382), 'rel': (13, 16), 'buttons': (0, 0, 0), 'window': None})>
2019-07-17 15:29:10,922 - BDM-WAM 1563373741.1392827 - INFO - <Event(4-MouseMotion {'pos': (521, 393), 'rel': (8, 11), 'buttons': (0, 0, 0), 'window': None})>
2019-07-17 15:29:10,941 - BDM-WAM 1563373741.1392827 - INFO - <Event(4-MouseMotion {'pos': (527, 398), 'rel': (6, 5), 'buttons': (0, 0, 0), 'window': None})>
2019-07-17 15:29:10,957 - BDM-WAM 1563373741.1392827 - INFO - <Event(4-MouseMotion {'pos': (540, 408), 'rel': (13, 10), 'buttons': (0, 0, 0), 'window': None})>
2019-07-17 15:29:10,972 - BDM-WAM 1563373741.1392827 - INFO - <Event(4-MouseMotion {'pos': (548, 412), 'rel': (8, 4), 'buttons': (0, 0, 0), 'window': None})>
2019-07-17 15:29:10,989 - BDM-WAM 1563373741.1392827 - INFO - <Event(4-MouseMotion {'pos': (555, 413), 'rel': (7, 1), 'buttons': (0, 0, 0), 'window': None})>
2019-07-17 15:29:11,005 - BDM-WAM 1563373741.1392827 - INFO - <Event(4-MouseMotion {'pos': (562, 415), 'rel': (7, 2), 'buttons': (0, 0, 0), 'window': None})>
2019-07-17 15:29:11,022 - BDM-WAM 1563373741.1392827 - INFO - <Event(4-MouseMotion {'pos': (569, 417), 'rel': (7, 2), 'buttons': (0, 0, 0), 'window': None})>
2019-07-17 15:29:11,041 - BDM-WAM 1563373741.1392827 - INFO - <Event(4-MouseMotion {'pos': (577, 418), 'rel': (8, 1), 'buttons': (0, 0, 0), 'window': None})>
2019-07-17 15:29:11,056 - BDM-WAM 1563373741.1392827 - INFO - <Event(4-MouseMotion {'pos': (589, 418), 'rel': (12, 0), 'buttons': (0, 0, 0), 'window': None})>
2019-07-17 15:29:11,073 - BDM-WAM 1563373741.1392827 - INFO - <Event(4-MouseMotion {'pos': (597, 419), 'rel': (8, 1), 'buttons': (0, 0, 0), 'window': None})>
2019-07-17 15:29:11,090 - BDM-WAM 1563373741.1392827 - INFO - <Event(4-MouseMotion {'pos': (609, 421), 'rel': (12, 2), 'buttons': (0, 0, 0), 'window': None})>
2019-07-17 15:29:11,108 - BDM-WAM 1563373741.1392827 - INFO - <Event(4-MouseMotion {'pos': (617, 422), 'rel': (8, 1), 'buttons': (0, 0, 0), 'window': None})>
2019-07-17 15:29:11,125 - BDM-WAM 1563373741.1392827 - INFO - <Event(4-MouseMotion {'pos': (624, 423), 'rel': (7, 1), 'buttons': (0, 0, 0), 'window': None})>
2019-07-17 15:29:11,141 - BDM-WAM 1563373741.1392827 - INFO - <Event(4-MouseMotion {'pos': (632, 425), 'rel': (8, 2), 'buttons': (0, 0, 0), 'window': None})>
2019-07-17 15:29:11,158 - BDM-WAM 1563373741.1392827 - INFO - <Event(4-MouseMotion {'pos': (635, 426), 'rel': (3, 1), 'buttons': (0, 0, 0), 'window': None})>
2019-07-17 15:29:11,175 - BDM-WAM 1563373741.1392827 - INFO - <Event(4-MouseMotion {'pos': (640, 427), 'rel': (5, 1), 'buttons': (0, 0, 0), 'window': None})>
2019-07-17 15:29:11,191 - BDM-WAM 1563373741.1392827 - INFO - <Event(4-MouseMotion {'pos': (644, 430), 'rel': (4, 3), 'buttons': (0, 0, 0), 'window': None})>
2019-07-17 15:29:11,211 - BDM-WAM 1563373741.1392827 - INFO - <Event(4-MouseMotion {'pos': (653, 432), 'rel': (9, 2), 'buttons': (0, 0, 0), 'window': None})>
2019-07-17 15:29:11,226 - BDM-WAM 1563373741.1392827 - INFO - <Event(4-MouseMotion {'pos': (660, 433), 'rel': (7, 1), 'buttons': (0, 0, 0), 'window': None})>
2019-07-17 15:29:11,240 - BDM-WAM 1563373741.1392827 - INFO - <Event(4-MouseMotion {'pos': (667, 434), 'rel': (7, 1), 'buttons': (0, 0, 0), 'window': None})>
2019-07-17 15:29:11,257 - BDM-WAM 1563373741.1392827 - INFO - <Event(4-MouseMotion {'pos': (671, 434), 'rel': (4, 0), 'buttons': (0, 0, 0), 'window': None})>
2019-07-17 15:29:11,274 - BDM-WAM 1563373741.1392827 - INFO - <Event(4-MouseMotion {'pos': (673, 434), 'rel': (2, 0), 'buttons': (0, 0, 0), 'window': None})>
2019-07-17 15:29:11,293 - BDM-WAM 1563373741.1392827 - INFO - <Event(4-MouseMotion {'pos': (675, 434), 'rel': (2, 0), 'buttons': (0, 0, 0), 'window': None})>
2019-07-17 15:29:11,310 - BDM-WAM 1563373741.1392827 - INFO - <Event(4-MouseMotion {'pos': (676, 434), 'rel': (1, 0), 'buttons': (0, 0, 0), 'window': None})>
2019-07-17 15:29:11,458 - BDM-WAM 1563373741.1392827 - INFO - <Event(5-MouseButtonDown {'pos': (676, 434), 'button': 1, 'window': None})>
2019-07-17 15:29:11,460 - BDM-WAM 1563373741.1392827 - INFO - <Event(9.1-True Hit {'pos': (676,434), 'window': None})>
2019-07-17 15:29:11,544 - BDM-WAM 1563373741.1392827 - INFO - <Event(6-MouseButtonUp {'pos': (676, 434), 'button': 1, 'window': None})>
2019-07-17 15:29:12,584 - BDM-WAM 1563373741.1392827 - INFO - <Event(4-MouseMotion {'pos': (606, 432), 'rel': (-70, -2), 'buttons': (0, 0, 0), 'window': None})>
2019-07-17 15:29:12,609 - BDM-WAM 1563373741.1392827 - INFO - <Event(4-MouseMotion {'pos': (589, 434), 'rel': (-17, 2), 'buttons': (0, 0, 0), 'window': None})>
2019-07-17 15:29:12,685 - BDM-WAM 1563373741.1392827 - INFO - <Event(4-MouseMotion {'pos': (520, 462), 'rel': (-69, 28), 'buttons': (0, 0, 0), 'window': None})>
2019-07-17 15:29:12,691 - BDM-WAM 1563373741.1392827 - INFO - <Event(4-MouseMotion {'pos': (514, 467), 'rel': (-6, 5), 'buttons': (0, 0, 0), 'window': None})>
2019-07-17 15:29:12,708 - BDM-WAM 1563373741.1392827 - INFO - <Event(4-MouseMotion {'pos': (501, 473), 'rel': (-13, 6), 'buttons': (0, 0, 0), 'window': None})>
2019-07-17 15:29:12,723 - BDM-WAM 1563373741.1392827 - INFO - <Event(4-MouseMotion {'pos': (488, 481), 'rel': (-13, 8), 'buttons': (0, 0, 0), 'window': None})>
2019-07-17 15:29:12,739 - BDM-WAM 1563373741.1392827 - INFO - <Event(4-MouseMotion {'pos': (477, 488), 'rel': (-11, 7), 'buttons': (0, 0, 0), 'window': None})>
2019-07-17 15:29:12,756 - BDM-WAM 1563373741.1392827 - INFO - <Event(4-MouseMotion {'pos': (468, 495), 'rel': (-9, 7), 'buttons': (0, 0, 0), 'window': None})>
2019-07-17 15:29:12,777 - BDM-WAM 1563373741.1392827 - INFO - <Event(4-MouseMotion {'pos': (459, 503), 'rel': (-9, 8), 'buttons': (0, 0, 0), 'window': None})>
2019-07-17 15:29:12,792 - BDM-WAM 1563373741.1392827 - INFO - <Event(4-MouseMotion {'pos': (456, 508), 'rel': (-3, 5), 'buttons': (0, 0, 0), 'window': None})>
2019-07-17 15:29:12,808 - BDM-WAM 1563373741.1392827 - INFO - <Event(4-MouseMotion {'pos': (452, 513), 'rel': (-4, 5), 'buttons': (0, 0, 0), 'window': None})>
2019-07-17 15:29:12,825 - BDM-WAM 1563373741.1392827 - INFO - <Event(4-MouseMotion {'pos': (450, 516), 'rel': (-2, 3), 'buttons': (0, 0, 0), 'window': None})>
2019-07-17 15:29:12,841 - BDM-WAM 1563373741.1392827 - INFO - <Event(4-MouseMotion {'pos': (450, 517), 'rel': (0, 1), 'buttons': (0, 0, 0), 'window': None})>
2019-07-17 15:29:13,022 - BDM-WAM 1563373741.1392827 - INFO - <Event(4-MouseMotion {'pos': (452, 518), 'rel': (2, 1), 'buttons': (0, 0, 0), 'window': None})>
2019-07-17 15:29:13,055 - BDM-WAM 1563373741.1392827 - INFO - <Event(4-MouseMotion {'pos': (439, 509), 'rel': (-13, -9), 'buttons': (0, 0, 0), 'window': None})>
2019-07-17 15:29:13,071 - BDM-WAM 1563373741.1392827 - INFO - <Event(4-MouseMotion {'pos': (372, 457), 'rel': (-67, -52), 'buttons': (0, 0, 0), 'window': None})>
2019-07-17 15:29:13,092 - BDM-WAM 1563373741.1392827 - INFO - <Event(4-MouseMotion {'pos': (261, 348), 'rel': (-111, -109), 'buttons': (0, 0, 0), 'window': None})>
2019-07-17 15:29:13,107 - BDM-WAM 1563373741.1392827 - INFO - <Event(4-MouseMotion {'pos': (208, 278), 'rel': (-53, -70), 'buttons': (0, 0, 0), 'window': None})>
2019-07-17 15:29:13,122 - BDM-WAM 1563373741.1392827 - INFO - <Event(4-MouseMotion {'pos': (174, 221), 'rel': (-34, -57), 'buttons': (0, 0, 0), 'window': None})>
2019-07-17 15:29:13,139 - BDM-WAM 1563373741.1392827 - INFO - <Event(4-MouseMotion {'pos': (158, 190), 'rel': (-16, -31), 'buttons': (0, 0, 0), 'window': None})>
2019-07-17 15:29:13,154 - BDM-WAM 1563373741.1392827 - INFO - <Event(4-MouseMotion {'pos': (149, 173), 'rel': (-9, -17), 'buttons': (0, 0, 0), 'window': None})>
2019-07-17 15:29:13,171 - BDM-WAM 1563373741.1392827 - INFO - <Event(4-MouseMotion {'pos': (144, 165), 'rel': (-5, -8), 'buttons': (0, 0, 0), 'window': None})>
2019-07-17 15:29:13,187 - BDM-WAM 1563373741.1392827 - INFO - <Event(4-MouseMotion {'pos': (143, 161), 'rel': (-1, -4), 'buttons': (0, 0, 0), 'window': None})>
2019-07-17 15:29:13,203 - BDM-WAM 1563373741.1392827 - INFO - <Event(4-MouseMotion {'pos': (141, 159), 'rel': (-2, -2), 'buttons': (0, 0, 0), 'window': None})>
2019-07-17 15:29:13,222 - BDM-WAM 1563373741.1392827 - INFO - <Event(4-MouseMotion {'pos': (140, 157), 'rel': (-1, -2), 'buttons': (0, 0, 0), 'window': None})>
2019-07-17 15:29:13,252 - BDM-WAM 1563373741.1392827 - INFO - <Event(4-MouseMotion {'pos': (139, 156), 'rel': (-1, -1), 'buttons': (0, 0, 0), 'window': None})>
2019-07-17 15:29:13,268 - BDM-WAM 1563373741.1392827 - INFO - <Event(4-MouseMotion {'pos': (139, 154), 'rel': (0, -2), 'buttons': (0, 0, 0), 'window': None})>
2019-07-17 15:29:13,285 - BDM-WAM 1563373741.1392827 - INFO - <Event(4-MouseMotion {'pos': (139, 153), 'rel': (0, -1), 'buttons': (0, 0, 0), 'window': None})>
2019-07-17 15:29:13,302 - BDM-WAM 1563373741.1392827 - INFO - <Event(4-MouseMotion {'pos': (137, 153), 'rel': (-2, 0), 'buttons': (0, 0, 0), 'window': None})>
2019-07-17 15:29:13,322 - BDM-WAM 1563373741.1392827 - INFO - <Event(4-MouseMotion {'pos': (136, 148), 'rel': (-1, -5), 'buttons': (0, 0, 0), 'window': None})>
2019-07-17 15:29:13,336 - BDM-WAM 1563373741.1392827 - INFO - <Event(4-MouseMotion {'pos': (136, 142), 'rel': (0, -6), 'buttons': (0, 0, 0), 'window': None})>
2019-07-17 15:29:13,353 - BDM-WAM 1563373741.1392827 - INFO - <Event(4-MouseMotion {'pos': (135, 137), 'rel': (-1, -5), 'buttons': (0, 0, 0), 'window': None})>
2019-07-17 15:29:13,370 - BDM-WAM 1563373741.1392827 - INFO - <Event(4-MouseMotion {'pos': (135, 130), 'rel': (0, -7), 'buttons': (0, 0, 0), 'window': None})>
2019-07-17 15:29:13,386 - BDM-WAM 1563373741.1392827 - INFO - <Event(4-MouseMotion {'pos': (135, 126), 'rel': (0, -4), 'buttons': (0, 0, 0), 'window': None})>
2019-07-17 15:29:13,405 - BDM-WAM 1563373741.1392827 - INFO - <Event(4-MouseMotion {'pos': (135, 122), 'rel': (0, -4), 'buttons': (0, 0, 0), 'window': None})>
2019-07-17 15:29:13,420 - BDM-WAM 1563373741.1392827 - INFO - <Event(4-MouseMotion {'pos': (135, 117), 'rel': (0, -5), 'buttons': (0, 0, 0), 'window': None})>
2019-07-17 15:29:13,436 - BDM-WAM 1563373741.1392827 - INFO - <Event(4-MouseMotion {'pos': (135, 114), 'rel': (0, -3), 'buttons': (0, 0, 0), 'window': None})>
2019-07-17 15:29:13,451 - BDM-WAM 1563373741.1392827 - INFO - <Event(4-MouseMotion {'pos': (135, 111), 'rel': (0, -3), 'buttons': (0, 0, 0), 'window': None})>
2019-07-17 15:29:13,468 - BDM-WAM 1563373741.1392827 - INFO - <Event(4-MouseMotion {'pos': (135, 109), 'rel': (0, -2), 'buttons': (0, 0, 0), 'window': None})>
2019-07-17 15:29:13,485 - BDM-WAM 1563373741.1392827 - INFO - <Event(4-MouseMotion {'pos': (135, 107), 'rel': (0, -2), 'buttons': (0, 0, 0), 'window': None})>
2019-07-17 15:29:13,553 - BDM-WAM 1563373741.1392827 - INFO - <Event(5-MouseButtonDown {'pos': (135, 107), 'button': 1, 'window': None})>
2019-07-17 15:29:13,554 - BDM-WAM 1563373741.1392827 - INFO - <Event(9.2-Fake Miss {'pos': (135,107), 'window': None})>
2019-07-17 15:29:13,666 - BDM-WAM 1563373741.1392827 - INFO - <Event(6-MouseButtonUp {'pos': (135, 107), 'button': 1, 'window': None})>
2019-07-17 15:29:14,036 - BDM-WAM 1563373741.1392827 - INFO - <Event(4-MouseMotion {'pos': (140, 107), 'rel': (5, 0), 'buttons': (0, 0, 0), 'window': None})>
2019-07-17 15:29:14,053 - BDM-WAM 1563373741.1392827 - INFO - <Event(4-MouseMotion {'pos': (154, 107), 'rel': (14, 0), 'buttons': (0, 0, 0), 'window': None})>
2019-07-17 15:29:14,071 - BDM-WAM 1563373741.1392827 - INFO - <Event(4-MouseMotion {'pos': (176, 107), 'rel': (22, 0), 'buttons': (0, 0, 0), 'window': None})>
2019-07-17 15:29:14,087 - BDM-WAM 1563373741.1392827 - INFO - <Event(4-MouseMotion {'pos': (232, 105), 'rel': (56, -2), 'buttons': (0, 0, 0), 'window': None})>
2019-07-17 15:29:14,102 - BDM-WAM 1563373741.1392827 - INFO - <Event(4-MouseMotion {'pos': (288, 97), 'rel': (56, -8), 'buttons': (0, 0, 0), 'window': None})>
2019-07-17 15:29:14,118 - BDM-WAM 1563373741.1392827 - INFO - <Event(4-MouseMotion {'pos': (359, 81), 'rel': (71, -16), 'buttons': (0, 0, 0), 'window': None})>
2019-07-17 15:29:14,134 - BDM-WAM 1563373741.1392827 - INFO - <Event(4-MouseMotion {'pos': (442, 62), 'rel': (83, -19), 'buttons': (0, 0, 0), 'window': None})>
2019-07-17 15:29:14,149 - BDM-WAM 1563373741.1392827 - INFO - <Event(4-MouseMotion {'pos': (527, 39), 'rel': (85, -23), 'buttons': (0, 0, 0), 'window': None})>
2019-07-17 15:29:14,166 - BDM-WAM 1563373741.1392827 - INFO - <Event(4-MouseMotion {'pos': (615, 13), 'rel': (88, -26), 'buttons': (0, 0, 0), 'window': None})>
2019-07-17 15:29:14,183 - BDM-WAM 1563373741.1392827 - INFO - <Event(1-ActiveEvent {'gain': 0, 'state': 1})>
2019-07-17 15:29:14,297 - BDM-WAM 1563373741.1392827 - INFO - <Event(1-ActiveEvent {'gain': 1, 'state': 1})>
2019-07-17 15:29:14,298 - BDM-WAM 1563373741.1392827 - INFO - <Event(4-MouseMotion {'pos': (788, 0), 'rel': (173, -13), 'buttons': (0, 0, 0), 'window': None})>
2019-07-17 15:29:14,314 - BDM-WAM 1563373741.1392827 - INFO - <Event(4-MouseMotion {'pos': (778, 11), 'rel': (-10, 11), 'buttons': (0, 0, 0), 'window': None})>
2019-07-17 15:29:14,331 - BDM-WAM 1563373741.1392827 - INFO - <Event(4-MouseMotion {'pos': (775, 16), 'rel': (-3, 5), 'buttons': (0, 0, 0), 'window': None})>
2019-07-17 15:29:14,478 - BDM-WAM 1563373741.1392827 - INFO - <Event(4-MouseMotion {'pos': (750, 28), 'rel': (-25, 12), 'buttons': (0, 0, 0), 'window': None})>
2019-07-17 15:29:14,496 - BDM-WAM 1563373741.1392827 - INFO - <Event(4-MouseMotion {'pos': (737, 32), 'rel': (-13, 4), 'buttons': (0, 0, 0), 'window': None})>
2019-07-17 15:29:14,512 - BDM-WAM 1563373741.1392827 - INFO - <Event(4-MouseMotion {'pos': (728, 33), 'rel': (-9, 1), 'buttons': (0, 0, 0), 'window': None})>
2019-07-17 15:29:14,529 - BDM-WAM 1563373741.1392827 - INFO - <Event(4-MouseMotion {'pos': (718, 36), 'rel': (-10, 3), 'buttons': (0, 0, 0), 'window': None})>
2019-07-17 15:29:14,545 - BDM-WAM 1563373741.1392827 - INFO - <Event(4-MouseMotion {'pos': (711, 36), 'rel': (-7, 0), 'buttons': (0, 0, 0), 'window': None})>
2019-07-17 15:29:14,588 - BDM-WAM 1563373741.1392827 - INFO - <Event(4-MouseMotion {'pos': (704, 36), 'rel': (-7, 0), 'buttons': (0, 0, 0), 'window': None})>
2019-07-17 15:29:14,607 - BDM-WAM 1563373741.1392827 - INFO - <Event(4-MouseMotion {'pos': (702, 36), 'rel': (-2, 0), 'buttons': (0, 0, 0), 'window': None})>
2019-07-17 15:29:14,624 - BDM-WAM 1563373741.1392827 - INFO - <Event(4-MouseMotion {'pos': (701, 36), 'rel': (-1, 0), 'buttons': (0, 0, 0), 'window': None})>
2019-07-17 15:29:14,639 - BDM-WAM 1563373741.1392827 - INFO - <Event(4-MouseMotion {'pos': (700, 36), 'rel': (-1, 0), 'buttons': (0, 0, 0), 'window': None})>
2019-07-17 15:29:14,657 - BDM-WAM 1563373741.1392827 - INFO - <Event(4-MouseMotion {'pos': (697, 37), 'rel': (-3, 1), 'buttons': (0, 0, 0), 'window': None})>
2019-07-17 15:29:14,673 - BDM-WAM 1563373741.1392827 - INFO - <Event(4-MouseMotion {'pos': (689, 45), 'rel': (-8, 8), 'buttons': (0, 0, 0), 'window': None})>
2019-07-17 15:29:14,690 - BDM-WAM 1563373741.1392827 - INFO - <Event(4-MouseMotion {'pos': (674, 57), 'rel': (-15, 12), 'buttons': (0, 0, 0), 'window': None})>
2019-07-17 15:29:14,707 - BDM-WAM 1563373741.1392827 - INFO - <Event(4-MouseMotion {'pos': (655, 71), 'rel': (-19, 14), 'buttons': (0, 0, 0), 'window': None})>
2019-07-17 15:29:14,723 - BDM-WAM 1563373741.1392827 - INFO - <Event(4-MouseMotion {'pos': (627, 94), 'rel': (-28, 23), 'buttons': (0, 0, 0), 'window': None})>
2019-07-17 15:29:14,739 - BDM-WAM 1563373741.1392827 - INFO - <Event(4-MouseMotion {'pos': (611, 108), 'rel': (-16, 14), 'buttons': (0, 0, 0), 'window': None})>
2019-07-17 15:29:14,756 - BDM-WAM 1563373741.1392827 - INFO - <Event(4-MouseMotion {'pos': (592, 122), 'rel': (-19, 14), 'buttons': (0, 0, 0), 'window': None})>
2019-07-17 15:29:14,773 - BDM-WAM 1563373741.1392827 - INFO - <Event(4-MouseMotion {'pos': (578, 133), 'rel': (-14, 11), 'buttons': (0, 0, 0), 'window': None})>
2019-07-17 15:29:14,789 - BDM-WAM 1563373741.1392827 - INFO - <Event(4-MouseMotion {'pos': (567, 142), 'rel': (-11, 9), 'buttons': (0, 0, 0), 'window': None})>
2019-07-17 15:29:14,806 - BDM-WAM 1563373741.1392827 - INFO - <Event(4-MouseMotion {'pos': (558, 149), 'rel': (-9, 7), 'buttons': (0, 0, 0), 'window': None})>
2019-07-17 15:29:14,821 - BDM-WAM 1563373741.1392827 - INFO - <Event(4-MouseMotion {'pos': (552, 152), 'rel': (-6, 3), 'buttons': (0, 0, 0), 'window': None})>
2019-07-17 15:29:14,837 - BDM-WAM 1563373741.1392827 - INFO - <Event(4-MouseMotion {'pos': (548, 155), 'rel': (-4, 3), 'buttons': (0, 0, 0), 'window': None})>
2019-07-17 15:29:14,853 - BDM-WAM 1563373741.1392827 - INFO - <Event(4-MouseMotion {'pos': (544, 157), 'rel': (-4, 2), 'buttons': (0, 0, 0), 'window': None})>
2019-07-17 15:29:14,870 - BDM-WAM 1563373741.1392827 - INFO - <Event(4-MouseMotion {'pos': (540, 158), 'rel': (-4, 1), 'buttons': (0, 0, 0), 'window': None})>
2019-07-17 15:29:14,885 - BDM-WAM 1563373741.1392827 - INFO - <Event(4-MouseMotion {'pos': (538, 159), 'rel': (-2, 1), 'buttons': (0, 0, 0), 'window': None})>
2019-07-17 15:29:14,900 - BDM-WAM 1563373741.1392827 - INFO - <Event(4-MouseMotion {'pos': (536, 160), 'rel': (-2, 1), 'buttons': (0, 0, 0), 'window': None})>
2019-07-17 15:29:14,917 - BDM-WAM 1563373741.1392827 - INFO - <Event(4-MouseMotion {'pos': (534, 161), 'rel': (-2, 1), 'buttons': (0, 0, 0), 'window': None})>
2019-07-17 15:29:14,935 - BDM-WAM 1563373741.1392827 - INFO - <Event(4-MouseMotion {'pos': (532, 161), 'rel': (-2, 0), 'buttons': (0, 0, 0), 'window': None})>
2019-07-17 15:29:14,952 - BDM-WAM 1563373741.1392827 - INFO - <Event(4-MouseMotion {'pos': (528, 163), 'rel': (-4, 2), 'buttons': (0, 0, 0), 'window': None})>
2019-07-17 15:29:14,968 - BDM-WAM 1563373741.1392827 - INFO - <Event(4-MouseMotion {'pos': (524, 165), 'rel': (-4, 2), 'buttons': (0, 0, 0), 'window': None})>
2019-07-17 15:29:14,984 - BDM-WAM 1563373741.1392827 - INFO - <Event(4-MouseMotion {'pos': (513, 169), 'rel': (-11, 4), 'buttons': (0, 0, 0), 'window': None})>
2019-07-17 15:29:15,000 - BDM-WAM 1563373741.1392827 - INFO - <Event(4-MouseMotion {'pos': (505, 173), 'rel': (-8, 4), 'buttons': (0, 0, 0), 'window': None})>
2019-07-17 15:29:15,018 - BDM-WAM 1563373741.1392827 - INFO - <Event(4-MouseMotion {'pos': (496, 177), 'rel': (-9, 4), 'buttons': (0, 0, 0), 'window': None})>
2019-07-17 15:29:15,034 - BDM-WAM 1563373741.1392827 - INFO - <Event(4-MouseMotion {'pos': (488, 179), 'rel': (-8, 2), 'buttons': (0, 0, 0), 'window': None})>
2019-07-17 15:29:15,050 - BDM-WAM 1563373741.1392827 - INFO - <Event(4-MouseMotion {'pos': (477, 179), 'rel': (-11, 0), 'buttons': (0, 0, 0), 'window': None})>
2019-07-17 15:29:15,065 - BDM-WAM 1563373741.1392827 - INFO - <Event(4-MouseMotion {'pos': (467, 177), 'rel': (-10, -2), 'buttons': (0, 0, 0), 'window': None})>
2019-07-17 15:29:15,115 - BDM-WAM 1563373741.1392827 - INFO - <Event(5-MouseButtonDown {'pos': (467, 177), 'button': 1, 'window': None})>
2019-07-17 15:29:15,115 - BDM-WAM 1563373741.1392827 - INFO - <Event(9.1-True Hit {'pos': (467,177), 'window': None})>
2019-07-17 15:29:15,231 - BDM-WAM 1563373741.1392827 - INFO - <Event(6-MouseButtonUp {'pos': (467, 177), 'button': 1, 'window': None})>
2019-07-17 15:29:15,622 - BDM-WAM 1563373741.1392827 - INFO - <Event(4-MouseMotion {'pos': (476, 177), 'rel': (9, 0), 'buttons': (0, 0, 0), 'window': None})>
2019-07-17 15:29:15,639 - BDM-WAM 1563373741.1392827 - INFO - <Event(4-MouseMotion {'pos': (480, 178), 'rel': (4, 1), 'buttons': (0, 0, 0), 'window': None})>
2019-07-17 15:29:15,656 - BDM-WAM 1563373741.1392827 - INFO - <Event(4-MouseMotion {'pos': (483, 178), 'rel': (3, 0), 'buttons': (0, 0, 0), 'window': None})>
2019-07-17 15:29:15,671 - BDM-WAM 1563373741.1392827 - INFO - <Event(4-MouseMotion {'pos': (484, 178), 'rel': (1, 0), 'buttons': (0, 0, 0), 'window': None})>
2019-07-17 15:29:15,689 - BDM-WAM 1563373741.1392827 - INFO - <Event(4-MouseMotion {'pos': (486, 179), 'rel': (2, 1), 'buttons': (0, 0, 0), 'window': None})>
2019-07-17 15:29:15,706 - BDM-WAM 1563373741.1392827 - INFO - <Event(4-MouseMotion {'pos': (487, 179), 'rel': (1, 0), 'buttons': (0, 0, 0), 'window': None})>
2019-07-17 15:29:15,722 - BDM-WAM 1563373741.1392827 - INFO - <Event(4-MouseMotion {'pos': (488, 179), 'rel': (1, 0), 'buttons': (0, 0, 0), 'window': None})>
2019-07-17 15:29:15,739 - BDM-WAM 1563373741.1392827 - INFO - <Event(4-MouseMotion {'pos': (489, 179), 'rel': (1, 0), 'buttons': (0, 0, 0), 'window': None})>
2019-07-17 15:29:15,771 - BDM-WAM 1563373741.1392827 - INFO - <Event(4-MouseMotion {'pos': (489, 180), 'rel': (0, 1), 'buttons': (0, 0, 0), 'window': None})>
2019-07-17 15:29:15,789 - BDM-WAM 1563373741.1392827 - INFO - <Event(4-MouseMotion {'pos': (489, 181), 'rel': (0, 1), 'buttons': (0, 0, 0), 'window': None})>
2019-07-17 15:29:15,806 - BDM-WAM 1563373741.1392827 - INFO - <Event(4-MouseMotion {'pos': (489, 182), 'rel': (0, 1), 'buttons': (0, 0, 0), 'window': None})>
2019-07-17 15:29:15,821 - BDM-WAM 1563373741.1392827 - INFO - <Event(4-MouseMotion {'pos': (488, 185), 'rel': (-1, 3), 'buttons': (0, 0, 0), 'window': None})>
2019-07-17 15:29:15,839 - BDM-WAM 1563373741.1392827 - INFO - <Event(4-MouseMotion {'pos': (484, 187), 'rel': (-4, 2), 'buttons': (0, 0, 0), 'window': None})>
2019-07-17 15:29:15,855 - BDM-WAM 1563373741.1392827 - INFO - <Event(4-MouseMotion {'pos': (477, 189), 'rel': (-7, 2), 'buttons': (0, 0, 0), 'window': None})>
2019-07-17 15:29:15,872 - BDM-WAM 1563373741.1392827 - INFO - <Event(4-MouseMotion {'pos': (470, 190), 'rel': (-7, 1), 'buttons': (0, 0, 0), 'window': None})>
2019-07-17 15:29:15,888 - BDM-WAM 1563373741.1392827 - INFO - <Event(4-MouseMotion {'pos': (460, 190), 'rel': (-10, 0), 'buttons': (0, 0, 0), 'window': None})>
2019-07-17 15:29:15,906 - BDM-WAM 1563373741.1392827 - INFO - <Event(4-MouseMotion {'pos': (446, 188), 'rel': (-14, -2), 'buttons': (0, 0, 0), 'window': None})>
2019-07-17 15:29:15,922 - BDM-WAM 1563373741.1392827 - INFO - <Event(4-MouseMotion {'pos': (439, 186), 'rel': (-7, -2), 'buttons': (0, 0, 0), 'window': None})>
2019-07-17 15:29:15,937 - BDM-WAM 1563373741.1392827 - INFO - <Event(4-MouseMotion {'pos': (431, 182), 'rel': (-8, -4), 'buttons': (0, 0, 0), 'window': None})>
2019-07-17 15:29:15,954 - BDM-WAM 1563373741.1392827 - INFO - <Event(4-MouseMotion {'pos': (423, 178), 'rel': (-8, -4), 'buttons': (0, 0, 0), 'window': None})>
2019-07-17 15:29:15,971 - BDM-WAM 1563373741.1392827 - INFO - <Event(4-MouseMotion {'pos': (416, 174), 'rel': (-7, -4), 'buttons': (0, 0, 0), 'window': None})>
2019-07-17 15:29:15,987 - BDM-WAM 1563373741.1392827 - INFO - <Event(4-MouseMotion {'pos': (410, 170), 'rel': (-6, -4), 'buttons': (0, 0, 0), 'window': None})>
2019-07-17 15:29:16,002 - BDM-WAM 1563373741.1392827 - INFO - <Event(4-MouseMotion {'pos': (404, 167), 'rel': (-6, -3), 'buttons': (0, 0, 0), 'window': None})>
2019-07-17 15:29:16,019 - BDM-WAM 1563373741.1392827 - INFO - <Event(4-MouseMotion {'pos': (398, 164), 'rel': (-6, -3), 'buttons': (0, 0, 0), 'window': None})>
2019-07-17 15:29:16,034 - BDM-WAM 1563373741.1392827 - INFO - <Event(4-MouseMotion {'pos': (395, 161), 'rel': (-3, -3), 'buttons': (0, 0, 0), 'window': None})>
2019-07-17 15:29:16,071 - BDM-WAM 1563373741.1392827 - INFO - <Event(4-MouseMotion {'pos': (388, 157), 'rel': (-7, -4), 'buttons': (0, 0, 0), 'window': None})>
2019-07-17 15:29:16,090 - BDM-WAM 1563373741.1392827 - INFO - <Event(4-MouseMotion {'pos': (384, 155), 'rel': (-4, -2), 'buttons': (0, 0, 0), 'window': None})>
2019-07-17 15:29:16,106 - BDM-WAM 1563373741.1392827 - INFO - <Event(4-MouseMotion {'pos': (384, 151), 'rel': (0, -4), 'buttons': (0, 0, 0), 'window': None})>
2019-07-17 15:29:16,125 - BDM-WAM 1563373741.1392827 - INFO - <Event(4-MouseMotion {'pos': (383, 145), 'rel': (-1, -6), 'buttons': (0, 0, 0), 'window': None})>
2019-07-17 15:29:16,142 - BDM-WAM 1563373741.1392827 - INFO - <Event(4-MouseMotion {'pos': (383, 135), 'rel': (0, -10), 'buttons': (0, 0, 0), 'window': None})>
2019-07-17 15:29:16,244 - BDM-WAM 1563373741.1392827 - INFO - <Event(4-MouseMotion {'pos': (457, 111), 'rel': (74, -24), 'buttons': (0, 0, 0), 'window': None})>
2019-07-17 15:29:16,291 - BDM-WAM 1563373741.1392827 - INFO - <Event(4-MouseMotion {'pos': (487, 121), 'rel': (30, 10), 'buttons': (0, 0, 0), 'window': None})>
2019-07-17 15:29:16,308 - BDM-WAM 1563373741.1392827 - INFO - <Event(4-MouseMotion {'pos': (492, 124), 'rel': (5, 3), 'buttons': (0, 0, 0), 'window': None})>
2019-07-17 15:29:16,325 - BDM-WAM 1563373741.1392827 - INFO - <Event(4-MouseMotion {'pos': (495, 125), 'rel': (3, 1), 'buttons': (0, 0, 0), 'window': None})>
2019-07-17 15:29:16,346 - BDM-WAM 1563373741.1392827 - INFO - <Event(4-MouseMotion {'pos': (497, 128), 'rel': (2, 3), 'buttons': (0, 0, 0), 'window': None})>
2019-07-17 15:29:16,362 - BDM-WAM 1563373741.1392827 - INFO - <Event(4-MouseMotion {'pos': (498, 129), 'rel': (1, 1), 'buttons': (0, 0, 0), 'window': None})>
2019-07-17 15:29:16,377 - BDM-WAM 1563373741.1392827 - INFO - <Event(4-MouseMotion {'pos': (499, 129), 'rel': (1, 0), 'buttons': (0, 0, 0), 'window': None})>
2019-07-17 15:29:16,394 - BDM-WAM 1563373741.1392827 - INFO - <Event(4-MouseMotion {'pos': (500, 130), 'rel': (1, 1), 'buttons': (0, 0, 0), 'window': None})>
2019-07-17 15:29:16,411 - BDM-WAM 1563373741.1392827 - INFO - <Event(4-MouseMotion {'pos': (500, 131), 'rel': (0, 1), 'buttons': (0, 0, 0), 'window': None})>
2019-07-17 15:29:16,429 - BDM-WAM 1563373741.1392827 - INFO - <Event(4-MouseMotion {'pos': (500, 132), 'rel': (0, 1), 'buttons': (0, 0, 0), 'window': None})>
2019-07-17 15:29:16,445 - BDM-WAM 1563373741.1392827 - INFO - <Event(4-MouseMotion {'pos': (500, 133), 'rel': (0, 1), 'buttons': (0, 0, 0), 'window': None})>
2019-07-17 15:29:16,477 - BDM-WAM 1563373741.1392827 - INFO - <Event(4-MouseMotion {'pos': (495, 137), 'rel': (-5, 4), 'buttons': (0, 0, 0), 'window': None})>
2019-07-17 15:29:16,493 - BDM-WAM 1563373741.1392827 - INFO - <Event(4-MouseMotion {'pos': (482, 147), 'rel': (-13, 10), 'buttons': (0, 0, 0), 'window': None})>
2019-07-17 15:29:16,510 - BDM-WAM 1563373741.1392827 - INFO - <Event(4-MouseMotion {'pos': (461, 160), 'rel': (-21, 13), 'buttons': (0, 0, 0), 'window': None})>
2019-07-17 15:29:16,531 - BDM-WAM 1563373741.1392827 - INFO - <Event(4-MouseMotion {'pos': (406, 180), 'rel': (-55, 20), 'buttons': (0, 0, 0), 'window': None})>
2019-07-17 15:29:16,546 - BDM-WAM 1563373741.1392827 - INFO - <Event(4-MouseMotion {'pos': (366, 186), 'rel': (-40, 6), 'buttons': (0, 0, 0), 'window': None})>
2019-07-17 15:29:16,560 - BDM-WAM 1563373741.1392827 - INFO - <Event(4-MouseMotion {'pos': (338, 186), 'rel': (-28, 0), 'buttons': (0, 0, 0), 'window': None})>
2019-07-17 15:29:16,576 - BDM-WAM 1563373741.1392827 - INFO - <Event(4-MouseMotion {'pos': (313, 189), 'rel': (-25, 3), 'buttons': (0, 0, 0), 'window': None})>
2019-07-17 15:29:16,593 - BDM-WAM 1563373741.1392827 - INFO - <Event(4-MouseMotion {'pos': (296, 190), 'rel': (-17, 1), 'buttons': (0, 0, 0), 'window': None})>
2019-07-17 15:29:16,611 - BDM-WAM 1563373741.1392827 - INFO - <Event(4-MouseMotion {'pos': (282, 192), 'rel': (-14, 2), 'buttons': (0, 0, 0), 'window': None})>
2019-07-17 15:29:16,626 - BDM-WAM 1563373741.1392827 - INFO - <Event(4-MouseMotion {'pos': (275, 195), 'rel': (-7, 3), 'buttons': (0, 0, 0), 'window': None})>
2019-07-17 15:29:16,646 - BDM-WAM 1563373741.1392827 - INFO - <Event(4-MouseMotion {'pos': (268, 197), 'rel': (-7, 2), 'buttons': (0, 0, 0), 'window': None})>
2019-07-17 15:29:16,676 - BDM-WAM 1563373741.1392827 - INFO - <Event(4-MouseMotion {'pos': (265, 198), 'rel': (-3, 1), 'buttons': (0, 0, 0), 'window': None})>
2019-07-17 15:29:16,692 - BDM-WAM 1563373741.1392827 - INFO - <Event(4-MouseMotion {'pos': (264, 200), 'rel': (-1, 2), 'buttons': (0, 0, 0), 'window': None})>
2019-07-17 15:29:16,709 - BDM-WAM 1563373741.1392827 - INFO - <Event(4-MouseMotion {'pos': (262, 201), 'rel': (-2, 1), 'buttons': (0, 0, 0), 'window': None})>
2019-07-17 15:29:16,725 - BDM-WAM 1563373741.1392827 - INFO - <Event(4-MouseMotion {'pos': (260, 205), 'rel': (-2, 4), 'buttons': (0, 0, 0), 'window': None})>
2019-07-17 15:29:16,745 - BDM-WAM 1563373741.1392827 - INFO - <Event(4-MouseMotion {'pos': (255, 210), 'rel': (-5, 5), 'buttons': (0, 0, 0), 'window': None})>
2019-07-17 15:29:16,761 - BDM-WAM 1563373741.1392827 - INFO - <Event(4-MouseMotion {'pos': (251, 214), 'rel': (-4, 4), 'buttons': (0, 0, 0), 'window': None})>
2019-07-17 15:29:16,777 - BDM-WAM 1563373741.1392827 - INFO - <Event(4-MouseMotion {'pos': (248, 217), 'rel': (-3, 3), 'buttons': (0, 0, 0), 'window': None})>
2019-07-17 15:29:16,794 - BDM-WAM 1563373741.1392827 - INFO - <Event(4-MouseMotion {'pos': (245, 220), 'rel': (-3, 3), 'buttons': (0, 0, 0), 'window': None})>
2019-07-17 15:29:16,814 - BDM-WAM 1563373741.1392827 - INFO - <Event(4-MouseMotion {'pos': (244, 221), 'rel': (-1, 1), 'buttons': (0, 0, 0), 'window': None})>
2019-07-17 15:29:16,829 - BDM-WAM 1563373741.1392827 - INFO - <Event(4-MouseMotion {'pos': (241, 221), 'rel': (-3, 0), 'buttons': (0, 0, 0), 'window': None})>
2019-07-17 15:29:16,846 - BDM-WAM 1563373741.1392827 - INFO - <Event(4-MouseMotion {'pos': (240, 221), 'rel': (-1, 0), 'buttons': (0, 0, 0), 'window': None})>
2019-07-17 15:29:16,863 - BDM-WAM 1563373741.1392827 - INFO - <Event(4-MouseMotion {'pos': (238, 221), 'rel': (-2, 0), 'buttons': (0, 0, 0), 'window': None})>
2019-07-17 15:29:16,884 - BDM-WAM 1563373741.1392827 - INFO - <Event(5-MouseButtonDown {'pos': (238, 221), 'button': 1, 'window': None})>
2019-07-17 15:29:16,886 - BDM-WAM 1563373741.1392827 - INFO - <Event(9.2-Fake Miss {'pos': (237,221), 'window': None})>
2019-07-17 15:29:16,889 - BDM-WAM 1563373741.1392827 - INFO - <Event(4-MouseMotion {'pos': (237, 221), 'rel': (-1, 0), 'buttons': (1, 0, 0), 'window': None})>
2019-07-17 15:29:16,898 - BDM-WAM 1563373741.1392827 - INFO - <Event(4-MouseMotion {'pos': (236, 221), 'rel': (-1, 0), 'buttons': (1, 0, 0), 'window': None})>
2019-07-17 15:29:16,915 - BDM-WAM 1563373741.1392827 - INFO - <Event(4-MouseMotion {'pos': (235, 221), 'rel': (-1, 0), 'buttons': (1, 0, 0), 'window': None})>
2019-07-17 15:29:16,994 - BDM-WAM 1563373741.1392827 - INFO - <Event(6-MouseButtonUp {'pos': (235, 221), 'button': 1, 'window': None})>
2019-07-17 15:29:17,478 - BDM-WAM 1563373741.1392827 - INFO - <Event(4-MouseMotion {'pos': (241, 221), 'rel': (6, 0), 'buttons': (0, 0, 0), 'window': None})>
2019-07-17 15:29:17,483 - BDM-WAM 1563373741.1392827 - INFO - <Event(4-MouseMotion {'pos': (242, 221), 'rel': (1, 0), 'buttons': (0, 0, 0), 'window': None})>
2019-07-17 15:29:17,555 - BDM-WAM 1563373741.1392827 - INFO - <Event(4-MouseMotion {'pos': (243, 221), 'rel': (1, 0), 'buttons': (0, 0, 0), 'window': None})>
2019-07-17 15:29:17,623 - BDM-WAM 1563373741.1392827 - INFO - <Event(4-MouseMotion {'pos': (244, 221), 'rel': (1, 0), 'buttons': (0, 0, 0), 'window': None})>
2019-07-17 15:29:17,640 - BDM-WAM 1563373741.1392827 - INFO - <Event(4-MouseMotion {'pos': (245, 221), 'rel': (1, 0), 'buttons': (0, 0, 0), 'window': None})>
2019-07-17 15:29:17,660 - BDM-WAM 1563373741.1392827 - INFO - <Event(4-MouseMotion {'pos': (250, 220), 'rel': (5, -1), 'buttons': (0, 0, 0), 'window': None})>
2019-07-17 15:29:17,674 - BDM-WAM 1563373741.1392827 - INFO - <Event(4-MouseMotion {'pos': (254, 217), 'rel': (4, -3), 'buttons': (0, 0, 0), 'window': None})>
2019-07-17 15:29:17,691 - BDM-WAM 1563373741.1392827 - INFO - <Event(4-MouseMotion {'pos': (260, 217), 'rel': (6, 0), 'buttons': (0, 0, 0), 'window': None})>
2019-07-17 15:29:17,706 - BDM-WAM 1563373741.1392827 - INFO - <Event(4-MouseMotion {'pos': (265, 216), 'rel': (5, -1), 'buttons': (0, 0, 0), 'window': None})>
2019-07-17 15:29:17,723 - BDM-WAM 1563373741.1392827 - INFO - <Event(4-MouseMotion {'pos': (275, 214), 'rel': (10, -2), 'buttons': (0, 0, 0), 'window': None})>
2019-07-17 15:29:17,742 - BDM-WAM 1563373741.1392827 - INFO - <Event(4-MouseMotion {'pos': (286, 213), 'rel': (11, -1), 'buttons': (0, 0, 0), 'window': None})>
2019-07-17 15:29:17,758 - BDM-WAM 1563373741.1392827 - INFO - <Event(4-MouseMotion {'pos': (316, 209), 'rel': (30, -4), 'buttons': (0, 0, 0), 'window': None})>
2019-07-17 15:29:17,771 - BDM-WAM 1563373741.1392827 - INFO - <Event(4-MouseMotion {'pos': (328, 208), 'rel': (12, -1), 'buttons': (0, 0, 0), 'window': None})>
2019-07-17 15:29:17,787 - BDM-WAM 1563373741.1392827 - INFO - <Event(4-MouseMotion {'pos': (370, 203), 'rel': (42, -5), 'buttons': (0, 0, 0), 'window': None})>
2019-07-17 15:29:17,803 - BDM-WAM 1563373741.1392827 - INFO - <Event(4-MouseMotion {'pos': (404, 199), 'rel': (34, -4), 'buttons': (0, 0, 0), 'window': None})>
2019-07-17 15:29:17,822 - BDM-WAM 1563373741.1392827 - INFO - <Event(4-MouseMotion {'pos': (436, 196), 'rel': (32, -3), 'buttons': (0, 0, 0), 'window': None})>
2019-07-17 15:29:17,839 - BDM-WAM 1563373741.1392827 - INFO - <Event(4-MouseMotion {'pos': (468, 192), 'rel': (32, -4), 'buttons': (0, 0, 0), 'window': None})>
2019-07-17 15:29:17,856 - BDM-WAM 1563373741.1392827 - INFO - <Event(4-MouseMotion {'pos': (497, 188), 'rel': (29, -4), 'buttons': (0, 0, 0), 'window': None})>
2019-07-17 15:29:17,876 - BDM-WAM 1563373741.1392827 - INFO - <Event(4-MouseMotion {'pos': (529, 185), 'rel': (32, -3), 'buttons': (0, 0, 0), 'window': None})>
2019-07-17 15:29:17,890 - BDM-WAM 1563373741.1392827 - INFO - <Event(4-MouseMotion {'pos': (543, 181), 'rel': (14, -4), 'buttons': (0, 0, 0), 'window': None})>
2019-07-17 15:29:17,905 - BDM-WAM 1563373741.1392827 - INFO - <Event(4-MouseMotion {'pos': (550, 180), 'rel': (7, -1), 'buttons': (0, 0, 0), 'window': None})>
2019-07-17 15:29:17,921 - BDM-WAM 1563373741.1392827 - INFO - <Event(4-MouseMotion {'pos': (557, 179), 'rel': (7, -1), 'buttons': (0, 0, 0), 'window': None})>
2019-07-17 15:29:17,937 - BDM-WAM 1563373741.1392827 - INFO - <Event(4-MouseMotion {'pos': (563, 179), 'rel': (6, 0), 'buttons': (0, 0, 0), 'window': None})>
2019-07-17 15:29:17,954 - BDM-WAM 1563373741.1392827 - INFO - <Event(4-MouseMotion {'pos': (566, 179), 'rel': (3, 0), 'buttons': (0, 0, 0), 'window': None})>
2019-07-17 15:29:17,972 - BDM-WAM 1563373741.1392827 - INFO - <Event(4-MouseMotion {'pos': (569, 179), 'rel': (3, 0), 'buttons': (0, 0, 0), 'window': None})>
2019-07-17 15:29:17,988 - BDM-WAM 1563373741.1392827 - INFO - <Event(4-MouseMotion {'pos': (570, 179), 'rel': (1, 0), 'buttons': (0, 0, 0), 'window': None})>
2019-07-17 15:29:18,072 - BDM-WAM 1563373741.1392827 - INFO - <Event(4-MouseMotion {'pos': (574, 177), 'rel': (4, -2), 'buttons': (0, 0, 0), 'window': None})>
2019-07-17 15:29:18,175 - BDM-WAM 1563373741.1392827 - INFO - <Event(4-MouseMotion {'pos': (574, 175), 'rel': (0, -2), 'buttons': (0, 0, 0), 'window': None})>
2019-07-17 15:29:18,194 - BDM-WAM 1563373741.1392827 - INFO - <Event(4-MouseMotion {'pos': (573, 172), 'rel': (-1, -3), 'buttons': (0, 0, 0), 'window': None})>
2019-07-17 15:29:18,297 - BDM-WAM 1563373741.1392827 - INFO - <Event(4-MouseMotion {'pos': (611, 73), 'rel': (38, -99), 'buttons': (0, 0, 0), 'window': None})>
2019-07-17 15:29:18,320 - BDM-WAM 1563373741.1392827 - INFO - <Event(4-MouseMotion {'pos': (616, 68), 'rel': (5, -5), 'buttons': (0, 0, 0), 'window': None})>
2019-07-17 15:29:18,351 - BDM-WAM 1563373741.1392827 - INFO - <Event(4-MouseMotion {'pos': (616, 69), 'rel': (0, 1), 'buttons': (0, 0, 0), 'window': None})>
2019-07-17 15:29:18,367 - BDM-WAM 1563373741.1392827 - INFO - <Event(4-MouseMotion {'pos': (608, 78), 'rel': (-8, 9), 'buttons': (0, 0, 0), 'window': None})>
2019-07-17 15:29:18,384 - BDM-WAM 1563373741.1392827 - INFO - <Event(4-MouseMotion {'pos': (581, 101), 'rel': (-27, 23), 'buttons': (0, 0, 0), 'window': None})>
2019-07-17 15:29:18,402 - BDM-WAM 1563373741.1392827 - INFO - <Event(4-MouseMotion {'pos': (530, 130), 'rel': (-51, 29), 'buttons': (0, 0, 0), 'window': None})>
2019-07-17 15:29:18,420 - BDM-WAM 1563373741.1392827 - INFO - <Event(4-MouseMotion {'pos': (412, 167), 'rel': (-118, 37), 'buttons': (0, 0, 0), 'window': None})>
2019-07-17 15:29:18,436 - BDM-WAM 1563373741.1392827 - INFO - <Event(4-MouseMotion {'pos': (339, 181), 'rel': (-73, 14), 'buttons': (0, 0, 0), 'window': None})>
2019-07-17 15:29:18,452 - BDM-WAM 1563373741.1392827 - INFO - <Event(4-MouseMotion {'pos': (298, 189), 'rel': (-41, 8), 'buttons': (0, 0, 0), 'window': None})>
2019-07-17 15:29:18,468 - BDM-WAM 1563373741.1392827 - INFO - <Event(4-MouseMotion {'pos': (265, 194), 'rel': (-33, 5), 'buttons': (0, 0, 0), 'window': None})>
2019-07-17 15:29:18,484 - BDM-WAM 1563373741.1392827 - INFO - <Event(4-MouseMotion {'pos': (241, 198), 'rel': (-24, 4), 'buttons': (0, 0, 0), 'window': None})>
2019-07-17 15:29:18,505 - BDM-WAM 1563373741.1392827 - INFO - <Event(4-MouseMotion {'pos': (222, 202), 'rel': (-19, 4), 'buttons': (0, 0, 0), 'window': None})>
2019-07-17 15:29:18,521 - BDM-WAM 1563373741.1392827 - INFO - <Event(4-MouseMotion {'pos': (216, 205), 'rel': (-6, 3), 'buttons': (0, 0, 0), 'window': None})>
2019-07-17 15:29:18,536 - BDM-WAM 1563373741.1392827 - INFO - <Event(4-MouseMotion {'pos': (212, 205), 'rel': (-4, 0), 'buttons': (0, 0, 0), 'window': None})>
2019-07-17 15:29:18,552 - BDM-WAM 1563373741.1392827 - INFO - <Event(4-MouseMotion {'pos': (210, 206), 'rel': (-2, 1), 'buttons': (0, 0, 0), 'window': None})>
2019-07-17 15:29:18,568 - BDM-WAM 1563373741.1392827 - INFO - <Event(4-MouseMotion {'pos': (209, 207), 'rel': (-1, 1), 'buttons': (0, 0, 0), 'window': None})>
2019-07-17 15:29:18,584 - BDM-WAM 1563373741.1392827 - INFO - <Event(4-MouseMotion {'pos': (208, 208), 'rel': (-1, 1), 'buttons': (0, 0, 0), 'window': None})>
2019-07-17 15:29:18,599 - BDM-WAM 1563373741.1392827 - INFO - <Event(4-MouseMotion {'pos': (206, 210), 'rel': (-2, 2), 'buttons': (0, 0, 0), 'window': None})>
2019-07-17 15:29:18,619 - BDM-WAM 1563373741.1392827 - INFO - <Event(4-MouseMotion {'pos': (201, 216), 'rel': (-5, 6), 'buttons': (0, 0, 0), 'window': None})>
2019-07-17 15:29:18,634 - BDM-WAM 1563373741.1392827 - INFO - <Event(4-MouseMotion {'pos': (197, 221), 'rel': (-4, 5), 'buttons': (0, 0, 0), 'window': None})>
2019-07-17 15:29:18,650 - BDM-WAM 1563373741.1392827 - INFO - <Event(4-MouseMotion {'pos': (194, 226), 'rel': (-3, 5), 'buttons': (0, 0, 0), 'window': None})>
2019-07-17 15:29:18,666 - BDM-WAM 1563373741.1392827 - INFO - <Event(4-MouseMotion {'pos': (192, 229), 'rel': (-2, 3), 'buttons': (0, 0, 0), 'window': None})>
2019-07-17 15:29:18,682 - BDM-WAM 1563373741.1392827 - INFO - <Event(4-MouseMotion {'pos': (191, 232), 'rel': (-1, 3), 'buttons': (0, 0, 0), 'window': None})>
2019-07-17 15:29:18,699 - BDM-WAM 1563373741.1392827 - INFO - <Event(4-MouseMotion {'pos': (189, 233), 'rel': (-2, 1), 'buttons': (0, 0, 0), 'window': None})>
2019-07-17 15:29:18,715 - BDM-WAM 1563373741.1392827 - INFO - <Event(4-MouseMotion {'pos': (188, 233), 'rel': (-1, 0), 'buttons': (0, 0, 0), 'window': None})>
2019-07-17 15:29:18,732 - BDM-WAM 1563373741.1392827 - INFO - <Event(4-MouseMotion {'pos': (188, 234), 'rel': (0, 1), 'buttons': (0, 0, 0), 'window': None})>
2019-07-17 15:29:18,781 - BDM-WAM 1563373741.1392827 - INFO - <Event(4-MouseMotion {'pos': (188, 233), 'rel': (0, -1), 'buttons': (0, 0, 0), 'window': None})>
2019-07-17 15:29:18,796 - BDM-WAM 1563373741.1392827 - INFO - <Event(4-MouseMotion {'pos': (188, 232), 'rel': (0, -1), 'buttons': (0, 0, 0), 'window': None})>
2019-07-17 15:29:18,812 - BDM-WAM 1563373741.1392827 - INFO - <Event(4-MouseMotion {'pos': (189, 230), 'rel': (1, -2), 'buttons': (0, 0, 0), 'window': None})>
2019-07-17 15:29:18,832 - BDM-WAM 1563373741.1392827 - INFO - <Event(4-MouseMotion {'pos': (192, 228), 'rel': (3, -2), 'buttons': (0, 0, 0), 'window': None})>
2019-07-17 15:29:18,848 - BDM-WAM 1563373741.1392827 - INFO - <Event(4-MouseMotion {'pos': (196, 226), 'rel': (4, -2), 'buttons': (0, 0, 0), 'window': None})>
2019-07-17 15:29:18,864 - BDM-WAM 1563373741.1392827 - INFO - <Event(4-MouseMotion {'pos': (200, 225), 'rel': (4, -1), 'buttons': (0, 0, 0), 'window': None})>
2019-07-17 15:29:18,880 - BDM-WAM 1563373741.1392827 - INFO - <Event(4-MouseMotion {'pos': (204, 224), 'rel': (4, -1), 'buttons': (0, 0, 0), 'window': None})>
2019-07-17 15:29:18,897 - BDM-WAM 1563373741.1392827 - INFO - <Event(4-MouseMotion {'pos': (207, 223), 'rel': (3, -1), 'buttons': (0, 0, 0), 'window': None})>
2019-07-17 15:29:18,913 - BDM-WAM 1563373741.1392827 - INFO - <Event(4-MouseMotion {'pos': (209, 223), 'rel': (2, 0), 'buttons': (0, 0, 0), 'window': None})>
2019-07-17 15:29:18,929 - BDM-WAM 1563373741.1392827 - INFO - <Event(4-MouseMotion {'pos': (211, 223), 'rel': (2, 0), 'buttons': (0, 0, 0), 'window': None})>
2019-07-17 15:29:18,951 - BDM-WAM 1563373741.1392827 - INFO - <Event(4-MouseMotion {'pos': (212, 223), 'rel': (1, 0), 'buttons': (0, 0, 0), 'window': None})>
2019-07-17 15:29:18,963 - BDM-WAM 1563373741.1392827 - INFO - <Event(4-MouseMotion {'pos': (213, 223), 'rel': (1, 0), 'buttons': (0, 0, 0), 'window': None})>
2019-07-17 15:29:18,980 - BDM-WAM 1563373741.1392827 - INFO - <Event(5-MouseButtonDown {'pos': (213, 223), 'button': 1, 'window': None})>
2019-07-17 15:29:18,981 - BDM-WAM 1563373741.1392827 - INFO - <Event(9.1-True Hit {'pos': (213,223), 'window': None})>
2019-07-17 15:29:19,041 - BDM-WAM 1563373741.1392827 - INFO - <Event(4-MouseMotion {'pos': (216, 220), 'rel': (3, -3), 'buttons': (1, 0, 0), 'window': None})>
2019-07-17 15:29:19,059 - BDM-WAM 1563373741.1392827 - INFO - <Event(4-MouseMotion {'pos': (217, 220), 'rel': (1, 0), 'buttons': (1, 0, 0), 'window': None})>
2019-07-17 15:29:19,094 - BDM-WAM 1563373741.1392827 - INFO - <Event(6-MouseButtonUp {'pos': (217, 220), 'button': 1, 'window': None})>
2019-07-17 15:29:19,370 - BDM-WAM 1563373741.1392827 - INFO - <Event(4-MouseMotion {'pos': (229, 215), 'rel': (12, -5), 'buttons': (0, 0, 0), 'window': None})>
2019-07-17 15:29:19,388 - BDM-WAM 1563373741.1392827 - INFO - <Event(4-MouseMotion {'pos': (235, 213), 'rel': (6, -2), 'buttons': (0, 0, 0), 'window': None})>
2019-07-17 15:29:19,408 - BDM-WAM 1563373741.1392827 - INFO - <Event(4-MouseMotion {'pos': (240, 212), 'rel': (5, -1), 'buttons': (0, 0, 0), 'window': None})>
2019-07-17 15:29:19,487 - BDM-WAM 1563373741.1392827 - INFO - <Event(4-MouseMotion {'pos': (360, 174), 'rel': (120, -38), 'buttons': (0, 0, 0), 'window': None})>
2019-07-17 15:29:19,617 - BDM-WAM 1563373741.1392827 - INFO - <Event(4-MouseMotion {'pos': (636, 45), 'rel': (276, -129), 'buttons': (0, 0, 0), 'window': None})>
2019-07-17 15:29:19,633 - BDM-WAM 1563373741.1392827 - INFO - <Event(4-MouseMotion {'pos': (639, 45), 'rel': (3, 0), 'buttons': (0, 0, 0), 'window': None})>
2019-07-17 15:29:19,649 - BDM-WAM 1563373741.1392827 - INFO - <Event(4-MouseMotion {'pos': (639, 46), 'rel': (0, 1), 'buttons': (0, 0, 0), 'window': None})>
2019-07-17 15:29:19,667 - BDM-WAM 1563373741.1392827 - INFO - <Event(4-MouseMotion {'pos': (639, 48), 'rel': (0, 2), 'buttons': (0, 0, 0), 'window': None})>
2019-07-17 15:29:19,918 - BDM-WAM 1563373741.1392827 - INFO - <Event(4-MouseMotion {'pos': (644, 49), 'rel': (5, 1), 'buttons': (0, 0, 0), 'window': None})>
2019-07-17 15:29:20,006 - BDM-WAM 1563373741.1392827 - INFO - <Event(4-MouseMotion {'pos': (749, 8), 'rel': (105, -41), 'buttons': (0, 0, 0), 'window': None})>
2019-07-17 15:29:20,011 - BDM-WAM 1563373741.1392827 - INFO - <Event(4-MouseMotion {'pos': (756, 3), 'rel': (7, -5), 'buttons': (0, 0, 0), 'window': None})>
2019-07-17 15:29:20,026 - BDM-WAM 1563373741.1392827 - INFO - <Event(4-MouseMotion {'pos': (764, 0), 'rel': (8, -3), 'buttons': (0, 0, 0), 'window': None})>
2019-07-17 15:29:20,108 - BDM-WAM 1563373741.1392827 - INFO - <Event(1-ActiveEvent {'gain': 0, 'state': 1})>
2019-07-17 15:29:20,208 - BDM-WAM 1563373741.1392827 - INFO - <Event(1-ActiveEvent {'gain': 1, 'state': 1})>
2019-07-17 15:29:20,209 - BDM-WAM 1563373741.1392827 - INFO - <Event(4-MouseMotion {'pos': (775, 0), 'rel': (11, 0), 'buttons': (0, 0, 0), 'window': None})>
2019-07-17 15:29:20,245 - BDM-WAM 1563373741.1392827 - INFO - <Event(4-MouseMotion {'pos': (774, 0), 'rel': (-1, 0), 'buttons': (0, 0, 0), 'window': None})>
2019-07-17 15:29:20,261 - BDM-WAM 1563373741.1392827 - INFO - <Event(4-MouseMotion {'pos': (772, 0), 'rel': (-2, 0), 'buttons': (0, 0, 0), 'window': None})>
2019-07-17 15:29:20,278 - BDM-WAM 1563373741.1392827 - INFO - <Event(1-ActiveEvent {'gain': 0, 'state': 1})>
2019-07-17 15:29:20,708 - BDM-WAM 1563373741.1392827 - INFO - <Event(12-Quit {})>
