2020-01-21 18:51:45,555 - BDM-WAM 1579632704.5489807 - INFO - []
2020-01-21 18:51:45,588 - BDM-WAM 1579632704.5489807 - INFO - <Event(10-MoleUp) {'loc': (119,366)})>
2020-01-21 18:51:45,624 - BDM-WAM 1579632704.5489807 - INFO - []
2020-01-21 18:51:45,626 - BDM-WAM 1579632704.5489807 - INFO - []
2020-01-21 18:51:45,684 - BDM-WAM 1579632704.5489807 - INFO - []
2020-01-21 18:51:45,686 - BDM-WAM 1579632704.5489807 - INFO - []
2020-01-21 18:51:45,741 - BDM-WAM 1579632704.5489807 - INFO - [<Event(3-KeyUp {'key': 99, 'mod': 0, 'scancode': 46, 'window': None})>]
2020-01-21 18:51:45,743 - BDM-WAM 1579632704.5489807 - INFO - []
2020-01-21 18:51:45,759 - BDM-WAM 1579632704.5489807 - INFO - []
2020-01-21 18:51:45,776 - BDM-WAM 1579632704.5489807 - INFO - []
2020-01-21 18:51:45,793 - BDM-WAM 1579632704.5489807 - INFO - []
2020-01-21 18:51:45,809 - BDM-WAM 1579632704.5489807 - INFO - []
2020-01-21 18:51:45,827 - BDM-WAM 1579632704.5489807 - INFO - []
2020-01-21 18:51:45,844 - BDM-WAM 1579632704.5489807 - INFO - []
2020-01-21 18:51:45,861 - BDM-WAM 1579632704.5489807 - INFO - [<Event(1-ActiveEvent {'gain': 1, 'state': 1})>, <Event(4-MouseMotion {'pos': (420, 685), 'rel': (-136, -14), 'buttons': (0, 0, 0), 'window': None})>]
2020-01-21 18:51:45,878 - BDM-WAM 1579632704.5489807 - INFO - [<Event(4-MouseMotion {'pos': (420, 652), 'rel': (0, -33), 'buttons': (0, 0, 0), 'window': None})>]
2020-01-21 18:51:45,895 - BDM-WAM 1579632704.5489807 - INFO - [<Event(4-MouseMotion {'pos': (424, 617), 'rel': (4, -35), 'buttons': (0, 0, 0), 'window': None})>]
2020-01-21 18:51:45,912 - BDM-WAM 1579632704.5489807 - INFO - [<Event(4-MouseMotion {'pos': (428, 597), 'rel': (4, -20), 'buttons': (0, 0, 0), 'window': None})>]
2020-01-21 18:51:45,929 - BDM-WAM 1579632704.5489807 - INFO - [<Event(4-MouseMotion {'pos': (430, 592), 'rel': (2, -5), 'buttons': (0, 0, 0), 'window': None})>]
2020-01-21 18:51:45,947 - BDM-WAM 1579632704.5489807 - INFO - []
2020-01-21 18:51:45,964 - BDM-WAM 1579632704.5489807 - INFO - []
2020-01-21 18:51:45,981 - BDM-WAM 1579632704.5489807 - INFO - [<Event(4-MouseMotion {'pos': (431, 591), 'rel': (1, -1), 'buttons': (0, 0, 0), 'window': None})>]
2020-01-21 18:51:45,998 - BDM-WAM 1579632704.5489807 - INFO - []
2020-01-21 18:51:46,016 - BDM-WAM 1579632704.5489807 - INFO - [<Event(4-MouseMotion {'pos': (432, 590), 'rel': (1, -1), 'buttons': (0, 0, 0), 'window': None})>]
2020-01-21 18:51:46,033 - BDM-WAM 1579632704.5489807 - INFO - [<Event(4-MouseMotion {'pos': (433, 590), 'rel': (1, 0), 'buttons': (0, 0, 0), 'window': None})>]
2020-01-21 18:51:46,052 - BDM-WAM 1579632704.5489807 - INFO - []
2020-01-21 18:51:46,067 - BDM-WAM 1579632704.5489807 - INFO - [<Event(4-MouseMotion {'pos': (433, 589), 'rel': (0, -1), 'buttons': (0, 0, 0), 'window': None})>]
2020-01-21 18:51:46,084 - BDM-WAM 1579632704.5489807 - INFO - []
2020-01-21 18:51:46,102 - BDM-WAM 1579632704.5489807 - INFO - [<Event(4-MouseMotion {'pos': (435, 587), 'rel': (2, -2), 'buttons': (0, 0, 0), 'window': None})>]
2020-01-21 18:51:46,118 - BDM-WAM 1579632704.5489807 - INFO - [<Event(4-MouseMotion {'pos': (435, 585), 'rel': (0, -2), 'buttons': (0, 0, 0), 'window': None})>]
2020-01-21 18:51:46,136 - BDM-WAM 1579632704.5489807 - INFO - [<Event(4-MouseMotion {'pos': (437, 583), 'rel': (2, -2), 'buttons': (0, 0, 0), 'window': None})>]
2020-01-21 18:51:46,152 - BDM-WAM 1579632704.5489807 - INFO - []
2020-01-21 18:51:46,168 - BDM-WAM 1579632704.5489807 - INFO - []
2020-01-21 18:51:46,184 - BDM-WAM 1579632704.5489807 - INFO - []
2020-01-21 18:51:46,203 - BDM-WAM 1579632704.5489807 - INFO - [<Event(4-MouseMotion {'pos': (437, 582), 'rel': (0, -1), 'buttons': (0, 0, 0), 'window': None})>]
2020-01-21 18:51:46,219 - BDM-WAM 1579632704.5489807 - INFO - []
2020-01-21 18:51:46,237 - BDM-WAM 1579632704.5489807 - INFO - [<Event(4-MouseMotion {'pos': (434, 577), 'rel': (-3, -5), 'buttons': (0, 0, 0), 'window': None})>]
2020-01-21 18:51:46,253 - BDM-WAM 1579632704.5489807 - INFO - [<Event(4-MouseMotion {'pos': (427, 568), 'rel': (-7, -9), 'buttons': (0, 0, 0), 'window': None})>]
2020-01-21 18:51:46,270 - BDM-WAM 1579632704.5489807 - INFO - [<Event(4-MouseMotion {'pos': (425, 567), 'rel': (-2, -1), 'buttons': (0, 0, 0), 'window': None})>]
2020-01-21 18:51:46,287 - BDM-WAM 1579632704.5489807 - INFO - [<Event(4-MouseMotion {'pos': (425, 566), 'rel': (0, -1), 'buttons': (0, 0, 0), 'window': None})>]
2020-01-21 18:51:46,304 - BDM-WAM 1579632704.5489807 - INFO - [<Event(4-MouseMotion {'pos': (424, 564), 'rel': (-1, -2), 'buttons': (0, 0, 0), 'window': None})>]
2020-01-21 18:51:46,324 - BDM-WAM 1579632704.5489807 - INFO - [<Event(4-MouseMotion {'pos': (422, 561), 'rel': (-2, -3), 'buttons': (0, 0, 0), 'window': None})>]
2020-01-21 18:51:46,338 - BDM-WAM 1579632704.5489807 - INFO - [<Event(4-MouseMotion {'pos': (420, 556), 'rel': (-2, -5), 'buttons': (0, 0, 0), 'window': None})>]
2020-01-21 18:51:46,355 - BDM-WAM 1579632704.5489807 - INFO - [<Event(4-MouseMotion {'pos': (418, 553), 'rel': (-2, -3), 'buttons': (0, 0, 0), 'window': None})>]
2020-01-21 18:51:46,372 - BDM-WAM 1579632704.5489807 - INFO - []
2020-01-21 18:51:46,389 - BDM-WAM 1579632704.5489807 - INFO - []
2020-01-21 18:51:46,405 - BDM-WAM 1579632704.5489807 - INFO - []
2020-01-21 18:51:46,423 - BDM-WAM 1579632704.5489807 - INFO - [<Event(4-MouseMotion {'pos': (454, 533), 'rel': (36, -20), 'buttons': (0, 0, 0), 'window': None})>]
2020-01-21 18:51:46,441 - BDM-WAM 1579632704.5489807 - INFO - [<Event(4-MouseMotion {'pos': (626, 456), 'rel': (172, -77), 'buttons': (0, 0, 0), 'window': None})>]
2020-01-21 18:51:46,456 - BDM-WAM 1579632704.5489807 - INFO - [<Event(4-MouseMotion {'pos': (653, 437), 'rel': (27, -19), 'buttons': (0, 0, 0), 'window': None})>]
2020-01-21 18:51:46,474 - BDM-WAM 1579632704.5489807 - INFO - [<Event(4-MouseMotion {'pos': (653, 438), 'rel': (0, 1), 'buttons': (0, 0, 0), 'window': None})>]
2020-01-21 18:51:46,491 - BDM-WAM 1579632704.5489807 - INFO - []
2020-01-21 18:51:46,508 - BDM-WAM 1579632704.5489807 - INFO - []
2020-01-21 18:51:46,525 - BDM-WAM 1579632704.5489807 - INFO - []
2020-01-21 18:51:46,543 - BDM-WAM 1579632704.5489807 - INFO - []
2020-01-21 18:51:46,560 - BDM-WAM 1579632704.5489807 - INFO - []
2020-01-21 18:51:46,577 - BDM-WAM 1579632704.5489807 - INFO - []
2020-01-21 18:51:46,593 - BDM-WAM 1579632704.5489807 - INFO - []
2020-01-21 18:51:46,610 - BDM-WAM 1579632704.5489807 - INFO - []
2020-01-21 18:51:46,627 - BDM-WAM 1579632704.5489807 - INFO - []
2020-01-21 18:51:46,643 - BDM-WAM 1579632704.5489807 - INFO - []
2020-01-21 18:51:46,661 - BDM-WAM 1579632704.5489807 - INFO - []
2020-01-21 18:51:46,678 - BDM-WAM 1579632704.5489807 - INFO - []
2020-01-21 18:51:46,695 - BDM-WAM 1579632704.5489807 - INFO - []
2020-01-21 18:51:46,759 - BDM-WAM 1579632704.5489807 - INFO - []
2020-01-21 18:51:46,761 - BDM-WAM 1579632704.5489807 - INFO - []
2020-01-21 18:51:46,808 - BDM-WAM 1579632704.5489807 - INFO - []
2020-01-21 18:51:46,809 - BDM-WAM 1579632704.5489807 - INFO - []
2020-01-21 18:51:46,825 - BDM-WAM 1579632704.5489807 - INFO - []
2020-01-21 18:51:46,876 - BDM-WAM 1579632704.5489807 - INFO - []
2020-01-21 18:51:46,910 - BDM-WAM 1579632704.5489807 - INFO - <Event(10-MoleUp) {'loc': (404,479)})>
2020-01-21 18:51:46,911 - BDM-WAM 1579632704.5489807 - INFO - []
2020-01-21 18:51:46,928 - BDM-WAM 1579632704.5489807 - INFO - []
2020-01-21 18:51:46,981 - BDM-WAM 1579632704.5489807 - INFO - []
2020-01-21 18:51:46,983 - BDM-WAM 1579632704.5489807 - INFO - []
2020-01-21 18:51:47,028 - BDM-WAM 1579632704.5489807 - INFO - []
2020-01-21 18:51:47,030 - BDM-WAM 1579632704.5489807 - INFO - []
2020-01-21 18:51:47,046 - BDM-WAM 1579632704.5489807 - INFO - []
2020-01-21 18:51:47,104 - BDM-WAM 1579632704.5489807 - INFO - []
2020-01-21 18:51:47,106 - BDM-WAM 1579632704.5489807 - INFO - []
2020-01-21 18:51:47,123 - BDM-WAM 1579632704.5489807 - INFO - []
2020-01-21 18:51:47,140 - BDM-WAM 1579632704.5489807 - INFO - []
2020-01-21 18:51:47,157 - BDM-WAM 1579632704.5489807 - INFO - []
2020-01-21 18:51:47,174 - BDM-WAM 1579632704.5489807 - INFO - []
2020-01-21 18:51:47,191 - BDM-WAM 1579632704.5489807 - INFO - []
2020-01-21 18:51:47,207 - BDM-WAM 1579632704.5489807 - INFO - []
2020-01-21 18:51:47,225 - BDM-WAM 1579632704.5489807 - INFO - []
2020-01-21 18:51:47,243 - BDM-WAM 1579632704.5489807 - INFO - []
2020-01-21 18:51:47,260 - BDM-WAM 1579632704.5489807 - INFO - []
2020-01-21 18:51:47,277 - BDM-WAM 1579632704.5489807 - INFO - []
2020-01-21 18:51:47,294 - BDM-WAM 1579632704.5489807 - INFO - []
2020-01-21 18:51:47,311 - BDM-WAM 1579632704.5489807 - INFO - []
2020-01-21 18:51:47,328 - BDM-WAM 1579632704.5489807 - INFO - []
2020-01-21 18:51:47,345 - BDM-WAM 1579632704.5489807 - INFO - []
2020-01-21 18:51:47,362 - BDM-WAM 1579632704.5489807 - INFO - []
2020-01-21 18:51:47,379 - BDM-WAM 1579632704.5489807 - INFO - []
2020-01-21 18:51:47,396 - BDM-WAM 1579632704.5489807 - INFO - []
2020-01-21 18:51:47,412 - BDM-WAM 1579632704.5489807 - INFO - []
2020-01-21 18:51:47,429 - BDM-WAM 1579632704.5489807 - INFO - []
2020-01-21 18:51:47,447 - BDM-WAM 1579632704.5489807 - INFO - []
2020-01-21 18:51:47,464 - BDM-WAM 1579632704.5489807 - INFO - [<Event(2-KeyDown {'unicode': 'p', 'key': 112, 'mod': 0, 'scancode': 25, 'window': None})>]
2020-01-21 18:51:47,464 - BDM-WAM 1579632704.5489807 - INFO - <Event(8-Pause {'reason': pause })>
2020-01-21 18:51:48,634 - BDM-WAM 1579632704.5489807 - INFO - []
2020-01-21 18:51:48,636 - BDM-WAM 1579632704.5489807 - INFO - []
2020-01-21 18:51:48,681 - BDM-WAM 1579632704.5489807 - INFO - []
2020-01-21 18:51:48,683 - BDM-WAM 1579632704.5489807 - INFO - []
2020-01-21 18:51:48,700 - BDM-WAM 1579632704.5489807 - INFO - []
2020-01-21 18:51:48,751 - BDM-WAM 1579632704.5489807 - INFO - []
2020-01-21 18:51:48,786 - BDM-WAM 1579632704.5489807 - INFO - <Event(10-MoleUp) {'loc': (179,169)})>
2020-01-21 18:51:48,787 - BDM-WAM 1579632704.5489807 - INFO - [<Event(3-KeyUp {'key': 99, 'mod': 0, 'scancode': 46, 'window': None})>]
2020-01-21 18:51:48,804 - BDM-WAM 1579632704.5489807 - INFO - []
2020-01-21 18:51:48,858 - BDM-WAM 1579632704.5489807 - INFO - []
2020-01-21 18:51:48,860 - BDM-WAM 1579632704.5489807 - INFO - []
2020-01-21 18:51:48,907 - BDM-WAM 1579632704.5489807 - INFO - []
2020-01-21 18:51:48,909 - BDM-WAM 1579632704.5489807 - INFO - []
2020-01-21 18:51:48,925 - BDM-WAM 1579632704.5489807 - INFO - []
2020-01-21 18:51:48,993 - BDM-WAM 1579632704.5489807 - INFO - []
2020-01-21 18:51:48,995 - BDM-WAM 1579632704.5489807 - INFO - []
2020-01-21 18:51:49,009 - BDM-WAM 1579632704.5489807 - INFO - []
2020-01-21 18:51:49,027 - BDM-WAM 1579632704.5489807 - INFO - []
2020-01-21 18:51:49,044 - BDM-WAM 1579632704.5489807 - INFO - []
2020-01-21 18:51:49,061 - BDM-WAM 1579632704.5489807 - INFO - []
2020-01-21 18:51:49,078 - BDM-WAM 1579632704.5489807 - INFO - []
2020-01-21 18:51:49,095 - BDM-WAM 1579632704.5489807 - INFO - []
2020-01-21 18:51:49,113 - BDM-WAM 1579632704.5489807 - INFO - []
2020-01-21 18:51:49,130 - BDM-WAM 1579632704.5489807 - INFO - []
2020-01-21 18:51:49,147 - BDM-WAM 1579632704.5489807 - INFO - []
2020-01-21 18:51:49,164 - BDM-WAM 1579632704.5489807 - INFO - []
2020-01-21 18:51:49,181 - BDM-WAM 1579632704.5489807 - INFO - []
2020-01-21 18:51:49,197 - BDM-WAM 1579632704.5489807 - INFO - []
2020-01-21 18:51:49,215 - BDM-WAM 1579632704.5489807 - INFO - []
2020-01-21 18:51:49,232 - BDM-WAM 1579632704.5489807 - INFO - []
2020-01-21 18:51:49,248 - BDM-WAM 1579632704.5489807 - INFO - []
2020-01-21 18:51:49,266 - BDM-WAM 1579632704.5489807 - INFO - []
2020-01-21 18:51:49,283 - BDM-WAM 1579632704.5489807 - INFO - []
2020-01-21 18:51:49,300 - BDM-WAM 1579632704.5489807 - INFO - []
2020-01-21 18:51:49,317 - BDM-WAM 1579632704.5489807 - INFO - []
2020-01-21 18:51:49,333 - BDM-WAM 1579632704.5489807 - INFO - []
2020-01-21 18:51:49,351 - BDM-WAM 1579632704.5489807 - INFO - []
2020-01-21 18:51:49,369 - BDM-WAM 1579632704.5489807 - INFO - []
2020-01-21 18:51:49,386 - BDM-WAM 1579632704.5489807 - INFO - []
2020-01-21 18:51:49,404 - BDM-WAM 1579632704.5489807 - INFO - []
2020-01-21 18:51:49,420 - BDM-WAM 1579632704.5489807 - INFO - []
2020-01-21 18:51:49,437 - BDM-WAM 1579632704.5489807 - INFO - []
2020-01-21 18:51:49,455 - BDM-WAM 1579632704.5489807 - INFO - []
2020-01-21 18:51:49,471 - BDM-WAM 1579632704.5489807 - INFO - []
2020-01-21 18:51:49,489 - BDM-WAM 1579632704.5489807 - INFO - []
2020-01-21 18:51:49,505 - BDM-WAM 1579632704.5489807 - INFO - []
2020-01-21 18:51:49,522 - BDM-WAM 1579632704.5489807 - INFO - []
2020-01-21 18:51:49,540 - BDM-WAM 1579632704.5489807 - INFO - []
2020-01-21 18:51:49,556 - BDM-WAM 1579632704.5489807 - INFO - []
2020-01-21 18:51:49,572 - BDM-WAM 1579632704.5489807 - INFO - []
2020-01-21 18:51:49,590 - BDM-WAM 1579632704.5489807 - INFO - []
2020-01-21 18:51:49,607 - BDM-WAM 1579632704.5489807 - INFO - []
2020-01-21 18:51:49,624 - BDM-WAM 1579632704.5489807 - INFO - []
2020-01-21 18:51:49,641 - BDM-WAM 1579632704.5489807 - INFO - []
2020-01-21 18:51:49,658 - BDM-WAM 1579632704.5489807 - INFO - []
2020-01-21 18:51:49,675 - BDM-WAM 1579632704.5489807 - INFO - []
2020-01-21 18:51:49,691 - BDM-WAM 1579632704.5489807 - INFO - []
2020-01-21 18:51:49,708 - BDM-WAM 1579632704.5489807 - INFO - []
2020-01-21 18:51:49,726 - BDM-WAM 1579632704.5489807 - INFO - []
2020-01-21 18:51:49,743 - BDM-WAM 1579632704.5489807 - INFO - []
2020-01-21 18:51:49,760 - BDM-WAM 1579632704.5489807 - INFO - []
2020-01-21 18:51:49,777 - BDM-WAM 1579632704.5489807 - INFO - []
2020-01-21 18:51:49,794 - BDM-WAM 1579632704.5489807 - INFO - []
2020-01-21 18:51:49,810 - BDM-WAM 1579632704.5489807 - INFO - []
2020-01-21 18:51:49,829 - BDM-WAM 1579632704.5489807 - INFO - []
2020-01-21 18:51:49,846 - BDM-WAM 1579632704.5489807 - INFO - []
2020-01-21 18:51:49,863 - BDM-WAM 1579632704.5489807 - INFO - []
2020-01-21 18:51:49,880 - BDM-WAM 1579632704.5489807 - INFO - []
2020-01-21 18:51:49,897 - BDM-WAM 1579632704.5489807 - INFO - []
2020-01-21 18:51:49,914 - BDM-WAM 1579632704.5489807 - INFO - []
2020-01-21 18:51:49,931 - BDM-WAM 1579632704.5489807 - INFO - []
2020-01-21 18:51:49,988 - BDM-WAM 1579632704.5489807 - INFO - []
2020-01-21 18:51:49,990 - BDM-WAM 1579632704.5489807 - INFO - []
2020-01-21 18:51:50,039 - BDM-WAM 1579632704.5489807 - INFO - []
2020-01-21 18:51:50,041 - BDM-WAM 1579632704.5489807 - INFO - []
2020-01-21 18:51:50,086 - BDM-WAM 1579632704.5489807 - INFO - []
2020-01-21 18:51:50,117 - BDM-WAM 1579632704.5489807 - INFO - <Event(10-MoleUp) {'loc': (381,295)})>
2020-01-21 18:51:50,118 - BDM-WAM 1579632704.5489807 - INFO - []
2020-01-21 18:51:50,136 - BDM-WAM 1579632704.5489807 - INFO - []
2020-01-21 18:51:50,152 - BDM-WAM 1579632704.5489807 - INFO - []
2020-01-21 18:51:50,205 - BDM-WAM 1579632704.5489807 - INFO - []
2020-01-21 18:51:50,206 - BDM-WAM 1579632704.5489807 - INFO - []
2020-01-21 18:51:50,255 - BDM-WAM 1579632704.5489807 - INFO - []
2020-01-21 18:51:50,257 - BDM-WAM 1579632704.5489807 - INFO - []
2020-01-21 18:51:50,302 - BDM-WAM 1579632704.5489807 - INFO - []
2020-01-21 18:51:50,304 - BDM-WAM 1579632704.5489807 - INFO - []
2020-01-21 18:51:50,321 - BDM-WAM 1579632704.5489807 - INFO - []
2020-01-21 18:51:50,339 - BDM-WAM 1579632704.5489807 - INFO - []
2020-01-21 18:51:50,354 - BDM-WAM 1579632704.5489807 - INFO - []
2020-01-21 18:51:50,371 - BDM-WAM 1579632704.5489807 - INFO - []
2020-01-21 18:51:50,389 - BDM-WAM 1579632704.5489807 - INFO - []
2020-01-21 18:51:50,405 - BDM-WAM 1579632704.5489807 - INFO - []
2020-01-21 18:51:50,421 - BDM-WAM 1579632704.5489807 - INFO - []
2020-01-21 18:51:50,439 - BDM-WAM 1579632704.5489807 - INFO - []
2020-01-21 18:51:50,456 - BDM-WAM 1579632704.5489807 - INFO - []
2020-01-21 18:51:50,473 - BDM-WAM 1579632704.5489807 - INFO - []
2020-01-21 18:51:50,489 - BDM-WAM 1579632704.5489807 - INFO - []
2020-01-21 18:51:50,506 - BDM-WAM 1579632704.5489807 - INFO - []
2020-01-21 18:51:50,524 - BDM-WAM 1579632704.5489807 - INFO - [<Event(2-KeyDown {'unicode': 'p', 'key': 112, 'mod': 0, 'scancode': 25, 'window': None})>]
2020-01-21 18:51:50,525 - BDM-WAM 1579632704.5489807 - INFO - <Event(8-Pause {'reason': pause })>
2020-01-21 18:51:50,996 - BDM-WAM 1579632704.5489807 - INFO - []
2020-01-21 18:51:51,012 - BDM-WAM 1579632704.5489807 - INFO - []
2020-01-21 18:51:51,029 - BDM-WAM 1579632704.5489807 - INFO - []
2020-01-21 18:51:51,046 - BDM-WAM 1579632704.5489807 - INFO - []
2020-01-21 18:51:51,063 - BDM-WAM 1579632704.5489807 - INFO - []
2020-01-21 18:51:51,079 - BDM-WAM 1579632704.5489807 - INFO - []
2020-01-21 18:51:51,096 - BDM-WAM 1579632704.5489807 - INFO - []
2020-01-21 18:51:51,114 - BDM-WAM 1579632704.5489807 - INFO - []
2020-01-21 18:51:51,131 - BDM-WAM 1579632704.5489807 - INFO - []
2020-01-21 18:51:51,148 - BDM-WAM 1579632704.5489807 - INFO - [<Event(3-KeyUp {'key': 99, 'mod': 0, 'scancode': 46, 'window': None})>]
2020-01-21 18:51:51,165 - BDM-WAM 1579632704.5489807 - INFO - []
2020-01-21 18:51:51,182 - BDM-WAM 1579632704.5489807 - INFO - []
2020-01-21 18:51:51,199 - BDM-WAM 1579632704.5489807 - INFO - []
2020-01-21 18:51:51,216 - BDM-WAM 1579632704.5489807 - INFO - []
2020-01-21 18:51:51,233 - BDM-WAM 1579632704.5489807 - INFO - []
2020-01-21 18:51:51,251 - BDM-WAM 1579632704.5489807 - INFO - []
2020-01-21 18:51:51,267 - BDM-WAM 1579632704.5489807 - INFO - []
2020-01-21 18:51:51,334 - BDM-WAM 1579632704.5489807 - INFO - []
2020-01-21 18:51:51,371 - BDM-WAM 1579632704.5489807 - INFO - [<Event(4-MouseMotion {'pos': (504, 238), 'rel': (-149, -200), 'buttons': (0, 0, 0), 'window': None})>]
2020-01-21 18:51:51,373 - BDM-WAM 1579632704.5489807 - INFO - []
2020-01-21 18:51:51,437 - BDM-WAM 1579632704.5489807 - INFO - [<Event(4-MouseMotion {'pos': (189, 0), 'rel': (-315, -238), 'buttons': (0, 0, 0), 'window': None})>]
2020-01-21 18:51:51,472 - BDM-WAM 1579632704.5489807 - INFO - <Event(10-MoleUp) {'loc': (179,169)})>
2020-01-21 18:51:51,473 - BDM-WAM 1579632704.5489807 - INFO - [<Event(1-ActiveEvent {'gain': 0, 'state': 1})>]
2020-01-21 18:51:51,519 - BDM-WAM 1579632704.5489807 - INFO - []
2020-01-21 18:51:51,521 - BDM-WAM 1579632704.5489807 - INFO - []
2020-01-21 18:51:51,537 - BDM-WAM 1579632704.5489807 - INFO - []
2020-01-21 18:51:51,583 - BDM-WAM 1579632704.5489807 - INFO - []
2020-01-21 18:51:51,584 - BDM-WAM 1579632704.5489807 - INFO - []
2020-01-21 18:51:51,601 - BDM-WAM 1579632704.5489807 - INFO - []
2020-01-21 18:51:51,672 - BDM-WAM 1579632704.5489807 - INFO - []
2020-01-21 18:51:51,674 - BDM-WAM 1579632704.5489807 - INFO - []
2020-01-21 18:51:51,690 - BDM-WAM 1579632704.5489807 - INFO - []
2020-01-21 18:51:51,706 - BDM-WAM 1579632704.5489807 - INFO - []
2020-01-21 18:51:51,722 - BDM-WAM 1579632704.5489807 - INFO - []
2020-01-21 18:51:51,740 - BDM-WAM 1579632704.5489807 - INFO - []
2020-01-21 18:51:51,756 - BDM-WAM 1579632704.5489807 - INFO - []
2020-01-21 18:51:51,775 - BDM-WAM 1579632704.5489807 - INFO - []
2020-01-21 18:51:51,791 - BDM-WAM 1579632704.5489807 - INFO - []
2020-01-21 18:51:51,809 - BDM-WAM 1579632704.5489807 - INFO - []
2020-01-21 18:51:51,826 - BDM-WAM 1579632704.5489807 - INFO - []
2020-01-21 18:51:51,843 - BDM-WAM 1579632704.5489807 - INFO - []
2020-01-21 18:51:51,860 - BDM-WAM 1579632704.5489807 - INFO - []
2020-01-21 18:51:51,877 - BDM-WAM 1579632704.5489807 - INFO - []
2020-01-21 18:51:51,894 - BDM-WAM 1579632704.5489807 - INFO - []
2020-01-21 18:51:51,911 - BDM-WAM 1579632704.5489807 - INFO - []
2020-01-21 18:51:51,928 - BDM-WAM 1579632704.5489807 - INFO - []
2020-01-21 18:51:51,945 - BDM-WAM 1579632704.5489807 - INFO - []
2020-01-21 18:51:51,962 - BDM-WAM 1579632704.5489807 - INFO - []
2020-01-21 18:51:51,979 - BDM-WAM 1579632704.5489807 - INFO - []
2020-01-21 18:51:51,997 - BDM-WAM 1579632704.5489807 - INFO - [<Event(1-ActiveEvent {'gain': 1, 'state': 1})>, <Event(4-MouseMotion {'pos': (217, 1), 'rel': (28, 1), 'buttons': (0, 0, 0), 'window': None})>]
2020-01-21 18:51:52,012 - BDM-WAM 1579632704.5489807 - INFO - []
2020-01-21 18:51:52,030 - BDM-WAM 1579632704.5489807 - INFO - []
2020-01-21 18:51:52,048 - BDM-WAM 1579632704.5489807 - INFO - []
2020-01-21 18:51:52,065 - BDM-WAM 1579632704.5489807 - INFO - []
2020-01-21 18:51:52,081 - BDM-WAM 1579632704.5489807 - INFO - []
2020-01-21 18:51:52,099 - BDM-WAM 1579632704.5489807 - INFO - []
2020-01-21 18:51:52,115 - BDM-WAM 1579632704.5489807 - INFO - []
2020-01-21 18:51:52,133 - BDM-WAM 1579632704.5489807 - INFO - [<Event(1-ActiveEvent {'gain': 0, 'state': 1})>]
2020-01-21 18:51:52,150 - BDM-WAM 1579632704.5489807 - INFO - []
2020-01-21 18:51:52,167 - BDM-WAM 1579632704.5489807 - INFO - []
2020-01-21 18:51:52,184 - BDM-WAM 1579632704.5489807 - INFO - []
2020-01-21 18:51:52,201 - BDM-WAM 1579632704.5489807 - INFO - []
2020-01-21 18:51:52,221 - BDM-WAM 1579632704.5489807 - INFO - [<Event(1-ActiveEvent {'gain': 1, 'state': 1})>, <Event(4-MouseMotion {'pos': (253, 89), 'rel': (36, 88), 'buttons': (0, 0, 0), 'window': None})>]
2020-01-21 18:51:52,235 - BDM-WAM 1579632704.5489807 - INFO - [<Event(4-MouseMotion {'pos': (291, 174), 'rel': (38, 85), 'buttons': (0, 0, 0), 'window': None})>]
2020-01-21 18:51:52,252 - BDM-WAM 1579632704.5489807 - INFO - [<Event(4-MouseMotion {'pos': (304, 216), 'rel': (13, 42), 'buttons': (0, 0, 0), 'window': None})>]
2020-01-21 18:51:52,269 - BDM-WAM 1579632704.5489807 - INFO - [<Event(4-MouseMotion {'pos': (306, 237), 'rel': (2, 21), 'buttons': (0, 0, 0), 'window': None})>]
2020-01-21 18:51:52,285 - BDM-WAM 1579632704.5489807 - INFO - [<Event(4-MouseMotion {'pos': (306, 244), 'rel': (0, 7), 'buttons': (0, 0, 0), 'window': None})>]
2020-01-21 18:51:52,305 - BDM-WAM 1579632704.5489807 - INFO - [<Event(4-MouseMotion {'pos': (306, 246), 'rel': (0, 2), 'buttons': (0, 0, 0), 'window': None})>]
2020-01-21 18:51:52,320 - BDM-WAM 1579632704.5489807 - INFO - []
2020-01-21 18:51:52,337 - BDM-WAM 1579632704.5489807 - INFO - []
2020-01-21 18:51:52,356 - BDM-WAM 1579632704.5489807 - INFO - []
2020-01-21 18:51:52,374 - BDM-WAM 1579632704.5489807 - INFO - []
2020-01-21 18:51:52,391 - BDM-WAM 1579632704.5489807 - INFO - []
2020-01-21 18:51:52,407 - BDM-WAM 1579632704.5489807 - INFO - [<Event(4-MouseMotion {'pos': (289, 245), 'rel': (-17, -1), 'buttons': (0, 0, 0), 'window': None})>]
2020-01-21 18:51:52,425 - BDM-WAM 1579632704.5489807 - INFO - [<Event(4-MouseMotion {'pos': (267, 242), 'rel': (-22, -3), 'buttons': (0, 0, 0), 'window': None})>]
2020-01-21 18:51:52,441 - BDM-WAM 1579632704.5489807 - INFO - [<Event(4-MouseMotion {'pos': (259, 241), 'rel': (-8, -1), 'buttons': (0, 0, 0), 'window': None})>]
2020-01-21 18:51:52,457 - BDM-WAM 1579632704.5489807 - INFO - [<Event(4-MouseMotion {'pos': (258, 240), 'rel': (-1, -1), 'buttons': (0, 0, 0), 'window': None})>]
2020-01-21 18:51:52,474 - BDM-WAM 1579632704.5489807 - INFO - []
2020-01-21 18:51:52,491 - BDM-WAM 1579632704.5489807 - INFO - []
2020-01-21 18:51:52,508 - BDM-WAM 1579632704.5489807 - INFO - []
2020-01-21 18:51:52,524 - BDM-WAM 1579632704.5489807 - INFO - []
2020-01-21 18:51:52,542 - BDM-WAM 1579632704.5489807 - INFO - []
2020-01-21 18:51:52,559 - BDM-WAM 1579632704.5489807 - INFO - []
2020-01-21 18:51:52,576 - BDM-WAM 1579632704.5489807 - INFO - []
2020-01-21 18:51:52,592 - BDM-WAM 1579632704.5489807 - INFO - []
2020-01-21 18:51:52,609 - BDM-WAM 1579632704.5489807 - INFO - []
2020-01-21 18:51:52,655 - BDM-WAM 1579632704.5489807 - INFO - []
2020-01-21 18:51:52,657 - BDM-WAM 1579632704.5489807 - INFO - []
2020-01-21 18:51:52,674 - BDM-WAM 1579632704.5489807 - INFO - [<Event(5-MouseButtonDown {'pos': (258, 240), 'button': 1, 'window': None})>]
2020-01-21 18:51:52,674 - BDM-WAM 1579632704.5489807 - INFO - <Event(8-Pause {'reason': hit_conf })>
2020-01-21 18:51:53,785 - BDM-WAM 1579632704.5489807 - INFO - <Event(7-Rate {'hit_conf': 2 })>
2020-01-21 18:51:53,978 - BDM-WAM 1579632704.5489807 - INFO - <Event(7-Rate {'reward_conf': 2 })>
2020-01-21 18:51:54,146 - BDM-WAM 1579632704.5489807 - INFO - <Event(7-Rate {'player_skill': 2 })>
2020-01-21 18:51:54,146 - BDM-WAM 1579632704.5489807 - INFO - <Event(9.1-TrueHit {'pos': (258,240),'distance: 106.21675950620975,'relative_loc: (79, 71),'window': None})>
2020-01-21 18:51:54,146 - BDM-WAM 1579632704.5489807 - INFO - <Event(11-Score {score_inc: 0,score: 0})>
2020-01-21 18:51:54,193 - BDM-WAM 1579632704.5489807 - INFO - []
2020-01-21 18:51:54,195 - BDM-WAM 1579632704.5489807 - INFO - []
2020-01-21 18:51:54,264 - BDM-WAM 1579632704.5489807 - INFO - []
2020-01-21 18:51:54,315 - BDM-WAM 1579632704.5489807 - INFO - [<Event(3-KeyUp {'key': 50, 'mod': 0, 'scancode': 3, 'window': None})>, <Event(4-MouseMotion {'pos': (536, 203), 'rel': (-9, -1), 'buttons': (0, 0, 0), 'window': None})>]
2020-01-21 18:51:54,385 - BDM-WAM 1579632704.5489807 - INFO - <Event(10-MoleUp) {'loc': (603,11)})>
2020-01-21 18:51:54,421 - BDM-WAM 1579632704.5489807 - INFO - [<Event(4-MouseMotion {'pos': (527, 201), 'rel': (-9, -2), 'buttons': (0, 0, 0), 'window': None})>]
2020-01-21 18:51:54,424 - BDM-WAM 1579632704.5489807 - INFO - []
2020-01-21 18:51:54,488 - BDM-WAM 1579632704.5489807 - INFO - [<Event(4-MouseMotion {'pos': (509, 196), 'rel': (-18, -5), 'buttons': (0, 0, 0), 'window': None})>]
2020-01-21 18:51:54,491 - BDM-WAM 1579632704.5489807 - INFO - [<Event(4-MouseMotion {'pos': (508, 195), 'rel': (-1, -1), 'buttons': (0, 0, 0), 'window': None})>]
2020-01-21 18:51:54,548 - BDM-WAM 1579632704.5489807 - INFO - [<Event(4-MouseMotion {'pos': (416, 194), 'rel': (-92, -1), 'buttons': (0, 0, 0), 'window': None})>]
2020-01-21 18:51:54,550 - BDM-WAM 1579632704.5489807 - INFO - []
2020-01-21 18:51:54,566 - BDM-WAM 1579632704.5489807 - INFO - [<Event(4-MouseMotion {'pos': (371, 198), 'rel': (-45, 4), 'buttons': (0, 0, 0), 'window': None})>]
2020-01-21 18:51:54,583 - BDM-WAM 1579632704.5489807 - INFO - [<Event(4-MouseMotion {'pos': (333, 207), 'rel': (-38, 9), 'buttons': (0, 0, 0), 'window': None})>]
2020-01-21 18:51:54,600 - BDM-WAM 1579632704.5489807 - INFO - [<Event(4-MouseMotion {'pos': (306, 214), 'rel': (-27, 7), 'buttons': (0, 0, 0), 'window': None})>]
2020-01-21 18:51:54,617 - BDM-WAM 1579632704.5489807 - INFO - [<Event(4-MouseMotion {'pos': (297, 217), 'rel': (-9, 3), 'buttons': (0, 0, 0), 'window': None})>]
2020-01-21 18:51:54,634 - BDM-WAM 1579632704.5489807 - INFO - []
2020-01-21 18:51:54,651 - BDM-WAM 1579632704.5489807 - INFO - []
2020-01-21 18:51:54,668 - BDM-WAM 1579632704.5489807 - INFO - []
2020-01-21 18:51:54,685 - BDM-WAM 1579632704.5489807 - INFO - [<Event(4-MouseMotion {'pos': (300, 218), 'rel': (3, 1), 'buttons': (0, 0, 0), 'window': None})>]
2020-01-21 18:51:54,702 - BDM-WAM 1579632704.5489807 - INFO - [<Event(4-MouseMotion {'pos': (338, 226), 'rel': (38, 8), 'buttons': (0, 0, 0), 'window': None})>]
2020-01-21 18:51:54,719 - BDM-WAM 1579632704.5489807 - INFO - [<Event(4-MouseMotion {'pos': (395, 234), 'rel': (57, 8), 'buttons': (0, 0, 0), 'window': None})>]
2020-01-21 18:51:54,737 - BDM-WAM 1579632704.5489807 - INFO - [<Event(4-MouseMotion {'pos': (491, 191), 'rel': (96, -43), 'buttons': (0, 0, 0), 'window': None})>]
2020-01-21 18:51:54,753 - BDM-WAM 1579632704.5489807 - INFO - [<Event(4-MouseMotion {'pos': (567, 150), 'rel': (76, -41), 'buttons': (0, 0, 0), 'window': None})>]
2020-01-21 18:51:54,770 - BDM-WAM 1579632704.5489807 - INFO - [<Event(4-MouseMotion {'pos': (646, 85), 'rel': (79, -65), 'buttons': (0, 0, 0), 'window': None})>]
2020-01-21 18:51:54,787 - BDM-WAM 1579632704.5489807 - INFO - [<Event(4-MouseMotion {'pos': (693, 19), 'rel': (47, -66), 'buttons': (0, 0, 0), 'window': None})>]
2020-01-21 18:51:54,809 - BDM-WAM 1579632704.5489807 - INFO - [<Event(4-MouseMotion {'pos': (739, 0), 'rel': (46, -19), 'buttons': (0, 0, 0), 'window': None})>]
2020-01-21 18:51:54,825 - BDM-WAM 1579632704.5489807 - INFO - [<Event(1-ActiveEvent {'gain': 0, 'state': 1})>]
2020-01-21 18:51:54,843 - BDM-WAM 1579632704.5489807 - INFO - []
2020-01-21 18:51:54,856 - BDM-WAM 1579632704.5489807 - INFO - []
2020-01-21 18:51:54,873 - BDM-WAM 1579632704.5489807 - INFO - []
2020-01-21 18:51:54,890 - BDM-WAM 1579632704.5489807 - INFO - []
2020-01-21 18:51:54,907 - BDM-WAM 1579632704.5489807 - INFO - []
2020-01-21 18:51:54,923 - BDM-WAM 1579632704.5489807 - INFO - []
2020-01-21 18:51:54,941 - BDM-WAM 1579632704.5489807 - INFO - []
2020-01-21 18:51:54,958 - BDM-WAM 1579632704.5489807 - INFO - []
2020-01-21 18:51:54,976 - BDM-WAM 1579632704.5489807 - INFO - []
2020-01-21 18:51:54,993 - BDM-WAM 1579632704.5489807 - INFO - []
2020-01-21 18:51:55,010 - BDM-WAM 1579632704.5489807 - INFO - []
2020-01-21 18:51:55,030 - BDM-WAM 1579632704.5489807 - INFO - [<Event(1-ActiveEvent {'gain': 1, 'state': 1})>, <Event(4-MouseMotion {'pos': (684, 3), 'rel': (-55, 3), 'buttons': (0, 0, 0), 'window': None})>]
2020-01-21 18:51:55,043 - BDM-WAM 1579632704.5489807 - INFO - [<Event(4-MouseMotion {'pos': (658, 44), 'rel': (-26, 41), 'buttons': (0, 0, 0), 'window': None})>]
2020-01-21 18:51:55,060 - BDM-WAM 1579632704.5489807 - INFO - [<Event(4-MouseMotion {'pos': (632, 80), 'rel': (-26, 36), 'buttons': (0, 0, 0), 'window': None})>]
2020-01-21 18:51:55,077 - BDM-WAM 1579632704.5489807 - INFO - [<Event(4-MouseMotion {'pos': (610, 108), 'rel': (-22, 28), 'buttons': (0, 0, 0), 'window': None})>]
2020-01-21 18:51:55,093 - BDM-WAM 1579632704.5489807 - INFO - [<Event(4-MouseMotion {'pos': (602, 116), 'rel': (-8, 8), 'buttons': (0, 0, 0), 'window': None})>]
2020-01-21 18:51:55,110 - BDM-WAM 1579632704.5489807 - INFO - [<Event(4-MouseMotion {'pos': (600, 118), 'rel': (-2, 2), 'buttons': (0, 0, 0), 'window': None})>]
2020-01-21 18:51:55,127 - BDM-WAM 1579632704.5489807 - INFO - []
2020-01-21 18:51:55,144 - BDM-WAM 1579632704.5489807 - INFO - []
2020-01-21 18:51:55,160 - BDM-WAM 1579632704.5489807 - INFO - []
2020-01-21 18:51:55,178 - BDM-WAM 1579632704.5489807 - INFO - []
2020-01-21 18:51:55,195 - BDM-WAM 1579632704.5489807 - INFO - [<Event(4-MouseMotion {'pos': (596, 120), 'rel': (-4, 2), 'buttons': (0, 0, 0), 'window': None})>]
2020-01-21 18:51:55,212 - BDM-WAM 1579632704.5489807 - INFO - [<Event(4-MouseMotion {'pos': (592, 122), 'rel': (-4, 2), 'buttons': (0, 0, 0), 'window': None})>]
2020-01-21 18:51:55,230 - BDM-WAM 1579632704.5489807 - INFO - [<Event(4-MouseMotion {'pos': (591, 123), 'rel': (-1, 1), 'buttons': (0, 0, 0), 'window': None})>]
2020-01-21 18:51:55,246 - BDM-WAM 1579632704.5489807 - INFO - []
2020-01-21 18:51:55,264 - BDM-WAM 1579632704.5489807 - INFO - []
2020-01-21 18:51:55,281 - BDM-WAM 1579632704.5489807 - INFO - []
2020-01-21 18:51:55,298 - BDM-WAM 1579632704.5489807 - INFO - []
2020-01-21 18:51:55,315 - BDM-WAM 1579632704.5489807 - INFO - [<Event(4-MouseMotion {'pos': (596, 122), 'rel': (5, -1), 'buttons': (0, 0, 0), 'window': None})>]
2020-01-21 18:51:55,332 - BDM-WAM 1579632704.5489807 - INFO - [<Event(4-MouseMotion {'pos': (616, 109), 'rel': (20, -13), 'buttons': (0, 0, 0), 'window': None})>]
2020-01-21 18:51:55,349 - BDM-WAM 1579632704.5489807 - INFO - [<Event(4-MouseMotion {'pos': (633, 93), 'rel': (17, -16), 'buttons': (0, 0, 0), 'window': None})>]
2020-01-21 18:51:55,366 - BDM-WAM 1579632704.5489807 - INFO - [<Event(4-MouseMotion {'pos': (642, 80), 'rel': (9, -13), 'buttons': (0, 0, 0), 'window': None})>]
2020-01-21 18:51:55,383 - BDM-WAM 1579632704.5489807 - INFO - [<Event(4-MouseMotion {'pos': (644, 76), 'rel': (2, -4), 'buttons': (0, 0, 0), 'window': None})>]
2020-01-21 18:51:55,400 - BDM-WAM 1579632704.5489807 - INFO - [<Event(4-MouseMotion {'pos': (645, 75), 'rel': (1, -1), 'buttons': (0, 0, 0), 'window': None})>]
2020-01-21 18:51:55,416 - BDM-WAM 1579632704.5489807 - INFO - []
2020-01-21 18:51:55,433 - BDM-WAM 1579632704.5489807 - INFO - []
2020-01-21 18:51:55,451 - BDM-WAM 1579632704.5489807 - INFO - []
2020-01-21 18:51:55,468 - BDM-WAM 1579632704.5489807 - INFO - []
2020-01-21 18:51:55,485 - BDM-WAM 1579632704.5489807 - INFO - []
2020-01-21 18:51:55,503 - BDM-WAM 1579632704.5489807 - INFO - []
2020-01-21 18:51:55,559 - BDM-WAM 1579632704.5489807 - INFO - [<Event(5-MouseButtonDown {'pos': (645, 75), 'button': 1, 'window': None})>]
2020-01-21 18:51:55,559 - BDM-WAM 1579632704.5489807 - INFO - <Event(8-Pause {'reason': hit_conf })>
2020-01-21 18:51:55,774 - BDM-WAM 1579632704.5489807 - INFO - <Event(7-Rate {'hit_conf': 2 })>
2020-01-21 18:51:55,957 - BDM-WAM 1579632704.5489807 - INFO - <Event(7-Rate {'reward_conf': 2 })>
2020-01-21 18:51:56,104 - BDM-WAM 1579632704.5489807 - INFO - <Event(7-Rate {'player_skill': 2 })>
2020-01-21 18:51:56,104 - BDM-WAM 1579632704.5489807 - INFO - <Event(9.1-TrueHit {'pos': (645,75),'distance: 76.55063683601855,'relative_loc: (42, 64),'window': None})>
2020-01-21 18:51:56,104 - BDM-WAM 1579632704.5489807 - INFO - <Event(11-Score {score_inc: 3,score: 3})>
2020-01-21 18:51:56,153 - BDM-WAM 1579632704.5489807 - INFO - []
2020-01-21 18:51:56,154 - BDM-WAM 1579632704.5489807 - INFO - []
2020-01-21 18:51:56,218 - BDM-WAM 1579632704.5489807 - INFO - [<Event(3-KeyUp {'key': 50, 'mod': 0, 'scancode': 3, 'window': None})>]
2020-01-21 18:51:56,220 - BDM-WAM 1579632704.5489807 - INFO - []
2020-01-21 18:51:56,274 - BDM-WAM 1579632704.5489807 - INFO - [<Event(4-MouseMotion {'pos': (718, 117), 'rel': (67, 38), 'buttons': (0, 0, 0), 'window': None})>]
2020-01-21 18:51:56,352 - BDM-WAM 1579632704.5489807 - INFO - <Event(10-MoleUp) {'loc': (658,232)})>
2020-01-21 18:51:56,401 - BDM-WAM 1579632704.5489807 - INFO - [<Event(4-MouseMotion {'pos': (793, 136), 'rel': (75, 19), 'buttons': (0, 0, 0), 'window': None})>]
2020-01-21 18:51:56,403 - BDM-WAM 1579632704.5489807 - INFO - []
2020-01-21 18:51:56,470 - BDM-WAM 1579632704.5489807 - INFO - [<Event(4-MouseMotion {'pos': (924, 114), 'rel': (131, -22), 'buttons': (0, 0, 0), 'window': None})>]
2020-01-21 18:51:56,512 - BDM-WAM 1579632704.5489807 - INFO - [<Event(4-MouseMotion {'pos': (1029, 62), 'rel': (105, -52), 'buttons': (0, 0, 0), 'window': None})>]
2020-01-21 18:51:56,514 - BDM-WAM 1579632704.5489807 - INFO - []
2020-01-21 18:51:56,530 - BDM-WAM 1579632704.5489807 - INFO - [<Event(4-MouseMotion {'pos': (1089, 39), 'rel': (60, -23), 'buttons': (0, 0, 0), 'window': None})>]
2020-01-21 18:51:56,547 - BDM-WAM 1579632704.5489807 - INFO - [<Event(4-MouseMotion {'pos': (1140, 22), 'rel': (51, -17), 'buttons': (0, 0, 0), 'window': None})>]
2020-01-21 18:51:56,564 - BDM-WAM 1579632704.5489807 - INFO - [<Event(4-MouseMotion {'pos': (1190, 3), 'rel': (50, -19), 'buttons': (0, 0, 0), 'window': None})>]
2020-01-21 18:51:56,581 - BDM-WAM 1579632704.5489807 - INFO - [<Event(1-ActiveEvent {'gain': 0, 'state': 1})>]
2020-01-21 18:51:56,598 - BDM-WAM 1579632704.5489807 - INFO - []
2020-01-21 18:51:56,615 - BDM-WAM 1579632704.5489807 - INFO - []
2020-01-21 18:51:56,633 - BDM-WAM 1579632704.5489807 - INFO - []
2020-01-21 18:51:56,649 - BDM-WAM 1579632704.5489807 - INFO - []
2020-01-21 18:51:56,666 - BDM-WAM 1579632704.5489807 - INFO - []
2020-01-21 18:51:56,683 - BDM-WAM 1579632704.5489807 - INFO - []
2020-01-21 18:51:56,700 - BDM-WAM 1579632704.5489807 - INFO - []
2020-01-21 18:51:56,718 - BDM-WAM 1579632704.5489807 - INFO - []
2020-01-21 18:51:56,735 - BDM-WAM 1579632704.5489807 - INFO - []
2020-01-21 18:51:56,752 - BDM-WAM 1579632704.5489807 - INFO - []
2020-01-21 18:51:56,769 - BDM-WAM 1579632704.5489807 - INFO - []
2020-01-21 18:51:56,786 - BDM-WAM 1579632704.5489807 - INFO - []
2020-01-21 18:51:56,803 - BDM-WAM 1579632704.5489807 - INFO - []
2020-01-21 18:51:56,820 - BDM-WAM 1579632704.5489807 - INFO - []
2020-01-21 18:51:56,837 - BDM-WAM 1579632704.5489807 - INFO - []
2020-01-21 18:51:56,854 - BDM-WAM 1579632704.5489807 - INFO - []
2020-01-21 18:51:56,871 - BDM-WAM 1579632704.5489807 - INFO - []
2020-01-21 18:51:56,888 - BDM-WAM 1579632704.5489807 - INFO - []
2020-01-21 18:51:56,905 - BDM-WAM 1579632704.5489807 - INFO - []
2020-01-21 18:51:56,922 - BDM-WAM 1579632704.5489807 - INFO - []
2020-01-21 18:51:56,939 - BDM-WAM 1579632704.5489807 - INFO - []
2020-01-21 18:51:56,956 - BDM-WAM 1579632704.5489807 - INFO - []
2020-01-21 18:51:56,972 - BDM-WAM 1579632704.5489807 - INFO - []
2020-01-21 18:51:56,990 - BDM-WAM 1579632704.5489807 - INFO - []
2020-01-21 18:51:57,008 - BDM-WAM 1579632704.5489807 - INFO - []
2020-01-21 18:51:57,024 - BDM-WAM 1579632704.5489807 - INFO - []
2020-01-21 18:51:57,042 - BDM-WAM 1579632704.5489807 - INFO - []
2020-01-21 18:51:57,058 - BDM-WAM 1579632704.5489807 - INFO - []
2020-01-21 18:51:57,078 - BDM-WAM 1579632704.5489807 - INFO - []
2020-01-21 18:51:57,096 - BDM-WAM 1579632704.5489807 - INFO - []
2020-01-21 18:51:57,112 - BDM-WAM 1579632704.5489807 - INFO - []
2020-01-21 18:51:57,129 - BDM-WAM 1579632704.5489807 - INFO - []
2020-01-21 18:51:57,145 - BDM-WAM 1579632704.5489807 - INFO - []
2020-01-21 18:51:57,162 - BDM-WAM 1579632704.5489807 - INFO - []
2020-01-21 18:51:57,179 - BDM-WAM 1579632704.5489807 - INFO - []
2020-01-21 18:51:57,352 - BDM-WAM 1579632704.5489807 - INFO - [<Event(12-Quit {})>]
2020-01-21 18:51:57,353 - BDM-WAM 1579632704.5489807 - INFO - ************* HAPPY ANALYSING... LOG COMPLETE!!! ************* 
