2019-11-20 21:53:20,007 - BDM-WAM 1574286799.8206518 - INFO - <Event(17-VideoExpose {})>
2019-11-20 21:53:22,363 - BDM-WAM 1574286799.8206518 - INFO - <Event(16-VideoResize {'w': 800, 'h': 700, 'size': (800, 700)})>
2019-11-20 21:53:22,364 - BDM-WAM 1574286799.8206518 - INFO - <Event(1-ActiveEvent {'state': 1, 'gain': 0})>
2019-11-20 21:53:22,364 - BDM-WAM 1574286799.8206518 - INFO - <Event(4-MouseMotion {'buttons': (0, 0, 0), 'pos': (381, 235), 'rel': (382, 236), 'window': None})>
2019-11-20 21:53:22,506 - BDM-WAM 1574286799.8206518 - INFO - <Event(3-KeyUp {'scancode': 46, 'key': 99, 'window': None, 'mod': 0})>
2019-11-20 21:53:22,725 - BDM-WAM 1574286799.8206518 - INFO - <Event(4-MouseMotion {'buttons': (0, 0, 0), 'pos': (490, 488), 'rel': (-2, -3), 'window': None})>
2019-11-20 21:53:22,741 - BDM-WAM 1574286799.8206518 - INFO - <Event(4-MouseMotion {'buttons': (0, 0, 0), 'pos': (487, 479), 'rel': (-3, -9), 'window': None})>
2019-11-20 21:53:22,758 - BDM-WAM 1574286799.8206518 - INFO - <Event(4-MouseMotion {'buttons': (0, 0, 0), 'pos': (484, 468), 'rel': (-3, -11), 'window': None})>
2019-11-20 21:53:22,775 - BDM-WAM 1574286799.8206518 - INFO - <Event(4-MouseMotion {'buttons': (0, 0, 0), 'pos': (480, 459), 'rel': (-4, -9), 'window': None})>
2019-11-20 21:53:22,792 - BDM-WAM 1574286799.8206518 - INFO - <Event(4-MouseMotion {'buttons': (0, 0, 0), 'pos': (474, 446), 'rel': (-6, -13), 'window': None})>
2019-11-20 21:53:22,809 - BDM-WAM 1574286799.8206518 - INFO - <Event(4-MouseMotion {'buttons': (0, 0, 0), 'pos': (471, 440), 'rel': (-3, -6), 'window': None})>
2019-11-20 21:53:22,825 - BDM-WAM 1574286799.8206518 - INFO - <Event(4-MouseMotion {'buttons': (0, 0, 0), 'pos': (469, 435), 'rel': (-2, -5), 'window': None})>
2019-11-20 21:53:22,842 - BDM-WAM 1574286799.8206518 - INFO - <Event(4-MouseMotion {'buttons': (0, 0, 0), 'pos': (466, 431), 'rel': (-3, -4), 'window': None})>
2019-11-20 21:53:22,858 - BDM-WAM 1574286799.8206518 - INFO - <Event(4-MouseMotion {'buttons': (0, 0, 0), 'pos': (463, 428), 'rel': (-3, -3), 'window': None})>
2019-11-20 21:53:22,873 - BDM-WAM 1574286799.8206518 - INFO - <Event(4-MouseMotion {'buttons': (0, 0, 0), 'pos': (461, 426), 'rel': (-2, -2), 'window': None})>
2019-11-20 21:53:22,891 - BDM-WAM 1574286799.8206518 - INFO - <Event(4-MouseMotion {'buttons': (0, 0, 0), 'pos': (459, 424), 'rel': (-2, -2), 'window': None})>
2019-11-20 21:53:22,909 - BDM-WAM 1574286799.8206518 - INFO - <Event(4-MouseMotion {'buttons': (0, 0, 0), 'pos': (457, 423), 'rel': (-2, -1), 'window': None})>
2019-11-20 21:53:22,924 - BDM-WAM 1574286799.8206518 - INFO - <Event(4-MouseMotion {'buttons': (0, 0, 0), 'pos': (455, 423), 'rel': (-2, 0), 'window': None})>
2019-11-20 21:53:22,940 - BDM-WAM 1574286799.8206518 - INFO - <Event(4-MouseMotion {'buttons': (0, 0, 0), 'pos': (454, 421), 'rel': (-1, -2), 'window': None})>
2019-11-20 21:53:22,956 - BDM-WAM 1574286799.8206518 - INFO - <Event(4-MouseMotion {'buttons': (0, 0, 0), 'pos': (450, 420), 'rel': (-4, -1), 'window': None})>
2019-11-20 21:53:22,972 - BDM-WAM 1574286799.8206518 - INFO - <Event(4-MouseMotion {'buttons': (0, 0, 0), 'pos': (447, 419), 'rel': (-3, -1), 'window': None})>
2019-11-20 21:53:22,988 - BDM-WAM 1574286799.8206518 - INFO - <Event(4-MouseMotion {'buttons': (0, 0, 0), 'pos': (443, 418), 'rel': (-4, -1), 'window': None})>
2019-11-20 21:53:23,004 - BDM-WAM 1574286799.8206518 - INFO - <Event(4-MouseMotion {'buttons': (0, 0, 0), 'pos': (440, 417), 'rel': (-3, -1), 'window': None})>
2019-11-20 21:53:23,022 - BDM-WAM 1574286799.8206518 - INFO - <Event(4-MouseMotion {'buttons': (0, 0, 0), 'pos': (434, 415), 'rel': (-6, -2), 'window': None})>
2019-11-20 21:53:23,037 - BDM-WAM 1574286799.8206518 - INFO - <Event(4-MouseMotion {'buttons': (0, 0, 0), 'pos': (431, 412), 'rel': (-3, -3), 'window': None})>
2019-11-20 21:53:23,053 - BDM-WAM 1574286799.8206518 - INFO - <Event(4-MouseMotion {'buttons': (0, 0, 0), 'pos': (428, 409), 'rel': (-3, -3), 'window': None})>
2019-11-20 21:53:23,070 - BDM-WAM 1574286799.8206518 - INFO - <Event(4-MouseMotion {'buttons': (0, 0, 0), 'pos': (425, 404), 'rel': (-3, -5), 'window': None})>
2019-11-20 21:53:23,087 - BDM-WAM 1574286799.8206518 - INFO - <Event(4-MouseMotion {'buttons': (0, 0, 0), 'pos': (419, 396), 'rel': (-6, -8), 'window': None})>
2019-11-20 21:53:23,103 - BDM-WAM 1574286799.8206518 - INFO - <Event(4-MouseMotion {'buttons': (0, 0, 0), 'pos': (417, 387), 'rel': (-2, -9), 'window': None})>
2019-11-20 21:53:23,119 - BDM-WAM 1574286799.8206518 - INFO - <Event(4-MouseMotion {'buttons': (0, 0, 0), 'pos': (414, 378), 'rel': (-3, -9), 'window': None})>
2019-11-20 21:53:23,137 - BDM-WAM 1574286799.8206518 - INFO - <Event(4-MouseMotion {'buttons': (0, 0, 0), 'pos': (413, 366), 'rel': (-1, -12), 'window': None})>
2019-11-20 21:53:23,153 - BDM-WAM 1574286799.8206518 - INFO - <Event(4-MouseMotion {'buttons': (0, 0, 0), 'pos': (413, 354), 'rel': (0, -12), 'window': None})>
2019-11-20 21:53:23,170 - BDM-WAM 1574286799.8206518 - INFO - <Event(4-MouseMotion {'buttons': (0, 0, 0), 'pos': (414, 338), 'rel': (1, -16), 'window': None})>
2019-11-20 21:53:23,186 - BDM-WAM 1574286799.8206518 - INFO - <Event(4-MouseMotion {'buttons': (0, 0, 0), 'pos': (417, 316), 'rel': (3, -22), 'window': None})>
2019-11-20 21:53:23,203 - BDM-WAM 1574286799.8206518 - INFO - <Event(4-MouseMotion {'buttons': (0, 0, 0), 'pos': (422, 298), 'rel': (5, -18), 'window': None})>
2019-11-20 21:53:23,219 - BDM-WAM 1574286799.8206518 - INFO - <Event(4-MouseMotion {'buttons': (0, 0, 0), 'pos': (426, 283), 'rel': (4, -15), 'window': None})>
2019-11-20 21:53:23,236 - BDM-WAM 1574286799.8206518 - INFO - <Event(4-MouseMotion {'buttons': (0, 0, 0), 'pos': (431, 261), 'rel': (5, -22), 'window': None})>
2019-11-20 21:53:23,253 - BDM-WAM 1574286799.8206518 - INFO - <Event(4-MouseMotion {'buttons': (0, 0, 0), 'pos': (434, 247), 'rel': (3, -14), 'window': None})>
2019-11-20 21:53:23,271 - BDM-WAM 1574286799.8206518 - INFO - <Event(4-MouseMotion {'buttons': (0, 0, 0), 'pos': (437, 231), 'rel': (3, -16), 'window': None})>
2019-11-20 21:53:23,287 - BDM-WAM 1574286799.8206518 - INFO - <Event(4-MouseMotion {'buttons': (0, 0, 0), 'pos': (438, 220), 'rel': (1, -11), 'window': None})>
2019-11-20 21:53:23,303 - BDM-WAM 1574286799.8206518 - INFO - <Event(4-MouseMotion {'buttons': (0, 0, 0), 'pos': (438, 213), 'rel': (0, -7), 'window': None})>
2019-11-20 21:53:23,319 - BDM-WAM 1574286799.8206518 - INFO - <Event(4-MouseMotion {'buttons': (0, 0, 0), 'pos': (438, 210), 'rel': (0, -3), 'window': None})>
2019-11-20 21:53:23,534 - BDM-WAM 1574286799.8206518 - INFO - <Event(4-MouseMotion {'buttons': (0, 0, 0), 'pos': (434, 178), 'rel': (-4, -32), 'window': None})>
2019-11-20 21:53:23,552 - BDM-WAM 1574286799.8206518 - INFO - <Event(4-MouseMotion {'buttons': (0, 0, 0), 'pos': (424, 129), 'rel': (-10, -49), 'window': None})>
2019-11-20 21:53:23,568 - BDM-WAM 1574286799.8206518 - INFO - <Event(4-MouseMotion {'buttons': (0, 0, 0), 'pos': (418, 95), 'rel': (-6, -34), 'window': None})>
2019-11-20 21:53:23,584 - BDM-WAM 1574286799.8206518 - INFO - <Event(4-MouseMotion {'buttons': (0, 0, 0), 'pos': (413, 73), 'rel': (-5, -22), 'window': None})>
2019-11-20 21:53:23,600 - BDM-WAM 1574286799.8206518 - INFO - <Event(4-MouseMotion {'buttons': (0, 0, 0), 'pos': (411, 59), 'rel': (-2, -14), 'window': None})>
2019-11-20 21:53:23,617 - BDM-WAM 1574286799.8206518 - INFO - <Event(4-MouseMotion {'buttons': (0, 0, 0), 'pos': (409, 48), 'rel': (-2, -11), 'window': None})>
2019-11-20 21:53:23,633 - BDM-WAM 1574286799.8206518 - INFO - <Event(4-MouseMotion {'buttons': (0, 0, 0), 'pos': (408, 43), 'rel': (-1, -5), 'window': None})>
2019-11-20 21:53:23,650 - BDM-WAM 1574286799.8206518 - INFO - <Event(4-MouseMotion {'buttons': (0, 0, 0), 'pos': (407, 39), 'rel': (-1, -4), 'window': None})>
2019-11-20 21:53:23,721 - BDM-WAM 1574286799.8206518 - INFO - <Event(4-MouseMotion {'buttons': (0, 0, 0), 'pos': (405, 31), 'rel': (-2, -8), 'window': None})>
2019-11-20 21:53:23,754 - BDM-WAM 1574286799.8206518 - INFO - <Event(4-MouseMotion {'buttons': (0, 0, 0), 'pos': (404, 30), 'rel': (-1, -1), 'window': None})>
2019-11-20 21:53:23,829 - BDM-WAM 1574286799.8206518 - INFO - <Event(4-MouseMotion {'buttons': (0, 0, 0), 'pos': (401, 15), 'rel': (-3, -15), 'window': None})>
2019-11-20 21:53:23,848 - BDM-WAM 1574286799.8206518 - INFO - <Event(4-MouseMotion {'buttons': (0, 0, 0), 'pos': (401, 9), 'rel': (0, -6), 'window': None})>
2019-11-20 21:53:23,865 - BDM-WAM 1574286799.8206518 - INFO - <Event(4-MouseMotion {'buttons': (0, 0, 0), 'pos': (401, 5), 'rel': (0, -4), 'window': None})>
2019-11-20 21:53:23,941 - BDM-WAM 1574286799.8206518 - INFO - <Event(1-ActiveEvent {'state': 1, 'gain': 0})>
2019-11-20 21:53:25,228 - BDM-WAM 1574286799.8206518 - INFO - <Event(1-ActiveEvent {'state': 1, 'gain': 1})>
2019-11-20 21:53:25,228 - BDM-WAM 1574286799.8206518 - INFO - <Event(4-MouseMotion {'buttons': (0, 0, 0), 'pos': (373, 90), 'rel': (-28, 85), 'window': None})>
2019-11-20 21:53:25,246 - BDM-WAM 1574286799.8206518 - INFO - <Event(4-MouseMotion {'buttons': (0, 0, 0), 'pos': (372, 101), 'rel': (-1, 11), 'window': None})>
2019-11-20 21:53:25,263 - BDM-WAM 1574286799.8206518 - INFO - <Event(4-MouseMotion {'buttons': (0, 0, 0), 'pos': (372, 107), 'rel': (0, 6), 'window': None})>
2019-11-20 21:53:25,322 - BDM-WAM 1574286799.8206518 - INFO - <Event(4-MouseMotion {'buttons': (0, 0, 0), 'pos': (383, 139), 'rel': (11, 32), 'window': None})>
2019-11-20 21:53:25,341 - BDM-WAM 1574286799.8206518 - INFO - <Event(4-MouseMotion {'buttons': (0, 0, 0), 'pos': (390, 148), 'rel': (7, 9), 'window': None})>
2019-11-20 21:53:25,357 - BDM-WAM 1574286799.8206518 - INFO - <Event(4-MouseMotion {'buttons': (0, 0, 0), 'pos': (394, 150), 'rel': (4, 2), 'window': None})>
2019-11-20 21:53:25,373 - BDM-WAM 1574286799.8206518 - INFO - <Event(4-MouseMotion {'buttons': (0, 0, 0), 'pos': (396, 153), 'rel': (2, 3), 'window': None})>
2019-11-20 21:53:25,389 - BDM-WAM 1574286799.8206518 - INFO - <Event(4-MouseMotion {'buttons': (0, 0, 0), 'pos': (399, 153), 'rel': (3, 0), 'window': None})>
2019-11-20 21:53:25,407 - BDM-WAM 1574286799.8206518 - INFO - <Event(4-MouseMotion {'buttons': (0, 0, 0), 'pos': (403, 153), 'rel': (4, 0), 'window': None})>
2019-11-20 21:53:25,423 - BDM-WAM 1574286799.8206518 - INFO - <Event(4-MouseMotion {'buttons': (0, 0, 0), 'pos': (404, 153), 'rel': (1, 0), 'window': None})>
2019-11-20 21:53:25,439 - BDM-WAM 1574286799.8206518 - INFO - <Event(4-MouseMotion {'buttons': (0, 0, 0), 'pos': (406, 153), 'rel': (2, 0), 'window': None})>
2019-11-20 21:53:25,455 - BDM-WAM 1574286799.8206518 - INFO - <Event(4-MouseMotion {'buttons': (0, 0, 0), 'pos': (407, 153), 'rel': (1, 0), 'window': None})>
2019-11-20 21:53:25,472 - BDM-WAM 1574286799.8206518 - INFO - <Event(4-MouseMotion {'buttons': (0, 0, 0), 'pos': (403, 153), 'rel': (-4, 0), 'window': None})>
2019-11-20 21:53:25,489 - BDM-WAM 1574286799.8206518 - INFO - <Event(4-MouseMotion {'buttons': (0, 0, 0), 'pos': (385, 153), 'rel': (-18, 0), 'window': None})>
2019-11-20 21:53:25,505 - BDM-WAM 1574286799.8206518 - INFO - <Event(4-MouseMotion {'buttons': (0, 0, 0), 'pos': (334, 148), 'rel': (-51, -5), 'window': None})>
2019-11-20 21:53:25,523 - BDM-WAM 1574286799.8206518 - INFO - <Event(4-MouseMotion {'buttons': (0, 0, 0), 'pos': (265, 138), 'rel': (-69, -10), 'window': None})>
2019-11-20 21:53:25,539 - BDM-WAM 1574286799.8206518 - INFO - <Event(4-MouseMotion {'buttons': (0, 0, 0), 'pos': (168, 124), 'rel': (-97, -14), 'window': None})>
2019-11-20 21:53:25,555 - BDM-WAM 1574286799.8206518 - INFO - <Event(4-MouseMotion {'buttons': (0, 0, 0), 'pos': (135, 117), 'rel': (-33, -7), 'window': None})>
2019-11-20 21:53:25,572 - BDM-WAM 1574286799.8206518 - INFO - <Event(4-MouseMotion {'buttons': (0, 0, 0), 'pos': (112, 111), 'rel': (-23, -6), 'window': None})>
2019-11-20 21:53:25,589 - BDM-WAM 1574286799.8206518 - INFO - <Event(4-MouseMotion {'buttons': (0, 0, 0), 'pos': (98, 104), 'rel': (-14, -7), 'window': None})>
2019-11-20 21:53:25,606 - BDM-WAM 1574286799.8206518 - INFO - <Event(4-MouseMotion {'buttons': (0, 0, 0), 'pos': (92, 101), 'rel': (-6, -3), 'window': None})>
2019-11-20 21:53:25,621 - BDM-WAM 1574286799.8206518 - INFO - <Event(4-MouseMotion {'buttons': (0, 0, 0), 'pos': (89, 100), 'rel': (-3, -1), 'window': None})>
2019-11-20 21:53:25,638 - BDM-WAM 1574286799.8206518 - INFO - <Event(4-MouseMotion {'buttons': (0, 0, 0), 'pos': (88, 99), 'rel': (-1, -1), 'window': None})>
2019-11-20 21:53:25,654 - BDM-WAM 1574286799.8206518 - INFO - <Event(4-MouseMotion {'buttons': (0, 0, 0), 'pos': (87, 98), 'rel': (-1, -1), 'window': None})>
2019-11-20 21:53:25,670 - BDM-WAM 1574286799.8206518 - INFO - <Event(4-MouseMotion {'buttons': (0, 0, 0), 'pos': (87, 97), 'rel': (0, -1), 'window': None})>
2019-11-20 21:53:25,687 - BDM-WAM 1574286799.8206518 - INFO - <Event(4-MouseMotion {'buttons': (0, 0, 0), 'pos': (87, 96), 'rel': (0, -1), 'window': None})>
2019-11-20 21:53:25,704 - BDM-WAM 1574286799.8206518 - INFO - <Event(4-MouseMotion {'buttons': (0, 0, 0), 'pos': (87, 95), 'rel': (0, -1), 'window': None})>
2019-11-20 21:53:25,720 - BDM-WAM 1574286799.8206518 - INFO - <Event(4-MouseMotion {'buttons': (0, 0, 0), 'pos': (89, 94), 'rel': (2, -1), 'window': None})>
2019-11-20 21:53:25,737 - BDM-WAM 1574286799.8206518 - INFO - <Event(4-MouseMotion {'buttons': (0, 0, 0), 'pos': (91, 93), 'rel': (2, -1), 'window': None})>
2019-11-20 21:53:25,753 - BDM-WAM 1574286799.8206518 - INFO - <Event(4-MouseMotion {'buttons': (0, 0, 0), 'pos': (92, 93), 'rel': (1, 0), 'window': None})>
2019-11-20 21:53:25,770 - BDM-WAM 1574286799.8206518 - INFO - <Event(4-MouseMotion {'buttons': (0, 0, 0), 'pos': (95, 91), 'rel': (3, -2), 'window': None})>
2019-11-20 21:53:25,787 - BDM-WAM 1574286799.8206518 - INFO - <Event(4-MouseMotion {'buttons': (0, 0, 0), 'pos': (97, 89), 'rel': (2, -2), 'window': None})>
2019-11-20 21:53:25,804 - BDM-WAM 1574286799.8206518 - INFO - <Event(4-MouseMotion {'buttons': (0, 0, 0), 'pos': (102, 89), 'rel': (5, 0), 'window': None})>
2019-11-20 21:53:25,820 - BDM-WAM 1574286799.8206518 - INFO - <Event(4-MouseMotion {'buttons': (0, 0, 0), 'pos': (108, 88), 'rel': (6, -1), 'window': None})>
2019-11-20 21:53:25,837 - BDM-WAM 1574286799.8206518 - INFO - <Event(4-MouseMotion {'buttons': (0, 0, 0), 'pos': (117, 88), 'rel': (9, 0), 'window': None})>
2019-11-20 21:53:25,855 - BDM-WAM 1574286799.8206518 - INFO - <Event(4-MouseMotion {'buttons': (0, 0, 0), 'pos': (131, 89), 'rel': (14, 1), 'window': None})>
2019-11-20 21:53:25,870 - BDM-WAM 1574286799.8206518 - INFO - <Event(4-MouseMotion {'buttons': (0, 0, 0), 'pos': (136, 90), 'rel': (5, 1), 'window': None})>
2019-11-20 21:53:25,886 - BDM-WAM 1574286799.8206518 - INFO - <Event(4-MouseMotion {'buttons': (0, 0, 0), 'pos': (139, 91), 'rel': (3, 1), 'window': None})>
2019-11-20 21:53:25,903 - BDM-WAM 1574286799.8206518 - INFO - <Event(4-MouseMotion {'buttons': (0, 0, 0), 'pos': (142, 92), 'rel': (3, 1), 'window': None})>
2019-11-20 21:53:25,920 - BDM-WAM 1574286799.8206518 - INFO - <Event(4-MouseMotion {'buttons': (0, 0, 0), 'pos': (143, 93), 'rel': (1, 1), 'window': None})>
2019-11-20 21:53:25,971 - BDM-WAM 1574286799.8206518 - INFO - <Event(5-MouseButtonDown {'pos': (143, 93), 'button': 1, 'window': None})>
2019-11-20 21:53:26,089 - BDM-WAM 1574286799.8206518 - INFO - <Event(6-MouseButtonUp {'pos': (143, 93), 'button': 1, 'window': None})>
2019-11-20 21:53:26,435 - BDM-WAM 1574286799.8206518 - INFO - <Event(4-MouseMotion {'buttons': (0, 0, 0), 'pos': (179, 123), 'rel': (36, 30), 'window': None})>
2019-11-20 21:53:26,454 - BDM-WAM 1574286799.8206518 - INFO - <Event(4-MouseMotion {'buttons': (0, 0, 0), 'pos': (207, 142), 'rel': (28, 19), 'window': None})>
2019-11-20 21:53:26,470 - BDM-WAM 1574286799.8206518 - INFO - <Event(4-MouseMotion {'buttons': (0, 0, 0), 'pos': (223, 153), 'rel': (16, 11), 'window': None})>
2019-11-20 21:53:26,487 - BDM-WAM 1574286799.8206518 - INFO - <Event(4-MouseMotion {'buttons': (0, 0, 0), 'pos': (234, 161), 'rel': (11, 8), 'window': None})>
2019-11-20 21:53:26,559 - BDM-WAM 1574286799.8206518 - INFO - <Event(4-MouseMotion {'buttons': (0, 0, 0), 'pos': (280, 193), 'rel': (46, 32), 'window': None})>
2019-11-20 21:53:26,620 - BDM-WAM 1574286799.8206518 - INFO - <Event(4-MouseMotion {'buttons': (0, 0, 0), 'pos': (321, 220), 'rel': (41, 27), 'window': None})>
2019-11-20 21:53:26,638 - BDM-WAM 1574286799.8206518 - INFO - <Event(4-MouseMotion {'buttons': (0, 0, 0), 'pos': (341, 232), 'rel': (20, 12), 'window': None})>
2019-11-20 21:53:26,654 - BDM-WAM 1574286799.8206518 - INFO - <Event(4-MouseMotion {'buttons': (0, 0, 0), 'pos': (357, 245), 'rel': (16, 13), 'window': None})>
2019-11-20 21:53:26,670 - BDM-WAM 1574286799.8206518 - INFO - <Event(4-MouseMotion {'buttons': (0, 0, 0), 'pos': (378, 266), 'rel': (21, 21), 'window': None})>
2019-11-20 21:53:26,687 - BDM-WAM 1574286799.8206518 - INFO - <Event(4-MouseMotion {'buttons': (0, 0, 0), 'pos': (403, 288), 'rel': (25, 22), 'window': None})>
2019-11-20 21:53:26,703 - BDM-WAM 1574286799.8206518 - INFO - <Event(4-MouseMotion {'buttons': (0, 0, 0), 'pos': (433, 317), 'rel': (30, 29), 'window': None})>
2019-11-20 21:53:26,720 - BDM-WAM 1574286799.8206518 - INFO - <Event(4-MouseMotion {'buttons': (0, 0, 0), 'pos': (463, 353), 'rel': (30, 36), 'window': None})>
2019-11-20 21:53:26,738 - BDM-WAM 1574286799.8206518 - INFO - <Event(4-MouseMotion {'buttons': (0, 0, 0), 'pos': (490, 382), 'rel': (27, 29), 'window': None})>
2019-11-20 21:53:26,753 - BDM-WAM 1574286799.8206518 - INFO - <Event(4-MouseMotion {'buttons': (0, 0, 0), 'pos': (496, 393), 'rel': (6, 11), 'window': None})>
2019-11-20 21:53:26,770 - BDM-WAM 1574286799.8206518 - INFO - <Event(4-MouseMotion {'buttons': (0, 0, 0), 'pos': (498, 397), 'rel': (2, 4), 'window': None})>
2019-11-20 21:53:27,060 - BDM-WAM 1574286799.8206518 - INFO - <Event(4-MouseMotion {'buttons': (0, 0, 0), 'pos': (483, 405), 'rel': (-15, 8), 'window': None})>
2019-11-20 21:53:27,078 - BDM-WAM 1574286799.8206518 - INFO - <Event(4-MouseMotion {'buttons': (0, 0, 0), 'pos': (472, 405), 'rel': (-11, 0), 'window': None})>
2019-11-20 21:53:27,094 - BDM-WAM 1574286799.8206518 - INFO - <Event(4-MouseMotion {'buttons': (0, 0, 0), 'pos': (463, 401), 'rel': (-9, -4), 'window': None})>
2019-11-20 21:53:27,165 - BDM-WAM 1574286799.8206518 - INFO - <Event(4-MouseMotion {'buttons': (0, 0, 0), 'pos': (435, 390), 'rel': (-28, -11), 'window': None})>
2019-11-20 21:53:27,184 - BDM-WAM 1574286799.8206518 - INFO - <Event(4-MouseMotion {'buttons': (0, 0, 0), 'pos': (419, 379), 'rel': (-16, -11), 'window': None})>
2019-11-20 21:53:27,201 - BDM-WAM 1574286799.8206518 - INFO - <Event(4-MouseMotion {'buttons': (0, 0, 0), 'pos': (406, 369), 'rel': (-13, -10), 'window': None})>
2019-11-20 21:53:27,286 - BDM-WAM 1574286799.8206518 - INFO - <Event(4-MouseMotion {'buttons': (0, 0, 0), 'pos': (367, 325), 'rel': (-39, -44), 'window': None})>
2019-11-20 21:53:27,304 - BDM-WAM 1574286799.8206518 - INFO - <Event(4-MouseMotion {'buttons': (0, 0, 0), 'pos': (371, 312), 'rel': (4, -13), 'window': None})>
2019-11-20 21:53:27,321 - BDM-WAM 1574286799.8206518 - INFO - <Event(4-MouseMotion {'buttons': (0, 0, 0), 'pos': (412, 281), 'rel': (41, -31), 'window': None})>
2019-11-20 21:53:27,337 - BDM-WAM 1574286799.8206518 - INFO - <Event(4-MouseMotion {'buttons': (0, 0, 0), 'pos': (464, 257), 'rel': (52, -24), 'window': None})>
2019-11-20 21:53:27,354 - BDM-WAM 1574286799.8206518 - INFO - <Event(4-MouseMotion {'buttons': (0, 0, 0), 'pos': (525, 242), 'rel': (61, -15), 'window': None})>
2019-11-20 21:53:27,371 - BDM-WAM 1574286799.8206518 - INFO - <Event(4-MouseMotion {'buttons': (0, 0, 0), 'pos': (563, 237), 'rel': (38, -5), 'window': None})>
2019-11-20 21:53:27,387 - BDM-WAM 1574286799.8206518 - INFO - <Event(4-MouseMotion {'buttons': (0, 0, 0), 'pos': (579, 235), 'rel': (16, -2), 'window': None})>
2019-11-20 21:53:27,403 - BDM-WAM 1574286799.8206518 - INFO - <Event(4-MouseMotion {'buttons': (0, 0, 0), 'pos': (590, 235), 'rel': (11, 0), 'window': None})>
2019-11-20 21:53:27,421 - BDM-WAM 1574286799.8206518 - INFO - <Event(4-MouseMotion {'buttons': (0, 0, 0), 'pos': (597, 235), 'rel': (7, 0), 'window': None})>
2019-11-20 21:53:27,437 - BDM-WAM 1574286799.8206518 - INFO - <Event(4-MouseMotion {'buttons': (0, 0, 0), 'pos': (599, 236), 'rel': (2, 1), 'window': None})>
2019-11-20 21:53:27,454 - BDM-WAM 1574286799.8206518 - INFO - <Event(4-MouseMotion {'buttons': (0, 0, 0), 'pos': (601, 237), 'rel': (2, 1), 'window': None})>
2019-11-20 21:53:27,471 - BDM-WAM 1574286799.8206518 - INFO - <Event(4-MouseMotion {'buttons': (0, 0, 0), 'pos': (602, 237), 'rel': (1, 0), 'window': None})>
2019-11-20 21:53:27,488 - BDM-WAM 1574286799.8206518 - INFO - <Event(4-MouseMotion {'buttons': (0, 0, 0), 'pos': (603, 239), 'rel': (1, 2), 'window': None})>
2019-11-20 21:53:27,521 - BDM-WAM 1574286799.8206518 - INFO - <Event(4-MouseMotion {'buttons': (0, 0, 0), 'pos': (604, 242), 'rel': (1, 3), 'window': None})>
2019-11-20 21:53:27,538 - BDM-WAM 1574286799.8206518 - INFO - <Event(4-MouseMotion {'buttons': (0, 0, 0), 'pos': (606, 246), 'rel': (2, 4), 'window': None})>
2019-11-20 21:53:27,555 - BDM-WAM 1574286799.8206518 - INFO - <Event(4-MouseMotion {'buttons': (0, 0, 0), 'pos': (607, 253), 'rel': (1, 7), 'window': None})>
2019-11-20 21:53:27,571 - BDM-WAM 1574286799.8206518 - INFO - <Event(4-MouseMotion {'buttons': (0, 0, 0), 'pos': (608, 259), 'rel': (1, 6), 'window': None})>
2019-11-20 21:53:27,588 - BDM-WAM 1574286799.8206518 - INFO - <Event(4-MouseMotion {'buttons': (0, 0, 0), 'pos': (610, 265), 'rel': (2, 6), 'window': None})>
2019-11-20 21:53:27,605 - BDM-WAM 1574286799.8206518 - INFO - <Event(4-MouseMotion {'buttons': (0, 0, 0), 'pos': (615, 273), 'rel': (5, 8), 'window': None})>
2019-11-20 21:53:27,621 - BDM-WAM 1574286799.8206518 - INFO - <Event(4-MouseMotion {'buttons': (0, 0, 0), 'pos': (618, 276), 'rel': (3, 3), 'window': None})>
2019-11-20 21:53:27,637 - BDM-WAM 1574286799.8206518 - INFO - <Event(4-MouseMotion {'buttons': (0, 0, 0), 'pos': (622, 280), 'rel': (4, 4), 'window': None})>
2019-11-20 21:53:27,654 - BDM-WAM 1574286799.8206518 - INFO - <Event(4-MouseMotion {'buttons': (0, 0, 0), 'pos': (631, 286), 'rel': (9, 6), 'window': None})>
2019-11-20 21:53:27,670 - BDM-WAM 1574286799.8206518 - INFO - <Event(4-MouseMotion {'buttons': (0, 0, 0), 'pos': (640, 294), 'rel': (9, 8), 'window': None})>
2019-11-20 21:53:27,686 - BDM-WAM 1574286799.8206518 - INFO - <Event(4-MouseMotion {'buttons': (0, 0, 0), 'pos': (653, 304), 'rel': (13, 10), 'window': None})>
2019-11-20 21:53:27,702 - BDM-WAM 1574286799.8206518 - INFO - <Event(4-MouseMotion {'buttons': (0, 0, 0), 'pos': (663, 310), 'rel': (10, 6), 'window': None})>
2019-11-20 21:53:27,719 - BDM-WAM 1574286799.8206518 - INFO - <Event(4-MouseMotion {'buttons': (0, 0, 0), 'pos': (668, 313), 'rel': (5, 3), 'window': None})>
2019-11-20 21:53:27,737 - BDM-WAM 1574286799.8206518 - INFO - <Event(4-MouseMotion {'buttons': (0, 0, 0), 'pos': (671, 315), 'rel': (3, 2), 'window': None})>
2019-11-20 21:53:27,852 - BDM-WAM 1574286799.8206518 - INFO - <Event(5-MouseButtonDown {'pos': (671, 315), 'button': 1, 'window': None})>
2019-11-20 21:53:27,852 - BDM-WAM 1574286799.8206518 - INFO - <Event(8-Pause {'reason': <bound method GameManager.pause of <game.GameManager object at 0x00000203653B5CF8>> })>
2019-11-20 21:53:28,644 - BDM-WAM 1574286799.8206518 - INFO - ************* HAPPY ANALYSING... LOG COMPLETE!!! ************* 
