2019-11-25 19:01:58,763 - BDM-WAM 1574708518.5750089 - INFO - <Event(17-VideoExpose {})>
2019-11-25 19:01:59,434 - BDM-WAM 1574708518.5750089 - INFO - <Event(1-ActiveEvent {'gain': 0, 'state': 1})>
2019-11-25 19:01:59,435 - BDM-WAM 1574708518.5750089 - INFO - <Event(4-MouseMotion {'rel': (774, 700), 'buttons': (0, 0, 0), 'pos': (773, 699), 'window': None})>
2019-11-25 19:01:59,499 - BDM-WAM 1574708518.5750089 - INFO - <Event(10-MoleUp) {'loc': (636,366)})>
2019-11-25 19:01:59,671 - BDM-WAM 1574708518.5750089 - INFO - <Event(3-KeyUp {'key': 99, 'mod': 0, 'window': None, 'scancode': 46})>
2019-11-25 19:02:00,119 - BDM-WAM 1574708518.5750089 - INFO - <Event(4-MouseMotion {'rel': (49, 11), 'buttons': (0, 0, 0), 'pos': (380, 567), 'window': None})>
2019-11-25 19:02:00,135 - BDM-WAM 1574708518.5750089 - INFO - <Event(4-MouseMotion {'rel': (51, 12), 'buttons': (0, 0, 0), 'pos': (431, 579), 'window': None})>
2019-11-25 19:02:00,152 - BDM-WAM 1574708518.5750089 - INFO - <Event(4-MouseMotion {'rel': (45, 12), 'buttons': (0, 0, 0), 'pos': (476, 591), 'window': None})>
2019-11-25 19:02:00,169 - BDM-WAM 1574708518.5750089 - INFO - <Event(4-MouseMotion {'rel': (29, 11), 'buttons': (0, 0, 0), 'pos': (505, 602), 'window': None})>
2019-11-25 19:02:00,190 - BDM-WAM 1574708518.5750089 - INFO - <Event(4-MouseMotion {'rel': (34, 13), 'buttons': (0, 0, 0), 'pos': (539, 615), 'window': None})>
2019-11-25 19:02:00,205 - BDM-WAM 1574708518.5750089 - INFO - <Event(4-MouseMotion {'rel': (14, 5), 'buttons': (0, 0, 0), 'pos': (553, 620), 'window': None})>
2019-11-25 19:02:00,221 - BDM-WAM 1574708518.5750089 - INFO - <Event(4-MouseMotion {'rel': (7, 5), 'buttons': (0, 0, 0), 'pos': (560, 625), 'window': None})>
2019-11-25 19:02:00,238 - BDM-WAM 1574708518.5750089 - INFO - <Event(4-MouseMotion {'rel': (2, 2), 'buttons': (0, 0, 0), 'pos': (562, 627), 'window': None})>
2019-11-25 19:02:00,261 - BDM-WAM 1574708518.5750089 - INFO - <Event(4-MouseMotion {'rel': (3, 1), 'buttons': (0, 0, 0), 'pos': (565, 628), 'window': None})>
2019-11-25 19:02:00,275 - BDM-WAM 1574708518.5750089 - INFO - <Event(4-MouseMotion {'rel': (0, 1), 'buttons': (0, 0, 0), 'pos': (565, 629), 'window': None})>
2019-11-25 19:02:00,290 - BDM-WAM 1574708518.5750089 - INFO - <Event(4-MouseMotion {'rel': (0, 1), 'buttons': (0, 0, 0), 'pos': (565, 630), 'window': None})>
2019-11-25 19:02:00,375 - BDM-WAM 1574708518.5750089 - INFO - <Event(4-MouseMotion {'rel': (3, 0), 'buttons': (0, 0, 0), 'pos': (568, 630), 'window': None})>
2019-11-25 19:02:00,391 - BDM-WAM 1574708518.5750089 - INFO - <Event(4-MouseMotion {'rel': (1, 0), 'buttons': (0, 0, 0), 'pos': (569, 630), 'window': None})>
2019-11-25 19:02:00,407 - BDM-WAM 1574708518.5750089 - INFO - <Event(4-MouseMotion {'rel': (2, -2), 'buttons': (0, 0, 0), 'pos': (571, 628), 'window': None})>
2019-11-25 19:02:00,427 - BDM-WAM 1574708518.5750089 - INFO - <Event(4-MouseMotion {'rel': (5, -5), 'buttons': (0, 0, 0), 'pos': (576, 623), 'window': None})>
2019-11-25 19:02:00,443 - BDM-WAM 1574708518.5750089 - INFO - <Event(4-MouseMotion {'rel': (3, -11), 'buttons': (0, 0, 0), 'pos': (579, 612), 'window': None})>
2019-11-25 19:02:00,460 - BDM-WAM 1574708518.5750089 - INFO - <Event(4-MouseMotion {'rel': (6, -21), 'buttons': (0, 0, 0), 'pos': (585, 591), 'window': None})>
2019-11-25 19:02:00,477 - BDM-WAM 1574708518.5750089 - INFO - <Event(4-MouseMotion {'rel': (7, -27), 'buttons': (0, 0, 0), 'pos': (592, 564), 'window': None})>
2019-11-25 19:02:00,493 - BDM-WAM 1574708518.5750089 - INFO - <Event(4-MouseMotion {'rel': (9, -23), 'buttons': (0, 0, 0), 'pos': (601, 541), 'window': None})>
2019-11-25 19:02:00,511 - BDM-WAM 1574708518.5750089 - INFO - <Event(4-MouseMotion {'rel': (15, -34), 'buttons': (0, 0, 0), 'pos': (616, 507), 'window': None})>
2019-11-25 19:02:00,528 - BDM-WAM 1574708518.5750089 - INFO - <Event(4-MouseMotion {'rel': (9, -14), 'buttons': (0, 0, 0), 'pos': (625, 493), 'window': None})>
2019-11-25 19:02:00,544 - BDM-WAM 1574708518.5750089 - INFO - <Event(4-MouseMotion {'rel': (10, -10), 'buttons': (0, 0, 0), 'pos': (635, 483), 'window': None})>
2019-11-25 19:02:00,561 - BDM-WAM 1574708518.5750089 - INFO - <Event(4-MouseMotion {'rel': (4, -4), 'buttons': (0, 0, 0), 'pos': (639, 479), 'window': None})>
2019-11-25 19:02:00,577 - BDM-WAM 1574708518.5750089 - INFO - <Event(4-MouseMotion {'rel': (13, -11), 'buttons': (0, 0, 0), 'pos': (652, 468), 'window': None})>
2019-11-25 19:02:00,595 - BDM-WAM 1574708518.5750089 - INFO - <Event(4-MouseMotion {'rel': (8, -7), 'buttons': (0, 0, 0), 'pos': (660, 461), 'window': None})>
2019-11-25 19:02:00,612 - BDM-WAM 1574708518.5750089 - INFO - <Event(4-MouseMotion {'rel': (5, -6), 'buttons': (0, 0, 0), 'pos': (665, 455), 'window': None})>
2019-11-25 19:02:00,628 - BDM-WAM 1574708518.5750089 - INFO - <Event(4-MouseMotion {'rel': (4, -8), 'buttons': (0, 0, 0), 'pos': (669, 447), 'window': None})>
2019-11-25 19:02:00,646 - BDM-WAM 1574708518.5750089 - INFO - <Event(4-MouseMotion {'rel': (7, -10), 'buttons': (0, 0, 0), 'pos': (676, 437), 'window': None})>
2019-11-25 19:02:00,662 - BDM-WAM 1574708518.5750089 - INFO - <Event(4-MouseMotion {'rel': (5, -12), 'buttons': (0, 0, 0), 'pos': (681, 425), 'window': None})>
2019-11-25 19:02:00,679 - BDM-WAM 1574708518.5750089 - INFO - <Event(4-MouseMotion {'rel': (8, -15), 'buttons': (0, 0, 0), 'pos': (689, 410), 'window': None})>
2019-11-25 19:02:00,695 - BDM-WAM 1574708518.5750089 - INFO - <Event(4-MouseMotion {'rel': (4, -6), 'buttons': (0, 0, 0), 'pos': (693, 404), 'window': None})>
2019-11-25 19:02:00,711 - BDM-WAM 1574708518.5750089 - INFO - <Event(4-MouseMotion {'rel': (2, -2), 'buttons': (0, 0, 0), 'pos': (695, 402), 'window': None})>
2019-11-25 19:02:00,780 - BDM-WAM 1574708518.5750089 - INFO - <Event(4-MouseMotion {'rel': (3, -5), 'buttons': (0, 0, 0), 'pos': (698, 397), 'window': None})>
2019-11-25 19:02:00,797 - BDM-WAM 1574708518.5750089 - INFO - <Event(4-MouseMotion {'rel': (-1, -2), 'buttons': (0, 0, 0), 'pos': (697, 395), 'window': None})>
2019-11-25 19:02:00,815 - BDM-WAM 1574708518.5750089 - INFO - <Event(4-MouseMotion {'rel': (-2, -1), 'buttons': (0, 0, 0), 'pos': (695, 394), 'window': None})>
2019-11-25 19:02:00,915 - BDM-WAM 1574708518.5750089 - INFO - <Event(5-MouseButtonDown {'window': None, 'button': 1, 'pos': (695, 394)})>
2019-11-25 19:02:00,916 - BDM-WAM 1574708518.5750089 - INFO - <Event(8-Pause {'reason': <bound method GameManager.pause of <game.GameManager object at 0x000001EC6C2FD9E8>> })>
2019-11-25 19:02:01,994 - BDM-WAM 1574708518.5750089 - INFO - <Event(7-Rate {'hit_conf': 1 })>
2019-11-25 19:02:02,202 - BDM-WAM 1574708518.5750089 - INFO - <Event(7-Rate {'reward_conf': 1 })>
2019-11-25 19:02:02,448 - BDM-WAM 1574708518.5750089 - INFO - <Event(7-Rate {'player_skill': 1 })>
2019-11-25 19:02:02,448 - BDM-WAM 1574708518.5750089 - INFO - <Event(9.1-TrueHit {'pos': (695,394),'distance: 65.30696746902278,'relative_loc: (59, 28),'window': None})>
2019-11-25 19:02:02,555 - BDM-WAM 1574708518.5750089 - INFO - <Event(10-MoleUp) {'loc': (179,169)})>
2019-11-25 19:02:02,573 - BDM-WAM 1574708518.5750089 - INFO - <Event(3-KeyUp {'key': 49, 'mod': 0, 'window': None, 'scancode': 2})>
2019-11-25 19:02:03,630 - BDM-WAM 1574708518.5750089 - INFO - <Event(4-MouseMotion {'rel': (-5, 6), 'buttons': (0, 0, 0), 'pos': (524, 336), 'window': None})>
2019-11-25 19:02:03,648 - BDM-WAM 1574708518.5750089 - INFO - <Event(4-MouseMotion {'rel': (-27, 18), 'buttons': (0, 0, 0), 'pos': (497, 354), 'window': None})>
2019-11-25 19:02:03,664 - BDM-WAM 1574708518.5750089 - INFO - <Event(4-MouseMotion {'rel': (-127, 5), 'buttons': (0, 0, 0), 'pos': (370, 359), 'window': None})>
2019-11-25 19:02:03,680 - BDM-WAM 1574708518.5750089 - INFO - <Event(4-MouseMotion {'rel': (-133, -44), 'buttons': (0, 0, 0), 'pos': (237, 315), 'window': None})>
2019-11-25 19:02:03,698 - BDM-WAM 1574708518.5750089 - INFO - <Event(4-MouseMotion {'rel': (-108, -46), 'buttons': (0, 0, 0), 'pos': (129, 269), 'window': None})>
2019-11-25 19:02:03,714 - BDM-WAM 1574708518.5750089 - INFO - <Event(4-MouseMotion {'rel': (-40, -26), 'buttons': (0, 0, 0), 'pos': (89, 243), 'window': None})>
2019-11-25 19:02:03,732 - BDM-WAM 1574708518.5750089 - INFO - <Event(4-MouseMotion {'rel': (-12, -12), 'buttons': (0, 0, 0), 'pos': (77, 231), 'window': None})>
2019-11-25 19:02:03,749 - BDM-WAM 1574708518.5750089 - INFO - <Event(4-MouseMotion {'rel': (-6, -13), 'buttons': (0, 0, 0), 'pos': (71, 218), 'window': None})>
2019-11-25 19:02:03,765 - BDM-WAM 1574708518.5750089 - INFO - <Event(4-MouseMotion {'rel': (0, -6), 'buttons': (0, 0, 0), 'pos': (71, 212), 'window': None})>
2019-11-25 19:02:03,783 - BDM-WAM 1574708518.5750089 - INFO - <Event(4-MouseMotion {'rel': (1, -3), 'buttons': (0, 0, 0), 'pos': (72, 209), 'window': None})>
2019-11-25 19:02:03,800 - BDM-WAM 1574708518.5750089 - INFO - <Event(4-MouseMotion {'rel': (1, -2), 'buttons': (0, 0, 0), 'pos': (73, 207), 'window': None})>
2019-11-25 19:02:03,820 - BDM-WAM 1574708518.5750089 - INFO - <Event(4-MouseMotion {'rel': (8, -3), 'buttons': (0, 0, 0), 'pos': (81, 204), 'window': None})>
2019-11-25 19:02:03,834 - BDM-WAM 1574708518.5750089 - INFO - <Event(4-MouseMotion {'rel': (12, -1), 'buttons': (0, 0, 0), 'pos': (93, 203), 'window': None})>
2019-11-25 19:02:03,851 - BDM-WAM 1574708518.5750089 - INFO - <Event(4-MouseMotion {'rel': (21, -2), 'buttons': (0, 0, 0), 'pos': (114, 201), 'window': None})>
2019-11-25 19:02:03,870 - BDM-WAM 1574708518.5750089 - INFO - <Event(4-MouseMotion {'rel': (19, 1), 'buttons': (0, 0, 0), 'pos': (133, 202), 'window': None})>
2019-11-25 19:02:03,888 - BDM-WAM 1574708518.5750089 - INFO - <Event(4-MouseMotion {'rel': (15, 3), 'buttons': (0, 0, 0), 'pos': (148, 205), 'window': None})>
2019-11-25 19:02:03,903 - BDM-WAM 1574708518.5750089 - INFO - <Event(4-MouseMotion {'rel': (7, 2), 'buttons': (0, 0, 0), 'pos': (155, 207), 'window': None})>
2019-11-25 19:02:03,920 - BDM-WAM 1574708518.5750089 - INFO - <Event(4-MouseMotion {'rel': (11, 5), 'buttons': (0, 0, 0), 'pos': (166, 212), 'window': None})>
2019-11-25 19:02:03,937 - BDM-WAM 1574708518.5750089 - INFO - <Event(4-MouseMotion {'rel': (13, 11), 'buttons': (0, 0, 0), 'pos': (179, 223), 'window': None})>
2019-11-25 19:02:03,954 - BDM-WAM 1574708518.5750089 - INFO - <Event(4-MouseMotion {'rel': (15, 13), 'buttons': (0, 0, 0), 'pos': (194, 236), 'window': None})>
2019-11-25 19:02:03,971 - BDM-WAM 1574708518.5750089 - INFO - <Event(4-MouseMotion {'rel': (34, 31), 'buttons': (0, 0, 0), 'pos': (228, 267), 'window': None})>
2019-11-25 19:02:03,988 - BDM-WAM 1574708518.5750089 - INFO - <Event(4-MouseMotion {'rel': (24, 23), 'buttons': (0, 0, 0), 'pos': (252, 290), 'window': None})>
2019-11-25 19:02:04,005 - BDM-WAM 1574708518.5750089 - INFO - <Event(4-MouseMotion {'rel': (21, 25), 'buttons': (0, 0, 0), 'pos': (273, 315), 'window': None})>
2019-11-25 19:02:04,021 - BDM-WAM 1574708518.5750089 - INFO - <Event(4-MouseMotion {'rel': (15, 20), 'buttons': (0, 0, 0), 'pos': (288, 335), 'window': None})>
2019-11-25 19:02:04,038 - BDM-WAM 1574708518.5750089 - INFO - <Event(4-MouseMotion {'rel': (5, 12), 'buttons': (0, 0, 0), 'pos': (293, 347), 'window': None})>
2019-11-25 19:02:04,056 - BDM-WAM 1574708518.5750089 - INFO - <Event(4-MouseMotion {'rel': (1, 10), 'buttons': (0, 0, 0), 'pos': (294, 357), 'window': None})>
2019-11-25 19:02:04,073 - BDM-WAM 1574708518.5750089 - INFO - <Event(4-MouseMotion {'rel': (-2, 2), 'buttons': (0, 0, 0), 'pos': (292, 359), 'window': None})>
2019-11-25 19:02:04,124 - BDM-WAM 1574708518.5750089 - INFO - <Event(5-MouseButtonDown {'window': None, 'button': 1, 'pos': (292, 359)})>
2019-11-25 19:02:04,124 - BDM-WAM 1574708518.5750089 - INFO - <Event(8-Pause {'reason': <bound method GameManager.pause of <game.GameManager object at 0x000001EC6C2FD9E8>> })>
2019-11-25 19:02:04,772 - BDM-WAM 1574708518.5750089 - INFO - <Event(7-Rate {'hit_conf': 2 })>
2019-11-25 19:02:05,019 - BDM-WAM 1574708518.5750089 - INFO - <Event(7-Rate {'reward_conf': 2 })>
2019-11-25 19:02:05,169 - BDM-WAM 1574708518.5750089 - INFO - <Event(7-Rate {'player_skill': 2 })>
2019-11-25 19:02:05,169 - BDM-WAM 1574708518.5750089 - INFO - <Event(9.4-TrueMiss {'pos': (292,359),'distance: 221.06333933965624,'relative_loc: (113, 190),'window': None})>
2019-11-25 19:02:05,251 - BDM-WAM 1574708518.5750089 - INFO - <Event(3-KeyUp {'key': 50, 'mod': 0, 'window': None, 'scancode': 3})>
2019-11-25 19:02:05,484 - BDM-WAM 1574708518.5750089 - INFO - <Event(10-MoleUp) {'loc': (119,366)})>
2019-11-25 19:02:05,794 - BDM-WAM 1574708518.5750089 - INFO - <Event(4-MouseMotion {'rel': (-3, -1), 'buttons': (0, 0, 0), 'pos': (289, 358), 'window': None})>
2019-11-25 19:02:05,812 - BDM-WAM 1574708518.5750089 - INFO - <Event(4-MouseMotion {'rel': (-2, -3), 'buttons': (0, 0, 0), 'pos': (287, 355), 'window': None})>
2019-11-25 19:02:05,828 - BDM-WAM 1574708518.5750089 - INFO - <Event(4-MouseMotion {'rel': (-2, -11), 'buttons': (0, 0, 0), 'pos': (285, 344), 'window': None})>
2019-11-25 19:02:05,845 - BDM-WAM 1574708518.5750089 - INFO - <Event(4-MouseMotion {'rel': (4, -18), 'buttons': (0, 0, 0), 'pos': (289, 326), 'window': None})>
2019-11-25 19:02:05,862 - BDM-WAM 1574708518.5750089 - INFO - <Event(4-MouseMotion {'rel': (9, -20), 'buttons': (0, 0, 0), 'pos': (298, 306), 'window': None})>
2019-11-25 19:02:05,880 - BDM-WAM 1574708518.5750089 - INFO - <Event(4-MouseMotion {'rel': (15, -19), 'buttons': (0, 0, 0), 'pos': (313, 287), 'window': None})>
2019-11-25 19:02:05,896 - BDM-WAM 1574708518.5750089 - INFO - <Event(4-MouseMotion {'rel': (32, -30), 'buttons': (0, 0, 0), 'pos': (345, 257), 'window': None})>
2019-11-25 19:02:05,959 - BDM-WAM 1574708518.5750089 - INFO - <Event(4-MouseMotion {'rel': (88, -54), 'buttons': (0, 0, 0), 'pos': (433, 203), 'window': None})>
2019-11-25 19:02:05,977 - BDM-WAM 1574708518.5750089 - INFO - <Event(4-MouseMotion {'rel': (12, -5), 'buttons': (0, 0, 0), 'pos': (445, 198), 'window': None})>
2019-11-25 19:02:05,994 - BDM-WAM 1574708518.5750089 - INFO - <Event(4-MouseMotion {'rel': (7, -3), 'buttons': (0, 0, 0), 'pos': (452, 195), 'window': None})>
2019-11-25 19:02:06,012 - BDM-WAM 1574708518.5750089 - INFO - <Event(4-MouseMotion {'rel': (7, -4), 'buttons': (0, 0, 0), 'pos': (459, 191), 'window': None})>
2019-11-25 19:02:06,078 - BDM-WAM 1574708518.5750089 - INFO - <Event(4-MouseMotion {'rel': (6, -4), 'buttons': (0, 0, 0), 'pos': (465, 187), 'window': None})>
2019-11-25 19:02:06,097 - BDM-WAM 1574708518.5750089 - INFO - <Event(4-MouseMotion {'rel': (1, -1), 'buttons': (0, 0, 0), 'pos': (466, 186), 'window': None})>
2019-11-25 19:02:06,116 - BDM-WAM 1574708518.5750089 - INFO - <Event(4-MouseMotion {'rel': (1, -2), 'buttons': (0, 0, 0), 'pos': (467, 184), 'window': None})>
2019-11-25 19:02:06,224 - BDM-WAM 1574708518.5750089 - INFO - <Event(4-MouseMotion {'rel': (25, -9), 'buttons': (0, 0, 0), 'pos': (492, 175), 'window': None})>
2019-11-25 19:02:06,243 - BDM-WAM 1574708518.5750089 - INFO - <Event(4-MouseMotion {'rel': (3, 0), 'buttons': (0, 0, 0), 'pos': (495, 175), 'window': None})>
2019-11-25 19:02:06,260 - BDM-WAM 1574708518.5750089 - INFO - <Event(4-MouseMotion {'rel': (1, 4), 'buttons': (0, 0, 0), 'pos': (496, 179), 'window': None})>
2019-11-25 19:02:06,277 - BDM-WAM 1574708518.5750089 - INFO - <Event(4-MouseMotion {'rel': (-3, 11), 'buttons': (0, 0, 0), 'pos': (493, 190), 'window': None})>
2019-11-25 19:02:06,299 - BDM-WAM 1574708518.5750089 - INFO - <Event(4-MouseMotion {'rel': (-28, 29), 'buttons': (0, 0, 0), 'pos': (465, 219), 'window': None})>
2019-11-25 19:02:06,312 - BDM-WAM 1574708518.5750089 - INFO - <Event(4-MouseMotion {'rel': (-44, 32), 'buttons': (0, 0, 0), 'pos': (421, 251), 'window': None})>
2019-11-25 19:02:06,329 - BDM-WAM 1574708518.5750089 - INFO - <Event(4-MouseMotion {'rel': (-53, 39), 'buttons': (0, 0, 0), 'pos': (368, 290), 'window': None})>
2019-11-25 19:02:06,346 - BDM-WAM 1574708518.5750089 - INFO - <Event(4-MouseMotion {'rel': (-44, 31), 'buttons': (0, 0, 0), 'pos': (324, 321), 'window': None})>
2019-11-25 19:02:06,367 - BDM-WAM 1574708518.5750089 - INFO - <Event(4-MouseMotion {'rel': (-27, 19), 'buttons': (0, 0, 0), 'pos': (297, 340), 'window': None})>
2019-11-25 19:02:06,390 - BDM-WAM 1574708518.5750089 - INFO - <Event(4-MouseMotion {'rel': (-28, 20), 'buttons': (0, 0, 0), 'pos': (269, 360), 'window': None})>
2019-11-25 19:02:06,399 - BDM-WAM 1574708518.5750089 - INFO - <Event(4-MouseMotion {'rel': (-3, 3), 'buttons': (0, 0, 0), 'pos': (266, 363), 'window': None})>
2019-11-25 19:02:06,416 - BDM-WAM 1574708518.5750089 - INFO - <Event(4-MouseMotion {'rel': (-5, 3), 'buttons': (0, 0, 0), 'pos': (261, 366), 'window': None})>
2019-11-25 19:02:06,432 - BDM-WAM 1574708518.5750089 - INFO - <Event(4-MouseMotion {'rel': (-2, 1), 'buttons': (0, 0, 0), 'pos': (259, 367), 'window': None})>
2019-11-25 19:02:06,469 - BDM-WAM 1574708518.5750089 - INFO - <Event(4-MouseMotion {'rel': (-2, 2), 'buttons': (0, 0, 0), 'pos': (257, 369), 'window': None})>
2019-11-25 19:02:06,475 - BDM-WAM 1574708518.5750089 - INFO - <Event(4-MouseMotion {'rel': (-2, 2), 'buttons': (0, 0, 0), 'pos': (255, 371), 'window': None})>
2019-11-25 19:02:06,493 - BDM-WAM 1574708518.5750089 - INFO - <Event(4-MouseMotion {'rel': (-4, 7), 'buttons': (0, 0, 0), 'pos': (251, 378), 'window': None})>
2019-11-25 19:02:06,507 - BDM-WAM 1574708518.5750089 - INFO - <Event(4-MouseMotion {'rel': (-4, 10), 'buttons': (0, 0, 0), 'pos': (247, 388), 'window': None})>
2019-11-25 19:02:06,523 - BDM-WAM 1574708518.5750089 - INFO - <Event(4-MouseMotion {'rel': (-4, 10), 'buttons': (0, 0, 0), 'pos': (243, 398), 'window': None})>
2019-11-25 19:02:06,544 - BDM-WAM 1574708518.5750089 - INFO - <Event(4-MouseMotion {'rel': (-4, 14), 'buttons': (0, 0, 0), 'pos': (239, 412), 'window': None})>
2019-11-25 19:02:06,560 - BDM-WAM 1574708518.5750089 - INFO - <Event(4-MouseMotion {'rel': (-2, 7), 'buttons': (0, 0, 0), 'pos': (237, 419), 'window': None})>
2019-11-25 19:02:06,575 - BDM-WAM 1574708518.5750089 - INFO - <Event(4-MouseMotion {'rel': (-3, 4), 'buttons': (0, 0, 0), 'pos': (234, 423), 'window': None})>
2019-11-25 19:02:06,591 - BDM-WAM 1574708518.5750089 - INFO - <Event(4-MouseMotion {'rel': (-1, 3), 'buttons': (0, 0, 0), 'pos': (233, 426), 'window': None})>
2019-11-25 19:02:06,608 - BDM-WAM 1574708518.5750089 - INFO - <Event(4-MouseMotion {'rel': (-1, 3), 'buttons': (0, 0, 0), 'pos': (232, 429), 'window': None})>
2019-11-25 19:02:06,628 - BDM-WAM 1574708518.5750089 - INFO - <Event(4-MouseMotion {'rel': (-2, 2), 'buttons': (0, 0, 0), 'pos': (230, 431), 'window': None})>
2019-11-25 19:02:06,643 - BDM-WAM 1574708518.5750089 - INFO - <Event(4-MouseMotion {'rel': (-1, 1), 'buttons': (0, 0, 0), 'pos': (229, 432), 'window': None})>
2019-11-25 19:02:06,659 - BDM-WAM 1574708518.5750089 - INFO - <Event(4-MouseMotion {'rel': (0, 1), 'buttons': (0, 0, 0), 'pos': (229, 433), 'window': None})>
2019-11-25 19:02:06,675 - BDM-WAM 1574708518.5750089 - INFO - <Event(4-MouseMotion {'rel': (-1, 0), 'buttons': (0, 0, 0), 'pos': (228, 433), 'window': None})>
2019-11-25 19:02:06,694 - BDM-WAM 1574708518.5750089 - INFO - <Event(4-MouseMotion {'rel': (-2, 0), 'buttons': (0, 0, 0), 'pos': (226, 433), 'window': None})>
2019-11-25 19:02:06,719 - BDM-WAM 1574708518.5750089 - INFO - <Event(4-MouseMotion {'rel': (-5, -5), 'buttons': (0, 0, 0), 'pos': (221, 428), 'window': None})>
2019-11-25 19:02:06,729 - BDM-WAM 1574708518.5750089 - INFO - <Event(4-MouseMotion {'rel': (-4, -5), 'buttons': (0, 0, 0), 'pos': (217, 423), 'window': None})>
2019-11-25 19:02:06,744 - BDM-WAM 1574708518.5750089 - INFO - <Event(4-MouseMotion {'rel': (-4, -4), 'buttons': (0, 0, 0), 'pos': (213, 419), 'window': None})>
2019-11-25 19:02:06,760 - BDM-WAM 1574708518.5750089 - INFO - <Event(4-MouseMotion {'rel': (-5, -4), 'buttons': (0, 0, 0), 'pos': (208, 415), 'window': None})>
2019-11-25 19:02:06,777 - BDM-WAM 1574708518.5750089 - INFO - <Event(4-MouseMotion {'rel': (-3, -3), 'buttons': (0, 0, 0), 'pos': (205, 412), 'window': None})>
2019-11-25 19:02:06,798 - BDM-WAM 1574708518.5750089 - INFO - <Event(4-MouseMotion {'rel': (-4, -5), 'buttons': (0, 0, 0), 'pos': (201, 407), 'window': None})>
2019-11-25 19:02:06,812 - BDM-WAM 1574708518.5750089 - INFO - <Event(4-MouseMotion {'rel': (-2, -1), 'buttons': (0, 0, 0), 'pos': (199, 406), 'window': None})>
2019-11-25 19:02:06,828 - BDM-WAM 1574708518.5750089 - INFO - <Event(4-MouseMotion {'rel': (-1, -2), 'buttons': (0, 0, 0), 'pos': (198, 404), 'window': None})>
2019-11-25 19:02:06,845 - BDM-WAM 1574708518.5750089 - INFO - <Event(4-MouseMotion {'rel': (-1, -1), 'buttons': (0, 0, 0), 'pos': (197, 403), 'window': None})>
2019-11-25 19:02:06,918 - BDM-WAM 1574708518.5750089 - INFO - <Event(5-MouseButtonDown {'window': None, 'button': 1, 'pos': (197, 403)})>
2019-11-25 19:02:06,919 - BDM-WAM 1574708518.5750089 - INFO - <Event(8-Pause {'reason': <bound method GameManager.pause of <game.GameManager object at 0x000001EC6C2FD9E8>> })>
2019-11-25 19:02:08,488 - BDM-WAM 1574708518.5750089 - INFO - <Event(7-Rate {'hit_conf': 2 })>
2019-11-25 19:02:08,751 - BDM-WAM 1574708518.5750089 - INFO - <Event(7-Rate {'reward_conf': 2 })>
2019-11-25 19:02:08,921 - BDM-WAM 1574708518.5750089 - INFO - <Event(7-Rate {'player_skill': 2 })>
2019-11-25 19:02:08,921 - BDM-WAM 1574708518.5750089 - INFO - <Event(9.1-TrueHit {'pos': (197,403),'distance: 86.33075929238663,'relative_loc: (78, 37),'window': None})>
2019-11-25 19:02:08,921 - BDM-WAM 1574708518.5750089 - INFO - <Event(11-Score {score_inc: 0,score: 0})>
2019-11-25 19:02:09,026 - BDM-WAM 1574708518.5750089 - INFO - <Event(3-KeyUp {'key': 50, 'mod': 0, 'window': None, 'scancode': 3})>
2019-11-25 19:02:09,482 - BDM-WAM 1574708518.5750089 - INFO - <Event(10-MoleUp) {'loc': (95,43)})>
2019-11-25 19:02:09,534 - BDM-WAM 1574708518.5750089 - INFO - <Event(4-MouseMotion {'rel': (1, 0), 'buttons': (0, 0, 0), 'pos': (165, 411), 'window': None})>
2019-11-25 19:02:09,551 - BDM-WAM 1574708518.5750089 - INFO - <Event(4-MouseMotion {'rel': (1, 0), 'buttons': (0, 0, 0), 'pos': (166, 411), 'window': None})>
2019-11-25 19:02:09,568 - BDM-WAM 1574708518.5750089 - INFO - <Event(4-MouseMotion {'rel': (1, 0), 'buttons': (0, 0, 0), 'pos': (167, 411), 'window': None})>
2019-11-25 19:02:09,585 - BDM-WAM 1574708518.5750089 - INFO - <Event(4-MouseMotion {'rel': (1, 0), 'buttons': (0, 0, 0), 'pos': (168, 411), 'window': None})>
2019-11-25 19:02:09,603 - BDM-WAM 1574708518.5750089 - INFO - <Event(4-MouseMotion {'rel': (2, 0), 'buttons': (0, 0, 0), 'pos': (170, 411), 'window': None})>
2019-11-25 19:02:09,619 - BDM-WAM 1574708518.5750089 - INFO - <Event(4-MouseMotion {'rel': (2, 0), 'buttons': (0, 0, 0), 'pos': (172, 411), 'window': None})>
2019-11-25 19:02:09,636 - BDM-WAM 1574708518.5750089 - INFO - <Event(4-MouseMotion {'rel': (1, -1), 'buttons': (0, 0, 0), 'pos': (173, 410), 'window': None})>
2019-11-25 19:02:09,653 - BDM-WAM 1574708518.5750089 - INFO - <Event(4-MouseMotion {'rel': (0, -1), 'buttons': (0, 0, 0), 'pos': (173, 409), 'window': None})>
2019-11-25 19:02:09,670 - BDM-WAM 1574708518.5750089 - INFO - <Event(4-MouseMotion {'rel': (2, -2), 'buttons': (0, 0, 0), 'pos': (175, 407), 'window': None})>
2019-11-25 19:02:09,687 - BDM-WAM 1574708518.5750089 - INFO - <Event(4-MouseMotion {'rel': (4, -2), 'buttons': (0, 0, 0), 'pos': (179, 405), 'window': None})>
2019-11-25 19:02:09,704 - BDM-WAM 1574708518.5750089 - INFO - <Event(4-MouseMotion {'rel': (3, -4), 'buttons': (0, 0, 0), 'pos': (182, 401), 'window': None})>
2019-11-25 19:02:09,721 - BDM-WAM 1574708518.5750089 - INFO - <Event(4-MouseMotion {'rel': (9, -7), 'buttons': (0, 0, 0), 'pos': (191, 394), 'window': None})>
2019-11-25 19:02:09,739 - BDM-WAM 1574708518.5750089 - INFO - <Event(4-MouseMotion {'rel': (9, -9), 'buttons': (0, 0, 0), 'pos': (200, 385), 'window': None})>
2019-11-25 19:02:09,757 - BDM-WAM 1574708518.5750089 - INFO - <Event(4-MouseMotion {'rel': (20, -17), 'buttons': (0, 0, 0), 'pos': (220, 368), 'window': None})>
2019-11-25 19:02:09,773 - BDM-WAM 1574708518.5750089 - INFO - <Event(4-MouseMotion {'rel': (14, -13), 'buttons': (0, 0, 0), 'pos': (234, 355), 'window': None})>
2019-11-25 19:02:09,790 - BDM-WAM 1574708518.5750089 - INFO - <Event(4-MouseMotion {'rel': (19, -15), 'buttons': (0, 0, 0), 'pos': (253, 340), 'window': None})>
2019-11-25 19:02:09,806 - BDM-WAM 1574708518.5750089 - INFO - <Event(4-MouseMotion {'rel': (16, -12), 'buttons': (0, 0, 0), 'pos': (269, 328), 'window': None})>
2019-11-25 19:02:09,822 - BDM-WAM 1574708518.5750089 - INFO - <Event(4-MouseMotion {'rel': (16, -11), 'buttons': (0, 0, 0), 'pos': (285, 317), 'window': None})>
2019-11-25 19:02:09,889 - BDM-WAM 1574708518.5750089 - INFO - <Event(4-MouseMotion {'rel': (42, -32), 'buttons': (0, 0, 0), 'pos': (327, 285), 'window': None})>
2019-11-25 19:02:09,907 - BDM-WAM 1574708518.5750089 - INFO - <Event(4-MouseMotion {'rel': (5, -2), 'buttons': (0, 0, 0), 'pos': (332, 283), 'window': None})>
2019-11-25 19:02:09,925 - BDM-WAM 1574708518.5750089 - INFO - <Event(4-MouseMotion {'rel': (3, -4), 'buttons': (0, 0, 0), 'pos': (335, 279), 'window': None})>
2019-11-25 19:02:09,987 - BDM-WAM 1574708518.5750089 - INFO - <Event(4-MouseMotion {'rel': (2, -11), 'buttons': (0, 0, 0), 'pos': (337, 268), 'window': None})>
2019-11-25 19:02:10,004 - BDM-WAM 1574708518.5750089 - INFO - <Event(4-MouseMotion {'rel': (0, -9), 'buttons': (0, 0, 0), 'pos': (337, 259), 'window': None})>
2019-11-25 19:02:10,021 - BDM-WAM 1574708518.5750089 - INFO - <Event(4-MouseMotion {'rel': (0, -8), 'buttons': (0, 0, 0), 'pos': (337, 251), 'window': None})>
2019-11-25 19:02:10,038 - BDM-WAM 1574708518.5750089 - INFO - <Event(4-MouseMotion {'rel': (1, -10), 'buttons': (0, 0, 0), 'pos': (338, 241), 'window': None})>
2019-11-25 19:02:10,102 - BDM-WAM 1574708518.5750089 - INFO - <Event(4-MouseMotion {'rel': (15, -34), 'buttons': (0, 0, 0), 'pos': (353, 207), 'window': None})>
2019-11-25 19:02:10,121 - BDM-WAM 1574708518.5750089 - INFO - <Event(4-MouseMotion {'rel': (3, -5), 'buttons': (0, 0, 0), 'pos': (356, 202), 'window': None})>
2019-11-25 19:02:10,138 - BDM-WAM 1574708518.5750089 - INFO - <Event(4-MouseMotion {'rel': (1, -4), 'buttons': (0, 0, 0), 'pos': (357, 198), 'window': None})>
2019-11-25 19:02:10,156 - BDM-WAM 1574708518.5750089 - INFO - <Event(4-MouseMotion {'rel': (0, -9), 'buttons': (0, 0, 0), 'pos': (357, 189), 'window': None})>
2019-11-25 19:02:10,172 - BDM-WAM 1574708518.5750089 - INFO - <Event(4-MouseMotion {'rel': (-10, -12), 'buttons': (0, 0, 0), 'pos': (347, 177), 'window': None})>
2019-11-25 19:02:10,188 - BDM-WAM 1574708518.5750089 - INFO - <Event(4-MouseMotion {'rel': (-28, -18), 'buttons': (0, 0, 0), 'pos': (319, 159), 'window': None})>
2019-11-25 19:02:10,204 - BDM-WAM 1574708518.5750089 - INFO - <Event(4-MouseMotion {'rel': (-56, -28), 'buttons': (0, 0, 0), 'pos': (263, 131), 'window': None})>
2019-11-25 19:02:10,221 - BDM-WAM 1574708518.5750089 - INFO - <Event(4-MouseMotion {'rel': (-36, -16), 'buttons': (0, 0, 0), 'pos': (227, 115), 'window': None})>
2019-11-25 19:02:10,239 - BDM-WAM 1574708518.5750089 - INFO - <Event(4-MouseMotion {'rel': (-24, -12), 'buttons': (0, 0, 0), 'pos': (203, 103), 'window': None})>
2019-11-25 19:02:10,255 - BDM-WAM 1574708518.5750089 - INFO - <Event(4-MouseMotion {'rel': (-15, -8), 'buttons': (0, 0, 0), 'pos': (188, 95), 'window': None})>
2019-11-25 19:02:10,272 - BDM-WAM 1574708518.5750089 - INFO - <Event(4-MouseMotion {'rel': (-3, -2), 'buttons': (0, 0, 0), 'pos': (185, 93), 'window': None})>
2019-11-25 19:02:10,289 - BDM-WAM 1574708518.5750089 - INFO - <Event(4-MouseMotion {'rel': (0, -1), 'buttons': (0, 0, 0), 'pos': (185, 92), 'window': None})>
2019-11-25 19:02:10,306 - BDM-WAM 1574708518.5750089 - INFO - <Event(4-MouseMotion {'rel': (-1, -1), 'buttons': (0, 0, 0), 'pos': (184, 91), 'window': None})>
2019-11-25 19:02:10,323 - BDM-WAM 1574708518.5750089 - INFO - <Event(4-MouseMotion {'rel': (-2, -1), 'buttons': (0, 0, 0), 'pos': (182, 90), 'window': None})>
2019-11-25 19:02:10,340 - BDM-WAM 1574708518.5750089 - INFO - <Event(4-MouseMotion {'rel': (0, -1), 'buttons': (0, 0, 0), 'pos': (182, 89), 'window': None})>
2019-11-25 19:02:10,458 - BDM-WAM 1574708518.5750089 - INFO - <Event(4-MouseMotion {'rel': (-1, 0), 'buttons': (0, 0, 0), 'pos': (181, 89), 'window': None})>
2019-11-25 19:02:10,475 - BDM-WAM 1574708518.5750089 - INFO - <Event(4-MouseMotion {'rel': (-1, 0), 'buttons': (0, 0, 0), 'pos': (180, 89), 'window': None})>
2019-11-25 19:02:10,494 - BDM-WAM 1574708518.5750089 - INFO - <Event(4-MouseMotion {'rel': (-3, 0), 'buttons': (0, 0, 0), 'pos': (177, 89), 'window': None})>
2019-11-25 19:02:10,595 - BDM-WAM 1574708518.5750089 - INFO - <Event(5-MouseButtonDown {'window': None, 'button': 1, 'pos': (177, 89)})>
2019-11-25 19:02:10,596 - BDM-WAM 1574708518.5750089 - INFO - <Event(8-Pause {'reason': <bound method GameManager.pause of <game.GameManager object at 0x000001EC6C2FD9E8>> })>
2019-11-25 19:02:11,100 - BDM-WAM 1574708518.5750089 - INFO - <Event(7-Rate {'hit_conf': 2 })>
2019-11-25 19:02:11,308 - BDM-WAM 1574708518.5750089 - INFO - <Event(7-Rate {'reward_conf': 2 })>
2019-11-25 19:02:11,470 - BDM-WAM 1574708518.5750089 - INFO - <Event(7-Rate {'player_skill': 2 })>
2019-11-25 19:02:11,471 - BDM-WAM 1574708518.5750089 - INFO - <Event(9.1-TrueHit {'pos': (177,89),'distance: 94.02127418834527,'relative_loc: (82, 46),'window': None})>
2019-11-25 19:02:11,471 - BDM-WAM 1574708518.5750089 - INFO - <Event(11-Score {score_inc: 0,score: 0})>
2019-11-25 19:02:11,556 - BDM-WAM 1574708518.5750089 - INFO - <Event(3-KeyUp {'key': 50, 'mod': 0, 'window': None, 'scancode': 3})>
2019-11-25 19:02:12,018 - BDM-WAM 1574708518.5750089 - INFO - <Event(10-MoleUp) {'loc': (404,479)})>
2019-11-25 19:02:12,236 - BDM-WAM 1574708518.5750089 - INFO - <Event(4-MouseMotion {'rel': (9, 1), 'buttons': (0, 0, 0), 'pos': (186, 90), 'window': None})>
2019-11-25 19:02:12,254 - BDM-WAM 1574708518.5750089 - INFO - <Event(4-MouseMotion {'rel': (24, 8), 'buttons': (0, 0, 0), 'pos': (210, 98), 'window': None})>
2019-11-25 19:02:12,270 - BDM-WAM 1574708518.5750089 - INFO - <Event(4-MouseMotion {'rel': (21, 6), 'buttons': (0, 0, 0), 'pos': (231, 104), 'window': None})>
2019-11-25 19:02:12,290 - BDM-WAM 1574708518.5750089 - INFO - <Event(4-MouseMotion {'rel': (31, 7), 'buttons': (0, 0, 0), 'pos': (262, 111), 'window': None})>
2019-11-25 19:02:12,305 - BDM-WAM 1574708518.5750089 - INFO - <Event(4-MouseMotion {'rel': (21, 6), 'buttons': (0, 0, 0), 'pos': (283, 117), 'window': None})>
2019-11-25 19:02:12,321 - BDM-WAM 1574708518.5750089 - INFO - <Event(4-MouseMotion {'rel': (18, 5), 'buttons': (0, 0, 0), 'pos': (301, 122), 'window': None})>
2019-11-25 19:02:12,339 - BDM-WAM 1574708518.5750089 - INFO - <Event(4-MouseMotion {'rel': (19, 3), 'buttons': (0, 0, 0), 'pos': (320, 125), 'window': None})>
2019-11-25 19:02:12,356 - BDM-WAM 1574708518.5750089 - INFO - <Event(4-MouseMotion {'rel': (15, 4), 'buttons': (0, 0, 0), 'pos': (335, 129), 'window': None})>
2019-11-25 19:02:12,375 - BDM-WAM 1574708518.5750089 - INFO - <Event(4-MouseMotion {'rel': (17, 2), 'buttons': (0, 0, 0), 'pos': (352, 131), 'window': None})>
2019-11-25 19:02:12,475 - BDM-WAM 1574708518.5750089 - INFO - <Event(4-MouseMotion {'rel': (47, 0), 'buttons': (0, 0, 0), 'pos': (399, 131), 'window': None})>
2019-11-25 19:02:12,577 - BDM-WAM 1574708518.5750089 - INFO - <Event(4-MouseMotion {'rel': (7, -1), 'buttons': (0, 0, 0), 'pos': (406, 130), 'window': None})>
2019-11-25 19:02:12,685 - BDM-WAM 1574708518.5750089 - INFO - <Event(4-MouseMotion {'rel': (3, -9), 'buttons': (0, 0, 0), 'pos': (409, 121), 'window': None})>
2019-11-25 19:02:12,704 - BDM-WAM 1574708518.5750089 - INFO - <Event(4-MouseMotion {'rel': (-3, -1), 'buttons': (0, 0, 0), 'pos': (406, 120), 'window': None})>
2019-11-25 19:02:12,722 - BDM-WAM 1574708518.5750089 - INFO - <Event(4-MouseMotion {'rel': (-2, -1), 'buttons': (0, 0, 0), 'pos': (404, 119), 'window': None})>
2019-11-25 19:02:12,739 - BDM-WAM 1574708518.5750089 - INFO - <Event(4-MouseMotion {'rel': (-1, 0), 'buttons': (0, 0, 0), 'pos': (403, 119), 'window': None})>
2019-11-25 19:02:12,757 - BDM-WAM 1574708518.5750089 - INFO - <Event(4-MouseMotion {'rel': (-2, 4), 'buttons': (0, 0, 0), 'pos': (401, 123), 'window': None})>
2019-11-25 19:02:12,774 - BDM-WAM 1574708518.5750089 - INFO - <Event(4-MouseMotion {'rel': (-6, 24), 'buttons': (0, 0, 0), 'pos': (395, 147), 'window': None})>
2019-11-25 19:02:12,790 - BDM-WAM 1574708518.5750089 - INFO - <Event(4-MouseMotion {'rel': (0, 31), 'buttons': (0, 0, 0), 'pos': (395, 178), 'window': None})>
2019-11-25 19:02:12,807 - BDM-WAM 1574708518.5750089 - INFO - <Event(4-MouseMotion {'rel': (2, 30), 'buttons': (0, 0, 0), 'pos': (397, 208), 'window': None})>
2019-11-25 19:02:12,824 - BDM-WAM 1574708518.5750089 - INFO - <Event(4-MouseMotion {'rel': (2, 36), 'buttons': (0, 0, 0), 'pos': (399, 244), 'window': None})>
2019-11-25 19:02:12,843 - BDM-WAM 1574708518.5750089 - INFO - <Event(4-MouseMotion {'rel': (3, 32), 'buttons': (0, 0, 0), 'pos': (402, 276), 'window': None})>
2019-11-25 19:02:12,858 - BDM-WAM 1574708518.5750089 - INFO - <Event(4-MouseMotion {'rel': (2, 11), 'buttons': (0, 0, 0), 'pos': (404, 287), 'window': None})>
2019-11-25 19:02:12,875 - BDM-WAM 1574708518.5750089 - INFO - <Event(4-MouseMotion {'rel': (1, 7), 'buttons': (0, 0, 0), 'pos': (405, 294), 'window': None})>
2019-11-25 19:02:12,892 - BDM-WAM 1574708518.5750089 - INFO - <Event(4-MouseMotion {'rel': (0, 6), 'buttons': (0, 0, 0), 'pos': (405, 300), 'window': None})>
2019-11-25 19:02:12,910 - BDM-WAM 1574708518.5750089 - INFO - <Event(4-MouseMotion {'rel': (4, 11), 'buttons': (0, 0, 0), 'pos': (409, 311), 'window': None})>
2019-11-25 19:02:12,930 - BDM-WAM 1574708518.5750089 - INFO - <Event(4-MouseMotion {'rel': (6, 25), 'buttons': (0, 0, 0), 'pos': (415, 336), 'window': None})>
2019-11-25 19:02:12,944 - BDM-WAM 1574708518.5750089 - INFO - <Event(4-MouseMotion {'rel': (5, 19), 'buttons': (0, 0, 0), 'pos': (420, 355), 'window': None})>
2019-11-25 19:02:12,961 - BDM-WAM 1574708518.5750089 - INFO - <Event(4-MouseMotion {'rel': (3, 15), 'buttons': (0, 0, 0), 'pos': (423, 370), 'window': None})>
2019-11-25 19:02:12,980 - BDM-WAM 1574708518.5750089 - INFO - <Event(4-MouseMotion {'rel': (2, 19), 'buttons': (0, 0, 0), 'pos': (425, 389), 'window': None})>
2019-11-25 19:02:12,997 - BDM-WAM 1574708518.5750089 - INFO - <Event(4-MouseMotion {'rel': (0, 14), 'buttons': (0, 0, 0), 'pos': (425, 403), 'window': None})>
2019-11-25 19:02:13,011 - BDM-WAM 1574708518.5750089 - INFO - <Event(4-MouseMotion {'rel': (0, 7), 'buttons': (0, 0, 0), 'pos': (425, 410), 'window': None})>
2019-11-25 19:02:13,028 - BDM-WAM 1574708518.5750089 - INFO - <Event(4-MouseMotion {'rel': (0, 5), 'buttons': (0, 0, 0), 'pos': (425, 415), 'window': None})>
2019-11-25 19:02:13,045 - BDM-WAM 1574708518.5750089 - INFO - <Event(4-MouseMotion {'rel': (0, 5), 'buttons': (0, 0, 0), 'pos': (425, 420), 'window': None})>
2019-11-25 19:02:13,064 - BDM-WAM 1574708518.5750089 - INFO - <Event(4-MouseMotion {'rel': (0, 7), 'buttons': (0, 0, 0), 'pos': (425, 427), 'window': None})>
2019-11-25 19:02:13,080 - BDM-WAM 1574708518.5750089 - INFO - <Event(4-MouseMotion {'rel': (0, 4), 'buttons': (0, 0, 0), 'pos': (425, 431), 'window': None})>
2019-11-25 19:02:13,097 - BDM-WAM 1574708518.5750089 - INFO - <Event(4-MouseMotion {'rel': (0, 4), 'buttons': (0, 0, 0), 'pos': (425, 435), 'window': None})>
2019-11-25 19:02:13,114 - BDM-WAM 1574708518.5750089 - INFO - <Event(4-MouseMotion {'rel': (0, 5), 'buttons': (0, 0, 0), 'pos': (425, 440), 'window': None})>
2019-11-25 19:02:13,131 - BDM-WAM 1574708518.5750089 - INFO - <Event(4-MouseMotion {'rel': (0, 5), 'buttons': (0, 0, 0), 'pos': (425, 445), 'window': None})>
2019-11-25 19:02:13,150 - BDM-WAM 1574708518.5750089 - INFO - <Event(4-MouseMotion {'rel': (0, 9), 'buttons': (0, 0, 0), 'pos': (425, 454), 'window': None})>
2019-11-25 19:02:13,168 - BDM-WAM 1574708518.5750089 - INFO - <Event(4-MouseMotion {'rel': (1, 7), 'buttons': (0, 0, 0), 'pos': (426, 461), 'window': None})>
2019-11-25 19:02:13,181 - BDM-WAM 1574708518.5750089 - INFO - <Event(4-MouseMotion {'rel': (0, 9), 'buttons': (0, 0, 0), 'pos': (426, 470), 'window': None})>
2019-11-25 19:02:13,198 - BDM-WAM 1574708518.5750089 - INFO - <Event(4-MouseMotion {'rel': (2, 12), 'buttons': (0, 0, 0), 'pos': (428, 482), 'window': None})>
2019-11-25 19:02:13,214 - BDM-WAM 1574708518.5750089 - INFO - <Event(4-MouseMotion {'rel': (1, 9), 'buttons': (0, 0, 0), 'pos': (429, 491), 'window': None})>
2019-11-25 19:02:13,234 - BDM-WAM 1574708518.5750089 - INFO - <Event(4-MouseMotion {'rel': (0, 6), 'buttons': (0, 0, 0), 'pos': (429, 497), 'window': None})>
2019-11-25 19:02:13,248 - BDM-WAM 1574708518.5750089 - INFO - <Event(4-MouseMotion {'rel': (0, 2), 'buttons': (0, 0, 0), 'pos': (429, 499), 'window': None})>
2019-11-25 19:02:13,687 - BDM-WAM 1574708518.5750089 - INFO - <Event(4-MouseMotion {'rel': (-9, 10), 'buttons': (0, 0, 0), 'pos': (420, 509), 'window': None})>
2019-11-25 19:02:13,766 - BDM-WAM 1574708518.5750089 - INFO - <Event(4-MouseMotion {'rel': (-1, 1), 'buttons': (0, 0, 0), 'pos': (419, 510), 'window': None})>
2019-11-25 19:02:13,858 - BDM-WAM 1574708518.5750089 - INFO - <Event(5-MouseButtonDown {'window': None, 'button': 1, 'pos': (419, 510)})>
2019-11-25 19:02:13,858 - BDM-WAM 1574708518.5750089 - INFO - <Event(8-Pause {'reason': <bound method GameManager.pause of <game.GameManager object at 0x000001EC6C2FD9E8>> })>
2019-11-25 19:02:14,673 - BDM-WAM 1574708518.5750089 - INFO - <Event(7-Rate {'hit_conf': 2 })>
2019-11-25 19:02:14,822 - BDM-WAM 1574708518.5750089 - INFO - <Event(7-Rate {'reward_conf': 2 })>
2019-11-25 19:02:14,978 - BDM-WAM 1574708518.5750089 - INFO - <Event(7-Rate {'player_skill': 2 })>
2019-11-25 19:02:14,979 - BDM-WAM 1574708518.5750089 - INFO - <Event(9.1-TrueHit {'pos': (419,510),'distance: 34.438350715445125,'relative_loc: (15, 31),'window': None})>
2019-11-25 19:02:14,979 - BDM-WAM 1574708518.5750089 - INFO - <Event(8-Pause {'reason': <bound method GameManager.pause of <game.GameManager object at 0x000001EC6C2FD9E8>> })>
2019-11-25 19:02:17,531 - BDM-WAM 1574708518.5750089 - INFO - <Event(6-MouseButtonUp {'window': None, 'button': 1, 'pos': (419, 510)})>
2019-11-25 19:02:17,599 - BDM-WAM 1574708518.5750089 - INFO - <Event(10-MoleUp) {'loc': (404,479)})>
2019-11-25 19:02:17,731 - BDM-WAM 1574708518.5750089 - INFO - <Event(3-KeyUp {'key': 99, 'mod': 0, 'window': None, 'scancode': 46})>
2019-11-25 19:02:18,412 - BDM-WAM 1574708518.5750089 - INFO - <Event(4-MouseMotion {'rel': (3, 30), 'buttons': (0, 0, 0), 'pos': (588, 529), 'window': None})>
2019-11-25 19:02:18,428 - BDM-WAM 1574708518.5750089 - INFO - <Event(4-MouseMotion {'rel': (2, 35), 'buttons': (0, 0, 0), 'pos': (590, 564), 'window': None})>
2019-11-25 19:02:18,445 - BDM-WAM 1574708518.5750089 - INFO - <Event(4-MouseMotion {'rel': (-2, 51), 'buttons': (0, 0, 0), 'pos': (588, 615), 'window': None})>
2019-11-25 19:02:18,462 - BDM-WAM 1574708518.5750089 - INFO - <Event(4-MouseMotion {'rel': (-6, 31), 'buttons': (0, 0, 0), 'pos': (582, 646), 'window': None})>
2019-11-25 19:02:18,480 - BDM-WAM 1574708518.5750089 - INFO - <Event(4-MouseMotion {'rel': (-14, 44), 'buttons': (0, 0, 0), 'pos': (568, 690), 'window': None})>
2019-11-25 19:02:18,496 - BDM-WAM 1574708518.5750089 - INFO - <Event(4-MouseMotion {'rel': (-11, 9), 'buttons': (0, 0, 0), 'pos': (557, 699), 'window': None})>
2019-11-25 19:02:18,511 - BDM-WAM 1574708518.5750089 - INFO - <Event(4-MouseMotion {'rel': (-15, 0), 'buttons': (0, 0, 0), 'pos': (542, 699), 'window': None})>
2019-11-25 19:02:18,528 - BDM-WAM 1574708518.5750089 - INFO - <Event(1-ActiveEvent {'gain': 0, 'state': 1})>
2019-11-25 19:02:18,581 - BDM-WAM 1574708518.5750089 - INFO - <Event(1-ActiveEvent {'gain': 1, 'state': 1})>
2019-11-25 19:02:18,581 - BDM-WAM 1574708518.5750089 - INFO - <Event(4-MouseMotion {'rel': (-85, -7), 'buttons': (0, 0, 0), 'pos': (457, 692), 'window': None})>
2019-11-25 19:02:18,597 - BDM-WAM 1574708518.5750089 - INFO - <Event(4-MouseMotion {'rel': (-12, -12), 'buttons': (0, 0, 0), 'pos': (445, 680), 'window': None})>
2019-11-25 19:02:18,613 - BDM-WAM 1574708518.5750089 - INFO - <Event(4-MouseMotion {'rel': (-8, -9), 'buttons': (0, 0, 0), 'pos': (437, 671), 'window': None})>
2019-11-25 19:02:18,631 - BDM-WAM 1574708518.5750089 - INFO - <Event(4-MouseMotion {'rel': (-7, -8), 'buttons': (0, 0, 0), 'pos': (430, 663), 'window': None})>
2019-11-25 19:02:18,648 - BDM-WAM 1574708518.5750089 - INFO - <Event(4-MouseMotion {'rel': (-4, -5), 'buttons': (0, 0, 0), 'pos': (426, 658), 'window': None})>
2019-11-25 19:02:18,665 - BDM-WAM 1574708518.5750089 - INFO - <Event(4-MouseMotion {'rel': (-5, -12), 'buttons': (0, 0, 0), 'pos': (421, 646), 'window': None})>
2019-11-25 19:02:18,681 - BDM-WAM 1574708518.5750089 - INFO - <Event(4-MouseMotion {'rel': (-1, -7), 'buttons': (0, 0, 0), 'pos': (420, 639), 'window': None})>
2019-11-25 19:02:18,697 - BDM-WAM 1574708518.5750089 - INFO - <Event(4-MouseMotion {'rel': (0, -10), 'buttons': (0, 0, 0), 'pos': (420, 629), 'window': None})>
2019-11-25 19:02:18,714 - BDM-WAM 1574708518.5750089 - INFO - <Event(4-MouseMotion {'rel': (1, -10), 'buttons': (0, 0, 0), 'pos': (421, 619), 'window': None})>
2019-11-25 19:02:18,731 - BDM-WAM 1574708518.5750089 - INFO - <Event(4-MouseMotion {'rel': (4, -17), 'buttons': (0, 0, 0), 'pos': (425, 602), 'window': None})>
2019-11-25 19:02:18,749 - BDM-WAM 1574708518.5750089 - INFO - <Event(4-MouseMotion {'rel': (10, -31), 'buttons': (0, 0, 0), 'pos': (435, 571), 'window': None})>
2019-11-25 19:02:18,765 - BDM-WAM 1574708518.5750089 - INFO - <Event(4-MouseMotion {'rel': (6, -17), 'buttons': (0, 0, 0), 'pos': (441, 554), 'window': None})>
2019-11-25 19:02:18,782 - BDM-WAM 1574708518.5750089 - INFO - <Event(4-MouseMotion {'rel': (6, -11), 'buttons': (0, 0, 0), 'pos': (447, 543), 'window': None})>
2019-11-25 19:02:18,799 - BDM-WAM 1574708518.5750089 - INFO - <Event(4-MouseMotion {'rel': (3, -6), 'buttons': (0, 0, 0), 'pos': (450, 537), 'window': None})>
2019-11-25 19:02:18,816 - BDM-WAM 1574708518.5750089 - INFO - <Event(4-MouseMotion {'rel': (4, -3), 'buttons': (0, 0, 0), 'pos': (454, 534), 'window': None})>
2019-11-25 19:02:18,833 - BDM-WAM 1574708518.5750089 - INFO - <Event(4-MouseMotion {'rel': (2, -4), 'buttons': (0, 0, 0), 'pos': (456, 530), 'window': None})>
2019-11-25 19:02:18,909 - BDM-WAM 1574708518.5750089 - INFO - <Event(4-MouseMotion {'rel': (1, -4), 'buttons': (0, 0, 0), 'pos': (457, 526), 'window': None})>
2019-11-25 19:02:19,018 - BDM-WAM 1574708518.5750089 - INFO - <Event(5-MouseButtonDown {'window': None, 'button': 1, 'pos': (457, 526)})>
2019-11-25 19:02:19,019 - BDM-WAM 1574708518.5750089 - INFO - <Event(8-Pause {'reason': <bound method GameManager.pause of <game.GameManager object at 0x000001EC6C2FD9E8>> })>
2019-11-25 19:02:19,799 - BDM-WAM 1574708518.5750089 - INFO - <Event(7-Rate {'hit_conf': 2 })>
2019-11-25 19:02:20,048 - BDM-WAM 1574708518.5750089 - INFO - <Event(7-Rate {'reward_conf': 2 })>
2019-11-25 19:02:20,234 - BDM-WAM 1574708518.5750089 - INFO - <Event(7-Rate {'player_skill': 2 })>
2019-11-25 19:02:20,235 - BDM-WAM 1574708518.5750089 - INFO - <Event(9.1-TrueHit {'pos': (457,526),'distance: 70.83784299369935,'relative_loc: (53, 47),'window': None})>
2019-11-25 19:02:20,318 - BDM-WAM 1574708518.5750089 - INFO - <Event(3-KeyUp {'key': 50, 'mod': 0, 'window': None, 'scancode': 3})>
2019-11-25 19:02:20,385 - BDM-WAM 1574708518.5750089 - INFO - <Event(10-MoleUp) {'loc': (381,295)})>
2019-11-25 19:02:20,907 - BDM-WAM 1574708518.5750089 - INFO - <Event(4-MouseMotion {'rel': (-8, 2), 'buttons': (0, 0, 0), 'pos': (513, 455), 'window': None})>
2019-11-25 19:02:20,925 - BDM-WAM 1574708518.5750089 - INFO - <Event(4-MouseMotion {'rel': (-3, -2), 'buttons': (0, 0, 0), 'pos': (510, 453), 'window': None})>
2019-11-25 19:02:20,942 - BDM-WAM 1574708518.5750089 - INFO - <Event(4-MouseMotion {'rel': (-4, -4), 'buttons': (0, 0, 0), 'pos': (506, 449), 'window': None})>
2019-11-25 19:02:21,017 - BDM-WAM 1574708518.5750089 - INFO - <Event(4-MouseMotion {'rel': (-35, -51), 'buttons': (0, 0, 0), 'pos': (471, 398), 'window': None})>
2019-11-25 19:02:21,038 - BDM-WAM 1574708518.5750089 - INFO - <Event(4-MouseMotion {'rel': (-6, -10), 'buttons': (0, 0, 0), 'pos': (465, 388), 'window': None})>
2019-11-25 19:02:21,053 - BDM-WAM 1574708518.5750089 - INFO - <Event(4-MouseMotion {'rel': (-4, -5), 'buttons': (0, 0, 0), 'pos': (461, 383), 'window': None})>
2019-11-25 19:02:21,070 - BDM-WAM 1574708518.5750089 - INFO - <Event(4-MouseMotion {'rel': (-3, -6), 'buttons': (0, 0, 0), 'pos': (458, 377), 'window': None})>
2019-11-25 19:02:21,089 - BDM-WAM 1574708518.5750089 - INFO - <Event(4-MouseMotion {'rel': (-3, -4), 'buttons': (0, 0, 0), 'pos': (455, 373), 'window': None})>
2019-11-25 19:02:21,105 - BDM-WAM 1574708518.5750089 - INFO - <Event(4-MouseMotion {'rel': (-6, -7), 'buttons': (0, 0, 0), 'pos': (449, 366), 'window': None})>
2019-11-25 19:02:21,121 - BDM-WAM 1574708518.5750089 - INFO - <Event(4-MouseMotion {'rel': (-4, -6), 'buttons': (0, 0, 0), 'pos': (445, 360), 'window': None})>
2019-11-25 19:02:21,138 - BDM-WAM 1574708518.5750089 - INFO - <Event(4-MouseMotion {'rel': (-4, -4), 'buttons': (0, 0, 0), 'pos': (441, 356), 'window': None})>
2019-11-25 19:02:21,154 - BDM-WAM 1574708518.5750089 - INFO - <Event(4-MouseMotion {'rel': (-5, -5), 'buttons': (0, 0, 0), 'pos': (436, 351), 'window': None})>
2019-11-25 19:02:21,171 - BDM-WAM 1574708518.5750089 - INFO - <Event(4-MouseMotion {'rel': (-5, -4), 'buttons': (0, 0, 0), 'pos': (431, 347), 'window': None})>
2019-11-25 19:02:21,188 - BDM-WAM 1574708518.5750089 - INFO - <Event(4-MouseMotion {'rel': (-8, -5), 'buttons': (0, 0, 0), 'pos': (423, 342), 'window': None})>
2019-11-25 19:02:21,205 - BDM-WAM 1574708518.5750089 - INFO - <Event(4-MouseMotion {'rel': (-2, -2), 'buttons': (0, 0, 0), 'pos': (421, 340), 'window': None})>
2019-11-25 19:02:21,222 - BDM-WAM 1574708518.5750089 - INFO - <Event(4-MouseMotion {'rel': (-2, -1), 'buttons': (0, 0, 0), 'pos': (419, 339), 'window': None})>
2019-11-25 19:02:21,240 - BDM-WAM 1574708518.5750089 - INFO - <Event(4-MouseMotion {'rel': (-1, -1), 'buttons': (0, 0, 0), 'pos': (418, 338), 'window': None})>
2019-11-25 19:02:21,257 - BDM-WAM 1574708518.5750089 - INFO - <Event(4-MouseMotion {'rel': (-1, 0), 'buttons': (0, 0, 0), 'pos': (417, 338), 'window': None})>
2019-11-25 19:02:21,275 - BDM-WAM 1574708518.5750089 - INFO - <Event(4-MouseMotion {'rel': (-1, 0), 'buttons': (0, 0, 0), 'pos': (416, 338), 'window': None})>
2019-11-25 19:02:21,292 - BDM-WAM 1574708518.5750089 - INFO - <Event(4-MouseMotion {'rel': (-1, 0), 'buttons': (0, 0, 0), 'pos': (415, 338), 'window': None})>
2019-11-25 19:02:21,462 - BDM-WAM 1574708518.5750089 - INFO - <Event(5-MouseButtonDown {'window': None, 'button': 1, 'pos': (415, 338)})>
2019-11-25 19:02:21,462 - BDM-WAM 1574708518.5750089 - INFO - <Event(8-Pause {'reason': <bound method GameManager.pause of <game.GameManager object at 0x000001EC6C2FD9E8>> })>
2019-11-25 19:02:21,813 - BDM-WAM 1574708518.5750089 - INFO - <Event(7-Rate {'hit_conf': 2 })>
2019-11-25 19:02:22,015 - BDM-WAM 1574708518.5750089 - INFO - <Event(7-Rate {'reward_conf': 2 })>
2019-11-25 19:02:22,233 - BDM-WAM 1574708518.5750089 - INFO - <Event(7-Rate {'player_skill': 2 })>
2019-11-25 19:02:22,233 - BDM-WAM 1574708518.5750089 - INFO - <Event(9.1-TrueHit {'pos': (415,338),'distance: 54.817880294662984,'relative_loc: (34, 43),'window': None})>
2019-11-25 19:02:22,234 - BDM-WAM 1574708518.5750089 - INFO - <Event(11-Score {score_inc: 0,score: 0})>
2019-11-25 19:02:22,299 - BDM-WAM 1574708518.5750089 - INFO - <Event(3-KeyUp {'key': 50, 'mod': 0, 'window': None, 'scancode': 3})>
2019-11-25 19:02:22,837 - BDM-WAM 1574708518.5750089 - INFO - <Event(10-MoleUp) {'loc': (95,43)})>
2019-11-25 19:02:22,838 - BDM-WAM 1574708518.5750089 - INFO - <Event(4-MouseMotion {'rel': (86, -125), 'buttons': (0, 0, 0), 'pos': (501, 213), 'window': None})>
2019-11-25 19:02:22,855 - BDM-WAM 1574708518.5750089 - INFO - <Event(4-MouseMotion {'rel': (7, -20), 'buttons': (0, 0, 0), 'pos': (508, 193), 'window': None})>
2019-11-25 19:02:22,872 - BDM-WAM 1574708518.5750089 - INFO - <Event(4-MouseMotion {'rel': (5, -20), 'buttons': (0, 0, 0), 'pos': (513, 173), 'window': None})>
2019-11-25 19:02:22,889 - BDM-WAM 1574708518.5750089 - INFO - <Event(4-MouseMotion {'rel': (2, -14), 'buttons': (0, 0, 0), 'pos': (515, 159), 'window': None})>
2019-11-25 19:02:22,906 - BDM-WAM 1574708518.5750089 - INFO - <Event(4-MouseMotion {'rel': (0, -4), 'buttons': (0, 0, 0), 'pos': (515, 155), 'window': None})>
2019-11-25 19:02:23,246 - BDM-WAM 1574708518.5750089 - INFO - <Event(4-MouseMotion {'rel': (42, -92), 'buttons': (0, 0, 0), 'pos': (557, 63), 'window': None})>
2019-11-25 19:02:23,254 - BDM-WAM 1574708518.5750089 - INFO - <Event(4-MouseMotion {'rel': (1, -2), 'buttons': (0, 0, 0), 'pos': (558, 61), 'window': None})>
2019-11-25 19:02:23,270 - BDM-WAM 1574708518.5750089 - INFO - <Event(4-MouseMotion {'rel': (0, -2), 'buttons': (0, 0, 0), 'pos': (558, 59), 'window': None})>
2019-11-25 19:02:23,340 - BDM-WAM 1574708518.5750089 - INFO - <Event(4-MouseMotion {'rel': (-5, 8), 'buttons': (0, 0, 0), 'pos': (553, 67), 'window': None})>
2019-11-25 19:02:23,358 - BDM-WAM 1574708518.5750089 - INFO - <Event(4-MouseMotion {'rel': (-8, 13), 'buttons': (0, 0, 0), 'pos': (545, 80), 'window': None})>
2019-11-25 19:02:23,375 - BDM-WAM 1574708518.5750089 - INFO - <Event(4-MouseMotion {'rel': (-5, 14), 'buttons': (0, 0, 0), 'pos': (540, 94), 'window': None})>
2019-11-25 19:02:23,447 - BDM-WAM 1574708518.5750089 - INFO - <Event(4-MouseMotion {'rel': (-13, 28), 'buttons': (0, 0, 0), 'pos': (527, 122), 'window': None})>
2019-11-25 19:02:23,452 - BDM-WAM 1574708518.5750089 - INFO - <Event(4-MouseMotion {'rel': (-1, 1), 'buttons': (0, 0, 0), 'pos': (526, 123), 'window': None})>
2019-11-25 19:02:23,469 - BDM-WAM 1574708518.5750089 - INFO - <Event(4-MouseMotion {'rel': (-1, 1), 'buttons': (0, 0, 0), 'pos': (525, 124), 'window': None})>
2019-11-25 19:02:23,486 - BDM-WAM 1574708518.5750089 - INFO - <Event(4-MouseMotion {'rel': (-1, 3), 'buttons': (0, 0, 0), 'pos': (524, 127), 'window': None})>
2019-11-25 19:02:23,503 - BDM-WAM 1574708518.5750089 - INFO - <Event(4-MouseMotion {'rel': (-2, 4), 'buttons': (0, 0, 0), 'pos': (522, 131), 'window': None})>
2019-11-25 19:02:23,520 - BDM-WAM 1574708518.5750089 - INFO - <Event(4-MouseMotion {'rel': (-3, 5), 'buttons': (0, 0, 0), 'pos': (519, 136), 'window': None})>
2019-11-25 19:02:23,538 - BDM-WAM 1574708518.5750089 - INFO - <Event(4-MouseMotion {'rel': (-6, 7), 'buttons': (0, 0, 0), 'pos': (513, 143), 'window': None})>
2019-11-25 19:02:23,553 - BDM-WAM 1574708518.5750089 - INFO - <Event(4-MouseMotion {'rel': (-3, 3), 'buttons': (0, 0, 0), 'pos': (510, 146), 'window': None})>
2019-11-25 19:02:23,570 - BDM-WAM 1574708518.5750089 - INFO - <Event(4-MouseMotion {'rel': (-3, 3), 'buttons': (0, 0, 0), 'pos': (507, 149), 'window': None})>
2019-11-25 19:02:23,587 - BDM-WAM 1574708518.5750089 - INFO - <Event(4-MouseMotion {'rel': (-5, 4), 'buttons': (0, 0, 0), 'pos': (502, 153), 'window': None})>
2019-11-25 19:02:23,603 - BDM-WAM 1574708518.5750089 - INFO - <Event(4-MouseMotion {'rel': (-9, 4), 'buttons': (0, 0, 0), 'pos': (493, 157), 'window': None})>
2019-11-25 19:02:23,621 - BDM-WAM 1574708518.5750089 - INFO - <Event(4-MouseMotion {'rel': (-29, 3), 'buttons': (0, 0, 0), 'pos': (464, 160), 'window': None})>
2019-11-25 19:02:23,637 - BDM-WAM 1574708518.5750089 - INFO - <Event(4-MouseMotion {'rel': (-32, -1), 'buttons': (0, 0, 0), 'pos': (432, 159), 'window': None})>
2019-11-25 19:02:23,653 - BDM-WAM 1574708518.5750089 - INFO - <Event(4-MouseMotion {'rel': (-41, -11), 'buttons': (0, 0, 0), 'pos': (391, 148), 'window': None})>
2019-11-25 19:02:23,670 - BDM-WAM 1574708518.5750089 - INFO - <Event(4-MouseMotion {'rel': (-41, -9), 'buttons': (0, 0, 0), 'pos': (350, 139), 'window': None})>
2019-11-25 19:02:23,686 - BDM-WAM 1574708518.5750089 - INFO - <Event(4-MouseMotion {'rel': (-34, -10), 'buttons': (0, 0, 0), 'pos': (316, 129), 'window': None})>
2019-11-25 19:02:23,703 - BDM-WAM 1574708518.5750089 - INFO - <Event(4-MouseMotion {'rel': (-25, -8), 'buttons': (0, 0, 0), 'pos': (291, 121), 'window': None})>
2019-11-25 19:02:23,721 - BDM-WAM 1574708518.5750089 - INFO - <Event(4-MouseMotion {'rel': (-29, -14), 'buttons': (0, 0, 0), 'pos': (262, 107), 'window': None})>
2019-11-25 19:02:23,737 - BDM-WAM 1574708518.5750089 - INFO - <Event(4-MouseMotion {'rel': (-13, -5), 'buttons': (0, 0, 0), 'pos': (249, 102), 'window': None})>
2019-11-25 19:02:23,754 - BDM-WAM 1574708518.5750089 - INFO - <Event(4-MouseMotion {'rel': (-8, -4), 'buttons': (0, 0, 0), 'pos': (241, 98), 'window': None})>
2019-11-25 19:02:23,771 - BDM-WAM 1574708518.5750089 - INFO - <Event(4-MouseMotion {'rel': (-7, -2), 'buttons': (0, 0, 0), 'pos': (234, 96), 'window': None})>
2019-11-25 19:02:23,788 - BDM-WAM 1574708518.5750089 - INFO - <Event(4-MouseMotion {'rel': (-5, -1), 'buttons': (0, 0, 0), 'pos': (229, 95), 'window': None})>
2019-11-25 19:02:23,805 - BDM-WAM 1574708518.5750089 - INFO - <Event(4-MouseMotion {'rel': (-7, -3), 'buttons': (0, 0, 0), 'pos': (222, 92), 'window': None})>
2019-11-25 19:02:23,822 - BDM-WAM 1574708518.5750089 - INFO - <Event(4-MouseMotion {'rel': (-3, -1), 'buttons': (0, 0, 0), 'pos': (219, 91), 'window': None})>
2019-11-25 19:02:23,839 - BDM-WAM 1574708518.5750089 - INFO - <Event(4-MouseMotion {'rel': (-2, 0), 'buttons': (0, 0, 0), 'pos': (217, 91), 'window': None})>
2019-11-25 19:02:23,857 - BDM-WAM 1574708518.5750089 - INFO - <Event(4-MouseMotion {'rel': (0, -1), 'buttons': (0, 0, 0), 'pos': (217, 90), 'window': None})>
2019-11-25 19:02:24,093 - BDM-WAM 1574708518.5750089 - INFO - <Event(4-MouseMotion {'rel': (-9, 1), 'buttons': (0, 0, 0), 'pos': (208, 91), 'window': None})>
2019-11-25 19:02:24,111 - BDM-WAM 1574708518.5750089 - INFO - <Event(4-MouseMotion {'rel': (-31, 2), 'buttons': (0, 0, 0), 'pos': (177, 93), 'window': None})>
2019-11-25 19:02:24,127 - BDM-WAM 1574708518.5750089 - INFO - <Event(4-MouseMotion {'rel': (-34, -8), 'buttons': (0, 0, 0), 'pos': (143, 85), 'window': None})>
2019-11-25 19:02:24,144 - BDM-WAM 1574708518.5750089 - INFO - <Event(4-MouseMotion {'rel': (-11, -4), 'buttons': (0, 0, 0), 'pos': (132, 81), 'window': None})>
2019-11-25 19:02:24,161 - BDM-WAM 1574708518.5750089 - INFO - <Event(4-MouseMotion {'rel': (-4, -2), 'buttons': (0, 0, 0), 'pos': (128, 79), 'window': None})>
2019-11-25 19:02:24,264 - BDM-WAM 1574708518.5750089 - INFO - <Event(5-MouseButtonDown {'window': None, 'button': 1, 'pos': (128, 79)})>
2019-11-25 19:02:24,265 - BDM-WAM 1574708518.5750089 - INFO - <Event(8-Pause {'reason': <bound method GameManager.pause of <game.GameManager object at 0x000001EC6C2FD9E8>> })>
2019-11-25 19:02:24,657 - BDM-WAM 1574708518.5750089 - INFO - <Event(7-Rate {'hit_conf': 3 })>
2019-11-25 19:02:24,996 - BDM-WAM 1574708518.5750089 - INFO - <Event(7-Rate {'reward_conf': 3 })>
2019-11-25 19:02:25,130 - BDM-WAM 1574708518.5750089 - INFO - <Event(7-Rate {'player_skill': 3 })>
2019-11-25 19:02:25,131 - BDM-WAM 1574708518.5750089 - INFO - <Event(9.1-TrueHit {'pos': (128,79),'distance: 48.83646178829912,'relative_loc: (33, 36),'window': None})>
2019-11-25 19:02:25,132 - BDM-WAM 1574708518.5750089 - INFO - <Event(11-Score {score_inc: 0,score: 0})>
2019-11-25 19:02:25,251 - BDM-WAM 1574708518.5750089 - INFO - <Event(3-KeyUp {'key': 51, 'mod': 0, 'window': None, 'scancode': 4})>
2019-11-25 19:02:25,724 - BDM-WAM 1574708518.5750089 - INFO - <Event(10-MoleUp) {'loc': (603,11)})>
2019-11-25 19:02:25,879 - BDM-WAM 1574708518.5750089 - INFO - <Event(2-KeyDown {'key': 112, 'unicode': 'p', 'mod': 0, 'window': None, 'scancode': 25})>
2019-11-25 19:02:25,879 - BDM-WAM 1574708518.5750089 - INFO - <Event(8-Pause {'reason': <bound method GameManager.pause of <game.GameManager object at 0x000001EC6C2FD9E8>> })>
2019-11-25 19:02:27,004 - BDM-WAM 1574708518.5750089 - INFO - ************* HAPPY ANALYSING... LOG COMPLETE!!! ************* 
