2019-11-23 17:59:25,681 - BDM-WAM 1574531965.4432702 - INFO - <Event(17-VideoExpose {})>
2019-11-23 17:59:26,963 - BDM-WAM 1574531965.4432702 - INFO - <Event(1-ActiveEvent {'gain': 0, 'state': 1})>
2019-11-23 17:59:26,965 - BDM-WAM 1574531965.4432702 - INFO - <Event(4-MouseMotion {'rel': (322, 677), 'buttons': (0, 0, 0), 'pos': (321, 676), 'window': None})>
2019-11-23 17:59:26,965 - BDM-WAM 1574531965.4432702 - INFO - <Event(1-ActiveEvent {'gain': 1, 'state': 1})>
2019-11-23 17:59:26,966 - BDM-WAM 1574531965.4432702 - INFO - <Event(4-MouseMotion {'rel': (9, 8), 'buttons': (0, 0, 0), 'pos': (330, 684), 'window': None})>
2019-11-23 17:59:26,967 - BDM-WAM 1574531965.4432702 - INFO - <Event(1-ActiveEvent {'gain': 0, 'state': 1})>
2019-11-23 17:59:27,228 - BDM-WAM 1574531965.4432702 - INFO - <Event(3-KeyUp {'scancode': 46, 'key': 99, 'window': None, 'mod': 0})>
2019-11-23 17:59:28,268 - BDM-WAM 1574531965.4432702 - INFO - <Event(4-MouseMotion {'rel': (1, -3), 'buttons': (0, 0, 0), 'pos': (639, 729), 'window': None})>
2019-11-23 17:59:28,286 - BDM-WAM 1574531965.4432702 - INFO - <Event(4-MouseMotion {'rel': (-15, -31), 'buttons': (0, 0, 0), 'pos': (624, 698), 'window': None})>
2019-11-23 17:59:28,302 - BDM-WAM 1574531965.4432702 - INFO - <Event(4-MouseMotion {'rel': (-112, -132), 'buttons': (0, 0, 0), 'pos': (512, 566), 'window': None})>
2019-11-23 17:59:28,320 - BDM-WAM 1574531965.4432702 - INFO - <Event(4-MouseMotion {'rel': (-287, -204), 'buttons': (0, 0, 0), 'pos': (225, 362), 'window': None})>
2019-11-23 17:59:28,337 - BDM-WAM 1574531965.4432702 - INFO - <Event(4-MouseMotion {'rel': (-214, -108), 'buttons': (0, 0, 0), 'pos': (11, 254), 'window': None})>
2019-11-23 17:59:28,353 - BDM-WAM 1574531965.4432702 - INFO - <Event(4-MouseMotion {'rel': (-11, -21), 'buttons': (0, 0, 0), 'pos': (0, 233), 'window': None})>
2019-11-23 17:59:28,466 - BDM-WAM 1574531965.4432702 - INFO - <Event(1-ActiveEvent {'gain': 0, 'state': 1})>
2019-11-23 17:59:28,578 - BDM-WAM 1574531965.4432702 - INFO - <Event(1-ActiveEvent {'gain': 1, 'state': 1})>
2019-11-23 17:59:28,578 - BDM-WAM 1574531965.4432702 - INFO - <Event(4-MouseMotion {'rel': (452, 373), 'buttons': (0, 0, 0), 'pos': (452, 606), 'window': None})>
2019-11-23 17:59:28,588 - BDM-WAM 1574531965.4432702 - INFO - <Event(4-MouseMotion {'rel': (23, 17), 'buttons': (0, 0, 0), 'pos': (475, 623), 'window': None})>
2019-11-23 17:59:28,697 - BDM-WAM 1574531965.4432702 - INFO - <Event(4-MouseMotion {'rel': (17, 13), 'buttons': (0, 0, 0), 'pos': (492, 636), 'window': None})>
2019-11-23 17:59:28,795 - BDM-WAM 1574531965.4432702 - INFO - <Event(4-MouseMotion {'rel': (-33, -62), 'buttons': (0, 0, 0), 'pos': (459, 574), 'window': None})>
2019-11-23 17:59:28,811 - BDM-WAM 1574531965.4432702 - INFO - <Event(4-MouseMotion {'rel': (-24, -26), 'buttons': (0, 0, 0), 'pos': (435, 548), 'window': None})>
2019-11-23 17:59:28,829 - BDM-WAM 1574531965.4432702 - INFO - <Event(4-MouseMotion {'rel': (-14, -17), 'buttons': (0, 0, 0), 'pos': (421, 531), 'window': None})>
2019-11-23 17:59:28,846 - BDM-WAM 1574531965.4432702 - INFO - <Event(4-MouseMotion {'rel': (-4, -4), 'buttons': (0, 0, 0), 'pos': (417, 527), 'window': None})>
2019-11-23 17:59:28,879 - BDM-WAM 1574531965.4432702 - INFO - <Event(4-MouseMotion {'rel': (-1, -2), 'buttons': (0, 0, 0), 'pos': (416, 525), 'window': None})>
2019-11-23 17:59:29,017 - BDM-WAM 1574531965.4432702 - INFO - <Event(4-MouseMotion {'rel': (11, -6), 'buttons': (0, 0, 0), 'pos': (427, 519), 'window': None})>
2019-11-23 17:59:29,033 - BDM-WAM 1574531965.4432702 - INFO - <Event(4-MouseMotion {'rel': (11, -5), 'buttons': (0, 0, 0), 'pos': (438, 514), 'window': None})>
2019-11-23 17:59:29,051 - BDM-WAM 1574531965.4432702 - INFO - <Event(4-MouseMotion {'rel': (8, -5), 'buttons': (0, 0, 0), 'pos': (446, 509), 'window': None})>
2019-11-23 17:59:29,068 - BDM-WAM 1574531965.4432702 - INFO - <Event(4-MouseMotion {'rel': (5, -5), 'buttons': (0, 0, 0), 'pos': (451, 504), 'window': None})>
2019-11-23 17:59:29,084 - BDM-WAM 1574531965.4432702 - INFO - <Event(4-MouseMotion {'rel': (4, -11), 'buttons': (0, 0, 0), 'pos': (455, 493), 'window': None})>
2019-11-23 17:59:29,204 - BDM-WAM 1574531965.4432702 - INFO - <Event(4-MouseMotion {'rel': (50, -47), 'buttons': (0, 0, 0), 'pos': (505, 446), 'window': None})>
2019-11-23 17:59:29,331 - BDM-WAM 1574531965.4432702 - INFO - <Event(4-MouseMotion {'rel': (8, -2), 'buttons': (0, 0, 0), 'pos': (513, 444), 'window': None})>
2019-11-23 17:59:29,477 - BDM-WAM 1574531965.4432702 - INFO - <Event(4-MouseMotion {'rel': (-2, -14), 'buttons': (0, 0, 0), 'pos': (511, 430), 'window': None})>
2019-11-23 17:59:29,496 - BDM-WAM 1574531965.4432702 - INFO - <Event(4-MouseMotion {'rel': (-8, -42), 'buttons': (0, 0, 0), 'pos': (503, 388), 'window': None})>
2019-11-23 17:59:29,511 - BDM-WAM 1574531965.4432702 - INFO - <Event(4-MouseMotion {'rel': (-9, -54), 'buttons': (0, 0, 0), 'pos': (494, 334), 'window': None})>
2019-11-23 17:59:29,527 - BDM-WAM 1574531965.4432702 - INFO - <Event(4-MouseMotion {'rel': (-20, -67), 'buttons': (0, 0, 0), 'pos': (474, 267), 'window': None})>
2019-11-23 17:59:29,545 - BDM-WAM 1574531965.4432702 - INFO - <Event(4-MouseMotion {'rel': (-28, -64), 'buttons': (0, 0, 0), 'pos': (446, 203), 'window': None})>
2019-11-23 17:59:29,560 - BDM-WAM 1574531965.4432702 - INFO - <Event(4-MouseMotion {'rel': (-13, -25), 'buttons': (0, 0, 0), 'pos': (433, 178), 'window': None})>
2019-11-23 17:59:29,577 - BDM-WAM 1574531965.4432702 - INFO - <Event(4-MouseMotion {'rel': (-2, -6), 'buttons': (0, 0, 0), 'pos': (431, 172), 'window': None})>
2019-11-23 17:59:29,712 - BDM-WAM 1574531965.4432702 - INFO - <Event(4-MouseMotion {'rel': (1, -1), 'buttons': (0, 0, 0), 'pos': (432, 171), 'window': None})>
2019-11-23 17:59:29,729 - BDM-WAM 1574531965.4432702 - INFO - <Event(4-MouseMotion {'rel': (16, -4), 'buttons': (0, 0, 0), 'pos': (448, 167), 'window': None})>
2019-11-23 17:59:29,746 - BDM-WAM 1574531965.4432702 - INFO - <Event(4-MouseMotion {'rel': (22, -1), 'buttons': (0, 0, 0), 'pos': (470, 166), 'window': None})>
2019-11-23 17:59:29,764 - BDM-WAM 1574531965.4432702 - INFO - <Event(4-MouseMotion {'rel': (17, 2), 'buttons': (0, 0, 0), 'pos': (487, 168), 'window': None})>
2019-11-23 17:59:29,781 - BDM-WAM 1574531965.4432702 - INFO - <Event(4-MouseMotion {'rel': (9, 1), 'buttons': (0, 0, 0), 'pos': (496, 169), 'window': None})>
2019-11-23 17:59:29,797 - BDM-WAM 1574531965.4432702 - INFO - <Event(4-MouseMotion {'rel': (2, 0), 'buttons': (0, 0, 0), 'pos': (498, 169), 'window': None})>
2019-11-23 17:59:29,866 - BDM-WAM 1574531965.4432702 - INFO - <Event(4-MouseMotion {'rel': (1, 0), 'buttons': (0, 0, 0), 'pos': (499, 169), 'window': None})>
2019-11-23 17:59:29,984 - BDM-WAM 1574531965.4432702 - INFO - <Event(5-MouseButtonDown {'button': 1, 'pos': (499, 169), 'window': None})>
2019-11-23 17:59:29,985 - BDM-WAM 1574531965.4432702 - INFO - <Event(9.1-True Hit {'pos': (499,169),'distance: 61.032778078668514,'relative_loc: (35, 50),'window': None})>
2019-11-23 17:59:30,097 - BDM-WAM 1574531965.4432702 - INFO - <Event(6-MouseButtonUp {'button': 1, 'pos': (499, 169), 'window': None})>
2019-11-23 17:59:30,256 - BDM-WAM 1574531965.4432702 - INFO - <Event(4-MouseMotion {'rel': (0, 7), 'buttons': (0, 0, 0), 'pos': (499, 176), 'window': None})>
2019-11-23 17:59:30,273 - BDM-WAM 1574531965.4432702 - INFO - <Event(4-MouseMotion {'rel': (1, 8), 'buttons': (0, 0, 0), 'pos': (500, 184), 'window': None})>
2019-11-23 17:59:30,292 - BDM-WAM 1574531965.4432702 - INFO - <Event(4-MouseMotion {'rel': (0, 9), 'buttons': (0, 0, 0), 'pos': (500, 193), 'window': None})>
2019-11-23 17:59:30,406 - BDM-WAM 1574531965.4432702 - INFO - <Event(4-MouseMotion {'rel': (-3, 29), 'buttons': (0, 0, 0), 'pos': (497, 222), 'window': None})>
2019-11-23 17:59:30,729 - BDM-WAM 1574531965.4432702 - INFO - <Event(4-MouseMotion {'rel': (-4, -2), 'buttons': (0, 0, 0), 'pos': (493, 220), 'window': None})>
2019-11-23 17:59:30,814 - BDM-WAM 1574531965.4432702 - INFO - <Event(4-MouseMotion {'rel': (-1, 1), 'buttons': (0, 0, 0), 'pos': (492, 221), 'window': None})>
2019-11-23 17:59:30,831 - BDM-WAM 1574531965.4432702 - INFO - <Event(4-MouseMotion {'rel': (-5, 20), 'buttons': (0, 0, 0), 'pos': (487, 241), 'window': None})>
2019-11-23 17:59:30,848 - BDM-WAM 1574531965.4432702 - INFO - <Event(4-MouseMotion {'rel': (-6, 27), 'buttons': (0, 0, 0), 'pos': (481, 268), 'window': None})>
2019-11-23 17:59:30,866 - BDM-WAM 1574531965.4432702 - INFO - <Event(4-MouseMotion {'rel': (-6, 30), 'buttons': (0, 0, 0), 'pos': (475, 298), 'window': None})>
2019-11-23 17:59:30,882 - BDM-WAM 1574531965.4432702 - INFO - <Event(4-MouseMotion {'rel': (-3, 38), 'buttons': (0, 0, 0), 'pos': (472, 336), 'window': None})>
2019-11-23 17:59:30,900 - BDM-WAM 1574531965.4432702 - INFO - <Event(4-MouseMotion {'rel': (-4, 42), 'buttons': (0, 0, 0), 'pos': (468, 378), 'window': None})>
2019-11-23 17:59:31,013 - BDM-WAM 1574531965.4432702 - INFO - <Event(4-MouseMotion {'rel': (0, 31), 'buttons': (0, 0, 0), 'pos': (468, 409), 'window': None})>
2019-11-23 17:59:31,141 - BDM-WAM 1574531965.4432702 - INFO - <Event(4-MouseMotion {'rel': (0, -19), 'buttons': (0, 0, 0), 'pos': (468, 390), 'window': None})>
2019-11-23 17:59:31,276 - BDM-WAM 1574531965.4432702 - INFO - <Event(4-MouseMotion {'rel': (-21, -90), 'buttons': (0, 0, 0), 'pos': (447, 300), 'window': None})>
2019-11-23 17:59:31,298 - BDM-WAM 1574531965.4432702 - INFO - <Event(4-MouseMotion {'rel': (-1, 0), 'buttons': (0, 0, 0), 'pos': (446, 300), 'window': None})>
2019-11-23 17:59:31,315 - BDM-WAM 1574531965.4432702 - INFO - <Event(4-MouseMotion {'rel': (-6, 0), 'buttons': (0, 0, 0), 'pos': (440, 300), 'window': None})>
2019-11-23 17:59:31,331 - BDM-WAM 1574531965.4432702 - INFO - <Event(4-MouseMotion {'rel': (-7, 6), 'buttons': (0, 0, 0), 'pos': (433, 306), 'window': None})>
2019-11-23 17:59:31,348 - BDM-WAM 1574531965.4432702 - INFO - <Event(4-MouseMotion {'rel': (-20, 35), 'buttons': (0, 0, 0), 'pos': (413, 341), 'window': None})>
2019-11-23 17:59:31,364 - BDM-WAM 1574531965.4432702 - INFO - <Event(4-MouseMotion {'rel': (-12, 50), 'buttons': (0, 0, 0), 'pos': (401, 391), 'window': None})>
2019-11-23 17:59:31,381 - BDM-WAM 1574531965.4432702 - INFO - <Event(4-MouseMotion {'rel': (-2, 46), 'buttons': (0, 0, 0), 'pos': (399, 437), 'window': None})>
2019-11-23 17:59:31,398 - BDM-WAM 1574531965.4432702 - INFO - <Event(4-MouseMotion {'rel': (8, 33), 'buttons': (0, 0, 0), 'pos': (407, 470), 'window': None})>
2019-11-23 17:59:31,416 - BDM-WAM 1574531965.4432702 - INFO - <Event(4-MouseMotion {'rel': (11, 19), 'buttons': (0, 0, 0), 'pos': (418, 489), 'window': None})>
2019-11-23 17:59:31,432 - BDM-WAM 1574531965.4432702 - INFO - <Event(4-MouseMotion {'rel': (6, 9), 'buttons': (0, 0, 0), 'pos': (424, 498), 'window': None})>
2019-11-23 17:59:31,448 - BDM-WAM 1574531965.4432702 - INFO - <Event(4-MouseMotion {'rel': (3, 2), 'buttons': (0, 0, 0), 'pos': (427, 500), 'window': None})>
2019-11-23 17:59:31,465 - BDM-WAM 1574531965.4432702 - INFO - <Event(4-MouseMotion {'rel': (1, 1), 'buttons': (0, 0, 0), 'pos': (428, 501), 'window': None})>
2019-11-23 17:59:31,482 - BDM-WAM 1574531965.4432702 - INFO - <Event(4-MouseMotion {'rel': (2, 1), 'buttons': (0, 0, 0), 'pos': (430, 502), 'window': None})>
2019-11-23 17:59:31,499 - BDM-WAM 1574531965.4432702 - INFO - <Event(4-MouseMotion {'rel': (13, 7), 'buttons': (0, 0, 0), 'pos': (443, 509), 'window': None})>
2019-11-23 17:59:31,515 - BDM-WAM 1574531965.4432702 - INFO - <Event(4-MouseMotion {'rel': (3, 3), 'buttons': (0, 0, 0), 'pos': (446, 512), 'window': None})>
2019-11-23 17:59:31,532 - BDM-WAM 1574531965.4432702 - INFO - <Event(4-MouseMotion {'rel': (0, 1), 'buttons': (0, 0, 0), 'pos': (446, 513), 'window': None})>
2019-11-23 17:59:31,551 - BDM-WAM 1574531965.4432702 - INFO - <Event(4-MouseMotion {'rel': (3, 1), 'buttons': (0, 0, 0), 'pos': (449, 514), 'window': None})>
2019-11-23 17:59:31,568 - BDM-WAM 1574531965.4432702 - INFO - <Event(4-MouseMotion {'rel': (5, 2), 'buttons': (0, 0, 0), 'pos': (454, 516), 'window': None})>
2019-11-23 17:59:31,584 - BDM-WAM 1574531965.4432702 - INFO - <Event(4-MouseMotion {'rel': (3, 1), 'buttons': (0, 0, 0), 'pos': (457, 517), 'window': None})>
2019-11-23 17:59:31,601 - BDM-WAM 1574531965.4432702 - INFO - <Event(4-MouseMotion {'rel': (2, 1), 'buttons': (0, 0, 0), 'pos': (459, 518), 'window': None})>
2019-11-23 17:59:31,737 - BDM-WAM 1574531965.4432702 - INFO - <Event(5-MouseButtonDown {'button': 1, 'pos': (459, 518), 'window': None})>
2019-11-23 17:59:31,737 - BDM-WAM 1574531965.4432702 - INFO - <Event(8-Pause {'reason': <bound method GameManager.pause of <game.GameManager object at 0x000001C858A43358>> })>
2019-11-23 17:59:32,692 - BDM-WAM 1574531965.4432702 - INFO - <Event(7-Rate {'': hit_conf49 })>
2019-11-23 17:59:33,103 - BDM-WAM 1574531965.4432702 - INFO - <Event(7-Rate {'': reward_conf49 })>
2019-11-23 17:59:33,354 - BDM-WAM 1574531965.4432702 - INFO - <Event(7-Rate {'': player_skill49 })>
2019-11-23 17:59:33,354 - BDM-WAM 1574531965.4432702 - INFO - <Event(9.1-True Hit {'pos': (459,518),'distance: 67.42403132415029,'relative_loc: (55, 39),'window': None})>
2019-11-23 17:59:33,500 - BDM-WAM 1574531965.4432702 - INFO - <Event(3-KeyUp {'scancode': 2, 'key': 49, 'window': None, 'mod': 0})>
2019-11-23 17:59:33,551 - BDM-WAM 1574531965.4432702 - INFO - <Event(4-MouseMotion {'rel': (0, 1), 'buttons': (0, 0, 0), 'pos': (451, 526), 'window': None})>
2019-11-23 17:59:33,568 - BDM-WAM 1574531965.4432702 - INFO - <Event(4-MouseMotion {'rel': (-1, 0), 'buttons': (0, 0, 0), 'pos': (450, 526), 'window': None})>
2019-11-23 17:59:33,653 - BDM-WAM 1574531965.4432702 - INFO - <Event(4-MouseMotion {'rel': (-2, 0), 'buttons': (0, 0, 0), 'pos': (448, 526), 'window': None})>
2019-11-23 17:59:33,776 - BDM-WAM 1574531965.4432702 - INFO - <Event(4-MouseMotion {'rel': (-4, 1), 'buttons': (0, 0, 0), 'pos': (444, 527), 'window': None})>
2019-11-23 17:59:33,900 - BDM-WAM 1574531965.4432702 - INFO - <Event(4-MouseMotion {'rel': (-1, 0), 'buttons': (0, 0, 0), 'pos': (443, 527), 'window': None})>
2019-11-23 17:59:34,106 - BDM-WAM 1574531965.4432702 - INFO - <Event(4-MouseMotion {'rel': (-3, -56), 'buttons': (0, 0, 0), 'pos': (440, 471), 'window': None})>
2019-11-23 17:59:34,123 - BDM-WAM 1574531965.4432702 - INFO - <Event(4-MouseMotion {'rel': (3, -18), 'buttons': (0, 0, 0), 'pos': (443, 453), 'window': None})>
2019-11-23 17:59:34,139 - BDM-WAM 1574531965.4432702 - INFO - <Event(4-MouseMotion {'rel': (5, -21), 'buttons': (0, 0, 0), 'pos': (448, 432), 'window': None})>
2019-11-23 17:59:34,156 - BDM-WAM 1574531965.4432702 - INFO - <Event(4-MouseMotion {'rel': (6, -29), 'buttons': (0, 0, 0), 'pos': (454, 403), 'window': None})>
2019-11-23 17:59:34,173 - BDM-WAM 1574531965.4432702 - INFO - <Event(4-MouseMotion {'rel': (7, -25), 'buttons': (0, 0, 0), 'pos': (461, 378), 'window': None})>
2019-11-23 17:59:34,190 - BDM-WAM 1574531965.4432702 - INFO - <Event(4-MouseMotion {'rel': (5, -15), 'buttons': (0, 0, 0), 'pos': (466, 363), 'window': None})>
2019-11-23 17:59:34,207 - BDM-WAM 1574531965.4432702 - INFO - <Event(4-MouseMotion {'rel': (2, -9), 'buttons': (0, 0, 0), 'pos': (468, 354), 'window': None})>
2019-11-23 17:59:34,224 - BDM-WAM 1574531965.4432702 - INFO - <Event(4-MouseMotion {'rel': (1, -4), 'buttons': (0, 0, 0), 'pos': (469, 350), 'window': None})>
2019-11-23 17:59:34,241 - BDM-WAM 1574531965.4432702 - INFO - <Event(4-MouseMotion {'rel': (0, -1), 'buttons': (0, 0, 0), 'pos': (469, 349), 'window': None})>
2019-11-23 17:59:34,525 - BDM-WAM 1574531965.4432702 - INFO - <Event(4-MouseMotion {'rel': (-7, -59), 'buttons': (0, 0, 0), 'pos': (462, 290), 'window': None})>
2019-11-23 17:59:34,631 - BDM-WAM 1574531965.4432702 - INFO - <Event(4-MouseMotion {'rel': (-1, -75), 'buttons': (0, 0, 0), 'pos': (461, 215), 'window': None})>
2019-11-23 17:59:34,650 - BDM-WAM 1574531965.4432702 - INFO - <Event(4-MouseMotion {'rel': (0, 4), 'buttons': (0, 0, 0), 'pos': (461, 219), 'window': None})>
2019-11-23 17:59:34,669 - BDM-WAM 1574531965.4432702 - INFO - <Event(4-MouseMotion {'rel': (18, 92), 'buttons': (0, 0, 0), 'pos': (479, 311), 'window': None})>
2019-11-23 17:59:34,685 - BDM-WAM 1574531965.4432702 - INFO - <Event(4-MouseMotion {'rel': (15, 96), 'buttons': (0, 0, 0), 'pos': (494, 407), 'window': None})>
2019-11-23 17:59:34,702 - BDM-WAM 1574531965.4432702 - INFO - <Event(4-MouseMotion {'rel': (7, 89), 'buttons': (0, 0, 0), 'pos': (501, 496), 'window': None})>
2019-11-23 17:59:34,719 - BDM-WAM 1574531965.4432702 - INFO - <Event(4-MouseMotion {'rel': (1, 51), 'buttons': (0, 0, 0), 'pos': (502, 547), 'window': None})>
2019-11-23 17:59:34,736 - BDM-WAM 1574531965.4432702 - INFO - <Event(4-MouseMotion {'rel': (0, 24), 'buttons': (0, 0, 0), 'pos': (502, 571), 'window': None})>
2019-11-23 17:59:34,753 - BDM-WAM 1574531965.4432702 - INFO - <Event(4-MouseMotion {'rel': (0, 6), 'buttons': (0, 0, 0), 'pos': (502, 577), 'window': None})>
2019-11-23 17:59:34,839 - BDM-WAM 1574531965.4432702 - INFO - <Event(4-MouseMotion {'rel': (-2, 1), 'buttons': (0, 0, 0), 'pos': (500, 578), 'window': None})>
2019-11-23 17:59:34,856 - BDM-WAM 1574531965.4432702 - INFO - <Event(4-MouseMotion {'rel': (-3, 0), 'buttons': (0, 0, 0), 'pos': (497, 578), 'window': None})>
2019-11-23 17:59:34,890 - BDM-WAM 1574531965.4432702 - INFO - <Event(4-MouseMotion {'rel': (-2, 0), 'buttons': (0, 0, 0), 'pos': (495, 578), 'window': None})>
2019-11-23 17:59:34,908 - BDM-WAM 1574531965.4432702 - INFO - <Event(4-MouseMotion {'rel': (-4, 0), 'buttons': (0, 0, 0), 'pos': (491, 578), 'window': None})>
2019-11-23 17:59:34,925 - BDM-WAM 1574531965.4432702 - INFO - <Event(4-MouseMotion {'rel': (-4, -2), 'buttons': (0, 0, 0), 'pos': (487, 576), 'window': None})>
2019-11-23 17:59:34,942 - BDM-WAM 1574531965.4432702 - INFO - <Event(4-MouseMotion {'rel': (-12, -6), 'buttons': (0, 0, 0), 'pos': (475, 570), 'window': None})>
2019-11-23 17:59:34,958 - BDM-WAM 1574531965.4432702 - INFO - <Event(4-MouseMotion {'rel': (-20, -19), 'buttons': (0, 0, 0), 'pos': (455, 551), 'window': None})>
2019-11-23 17:59:34,976 - BDM-WAM 1574531965.4432702 - INFO - <Event(4-MouseMotion {'rel': (-15, -18), 'buttons': (0, 0, 0), 'pos': (440, 533), 'window': None})>
2019-11-23 17:59:34,992 - BDM-WAM 1574531965.4432702 - INFO - <Event(4-MouseMotion {'rel': (-5, -6), 'buttons': (0, 0, 0), 'pos': (435, 527), 'window': None})>
2019-11-23 17:59:35,009 - BDM-WAM 1574531965.4432702 - INFO - <Event(4-MouseMotion {'rel': (0, -2), 'buttons': (0, 0, 0), 'pos': (435, 525), 'window': None})>
2019-11-23 17:59:35,146 - BDM-WAM 1574531965.4432702 - INFO - <Event(5-MouseButtonDown {'button': 1, 'pos': (435, 525), 'window': None})>
2019-11-23 17:59:35,147 - BDM-WAM 1574531965.4432702 - INFO - <Event(9.1-True Hit {'pos': (435,525),'distance: 55.47071299343465,'relative_loc: (31, 46),'window': None})>
2019-11-23 17:59:35,271 - BDM-WAM 1574531965.4432702 - INFO - <Event(6-MouseButtonUp {'button': 1, 'pos': (435, 525), 'window': None})>
2019-11-23 17:59:36,067 - BDM-WAM 1574531965.4432702 - INFO - <Event(4-MouseMotion {'rel': (2, -7), 'buttons': (0, 0, 0), 'pos': (437, 518), 'window': None})>
2019-11-23 17:59:36,182 - BDM-WAM 1574531965.4432702 - INFO - <Event(4-MouseMotion {'rel': (3, -13), 'buttons': (0, 0, 0), 'pos': (440, 505), 'window': None})>
2019-11-23 17:59:36,330 - BDM-WAM 1574531965.4432702 - INFO - <Event(4-MouseMotion {'rel': (-8, -102), 'buttons': (0, 0, 0), 'pos': (432, 403), 'window': None})>
2019-11-23 17:59:36,441 - BDM-WAM 1574531965.4432702 - INFO - <Event(4-MouseMotion {'rel': (-15, -37), 'buttons': (0, 0, 0), 'pos': (417, 366), 'window': None})>
2019-11-23 17:59:36,447 - BDM-WAM 1574531965.4432702 - INFO - <Event(4-MouseMotion {'rel': (-2, -1), 'buttons': (0, 0, 0), 'pos': (415, 365), 'window': None})>
2019-11-23 17:59:36,462 - BDM-WAM 1574531965.4432702 - INFO - <Event(4-MouseMotion {'rel': (-16, -23), 'buttons': (0, 0, 0), 'pos': (399, 342), 'window': None})>
2019-11-23 17:59:36,478 - BDM-WAM 1574531965.4432702 - INFO - <Event(4-MouseMotion {'rel': (-17, -19), 'buttons': (0, 0, 0), 'pos': (382, 323), 'window': None})>
2019-11-23 17:59:36,495 - BDM-WAM 1574531965.4432702 - INFO - <Event(4-MouseMotion {'rel': (-19, -24), 'buttons': (0, 0, 0), 'pos': (363, 299), 'window': None})>
2019-11-23 17:59:36,512 - BDM-WAM 1574531965.4432702 - INFO - <Event(4-MouseMotion {'rel': (-17, -21), 'buttons': (0, 0, 0), 'pos': (346, 278), 'window': None})>
2019-11-23 17:59:36,531 - BDM-WAM 1574531965.4432702 - INFO - <Event(4-MouseMotion {'rel': (-20, -20), 'buttons': (0, 0, 0), 'pos': (326, 258), 'window': None})>
2019-11-23 17:59:36,546 - BDM-WAM 1574531965.4432702 - INFO - <Event(4-MouseMotion {'rel': (-7, -7), 'buttons': (0, 0, 0), 'pos': (319, 251), 'window': None})>
2019-11-23 17:59:36,564 - BDM-WAM 1574531965.4432702 - INFO - <Event(4-MouseMotion {'rel': (-2, -3), 'buttons': (0, 0, 0), 'pos': (317, 248), 'window': None})>
2019-11-23 17:59:36,581 - BDM-WAM 1574531965.4432702 - INFO - <Event(4-MouseMotion {'rel': (-2, -1), 'buttons': (0, 0, 0), 'pos': (315, 247), 'window': None})>
2019-11-23 17:59:36,601 - BDM-WAM 1574531965.4432702 - INFO - <Event(4-MouseMotion {'rel': (-2, -1), 'buttons': (0, 0, 0), 'pos': (313, 246), 'window': None})>
2019-11-23 17:59:36,617 - BDM-WAM 1574531965.4432702 - INFO - <Event(4-MouseMotion {'rel': (-6, -3), 'buttons': (0, 0, 0), 'pos': (307, 243), 'window': None})>
2019-11-23 17:59:36,634 - BDM-WAM 1574531965.4432702 - INFO - <Event(4-MouseMotion {'rel': (-20, -9), 'buttons': (0, 0, 0), 'pos': (287, 234), 'window': None})>
2019-11-23 17:59:36,651 - BDM-WAM 1574531965.4432702 - INFO - <Event(4-MouseMotion {'rel': (-30, -12), 'buttons': (0, 0, 0), 'pos': (257, 222), 'window': None})>
2019-11-23 17:59:36,670 - BDM-WAM 1574531965.4432702 - INFO - <Event(4-MouseMotion {'rel': (-33, -13), 'buttons': (0, 0, 0), 'pos': (224, 209), 'window': None})>
2019-11-23 17:59:36,685 - BDM-WAM 1574531965.4432702 - INFO - <Event(4-MouseMotion {'rel': (-16, -5), 'buttons': (0, 0, 0), 'pos': (208, 204), 'window': None})>
2019-11-23 17:59:36,701 - BDM-WAM 1574531965.4432702 - INFO - <Event(4-MouseMotion {'rel': (-9, -4), 'buttons': (0, 0, 0), 'pos': (199, 200), 'window': None})>
2019-11-23 17:59:36,719 - BDM-WAM 1574531965.4432702 - INFO - <Event(4-MouseMotion {'rel': (-3, -1), 'buttons': (0, 0, 0), 'pos': (196, 199), 'window': None})>
2019-11-23 17:59:36,886 - BDM-WAM 1574531965.4432702 - INFO - <Event(5-MouseButtonDown {'button': 1, 'pos': (196, 199), 'window': None})>
2019-11-23 17:59:36,886 - BDM-WAM 1574531965.4432702 - INFO - <Event(8-Pause {'reason': <bound method GameManager.pause of <game.GameManager object at 0x000001C858A43358>> })>
2019-11-23 17:59:37,776 - BDM-WAM 1574531965.4432702 - INFO - <Event(7-Rate {'': hit_conf50 })>
2019-11-23 17:59:38,033 - BDM-WAM 1574531965.4432702 - INFO - <Event(7-Rate {'': reward_conf50 })>
2019-11-23 17:59:38,197 - BDM-WAM 1574531965.4432702 - INFO - <Event(7-Rate {'': player_skill50 })>
2019-11-23 17:59:38,198 - BDM-WAM 1574531965.4432702 - INFO - <Event(9.1-True Hit {'pos': (196,199),'distance: 34.48187929913333,'relative_loc: (17, 30),'window': None})>
2019-11-23 17:59:38,327 - BDM-WAM 1574531965.4432702 - INFO - <Event(3-KeyUp {'scancode': 3, 'key': 50, 'window': None, 'mod': 0})>
2019-11-23 17:59:38,397 - BDM-WAM 1574531965.4432702 - INFO - <Event(4-MouseMotion {'rel': (1, 2), 'buttons': (0, 0, 0), 'pos': (203, 219), 'window': None})>
2019-11-23 17:59:38,414 - BDM-WAM 1574531965.4432702 - INFO - <Event(4-MouseMotion {'rel': (0, 1), 'buttons': (0, 0, 0), 'pos': (203, 220), 'window': None})>
2019-11-23 17:59:38,435 - BDM-WAM 1574531965.4432702 - INFO - <Event(4-MouseMotion {'rel': (1, 5), 'buttons': (0, 0, 0), 'pos': (204, 225), 'window': None})>
2019-11-23 17:59:38,465 - BDM-WAM 1574531965.4432702 - INFO - <Event(4-MouseMotion {'rel': (0, 1), 'buttons': (0, 0, 0), 'pos': (204, 226), 'window': None})>
2019-11-23 17:59:38,619 - BDM-WAM 1574531965.4432702 - INFO - <Event(4-MouseMotion {'rel': (0, 3), 'buttons': (0, 0, 0), 'pos': (204, 229), 'window': None})>
2019-11-23 17:59:38,940 - BDM-WAM 1574531965.4432702 - INFO - <Event(4-MouseMotion {'rel': (24, -8), 'buttons': (0, 0, 0), 'pos': (228, 221), 'window': None})>
2019-11-23 17:59:38,957 - BDM-WAM 1574531965.4432702 - INFO - <Event(4-MouseMotion {'rel': (5, 2), 'buttons': (0, 0, 0), 'pos': (233, 223), 'window': None})>
2019-11-23 17:59:38,973 - BDM-WAM 1574531965.4432702 - INFO - <Event(4-MouseMotion {'rel': (24, 15), 'buttons': (0, 0, 0), 'pos': (257, 238), 'window': None})>
2019-11-23 17:59:38,991 - BDM-WAM 1574531965.4432702 - INFO - <Event(4-MouseMotion {'rel': (37, 25), 'buttons': (0, 0, 0), 'pos': (294, 263), 'window': None})>
2019-11-23 17:59:39,007 - BDM-WAM 1574531965.4432702 - INFO - <Event(4-MouseMotion {'rel': (44, 31), 'buttons': (0, 0, 0), 'pos': (338, 294), 'window': None})>
2019-11-23 17:59:39,024 - BDM-WAM 1574531965.4432702 - INFO - <Event(4-MouseMotion {'rel': (27, 19), 'buttons': (0, 0, 0), 'pos': (365, 313), 'window': None})>
2019-11-23 17:59:39,041 - BDM-WAM 1574531965.4432702 - INFO - <Event(4-MouseMotion {'rel': (28, 18), 'buttons': (0, 0, 0), 'pos': (393, 331), 'window': None})>
2019-11-23 17:59:39,057 - BDM-WAM 1574531965.4432702 - INFO - <Event(4-MouseMotion {'rel': (13, 7), 'buttons': (0, 0, 0), 'pos': (406, 338), 'window': None})>
2019-11-23 17:59:39,074 - BDM-WAM 1574531965.4432702 - INFO - <Event(4-MouseMotion {'rel': (4, 2), 'buttons': (0, 0, 0), 'pos': (410, 340), 'window': None})>
2019-11-23 17:59:39,091 - BDM-WAM 1574531965.4432702 - INFO - <Event(4-MouseMotion {'rel': (1, 1), 'buttons': (0, 0, 0), 'pos': (411, 341), 'window': None})>
2019-11-23 17:59:39,108 - BDM-WAM 1574531965.4432702 - INFO - <Event(4-MouseMotion {'rel': (2, 0), 'buttons': (0, 0, 0), 'pos': (413, 341), 'window': None})>
2019-11-23 17:59:39,227 - BDM-WAM 1574531965.4432702 - INFO - <Event(4-MouseMotion {'rel': (80, -28), 'buttons': (0, 0, 0), 'pos': (493, 313), 'window': None})>
2019-11-23 17:59:39,381 - BDM-WAM 1574531965.4432702 - INFO - <Event(4-MouseMotion {'rel': (0, -54), 'buttons': (0, 0, 0), 'pos': (493, 259), 'window': None})>
2019-11-23 17:59:39,493 - BDM-WAM 1574531965.4432702 - INFO - <Event(4-MouseMotion {'rel': (-12, -37), 'buttons': (0, 0, 0), 'pos': (481, 222), 'window': None})>
2019-11-23 17:59:39,500 - BDM-WAM 1574531965.4432702 - INFO - <Event(4-MouseMotion {'rel': (-2, -1), 'buttons': (0, 0, 0), 'pos': (479, 221), 'window': None})>
2019-11-23 17:59:39,515 - BDM-WAM 1574531965.4432702 - INFO - <Event(4-MouseMotion {'rel': (-14, -2), 'buttons': (0, 0, 0), 'pos': (465, 219), 'window': None})>
2019-11-23 17:59:39,531 - BDM-WAM 1574531965.4432702 - INFO - <Event(4-MouseMotion {'rel': (-41, -2), 'buttons': (0, 0, 0), 'pos': (424, 217), 'window': None})>
2019-11-23 17:59:39,550 - BDM-WAM 1574531965.4432702 - INFO - <Event(4-MouseMotion {'rel': (-54, 0), 'buttons': (0, 0, 0), 'pos': (370, 217), 'window': None})>
2019-11-23 17:59:39,567 - BDM-WAM 1574531965.4432702 - INFO - <Event(4-MouseMotion {'rel': (-75, 3), 'buttons': (0, 0, 0), 'pos': (295, 220), 'window': None})>
2019-11-23 17:59:39,586 - BDM-WAM 1574531965.4432702 - INFO - <Event(4-MouseMotion {'rel': (-79, 4), 'buttons': (0, 0, 0), 'pos': (216, 224), 'window': None})>
2019-11-23 17:59:39,601 - BDM-WAM 1574531965.4432702 - INFO - <Event(4-MouseMotion {'rel': (-26, 0), 'buttons': (0, 0, 0), 'pos': (190, 224), 'window': None})>
2019-11-23 17:59:39,618 - BDM-WAM 1574531965.4432702 - INFO - <Event(4-MouseMotion {'rel': (-2, 0), 'buttons': (0, 0, 0), 'pos': (188, 224), 'window': None})>
2019-11-23 17:59:39,789 - BDM-WAM 1574531965.4432702 - INFO - <Event(4-MouseMotion {'rel': (1, 0), 'buttons': (0, 0, 0), 'pos': (189, 224), 'window': None})>
2019-11-23 17:59:39,805 - BDM-WAM 1574531965.4432702 - INFO - <Event(4-MouseMotion {'rel': (2, 0), 'buttons': (0, 0, 0), 'pos': (191, 224), 'window': None})>
2019-11-23 17:59:39,821 - BDM-WAM 1574531965.4432702 - INFO - <Event(4-MouseMotion {'rel': (3, 0), 'buttons': (0, 0, 0), 'pos': (194, 224), 'window': None})>
2019-11-23 17:59:39,839 - BDM-WAM 1574531965.4432702 - INFO - <Event(4-MouseMotion {'rel': (4, -1), 'buttons': (0, 0, 0), 'pos': (198, 223), 'window': None})>
2019-11-23 17:59:39,856 - BDM-WAM 1574531965.4432702 - INFO - <Event(4-MouseMotion {'rel': (3, -1), 'buttons': (0, 0, 0), 'pos': (201, 222), 'window': None})>
2019-11-23 17:59:39,872 - BDM-WAM 1574531965.4432702 - INFO - <Event(4-MouseMotion {'rel': (2, 0), 'buttons': (0, 0, 0), 'pos': (203, 222), 'window': None})>
2019-11-23 17:59:39,889 - BDM-WAM 1574531965.4432702 - INFO - <Event(4-MouseMotion {'rel': (1, -1), 'buttons': (0, 0, 0), 'pos': (204, 221), 'window': None})>
2019-11-23 17:59:39,907 - BDM-WAM 1574531965.4432702 - INFO - <Event(4-MouseMotion {'rel': (1, 0), 'buttons': (0, 0, 0), 'pos': (205, 221), 'window': None})>
2019-11-23 17:59:40,009 - BDM-WAM 1574531965.4432702 - INFO - <Event(5-MouseButtonDown {'button': 1, 'pos': (205, 221), 'window': None})>
2019-11-23 17:59:40,009 - BDM-WAM 1574531965.4432702 - INFO - <Event(9.1-True Hit {'pos': (205,221),'distance: 58.137767414994535,'relative_loc: (26, 52),'window': None})>
2019-11-23 17:59:40,010 - BDM-WAM 1574531965.4432702 - INFO - <Event(8-Pause {'reason': <bound method GameManager.pause of <game.GameManager object at 0x000001C858A43358>> })>
2019-11-23 17:59:42,180 - BDM-WAM 1574531965.4432702 - INFO - <Event(4-MouseMotion {'rel': (0, 3), 'buttons': (0, 0, 0), 'pos': (210, 230), 'window': None})>
2019-11-23 17:59:42,270 - BDM-WAM 1574531965.4432702 - INFO - <Event(3-KeyUp {'scancode': 46, 'key': 99, 'window': None, 'mod': 0})>
2019-11-23 17:59:42,598 - BDM-WAM 1574531965.4432702 - INFO - <Event(4-MouseMotion {'rel': (13, 1), 'buttons': (0, 0, 0), 'pos': (223, 231), 'window': None})>
2019-11-23 17:59:42,801 - BDM-WAM 1574531965.4432702 - INFO - <Event(4-MouseMotion {'rel': (3, 0), 'buttons': (0, 0, 0), 'pos': (226, 231), 'window': None})>
2019-11-23 17:59:43,090 - BDM-WAM 1574531965.4432702 - INFO - <Event(4-MouseMotion {'rel': (5, 1), 'buttons': (0, 0, 0), 'pos': (231, 232), 'window': None})>
2019-11-23 17:59:43,246 - BDM-WAM 1574531965.4432702 - INFO - <Event(4-MouseMotion {'rel': (24, 5), 'buttons': (0, 0, 0), 'pos': (255, 237), 'window': None})>
2019-11-23 17:59:43,352 - BDM-WAM 1574531965.4432702 - INFO - <Event(4-MouseMotion {'rel': (2, 1), 'buttons': (0, 0, 0), 'pos': (257, 238), 'window': None})>
2019-11-23 17:59:43,357 - BDM-WAM 1574531965.4432702 - INFO - <Event(4-MouseMotion {'rel': (1, 0), 'buttons': (0, 0, 0), 'pos': (258, 238), 'window': None})>
2019-11-23 17:59:43,372 - BDM-WAM 1574531965.4432702 - INFO - <Event(4-MouseMotion {'rel': (2, 1), 'buttons': (0, 0, 0), 'pos': (260, 239), 'window': None})>
2019-11-23 17:59:43,390 - BDM-WAM 1574531965.4432702 - INFO - <Event(4-MouseMotion {'rel': (1, 0), 'buttons': (0, 0, 0), 'pos': (261, 239), 'window': None})>
2019-11-23 17:59:43,410 - BDM-WAM 1574531965.4432702 - INFO - <Event(4-MouseMotion {'rel': (3, 2), 'buttons': (0, 0, 0), 'pos': (264, 241), 'window': None})>
2019-11-23 17:59:43,426 - BDM-WAM 1574531965.4432702 - INFO - <Event(4-MouseMotion {'rel': (16, 2), 'buttons': (0, 0, 0), 'pos': (280, 243), 'window': None})>
2019-11-23 17:59:43,441 - BDM-WAM 1574531965.4432702 - INFO - <Event(4-MouseMotion {'rel': (33, 2), 'buttons': (0, 0, 0), 'pos': (313, 245), 'window': None})>
2019-11-23 17:59:43,458 - BDM-WAM 1574531965.4432702 - INFO - <Event(4-MouseMotion {'rel': (39, -3), 'buttons': (0, 0, 0), 'pos': (352, 242), 'window': None})>
2019-11-23 17:59:43,476 - BDM-WAM 1574531965.4432702 - INFO - <Event(4-MouseMotion {'rel': (43, -8), 'buttons': (0, 0, 0), 'pos': (395, 234), 'window': None})>
2019-11-23 17:59:43,492 - BDM-WAM 1574531965.4432702 - INFO - <Event(4-MouseMotion {'rel': (23, -10), 'buttons': (0, 0, 0), 'pos': (418, 224), 'window': None})>
2019-11-23 17:59:43,509 - BDM-WAM 1574531965.4432702 - INFO - <Event(4-MouseMotion {'rel': (15, -11), 'buttons': (0, 0, 0), 'pos': (433, 213), 'window': None})>
2019-11-23 17:59:43,526 - BDM-WAM 1574531965.4432702 - INFO - <Event(4-MouseMotion {'rel': (14, -15), 'buttons': (0, 0, 0), 'pos': (447, 198), 'window': None})>
2019-11-23 17:59:43,541 - BDM-WAM 1574531965.4432702 - INFO - <Event(4-MouseMotion {'rel': (12, -13), 'buttons': (0, 0, 0), 'pos': (459, 185), 'window': None})>
2019-11-23 17:59:43,560 - BDM-WAM 1574531965.4432702 - INFO - <Event(4-MouseMotion {'rel': (14, -17), 'buttons': (0, 0, 0), 'pos': (473, 168), 'window': None})>
2019-11-23 17:59:43,577 - BDM-WAM 1574531965.4432702 - INFO - <Event(4-MouseMotion {'rel': (20, -23), 'buttons': (0, 0, 0), 'pos': (493, 145), 'window': None})>
2019-11-23 17:59:43,593 - BDM-WAM 1574531965.4432702 - INFO - <Event(4-MouseMotion {'rel': (23, -27), 'buttons': (0, 0, 0), 'pos': (516, 118), 'window': None})>
2019-11-23 17:59:43,610 - BDM-WAM 1574531965.4432702 - INFO - <Event(4-MouseMotion {'rel': (24, -33), 'buttons': (0, 0, 0), 'pos': (540, 85), 'window': None})>
2019-11-23 17:59:43,628 - BDM-WAM 1574531965.4432702 - INFO - <Event(4-MouseMotion {'rel': (17, -26), 'buttons': (0, 0, 0), 'pos': (557, 59), 'window': None})>
2019-11-23 17:59:43,643 - BDM-WAM 1574531965.4432702 - INFO - <Event(4-MouseMotion {'rel': (13, -18), 'buttons': (0, 0, 0), 'pos': (570, 41), 'window': None})>
2019-11-23 17:59:43,660 - BDM-WAM 1574531965.4432702 - INFO - <Event(4-MouseMotion {'rel': (9, -12), 'buttons': (0, 0, 0), 'pos': (579, 29), 'window': None})>
2019-11-23 17:59:43,677 - BDM-WAM 1574531965.4432702 - INFO - <Event(4-MouseMotion {'rel': (4, -7), 'buttons': (0, 0, 0), 'pos': (583, 22), 'window': None})>
2019-11-23 17:59:43,694 - BDM-WAM 1574531965.4432702 - INFO - <Event(4-MouseMotion {'rel': (2, -2), 'buttons': (0, 0, 0), 'pos': (585, 20), 'window': None})>
2019-11-23 17:59:43,813 - BDM-WAM 1574531965.4432702 - INFO - <Event(4-MouseMotion {'rel': (2, 0), 'buttons': (0, 0, 0), 'pos': (587, 20), 'window': None})>
2019-11-23 17:59:43,831 - BDM-WAM 1574531965.4432702 - INFO - <Event(4-MouseMotion {'rel': (7, 7), 'buttons': (0, 0, 0), 'pos': (594, 27), 'window': None})>
2019-11-23 17:59:43,847 - BDM-WAM 1574531965.4432702 - INFO - <Event(4-MouseMotion {'rel': (4, 6), 'buttons': (0, 0, 0), 'pos': (598, 33), 'window': None})>
2019-11-23 17:59:43,865 - BDM-WAM 1574531965.4432702 - INFO - <Event(4-MouseMotion {'rel': (5, 6), 'buttons': (0, 0, 0), 'pos': (603, 39), 'window': None})>
2019-11-23 17:59:43,881 - BDM-WAM 1574531965.4432702 - INFO - <Event(4-MouseMotion {'rel': (4, 3), 'buttons': (0, 0, 0), 'pos': (607, 42), 'window': None})>
2019-11-23 17:59:43,898 - BDM-WAM 1574531965.4432702 - INFO - <Event(4-MouseMotion {'rel': (4, 4), 'buttons': (0, 0, 0), 'pos': (611, 46), 'window': None})>
2019-11-23 17:59:43,916 - BDM-WAM 1574531965.4432702 - INFO - <Event(4-MouseMotion {'rel': (3, 3), 'buttons': (0, 0, 0), 'pos': (614, 49), 'window': None})>
2019-11-23 17:59:43,933 - BDM-WAM 1574531965.4432702 - INFO - <Event(4-MouseMotion {'rel': (1, 2), 'buttons': (0, 0, 0), 'pos': (615, 51), 'window': None})>
2019-11-23 17:59:43,950 - BDM-WAM 1574531965.4432702 - INFO - <Event(4-MouseMotion {'rel': (1, 1), 'buttons': (0, 0, 0), 'pos': (616, 52), 'window': None})>
2019-11-23 17:59:43,967 - BDM-WAM 1574531965.4432702 - INFO - <Event(4-MouseMotion {'rel': (1, 0), 'buttons': (0, 0, 0), 'pos': (617, 52), 'window': None})>
2019-11-23 17:59:44,035 - BDM-WAM 1574531965.4432702 - INFO - <Event(4-MouseMotion {'rel': (1, 0), 'buttons': (0, 0, 0), 'pos': (618, 52), 'window': None})>
2019-11-23 17:59:44,052 - BDM-WAM 1574531965.4432702 - INFO - <Event(4-MouseMotion {'rel': (1, 1), 'buttons': (0, 0, 0), 'pos': (619, 53), 'window': None})>
2019-11-23 17:59:44,069 - BDM-WAM 1574531965.4432702 - INFO - <Event(4-MouseMotion {'rel': (1, 1), 'buttons': (0, 0, 0), 'pos': (620, 54), 'window': None})>
2019-11-23 17:59:44,087 - BDM-WAM 1574531965.4432702 - INFO - <Event(4-MouseMotion {'rel': (3, 1), 'buttons': (0, 0, 0), 'pos': (623, 55), 'window': None})>
2019-11-23 17:59:44,104 - BDM-WAM 1574531965.4432702 - INFO - <Event(4-MouseMotion {'rel': (2, 1), 'buttons': (0, 0, 0), 'pos': (625, 56), 'window': None})>
2019-11-23 17:59:44,120 - BDM-WAM 1574531965.4432702 - INFO - <Event(4-MouseMotion {'rel': (1, 1), 'buttons': (0, 0, 0), 'pos': (626, 57), 'window': None})>
2019-11-23 17:59:44,195 - BDM-WAM 1574531965.4432702 - INFO - <Event(5-MouseButtonDown {'button': 1, 'pos': (626, 57), 'window': None})>
2019-11-23 17:59:44,195 - BDM-WAM 1574531965.4432702 - INFO - <Event(8-Pause {'reason': <bound method GameManager.pause of <game.GameManager object at 0x000001C858A43358>> })>
2019-11-23 17:59:45,220 - BDM-WAM 1574531965.4432702 - INFO - <Event(7-Rate {'': hit_conf51 })>
2019-11-23 17:59:45,400 - BDM-WAM 1574531965.4432702 - INFO - <Event(7-Rate {'': reward_conf51 })>
2019-11-23 17:59:45,603 - BDM-WAM 1574531965.4432702 - INFO - <Event(7-Rate {'': player_skill51 })>
2019-11-23 17:59:45,604 - BDM-WAM 1574531965.4432702 - INFO - <Event(9.1-True Hit {'pos': (626,57),'distance: 51.42956348249516,'relative_loc: (23, 46),'window': None})>
2019-11-23 17:59:45,724 - BDM-WAM 1574531965.4432702 - INFO - <Event(3-KeyUp {'scancode': 4, 'key': 51, 'window': None, 'mod': 0})>
2019-11-23 17:59:45,746 - BDM-WAM 1574531965.4432702 - INFO - <Event(4-MouseMotion {'rel': (0, 1), 'buttons': (0, 0, 0), 'pos': (620, 124), 'window': None})>
2019-11-23 17:59:45,846 - BDM-WAM 1574531965.4432702 - INFO - <Event(4-MouseMotion {'rel': (0, 1), 'buttons': (0, 0, 0), 'pos': (620, 125), 'window': None})>
2019-11-23 17:59:46,013 - BDM-WAM 1574531965.4432702 - INFO - <Event(4-MouseMotion {'rel': (4, 27), 'buttons': (0, 0, 0), 'pos': (624, 152), 'window': None})>
2019-11-23 17:59:46,168 - BDM-WAM 1574531965.4432702 - INFO - <Event(4-MouseMotion {'rel': (-62, 20), 'buttons': (0, 0, 0), 'pos': (562, 172), 'window': None})>
2019-11-23 17:59:46,365 - BDM-WAM 1574531965.4432702 - INFO - <Event(4-MouseMotion {'rel': (-4, 4), 'buttons': (0, 0, 0), 'pos': (558, 176), 'window': None})>
2019-11-23 17:59:46,381 - BDM-WAM 1574531965.4432702 - INFO - <Event(4-MouseMotion {'rel': (-3, 2), 'buttons': (0, 0, 0), 'pos': (555, 178), 'window': None})>
2019-11-23 17:59:46,398 - BDM-WAM 1574531965.4432702 - INFO - <Event(4-MouseMotion {'rel': (-2, 2), 'buttons': (0, 0, 0), 'pos': (553, 180), 'window': None})>
2019-11-23 17:59:46,415 - BDM-WAM 1574531965.4432702 - INFO - <Event(4-MouseMotion {'rel': (-3, 2), 'buttons': (0, 0, 0), 'pos': (550, 182), 'window': None})>
2019-11-23 17:59:46,433 - BDM-WAM 1574531965.4432702 - INFO - <Event(4-MouseMotion {'rel': (-5, 2), 'buttons': (0, 0, 0), 'pos': (545, 184), 'window': None})>
2019-11-23 17:59:46,449 - BDM-WAM 1574531965.4432702 - INFO - <Event(4-MouseMotion {'rel': (-4, 2), 'buttons': (0, 0, 0), 'pos': (541, 186), 'window': None})>
2019-11-23 17:59:46,467 - BDM-WAM 1574531965.4432702 - INFO - <Event(4-MouseMotion {'rel': (-3, 2), 'buttons': (0, 0, 0), 'pos': (538, 188), 'window': None})>
2019-11-23 17:59:46,484 - BDM-WAM 1574531965.4432702 - INFO - <Event(4-MouseMotion {'rel': (-3, 2), 'buttons': (0, 0, 0), 'pos': (535, 190), 'window': None})>
2019-11-23 17:59:46,500 - BDM-WAM 1574531965.4432702 - INFO - <Event(4-MouseMotion {'rel': (-4, 1), 'buttons': (0, 0, 0), 'pos': (531, 191), 'window': None})>
2019-11-23 17:59:46,517 - BDM-WAM 1574531965.4432702 - INFO - <Event(4-MouseMotion {'rel': (-6, 2), 'buttons': (0, 0, 0), 'pos': (525, 193), 'window': None})>
2019-11-23 17:59:46,632 - BDM-WAM 1574531965.4432702 - INFO - <Event(4-MouseMotion {'rel': (-14, 4), 'buttons': (0, 0, 0), 'pos': (511, 197), 'window': None})>
2019-11-23 17:59:46,741 - BDM-WAM 1574531965.4432702 - INFO - <Event(4-MouseMotion {'rel': (-4, 0), 'buttons': (0, 0, 0), 'pos': (507, 197), 'window': None})>
2019-11-23 17:59:46,845 - BDM-WAM 1574531965.4432702 - INFO - <Event(4-MouseMotion {'rel': (-15, 5), 'buttons': (0, 0, 0), 'pos': (492, 202), 'window': None})>
2019-11-23 17:59:46,853 - BDM-WAM 1574531965.4432702 - INFO - <Event(4-MouseMotion {'rel': (-3, 2), 'buttons': (0, 0, 0), 'pos': (489, 204), 'window': None})>
2019-11-23 17:59:46,866 - BDM-WAM 1574531965.4432702 - INFO - <Event(4-MouseMotion {'rel': (-13, 5), 'buttons': (0, 0, 0), 'pos': (476, 209), 'window': None})>
2019-11-23 17:59:46,883 - BDM-WAM 1574531965.4432702 - INFO - <Event(4-MouseMotion {'rel': (-47, 16), 'buttons': (0, 0, 0), 'pos': (429, 225), 'window': None})>
2019-11-23 17:59:46,900 - BDM-WAM 1574531965.4432702 - INFO - <Event(4-MouseMotion {'rel': (-86, 23), 'buttons': (0, 0, 0), 'pos': (343, 248), 'window': None})>
2019-11-23 17:59:46,917 - BDM-WAM 1574531965.4432702 - INFO - <Event(4-MouseMotion {'rel': (-102, 14), 'buttons': (0, 0, 0), 'pos': (241, 262), 'window': None})>
2019-11-23 17:59:46,934 - BDM-WAM 1574531965.4432702 - INFO - <Event(4-MouseMotion {'rel': (-71, 6), 'buttons': (0, 0, 0), 'pos': (170, 268), 'window': None})>
2019-11-23 17:59:46,951 - BDM-WAM 1574531965.4432702 - INFO - <Event(4-MouseMotion {'rel': (-41, 2), 'buttons': (0, 0, 0), 'pos': (129, 270), 'window': None})>
2019-11-23 17:59:46,968 - BDM-WAM 1574531965.4432702 - INFO - <Event(4-MouseMotion {'rel': (-1, 0), 'buttons': (0, 0, 0), 'pos': (128, 270), 'window': None})>
2019-11-23 17:59:47,070 - BDM-WAM 1574531965.4432702 - INFO - <Event(4-MouseMotion {'rel': (2, 0), 'buttons': (0, 0, 0), 'pos': (130, 270), 'window': None})>
2019-11-23 17:59:47,088 - BDM-WAM 1574531965.4432702 - INFO - <Event(4-MouseMotion {'rel': (9, -8), 'buttons': (0, 0, 0), 'pos': (139, 262), 'window': None})>
2019-11-23 17:59:47,104 - BDM-WAM 1574531965.4432702 - INFO - <Event(4-MouseMotion {'rel': (7, -7), 'buttons': (0, 0, 0), 'pos': (146, 255), 'window': None})>
2019-11-23 17:59:47,122 - BDM-WAM 1574531965.4432702 - INFO - <Event(4-MouseMotion {'rel': (10, -12), 'buttons': (0, 0, 0), 'pos': (156, 243), 'window': None})>
2019-11-23 17:59:47,139 - BDM-WAM 1574531965.4432702 - INFO - <Event(4-MouseMotion {'rel': (6, -8), 'buttons': (0, 0, 0), 'pos': (162, 235), 'window': None})>
2019-11-23 17:59:47,155 - BDM-WAM 1574531965.4432702 - INFO - <Event(4-MouseMotion {'rel': (4, -6), 'buttons': (0, 0, 0), 'pos': (166, 229), 'window': None})>
2019-11-23 17:59:47,172 - BDM-WAM 1574531965.4432702 - INFO - <Event(4-MouseMotion {'rel': (1, -3), 'buttons': (0, 0, 0), 'pos': (167, 226), 'window': None})>
2019-11-23 17:59:47,190 - BDM-WAM 1574531965.4432702 - INFO - <Event(4-MouseMotion {'rel': (3, -2), 'buttons': (0, 0, 0), 'pos': (170, 224), 'window': None})>
2019-11-23 17:59:47,207 - BDM-WAM 1574531965.4432702 - INFO - <Event(4-MouseMotion {'rel': (5, -5), 'buttons': (0, 0, 0), 'pos': (175, 219), 'window': None})>
2019-11-23 17:59:47,227 - BDM-WAM 1574531965.4432702 - INFO - <Event(4-MouseMotion {'rel': (15, -13), 'buttons': (0, 0, 0), 'pos': (190, 206), 'window': None})>
2019-11-23 17:59:47,244 - BDM-WAM 1574531965.4432702 - INFO - <Event(4-MouseMotion {'rel': (10, -7), 'buttons': (0, 0, 0), 'pos': (200, 199), 'window': None})>
2019-11-23 17:59:47,260 - BDM-WAM 1574531965.4432702 - INFO - <Event(4-MouseMotion {'rel': (2, -2), 'buttons': (0, 0, 0), 'pos': (202, 197), 'window': None})>
2019-11-23 17:59:47,276 - BDM-WAM 1574531965.4432702 - INFO - <Event(4-MouseMotion {'rel': (2, 0), 'buttons': (0, 0, 0), 'pos': (204, 197), 'window': None})>
2019-11-23 17:59:47,292 - BDM-WAM 1574531965.4432702 - INFO - <Event(4-MouseMotion {'rel': (1, 0), 'buttons': (0, 0, 0), 'pos': (205, 197), 'window': None})>
2019-11-23 17:59:47,310 - BDM-WAM 1574531965.4432702 - INFO - <Event(4-MouseMotion {'rel': (1, 0), 'buttons': (0, 0, 0), 'pos': (206, 197), 'window': None})>
2019-11-23 17:59:47,344 - BDM-WAM 1574531965.4432702 - INFO - <Event(4-MouseMotion {'rel': (2, 0), 'buttons': (0, 0, 0), 'pos': (208, 197), 'window': None})>
2019-11-23 17:59:47,362 - BDM-WAM 1574531965.4432702 - INFO - <Event(4-MouseMotion {'rel': (7, 2), 'buttons': (0, 0, 0), 'pos': (215, 199), 'window': None})>
2019-11-23 17:59:47,379 - BDM-WAM 1574531965.4432702 - INFO - <Event(4-MouseMotion {'rel': (5, 2), 'buttons': (0, 0, 0), 'pos': (220, 201), 'window': None})>
2019-11-23 17:59:47,396 - BDM-WAM 1574531965.4432702 - INFO - <Event(4-MouseMotion {'rel': (4, 2), 'buttons': (0, 0, 0), 'pos': (224, 203), 'window': None})>
2019-11-23 17:59:47,412 - BDM-WAM 1574531965.4432702 - INFO - <Event(4-MouseMotion {'rel': (2, 1), 'buttons': (0, 0, 0), 'pos': (226, 204), 'window': None})>
2019-11-23 17:59:47,432 - BDM-WAM 1574531965.4432702 - INFO - <Event(5-MouseButtonDown {'button': 1, 'pos': (227, 205), 'window': None})>
2019-11-23 17:59:47,432 - BDM-WAM 1574531965.4432702 - INFO - <Event(9.1-True Hit {'pos': (228,205),'distance: 60.802960454241045,'relative_loc: (49, 36),'window': None})>
2019-11-23 17:59:47,433 - BDM-WAM 1574531965.4432702 - INFO - <Event(4-MouseMotion {'rel': (1, 0), 'buttons': (1, 0, 0), 'pos': (228, 205), 'window': None})>
2019-11-23 17:59:47,546 - BDM-WAM 1574531965.4432702 - INFO - <Event(4-MouseMotion {'rel': (0, 1), 'buttons': (1, 0, 0), 'pos': (228, 206), 'window': None})>
2019-11-23 17:59:47,567 - BDM-WAM 1574531965.4432702 - INFO - <Event(6-MouseButtonUp {'button': 1, 'pos': (228, 206), 'window': None})>
2019-11-23 17:59:47,850 - BDM-WAM 1574531965.4432702 - INFO - <Event(4-MouseMotion {'rel': (0, 1), 'buttons': (0, 0, 0), 'pos': (228, 207), 'window': None})>
2019-11-23 17:59:47,983 - BDM-WAM 1574531965.4432702 - INFO - <Event(4-MouseMotion {'rel': (1, 8), 'buttons': (0, 0, 0), 'pos': (229, 215), 'window': None})>
2019-11-23 17:59:48,178 - BDM-WAM 1574531965.4432702 - INFO - <Event(4-MouseMotion {'rel': (116, -15), 'buttons': (0, 0, 0), 'pos': (345, 200), 'window': None})>
2019-11-23 17:59:48,196 - BDM-WAM 1574531965.4432702 - INFO - <Event(4-MouseMotion {'rel': (2, -2), 'buttons': (0, 0, 0), 'pos': (347, 198), 'window': None})>
2019-11-23 17:59:48,213 - BDM-WAM 1574531965.4432702 - INFO - <Event(4-MouseMotion {'rel': (1, 0), 'buttons': (0, 0, 0), 'pos': (348, 198), 'window': None})>
2019-11-23 17:59:48,228 - BDM-WAM 1574531965.4432702 - INFO - <Event(4-MouseMotion {'rel': (4, -2), 'buttons': (0, 0, 0), 'pos': (352, 196), 'window': None})>
2019-11-23 17:59:48,247 - BDM-WAM 1574531965.4432702 - INFO - <Event(4-MouseMotion {'rel': (4, -2), 'buttons': (0, 0, 0), 'pos': (356, 194), 'window': None})>
2019-11-23 17:59:48,263 - BDM-WAM 1574531965.4432702 - INFO - <Event(4-MouseMotion {'rel': (2, -2), 'buttons': (0, 0, 0), 'pos': (358, 192), 'window': None})>
2019-11-23 17:59:48,281 - BDM-WAM 1574531965.4432702 - INFO - <Event(4-MouseMotion {'rel': (1, -1), 'buttons': (0, 0, 0), 'pos': (359, 191), 'window': None})>
2019-11-23 17:59:48,297 - BDM-WAM 1574531965.4432702 - INFO - <Event(4-MouseMotion {'rel': (1, 0), 'buttons': (0, 0, 0), 'pos': (360, 191), 'window': None})>
2019-11-23 17:59:48,315 - BDM-WAM 1574531965.4432702 - INFO - <Event(4-MouseMotion {'rel': (1, 0), 'buttons': (0, 0, 0), 'pos': (361, 191), 'window': None})>
2019-11-23 17:59:48,332 - BDM-WAM 1574531965.4432702 - INFO - <Event(4-MouseMotion {'rel': (11, -4), 'buttons': (0, 0, 0), 'pos': (372, 187), 'window': None})>
2019-11-23 17:59:48,348 - BDM-WAM 1574531965.4432702 - INFO - <Event(4-MouseMotion {'rel': (4, -1), 'buttons': (0, 0, 0), 'pos': (376, 186), 'window': None})>
2019-11-23 17:59:48,462 - BDM-WAM 1574531965.4432702 - INFO - <Event(4-MouseMotion {'rel': (9, -3), 'buttons': (0, 0, 0), 'pos': (385, 183), 'window': None})>
2019-11-23 17:59:48,579 - BDM-WAM 1574531965.4432702 - INFO - <Event(4-MouseMotion {'rel': (29, 5), 'buttons': (0, 0, 0), 'pos': (414, 188), 'window': None})>
2019-11-23 17:59:48,694 - BDM-WAM 1574531965.4432702 - INFO - <Event(4-MouseMotion {'rel': (91, 13), 'buttons': (0, 0, 0), 'pos': (505, 201), 'window': None})>
2019-11-23 17:59:48,716 - BDM-WAM 1574531965.4432702 - INFO - <Event(4-MouseMotion {'rel': (1, 1), 'buttons': (0, 0, 0), 'pos': (506, 202), 'window': None})>
2019-11-23 17:59:48,733 - BDM-WAM 1574531965.4432702 - INFO - <Event(4-MouseMotion {'rel': (12, 3), 'buttons': (0, 0, 0), 'pos': (518, 205), 'window': None})>
2019-11-23 17:59:48,748 - BDM-WAM 1574531965.4432702 - INFO - <Event(4-MouseMotion {'rel': (22, 9), 'buttons': (0, 0, 0), 'pos': (540, 214), 'window': None})>
2019-11-23 17:59:48,765 - BDM-WAM 1574531965.4432702 - INFO - <Event(4-MouseMotion {'rel': (26, 14), 'buttons': (0, 0, 0), 'pos': (566, 228), 'window': None})>
2019-11-23 17:59:48,782 - BDM-WAM 1574531965.4432702 - INFO - <Event(4-MouseMotion {'rel': (31, 20), 'buttons': (0, 0, 0), 'pos': (597, 248), 'window': None})>
2019-11-23 17:59:48,799 - BDM-WAM 1574531965.4432702 - INFO - <Event(4-MouseMotion {'rel': (15, 11), 'buttons': (0, 0, 0), 'pos': (612, 259), 'window': None})>
2019-11-23 17:59:48,815 - BDM-WAM 1574531965.4432702 - INFO - <Event(4-MouseMotion {'rel': (14, 9), 'buttons': (0, 0, 0), 'pos': (626, 268), 'window': None})>
2019-11-23 17:59:48,832 - BDM-WAM 1574531965.4432702 - INFO - <Event(4-MouseMotion {'rel': (16, 8), 'buttons': (0, 0, 0), 'pos': (642, 276), 'window': None})>
2019-11-23 17:59:48,849 - BDM-WAM 1574531965.4432702 - INFO - <Event(4-MouseMotion {'rel': (4, 1), 'buttons': (0, 0, 0), 'pos': (646, 277), 'window': None})>
2019-11-23 17:59:48,866 - BDM-WAM 1574531965.4432702 - INFO - <Event(4-MouseMotion {'rel': (2, 1), 'buttons': (0, 0, 0), 'pos': (648, 278), 'window': None})>
2019-11-23 17:59:48,883 - BDM-WAM 1574531965.4432702 - INFO - <Event(4-MouseMotion {'rel': (2, 0), 'buttons': (0, 0, 0), 'pos': (650, 278), 'window': None})>
2019-11-23 17:59:48,900 - BDM-WAM 1574531965.4432702 - INFO - <Event(4-MouseMotion {'rel': (4, 1), 'buttons': (0, 0, 0), 'pos': (654, 279), 'window': None})>
2019-11-23 17:59:48,917 - BDM-WAM 1574531965.4432702 - INFO - <Event(4-MouseMotion {'rel': (5, 2), 'buttons': (0, 0, 0), 'pos': (659, 281), 'window': None})>
2019-11-23 17:59:48,934 - BDM-WAM 1574531965.4432702 - INFO - <Event(4-MouseMotion {'rel': (7, 2), 'buttons': (0, 0, 0), 'pos': (666, 283), 'window': None})>
2019-11-23 17:59:48,951 - BDM-WAM 1574531965.4432702 - INFO - <Event(4-MouseMotion {'rel': (5, 1), 'buttons': (0, 0, 0), 'pos': (671, 284), 'window': None})>
2019-11-23 17:59:48,968 - BDM-WAM 1574531965.4432702 - INFO - <Event(4-MouseMotion {'rel': (3, 1), 'buttons': (0, 0, 0), 'pos': (674, 285), 'window': None})>
2019-11-23 17:59:48,985 - BDM-WAM 1574531965.4432702 - INFO - <Event(4-MouseMotion {'rel': (4, 0), 'buttons': (0, 0, 0), 'pos': (678, 285), 'window': None})>
2019-11-23 17:59:49,003 - BDM-WAM 1574531965.4432702 - INFO - <Event(4-MouseMotion {'rel': (3, 0), 'buttons': (0, 0, 0), 'pos': (681, 285), 'window': None})>
2019-11-23 17:59:49,020 - BDM-WAM 1574531965.4432702 - INFO - <Event(4-MouseMotion {'rel': (3, 0), 'buttons': (0, 0, 0), 'pos': (684, 285), 'window': None})>
2019-11-23 17:59:49,037 - BDM-WAM 1574531965.4432702 - INFO - <Event(4-MouseMotion {'rel': (5, 0), 'buttons': (0, 0, 0), 'pos': (689, 285), 'window': None})>
2019-11-23 17:59:49,054 - BDM-WAM 1574531965.4432702 - INFO - <Event(4-MouseMotion {'rel': (11, 0), 'buttons': (0, 0, 0), 'pos': (700, 285), 'window': None})>
2019-11-23 17:59:49,071 - BDM-WAM 1574531965.4432702 - INFO - <Event(4-MouseMotion {'rel': (10, -1), 'buttons': (0, 0, 0), 'pos': (710, 284), 'window': None})>
2019-11-23 17:59:49,089 - BDM-WAM 1574531965.4432702 - INFO - <Event(4-MouseMotion {'rel': (6, 0), 'buttons': (0, 0, 0), 'pos': (716, 284), 'window': None})>
2019-11-23 17:59:49,105 - BDM-WAM 1574531965.4432702 - INFO - <Event(4-MouseMotion {'rel': (1, 0), 'buttons': (0, 0, 0), 'pos': (717, 284), 'window': None})>
2019-11-23 17:59:49,173 - BDM-WAM 1574531965.4432702 - INFO - <Event(5-MouseButtonDown {'button': 1, 'pos': (717, 284), 'window': None})>
2019-11-23 17:59:49,174 - BDM-WAM 1574531965.4432702 - INFO - <Event(8-Pause {'reason': <bound method GameManager.pause of <game.GameManager object at 0x000001C858A43358>> })>
2019-11-23 17:59:50,010 - BDM-WAM 1574531965.4432702 - INFO - <Event(7-Rate {'': hit_conf52 })>
2019-11-23 17:59:50,196 - BDM-WAM 1574531965.4432702 - INFO - <Event(7-Rate {'': reward_conf52 })>
2019-11-23 17:59:50,354 - BDM-WAM 1574531965.4432702 - INFO - <Event(7-Rate {'': player_skill52 })>
2019-11-23 17:59:50,355 - BDM-WAM 1574531965.4432702 - INFO - <Event(9.1-True Hit {'pos': (717,284),'distance: 78.64477096412705,'relative_loc: (59, 52),'window': None})>
2019-11-23 17:59:50,486 - BDM-WAM 1574531965.4432702 - INFO - <Event(3-KeyUp {'scancode': 5, 'key': 52, 'window': None, 'mod': 0})>
2019-11-23 17:59:50,493 - BDM-WAM 1574531965.4432702 - INFO - <Event(4-MouseMotion {'rel': (-2, 1), 'buttons': (0, 0, 0), 'pos': (711, 286), 'window': None})>
2019-11-23 17:59:50,507 - BDM-WAM 1574531965.4432702 - INFO - <Event(4-MouseMotion {'rel': (-2, 1), 'buttons': (0, 0, 0), 'pos': (709, 287), 'window': None})>
2019-11-23 17:59:50,523 - BDM-WAM 1574531965.4432702 - INFO - <Event(4-MouseMotion {'rel': (-1, 0), 'buttons': (0, 0, 0), 'pos': (708, 287), 'window': None})>
2019-11-23 17:59:50,540 - BDM-WAM 1574531965.4432702 - INFO - <Event(4-MouseMotion {'rel': (0, 1), 'buttons': (0, 0, 0), 'pos': (708, 288), 'window': None})>
2019-11-23 17:59:50,556 - BDM-WAM 1574531965.4432702 - INFO - <Event(4-MouseMotion {'rel': (-2, 1), 'buttons': (0, 0, 0), 'pos': (706, 289), 'window': None})>
2019-11-23 17:59:50,573 - BDM-WAM 1574531965.4432702 - INFO - <Event(4-MouseMotion {'rel': (-2, 1), 'buttons': (0, 0, 0), 'pos': (704, 290), 'window': None})>
2019-11-23 17:59:50,641 - BDM-WAM 1574531965.4432702 - INFO - <Event(4-MouseMotion {'rel': (-1, 0), 'buttons': (0, 0, 0), 'pos': (703, 290), 'window': None})>
2019-11-23 17:59:50,658 - BDM-WAM 1574531965.4432702 - INFO - <Event(4-MouseMotion {'rel': (-1, 0), 'buttons': (0, 0, 0), 'pos': (702, 290), 'window': None})>
2019-11-23 17:59:50,780 - BDM-WAM 1574531965.4432702 - INFO - <Event(4-MouseMotion {'rel': (-49, 8), 'buttons': (0, 0, 0), 'pos': (653, 298), 'window': None})>
2019-11-23 17:59:50,931 - BDM-WAM 1574531965.4432702 - INFO - <Event(4-MouseMotion {'rel': (-109, 57), 'buttons': (0, 0, 0), 'pos': (544, 355), 'window': None})>
2019-11-23 17:59:51,131 - BDM-WAM 1574531965.4432702 - INFO - <Event(4-MouseMotion {'rel': (-135, 136), 'buttons': (0, 0, 0), 'pos': (409, 491), 'window': None})>
2019-11-23 17:59:51,383 - BDM-WAM 1574531965.4432702 - INFO - <Event(4-MouseMotion {'rel': (-35, -143), 'buttons': (0, 0, 0), 'pos': (374, 348), 'window': None})>
2019-11-23 17:59:51,516 - BDM-WAM 1574531965.4432702 - INFO - <Event(4-MouseMotion {'rel': (9, -28), 'buttons': (0, 0, 0), 'pos': (383, 320), 'window': None})>
2019-11-23 17:59:51,632 - BDM-WAM 1574531965.4432702 - INFO - <Event(4-MouseMotion {'rel': (49, 62), 'buttons': (0, 0, 0), 'pos': (432, 382), 'window': None})>
2019-11-23 17:59:51,638 - BDM-WAM 1574531965.4432702 - INFO - <Event(4-MouseMotion {'rel': (5, 10), 'buttons': (0, 0, 0), 'pos': (437, 392), 'window': None})>
2019-11-23 17:59:51,652 - BDM-WAM 1574531965.4432702 - INFO - <Event(4-MouseMotion {'rel': (5, 17), 'buttons': (0, 0, 0), 'pos': (442, 409), 'window': None})>
2019-11-23 17:59:51,668 - BDM-WAM 1574531965.4432702 - INFO - <Event(4-MouseMotion {'rel': (9, 50), 'buttons': (0, 0, 0), 'pos': (451, 459), 'window': None})>
2019-11-23 17:59:51,685 - BDM-WAM 1574531965.4432702 - INFO - <Event(4-MouseMotion {'rel': (6, 52), 'buttons': (0, 0, 0), 'pos': (457, 511), 'window': None})>
2019-11-23 17:59:51,702 - BDM-WAM 1574531965.4432702 - INFO - <Event(4-MouseMotion {'rel': (4, 49), 'buttons': (0, 0, 0), 'pos': (461, 560), 'window': None})>
2019-11-23 17:59:51,719 - BDM-WAM 1574531965.4432702 - INFO - <Event(4-MouseMotion {'rel': (0, 21), 'buttons': (0, 0, 0), 'pos': (461, 581), 'window': None})>
2019-11-23 17:59:51,736 - BDM-WAM 1574531965.4432702 - INFO - <Event(4-MouseMotion {'rel': (0, 5), 'buttons': (0, 0, 0), 'pos': (461, 586), 'window': None})>
2019-11-23 17:59:51,753 - BDM-WAM 1574531965.4432702 - INFO - <Event(4-MouseMotion {'rel': (0, 1), 'buttons': (0, 0, 0), 'pos': (461, 587), 'window': None})>
2019-11-23 17:59:51,924 - BDM-WAM 1574531965.4432702 - INFO - <Event(4-MouseMotion {'rel': (0, -1), 'buttons': (0, 0, 0), 'pos': (461, 586), 'window': None})>
2019-11-23 17:59:51,941 - BDM-WAM 1574531965.4432702 - INFO - <Event(4-MouseMotion {'rel': (0, -11), 'buttons': (0, 0, 0), 'pos': (461, 575), 'window': None})>
2019-11-23 17:59:51,959 - BDM-WAM 1574531965.4432702 - INFO - <Event(4-MouseMotion {'rel': (-3, -14), 'buttons': (0, 0, 0), 'pos': (458, 561), 'window': None})>
2019-11-23 17:59:51,975 - BDM-WAM 1574531965.4432702 - INFO - <Event(4-MouseMotion {'rel': (-4, -15), 'buttons': (0, 0, 0), 'pos': (454, 546), 'window': None})>
2019-11-23 17:59:51,993 - BDM-WAM 1574531965.4432702 - INFO - <Event(4-MouseMotion {'rel': (-4, -12), 'buttons': (0, 0, 0), 'pos': (450, 534), 'window': None})>
2019-11-23 17:59:52,009 - BDM-WAM 1574531965.4432702 - INFO - <Event(4-MouseMotion {'rel': (-2, -3), 'buttons': (0, 0, 0), 'pos': (448, 531), 'window': None})>
2019-11-23 17:59:52,026 - BDM-WAM 1574531965.4432702 - INFO - <Event(4-MouseMotion {'rel': (0, -2), 'buttons': (0, 0, 0), 'pos': (448, 529), 'window': None})>
2019-11-23 17:59:52,043 - BDM-WAM 1574531965.4432702 - INFO - <Event(4-MouseMotion {'rel': (0, -1), 'buttons': (0, 0, 0), 'pos': (448, 528), 'window': None})>
2019-11-23 17:59:52,060 - BDM-WAM 1574531965.4432702 - INFO - <Event(4-MouseMotion {'rel': (0, -1), 'buttons': (0, 0, 0), 'pos': (448, 527), 'window': None})>
2019-11-23 17:59:52,077 - BDM-WAM 1574531965.4432702 - INFO - <Event(4-MouseMotion {'rel': (0, -1), 'buttons': (0, 0, 0), 'pos': (448, 526), 'window': None})>
2019-11-23 17:59:52,162 - BDM-WAM 1574531965.4432702 - INFO - <Event(5-MouseButtonDown {'button': 1, 'pos': (448, 526), 'window': None})>
2019-11-23 17:59:52,163 - BDM-WAM 1574531965.4432702 - INFO - <Event(9.1-True Hit {'pos': (448,526),'distance: 64.38167441127949,'relative_loc: (44, 47),'window': None})>
2019-11-23 17:59:52,301 - BDM-WAM 1574531965.4432702 - INFO - <Event(6-MouseButtonUp {'button': 1, 'pos': (448, 526), 'window': None})>
2019-11-23 17:59:52,932 - BDM-WAM 1574531965.4432702 - INFO - <Event(4-MouseMotion {'rel': (-3, -39), 'buttons': (0, 0, 0), 'pos': (445, 487), 'window': None})>
2019-11-23 17:59:53,316 - BDM-WAM 1574531965.4432702 - INFO - <Event(4-MouseMotion {'rel': (0, -6), 'buttons': (0, 0, 0), 'pos': (445, 481), 'window': None})>
2019-11-23 17:59:53,426 - BDM-WAM 1574531965.4432702 - INFO - <Event(4-MouseMotion {'rel': (-33, -118), 'buttons': (0, 0, 0), 'pos': (412, 363), 'window': None})>
2019-11-23 17:59:53,432 - BDM-WAM 1574531965.4432702 - INFO - <Event(4-MouseMotion {'rel': (-3, -5), 'buttons': (0, 0, 0), 'pos': (409, 358), 'window': None})>
2019-11-23 17:59:53,448 - BDM-WAM 1574531965.4432702 - INFO - <Event(4-MouseMotion {'rel': (-16, -18), 'buttons': (0, 0, 0), 'pos': (393, 340), 'window': None})>
2019-11-23 17:59:53,463 - BDM-WAM 1574531965.4432702 - INFO - <Event(4-MouseMotion {'rel': (-24, -23), 'buttons': (0, 0, 0), 'pos': (369, 317), 'window': None})>
2019-11-23 17:59:53,481 - BDM-WAM 1574531965.4432702 - INFO - <Event(4-MouseMotion {'rel': (-14, -14), 'buttons': (0, 0, 0), 'pos': (355, 303), 'window': None})>
2019-11-23 17:59:53,498 - BDM-WAM 1574531965.4432702 - INFO - <Event(4-MouseMotion {'rel': (-13, -16), 'buttons': (0, 0, 0), 'pos': (342, 287), 'window': None})>
2019-11-23 17:59:53,516 - BDM-WAM 1574531965.4432702 - INFO - <Event(4-MouseMotion {'rel': (-35, -39), 'buttons': (0, 0, 0), 'pos': (307, 248), 'window': None})>
2019-11-23 17:59:53,532 - BDM-WAM 1574531965.4432702 - INFO - <Event(4-MouseMotion {'rel': (-35, -35), 'buttons': (0, 0, 0), 'pos': (272, 213), 'window': None})>
2019-11-23 17:59:53,552 - BDM-WAM 1574531965.4432702 - INFO - <Event(4-MouseMotion {'rel': (-34, -35), 'buttons': (0, 0, 0), 'pos': (238, 178), 'window': None})>
2019-11-23 17:59:53,568 - BDM-WAM 1574531965.4432702 - INFO - <Event(4-MouseMotion {'rel': (-8, -10), 'buttons': (0, 0, 0), 'pos': (230, 168), 'window': None})>
2019-11-23 17:59:53,586 - BDM-WAM 1574531965.4432702 - INFO - <Event(4-MouseMotion {'rel': (-9, -11), 'buttons': (0, 0, 0), 'pos': (221, 157), 'window': None})>
2019-11-23 17:59:53,602 - BDM-WAM 1574531965.4432702 - INFO - <Event(4-MouseMotion {'rel': (-8, -10), 'buttons': (0, 0, 0), 'pos': (213, 147), 'window': None})>
2019-11-23 17:59:53,618 - BDM-WAM 1574531965.4432702 - INFO - <Event(4-MouseMotion {'rel': (-3, -3), 'buttons': (0, 0, 0), 'pos': (210, 144), 'window': None})>
2019-11-23 17:59:53,635 - BDM-WAM 1574531965.4432702 - INFO - <Event(4-MouseMotion {'rel': (-5, -8), 'buttons': (0, 0, 0), 'pos': (205, 136), 'window': None})>
2019-11-23 17:59:53,652 - BDM-WAM 1574531965.4432702 - INFO - <Event(4-MouseMotion {'rel': (-9, -12), 'buttons': (0, 0, 0), 'pos': (196, 124), 'window': None})>
2019-11-23 17:59:53,667 - BDM-WAM 1574531965.4432702 - INFO - <Event(4-MouseMotion {'rel': (-35, -21), 'buttons': (0, 0, 0), 'pos': (161, 103), 'window': None})>
2019-11-23 17:59:53,686 - BDM-WAM 1574531965.4432702 - INFO - <Event(4-MouseMotion {'rel': (-49, -27), 'buttons': (0, 0, 0), 'pos': (112, 76), 'window': None})>
2019-11-23 17:59:53,702 - BDM-WAM 1574531965.4432702 - INFO - <Event(4-MouseMotion {'rel': (-43, -19), 'buttons': (0, 0, 0), 'pos': (69, 57), 'window': None})>
2019-11-23 17:59:53,719 - BDM-WAM 1574531965.4432702 - INFO - <Event(4-MouseMotion {'rel': (-24, -10), 'buttons': (0, 0, 0), 'pos': (45, 47), 'window': None})>
2019-11-23 17:59:53,737 - BDM-WAM 1574531965.4432702 - INFO - <Event(4-MouseMotion {'rel': (-22, -8), 'buttons': (0, 0, 0), 'pos': (23, 39), 'window': None})>
2019-11-23 17:59:53,753 - BDM-WAM 1574531965.4432702 - INFO - <Event(4-MouseMotion {'rel': (-2, -1), 'buttons': (0, 0, 0), 'pos': (21, 38), 'window': None})>
2019-11-23 17:59:53,888 - BDM-WAM 1574531965.4432702 - INFO - <Event(4-MouseMotion {'rel': (6, 3), 'buttons': (0, 0, 0), 'pos': (27, 41), 'window': None})>
2019-11-23 17:59:53,907 - BDM-WAM 1574531965.4432702 - INFO - <Event(4-MouseMotion {'rel': (31, 21), 'buttons': (0, 0, 0), 'pos': (58, 62), 'window': None})>
2019-11-23 17:59:53,922 - BDM-WAM 1574531965.4432702 - INFO - <Event(4-MouseMotion {'rel': (12, 8), 'buttons': (0, 0, 0), 'pos': (70, 70), 'window': None})>
2019-11-23 17:59:53,940 - BDM-WAM 1574531965.4432702 - INFO - <Event(4-MouseMotion {'rel': (16, 12), 'buttons': (0, 0, 0), 'pos': (86, 82), 'window': None})>
2019-11-23 17:59:53,956 - BDM-WAM 1574531965.4432702 - INFO - <Event(4-MouseMotion {'rel': (12, 7), 'buttons': (0, 0, 0), 'pos': (98, 89), 'window': None})>
2019-11-23 17:59:53,973 - BDM-WAM 1574531965.4432702 - INFO - <Event(4-MouseMotion {'rel': (9, 5), 'buttons': (0, 0, 0), 'pos': (107, 94), 'window': None})>
2019-11-23 17:59:53,991 - BDM-WAM 1574531965.4432702 - INFO - <Event(4-MouseMotion {'rel': (5, 3), 'buttons': (0, 0, 0), 'pos': (112, 97), 'window': None})>
2019-11-23 17:59:54,007 - BDM-WAM 1574531965.4432702 - INFO - <Event(4-MouseMotion {'rel': (3, 3), 'buttons': (0, 0, 0), 'pos': (115, 100), 'window': None})>
2019-11-23 17:59:54,041 - BDM-WAM 1574531965.4432702 - INFO - <Event(4-MouseMotion {'rel': (1, 0), 'buttons': (0, 0, 0), 'pos': (116, 100), 'window': None})>
2019-11-23 17:59:54,076 - BDM-WAM 1574531965.4432702 - INFO - <Event(4-MouseMotion {'rel': (1, 1), 'buttons': (0, 0, 0), 'pos': (117, 101), 'window': None})>
2019-11-23 17:59:54,093 - BDM-WAM 1574531965.4432702 - INFO - <Event(4-MouseMotion {'rel': (3, 0), 'buttons': (0, 0, 0), 'pos': (120, 101), 'window': None})>
2019-11-23 17:59:54,110 - BDM-WAM 1574531965.4432702 - INFO - <Event(4-MouseMotion {'rel': (2, 2), 'buttons': (0, 0, 0), 'pos': (122, 103), 'window': None})>
2019-11-23 17:59:54,127 - BDM-WAM 1574531965.4432702 - INFO - <Event(4-MouseMotion {'rel': (4, 1), 'buttons': (0, 0, 0), 'pos': (126, 104), 'window': None})>
2019-11-23 17:59:54,144 - BDM-WAM 1574531965.4432702 - INFO - <Event(4-MouseMotion {'rel': (3, 1), 'buttons': (0, 0, 0), 'pos': (129, 105), 'window': None})>
2019-11-23 17:59:54,162 - BDM-WAM 1574531965.4432702 - INFO - <Event(4-MouseMotion {'rel': (4, 1), 'buttons': (0, 0, 0), 'pos': (133, 106), 'window': None})>
2019-11-23 17:59:54,178 - BDM-WAM 1574531965.4432702 - INFO - <Event(4-MouseMotion {'rel': (1, 0), 'buttons': (0, 0, 0), 'pos': (134, 106), 'window': None})>
2019-11-23 17:59:54,230 - BDM-WAM 1574531965.4432702 - INFO - <Event(5-MouseButtonDown {'button': 1, 'pos': (135, 106), 'window': None})>
2019-11-23 17:59:54,230 - BDM-WAM 1574531965.4432702 - INFO - <Event(8-Pause {'reason': <bound method GameManager.pause of <game.GameManager object at 0x000001C858A43358>> })>
2019-11-23 17:59:55,257 - BDM-WAM 1574531965.4432702 - INFO - <Event(7-Rate {'': hit_conf53 })>
2019-11-23 17:59:55,428 - BDM-WAM 1574531965.4432702 - INFO - <Event(7-Rate {'': reward_conf53 })>
2019-11-23 17:59:55,597 - BDM-WAM 1574531965.4432702 - INFO - <Event(7-Rate {'': player_skill53 })>
2019-11-23 17:59:55,597 - BDM-WAM 1574531965.4432702 - INFO - <Event(9.1-True Hit {'pos': (135,106),'distance: 74.62573282722254,'relative_loc: (40, 63),'window': None})>
2019-11-23 17:59:55,597 - BDM-WAM 1574531965.4432702 - INFO - <Event(8-Pause {'reason': <bound method GameManager.pause of <game.GameManager object at 0x000001C858A43358>> })>
2019-11-23 17:59:57,224 - BDM-WAM 1574531965.4432702 - INFO - <Event(4-MouseMotion {'rel': (1, -3), 'buttons': (0, 0, 0), 'pos': (381, 359), 'window': None})>
2019-11-23 17:59:57,230 - BDM-WAM 1574531965.4432702 - INFO - <Event(4-MouseMotion {'rel': (1, -2), 'buttons': (0, 0, 0), 'pos': (382, 357), 'window': None})>
2019-11-23 17:59:57,244 - BDM-WAM 1574531965.4432702 - INFO - <Event(4-MouseMotion {'rel': (1, -2), 'buttons': (0, 0, 0), 'pos': (383, 355), 'window': None})>
2019-11-23 17:59:57,261 - BDM-WAM 1574531965.4432702 - INFO - <Event(4-MouseMotion {'rel': (1, -1), 'buttons': (0, 0, 0), 'pos': (384, 354), 'window': None})>
2019-11-23 17:59:57,312 - BDM-WAM 1574531965.4432702 - INFO - <Event(3-KeyUp {'scancode': 46, 'key': 99, 'window': None, 'mod': 0})>
2019-11-23 17:59:57,685 - BDM-WAM 1574531965.4432702 - INFO - <Event(4-MouseMotion {'rel': (-74, -141), 'buttons': (0, 0, 0), 'pos': (310, 213), 'window': None})>
2019-11-23 17:59:57,881 - BDM-WAM 1574531965.4432702 - INFO - <Event(4-MouseMotion {'rel': (62, -46), 'buttons': (0, 0, 0), 'pos': (372, 167), 'window': None})>
2019-11-23 17:59:57,930 - BDM-WAM 1574531965.4432702 - INFO - <Event(4-MouseMotion {'rel': (2, -1), 'buttons': (0, 0, 0), 'pos': (374, 166), 'window': None})>
2019-11-23 17:59:57,947 - BDM-WAM 1574531965.4432702 - INFO - <Event(4-MouseMotion {'rel': (2, -2), 'buttons': (0, 0, 0), 'pos': (376, 164), 'window': None})>
2019-11-23 17:59:57,964 - BDM-WAM 1574531965.4432702 - INFO - <Event(4-MouseMotion {'rel': (2, -1), 'buttons': (0, 0, 0), 'pos': (378, 163), 'window': None})>
2019-11-23 17:59:57,982 - BDM-WAM 1574531965.4432702 - INFO - <Event(4-MouseMotion {'rel': (4, -3), 'buttons': (0, 0, 0), 'pos': (382, 160), 'window': None})>
2019-11-23 17:59:57,999 - BDM-WAM 1574531965.4432702 - INFO - <Event(4-MouseMotion {'rel': (4, -4), 'buttons': (0, 0, 0), 'pos': (386, 156), 'window': None})>
2019-11-23 17:59:58,016 - BDM-WAM 1574531965.4432702 - INFO - <Event(4-MouseMotion {'rel': (8, -5), 'buttons': (0, 0, 0), 'pos': (394, 151), 'window': None})>
2019-11-23 17:59:58,132 - BDM-WAM 1574531965.4432702 - INFO - <Event(4-MouseMotion {'rel': (58, -37), 'buttons': (0, 0, 0), 'pos': (452, 114), 'window': None})>
2019-11-23 17:59:58,282 - BDM-WAM 1574531965.4432702 - INFO - <Event(4-MouseMotion {'rel': (51, 33), 'buttons': (0, 0, 0), 'pos': (503, 147), 'window': None})>
2019-11-23 17:59:58,391 - BDM-WAM 1574531965.4432702 - INFO - <Event(4-MouseMotion {'rel': (133, 3), 'buttons': (0, 0, 0), 'pos': (636, 150), 'window': None})>
2019-11-23 17:59:58,444 - BDM-WAM 1574531965.4432702 - INFO - <Event(4-MouseMotion {'rel': (-22, 10), 'buttons': (0, 0, 0), 'pos': (614, 160), 'window': None})>
2019-11-23 17:59:58,462 - BDM-WAM 1574531965.4432702 - INFO - <Event(4-MouseMotion {'rel': (-111, 13), 'buttons': (0, 0, 0), 'pos': (503, 173), 'window': None})>
2019-11-23 17:59:58,479 - BDM-WAM 1574531965.4432702 - INFO - <Event(4-MouseMotion {'rel': (-193, 7), 'buttons': (0, 0, 0), 'pos': (310, 180), 'window': None})>
2019-11-23 17:59:58,497 - BDM-WAM 1574531965.4432702 - INFO - <Event(4-MouseMotion {'rel': (-260, -2), 'buttons': (0, 0, 0), 'pos': (50, 178), 'window': None})>
2019-11-23 17:59:58,535 - BDM-WAM 1574531965.4432702 - INFO - <Event(4-MouseMotion {'rel': (-50, -8), 'buttons': (0, 0, 0), 'pos': (0, 170), 'window': None})>
2019-11-23 17:59:58,540 - BDM-WAM 1574531965.4432702 - INFO - <Event(1-ActiveEvent {'gain': 0, 'state': 1})>
2019-11-23 17:59:58,827 - BDM-WAM 1574531965.4432702 - INFO - <Event(1-ActiveEvent {'gain': 1, 'state': 1})>
2019-11-23 17:59:58,827 - BDM-WAM 1574531965.4432702 - INFO - <Event(4-MouseMotion {'rel': (22, -74), 'buttons': (0, 0, 0), 'pos': (22, 96), 'window': None})>
2019-11-23 17:59:58,844 - BDM-WAM 1574531965.4432702 - INFO - <Event(4-MouseMotion {'rel': (16, 9), 'buttons': (0, 0, 0), 'pos': (38, 105), 'window': None})>
2019-11-23 17:59:58,861 - BDM-WAM 1574531965.4432702 - INFO - <Event(4-MouseMotion {'rel': (12, 6), 'buttons': (0, 0, 0), 'pos': (50, 111), 'window': None})>
2019-11-23 17:59:58,877 - BDM-WAM 1574531965.4432702 - INFO - <Event(4-MouseMotion {'rel': (10, 4), 'buttons': (0, 0, 0), 'pos': (60, 115), 'window': None})>
2019-11-23 17:59:58,894 - BDM-WAM 1574531965.4432702 - INFO - <Event(4-MouseMotion {'rel': (10, 3), 'buttons': (0, 0, 0), 'pos': (70, 118), 'window': None})>
2019-11-23 17:59:58,911 - BDM-WAM 1574531965.4432702 - INFO - <Event(4-MouseMotion {'rel': (6, 1), 'buttons': (0, 0, 0), 'pos': (76, 119), 'window': None})>
2019-11-23 17:59:58,928 - BDM-WAM 1574531965.4432702 - INFO - <Event(4-MouseMotion {'rel': (1, 1), 'buttons': (0, 0, 0), 'pos': (77, 120), 'window': None})>
2019-11-23 17:59:58,945 - BDM-WAM 1574531965.4432702 - INFO - <Event(4-MouseMotion {'rel': (3, 0), 'buttons': (0, 0, 0), 'pos': (80, 120), 'window': None})>
2019-11-23 17:59:58,963 - BDM-WAM 1574531965.4432702 - INFO - <Event(4-MouseMotion {'rel': (3, 0), 'buttons': (0, 0, 0), 'pos': (83, 120), 'window': None})>
2019-11-23 17:59:58,980 - BDM-WAM 1574531965.4432702 - INFO - <Event(4-MouseMotion {'rel': (2, 0), 'buttons': (0, 0, 0), 'pos': (85, 120), 'window': None})>
2019-11-23 17:59:58,996 - BDM-WAM 1574531965.4432702 - INFO - <Event(4-MouseMotion {'rel': (4, -2), 'buttons': (0, 0, 0), 'pos': (89, 118), 'window': None})>
2019-11-23 17:59:59,013 - BDM-WAM 1574531965.4432702 - INFO - <Event(4-MouseMotion {'rel': (8, -4), 'buttons': (0, 0, 0), 'pos': (97, 114), 'window': None})>
2019-11-23 17:59:59,030 - BDM-WAM 1574531965.4432702 - INFO - <Event(4-MouseMotion {'rel': (7, -4), 'buttons': (0, 0, 0), 'pos': (104, 110), 'window': None})>
2019-11-23 17:59:59,047 - BDM-WAM 1574531965.4432702 - INFO - <Event(4-MouseMotion {'rel': (4, -3), 'buttons': (0, 0, 0), 'pos': (108, 107), 'window': None})>
2019-11-23 17:59:59,064 - BDM-WAM 1574531965.4432702 - INFO - <Event(4-MouseMotion {'rel': (1, -1), 'buttons': (0, 0, 0), 'pos': (109, 106), 'window': None})>
2019-11-23 17:59:59,080 - BDM-WAM 1574531965.4432702 - INFO - <Event(4-MouseMotion {'rel': (0, -1), 'buttons': (0, 0, 0), 'pos': (109, 105), 'window': None})>
2019-11-23 17:59:59,097 - BDM-WAM 1574531965.4432702 - INFO - <Event(4-MouseMotion {'rel': (1, -1), 'buttons': (0, 0, 0), 'pos': (110, 104), 'window': None})>
2019-11-23 17:59:59,114 - BDM-WAM 1574531965.4432702 - INFO - <Event(4-MouseMotion {'rel': (2, -2), 'buttons': (0, 0, 0), 'pos': (112, 102), 'window': None})>
2019-11-23 17:59:59,131 - BDM-WAM 1574531965.4432702 - INFO - <Event(4-MouseMotion {'rel': (4, -4), 'buttons': (0, 0, 0), 'pos': (116, 98), 'window': None})>
2019-11-23 17:59:59,147 - BDM-WAM 1574531965.4432702 - INFO - <Event(4-MouseMotion {'rel': (5, -5), 'buttons': (0, 0, 0), 'pos': (121, 93), 'window': None})>
2019-11-23 17:59:59,164 - BDM-WAM 1574531965.4432702 - INFO - <Event(4-MouseMotion {'rel': (3, -4), 'buttons': (0, 0, 0), 'pos': (124, 89), 'window': None})>
2019-11-23 17:59:59,181 - BDM-WAM 1574531965.4432702 - INFO - <Event(4-MouseMotion {'rel': (2, -2), 'buttons': (0, 0, 0), 'pos': (126, 87), 'window': None})>
2019-11-23 17:59:59,233 - BDM-WAM 1574531965.4432702 - INFO - <Event(5-MouseButtonDown {'button': 1, 'pos': (126, 87), 'window': None})>
2019-11-23 17:59:59,233 - BDM-WAM 1574531965.4432702 - INFO - <Event(8-Pause {'reason': <bound method GameManager.pause of <game.GameManager object at 0x000001C858A43358>> })>
2019-11-23 18:00:00,993 - BDM-WAM 1574531965.4432702 - INFO - <Event(9.4-True Miss {'pos': (133,139),'distance: 103.24727599312246,'relative_loc: (38, 96),'window': None})>
2019-11-23 18:00:01,210 - BDM-WAM 1574531965.4432702 - INFO - <Event(3-KeyUp {'scancode': 46, 'key': 99, 'window': None, 'mod': 0})>
2019-11-23 18:00:01,419 - BDM-WAM 1574531965.4432702 - INFO - <Event(4-MouseMotion {'rel': (27, 13), 'buttons': (0, 0, 0), 'pos': (160, 152), 'window': None})>
2019-11-23 18:00:01,537 - BDM-WAM 1574531965.4432702 - INFO - <Event(4-MouseMotion {'rel': (0, 1), 'buttons': (0, 0, 0), 'pos': (160, 153), 'window': None})>
2019-11-23 18:00:01,605 - BDM-WAM 1574531965.4432702 - INFO - <Event(4-MouseMotion {'rel': (0, 1), 'buttons': (0, 0, 0), 'pos': (160, 154), 'window': None})>
2019-11-23 18:00:01,625 - BDM-WAM 1574531965.4432702 - INFO - <Event(4-MouseMotion {'rel': (3, 6), 'buttons': (0, 0, 0), 'pos': (163, 160), 'window': None})>
2019-11-23 18:00:01,641 - BDM-WAM 1574531965.4432702 - INFO - <Event(4-MouseMotion {'rel': (2, 3), 'buttons': (0, 0, 0), 'pos': (165, 163), 'window': None})>
2019-11-23 18:00:01,661 - BDM-WAM 1574531965.4432702 - INFO - <Event(4-MouseMotion {'rel': (1, 1), 'buttons': (0, 0, 0), 'pos': (166, 164), 'window': None})>
2019-11-23 18:00:01,833 - BDM-WAM 1574531965.4432702 - INFO - <Event(4-MouseMotion {'rel': (6, 1), 'buttons': (0, 0, 0), 'pos': (172, 165), 'window': None})>
2019-11-23 18:00:01,949 - BDM-WAM 1574531965.4432702 - INFO - <Event(4-MouseMotion {'rel': (13, 11), 'buttons': (0, 0, 0), 'pos': (185, 176), 'window': None})>
2019-11-23 18:00:02,052 - BDM-WAM 1574531965.4432702 - INFO - <Event(4-MouseMotion {'rel': (33, 30), 'buttons': (0, 0, 0), 'pos': (218, 206), 'window': None})>
2019-11-23 18:00:02,061 - BDM-WAM 1574531965.4432702 - INFO - <Event(4-MouseMotion {'rel': (2, 9), 'buttons': (0, 0, 0), 'pos': (220, 215), 'window': None})>
2019-11-23 18:00:02,075 - BDM-WAM 1574531965.4432702 - INFO - <Event(4-MouseMotion {'rel': (0, 17), 'buttons': (0, 0, 0), 'pos': (220, 232), 'window': None})>
2019-11-23 18:00:02,090 - BDM-WAM 1574531965.4432702 - INFO - <Event(4-MouseMotion {'rel': (-3, 20), 'buttons': (0, 0, 0), 'pos': (217, 252), 'window': None})>
2019-11-23 18:00:02,111 - BDM-WAM 1574531965.4432702 - INFO - <Event(4-MouseMotion {'rel': (-24, 50), 'buttons': (0, 0, 0), 'pos': (193, 302), 'window': None})>
2019-11-23 18:00:02,128 - BDM-WAM 1574531965.4432702 - INFO - <Event(4-MouseMotion {'rel': (-20, 51), 'buttons': (0, 0, 0), 'pos': (173, 353), 'window': None})>
2019-11-23 18:00:02,144 - BDM-WAM 1574531965.4432702 - INFO - <Event(4-MouseMotion {'rel': (-12, 34), 'buttons': (0, 0, 0), 'pos': (161, 387), 'window': None})>
2019-11-23 18:00:02,160 - BDM-WAM 1574531965.4432702 - INFO - <Event(4-MouseMotion {'rel': (-8, 13), 'buttons': (0, 0, 0), 'pos': (153, 400), 'window': None})>
2019-11-23 18:00:02,176 - BDM-WAM 1574531965.4432702 - INFO - <Event(4-MouseMotion {'rel': (-4, 5), 'buttons': (0, 0, 0), 'pos': (149, 405), 'window': None})>
2019-11-23 18:00:02,193 - BDM-WAM 1574531965.4432702 - INFO - <Event(4-MouseMotion {'rel': (0, 1), 'buttons': (0, 0, 0), 'pos': (149, 406), 'window': None})>
2019-11-23 18:00:02,244 - BDM-WAM 1574531965.4432702 - INFO - <Event(4-MouseMotion {'rel': (-1, 0), 'buttons': (0, 0, 0), 'pos': (148, 406), 'window': None})>
2019-11-23 18:00:02,463 - BDM-WAM 1574531965.4432702 - INFO - <Event(5-MouseButtonDown {'button': 1, 'pos': (148, 406), 'window': None})>
2019-11-23 18:00:02,463 - BDM-WAM 1574531965.4432702 - INFO - <Event(8-Pause {'reason': <bound method GameManager.pause of <game.GameManager object at 0x000001C858A43358>> })>
2019-11-23 18:00:03,458 - BDM-WAM 1574531965.4432702 - INFO - <Event(7-Rate {'': hit_conf54 })>
2019-11-23 18:00:03,647 - BDM-WAM 1574531965.4432702 - INFO - <Event(7-Rate {'': reward_conf54 })>
2019-11-23 18:00:03,837 - BDM-WAM 1574531965.4432702 - INFO - <Event(7-Rate {'': player_skill54 })>
2019-11-23 18:00:03,837 - BDM-WAM 1574531965.4432702 - INFO - <Event(9.1-True Hit {'pos': (148,406),'distance: 49.4064773081425,'relative_loc: (29, 40),'window': None})>
2019-11-23 18:00:03,982 - BDM-WAM 1574531965.4432702 - INFO - <Event(3-KeyUp {'scancode': 7, 'key': 54, 'window': None, 'mod': 0})>
2019-11-23 18:00:03,982 - BDM-WAM 1574531965.4432702 - INFO - <Event(4-MouseMotion {'rel': (80, 52), 'buttons': (0, 0, 0), 'pos': (222, 461), 'window': None})>
2019-11-23 18:00:03,989 - BDM-WAM 1574531965.4432702 - INFO - <Event(4-MouseMotion {'rel': (4, 3), 'buttons': (0, 0, 0), 'pos': (226, 464), 'window': None})>
2019-11-23 18:00:04,004 - BDM-WAM 1574531965.4432702 - INFO - <Event(4-MouseMotion {'rel': (4, 1), 'buttons': (0, 0, 0), 'pos': (230, 465), 'window': None})>
2019-11-23 18:00:04,020 - BDM-WAM 1574531965.4432702 - INFO - <Event(4-MouseMotion {'rel': (2, 1), 'buttons': (0, 0, 0), 'pos': (232, 466), 'window': None})>
2019-11-23 18:00:04,037 - BDM-WAM 1574531965.4432702 - INFO - <Event(4-MouseMotion {'rel': (2, 0), 'buttons': (0, 0, 0), 'pos': (234, 466), 'window': None})>
2019-11-23 18:00:04,055 - BDM-WAM 1574531965.4432702 - INFO - <Event(4-MouseMotion {'rel': (9, 0), 'buttons': (0, 0, 0), 'pos': (243, 466), 'window': None})>
2019-11-23 18:00:04,071 - BDM-WAM 1574531965.4432702 - INFO - <Event(4-MouseMotion {'rel': (31, 5), 'buttons': (0, 0, 0), 'pos': (274, 471), 'window': None})>
2019-11-23 18:00:04,088 - BDM-WAM 1574531965.4432702 - INFO - <Event(4-MouseMotion {'rel': (47, 7), 'buttons': (0, 0, 0), 'pos': (321, 478), 'window': None})>
2019-11-23 18:00:04,105 - BDM-WAM 1574531965.4432702 - INFO - <Event(4-MouseMotion {'rel': (42, 7), 'buttons': (0, 0, 0), 'pos': (363, 485), 'window': None})>
2019-11-23 18:00:04,123 - BDM-WAM 1574531965.4432702 - INFO - <Event(4-MouseMotion {'rel': (39, 7), 'buttons': (0, 0, 0), 'pos': (402, 492), 'window': None})>
2019-11-23 18:00:04,140 - BDM-WAM 1574531965.4432702 - INFO - <Event(4-MouseMotion {'rel': (12, 1), 'buttons': (0, 0, 0), 'pos': (414, 493), 'window': None})>
2019-11-23 18:00:04,258 - BDM-WAM 1574531965.4432702 - INFO - <Event(4-MouseMotion {'rel': (-22, 8), 'buttons': (0, 0, 0), 'pos': (392, 501), 'window': None})>
2019-11-23 18:00:04,361 - BDM-WAM 1574531965.4432702 - INFO - <Event(4-MouseMotion {'rel': (-18, 4), 'buttons': (0, 0, 0), 'pos': (374, 505), 'window': None})>
2019-11-23 18:00:04,564 - BDM-WAM 1574531965.4432702 - INFO - <Event(4-MouseMotion {'rel': (-27, 16), 'buttons': (0, 0, 0), 'pos': (347, 521), 'window': None})>
2019-11-23 18:00:04,580 - BDM-WAM 1574531965.4432702 - INFO - <Event(4-MouseMotion {'rel': (-1, 0), 'buttons': (0, 0, 0), 'pos': (346, 521), 'window': None})>
2019-11-23 18:00:04,632 - BDM-WAM 1574531965.4432702 - INFO - <Event(4-MouseMotion {'rel': (-4, -7), 'buttons': (0, 0, 0), 'pos': (342, 514), 'window': None})>
2019-11-23 18:00:04,648 - BDM-WAM 1574531965.4432702 - INFO - <Event(4-MouseMotion {'rel': (-12, -34), 'buttons': (0, 0, 0), 'pos': (330, 480), 'window': None})>
2019-11-23 18:00:04,666 - BDM-WAM 1574531965.4432702 - INFO - <Event(4-MouseMotion {'rel': (-4, -32), 'buttons': (0, 0, 0), 'pos': (326, 448), 'window': None})>
2019-11-23 18:00:04,682 - BDM-WAM 1574531965.4432702 - INFO - <Event(4-MouseMotion {'rel': (1, -25), 'buttons': (0, 0, 0), 'pos': (327, 423), 'window': None})>
2019-11-23 18:00:04,699 - BDM-WAM 1574531965.4432702 - INFO - <Event(4-MouseMotion {'rel': (14, -21), 'buttons': (0, 0, 0), 'pos': (341, 402), 'window': None})>
2019-11-23 18:00:04,717 - BDM-WAM 1574531965.4432702 - INFO - <Event(4-MouseMotion {'rel': (17, -18), 'buttons': (0, 0, 0), 'pos': (358, 384), 'window': None})>
2019-11-23 18:00:04,733 - BDM-WAM 1574531965.4432702 - INFO - <Event(4-MouseMotion {'rel': (11, -11), 'buttons': (0, 0, 0), 'pos': (369, 373), 'window': None})>
2019-11-23 18:00:04,751 - BDM-WAM 1574531965.4432702 - INFO - <Event(4-MouseMotion {'rel': (7, -7), 'buttons': (0, 0, 0), 'pos': (376, 366), 'window': None})>
2019-11-23 18:00:04,866 - BDM-WAM 1574531965.4432702 - INFO - <Event(4-MouseMotion {'rel': (68, -22), 'buttons': (0, 0, 0), 'pos': (444, 344), 'window': None})>
2019-11-23 18:00:05,010 - BDM-WAM 1574531965.4432702 - INFO - <Event(4-MouseMotion {'rel': (37, 3), 'buttons': (0, 0, 0), 'pos': (481, 347), 'window': None})>
2019-11-23 18:00:05,118 - BDM-WAM 1574531965.4432702 - INFO - <Event(4-MouseMotion {'rel': (95, -62), 'buttons': (0, 0, 0), 'pos': (576, 285), 'window': None})>
2019-11-23 18:00:05,124 - BDM-WAM 1574531965.4432702 - INFO - <Event(4-MouseMotion {'rel': (9, -8), 'buttons': (0, 0, 0), 'pos': (585, 277), 'window': None})>
2019-11-23 18:00:05,137 - BDM-WAM 1574531965.4432702 - INFO - <Event(4-MouseMotion {'rel': (25, -13), 'buttons': (0, 0, 0), 'pos': (610, 264), 'window': None})>
2019-11-23 18:00:05,155 - BDM-WAM 1574531965.4432702 - INFO - <Event(4-MouseMotion {'rel': (29, -15), 'buttons': (0, 0, 0), 'pos': (639, 249), 'window': None})>
2019-11-23 18:00:05,171 - BDM-WAM 1574531965.4432702 - INFO - <Event(4-MouseMotion {'rel': (13, -6), 'buttons': (0, 0, 0), 'pos': (652, 243), 'window': None})>
2019-11-23 18:00:05,187 - BDM-WAM 1574531965.4432702 - INFO - <Event(4-MouseMotion {'rel': (4, -2), 'buttons': (0, 0, 0), 'pos': (656, 241), 'window': None})>
2019-11-23 18:00:05,238 - BDM-WAM 1574531965.4432702 - INFO - <Event(4-MouseMotion {'rel': (2, 0), 'buttons': (0, 0, 0), 'pos': (658, 241), 'window': None})>
2019-11-23 18:00:05,255 - BDM-WAM 1574531965.4432702 - INFO - <Event(4-MouseMotion {'rel': (9, 4), 'buttons': (0, 0, 0), 'pos': (667, 245), 'window': None})>
2019-11-23 18:00:05,272 - BDM-WAM 1574531965.4432702 - INFO - <Event(4-MouseMotion {'rel': (6, 4), 'buttons': (0, 0, 0), 'pos': (673, 249), 'window': None})>
2019-11-23 18:00:05,289 - BDM-WAM 1574531965.4432702 - INFO - <Event(4-MouseMotion {'rel': (3, 1), 'buttons': (0, 0, 0), 'pos': (676, 250), 'window': None})>
2019-11-23 18:00:05,307 - BDM-WAM 1574531965.4432702 - INFO - <Event(4-MouseMotion {'rel': (2, 2), 'buttons': (0, 0, 0), 'pos': (678, 252), 'window': None})>
2019-11-23 18:00:05,323 - BDM-WAM 1574531965.4432702 - INFO - <Event(4-MouseMotion {'rel': (1, 0), 'buttons': (0, 0, 0), 'pos': (679, 252), 'window': None})>
2019-11-23 18:00:05,340 - BDM-WAM 1574531965.4432702 - INFO - <Event(4-MouseMotion {'rel': (4, 3), 'buttons': (0, 0, 0), 'pos': (683, 255), 'window': None})>
2019-11-23 18:00:05,358 - BDM-WAM 1574531965.4432702 - INFO - <Event(4-MouseMotion {'rel': (4, 6), 'buttons': (0, 0, 0), 'pos': (687, 261), 'window': None})>
2019-11-23 18:00:05,374 - BDM-WAM 1574531965.4432702 - INFO - <Event(4-MouseMotion {'rel': (4, 7), 'buttons': (0, 0, 0), 'pos': (691, 268), 'window': None})>
2019-11-23 18:00:05,392 - BDM-WAM 1574531965.4432702 - INFO - <Event(4-MouseMotion {'rel': (2, 2), 'buttons': (0, 0, 0), 'pos': (693, 270), 'window': None})>
2019-11-23 18:00:05,445 - BDM-WAM 1574531965.4432702 - INFO - <Event(4-MouseMotion {'rel': (1, 0), 'buttons': (0, 0, 0), 'pos': (694, 270), 'window': None})>
2019-11-23 18:00:05,513 - BDM-WAM 1574531965.4432702 - INFO - <Event(5-MouseButtonDown {'button': 1, 'pos': (694, 270), 'window': None})>
2019-11-23 18:00:05,514 - BDM-WAM 1574531965.4432702 - INFO - <Event(9.1-True Hit {'pos': (695,270),'distance: 53.03772242470448,'relative_loc: (37, 38),'window': None})>
2019-11-23 18:00:05,514 - BDM-WAM 1574531965.4432702 - INFO - <Event(4-MouseMotion {'rel': (1, 0), 'buttons': (1, 0, 0), 'pos': (695, 270), 'window': None})>
2019-11-23 18:00:05,649 - BDM-WAM 1574531965.4432702 - INFO - <Event(6-MouseButtonUp {'button': 1, 'pos': (695, 270), 'window': None})>
2019-11-23 18:00:06,268 - BDM-WAM 1574531965.4432702 - INFO - <Event(4-MouseMotion {'rel': (0, 1), 'buttons': (0, 0, 0), 'pos': (695, 271), 'window': None})>
2019-11-23 18:00:06,422 - BDM-WAM 1574531965.4432702 - INFO - <Event(4-MouseMotion {'rel': (-5, 4), 'buttons': (0, 0, 0), 'pos': (690, 275), 'window': None})>
2019-11-23 18:00:06,438 - BDM-WAM 1574531965.4432702 - INFO - <Event(4-MouseMotion {'rel': (-4, 4), 'buttons': (0, 0, 0), 'pos': (686, 279), 'window': None})>
2019-11-23 18:00:06,560 - BDM-WAM 1574531965.4432702 - INFO - <Event(4-MouseMotion {'rel': (-85, 57), 'buttons': (0, 0, 0), 'pos': (601, 336), 'window': None})>
2019-11-23 18:00:06,692 - BDM-WAM 1574531965.4432702 - INFO - <Event(4-MouseMotion {'rel': (-45, -49), 'buttons': (0, 0, 0), 'pos': (556, 287), 'window': None})>
2019-11-23 18:00:06,804 - BDM-WAM 1574531965.4432702 - INFO - <Event(4-MouseMotion {'rel': (-60, -61), 'buttons': (0, 0, 0), 'pos': (496, 226), 'window': None})>
2019-11-23 18:00:06,812 - BDM-WAM 1574531965.4432702 - INFO - <Event(4-MouseMotion {'rel': (-15, -8), 'buttons': (0, 0, 0), 'pos': (481, 218), 'window': None})>
2019-11-23 18:00:06,827 - BDM-WAM 1574531965.4432702 - INFO - <Event(4-MouseMotion {'rel': (-22, -9), 'buttons': (0, 0, 0), 'pos': (459, 209), 'window': None})>
2019-11-23 18:00:06,846 - BDM-WAM 1574531965.4432702 - INFO - <Event(4-MouseMotion {'rel': (-8, -4), 'buttons': (0, 0, 0), 'pos': (451, 205), 'window': None})>
2019-11-23 18:00:06,949 - BDM-WAM 1574531965.4432702 - INFO - <Event(4-MouseMotion {'rel': (10, -3), 'buttons': (0, 0, 0), 'pos': (461, 202), 'window': None})>
2019-11-23 18:00:06,965 - BDM-WAM 1574531965.4432702 - INFO - <Event(4-MouseMotion {'rel': (30, 7), 'buttons': (0, 0, 0), 'pos': (491, 209), 'window': None})>
2019-11-23 18:00:06,982 - BDM-WAM 1574531965.4432702 - INFO - <Event(4-MouseMotion {'rel': (66, 32), 'buttons': (0, 0, 0), 'pos': (557, 241), 'window': None})>
2019-11-23 18:00:06,999 - BDM-WAM 1574531965.4432702 - INFO - <Event(4-MouseMotion {'rel': (42, 28), 'buttons': (0, 0, 0), 'pos': (599, 269), 'window': None})>
2019-11-23 18:00:07,015 - BDM-WAM 1574531965.4432702 - INFO - <Event(4-MouseMotion {'rel': (22, 19), 'buttons': (0, 0, 0), 'pos': (621, 288), 'window': None})>
2019-11-23 18:00:07,033 - BDM-WAM 1574531965.4432702 - INFO - <Event(4-MouseMotion {'rel': (11, 12), 'buttons': (0, 0, 0), 'pos': (632, 300), 'window': None})>
2019-11-23 18:00:07,049 - BDM-WAM 1574531965.4432702 - INFO - <Event(4-MouseMotion {'rel': (2, 2), 'buttons': (0, 0, 0), 'pos': (634, 302), 'window': None})>
2019-11-23 18:00:07,167 - BDM-WAM 1574531965.4432702 - INFO - <Event(4-MouseMotion {'rel': (1, 0), 'buttons': (0, 0, 0), 'pos': (635, 302), 'window': None})>
2019-11-23 18:00:07,185 - BDM-WAM 1574531965.4432702 - INFO - <Event(4-MouseMotion {'rel': (23, -2), 'buttons': (0, 0, 0), 'pos': (658, 300), 'window': None})>
2019-11-23 18:00:07,201 - BDM-WAM 1574531965.4432702 - INFO - <Event(4-MouseMotion {'rel': (15, -3), 'buttons': (0, 0, 0), 'pos': (673, 297), 'window': None})>
2019-11-23 18:00:07,219 - BDM-WAM 1574531965.4432702 - INFO - <Event(4-MouseMotion {'rel': (6, -2), 'buttons': (0, 0, 0), 'pos': (679, 295), 'window': None})>
2019-11-23 18:00:07,235 - BDM-WAM 1574531965.4432702 - INFO - <Event(4-MouseMotion {'rel': (1, -1), 'buttons': (0, 0, 0), 'pos': (680, 294), 'window': None})>
2019-11-23 18:00:07,252 - BDM-WAM 1574531965.4432702 - INFO - <Event(4-MouseMotion {'rel': (1, -1), 'buttons': (0, 0, 0), 'pos': (681, 293), 'window': None})>
2019-11-23 18:00:07,269 - BDM-WAM 1574531965.4432702 - INFO - <Event(4-MouseMotion {'rel': (1, -1), 'buttons': (0, 0, 0), 'pos': (682, 292), 'window': None})>
2019-11-23 18:00:07,286 - BDM-WAM 1574531965.4432702 - INFO - <Event(4-MouseMotion {'rel': (3, -3), 'buttons': (0, 0, 0), 'pos': (685, 289), 'window': None})>
2019-11-23 18:00:07,304 - BDM-WAM 1574531965.4432702 - INFO - <Event(4-MouseMotion {'rel': (3, -4), 'buttons': (0, 0, 0), 'pos': (688, 285), 'window': None})>
2019-11-23 18:00:07,320 - BDM-WAM 1574531965.4432702 - INFO - <Event(4-MouseMotion {'rel': (3, -4), 'buttons': (0, 0, 0), 'pos': (691, 281), 'window': None})>
2019-11-23 18:00:07,337 - BDM-WAM 1574531965.4432702 - INFO - <Event(4-MouseMotion {'rel': (3, -5), 'buttons': (0, 0, 0), 'pos': (694, 276), 'window': None})>
2019-11-23 18:00:07,355 - BDM-WAM 1574531965.4432702 - INFO - <Event(4-MouseMotion {'rel': (2, -4), 'buttons': (0, 0, 0), 'pos': (696, 272), 'window': None})>
2019-11-23 18:00:07,371 - BDM-WAM 1574531965.4432702 - INFO - <Event(4-MouseMotion {'rel': (1, -1), 'buttons': (0, 0, 0), 'pos': (697, 271), 'window': None})>
2019-11-23 18:00:07,388 - BDM-WAM 1574531965.4432702 - INFO - <Event(4-MouseMotion {'rel': (0, -1), 'buttons': (0, 0, 0), 'pos': (697, 270), 'window': None})>
2019-11-23 18:00:07,405 - BDM-WAM 1574531965.4432702 - INFO - <Event(4-MouseMotion {'rel': (1, 0), 'buttons': (0, 0, 0), 'pos': (698, 270), 'window': None})>
2019-11-23 18:00:07,439 - BDM-WAM 1574531965.4432702 - INFO - <Event(5-MouseButtonDown {'button': 1, 'pos': (698, 270), 'window': None})>
2019-11-23 18:00:07,440 - BDM-WAM 1574531965.4432702 - INFO - <Event(8-Pause {'reason': <bound method GameManager.pause of <game.GameManager object at 0x000001C858A43358>> })>
2019-11-23 18:00:08,937 - BDM-WAM 1574531965.4432702 - INFO - <Event(7-Rate {'': hit_conf55 })>
2019-11-23 18:00:09,118 - BDM-WAM 1574531965.4432702 - INFO - <Event(7-Rate {'': reward_conf55 })>
2019-11-23 18:00:09,298 - BDM-WAM 1574531965.4432702 - INFO - <Event(7-Rate {'': player_skill55 })>
2019-11-23 18:00:09,298 - BDM-WAM 1574531965.4432702 - INFO - <Event(9.1-True Hit {'pos': (698,270),'distance: 55.17245689653489,'relative_loc: (40, 38),'window': None})>
2019-11-23 18:00:09,411 - BDM-WAM 1574531965.4432702 - INFO - <Event(3-KeyUp {'scancode': 8, 'key': 55, 'window': None, 'mod': 0})>
2019-11-23 18:00:09,503 - BDM-WAM 1574531965.4432702 - INFO - <Event(4-MouseMotion {'rel': (-1, 0), 'buttons': (0, 0, 0), 'pos': (671, 290), 'window': None})>
2019-11-23 18:00:09,521 - BDM-WAM 1574531965.4432702 - INFO - <Event(4-MouseMotion {'rel': (-4, 2), 'buttons': (0, 0, 0), 'pos': (667, 292), 'window': None})>
2019-11-23 18:00:09,537 - BDM-WAM 1574531965.4432702 - INFO - <Event(4-MouseMotion {'rel': (-4, 2), 'buttons': (0, 0, 0), 'pos': (663, 294), 'window': None})>
2019-11-23 18:00:09,554 - BDM-WAM 1574531965.4432702 - INFO - <Event(4-MouseMotion {'rel': (-4, 1), 'buttons': (0, 0, 0), 'pos': (659, 295), 'window': None})>
2019-11-23 18:00:09,572 - BDM-WAM 1574531965.4432702 - INFO - <Event(4-MouseMotion {'rel': (-2, 1), 'buttons': (0, 0, 0), 'pos': (657, 296), 'window': None})>
2019-11-23 18:00:09,589 - BDM-WAM 1574531965.4432702 - INFO - <Event(4-MouseMotion {'rel': (-4, 2), 'buttons': (0, 0, 0), 'pos': (653, 298), 'window': None})>
2019-11-23 18:00:09,605 - BDM-WAM 1574531965.4432702 - INFO - <Event(4-MouseMotion {'rel': (-5, 3), 'buttons': (0, 0, 0), 'pos': (648, 301), 'window': None})>
2019-11-23 18:00:09,724 - BDM-WAM 1574531965.4432702 - INFO - <Event(4-MouseMotion {'rel': (-34, 12), 'buttons': (0, 0, 0), 'pos': (614, 313), 'window': None})>
2019-11-23 18:00:10,462 - BDM-WAM 1574531965.4432702 - INFO - <Event(2-KeyDown {'scancode': 25, 'key': 112, 'window': None, 'mod': 0, 'unicode': 'p'})>
2019-11-23 18:00:10,463 - BDM-WAM 1574531965.4432702 - INFO - <Event(8-Pause {'reason': <bound method GameManager.pause of <game.GameManager object at 0x000001C858A43358>> })>
2019-11-23 18:00:10,812 - BDM-WAM 1574531965.4432702 - INFO - ************* HAPPY ANALYSING... LOG COMPLETE!!! ************* 
